Execute pipeline with following supplementary args: --smtpPort 25 --listenerMode NOOP --launcherMode FAULT_LOCALIZATION  --gitrepourl https://github.com/apache/rocketmq --gitrepopullrequest 4553
java -cp /usr/local/openjdk-11/lib/tools.jar:repairnator-pipeline.jar -Dlogback.configurationFile=/root/logback.xml fr.inria.spirals.repairnator.pipeline.Launcher -d --runId null -o /var/log --ghOauth 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 --faultLocalization --flacocoThreshold 0.0 --flacocoTopK null --flacocoResultsRepository flacocobot/2022-flacocobot-experiment --ghOauth  --smtpPort 25 --listenerMode NOOP --launcherMode FAULT_LOCALIZATION  --gitrepourl https://github.com/apache/rocketmq --gitrepopullrequest 4553

14:34:23.931 [main] INFO  f.i.s.r.p.g.GithubInitSerializerEngines - Initialize file serializer engines.
14:34:23.932 [main] INFO  f.i.s.r.p.g.GithubInitSerializerEngines - MongoDB won't be used for serialization.
14:34:23.932 [main] INFO  f.i.s.r.p.github.GithubInitNotifiers - The email notifier engine won't be used.
14:34:23.950 [main] INFO  f.i.s.r.p.i.ProjectInspector - ----------------------------------------------------------------------
14:34:23.951 [main] INFO  f.i.s.r.p.i.ProjectInspector - PIPELINE STEPS
14:34:23.951 [main] INFO  f.i.s.r.p.i.ProjectInspector - ----------------------------------------------------------------------
14:34:23.951 [main] INFO  f.i.s.r.p.i.ProjectInspector - CloneCheckoutGitPullRequest
14:34:23.951 [main] INFO  f.i.s.r.p.i.ProjectInspector - BuildProject
14:34:23.951 [main] INFO  f.i.s.r.p.i.ProjectInspector - TestProject
14:34:23.951 [main] INFO  f.i.s.r.p.i.ProjectInspector - ComputeClasspath
14:34:23.951 [main] INFO  f.i.s.r.p.i.ProjectInspector - ComputeSourceDir
14:34:23.951 [main] INFO  f.i.s.r.p.i.ProjectInspector - ComputeTestDir
14:34:23.951 [main] INFO  f.i.s.r.p.i.ProjectInspector - GatherTestInformation
14:34:23.951 [main] INFO  f.i.s.r.p.i.ProjectInspector - FlacocoLocalization
14:34:23.951 [main] INFO  f.i.s.r.p.i.ProjectInspector - PushFaultLocalizationSuggestionsOnGitHubRepository
14:34:23.951 [main] INFO  f.i.s.r.p.s.CloneCheckoutGitPullRequest - Cloning repository https://github.com/apache/rocketmq.git in the following directory: ./workspace/apache-rocketmq-master-4553_repo
14:34:52.899 [Thread-8] ERROR f.i.s.r.p.m.output.MavenErrorHandler - RocketMQLog:ERROR Attempted to append to closed appender named [null].
14:34:52.899 [Thread-8] ERROR f.i.s.r.p.m.output.MavenErrorHandler - RocketMQLog:ERROR Attempted to append to closed appender named [null].
14:34:52.899 [Thread-8] ERROR f.i.s.r.p.m.output.MavenErrorHandler - RocketMQLog: setFile called: /root/logs/rocketmq-test/simple.log, true
14:34:52.899 [Thread-8] ERROR f.i.s.r.p.m.output.MavenErrorHandler - RocketMQLog: setFile ended
14:34:52.899 [Thread-8] ERROR f.i.s.r.p.m.output.MavenErrorHandler - RocketMQLog: setFile called: /root/logs/rocketmq-test/rolling_file.log, true
14:34:52.899 [Thread-8] ERROR f.i.s.r.p.m.output.MavenErrorHandler - RocketMQLog: setFile ended
14:34:52.901 [Thread-8] ERROR f.i.s.r.p.m.output.MavenErrorHandler - RocketMQLog:ERROR Attempted to append to closed appender named [null].
14:34:52.902 [Thread-8] ERROR f.i.s.r.p.m.output.MavenErrorHandler - RocketMQLog:ERROR Attempted to append to closed appender named [null].
14:34:52.902 [Thread-8] ERROR f.i.s.r.p.m.output.MavenErrorHandler - RocketMQLog:ERROR Attempted to append to closed appender named [null].
14:34:52.902 [Thread-8] ERROR f.i.s.r.p.m.output.MavenErrorHandler - RocketMQLog:ERROR Attempted to append to closed appender named [null].
14:34:52.902 [Thread-8] ERROR f.i.s.r.p.m.output.MavenErrorHandler - RocketMQLog:ERROR Attempted to append to closed appender named [null].
14:34:52.902 [Thread-8] ERROR f.i.s.r.p.m.output.MavenErrorHandler - RocketMQLog:ERROR Attempted to append to closed appender named [null].
14:34:52.902 [Thread-8] ERROR f.i.s.r.p.m.output.MavenErrorHandler - RocketMQLog:ERROR Attempted to append to closed appender named [null].
14:34:52.902 [Thread-8] ERROR f.i.s.r.p.m.output.MavenErrorHandler - RocketMQLog:ERROR Attempted to append to closed appender named [null].
14:34:52.902 [Thread-8] ERROR f.i.s.r.p.m.output.MavenErrorHandler - RocketMQLog:ERROR Attempted to append to closed appender named [null].
14:34:52.902 [Thread-8] ERROR f.i.s.r.p.m.output.MavenErrorHandler - RocketMQLog:ERROR Attempted to append to closed appender named [null].
14:34:52.903 [Thread-8] ERROR f.i.s.r.p.m.output.MavenErrorHandler - RocketMQLog:ERROR Attempted to append to closed appender named [null].
14:34:52.904 [Thread-8] ERROR f.i.s.r.p.m.output.MavenErrorHandler - RocketMQLog:ERROR Attempted to append to closed appender named [null].
14:34:52.904 [Thread-8] ERROR f.i.s.r.p.m.output.MavenErrorHandler - RocketMQLog:ERROR Attempted to append to closed appender named [null].
14:34:52.904 [Thread-8] ERROR f.i.s.r.p.m.output.MavenErrorHandler - RocketMQLog:ERROR Attempted to append to closed appender named [null].
14:34:52.904 [Thread-8] ERROR f.i.s.r.p.m.output.MavenErrorHandler - RocketMQLog:ERROR Attempted to append to closed appender named [null].
14:34:53.712 [Thread-8] ERROR f.i.s.r.p.m.output.MavenErrorHandler - RocketMQLog:WARN No appenders could be found for logger (io.netty.util.internal.InternalThreadLocalMap).
14:34:53.712 [Thread-8] ERROR f.i.s.r.p.m.output.MavenErrorHandler - RocketMQLog:WARN Please initialize the logger system properly.
14:34:58.578 [Thread-8] ERROR f.i.s.r.p.m.output.MavenErrorHandler - RocketMQLog:WARN No appenders could be found for logger (RocketmqCommon).
14:34:58.579 [Thread-8] ERROR f.i.s.r.p.m.output.MavenErrorHandler - RocketMQLog:WARN Please initialize the logger system properly.
14:35:41.241 [Thread-8] ERROR f.i.s.r.p.m.output.MavenErrorHandler - Exception in thread "Thread-73" java.lang.IllegalStateException: The consumer not running, please start it first.
14:35:41.241 [Thread-8] ERROR f.i.s.r.p.m.output.MavenErrorHandler - 	at org.apache.rocketmq.client.impl.consumer.DefaultLitePullConsumerImpl.checkServiceState(DefaultLitePullConsumerImpl.java:199)
14:35:41.241 [Thread-8] ERROR f.i.s.r.p.m.output.MavenErrorHandler - 	at org.apache.rocketmq.client.impl.consumer.DefaultLitePullConsumerImpl.poll(DefaultLitePullConsumerImpl.java:537)
14:35:41.241 [Thread-8] ERROR f.i.s.r.p.m.output.MavenErrorHandler - 	at org.apache.rocketmq.client.consumer.DefaultLitePullConsumer.poll(DefaultLitePullConsumer.java:281)
14:35:41.241 [Thread-8] ERROR f.i.s.r.p.m.output.MavenErrorHandler - 	at org.apache.rocketmq.client.consumer.DefaultLitePullConsumerTest$AsyncConsumer$1.run(DefaultLitePullConsumerTest.java:576)
14:35:41.241 [Thread-8] ERROR f.i.s.r.p.m.output.MavenErrorHandler - 	at java.base/java.lang.Thread.run(Thread.java:834)
14:35:57.442 [Thread-8] ERROR f.i.s.r.p.m.output.MavenErrorHandler - org.apache.rocketmq.client.exception.MQClientException: message's topic not equal mq's topic
14:35:57.442 [Thread-8] ERROR f.i.s.r.p.m.output.MavenErrorHandler - For more information, please visit the url, http://rocketmq.apache.org/docs/faq/
14:35:57.442 [Thread-8] ERROR f.i.s.r.p.m.output.MavenErrorHandler - 	at org.apache.rocketmq.client.impl.producer.DefaultMQProducerImpl$4.run(DefaultMQProducerImpl.java:1063)
14:35:57.442 [Thread-8] ERROR f.i.s.r.p.m.output.MavenErrorHandler - 	at org.apache.rocketmq.client.impl.producer.DefaultMQProducerImpl.send(DefaultMQProducerImpl.java:1084)
14:35:57.442 [Thread-8] ERROR f.i.s.r.p.m.output.MavenErrorHandler - 	at org.apache.rocketmq.client.producer.DefaultMQProducer.send(DefaultMQProducer.java:952)
14:35:57.442 [Thread-8] ERROR f.i.s.r.p.m.output.MavenErrorHandler - 	at org.apache.rocketmq.client.producer.DefaultMQProducerTest.testBatchSendMessageAsync(DefaultMQProducerTest.java:273)
14:35:57.442 [Thread-8] ERROR f.i.s.r.p.m.output.MavenErrorHandler - 	at java.base/jdk.internal.reflect.NativeMethodAccessorImpl.invoke0(Native Method)
14:35:57.442 [Thread-8] ERROR f.i.s.r.p.m.output.MavenErrorHandler - 	at java.base/jdk.internal.reflect.NativeMethodAccessorImpl.invoke(NativeMethodAccessorImpl.java:62)
14:35:57.442 [Thread-8] ERROR f.i.s.r.p.m.output.MavenErrorHandler - 	at java.base/jdk.internal.reflect.DelegatingMethodAccessorImpl.invoke(DelegatingMethodAccessorImpl.java:43)
14:35:57.442 [Thread-8] ERROR f.i.s.r.p.m.output.MavenErrorHandler - 	at java.base/java.lang.reflect.Method.invoke(Method.java:566)
14:35:57.442 [Thread-8] ERROR f.i.s.r.p.m.output.MavenErrorHandler - 	at org.junit.runners.model.FrameworkMethod$1.runReflectiveCall(FrameworkMethod.java:59)
14:35:57.442 [Thread-8] ERROR f.i.s.r.p.m.output.MavenErrorHandler - 	at org.junit.internal.runners.model.ReflectiveCallable.run(ReflectiveCallable.java:12)
14:35:57.443 [Thread-8] ERROR f.i.s.r.p.m.output.MavenErrorHandler - 	at org.junit.runners.model.FrameworkMethod.invokeExplosively(FrameworkMethod.java:56)
14:35:57.443 [Thread-8] ERROR f.i.s.r.p.m.output.MavenErrorHandler - 	at org.junit.internal.runners.statements.InvokeMethod.evaluate(InvokeMethod.java:17)
14:35:57.443 [Thread-8] ERROR f.i.s.r.p.m.output.MavenErrorHandler - 	at org.junit.internal.runners.statements.RunBefores.evaluate(RunBefores.java:26)
14:35:57.443 [Thread-8] ERROR f.i.s.r.p.m.output.MavenErrorHandler - 	at org.mockito.internal.runners.DefaultInternalRunner$1$1.evaluate(DefaultInternalRunner.java:55)
14:35:57.443 [Thread-8] ERROR f.i.s.r.p.m.output.MavenErrorHandler - 	at org.junit.internal.runners.statements.RunAfters.evaluate(RunAfters.java:27)
14:35:57.443 [Thread-8] ERROR f.i.s.r.p.m.output.MavenErrorHandler - 	at org.junit.runners.ParentRunner$3.evaluate(ParentRunner.java:306)
14:35:57.443 [Thread-8] ERROR f.i.s.r.p.m.output.MavenErrorHandler - 	at org.junit.runners.BlockJUnit4ClassRunner$1.evaluate(BlockJUnit4ClassRunner.java:100)
14:35:57.443 [Thread-8] ERROR f.i.s.r.p.m.output.MavenErrorHandler - 	at org.junit.runners.ParentRunner.runLeaf(ParentRunner.java:366)
14:35:57.443 [Thread-8] ERROR f.i.s.r.p.m.output.MavenErrorHandler - 	at org.junit.runners.BlockJUnit4ClassRunner.runChild(BlockJUnit4ClassRunner.java:103)
14:35:57.443 [Thread-8] ERROR f.i.s.r.p.m.output.MavenErrorHandler - 	at org.junit.runners.BlockJUnit4ClassRunner.runChild(BlockJUnit4ClassRunner.java:63)
14:35:57.443 [Thread-8] ERROR f.i.s.r.p.m.output.MavenErrorHandler - 	at org.junit.runners.ParentRunner$4.run(ParentRunner.java:331)
14:35:57.443 [Thread-8] ERROR f.i.s.r.p.m.output.MavenErrorHandler - 	at org.junit.runners.ParentRunner$1.schedule(ParentRunner.java:79)
14:35:57.443 [Thread-8] ERROR f.i.s.r.p.m.output.MavenErrorHandler - 	at org.junit.runners.ParentRunner.runChildren(ParentRunner.java:329)
14:35:57.443 [Thread-8] ERROR f.i.s.r.p.m.output.MavenErrorHandler - 	at org.junit.runners.ParentRunner.access$100(ParentRunner.java:66)
14:35:57.443 [Thread-8] ERROR f.i.s.r.p.m.output.MavenErrorHandler - 	at org.junit.runners.ParentRunner$2.evaluate(ParentRunner.java:293)
14:35:57.443 [Thread-8] ERROR f.i.s.r.p.m.output.MavenErrorHandler - 	at org.junit.runners.ParentRunner$3.evaluate(ParentRunner.java:306)
14:35:57.444 [Thread-8] ERROR f.i.s.r.p.m.output.MavenErrorHandler - 	at org.junit.runners.ParentRunner.run(ParentRunner.java:413)
14:35:57.444 [Thread-8] ERROR f.i.s.r.p.m.output.MavenErrorHandler - 	at org.mockito.internal.runners.DefaultInternalRunner$1.run(DefaultInternalRunner.java:100)
14:35:57.444 [Thread-8] ERROR f.i.s.r.p.m.output.MavenErrorHandler - 	at org.mockito.internal.runners.DefaultInternalRunner.run(DefaultInternalRunner.java:107)
14:35:57.444 [Thread-8] ERROR f.i.s.r.p.m.output.MavenErrorHandler - 	at org.mockito.internal.runners.StrictRunner.run(StrictRunner.java:41)
14:35:57.444 [Thread-8] ERROR f.i.s.r.p.m.output.MavenErrorHandler - 	at org.mockito.junit.MockitoJUnitRunner.run(MockitoJUnitRunner.java:163)
14:35:57.444 [Thread-8] ERROR f.i.s.r.p.m.output.MavenErrorHandler - 	at org.apache.maven.surefire.junit4.JUnit4Provider.execute(JUnit4Provider.java:367)
14:35:57.444 [Thread-8] ERROR f.i.s.r.p.m.output.MavenErrorHandler - 	at org.apache.maven.surefire.junit4.JUnit4Provider.executeWithRerun(JUnit4Provider.java:274)
14:35:57.444 [Thread-8] ERROR f.i.s.r.p.m.output.MavenErrorHandler - 	at org.apache.maven.surefire.junit4.JUnit4Provider.executeTestSet(JUnit4Provider.java:238)
14:35:57.444 [Thread-8] ERROR f.i.s.r.p.m.output.MavenErrorHandler - 	at org.apache.maven.surefire.junit4.JUnit4Provider.invoke(JUnit4Provider.java:161)
14:35:57.444 [Thread-8] ERROR f.i.s.r.p.m.output.MavenErrorHandler - 	at org.apache.maven.surefire.booter.ForkedBooter.invokeProviderInSameClassLoader(ForkedBooter.java:290)
14:35:57.444 [Thread-8] ERROR f.i.s.r.p.m.output.MavenErrorHandler - 	at org.apache.maven.surefire.booter.ForkedBooter.runSuitesInProcess(ForkedBooter.java:242)
14:35:57.444 [Thread-8] ERROR f.i.s.r.p.m.output.MavenErrorHandler - 	at org.apache.maven.surefire.booter.ForkedBooter.main(ForkedBooter.java:121)
14:36:09.463 [Thread-8] ERROR f.i.s.r.p.m.output.MavenErrorHandler - org.apache.rocketmq.client.exception.MQClientException: The specified topic is blank
14:36:09.463 [Thread-8] ERROR f.i.s.r.p.m.output.MavenErrorHandler - For more information, please visit the url, http://rocketmq.apache.org/docs/faq/
14:36:09.463 [Thread-8] ERROR f.i.s.r.p.m.output.MavenErrorHandler - 	at org.apache.rocketmq.client.Validators.checkTopic(Validators.java:81)
14:36:09.463 [Thread-8] ERROR f.i.s.r.p.m.output.MavenErrorHandler - 	at org.apache.rocketmq.client.Validators.checkMessage(Validators.java:61)
14:36:09.463 [Thread-8] ERROR f.i.s.r.p.m.output.MavenErrorHandler - 	at org.apache.rocketmq.client.impl.producer.DefaultMQProducerImpl.sendDefaultImpl(DefaultMQProducerImpl.java:548)
14:36:09.463 [Thread-8] ERROR f.i.s.r.p.m.output.MavenErrorHandler - 	at org.apache.rocketmq.client.impl.producer.DefaultMQProducerImpl.access$300(DefaultMQProducerImpl.java:98)
14:36:09.463 [Thread-8] ERROR f.i.s.r.p.m.output.MavenErrorHandler - 	at org.apache.rocketmq.client.impl.producer.DefaultMQProducerImpl$3.run(DefaultMQProducerImpl.java:501)
14:36:09.463 [Thread-8] ERROR f.i.s.r.p.m.output.MavenErrorHandler - 	at org.apache.rocketmq.client.impl.producer.DefaultMQProducerImpl.send(DefaultMQProducerImpl.java:514)
14:36:09.463 [Thread-8] ERROR f.i.s.r.p.m.output.MavenErrorHandler - 	at org.apache.rocketmq.client.impl.producer.DefaultMQProducerImpl.send(DefaultMQProducerImpl.java:479)
14:36:09.463 [Thread-8] ERROR f.i.s.r.p.m.output.MavenErrorHandler - 	at org.apache.rocketmq.client.producer.DefaultMQProducer.send(DefaultMQProducer.java:379)
14:36:09.463 [Thread-8] ERROR f.i.s.r.p.m.output.MavenErrorHandler - 	at org.apache.rocketmq.client.producer.DefaultMQProducerTest.testSendMessageAsync(DefaultMQProducerTest.java:222)
14:36:09.463 [Thread-8] ERROR f.i.s.r.p.m.output.MavenErrorHandler - 	at java.base/jdk.internal.reflect.NativeMethodAccessorImpl.invoke0(Native Method)
14:36:09.463 [Thread-8] ERROR f.i.s.r.p.m.output.MavenErrorHandler - 	at java.base/jdk.internal.reflect.NativeMethodAccessorImpl.invoke(NativeMethodAccessorImpl.java:62)
14:36:09.464 [Thread-8] ERROR f.i.s.r.p.m.output.MavenErrorHandler - 	at java.base/jdk.internal.reflect.DelegatingMethodAccessorImpl.invoke(DelegatingMethodAccessorImpl.java:43)
14:36:09.464 [Thread-8] ERROR f.i.s.r.p.m.output.MavenErrorHandler - 	at java.base/java.lang.reflect.Method.invoke(Method.java:566)
14:36:09.464 [Thread-8] ERROR f.i.s.r.p.m.output.MavenErrorHandler - 	at org.junit.runners.model.FrameworkMethod$1.runReflectiveCall(FrameworkMethod.java:59)
14:36:09.464 [Thread-8] ERROR f.i.s.r.p.m.output.MavenErrorHandler - 	at org.junit.internal.runners.model.ReflectiveCallable.run(ReflectiveCallable.java:12)
14:36:09.464 [Thread-8] ERROR f.i.s.r.p.m.output.MavenErrorHandler - 	at org.junit.runners.model.FrameworkMethod.invokeExplosively(FrameworkMethod.java:56)
14:36:09.464 [Thread-8] ERROR f.i.s.r.p.m.output.MavenErrorHandler - 	at org.junit.internal.runners.statements.InvokeMethod.evaluate(InvokeMethod.java:17)
14:36:09.464 [Thread-8] ERROR f.i.s.r.p.m.output.MavenErrorHandler - 	at org.junit.internal.runners.statements.RunBefores.evaluate(RunBefores.java:26)
14:36:09.464 [Thread-8] ERROR f.i.s.r.p.m.output.MavenErrorHandler - 	at org.mockito.internal.runners.DefaultInternalRunner$1$1.evaluate(DefaultInternalRunner.java:55)
14:36:09.464 [Thread-8] ERROR f.i.s.r.p.m.output.MavenErrorHandler - 	at org.junit.internal.runners.statements.RunAfters.evaluate(RunAfters.java:27)
14:36:09.464 [Thread-8] ERROR f.i.s.r.p.m.output.MavenErrorHandler - 	at org.junit.runners.ParentRunner$3.evaluate(ParentRunner.java:306)
14:36:09.464 [Thread-8] ERROR f.i.s.r.p.m.output.MavenErrorHandler - 	at org.junit.runners.BlockJUnit4ClassRunner$1.evaluate(BlockJUnit4ClassRunner.java:100)
14:36:09.464 [Thread-8] ERROR f.i.s.r.p.m.output.MavenErrorHandler - 	at org.junit.runners.ParentRunner.runLeaf(ParentRunner.java:366)
14:36:09.464 [Thread-8] ERROR f.i.s.r.p.m.output.MavenErrorHandler - 	at org.junit.runners.BlockJUnit4ClassRunner.runChild(BlockJUnit4ClassRunner.java:103)
14:36:09.464 [Thread-8] ERROR f.i.s.r.p.m.output.MavenErrorHandler - 	at org.junit.runners.BlockJUnit4ClassRunner.runChild(BlockJUnit4ClassRunner.java:63)
14:36:09.464 [Thread-8] ERROR f.i.s.r.p.m.output.MavenErrorHandler - 	at org.junit.runners.ParentRunner$4.run(ParentRunner.java:331)
14:36:09.464 [Thread-8] ERROR f.i.s.r.p.m.output.MavenErrorHandler - 	at org.junit.runners.ParentRunner$1.schedule(ParentRunner.java:79)
14:36:09.464 [Thread-8] ERROR f.i.s.r.p.m.output.MavenErrorHandler - 	at org.junit.runners.ParentRunner.runChildren(ParentRunner.java:329)
14:36:09.464 [Thread-8] ERROR f.i.s.r.p.m.output.MavenErrorHandler - 	at org.junit.runners.ParentRunner.access$100(ParentRunner.java:66)
14:36:09.465 [Thread-8] ERROR f.i.s.r.p.m.output.MavenErrorHandler - 	at org.junit.runners.ParentRunner$2.evaluate(ParentRunner.java:293)
14:36:09.465 [Thread-8] ERROR f.i.s.r.p.m.output.MavenErrorHandler - 	at org.junit.runners.ParentRunner$3.evaluate(ParentRunner.java:306)
14:36:09.465 [Thread-8] ERROR f.i.s.r.p.m.output.MavenErrorHandler - 	at org.junit.runners.ParentRunner.run(ParentRunner.java:413)
14:36:09.465 [Thread-8] ERROR f.i.s.r.p.m.output.MavenErrorHandler - 	at org.mockito.internal.runners.DefaultInternalRunner$1.run(DefaultInternalRunner.java:100)
14:36:09.465 [Thread-8] ERROR f.i.s.r.p.m.output.MavenErrorHandler - 	at org.mockito.internal.runners.DefaultInternalRunner.run(DefaultInternalRunner.java:107)
14:36:09.465 [Thread-8] ERROR f.i.s.r.p.m.output.MavenErrorHandler - 	at org.mockito.internal.runners.StrictRunner.run(StrictRunner.java:41)
14:36:09.465 [Thread-8] ERROR f.i.s.r.p.m.output.MavenErrorHandler - 	at org.mockito.junit.MockitoJUnitRunner.run(MockitoJUnitRunner.java:163)
14:36:09.465 [Thread-8] ERROR f.i.s.r.p.m.output.MavenErrorHandler - 	at org.apache.maven.surefire.junit4.JUnit4Provider.execute(JUnit4Provider.java:367)
14:36:09.465 [Thread-8] ERROR f.i.s.r.p.m.output.MavenErrorHandler - 	at org.apache.maven.surefire.junit4.JUnit4Provider.executeWithRerun(JUnit4Provider.java:274)
14:36:09.465 [Thread-8] ERROR f.i.s.r.p.m.output.MavenErrorHandler - 	at org.apache.maven.surefire.junit4.JUnit4Provider.executeTestSet(JUnit4Provider.java:238)
14:36:09.465 [Thread-8] ERROR f.i.s.r.p.m.output.MavenErrorHandler - 	at org.apache.maven.surefire.junit4.JUnit4Provider.invoke(JUnit4Provider.java:161)
14:36:09.465 [Thread-8] ERROR f.i.s.r.p.m.output.MavenErrorHandler - 	at org.apache.maven.surefire.booter.ForkedBooter.invokeProviderInSameClassLoader(ForkedBooter.java:290)
14:36:09.465 [Thread-8] ERROR f.i.s.r.p.m.output.MavenErrorHandler - 	at org.apache.maven.surefire.booter.ForkedBooter.runSuitesInProcess(ForkedBooter.java:242)
14:36:09.465 [Thread-8] ERROR f.i.s.r.p.m.output.MavenErrorHandler - 	at org.apache.maven.surefire.booter.ForkedBooter.main(ForkedBooter.java:121)
14:36:09.465 [Thread-8] ERROR f.i.s.r.p.m.output.MavenErrorHandler - org.apache.rocketmq.client.exception.MQClientException: message's topic not equal mq's topic
14:36:09.465 [Thread-8] ERROR f.i.s.r.p.m.output.MavenErrorHandler - For more information, please visit the url, http://rocketmq.apache.org/docs/faq/
14:36:09.465 [Thread-8] ERROR f.i.s.r.p.m.output.MavenErrorHandler - 	at org.apache.rocketmq.client.impl.producer.DefaultMQProducerImpl$4.run(DefaultMQProducerImpl.java:1063)
14:36:09.465 [Thread-8] ERROR f.i.s.r.p.m.output.MavenErrorHandler - 	at org.apache.rocketmq.client.impl.producer.DefaultMQProducerImpl.send(DefaultMQProducerImpl.java:1084)
14:36:09.466 [Thread-8] ERROR f.i.s.r.p.m.output.MavenErrorHandler - 	at org.apache.rocketmq.client.impl.producer.DefaultMQProducerImpl.send(DefaultMQProducerImpl.java:1036)
14:36:09.466 [Thread-8] ERROR f.i.s.r.p.m.output.MavenErrorHandler - 	at org.apache.rocketmq.client.producer.DefaultMQProducer.send(DefaultMQProducer.java:467)
14:36:09.466 [Thread-8] ERROR f.i.s.r.p.m.output.MavenErrorHandler - 	at org.apache.rocketmq.client.producer.DefaultMQProducerTest.testSendMessageAsync(DefaultMQProducerTest.java:223)
14:36:09.466 [Thread-8] ERROR f.i.s.r.p.m.output.MavenErrorHandler - 	at java.base/jdk.internal.reflect.NativeMethodAccessorImpl.invoke0(Native Method)
14:36:09.466 [Thread-8] ERROR f.i.s.r.p.m.output.MavenErrorHandler - 	at java.base/jdk.internal.reflect.NativeMethodAccessorImpl.invoke(NativeMethodAccessorImpl.java:62)
14:36:09.466 [Thread-8] ERROR f.i.s.r.p.m.output.MavenErrorHandler - 	at java.base/jdk.internal.reflect.DelegatingMethodAccessorImpl.invoke(DelegatingMethodAccessorImpl.java:43)
14:36:09.466 [Thread-8] ERROR f.i.s.r.p.m.output.MavenErrorHandler - 	at java.base/java.lang.reflect.Method.invoke(Method.java:566)
14:36:09.466 [Thread-8] ERROR f.i.s.r.p.m.output.MavenErrorHandler - 	at org.junit.runners.model.FrameworkMethod$1.runReflectiveCall(FrameworkMethod.java:59)
14:36:09.466 [Thread-8] ERROR f.i.s.r.p.m.output.MavenErrorHandler - 	at org.junit.internal.runners.model.ReflectiveCallable.run(ReflectiveCallable.java:12)
14:36:09.466 [Thread-8] ERROR f.i.s.r.p.m.output.MavenErrorHandler - 	at org.junit.runners.model.FrameworkMethod.invokeExplosively(FrameworkMethod.java:56)
14:36:09.466 [Thread-8] ERROR f.i.s.r.p.m.output.MavenErrorHandler - 	at org.junit.internal.runners.statements.InvokeMethod.evaluate(InvokeMethod.java:17)
14:36:09.466 [Thread-8] ERROR f.i.s.r.p.m.output.MavenErrorHandler - 	at org.junit.internal.runners.statements.RunBefores.evaluate(RunBefores.java:26)
14:36:09.466 [Thread-8] ERROR f.i.s.r.p.m.output.MavenErrorHandler - 	at org.mockito.internal.runners.DefaultInternalRunner$1$1.evaluate(DefaultInternalRunner.java:55)
14:36:09.466 [Thread-8] ERROR f.i.s.r.p.m.output.MavenErrorHandler - 	at org.junit.internal.runners.statements.RunAfters.evaluate(RunAfters.java:27)
14:36:09.466 [Thread-8] ERROR f.i.s.r.p.m.output.MavenErrorHandler - 	at org.junit.runners.ParentRunner$3.evaluate(ParentRunner.java:306)
14:36:09.466 [Thread-8] ERROR f.i.s.r.p.m.output.MavenErrorHandler - 	at org.junit.runners.BlockJUnit4ClassRunner$1.evaluate(BlockJUnit4ClassRunner.java:100)
14:36:09.466 [Thread-8] ERROR f.i.s.r.p.m.output.MavenErrorHandler - 	at org.junit.runners.ParentRunner.runLeaf(ParentRunner.java:366)
14:36:09.467 [Thread-8] ERROR f.i.s.r.p.m.output.MavenErrorHandler - 	at org.junit.runners.BlockJUnit4ClassRunner.runChild(BlockJUnit4ClassRunner.java:103)
14:36:09.467 [Thread-8] ERROR f.i.s.r.p.m.output.MavenErrorHandler - 	at org.junit.runners.BlockJUnit4ClassRunner.runChild(BlockJUnit4ClassRunner.java:63)
14:36:09.467 [Thread-8] ERROR f.i.s.r.p.m.output.MavenErrorHandler - 	at org.junit.runners.ParentRunner$4.run(ParentRunner.java:331)
14:36:09.467 [Thread-8] ERROR f.i.s.r.p.m.output.MavenErrorHandler - 	at org.junit.runners.ParentRunner$1.schedule(ParentRunner.java:79)
14:36:09.467 [Thread-8] ERROR f.i.s.r.p.m.output.MavenErrorHandler - 	at org.junit.runners.ParentRunner.runChildren(ParentRunner.java:329)
14:36:09.467 [Thread-8] ERROR f.i.s.r.p.m.output.MavenErrorHandler - 	at org.junit.runners.ParentRunner.access$100(ParentRunner.java:66)
14:36:09.467 [Thread-8] ERROR f.i.s.r.p.m.output.MavenErrorHandler - 	at org.junit.runners.ParentRunner$2.evaluate(ParentRunner.java:293)
14:36:09.467 [Thread-8] ERROR f.i.s.r.p.m.output.MavenErrorHandler - 	at org.junit.runners.ParentRunner$3.evaluate(ParentRunner.java:306)
14:36:09.467 [Thread-8] ERROR f.i.s.r.p.m.output.MavenErrorHandler - 	at org.junit.runners.ParentRunner.run(ParentRunner.java:413)
14:36:09.467 [Thread-8] ERROR f.i.s.r.p.m.output.MavenErrorHandler - 	at org.mockito.internal.runners.DefaultInternalRunner$1.run(DefaultInternalRunner.java:100)
14:36:09.467 [Thread-8] ERROR f.i.s.r.p.m.output.MavenErrorHandler - 	at org.mockito.internal.runners.DefaultInternalRunner.run(DefaultInternalRunner.java:107)
14:36:09.467 [Thread-8] ERROR f.i.s.r.p.m.output.MavenErrorHandler - 	at org.mockito.internal.runners.StrictRunner.run(StrictRunner.java:41)
14:36:09.467 [Thread-8] ERROR f.i.s.r.p.m.output.MavenErrorHandler - 	at org.mockito.junit.MockitoJUnitRunner.run(MockitoJUnitRunner.java:163)
14:36:09.467 [Thread-8] ERROR f.i.s.r.p.m.output.MavenErrorHandler - 	at org.apache.maven.surefire.junit4.JUnit4Provider.execute(JUnit4Provider.java:367)
14:36:09.467 [Thread-8] ERROR f.i.s.r.p.m.output.MavenErrorHandler - 	at org.apache.maven.surefire.junit4.JUnit4Provider.executeWithRerun(JUnit4Provider.java:274)
14:36:09.467 [Thread-8] ERROR f.i.s.r.p.m.output.MavenErrorHandler - 	at org.apache.maven.surefire.junit4.JUnit4Provider.executeTestSet(JUnit4Provider.java:238)
14:36:09.467 [Thread-8] ERROR f.i.s.r.p.m.output.MavenErrorHandler - 	at org.apache.maven.surefire.junit4.JUnit4Provider.invoke(JUnit4Provider.java:161)
14:36:09.468 [Thread-8] ERROR f.i.s.r.p.m.output.MavenErrorHandler - 	at org.apache.maven.surefire.booter.ForkedBooter.invokeProviderInSameClassLoader(ForkedBooter.java:290)
14:36:09.468 [Thread-8] ERROR f.i.s.r.p.m.output.MavenErrorHandler - 	at org.apache.maven.surefire.booter.ForkedBooter.runSuitesInProcess(ForkedBooter.java:242)
14:36:09.468 [Thread-8] ERROR f.i.s.r.p.m.output.MavenErrorHandler - 	at org.apache.maven.surefire.booter.ForkedBooter.main(ForkedBooter.java:121)
14:36:09.468 [Thread-8] ERROR f.i.s.r.p.m.output.MavenErrorHandler - org.apache.rocketmq.client.exception.MQClientException: The specified topic is blank
14:36:09.468 [Thread-8] ERROR f.i.s.r.p.m.output.MavenErrorHandler - For more information, please visit the url, http://rocketmq.apache.org/docs/faq/
14:36:09.468 [Thread-8] ERROR f.i.s.r.p.m.output.MavenErrorHandler - 	at org.apache.rocketmq.client.Validators.checkTopic(Validators.java:81)
14:36:09.468 [Thread-8] ERROR f.i.s.r.p.m.output.MavenErrorHandler - 	at org.apache.rocketmq.client.Validators.checkMessage(Validators.java:61)
14:36:09.468 [Thread-8] ERROR f.i.s.r.p.m.output.MavenErrorHandler - 	at org.apache.rocketmq.client.impl.producer.DefaultMQProducerImpl$4.run(DefaultMQProducerImpl.java:1060)
14:36:09.468 [Thread-8] ERROR f.i.s.r.p.m.output.MavenErrorHandler - 	at org.apache.rocketmq.client.impl.producer.DefaultMQProducerImpl.send(DefaultMQProducerImpl.java:1084)
14:36:09.468 [Thread-8] ERROR f.i.s.r.p.m.output.MavenErrorHandler - 	at org.apache.rocketmq.client.producer.DefaultMQProducer.send(DefaultMQProducer.java:485)
14:36:09.468 [Thread-8] ERROR f.i.s.r.p.m.output.MavenErrorHandler - 	at org.apache.rocketmq.client.producer.DefaultMQProducerTest.testSendMessageAsync(DefaultMQProducerTest.java:224)
14:36:09.468 [Thread-8] ERROR f.i.s.r.p.m.output.MavenErrorHandler - 	at java.base/jdk.internal.reflect.NativeMethodAccessorImpl.invoke0(Native Method)
14:36:09.468 [Thread-8] ERROR f.i.s.r.p.m.output.MavenErrorHandler - 	at java.base/jdk.internal.reflect.NativeMethodAccessorImpl.invoke(NativeMethodAccessorImpl.java:62)
14:36:09.468 [Thread-8] ERROR f.i.s.r.p.m.output.MavenErrorHandler - 	at java.base/jdk.internal.reflect.DelegatingMethodAccessorImpl.invoke(DelegatingMethodAccessorImpl.java:43)
14:36:09.468 [Thread-8] ERROR f.i.s.r.p.m.output.MavenErrorHandler - 	at java.base/java.lang.reflect.Method.invoke(Method.java:566)
14:36:09.469 [Thread-8] ERROR f.i.s.r.p.m.output.MavenErrorHandler - 	at org.junit.runners.model.FrameworkMethod$1.runReflectiveCall(FrameworkMethod.java:59)
14:36:09.469 [Thread-8] ERROR f.i.s.r.p.m.output.MavenErrorHandler - 	at org.junit.internal.runners.model.ReflectiveCallable.run(ReflectiveCallable.java:12)
14:36:09.469 [Thread-8] ERROR f.i.s.r.p.m.output.MavenErrorHandler - 	at org.junit.runners.model.FrameworkMethod.invokeExplosively(FrameworkMethod.java:56)
14:36:09.469 [Thread-8] ERROR f.i.s.r.p.m.output.MavenErrorHandler - 	at org.junit.internal.runners.statements.InvokeMethod.evaluate(InvokeMethod.java:17)
14:36:09.469 [Thread-8] ERROR f.i.s.r.p.m.output.MavenErrorHandler - 	at org.junit.internal.runners.statements.RunBefores.evaluate(RunBefores.java:26)
14:36:09.469 [Thread-8] ERROR f.i.s.r.p.m.output.MavenErrorHandler - 	at org.mockito.internal.runners.DefaultInternalRunner$1$1.evaluate(DefaultInternalRunner.java:55)
14:36:09.469 [Thread-8] ERROR f.i.s.r.p.m.output.MavenErrorHandler - 	at org.junit.internal.runners.statements.RunAfters.evaluate(RunAfters.java:27)
14:36:09.469 [Thread-8] ERROR f.i.s.r.p.m.output.MavenErrorHandler - 	at org.junit.runners.ParentRunner$3.evaluate(ParentRunner.java:306)
14:36:09.469 [Thread-8] ERROR f.i.s.r.p.m.output.MavenErrorHandler - 	at org.junit.runners.BlockJUnit4ClassRunner$1.evaluate(BlockJUnit4ClassRunner.java:100)
14:36:09.469 [Thread-8] ERROR f.i.s.r.p.m.output.MavenErrorHandler - 	at org.junit.runners.ParentRunner.runLeaf(ParentRunner.java:366)
14:36:09.469 [Thread-8] ERROR f.i.s.r.p.m.output.MavenErrorHandler - 	at org.junit.runners.BlockJUnit4ClassRunner.runChild(BlockJUnit4ClassRunner.java:103)
14:36:09.469 [Thread-8] ERROR f.i.s.r.p.m.output.MavenErrorHandler - 	at org.junit.runners.BlockJUnit4ClassRunner.runChild(BlockJUnit4ClassRunner.java:63)
14:36:09.469 [Thread-8] ERROR f.i.s.r.p.m.output.MavenErrorHandler - 	at org.junit.runners.ParentRunner$4.run(ParentRunner.java:331)
14:36:09.469 [Thread-8] ERROR f.i.s.r.p.m.output.MavenErrorHandler - 	at org.junit.runners.ParentRunner$1.schedule(ParentRunner.java:79)
14:36:09.469 [Thread-8] ERROR f.i.s.r.p.m.output.MavenErrorHandler - 	at org.junit.runners.ParentRunner.runChildren(ParentRunner.java:329)
14:36:09.469 [Thread-8] ERROR f.i.s.r.p.m.output.MavenErrorHandler - 	at org.junit.runners.ParentRunner.access$100(ParentRunner.java:66)
14:36:09.469 [Thread-8] ERROR f.i.s.r.p.m.output.MavenErrorHandler - 	at org.junit.runners.ParentRunner$2.evaluate(ParentRunner.java:293)
14:36:09.469 [Thread-8] ERROR f.i.s.r.p.m.output.MavenErrorHandler - 	at org.junit.runners.ParentRunner$3.evaluate(ParentRunner.java:306)
14:36:09.470 [Thread-8] ERROR f.i.s.r.p.m.output.MavenErrorHandler - 	at org.junit.runners.ParentRunner.run(ParentRunner.java:413)
14:36:09.470 [Thread-8] ERROR f.i.s.r.p.m.output.MavenErrorHandler - 	at org.mockito.internal.runners.DefaultInternalRunner$1.run(DefaultInternalRunner.java:100)
14:36:09.470 [Thread-8] ERROR f.i.s.r.p.m.output.MavenErrorHandler - 	at org.mockito.internal.runners.DefaultInternalRunner.run(DefaultInternalRunner.java:107)
14:36:09.470 [Thread-8] ERROR f.i.s.r.p.m.output.MavenErrorHandler - 	at org.mockito.internal.runners.StrictRunner.run(StrictRunner.java:41)
14:36:09.470 [Thread-8] ERROR f.i.s.r.p.m.output.MavenErrorHandler - 	at org.mockito.junit.MockitoJUnitRunner.run(MockitoJUnitRunner.java:163)
14:36:09.470 [Thread-8] ERROR f.i.s.r.p.m.output.MavenErrorHandler - 	at org.apache.maven.surefire.junit4.JUnit4Provider.execute(JUnit4Provider.java:367)
14:36:09.470 [Thread-8] ERROR f.i.s.r.p.m.output.MavenErrorHandler - 	at org.apache.maven.surefire.junit4.JUnit4Provider.executeWithRerun(JUnit4Provider.java:274)
14:36:09.470 [Thread-8] ERROR f.i.s.r.p.m.output.MavenErrorHandler - 	at org.apache.maven.surefire.junit4.JUnit4Provider.executeTestSet(JUnit4Provider.java:238)
14:36:09.470 [Thread-8] ERROR f.i.s.r.p.m.output.MavenErrorHandler - 	at org.apache.maven.surefire.junit4.JUnit4Provider.invoke(JUnit4Provider.java:161)
14:36:09.470 [Thread-8] ERROR f.i.s.r.p.m.output.MavenErrorHandler - 	at org.apache.maven.surefire.booter.ForkedBooter.invokeProviderInSameClassLoader(ForkedBooter.java:290)
14:36:09.470 [Thread-8] ERROR f.i.s.r.p.m.output.MavenErrorHandler - 	at org.apache.maven.surefire.booter.ForkedBooter.runSuitesInProcess(ForkedBooter.java:242)
14:36:09.470 [Thread-8] ERROR f.i.s.r.p.m.output.MavenErrorHandler - 	at org.apache.maven.surefire.booter.ForkedBooter.main(ForkedBooter.java:121)
14:36:09.470 [Thread-8] ERROR f.i.s.r.p.m.output.MavenErrorHandler - org.apache.rocketmq.client.exception.MQClientException: The specified topic is blank
14:36:09.470 [Thread-8] ERROR f.i.s.r.p.m.output.MavenErrorHandler - For more information, please visit the url, http://rocketmq.apache.org/docs/faq/
14:36:09.470 [Thread-8] ERROR f.i.s.r.p.m.output.MavenErrorHandler - 	at org.apache.rocketmq.client.Validators.checkTopic(Validators.java:81)
14:36:09.470 [Thread-8] ERROR f.i.s.r.p.m.output.MavenErrorHandler - 	at org.apache.rocketmq.client.Validators.checkMessage(Validators.java:61)
14:36:09.471 [Thread-8] ERROR f.i.s.r.p.m.output.MavenErrorHandler - 	at org.apache.rocketmq.client.impl.producer.DefaultMQProducerImpl.sendSelectImpl(DefaultMQProducerImpl.java:1132)
14:36:09.471 [Thread-8] ERROR f.i.s.r.p.m.output.MavenErrorHandler - 	at org.apache.rocketmq.client.impl.producer.DefaultMQProducerImpl.access$600(DefaultMQProducerImpl.java:98)
14:36:09.471 [Thread-8] ERROR f.i.s.r.p.m.output.MavenErrorHandler - 	at org.apache.rocketmq.client.impl.producer.DefaultMQProducerImpl$5.run(DefaultMQProducerImpl.java:1198)
14:36:09.471 [Thread-8] ERROR f.i.s.r.p.m.output.MavenErrorHandler - 	at org.apache.rocketmq.client.impl.producer.DefaultMQProducerImpl.send(DefaultMQProducerImpl.java:1213)
14:36:09.471 [Thread-8] ERROR f.i.s.r.p.m.output.MavenErrorHandler - 	at org.apache.rocketmq.client.impl.producer.DefaultMQProducerImpl.send(DefaultMQProducerImpl.java:1169)
14:36:09.471 [Thread-8] ERROR f.i.s.r.p.m.output.MavenErrorHandler - 	at org.apache.rocketmq.client.producer.DefaultMQProducer.send(DefaultMQProducer.java:560)
14:36:09.471 [Thread-8] ERROR f.i.s.r.p.m.output.MavenErrorHandler - 	at org.apache.rocketmq.client.producer.DefaultMQProducerTest.testSendMessageAsync(DefaultMQProducerTest.java:225)
14:36:09.471 [Thread-8] ERROR f.i.s.r.p.m.output.MavenErrorHandler - 	at java.base/jdk.internal.reflect.NativeMethodAccessorImpl.invoke0(Native Method)
14:36:09.471 [Thread-8] ERROR f.i.s.r.p.m.output.MavenErrorHandler - 	at java.base/jdk.internal.reflect.NativeMethodAccessorImpl.invoke(NativeMethodAccessorImpl.java:62)
14:36:09.471 [Thread-8] ERROR f.i.s.r.p.m.output.MavenErrorHandler - 	at java.base/jdk.internal.reflect.DelegatingMethodAccessorImpl.invoke(DelegatingMethodAccessorImpl.java:43)
14:36:09.471 [Thread-8] ERROR f.i.s.r.p.m.output.MavenErrorHandler - 	at java.base/java.lang.reflect.Method.invoke(Method.java:566)
14:36:09.471 [Thread-8] ERROR f.i.s.r.p.m.output.MavenErrorHandler - 	at org.junit.runners.model.FrameworkMethod$1.runReflectiveCall(FrameworkMethod.java:59)
14:36:09.471 [Thread-8] ERROR f.i.s.r.p.m.output.MavenErrorHandler - 	at org.junit.internal.runners.model.ReflectiveCallable.run(ReflectiveCallable.java:12)
14:36:09.471 [Thread-8] ERROR f.i.s.r.p.m.output.MavenErrorHandler - 	at org.junit.runners.model.FrameworkMethod.invokeExplosively(FrameworkMethod.java:56)
14:36:09.471 [Thread-8] ERROR f.i.s.r.p.m.output.MavenErrorHandler - 	at org.junit.internal.runners.statements.InvokeMethod.evaluate(InvokeMethod.java:17)
14:36:09.471 [Thread-8] ERROR f.i.s.r.p.m.output.MavenErrorHandler - 	at org.junit.internal.runners.statements.RunBefores.evaluate(RunBefores.java:26)
14:36:09.471 [Thread-8] ERROR f.i.s.r.p.m.output.MavenErrorHandler - 	at org.mockito.internal.runners.DefaultInternalRunner$1$1.evaluate(DefaultInternalRunner.java:55)
14:36:09.472 [Thread-8] ERROR f.i.s.r.p.m.output.MavenErrorHandler - 	at org.junit.internal.runners.statements.RunAfters.evaluate(RunAfters.java:27)
14:36:09.472 [Thread-8] ERROR f.i.s.r.p.m.output.MavenErrorHandler - 	at org.junit.runners.ParentRunner$3.evaluate(ParentRunner.java:306)
14:36:09.472 [Thread-8] ERROR f.i.s.r.p.m.output.MavenErrorHandler - 	at org.junit.runners.BlockJUnit4ClassRunner$1.evaluate(BlockJUnit4ClassRunner.java:100)
14:36:09.472 [Thread-8] ERROR f.i.s.r.p.m.output.MavenErrorHandler - 	at org.junit.runners.ParentRunner.runLeaf(ParentRunner.java:366)
14:36:09.472 [Thread-8] ERROR f.i.s.r.p.m.output.MavenErrorHandler - 	at org.junit.runners.BlockJUnit4ClassRunner.runChild(BlockJUnit4ClassRunner.java:103)
14:36:09.472 [Thread-8] ERROR f.i.s.r.p.m.output.MavenErrorHandler - 	at org.junit.runners.BlockJUnit4ClassRunner.runChild(BlockJUnit4ClassRunner.java:63)
14:36:09.472 [Thread-8] ERROR f.i.s.r.p.m.output.MavenErrorHandler - 	at org.junit.runners.ParentRunner$4.run(ParentRunner.java:331)
14:36:09.472 [Thread-8] ERROR f.i.s.r.p.m.output.MavenErrorHandler - 	at org.junit.runners.ParentRunner$1.schedule(ParentRunner.java:79)
14:36:09.472 [Thread-8] ERROR f.i.s.r.p.m.output.MavenErrorHandler - 	at org.junit.runners.ParentRunner.runChildren(ParentRunner.java:329)
14:36:09.472 [Thread-8] ERROR f.i.s.r.p.m.output.MavenErrorHandler - 	at org.junit.runners.ParentRunner.access$100(ParentRunner.java:66)
14:36:09.472 [Thread-8] ERROR f.i.s.r.p.m.output.MavenErrorHandler - 	at org.junit.runners.ParentRunner$2.evaluate(ParentRunner.java:293)
14:36:09.472 [Thread-8] ERROR f.i.s.r.p.m.output.MavenErrorHandler - 	at org.junit.runners.ParentRunner$3.evaluate(ParentRunner.java:306)
14:36:09.472 [Thread-8] ERROR f.i.s.r.p.m.output.MavenErrorHandler - 	at org.junit.runners.ParentRunner.run(ParentRunner.java:413)
14:36:09.472 [Thread-8] ERROR f.i.s.r.p.m.output.MavenErrorHandler - 	at org.mockito.internal.runners.DefaultInternalRunner$1.run(DefaultInternalRunner.java:100)
14:36:09.472 [Thread-8] ERROR f.i.s.r.p.m.output.MavenErrorHandler - 	at org.mockito.internal.runners.DefaultInternalRunner.run(DefaultInternalRunner.java:107)
14:36:09.472 [Thread-8] ERROR f.i.s.r.p.m.output.MavenErrorHandler - 	at org.mockito.internal.runners.StrictRunner.run(StrictRunner.java:41)
14:36:09.472 [Thread-8] ERROR f.i.s.r.p.m.output.MavenErrorHandler - 	at org.mockito.junit.MockitoJUnitRunner.run(MockitoJUnitRunner.java:163)
14:36:09.472 [Thread-8] ERROR f.i.s.r.p.m.output.MavenErrorHandler - 	at org.apache.maven.surefire.junit4.JUnit4Provider.execute(JUnit4Provider.java:367)
14:36:09.472 [Thread-8] ERROR f.i.s.r.p.m.output.MavenErrorHandler - 	at org.apache.maven.surefire.junit4.JUnit4Provider.executeWithRerun(JUnit4Provider.java:274)
14:36:09.472 [Thread-8] ERROR f.i.s.r.p.m.output.MavenErrorHandler - 	at org.apache.maven.surefire.junit4.JUnit4Provider.executeTestSet(JUnit4Provider.java:238)
14:36:09.472 [Thread-8] ERROR f.i.s.r.p.m.output.MavenErrorHandler - 	at org.apache.maven.surefire.junit4.JUnit4Provider.invoke(JUnit4Provider.java:161)
14:36:09.473 [Thread-8] ERROR f.i.s.r.p.m.output.MavenErrorHandler - 	at org.apache.maven.surefire.booter.ForkedBooter.invokeProviderInSameClassLoader(ForkedBooter.java:290)
14:36:09.473 [Thread-8] ERROR f.i.s.r.p.m.output.MavenErrorHandler - 	at org.apache.maven.surefire.booter.ForkedBooter.runSuitesInProcess(ForkedBooter.java:242)
14:36:09.473 [Thread-8] ERROR f.i.s.r.p.m.output.MavenErrorHandler - 	at org.apache.maven.surefire.booter.ForkedBooter.main(ForkedBooter.java:121)
14:36:09.473 [Thread-8] ERROR f.i.s.r.p.m.output.MavenErrorHandler - org.apache.rocketmq.client.exception.MQClientException: select message queue return null.
14:36:09.473 [Thread-8] ERROR f.i.s.r.p.m.output.MavenErrorHandler - For more information, please visit the url, http://rocketmq.apache.org/docs/faq/
14:36:09.473 [Thread-8] ERROR f.i.s.r.p.m.output.MavenErrorHandler - 	at org.apache.rocketmq.client.impl.producer.DefaultMQProducerImpl.sendSelectImpl(DefaultMQProducerImpl.java:1156)
14:36:09.473 [Thread-8] ERROR f.i.s.r.p.m.output.MavenErrorHandler - 	at org.apache.rocketmq.client.impl.producer.DefaultMQProducerImpl.access$600(DefaultMQProducerImpl.java:98)
14:36:09.473 [Thread-8] ERROR f.i.s.r.p.m.output.MavenErrorHandler - 	at org.apache.rocketmq.client.impl.producer.DefaultMQProducerImpl$5.run(DefaultMQProducerImpl.java:1198)
14:36:09.473 [Thread-8] ERROR f.i.s.r.p.m.output.MavenErrorHandler - 	at org.apache.rocketmq.client.impl.producer.DefaultMQProducerImpl.send(DefaultMQProducerImpl.java:1213)
14:36:09.473 [Thread-8] ERROR f.i.s.r.p.m.output.MavenErrorHandler - 	at org.apache.rocketmq.client.producer.DefaultMQProducer.send(DefaultMQProducer.java:579)
14:36:09.473 [Thread-8] ERROR f.i.s.r.p.m.output.MavenErrorHandler - 	at org.apache.rocketmq.client.producer.DefaultMQProducerTest.testSendMessageAsync(DefaultMQProducerTest.java:226)
14:36:09.473 [Thread-8] ERROR f.i.s.r.p.m.output.MavenErrorHandler - 	at java.base/jdk.internal.reflect.NativeMethodAccessorImpl.invoke0(Native Method)
14:36:09.473 [Thread-8] ERROR f.i.s.r.p.m.output.MavenErrorHandler - 	at java.base/jdk.internal.reflect.NativeMethodAccessorImpl.invoke(NativeMethodAccessorImpl.java:62)
14:36:09.473 [Thread-8] ERROR f.i.s.r.p.m.output.MavenErrorHandler - 	at java.base/jdk.internal.reflect.DelegatingMethodAccessorImpl.invoke(DelegatingMethodAccessorImpl.java:43)
14:36:09.473 [Thread-8] ERROR f.i.s.r.p.m.output.MavenErrorHandler - 	at java.base/java.lang.reflect.Method.invoke(Method.java:566)
14:36:09.473 [Thread-8] ERROR f.i.s.r.p.m.output.MavenErrorHandler - 	at org.junit.runners.model.FrameworkMethod$1.runReflectiveCall(FrameworkMethod.java:59)
14:36:09.473 [Thread-8] ERROR f.i.s.r.p.m.output.MavenErrorHandler - 	at org.junit.internal.runners.model.ReflectiveCallable.run(ReflectiveCallable.java:12)
14:36:09.473 [Thread-8] ERROR f.i.s.r.p.m.output.MavenErrorHandler - 	at org.junit.runners.model.FrameworkMethod.invokeExplosively(FrameworkMethod.java:56)
14:36:09.474 [Thread-8] ERROR f.i.s.r.p.m.output.MavenErrorHandler - 	at org.junit.internal.runners.statements.InvokeMethod.evaluate(InvokeMethod.java:17)
14:36:09.474 [Thread-8] ERROR f.i.s.r.p.m.output.MavenErrorHandler - 	at org.junit.internal.runners.statements.RunBefores.evaluate(RunBefores.java:26)
14:36:09.474 [Thread-8] ERROR f.i.s.r.p.m.output.MavenErrorHandler - 	at org.mockito.internal.runners.DefaultInternalRunner$1$1.evaluate(DefaultInternalRunner.java:55)
14:36:09.474 [Thread-8] ERROR f.i.s.r.p.m.output.MavenErrorHandler - 	at org.junit.internal.runners.statements.RunAfters.evaluate(RunAfters.java:27)
14:36:09.474 [Thread-8] ERROR f.i.s.r.p.m.output.MavenErrorHandler - 	at org.junit.runners.ParentRunner$3.evaluate(ParentRunner.java:306)
14:36:09.474 [Thread-8] ERROR f.i.s.r.p.m.output.MavenErrorHandler - 	at org.junit.runners.BlockJUnit4ClassRunner$1.evaluate(BlockJUnit4ClassRunner.java:100)
14:36:09.474 [Thread-8] ERROR f.i.s.r.p.m.output.MavenErrorHandler - 	at org.junit.runners.ParentRunner.runLeaf(ParentRunner.java:366)
14:36:09.474 [Thread-8] ERROR f.i.s.r.p.m.output.MavenErrorHandler - 	at org.junit.runners.BlockJUnit4ClassRunner.runChild(BlockJUnit4ClassRunner.java:103)
14:36:09.474 [Thread-8] ERROR f.i.s.r.p.m.output.MavenErrorHandler - 	at org.junit.runners.BlockJUnit4ClassRunner.runChild(BlockJUnit4ClassRunner.java:63)
14:36:09.474 [Thread-8] ERROR f.i.s.r.p.m.output.MavenErrorHandler - 	at org.junit.runners.ParentRunner$4.run(ParentRunner.java:331)
14:36:09.474 [Thread-8] ERROR f.i.s.r.p.m.output.MavenErrorHandler - 	at org.junit.runners.ParentRunner$1.schedule(ParentRunner.java:79)
14:36:09.474 [Thread-8] ERROR f.i.s.r.p.m.output.MavenErrorHandler - 	at org.junit.runners.ParentRunner.runChildren(ParentRunner.java:329)
14:36:09.474 [Thread-8] ERROR f.i.s.r.p.m.output.MavenErrorHandler - 	at org.junit.runners.ParentRunner.access$100(ParentRunner.java:66)
14:36:09.474 [Thread-8] ERROR f.i.s.r.p.m.output.MavenErrorHandler - 	at org.junit.runners.ParentRunner$2.evaluate(ParentRunner.java:293)
14:36:09.474 [Thread-8] ERROR f.i.s.r.p.m.output.MavenErrorHandler - 	at org.junit.runners.ParentRunner$3.evaluate(ParentRunner.java:306)
14:36:09.474 [Thread-8] ERROR f.i.s.r.p.m.output.MavenErrorHandler - 	at org.junit.runners.ParentRunner.run(ParentRunner.java:413)
14:36:09.474 [Thread-8] ERROR f.i.s.r.p.m.output.MavenErrorHandler - 	at org.mockito.internal.runners.DefaultInternalRunner$1.run(DefaultInternalRunner.java:100)
14:36:09.474 [Thread-8] ERROR f.i.s.r.p.m.output.MavenErrorHandler - 	at org.mockito.internal.runners.DefaultInternalRunner.run(DefaultInternalRunner.java:107)
14:36:09.474 [Thread-8] ERROR f.i.s.r.p.m.output.MavenErrorHandler - 	at org.mockito.internal.runners.StrictRunner.run(StrictRunner.java:41)
14:36:09.474 [Thread-8] ERROR f.i.s.r.p.m.output.MavenErrorHandler - 	at org.mockito.junit.MockitoJUnitRunner.run(MockitoJUnitRunner.java:163)
14:36:09.474 [Thread-8] ERROR f.i.s.r.p.m.output.MavenErrorHandler - 	at org.apache.maven.surefire.junit4.JUnit4Provider.execute(JUnit4Provider.java:367)
14:36:09.475 [Thread-8] ERROR f.i.s.r.p.m.output.MavenErrorHandler - 	at org.apache.maven.surefire.junit4.JUnit4Provider.executeWithRerun(JUnit4Provider.java:274)
14:36:09.475 [Thread-8] ERROR f.i.s.r.p.m.output.MavenErrorHandler - 	at org.apache.maven.surefire.junit4.JUnit4Provider.executeTestSet(JUnit4Provider.java:238)
14:36:09.475 [Thread-8] ERROR f.i.s.r.p.m.output.MavenErrorHandler - 	at org.apache.maven.surefire.junit4.JUnit4Provider.invoke(JUnit4Provider.java:161)
14:36:09.475 [Thread-8] ERROR f.i.s.r.p.m.output.MavenErrorHandler - 	at org.apache.maven.surefire.booter.ForkedBooter.invokeProviderInSameClassLoader(ForkedBooter.java:290)
14:36:09.475 [Thread-8] ERROR f.i.s.r.p.m.output.MavenErrorHandler - 	at org.apache.maven.surefire.booter.ForkedBooter.runSuitesInProcess(ForkedBooter.java:242)
14:36:09.475 [Thread-8] ERROR f.i.s.r.p.m.output.MavenErrorHandler - 	at org.apache.maven.surefire.booter.ForkedBooter.main(ForkedBooter.java:121)
14:36:59.888 [Thread-7] ERROR f.i.s.r.p.m.o.MavenFilterOutputHandler - [ERROR] Failed to execute goal org.apache.maven.plugins:maven-surefire-plugin:2.19.1:test (default-test) on project rocketmq-store: There are test failures.
14:36:59.888 [Thread-7] ERROR f.i.s.r.p.m.o.MavenFilterOutputHandler - [ERROR] 
14:36:59.888 [Thread-7] ERROR f.i.s.r.p.m.o.MavenFilterOutputHandler - [ERROR] Please refer to /root/workspace/apache-rocketmq-master-4553_repo/store/target/surefire-reports for the individual test results.
14:36:59.888 [Thread-7] ERROR f.i.s.r.p.m.o.MavenFilterOutputHandler - [ERROR] -> [Help 1]
14:36:59.892 [Thread-7] ERROR f.i.s.r.p.m.o.MavenFilterOutputHandler - [ERROR] 
14:36:59.892 [Thread-7] ERROR f.i.s.r.p.m.o.MavenFilterOutputHandler - [ERROR] Re-run Maven using the -X switch to enable full debug logging.
14:36:59.892 [Thread-7] ERROR f.i.s.r.p.m.o.MavenFilterOutputHandler - [ERROR] 
14:36:59.892 [Thread-7] ERROR f.i.s.r.p.m.o.MavenFilterOutputHandler - [ERROR] For more information about the errors and possible solutions, please read the following articles:
14:36:59.892 [Thread-7] ERROR f.i.s.r.p.m.o.MavenFilterOutputHandler - [ERROR] [Help 1] http://cwiki.apache.org/confluence/display/MAVEN/MojoFailureException
14:36:59.892 [Thread-7] ERROR f.i.s.r.p.m.o.MavenFilterOutputHandler - [ERROR] 
14:36:59.892 [Thread-7] ERROR f.i.s.r.p.m.o.MavenFilterOutputHandler - [ERROR] After correcting the problems, you can resume the build with the command
14:36:59.892 [Thread-7] ERROR f.i.s.r.p.m.o.MavenFilterOutputHandler - [ERROR]   mvn <goals> -rf :rocketmq-store
14:37:03.550 [main] ERROR f.i.s.r.p.s.paths.ComputeClasspath - The file does not exist: /root/./workspace/apache-rocketmq-master-4553_repo/target/classes.
14:37:03.550 [main] ERROR f.i.s.r.p.s.paths.ComputeClasspath - The file does not exist: /root/./workspace/apache-rocketmq-master-4553_repo/target/test-classes.
14:37:03.603 [main] ERROR f.i.s.r.process.maven.MavenHelper - Error while building complete model. The raw model will be used. Error message: 1 problem was encountered while building the effective model for org.apache.rocketmq:rocketmq-all:4.9.5-SNAPSHOT
[ERROR] Failed to determine Java version for profile jdk8 @ 

14:37:03.618 [main] ERROR f.i.s.r.process.maven.MavenHelper - Error while building complete model. The raw model will be used. Error message: 1 problem was encountered while building the effective model for org.apache.rocketmq:rocketmq-distribution:4.9.5-SNAPSHOT
[ERROR] Failed to determine Java version for profile jdk8 @ org.apache.rocketmq:rocketmq-all:4.9.5-SNAPSHOT, /root/workspace/apache-rocketmq-master-4553_repo/pom.xml

14:37:03.619 [main] ERROR f.i.s.r.p.s.paths.ComputeSourceDir - The source directory is not at default location or specified in build section from pom.xml, and no parent can be found.
14:37:03.619 [main] INFO  f.i.s.r.p.s.paths.ComputeSourceDir - 14 source dirs were found:
14:37:03.619 [main] INFO  f.i.s.r.p.s.paths.ComputeSourceDir - /root/workspace/apache-rocketmq-master-4553_repo/acl/src/main/java
14:37:03.619 [main] INFO  f.i.s.r.p.s.paths.ComputeSourceDir - /root/workspace/apache-rocketmq-master-4553_repo/broker/src/main/java
14:37:03.619 [main] INFO  f.i.s.r.p.s.paths.ComputeSourceDir - /root/workspace/apache-rocketmq-master-4553_repo/client/src/main/java
14:37:03.619 [main] INFO  f.i.s.r.p.s.paths.ComputeSourceDir - /root/workspace/apache-rocketmq-master-4553_repo/common/src/main/java
14:37:03.619 [main] INFO  f.i.s.r.p.s.paths.ComputeSourceDir - /root/workspace/apache-rocketmq-master-4553_repo/example/src/main/java
14:37:03.619 [main] INFO  f.i.s.r.p.s.paths.ComputeSourceDir - /root/workspace/apache-rocketmq-master-4553_repo/filter/src/main/java
14:37:03.619 [main] INFO  f.i.s.r.p.s.paths.ComputeSourceDir - /root/workspace/apache-rocketmq-master-4553_repo/logging/src/main/java
14:37:03.619 [main] INFO  f.i.s.r.p.s.paths.ComputeSourceDir - /root/workspace/apache-rocketmq-master-4553_repo/namesrv/src/main/java
14:37:03.619 [main] INFO  f.i.s.r.p.s.paths.ComputeSourceDir - /root/workspace/apache-rocketmq-master-4553_repo/openmessaging/src/main/java
14:37:03.619 [main] INFO  f.i.s.r.p.s.paths.ComputeSourceDir - /root/workspace/apache-rocketmq-master-4553_repo/remoting/src/main/java
14:37:03.619 [main] INFO  f.i.s.r.p.s.paths.ComputeSourceDir - /root/workspace/apache-rocketmq-master-4553_repo/srvutil/src/main/java
14:37:03.619 [main] INFO  f.i.s.r.p.s.paths.ComputeSourceDir - /root/workspace/apache-rocketmq-master-4553_repo/store/src/main/java
14:37:03.619 [main] INFO  f.i.s.r.p.s.paths.ComputeSourceDir - /root/workspace/apache-rocketmq-master-4553_repo/test/src/main/java
14:37:03.619 [main] INFO  f.i.s.r.p.s.paths.ComputeSourceDir - /root/workspace/apache-rocketmq-master-4553_repo/tools/src/main/java
14:37:03.623 [main] ERROR f.i.s.r.process.maven.MavenHelper - Error while building complete model. The raw model will be used. Error message: 1 problem was encountered while building the effective model for org.apache.rocketmq:rocketmq-all:4.9.5-SNAPSHOT
[ERROR] Failed to determine Java version for profile jdk8 @ 

14:37:03.628 [main] ERROR f.i.s.r.process.maven.MavenHelper - Error while building complete model. The raw model will be used. Error message: 1 problem was encountered while building the effective model for org.apache.rocketmq:rocketmq-client:4.9.5-SNAPSHOT
[ERROR] Failed to determine Java version for profile jdk8 @ org.apache.rocketmq:rocketmq-all:4.9.5-SNAPSHOT, /root/workspace/apache-rocketmq-master-4553_repo/pom.xml

14:37:03.631 [main] ERROR f.i.s.r.process.maven.MavenHelper - Error while building complete model. The raw model will be used. Error message: 1 problem was encountered while building the effective model for org.apache.rocketmq:rocketmq-common:4.9.5-SNAPSHOT
[ERROR] Failed to determine Java version for profile jdk8 @ org.apache.rocketmq:rocketmq-all:4.9.5-SNAPSHOT, /root/workspace/apache-rocketmq-master-4553_repo/pom.xml

14:37:03.635 [main] ERROR f.i.s.r.process.maven.MavenHelper - Error while building complete model. The raw model will be used. Error message: 1 problem was encountered while building the effective model for org.apache.rocketmq:rocketmq-broker:4.9.5-SNAPSHOT
[ERROR] Failed to determine Java version for profile jdk8 @ org.apache.rocketmq:rocketmq-all:4.9.5-SNAPSHOT, /root/workspace/apache-rocketmq-master-4553_repo/pom.xml

14:37:03.638 [main] ERROR f.i.s.r.process.maven.MavenHelper - Error while building complete model. The raw model will be used. Error message: 1 problem was encountered while building the effective model for org.apache.rocketmq:rocketmq-tools:4.9.5-SNAPSHOT
[ERROR] Failed to determine Java version for profile jdk8 @ org.apache.rocketmq:rocketmq-all:4.9.5-SNAPSHOT, /root/workspace/apache-rocketmq-master-4553_repo/pom.xml

14:37:03.641 [main] ERROR f.i.s.r.process.maven.MavenHelper - Error while building complete model. The raw model will be used. Error message: 1 problem was encountered while building the effective model for org.apache.rocketmq:rocketmq-store:4.9.5-SNAPSHOT
[ERROR] Failed to determine Java version for profile jdk8 @ org.apache.rocketmq:rocketmq-all:4.9.5-SNAPSHOT, /root/workspace/apache-rocketmq-master-4553_repo/pom.xml

14:37:03.644 [main] ERROR f.i.s.r.process.maven.MavenHelper - Error while building complete model. The raw model will be used. Error message: 1 problem was encountered while building the effective model for org.apache.rocketmq:rocketmq-namesrv:4.9.5-SNAPSHOT
[ERROR] Failed to determine Java version for profile jdk8 @ org.apache.rocketmq:rocketmq-all:4.9.5-SNAPSHOT, /root/workspace/apache-rocketmq-master-4553_repo/pom.xml

14:37:03.647 [main] ERROR f.i.s.r.process.maven.MavenHelper - Error while building complete model. The raw model will be used. Error message: 1 problem was encountered while building the effective model for org.apache.rocketmq:rocketmq-remoting:4.9.5-SNAPSHOT
[ERROR] Failed to determine Java version for profile jdk8 @ org.apache.rocketmq:rocketmq-all:4.9.5-SNAPSHOT, /root/workspace/apache-rocketmq-master-4553_repo/pom.xml

14:37:03.650 [main] ERROR f.i.s.r.process.maven.MavenHelper - Error while building complete model. The raw model will be used. Error message: 1 problem was encountered while building the effective model for org.apache.rocketmq:rocketmq-srvutil:4.9.5-SNAPSHOT
[ERROR] Failed to determine Java version for profile jdk8 @ org.apache.rocketmq:rocketmq-all:4.9.5-SNAPSHOT, /root/workspace/apache-rocketmq-master-4553_repo/pom.xml

14:37:03.650 [main] ERROR f.i.s.r.p.step.paths.ComputeTestDir - The test directory is not at default location or specified in build section from pom.xml, and no parent can be found.
14:37:03.653 [main] ERROR f.i.s.r.process.maven.MavenHelper - Error while building complete model. The raw model will be used. Error message: 1 problem was encountered while building the effective model for org.apache.rocketmq:rocketmq-filter:4.9.5-SNAPSHOT
[ERROR] Failed to determine Java version for profile jdk8 @ org.apache.rocketmq:rocketmq-all:4.9.5-SNAPSHOT, /root/workspace/apache-rocketmq-master-4553_repo/pom.xml

14:37:03.656 [main] ERROR f.i.s.r.process.maven.MavenHelper - Error while building complete model. The raw model will be used. Error message: 1 problem was encountered while building the effective model for org.apache.rocketmq:rocketmq-test:4.9.5-SNAPSHOT
[ERROR] Failed to determine Java version for profile jdk8 @ org.apache.rocketmq:rocketmq-all:4.9.5-SNAPSHOT, /root/workspace/apache-rocketmq-master-4553_repo/pom.xml

14:37:03.658 [main] ERROR f.i.s.r.process.maven.MavenHelper - Error while building complete model. The raw model will be used. Error message: 1 problem was encountered while building the effective model for org.apache.rocketmq:rocketmq-distribution:4.9.5-SNAPSHOT
[ERROR] Failed to determine Java version for profile jdk8 @ org.apache.rocketmq:rocketmq-all:4.9.5-SNAPSHOT, /root/workspace/apache-rocketmq-master-4553_repo/pom.xml

14:37:03.659 [main] ERROR f.i.s.r.p.step.paths.ComputeTestDir - The test directory is not at default location or specified in build section from pom.xml, and no parent can be found.
14:37:03.661 [main] ERROR f.i.s.r.process.maven.MavenHelper - Error while building complete model. The raw model will be used. Error message: 1 problem was encountered while building the effective model for org.apache.rocketmq:rocketmq-openmessaging:4.9.5-SNAPSHOT
[ERROR] Failed to determine Java version for profile jdk8 @ org.apache.rocketmq:rocketmq-all:4.9.5-SNAPSHOT, /root/workspace/apache-rocketmq-master-4553_repo/pom.xml

14:37:03.664 [main] ERROR f.i.s.r.process.maven.MavenHelper - Error while building complete model. The raw model will be used. Error message: 1 problem was encountered while building the effective model for org.apache.rocketmq:rocketmq-logging:4.9.5-SNAPSHOT
[ERROR] Failed to determine Java version for profile jdk8 @ org.apache.rocketmq:rocketmq-all:4.9.5-SNAPSHOT, /root/workspace/apache-rocketmq-master-4553_repo/pom.xml

14:37:03.666 [main] ERROR f.i.s.r.process.maven.MavenHelper - Error while building complete model. The raw model will be used. Error message: 1 problem was encountered while building the effective model for org.apache.rocketmq:rocketmq-acl:4.9.5-SNAPSHOT
[ERROR] Failed to determine Java version for profile jdk8 @ org.apache.rocketmq:rocketmq-all:4.9.5-SNAPSHOT, /root/workspace/apache-rocketmq-master-4553_repo/pom.xml

14:37:03.669 [main] ERROR f.i.s.r.process.maven.MavenHelper - Error while building complete model. The raw model will be used. Error message: 1 problem was encountered while building the effective model for org.apache.rocketmq:rocketmq-example:4.9.5-SNAPSHOT
[ERROR] Failed to determine Java version for profile jdk8 @ org.apache.rocketmq:rocketmq-all:4.9.5-SNAPSHOT, /root/workspace/apache-rocketmq-master-4553_repo/pom.xml

14:37:03.669 [main] ERROR f.i.s.r.p.step.paths.ComputeTestDir - The test directory is not at default location or specified in build section from pom.xml, and no parent can be found.
14:37:03.669 [main] INFO  f.i.s.r.p.step.paths.ComputeTestDir - 12 test dirs were found:
14:37:03.669 [main] INFO  f.i.s.r.p.step.paths.ComputeTestDir - /root/workspace/apache-rocketmq-master-4553_repo/acl/src/test/java
14:37:03.669 [main] INFO  f.i.s.r.p.step.paths.ComputeTestDir - /root/workspace/apache-rocketmq-master-4553_repo/broker/src/test/java
14:37:03.669 [main] INFO  f.i.s.r.p.step.paths.ComputeTestDir - /root/workspace/apache-rocketmq-master-4553_repo/client/src/test/java
14:37:03.669 [main] INFO  f.i.s.r.p.step.paths.ComputeTestDir - /root/workspace/apache-rocketmq-master-4553_repo/common/src/test/java
14:37:03.669 [main] INFO  f.i.s.r.p.step.paths.ComputeTestDir - /root/workspace/apache-rocketmq-master-4553_repo/filter/src/test/java
14:37:03.669 [main] INFO  f.i.s.r.p.step.paths.ComputeTestDir - /root/workspace/apache-rocketmq-master-4553_repo/logging/src/test/java
14:37:03.669 [main] INFO  f.i.s.r.p.step.paths.ComputeTestDir - /root/workspace/apache-rocketmq-master-4553_repo/namesrv/src/test/java
14:37:03.669 [main] INFO  f.i.s.r.p.step.paths.ComputeTestDir - /root/workspace/apache-rocketmq-master-4553_repo/openmessaging/src/test/java
14:37:03.669 [main] INFO  f.i.s.r.p.step.paths.ComputeTestDir - /root/workspace/apache-rocketmq-master-4553_repo/remoting/src/test/java
14:37:03.669 [main] INFO  f.i.s.r.p.step.paths.ComputeTestDir - /root/workspace/apache-rocketmq-master-4553_repo/store/src/test/java
14:37:03.669 [main] INFO  f.i.s.r.p.step.paths.ComputeTestDir - /root/workspace/apache-rocketmq-master-4553_repo/test/src/test/java
14:37:03.669 [main] INFO  f.i.s.r.p.step.paths.ComputeTestDir - /root/workspace/apache-rocketmq-master-4553_repo/tools/src/test/java
14:37:03.817 [main] INFO  f.i.s.r.p.s.g.GatherTestInformation - Get the following failing module path: /root/workspace/apache-rocketmq-master-4553_repo/store
14:37:03.824 [main] INFO  f.i.s.r.p.s.g.GatherTestInformation - ---Test results---
14:37:03.824 [main] INFO  f.i.s.r.p.s.g.GatherTestInformation -    Total tests: 386
14:37:03.824 [main] INFO  f.i.s.r.p.s.g.GatherTestInformation -    Tests run: 364
14:37:03.824 [main] INFO  f.i.s.r.p.s.g.GatherTestInformation -    Tests passing: 362
14:37:03.824 [main] INFO  f.i.s.r.p.s.g.GatherTestInformation -    Failures: 1
14:37:03.824 [main] INFO  f.i.s.r.p.s.g.GatherTestInformation -    Errors: 1
14:37:03.824 [main] INFO  f.i.s.r.p.s.g.GatherTestInformation -    Skipped: 22
[0] INFO Flacoco - Running Flacoco...
[23] WARN TestMethodFilter - NoClassDefFoundError: class org.apache.rocketmq.store.dledger.DLedgerCommitLog
[25] WARN TestMethodFilter - NoClassDefFoundError: class org.apache.rocketmq.store.MultiDispatch
[25] WARN TestMethodFilter - NoClassDefFoundError: class org.apache.rocketmq.store.CommitLog
[29] WARN TestMethodFilter - NoClassDefFoundError: class org.apache.rocketmq.store.MappedFile
[33] WARN TestMethodFilter - NoClassDefFoundError: class org.apache.rocketmq.store.stats.LmqBrokerStatsManager
[34] WARN TestMethodFilter - NoClassDefFoundError: class org.apache.rocketmq.store.stats.BrokerStatsManager
[35] WARN TestMethodFilter - NoClassDefFoundError: class org.apache.rocketmq.store.DefaultMessageStore
[43] WARN TestMethodFilter - NoClassDefFoundError: class org.apache.rocketmq.store.ConsumeQueueTest
[45] WARN TestMethodFilter - NoClassDefFoundError: class org.apache.rocketmq.store.BatchPutMessageTest
[48] WARN TestMethodFilter - NoClassDefFoundError: class org.apache.rocketmq.store.schedule.ScheduleMessageServiceTest
[52] WARN TestMethodFilter - NoClassDefFoundError: class org.apache.rocketmq.store.dledger.DLedgerCommitLog
[52] WARN TestMethodFilter - NoClassDefFoundError: class org.apache.rocketmq.store.MultiDispatch
[52] WARN TestMethodFilter - NoClassDefFoundError: class org.apache.rocketmq.store.CommitLog
[52] WARN TestMethodFilter - NoClassDefFoundError: class org.apache.rocketmq.store.ha.HAConnection
[52] WARN TestMethodFilter - NoClassDefFoundError: class org.apache.rocketmq.store.ha.HAService
[53] WARN TestMethodFilter - NoClassDefFoundError: class org.apache.rocketmq.store.MappedFile
[54] WARN TestMethodFilter - NoClassDefFoundError: class org.apache.rocketmq.store.stats.BrokerStatsManager
[54] WARN TestMethodFilter - NoClassDefFoundError: class org.apache.rocketmq.store.DefaultMessageStore
[56] WARN TestMethodFilter - NoClassDefFoundError: class org.apache.rocketmq.store.ConsumeQueueTest
[56] WARN TestMethodFilter - NoClassDefFoundError: class org.apache.rocketmq.store.HATest
[56] WARN TestMethodFilter - NoClassDefFoundError: class org.apache.rocketmq.store.BatchPutMessageTest
[57] WARN TestMethodFilter - NoClassDefFoundError: class org.apache.rocketmq.store.DefaultMessageStoreTest
[57] WARN TestMethodFilter - NoClassDefFoundError: class org.apache.rocketmq.store.StoreTestBase
[57] WARN TestMethodFilter - NoClassDefFoundError: class org.apache.rocketmq.store.schedule.ScheduleMessageServiceTest
[1142] WARN CoverageRunner - Test [Manual]TestMethod=org.apache.rocketmq.store.dledger.MixCommitlogTest#testFallBehindCQ result was not reported by test-runner.
[1142] WARN CoverageRunner - Test [Manual]TestMethod=org.apache.rocketmq.store.dledger.MixCommitlogTest#testDeleteExpiredFiles result was not reported by test-runner.
[1142] WARN CoverageRunner - Test [Manual]TestMethod=org.apache.rocketmq.store.dledger.MixCommitlogTest#testPutAndGet result was not reported by test-runner.
[1142] WARN CoverageRunner - Test [Manual]TestMethod=org.apache.rocketmq.store.dledger.DLedgerMultiPathTest#multiDirsStorageTest result was not reported by test-runner.
[1142] WARN CoverageRunner - Test [Manual]TestMethod=org.apache.rocketmq.store.dledger.DLedgerCommitlogTest#testTruncateCQ result was not reported by test-runner.
[1142] WARN CoverageRunner - Test [Manual]TestMethod=org.apache.rocketmq.store.dledger.DLedgerCommitlogTest#testRecover result was not reported by test-runner.
[1142] WARN CoverageRunner - Test [Manual]TestMethod=org.apache.rocketmq.store.dledger.DLedgerCommitlogTest#testPutAndGetMessage result was not reported by test-runner.
[1142] WARN CoverageRunner - Test [Manual]TestMethod=org.apache.rocketmq.store.dledger.DLedgerCommitlogTest#testBatchPutAndGetMessage result was not reported by test-runner.
[1142] WARN CoverageRunner - Test [Manual]TestMethod=org.apache.rocketmq.store.dledger.DLedgerCommitlogTest#testAsyncPutAndGetMessage result was not reported by test-runner.
[1142] WARN CoverageRunner - Test [Manual]TestMethod=org.apache.rocketmq.store.dledger.DLedgerCommitlogTest#testAsyncBatchPutAndGetMessage result was not reported by test-runner.
[1142] WARN CoverageRunner - Test [Manual]TestMethod=org.apache.rocketmq.store.dledger.DLedgerCommitlogTest#testCommittedPos result was not reported by test-runner.
[1142] WARN CoverageRunner - Test [Manual]TestMethod=org.apache.rocketmq.store.dledger.DLedgerCommitlogTest#testIPv6HostMsgCommittedPos result was not reported by test-runner.
[1518] WARN CoverageRunner - Test [Manual]TestMethod=org.apache.rocketmq.store.HATest#testHandleHA result was not reported by test-runner.
[1518] WARN CoverageRunner - Test [Manual]TestMethod=org.apache.rocketmq.store.HATest#testSemiSyncReplica result was not reported by test-runner.
[1878] WARN CoverageRunner - Test [Manual]TestMethod=org.apache.rocketmq.store.DefaultMessageStoreTest#testWriteAndRead result was not reported by test-runner.
[1878] WARN CoverageRunner - Test [Manual]TestMethod=org.apache.rocketmq.store.DefaultMessageStoreTest#testPullSize result was not reported by test-runner.
[1878] WARN CoverageRunner - Test [Manual]TestMethod=org.apache.rocketmq.store.DefaultMessageStoreTest#testStorePathOK result was not reported by test-runner.
[1878] WARN CoverageRunner - Test [Manual]TestMethod=org.apache.rocketmq.store.DefaultMessageStoreTest#testCleanUnusedLmqTopic result was not reported by test-runner.
[1878] WARN CoverageRunner - Test [Manual]TestMethod=org.apache.rocketmq.store.DefaultMessageStoreTest#testPutLongMessage result was not reported by test-runner.
[1878] WARN CoverageRunner - Test [Manual]TestMethod=org.apache.rocketmq.store.DefaultMessageStoreTest#testDynamicMaxMessageSize result was not reported by test-runner.
[1878] WARN CoverageRunner - Test [Manual]TestMethod=org.apache.rocketmq.store.DefaultMessageStoreTest#test_repeat_restart result was not reported by test-runner.
[1878] WARN CoverageRunner - Test [Manual]TestMethod=org.apache.rocketmq.store.DefaultMessageStoreTest#testLookMessageByOffset_OffsetIsFirst result was not reported by test-runner.
[1878] WARN CoverageRunner - Test [Manual]TestMethod=org.apache.rocketmq.store.DefaultMessageStoreTest#testLookMessageByOffset_OffsetIsLast result was not reported by test-runner.
[1878] WARN CoverageRunner - Test [Manual]TestMethod=org.apache.rocketmq.store.DefaultMessageStoreTest#testLookMessageByOffset_OffsetIsOutOfBound result was not reported by test-runner.
[1878] WARN CoverageRunner - Test [Manual]TestMethod=org.apache.rocketmq.store.DefaultMessageStoreTest#testGetOffsetInQueueByTime result was not reported by test-runner.
[1878] WARN CoverageRunner - Test [Manual]TestMethod=org.apache.rocketmq.store.DefaultMessageStoreTest#testGetOffsetInQueueByTime_TimestampIsSkewing result was not reported by test-runner.
[1878] WARN CoverageRunner - Test [Manual]TestMethod=org.apache.rocketmq.store.DefaultMessageStoreTest#testGetOffsetInQueueByTime_TimestampSkewingIsLarge result was not reported by test-runner.
[1878] WARN CoverageRunner - Test [Manual]TestMethod=org.apache.rocketmq.store.DefaultMessageStoreTest#testGetOffsetInQueueByTime_ConsumeQueueNotFound1 result was not reported by test-runner.
[1878] WARN CoverageRunner - Test [Manual]TestMethod=org.apache.rocketmq.store.DefaultMessageStoreTest#testGetOffsetInQueueByTime_ConsumeQueueNotFound2 result was not reported by test-runner.
[1878] WARN CoverageRunner - Test [Manual]TestMethod=org.apache.rocketmq.store.DefaultMessageStoreTest#testGetOffsetInQueueByTime_ConsumeQueueOffsetNotExist result was not reported by test-runner.
[1878] WARN CoverageRunner - Test [Manual]TestMethod=org.apache.rocketmq.store.DefaultMessageStoreTest#testGetMessageStoreTimeStamp result was not reported by test-runner.
[1878] WARN CoverageRunner - Test [Manual]TestMethod=org.apache.rocketmq.store.DefaultMessageStoreTest#testGetStoreTime_ParamIsNull result was not reported by test-runner.
[1878] WARN CoverageRunner - Test [Manual]TestMethod=org.apache.rocketmq.store.DefaultMessageStoreTest#testGetStoreTime_EverythingIsOk result was not reported by test-runner.
[1878] WARN CoverageRunner - Test [Manual]TestMethod=org.apache.rocketmq.store.DefaultMessageStoreTest#testGetStoreTime_PhyOffsetIsLessThanCommitLogMinOffset result was not reported by test-runner.
[1878] WARN CoverageRunner - Test [Manual]TestMethod=org.apache.rocketmq.store.DefaultMessageStoreTest#testRecover result was not reported by test-runner.
[2245] INFO CoverageRunner - Tests found: 93
[2245] INFO CoverageRunner - Tests executed: 58
14:37:06.587 [main] INFO  fr.inria.jtravis.JTravis - GitHub ratelimit: Limit: 5000 Remaining: 3452 Reset hour: 05:17:06
14:37:07.769 [main] WARN  f.i.s.r.p.s.p.PushFaultLocalizationSuggestionsOnGitHubRepository - Flacoco has found 104 suspicious lines, but none were matched to the diff
14:37:08.385 [main] INFO  f.i.s.r.p.s.f.FlacocoLocalization - 
14:37:08.656 [main] INFO  f.i.s.r.p.i.ProjectInspector - ----------------------------------------------------------------------
14:37:08.656 [main] INFO  f.i.s.r.p.i.ProjectInspector - PIPELINE EXECUTION SUMMARY
14:37:08.656 [main] INFO  f.i.s.r.p.i.ProjectInspector - ----------------------------------------------------------------------
14:37:08.656 [main] INFO  f.i.s.r.p.i.ProjectInspector - CloneCheckoutGitPullRequest..........................SUCCESS [   8 s ]
14:37:08.656 [main] INFO  f.i.s.r.p.i.ProjectInspector - BuildProject.........................................SUCCESS [  17 s ]
14:37:08.656 [main] INFO  f.i.s.r.p.i.ProjectInspector - TestProject..........................................SUCCESS [ 131 s ]
14:37:08.656 [main] INFO  f.i.s.r.p.i.ProjectInspector - ComputeClasspath.....................................SUCCESS [   3 s ]
14:37:08.656 [main] INFO  f.i.s.r.p.i.ProjectInspector - ComputeSourceDir.....................................SUCCESS [   0 s ]
14:37:08.656 [main] INFO  f.i.s.r.p.i.ProjectInspector - ComputeTestDir.......................................SUCCESS [   0 s ]
14:37:08.656 [main] INFO  f.i.s.r.p.i.ProjectInspector - GatherTestInformation................................SUCCESS [   0 s ]
14:37:08.656 [main] INFO  f.i.s.r.p.i.ProjectInspector - FlacocoLocalization..................................SUCCESS [   2 s ]
14:37:08.656 [main] INFO  f.i.s.r.p.i.ProjectInspector - PushFaultLocalizationSuggestionsOnGitHubRepository...SKIPPED          
14:37:08.656 [main] INFO  f.i.s.r.p.i.ProjectInspector - ----------------------------------------------------------------------
14:37:08.656 [main] INFO  f.i.s.r.p.i.ProjectInspector - PIPELINE FINDING: TEST FAILURE
14:37:08.656 [main] INFO  f.i.s.r.p.i.ProjectInspector - ----------------------------------------------------------------------
14:37:08.656 [main] INFO  f.i.s.r.p.github.GithubMainProcess - Inspector is finished. The process will exit now.
