Execute pipeline with following supplementary args: --smtpPort 25 --listenerMode NOOP --launcherMode FAULT_LOCALIZATION  --gitrepourl https://github.com/apache/rocketmq --gitrepopullrequest 4450
java -cp /usr/local/openjdk-11/lib/tools.jar:repairnator-pipeline.jar -Dlogback.configurationFile=/root/logback.xml fr.inria.spirals.repairnator.pipeline.Launcher -d --runId null -o /var/log --ghOauth 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 --faultLocalization --flacocoThreshold 0.0 --flacocoTopK null --flacocoResultsRepository flacocobot/2022-flacocobot-experiment --ghOauth  --smtpPort 25 --listenerMode NOOP --launcherMode FAULT_LOCALIZATION  --gitrepourl https://github.com/apache/rocketmq --gitrepopullrequest 4450

15:35:06.093 [main] INFO  f.i.s.r.p.g.GithubInitSerializerEngines - Initialize file serializer engines.
15:35:06.095 [main] INFO  f.i.s.r.p.g.GithubInitSerializerEngines - MongoDB won't be used for serialization.
15:35:06.095 [main] INFO  f.i.s.r.p.github.GithubInitNotifiers - The email notifier engine won't be used.
15:35:06.114 [main] INFO  f.i.s.r.p.i.ProjectInspector - ----------------------------------------------------------------------
15:35:06.114 [main] INFO  f.i.s.r.p.i.ProjectInspector - PIPELINE STEPS
15:35:06.114 [main] INFO  f.i.s.r.p.i.ProjectInspector - ----------------------------------------------------------------------
15:35:06.114 [main] INFO  f.i.s.r.p.i.ProjectInspector - CloneCheckoutGitPullRequest
15:35:06.114 [main] INFO  f.i.s.r.p.i.ProjectInspector - BuildProject
15:35:06.114 [main] INFO  f.i.s.r.p.i.ProjectInspector - TestProject
15:35:06.114 [main] INFO  f.i.s.r.p.i.ProjectInspector - ComputeClasspath
15:35:06.114 [main] INFO  f.i.s.r.p.i.ProjectInspector - ComputeSourceDir
15:35:06.114 [main] INFO  f.i.s.r.p.i.ProjectInspector - ComputeTestDir
15:35:06.114 [main] INFO  f.i.s.r.p.i.ProjectInspector - GatherTestInformation
15:35:06.114 [main] INFO  f.i.s.r.p.i.ProjectInspector - FlacocoLocalization
15:35:06.114 [main] INFO  f.i.s.r.p.i.ProjectInspector - PushFaultLocalizationSuggestionsOnGitHubRepository
15:35:06.114 [main] INFO  f.i.s.r.p.s.CloneCheckoutGitPullRequest - Cloning repository https://github.com/apache/rocketmq.git in the following directory: ./workspace/apache-rocketmq-master-4450_repo
15:35:33.469 [Thread-4] ERROR f.i.s.r.p.m.o.MavenFilterOutputHandler - [ERROR] COMPILATION ERROR : 
15:35:33.470 [Thread-4] ERROR f.i.s.r.p.m.o.MavenFilterOutputHandler - [ERROR] /root/workspace/apache-rocketmq-master-4450_repo/test/src/main/java/org/apache/rocketmq/test/util/StatUtil.java:[32,24] package javax.annotation does not exist
15:35:33.470 [Thread-4] ERROR f.i.s.r.p.m.o.MavenFilterOutputHandler - [ERROR] /root/workspace/apache-rocketmq-master-4450_repo/test/src/main/java/org/apache/rocketmq/test/util/StatUtil.java:[39,2] cannot find symbol
15:35:33.473 [Thread-4] ERROR f.i.s.r.p.m.o.MavenFilterOutputHandler - [ERROR] Failed to execute goal org.apache.maven.plugins:maven-compiler-plugin:3.5.1:compile (default-compile) on project rocketmq-test: Compilation failure: Compilation failure: 
15:35:33.473 [Thread-4] ERROR f.i.s.r.p.m.o.MavenFilterOutputHandler - [ERROR] /root/workspace/apache-rocketmq-master-4450_repo/test/src/main/java/org/apache/rocketmq/test/util/StatUtil.java:[32,24] package javax.annotation does not exist
15:35:33.473 [Thread-4] ERROR f.i.s.r.p.m.o.MavenFilterOutputHandler - [ERROR] /root/workspace/apache-rocketmq-master-4450_repo/test/src/main/java/org/apache/rocketmq/test/util/StatUtil.java:[39,2] cannot find symbol
15:35:33.473 [Thread-4] ERROR f.i.s.r.p.m.o.MavenFilterOutputHandler - [ERROR]   symbol: class Generated
15:35:33.473 [Thread-4] ERROR f.i.s.r.p.m.o.MavenFilterOutputHandler - [ERROR] -> [Help 1]
15:35:33.477 [Thread-4] ERROR f.i.s.r.p.m.o.MavenFilterOutputHandler - [ERROR] 
15:35:33.477 [Thread-4] ERROR f.i.s.r.p.m.o.MavenFilterOutputHandler - [ERROR] Re-run Maven using the -X switch to enable full debug logging.
15:35:33.477 [Thread-4] ERROR f.i.s.r.p.m.o.MavenFilterOutputHandler - [ERROR] 
15:35:33.477 [Thread-4] ERROR f.i.s.r.p.m.o.MavenFilterOutputHandler - [ERROR] For more information about the errors and possible solutions, please read the following articles:
15:35:33.477 [Thread-4] ERROR f.i.s.r.p.m.o.MavenFilterOutputHandler - [ERROR] [Help 1] http://cwiki.apache.org/confluence/display/MAVEN/MojoFailureException
15:35:33.477 [Thread-4] ERROR f.i.s.r.p.m.o.MavenFilterOutputHandler - [ERROR] 
15:35:33.477 [Thread-4] ERROR f.i.s.r.p.m.o.MavenFilterOutputHandler - [ERROR] After correcting the problems, you can resume the build with the command
15:35:33.478 [Thread-4] ERROR f.i.s.r.p.m.o.MavenFilterOutputHandler - [ERROR]   mvn <goals> -rf :rocketmq-test
15:35:34.019 [main] ERROR f.i.s.r.process.step.BuildProject - Repository apache/rocketmq cannot be built.
15:35:34.020 [main] INFO  f.i.s.r.process.step.BuildProject - 
15:35:34.240 [main] INFO  f.i.s.r.p.i.ProjectInspector - ----------------------------------------------------------------------
15:35:34.240 [main] INFO  f.i.s.r.p.i.ProjectInspector - PIPELINE EXECUTION SUMMARY
15:35:34.240 [main] INFO  f.i.s.r.p.i.ProjectInspector - ----------------------------------------------------------------------
15:35:34.240 [main] INFO  f.i.s.r.p.i.ProjectInspector - CloneCheckoutGitPullRequest...........................SUCCESS [  6 s ]
15:35:34.240 [main] INFO  f.i.s.r.p.i.ProjectInspector - BuildProject..........................................FAILURE [ 21 s ]
15:35:34.241 [main] INFO  f.i.s.r.p.i.ProjectInspector - TestProject...........................................NOT RUN         
15:35:34.241 [main] INFO  f.i.s.r.p.i.ProjectInspector - ComputeClasspath......................................NOT RUN         
15:35:34.241 [main] INFO  f.i.s.r.p.i.ProjectInspector - ComputeSourceDir......................................NOT RUN         
15:35:34.241 [main] INFO  f.i.s.r.p.i.ProjectInspector - ComputeTestDir........................................NOT RUN         
15:35:34.241 [main] INFO  f.i.s.r.p.i.ProjectInspector - GatherTestInformation.................................NOT RUN         
15:35:34.241 [main] INFO  f.i.s.r.p.i.ProjectInspector - FlacocoLocalization...................................NOT RUN         
15:35:34.241 [main] INFO  f.i.s.r.p.i.ProjectInspector - PushFaultLocalizationSuggestionsOnGitHubRepository....NOT RUN         
15:35:34.241 [main] INFO  f.i.s.r.p.i.ProjectInspector - ----------------------------------------------------------------------
15:35:34.241 [main] INFO  f.i.s.r.p.i.ProjectInspector - PIPELINE FINDING: NOTBUILDABLE
15:35:34.241 [main] INFO  f.i.s.r.p.i.ProjectInspector - ----------------------------------------------------------------------
15:35:34.241 [main] INFO  f.i.s.r.p.github.GithubMainProcess - Inspector is finished. The process will exit now.
