Execute pipeline with following supplementary args: --smtpPort 25 --listenerMode NOOP --launcherMode FAULT_LOCALIZATION  --gitrepourl https://github.com/jenkinsci/kubernetes-plugin --gitrepopullrequest 1200
java -cp /usr/local/openjdk-11/lib/tools.jar:repairnator-pipeline.jar -Dlogback.configurationFile=/root/logback.xml fr.inria.spirals.repairnator.pipeline.Launcher -d --runId null -o /var/log --ghOauth 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 --faultLocalization --flacocoThreshold 0.0 --flacocoTopK null --flacocoResultsRepository flacocobot/2022-flacocobot-experiment --ghOauth  --smtpPort 25 --listenerMode NOOP --launcherMode FAULT_LOCALIZATION  --gitrepourl https://github.com/jenkinsci/kubernetes-plugin --gitrepopullrequest 1200

21:22:15.266 [main] INFO  f.i.s.r.p.g.GithubInitSerializerEngines - Initialize file serializer engines.
21:22:15.270 [main] INFO  f.i.s.r.p.g.GithubInitSerializerEngines - MongoDB won't be used for serialization.
21:22:15.270 [main] INFO  f.i.s.r.p.github.GithubInitNotifiers - The email notifier engine won't be used.
21:22:15.301 [main] INFO  f.i.s.r.p.i.ProjectInspector - ----------------------------------------------------------------------
21:22:15.306 [main] INFO  f.i.s.r.p.i.ProjectInspector - PIPELINE STEPS
21:22:15.306 [main] INFO  f.i.s.r.p.i.ProjectInspector - ----------------------------------------------------------------------
21:22:15.306 [main] INFO  f.i.s.r.p.i.ProjectInspector - CloneCheckoutGitPullRequest
21:22:15.306 [main] INFO  f.i.s.r.p.i.ProjectInspector - BuildProject
21:22:15.306 [main] INFO  f.i.s.r.p.i.ProjectInspector - TestProject
21:22:15.306 [main] INFO  f.i.s.r.p.i.ProjectInspector - ComputeClasspath
21:22:15.306 [main] INFO  f.i.s.r.p.i.ProjectInspector - ComputeSourceDir
21:22:15.307 [main] INFO  f.i.s.r.p.i.ProjectInspector - ComputeTestDir
21:22:15.307 [main] INFO  f.i.s.r.p.i.ProjectInspector - GatherTestInformation
21:22:15.307 [main] INFO  f.i.s.r.p.i.ProjectInspector - FlacocoLocalization
21:22:15.307 [main] INFO  f.i.s.r.p.i.ProjectInspector - PushFaultLocalizationSuggestionsOnGitHubRepository
21:22:15.307 [main] INFO  f.i.s.r.p.s.CloneCheckoutGitPullRequest - Cloning repository https://github.com/jenkinsci/kubernetes-plugin.git in the following directory: ./workspace/jenkinsci-kubernetes-plugin-master-1200_repo
21:28:08.706 [Thread-4] ERROR f.i.s.r.p.m.o.MavenFilterOutputHandler - [ERROR] Failed to execute goal org.jenkins-ci.tools:maven-hpi-plugin:3.27:validate-hpi (default-validate-hpi) on project kubernetes: Dependency org.jenkins-ci.plugins:docker-workflow:jar:1.29 requires Jenkins 2.332.1 or higher. -> [Help 1]
21:28:08.720 [Thread-4] ERROR f.i.s.r.p.m.o.MavenFilterOutputHandler - [ERROR] 
21:28:08.721 [Thread-4] ERROR f.i.s.r.p.m.o.MavenFilterOutputHandler - [ERROR] Re-run Maven using the -X switch to enable full debug logging.
21:28:08.721 [Thread-4] ERROR f.i.s.r.p.m.o.MavenFilterOutputHandler - [ERROR] 
21:28:08.722 [Thread-4] ERROR f.i.s.r.p.m.o.MavenFilterOutputHandler - [ERROR] For more information about the errors and possible solutions, please read the following articles:
21:28:08.723 [Thread-4] ERROR f.i.s.r.p.m.o.MavenFilterOutputHandler - [ERROR] [Help 1] http://cwiki.apache.org/confluence/display/MAVEN/MojoExecutionException
21:28:09.498 [main] ERROR f.i.s.r.process.step.BuildProject - Repository jenkinsci/kubernetes-plugin cannot be built.
21:28:09.499 [main] INFO  f.i.s.r.process.step.BuildProject - 
21:28:10.005 [main] INFO  f.i.s.r.p.i.ProjectInspector - ----------------------------------------------------------------------
21:28:10.005 [main] INFO  f.i.s.r.p.i.ProjectInspector - PIPELINE EXECUTION SUMMARY
21:28:10.005 [main] INFO  f.i.s.r.p.i.ProjectInspector - ----------------------------------------------------------------------
21:28:10.006 [main] INFO  f.i.s.r.p.i.ProjectInspector - CloneCheckoutGitPullRequest..........................SUCCESS [   8 s ]
21:28:10.006 [main] INFO  f.i.s.r.p.i.ProjectInspector - BuildProject.........................................FAILURE [ 346 s ]
21:28:10.006 [main] INFO  f.i.s.r.p.i.ProjectInspector - TestProject..........................................NOT RUN          
21:28:10.006 [main] INFO  f.i.s.r.p.i.ProjectInspector - ComputeClasspath.....................................NOT RUN          
21:28:10.006 [main] INFO  f.i.s.r.p.i.ProjectInspector - ComputeSourceDir.....................................NOT RUN          
21:28:10.006 [main] INFO  f.i.s.r.p.i.ProjectInspector - ComputeTestDir.......................................NOT RUN          
21:28:10.006 [main] INFO  f.i.s.r.p.i.ProjectInspector - GatherTestInformation................................NOT RUN          
21:28:10.006 [main] INFO  f.i.s.r.p.i.ProjectInspector - FlacocoLocalization..................................NOT RUN          
21:28:10.006 [main] INFO  f.i.s.r.p.i.ProjectInspector - PushFaultLocalizationSuggestionsOnGitHubRepository...NOT RUN          
21:28:10.007 [main] INFO  f.i.s.r.p.i.ProjectInspector - ----------------------------------------------------------------------
21:28:10.007 [main] INFO  f.i.s.r.p.i.ProjectInspector - PIPELINE FINDING: NOTBUILDABLE
21:28:10.007 [main] INFO  f.i.s.r.p.i.ProjectInspector - ----------------------------------------------------------------------
21:28:10.007 [main] INFO  f.i.s.r.p.github.GithubMainProcess - Inspector is finished. The process will exit now.
