Execute pipeline with following supplementary args: --smtpPort 25 --listenerMode NOOP --launcherMode FAULT_LOCALIZATION  --gitrepourl https://github.com/apache/rocketmq --gitrepopullrequest 4138
java -cp /usr/local/openjdk-11/lib/tools.jar:repairnator-pipeline.jar -Dlogback.configurationFile=/root/logback.xml fr.inria.spirals.repairnator.pipeline.Launcher -d --runId null -o /var/log --ghOauth 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 --faultLocalization --flacocoThreshold 0.0 --flacocoTopK null --flacocoResultsRepository flacocobot/2022-flacocobot-experiment --ghOauth  --smtpPort 25 --listenerMode NOOP --launcherMode FAULT_LOCALIZATION  --gitrepourl https://github.com/apache/rocketmq --gitrepopullrequest 4138

06:48:08.311 [main] INFO  f.i.s.r.p.g.GithubInitSerializerEngines - Initialize file serializer engines.
06:48:08.312 [main] INFO  f.i.s.r.p.g.GithubInitSerializerEngines - MongoDB won't be used for serialization.
06:48:08.312 [main] INFO  f.i.s.r.p.github.GithubInitNotifiers - The email notifier engine won't be used.
06:48:08.326 [main] INFO  f.i.s.r.p.i.ProjectInspector - ----------------------------------------------------------------------
06:48:08.326 [main] INFO  f.i.s.r.p.i.ProjectInspector - PIPELINE STEPS
06:48:08.326 [main] INFO  f.i.s.r.p.i.ProjectInspector - ----------------------------------------------------------------------
06:48:08.326 [main] INFO  f.i.s.r.p.i.ProjectInspector - CloneCheckoutGitPullRequest
06:48:08.326 [main] INFO  f.i.s.r.p.i.ProjectInspector - BuildProject
06:48:08.326 [main] INFO  f.i.s.r.p.i.ProjectInspector - TestProject
06:48:08.326 [main] INFO  f.i.s.r.p.i.ProjectInspector - ComputeClasspath
06:48:08.326 [main] INFO  f.i.s.r.p.i.ProjectInspector - ComputeSourceDir
06:48:08.327 [main] INFO  f.i.s.r.p.i.ProjectInspector - ComputeTestDir
06:48:08.327 [main] INFO  f.i.s.r.p.i.ProjectInspector - GatherTestInformation
06:48:08.327 [main] INFO  f.i.s.r.p.i.ProjectInspector - FlacocoLocalization
06:48:08.327 [main] INFO  f.i.s.r.p.i.ProjectInspector - PushFaultLocalizationSuggestionsOnGitHubRepository
06:48:08.327 [main] INFO  f.i.s.r.p.s.CloneCheckoutGitPullRequest - Cloning repository https://github.com/apache/rocketmq.git in the following directory: ./workspace/apache-rocketmq-master-4138_repo
06:48:29.882 [Thread-4] ERROR f.i.s.r.p.m.o.MavenFilterOutputHandler - [ERROR] COMPILATION ERROR : 
06:48:29.883 [Thread-4] ERROR f.i.s.r.p.m.o.MavenFilterOutputHandler - [ERROR] /root/workspace/apache-rocketmq-master-4138_repo/test/src/main/java/org/apache/rocketmq/test/util/StatUtil.java:[32,24] cannot find symbol
06:48:29.883 [Thread-4] ERROR f.i.s.r.p.m.o.MavenFilterOutputHandler - [ERROR] /root/workspace/apache-rocketmq-master-4138_repo/test/src/main/java/org/apache/rocketmq/test/util/StatUtil.java:[39,2] cannot find symbol
06:48:29.885 [Thread-4] ERROR f.i.s.r.p.m.o.MavenFilterOutputHandler - [ERROR] Failed to execute goal org.apache.maven.plugins:maven-compiler-plugin:3.5.1:compile (default-compile) on project rocketmq-test: Compilation failure: Compilation failure: 
06:48:29.885 [Thread-4] ERROR f.i.s.r.p.m.o.MavenFilterOutputHandler - [ERROR] /root/workspace/apache-rocketmq-master-4138_repo/test/src/main/java/org/apache/rocketmq/test/util/StatUtil.java:[32,24] cannot find symbol
06:48:29.885 [Thread-4] ERROR f.i.s.r.p.m.o.MavenFilterOutputHandler - [ERROR]   symbol:   class Generated
06:48:29.885 [Thread-4] ERROR f.i.s.r.p.m.o.MavenFilterOutputHandler - [ERROR]   location: package javax.annotation
06:48:29.885 [Thread-4] ERROR f.i.s.r.p.m.o.MavenFilterOutputHandler - [ERROR] /root/workspace/apache-rocketmq-master-4138_repo/test/src/main/java/org/apache/rocketmq/test/util/StatUtil.java:[39,2] cannot find symbol
06:48:29.885 [Thread-4] ERROR f.i.s.r.p.m.o.MavenFilterOutputHandler - [ERROR]   symbol: class Generated
06:48:29.885 [Thread-4] ERROR f.i.s.r.p.m.o.MavenFilterOutputHandler - [ERROR] -> [Help 1]
06:48:29.888 [Thread-4] ERROR f.i.s.r.p.m.o.MavenFilterOutputHandler - [ERROR] 
06:48:29.888 [Thread-4] ERROR f.i.s.r.p.m.o.MavenFilterOutputHandler - [ERROR] Re-run Maven using the -X switch to enable full debug logging.
06:48:29.888 [Thread-4] ERROR f.i.s.r.p.m.o.MavenFilterOutputHandler - [ERROR] 
06:48:29.888 [Thread-4] ERROR f.i.s.r.p.m.o.MavenFilterOutputHandler - [ERROR] For more information about the errors and possible solutions, please read the following articles:
06:48:29.888 [Thread-4] ERROR f.i.s.r.p.m.o.MavenFilterOutputHandler - [ERROR] [Help 1] http://cwiki.apache.org/confluence/display/MAVEN/MojoFailureException
06:48:29.889 [Thread-4] ERROR f.i.s.r.p.m.o.MavenFilterOutputHandler - [ERROR] 
06:48:29.889 [Thread-4] ERROR f.i.s.r.p.m.o.MavenFilterOutputHandler - [ERROR] After correcting the problems, you can resume the build with the command
06:48:29.889 [Thread-4] ERROR f.i.s.r.p.m.o.MavenFilterOutputHandler - [ERROR]   mvn <goals> -rf :rocketmq-test
06:48:30.963 [main] ERROR f.i.s.r.process.step.BuildProject - Repository apache/rocketmq cannot be built.
06:48:30.965 [main] INFO  f.i.s.r.process.step.BuildProject - 
06:48:31.149 [main] INFO  f.i.s.r.p.i.ProjectInspector - ----------------------------------------------------------------------
06:48:31.149 [main] INFO  f.i.s.r.p.i.ProjectInspector - PIPELINE EXECUTION SUMMARY
06:48:31.149 [main] INFO  f.i.s.r.p.i.ProjectInspector - ----------------------------------------------------------------------
06:48:31.149 [main] INFO  f.i.s.r.p.i.ProjectInspector - CloneCheckoutGitPullRequest...........................SUCCESS [  8 s ]
06:48:31.149 [main] INFO  f.i.s.r.p.i.ProjectInspector - BuildProject..........................................FAILURE [ 14 s ]
06:48:31.149 [main] INFO  f.i.s.r.p.i.ProjectInspector - TestProject...........................................NOT RUN         
06:48:31.149 [main] INFO  f.i.s.r.p.i.ProjectInspector - ComputeClasspath......................................NOT RUN         
06:48:31.149 [main] INFO  f.i.s.r.p.i.ProjectInspector - ComputeSourceDir......................................NOT RUN         
06:48:31.149 [main] INFO  f.i.s.r.p.i.ProjectInspector - ComputeTestDir........................................NOT RUN         
06:48:31.149 [main] INFO  f.i.s.r.p.i.ProjectInspector - GatherTestInformation.................................NOT RUN         
06:48:31.149 [main] INFO  f.i.s.r.p.i.ProjectInspector - FlacocoLocalization...................................NOT RUN         
06:48:31.149 [main] INFO  f.i.s.r.p.i.ProjectInspector - PushFaultLocalizationSuggestionsOnGitHubRepository....NOT RUN         
06:48:31.150 [main] INFO  f.i.s.r.p.i.ProjectInspector - ----------------------------------------------------------------------
06:48:31.150 [main] INFO  f.i.s.r.p.i.ProjectInspector - PIPELINE FINDING: NOTBUILDABLE
06:48:31.150 [main] INFO  f.i.s.r.p.i.ProjectInspector - ----------------------------------------------------------------------
06:48:31.150 [main] INFO  f.i.s.r.p.github.GithubMainProcess - Inspector is finished. The process will exit now.
