Execute pipeline with following supplementary args: --smtpPort 25 --listenerMode NOOP --launcherMode FAULT_LOCALIZATION  --gitrepourl https://github.com/apache/pinot --gitrepopullrequest 8933
java -cp /usr/local/openjdk-11/lib/tools.jar:repairnator-pipeline.jar -Dlogback.configurationFile=/root/logback.xml fr.inria.spirals.repairnator.pipeline.Launcher -d --runId null -o /var/log --ghOauth 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 --faultLocalization --flacocoThreshold 0.0 --flacocoTopK null --flacocoResultsRepository flacocobot/2022-flacocobot-experiment --ghOauth  --smtpPort 25 --listenerMode NOOP --launcherMode FAULT_LOCALIZATION  --gitrepourl https://github.com/apache/pinot --gitrepopullrequest 8933

02:37:01.741 [main] INFO  f.i.s.r.p.g.GithubInitSerializerEngines - Initialize file serializer engines.
02:37:01.743 [main] INFO  f.i.s.r.p.g.GithubInitSerializerEngines - MongoDB won't be used for serialization.
02:37:01.743 [main] INFO  f.i.s.r.p.github.GithubInitNotifiers - The email notifier engine won't be used.
02:37:01.756 [main] INFO  f.i.s.r.p.i.ProjectInspector - ----------------------------------------------------------------------
02:37:01.756 [main] INFO  f.i.s.r.p.i.ProjectInspector - PIPELINE STEPS
02:37:01.756 [main] INFO  f.i.s.r.p.i.ProjectInspector - ----------------------------------------------------------------------
02:37:01.756 [main] INFO  f.i.s.r.p.i.ProjectInspector - CloneCheckoutGitPullRequest
02:37:01.756 [main] INFO  f.i.s.r.p.i.ProjectInspector - BuildProject
02:37:01.756 [main] INFO  f.i.s.r.p.i.ProjectInspector - TestProject
02:37:01.756 [main] INFO  f.i.s.r.p.i.ProjectInspector - ComputeClasspath
02:37:01.756 [main] INFO  f.i.s.r.p.i.ProjectInspector - ComputeSourceDir
02:37:01.756 [main] INFO  f.i.s.r.p.i.ProjectInspector - ComputeTestDir
02:37:01.756 [main] INFO  f.i.s.r.p.i.ProjectInspector - GatherTestInformation
02:37:01.756 [main] INFO  f.i.s.r.p.i.ProjectInspector - FlacocoLocalization
02:37:01.756 [main] INFO  f.i.s.r.p.i.ProjectInspector - PushFaultLocalizationSuggestionsOnGitHubRepository
02:37:01.756 [main] INFO  f.i.s.r.p.s.CloneCheckoutGitPullRequest - Cloning repository https://github.com/apache/pinot.git in the following directory: ./workspace/apache-pinot-master-8933_repo
02:38:33.491 [Thread-5] ERROR f.i.s.r.p.m.output.MavenErrorHandler - Warning: Lookahead adequacy checking not being performed since option LOOKAHEAD is more than 1.  Set option FORCE_LA_CHECK to true to force checking.
02:41:19.320 [Thread-4] ERROR f.i.s.r.p.m.o.MavenFilterOutputHandler - [ERROR] Failed to execute goal org.apache.maven.plugins:maven-shade-plugin:3.2.1:shade (default) on project pinot-s3: Error creating shaded jar: Problem shading JAR /root/./workspace/apache-pinot-master-8933_repo/.m2/org/bouncycastle/bcprov-jdk18on/1.71/bcprov-jdk18on-1.71.jar entry META-INF/versions/15/org/bouncycastle/jcajce/provider/asymmetric/edec/SignatureSpi$Ed25519.class: java.lang.IllegalArgumentException: Unsupported class file major version 59 -> [Help 1]
02:41:19.326 [Thread-4] ERROR f.i.s.r.p.m.o.MavenFilterOutputHandler - [ERROR] 
02:41:19.327 [Thread-4] ERROR f.i.s.r.p.m.o.MavenFilterOutputHandler - [ERROR] Re-run Maven using the -X switch to enable full debug logging.
02:41:19.327 [Thread-4] ERROR f.i.s.r.p.m.o.MavenFilterOutputHandler - [ERROR] 
02:41:19.327 [Thread-4] ERROR f.i.s.r.p.m.o.MavenFilterOutputHandler - [ERROR] For more information about the errors and possible solutions, please read the following articles:
02:41:19.327 [Thread-4] ERROR f.i.s.r.p.m.o.MavenFilterOutputHandler - [ERROR] [Help 1] http://cwiki.apache.org/confluence/display/MAVEN/MojoExecutionException
02:41:19.327 [Thread-4] ERROR f.i.s.r.p.m.o.MavenFilterOutputHandler - [ERROR] 
02:41:19.327 [Thread-4] ERROR f.i.s.r.p.m.o.MavenFilterOutputHandler - [ERROR] After correcting the problems, you can resume the build with the command
02:41:19.327 [Thread-4] ERROR f.i.s.r.p.m.o.MavenFilterOutputHandler - [ERROR]   mvn <goals> -rf :pinot-s3
02:41:19.464 [main] ERROR f.i.s.r.process.step.BuildProject - Repository apache/pinot cannot be built.
02:41:19.466 [main] INFO  f.i.s.r.process.step.BuildProject - 
02:41:21.477 [main] INFO  f.i.s.r.p.i.ProjectInspector - ----------------------------------------------------------------------
02:41:21.477 [main] INFO  f.i.s.r.p.i.ProjectInspector - PIPELINE EXECUTION SUMMARY
02:41:21.477 [main] INFO  f.i.s.r.p.i.ProjectInspector - ----------------------------------------------------------------------
02:41:21.477 [main] INFO  f.i.s.r.p.i.ProjectInspector - CloneCheckoutGitPullRequest..........................SUCCESS [  21 s ]
02:41:21.478 [main] INFO  f.i.s.r.p.i.ProjectInspector - BuildProject.........................................FAILURE [ 236 s ]
02:41:21.478 [main] INFO  f.i.s.r.p.i.ProjectInspector - TestProject..........................................NOT RUN          
02:41:21.478 [main] INFO  f.i.s.r.p.i.ProjectInspector - ComputeClasspath.....................................NOT RUN          
02:41:21.478 [main] INFO  f.i.s.r.p.i.ProjectInspector - ComputeSourceDir.....................................NOT RUN          
02:41:21.478 [main] INFO  f.i.s.r.p.i.ProjectInspector - ComputeTestDir.......................................NOT RUN          
02:41:21.478 [main] INFO  f.i.s.r.p.i.ProjectInspector - GatherTestInformation................................NOT RUN          
02:41:21.478 [main] INFO  f.i.s.r.p.i.ProjectInspector - FlacocoLocalization..................................NOT RUN          
02:41:21.478 [main] INFO  f.i.s.r.p.i.ProjectInspector - PushFaultLocalizationSuggestionsOnGitHubRepository...NOT RUN          
02:41:21.478 [main] INFO  f.i.s.r.p.i.ProjectInspector - ----------------------------------------------------------------------
02:41:21.478 [main] INFO  f.i.s.r.p.i.ProjectInspector - PIPELINE FINDING: NOTBUILDABLE
02:41:21.478 [main] INFO  f.i.s.r.p.i.ProjectInspector - ----------------------------------------------------------------------
02:41:21.478 [main] INFO  f.i.s.r.p.github.GithubMainProcess - Inspector is finished. The process will exit now.
