Execute pipeline with following supplementary args: --smtpPort 25 --listenerMode NOOP --launcherMode FAULT_LOCALIZATION  --gitrepourl https://github.com/jenkinsci/kubernetes-plugin --gitrepopullrequest 1190
java -cp /usr/local/openjdk-11/lib/tools.jar:repairnator-pipeline.jar -Dlogback.configurationFile=/root/logback.xml fr.inria.spirals.repairnator.pipeline.Launcher -d --runId null -o /var/log --ghOauth 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 --faultLocalization --flacocoThreshold 0.0 --flacocoTopK null --flacocoResultsRepository null --ghOauth  --smtpPort 25 --listenerMode NOOP --launcherMode FAULT_LOCALIZATION  --gitrepourl https://github.com/jenkinsci/kubernetes-plugin --gitrepopullrequest 1190

18:17:45.823 [main] INFO  f.i.s.r.p.g.GithubInitSerializerEngines - Initialize file serializer engines.
18:17:45.825 [main] INFO  f.i.s.r.p.g.GithubInitSerializerEngines - MongoDB won't be used for serialization.
18:17:45.825 [main] INFO  f.i.s.r.p.github.GithubInitNotifiers - The email notifier engine won't be used.
18:17:45.844 [main] INFO  f.i.s.r.p.i.ProjectInspector - ----------------------------------------------------------------------
18:17:45.844 [main] INFO  f.i.s.r.p.i.ProjectInspector - PIPELINE STEPS
18:17:45.844 [main] INFO  f.i.s.r.p.i.ProjectInspector - ----------------------------------------------------------------------
18:17:45.844 [main] INFO  f.i.s.r.p.i.ProjectInspector - CloneCheckoutGitPullRequest
18:17:45.844 [main] INFO  f.i.s.r.p.i.ProjectInspector - BuildProject
18:17:45.844 [main] INFO  f.i.s.r.p.i.ProjectInspector - TestProject
18:17:45.844 [main] INFO  f.i.s.r.p.i.ProjectInspector - ComputeClasspath
18:17:45.844 [main] INFO  f.i.s.r.p.i.ProjectInspector - ComputeSourceDir
18:17:45.844 [main] INFO  f.i.s.r.p.i.ProjectInspector - ComputeTestDir
18:17:45.844 [main] INFO  f.i.s.r.p.i.ProjectInspector - GatherTestInformation
18:17:45.844 [main] INFO  f.i.s.r.p.i.ProjectInspector - FlacocoLocalization
18:17:45.844 [main] INFO  f.i.s.r.p.i.ProjectInspector - PushFaultLocalizationSuggestions
18:17:45.844 [main] INFO  f.i.s.r.p.s.CloneCheckoutGitPullRequest - Cloning repository https://github.com/jenkinsci/kubernetes-plugin.git in the following directory: ./workspace/jenkinsci-kubernetes-plugin-master-1190_repo
18:26:32.938 [Thread-8] ERROR f.i.s.r.p.m.output.MavenErrorHandler - WARNING: An illegal reflective access operation has occurred
18:26:32.938 [Thread-8] ERROR f.i.s.r.p.m.output.MavenErrorHandler - WARNING: Illegal reflective access by org.codehaus.groovy.vmplugin.v7.Java7$1 (file:/root/workspace/jenkinsci-kubernetes-plugin-master-1190_repo/.m2/org/codehaus/groovy/groovy-all/2.4.21/groovy-all-2.4.21.jar) to constructor java.lang.invoke.MethodHandles$Lookup(java.lang.Class,int)
18:26:32.938 [Thread-8] ERROR f.i.s.r.p.m.output.MavenErrorHandler - WARNING: Please consider reporting this to the maintainers of org.codehaus.groovy.vmplugin.v7.Java7$1
18:26:32.938 [Thread-8] ERROR f.i.s.r.p.m.output.MavenErrorHandler - WARNING: Use --illegal-access=warn to enable warnings of further illegal reflective access operations
18:26:32.938 [Thread-8] ERROR f.i.s.r.p.m.output.MavenErrorHandler - WARNING: All illegal access operations will be denied in a future release
18:26:51.286 [Thread-8] ERROR f.i.s.r.p.m.output.MavenErrorHandler - WARNING: An illegal reflective access operation has occurred
18:26:51.286 [Thread-8] ERROR f.i.s.r.p.m.output.MavenErrorHandler - WARNING: Illegal reflective access by org.codehaus.groovy.vmplugin.v7.Java7$1 (file:/root/workspace/jenkinsci-kubernetes-plugin-master-1190_repo/.m2/org/codehaus/groovy/groovy-all/2.4.21/groovy-all-2.4.21.jar) to constructor java.lang.invoke.MethodHandles$Lookup(java.lang.Class,int)
18:26:51.286 [Thread-8] ERROR f.i.s.r.p.m.output.MavenErrorHandler - WARNING: Please consider reporting this to the maintainers of org.codehaus.groovy.vmplugin.v7.Java7$1
18:26:51.286 [Thread-8] ERROR f.i.s.r.p.m.output.MavenErrorHandler - WARNING: Use --illegal-access=warn to enable warnings of further illegal reflective access operations
18:26:51.286 [Thread-8] ERROR f.i.s.r.p.m.output.MavenErrorHandler - WARNING: All illegal access operations will be denied in a future release
18:27:52.046 [Thread-8] ERROR f.i.s.r.p.m.output.MavenErrorHandler - WARNING: An illegal reflective access operation has occurred
18:27:52.046 [Thread-8] ERROR f.i.s.r.p.m.output.MavenErrorHandler - WARNING: Illegal reflective access by org.codehaus.groovy.vmplugin.v7.Java7$1 (file:/root/workspace/jenkinsci-kubernetes-plugin-master-1190_repo/.m2/org/codehaus/groovy/groovy-all/2.4.21/groovy-all-2.4.21.jar) to constructor java.lang.invoke.MethodHandles$Lookup(java.lang.Class,int)
18:27:52.046 [Thread-8] ERROR f.i.s.r.p.m.output.MavenErrorHandler - WARNING: Please consider reporting this to the maintainers of org.codehaus.groovy.vmplugin.v7.Java7$1
18:27:52.046 [Thread-8] ERROR f.i.s.r.p.m.output.MavenErrorHandler - WARNING: Use --illegal-access=warn to enable warnings of further illegal reflective access operations
18:27:52.046 [Thread-8] ERROR f.i.s.r.p.m.output.MavenErrorHandler - WARNING: All illegal access operations will be denied in a future release
18:28:42.934 [Thread-8] ERROR f.i.s.r.p.m.output.MavenErrorHandler - WARNING: An illegal reflective access operation has occurred
18:28:42.934 [Thread-8] ERROR f.i.s.r.p.m.output.MavenErrorHandler - WARNING: Illegal reflective access by org.codehaus.groovy.vmplugin.v7.Java7$1 (file:/root/workspace/jenkinsci-kubernetes-plugin-master-1190_repo/.m2/org/codehaus/groovy/groovy-all/2.4.21/groovy-all-2.4.21.jar) to constructor java.lang.invoke.MethodHandles$Lookup(java.lang.Class,int)
18:28:42.934 [Thread-8] ERROR f.i.s.r.p.m.output.MavenErrorHandler - WARNING: Please consider reporting this to the maintainers of org.codehaus.groovy.vmplugin.v7.Java7$1
18:28:42.934 [Thread-8] ERROR f.i.s.r.p.m.output.MavenErrorHandler - WARNING: Use --illegal-access=warn to enable warnings of further illegal reflective access operations
18:28:42.934 [Thread-8] ERROR f.i.s.r.p.m.output.MavenErrorHandler - WARNING: All illegal access operations will be denied in a future release
18:29:37.460 [Thread-8] ERROR f.i.s.r.p.m.output.MavenErrorHandler - WARNING: An illegal reflective access operation has occurred
18:29:37.460 [Thread-8] ERROR f.i.s.r.p.m.output.MavenErrorHandler - WARNING: Illegal reflective access by org.codehaus.groovy.vmplugin.v7.Java7$1 (file:/root/workspace/jenkinsci-kubernetes-plugin-master-1190_repo/.m2/org/codehaus/groovy/groovy-all/2.4.21/groovy-all-2.4.21.jar) to constructor java.lang.invoke.MethodHandles$Lookup(java.lang.Class,int)
18:29:37.460 [Thread-8] ERROR f.i.s.r.p.m.output.MavenErrorHandler - WARNING: Please consider reporting this to the maintainers of org.codehaus.groovy.vmplugin.v7.Java7$1
18:29:37.460 [Thread-8] ERROR f.i.s.r.p.m.output.MavenErrorHandler - WARNING: Use --illegal-access=warn to enable warnings of further illegal reflective access operations
18:29:37.460 [Thread-8] ERROR f.i.s.r.p.m.output.MavenErrorHandler - WARNING: All illegal access operations will be denied in a future release
18:29:57.330 [Thread-8] ERROR f.i.s.r.p.m.output.MavenErrorHandler - WARNING: An illegal reflective access operation has occurred
18:29:57.330 [Thread-8] ERROR f.i.s.r.p.m.output.MavenErrorHandler - WARNING: Illegal reflective access by org.codehaus.groovy.vmplugin.v7.Java7$1 (file:/root/workspace/jenkinsci-kubernetes-plugin-master-1190_repo/.m2/org/codehaus/groovy/groovy-all/2.4.21/groovy-all-2.4.21.jar) to constructor java.lang.invoke.MethodHandles$Lookup(java.lang.Class,int)
18:29:57.330 [Thread-8] ERROR f.i.s.r.p.m.output.MavenErrorHandler - WARNING: Please consider reporting this to the maintainers of org.codehaus.groovy.vmplugin.v7.Java7$1
18:29:57.330 [Thread-8] ERROR f.i.s.r.p.m.output.MavenErrorHandler - WARNING: Use --illegal-access=warn to enable warnings of further illegal reflective access operations
18:29:57.330 [Thread-8] ERROR f.i.s.r.p.m.output.MavenErrorHandler - WARNING: All illegal access operations will be denied in a future release
18:30:09.802 [Thread-8] ERROR f.i.s.r.p.m.output.MavenErrorHandler - WARNING: An illegal reflective access operation has occurred
18:30:09.802 [Thread-8] ERROR f.i.s.r.p.m.output.MavenErrorHandler - WARNING: Illegal reflective access by org.codehaus.groovy.vmplugin.v7.Java7$1 (file:/root/workspace/jenkinsci-kubernetes-plugin-master-1190_repo/.m2/org/codehaus/groovy/groovy-all/2.4.21/groovy-all-2.4.21.jar) to constructor java.lang.invoke.MethodHandles$Lookup(java.lang.Class,int)
18:30:09.802 [Thread-8] ERROR f.i.s.r.p.m.output.MavenErrorHandler - WARNING: Please consider reporting this to the maintainers of org.codehaus.groovy.vmplugin.v7.Java7$1
18:30:09.802 [Thread-8] ERROR f.i.s.r.p.m.output.MavenErrorHandler - WARNING: Use --illegal-access=warn to enable warnings of further illegal reflective access operations
18:30:09.802 [Thread-8] ERROR f.i.s.r.p.m.output.MavenErrorHandler - WARNING: All illegal access operations will be denied in a future release
18:30:20.242 [Thread-8] ERROR f.i.s.r.p.m.output.MavenErrorHandler - WARNING: An illegal reflective access operation has occurred
18:30:20.242 [Thread-8] ERROR f.i.s.r.p.m.output.MavenErrorHandler - WARNING: Illegal reflective access by org.codehaus.groovy.vmplugin.v7.Java7$1 (file:/root/workspace/jenkinsci-kubernetes-plugin-master-1190_repo/.m2/org/codehaus/groovy/groovy-all/2.4.21/groovy-all-2.4.21.jar) to constructor java.lang.invoke.MethodHandles$Lookup(java.lang.Class,int)
18:30:20.242 [Thread-8] ERROR f.i.s.r.p.m.output.MavenErrorHandler - WARNING: Please consider reporting this to the maintainers of org.codehaus.groovy.vmplugin.v7.Java7$1
18:30:20.242 [Thread-8] ERROR f.i.s.r.p.m.output.MavenErrorHandler - WARNING: Use --illegal-access=warn to enable warnings of further illegal reflective access operations
18:30:20.242 [Thread-8] ERROR f.i.s.r.p.m.output.MavenErrorHandler - WARNING: All illegal access operations will be denied in a future release
18:30:49.999 [Thread-8] ERROR f.i.s.r.p.m.output.MavenErrorHandler - WARNING: An illegal reflective access operation has occurred
18:30:49.999 [Thread-8] ERROR f.i.s.r.p.m.output.MavenErrorHandler - WARNING: Illegal reflective access by org.codehaus.groovy.vmplugin.v7.Java7$1 (file:/root/workspace/jenkinsci-kubernetes-plugin-master-1190_repo/.m2/org/codehaus/groovy/groovy-all/2.4.21/groovy-all-2.4.21.jar) to constructor java.lang.invoke.MethodHandles$Lookup(java.lang.Class,int)
18:30:49.999 [Thread-8] ERROR f.i.s.r.p.m.output.MavenErrorHandler - WARNING: Please consider reporting this to the maintainers of org.codehaus.groovy.vmplugin.v7.Java7$1
18:30:49.999 [Thread-8] ERROR f.i.s.r.p.m.output.MavenErrorHandler - WARNING: Use --illegal-access=warn to enable warnings of further illegal reflective access operations
18:30:49.999 [Thread-8] ERROR f.i.s.r.p.m.output.MavenErrorHandler - WARNING: All illegal access operations will be denied in a future release
18:31:55.025 [Thread-8] ERROR f.i.s.r.p.m.output.MavenErrorHandler - WARNING: An illegal reflective access operation has occurred
18:31:55.025 [Thread-8] ERROR f.i.s.r.p.m.output.MavenErrorHandler - WARNING: Illegal reflective access by org.codehaus.groovy.vmplugin.v7.Java7$1 (file:/root/workspace/jenkinsci-kubernetes-plugin-master-1190_repo/.m2/org/codehaus/groovy/groovy-all/2.4.21/groovy-all-2.4.21.jar) to constructor java.lang.invoke.MethodHandles$Lookup(java.lang.Class,int)
18:31:55.025 [Thread-8] ERROR f.i.s.r.p.m.output.MavenErrorHandler - WARNING: Please consider reporting this to the maintainers of org.codehaus.groovy.vmplugin.v7.Java7$1
18:31:55.025 [Thread-8] ERROR f.i.s.r.p.m.output.MavenErrorHandler - WARNING: Use --illegal-access=warn to enable warnings of further illegal reflective access operations
18:31:55.025 [Thread-8] ERROR f.i.s.r.p.m.output.MavenErrorHandler - WARNING: All illegal access operations will be denied in a future release
18:32:05.282 [Thread-8] ERROR f.i.s.r.p.m.output.MavenErrorHandler - WARNING: An illegal reflective access operation has occurred
18:32:05.282 [Thread-8] ERROR f.i.s.r.p.m.output.MavenErrorHandler - WARNING: Illegal reflective access by org.codehaus.groovy.vmplugin.v7.Java7$1 (file:/root/workspace/jenkinsci-kubernetes-plugin-master-1190_repo/.m2/org/codehaus/groovy/groovy-all/2.4.21/groovy-all-2.4.21.jar) to constructor java.lang.invoke.MethodHandles$Lookup(java.lang.Class,int)
18:32:05.282 [Thread-8] ERROR f.i.s.r.p.m.output.MavenErrorHandler - WARNING: Please consider reporting this to the maintainers of org.codehaus.groovy.vmplugin.v7.Java7$1
18:32:05.282 [Thread-8] ERROR f.i.s.r.p.m.output.MavenErrorHandler - WARNING: Use --illegal-access=warn to enable warnings of further illegal reflective access operations
18:32:05.282 [Thread-8] ERROR f.i.s.r.p.m.output.MavenErrorHandler - WARNING: All illegal access operations will be denied in a future release
18:32:20.894 [Thread-8] ERROR f.i.s.r.p.m.output.MavenErrorHandler - WARNING: An illegal reflective access operation has occurred
18:32:20.894 [Thread-8] ERROR f.i.s.r.p.m.output.MavenErrorHandler - WARNING: Illegal reflective access by org.codehaus.groovy.vmplugin.v7.Java7$1 (file:/root/workspace/jenkinsci-kubernetes-plugin-master-1190_repo/.m2/org/codehaus/groovy/groovy-all/2.4.21/groovy-all-2.4.21.jar) to constructor java.lang.invoke.MethodHandles$Lookup(java.lang.Class,int)
18:32:20.894 [Thread-8] ERROR f.i.s.r.p.m.output.MavenErrorHandler - WARNING: Please consider reporting this to the maintainers of org.codehaus.groovy.vmplugin.v7.Java7$1
18:32:20.894 [Thread-8] ERROR f.i.s.r.p.m.output.MavenErrorHandler - WARNING: Use --illegal-access=warn to enable warnings of further illegal reflective access operations
18:32:20.894 [Thread-8] ERROR f.i.s.r.p.m.output.MavenErrorHandler - WARNING: All illegal access operations will be denied in a future release
18:32:31.356 [Thread-8] ERROR f.i.s.r.p.m.output.MavenErrorHandler - WARNING: An illegal reflective access operation has occurred
18:32:31.356 [Thread-8] ERROR f.i.s.r.p.m.output.MavenErrorHandler - WARNING: Illegal reflective access by org.codehaus.groovy.vmplugin.v7.Java7$1 (file:/root/workspace/jenkinsci-kubernetes-plugin-master-1190_repo/.m2/org/codehaus/groovy/groovy-all/2.4.21/groovy-all-2.4.21.jar) to constructor java.lang.invoke.MethodHandles$Lookup(java.lang.Class,int)
18:32:31.356 [Thread-8] ERROR f.i.s.r.p.m.output.MavenErrorHandler - WARNING: Please consider reporting this to the maintainers of org.codehaus.groovy.vmplugin.v7.Java7$1
18:32:31.356 [Thread-8] ERROR f.i.s.r.p.m.output.MavenErrorHandler - WARNING: Use --illegal-access=warn to enable warnings of further illegal reflective access operations
18:32:31.360 [Thread-8] ERROR f.i.s.r.p.m.output.MavenErrorHandler - WARNING: All illegal access operations will be denied in a future release
18:34:24.098 [Thread-8] ERROR f.i.s.r.p.m.output.MavenErrorHandler - WARNING: An illegal reflective access operation has occurred
18:34:24.098 [Thread-8] ERROR f.i.s.r.p.m.output.MavenErrorHandler - WARNING: Illegal reflective access by org.codehaus.groovy.vmplugin.v7.Java7$1 (file:/root/workspace/jenkinsci-kubernetes-plugin-master-1190_repo/.m2/org/codehaus/groovy/groovy-all/2.4.21/groovy-all-2.4.21.jar) to constructor java.lang.invoke.MethodHandles$Lookup(java.lang.Class,int)
18:34:24.098 [Thread-8] ERROR f.i.s.r.p.m.output.MavenErrorHandler - WARNING: Please consider reporting this to the maintainers of org.codehaus.groovy.vmplugin.v7.Java7$1
18:34:24.098 [Thread-8] ERROR f.i.s.r.p.m.output.MavenErrorHandler - WARNING: Use --illegal-access=warn to enable warnings of further illegal reflective access operations
18:34:24.098 [Thread-8] ERROR f.i.s.r.p.m.output.MavenErrorHandler - WARNING: All illegal access operations will be denied in a future release
18:34:36.570 [Thread-8] ERROR f.i.s.r.p.m.output.MavenErrorHandler - WARNING: An illegal reflective access operation has occurred
18:34:36.570 [Thread-8] ERROR f.i.s.r.p.m.output.MavenErrorHandler - WARNING: Illegal reflective access by org.codehaus.groovy.vmplugin.v7.Java7$1 (file:/root/workspace/jenkinsci-kubernetes-plugin-master-1190_repo/.m2/org/codehaus/groovy/groovy-all/2.4.21/groovy-all-2.4.21.jar) to constructor java.lang.invoke.MethodHandles$Lookup(java.lang.Class,int)
18:34:36.570 [Thread-8] ERROR f.i.s.r.p.m.output.MavenErrorHandler - WARNING: Please consider reporting this to the maintainers of org.codehaus.groovy.vmplugin.v7.Java7$1
18:34:36.570 [Thread-8] ERROR f.i.s.r.p.m.output.MavenErrorHandler - WARNING: Use --illegal-access=warn to enable warnings of further illegal reflective access operations
18:34:36.570 [Thread-8] ERROR f.i.s.r.p.m.output.MavenErrorHandler - WARNING: All illegal access operations will be denied in a future release
18:34:53.293 [Thread-8] ERROR f.i.s.r.p.m.output.MavenErrorHandler - WARNING: An illegal reflective access operation has occurred
18:34:53.293 [Thread-8] ERROR f.i.s.r.p.m.output.MavenErrorHandler - WARNING: Illegal reflective access by org.codehaus.groovy.vmplugin.v7.Java7$1 (file:/root/workspace/jenkinsci-kubernetes-plugin-master-1190_repo/.m2/org/codehaus/groovy/groovy-all/2.4.21/groovy-all-2.4.21.jar) to constructor java.lang.invoke.MethodHandles$Lookup(java.lang.Class,int)
18:34:53.293 [Thread-8] ERROR f.i.s.r.p.m.output.MavenErrorHandler - WARNING: Please consider reporting this to the maintainers of org.codehaus.groovy.vmplugin.v7.Java7$1
18:34:53.293 [Thread-8] ERROR f.i.s.r.p.m.output.MavenErrorHandler - WARNING: Use --illegal-access=warn to enable warnings of further illegal reflective access operations
18:34:53.293 [Thread-8] ERROR f.i.s.r.p.m.output.MavenErrorHandler - WARNING: All illegal access operations will be denied in a future release
18:35:25.246 [Thread-8] ERROR f.i.s.r.p.m.output.MavenErrorHandler - WARNING: An illegal reflective access operation has occurred
18:35:25.246 [Thread-8] ERROR f.i.s.r.p.m.output.MavenErrorHandler - WARNING: Illegal reflective access by org.codehaus.groovy.vmplugin.v7.Java7$1 (file:/root/workspace/jenkinsci-kubernetes-plugin-master-1190_repo/.m2/org/codehaus/groovy/groovy-all/2.4.21/groovy-all-2.4.21.jar) to constructor java.lang.invoke.MethodHandles$Lookup(java.lang.Class,int)
18:35:25.246 [Thread-8] ERROR f.i.s.r.p.m.output.MavenErrorHandler - WARNING: Please consider reporting this to the maintainers of org.codehaus.groovy.vmplugin.v7.Java7$1
18:35:25.246 [Thread-8] ERROR f.i.s.r.p.m.output.MavenErrorHandler - WARNING: Use --illegal-access=warn to enable warnings of further illegal reflective access operations
18:35:25.246 [Thread-8] ERROR f.i.s.r.p.m.output.MavenErrorHandler - WARNING: All illegal access operations will be denied in a future release
18:36:06.884 [Thread-8] ERROR f.i.s.r.p.m.output.MavenErrorHandler - WARNING: An illegal reflective access operation has occurred
18:36:06.884 [Thread-8] ERROR f.i.s.r.p.m.output.MavenErrorHandler - WARNING: Illegal reflective access by org.codehaus.groovy.vmplugin.v7.Java7$1 (file:/root/workspace/jenkinsci-kubernetes-plugin-master-1190_repo/.m2/org/codehaus/groovy/groovy-all/2.4.21/groovy-all-2.4.21.jar) to constructor java.lang.invoke.MethodHandles$Lookup(java.lang.Class,int)
18:36:06.884 [Thread-8] ERROR f.i.s.r.p.m.output.MavenErrorHandler - WARNING: Please consider reporting this to the maintainers of org.codehaus.groovy.vmplugin.v7.Java7$1
18:36:06.884 [Thread-8] ERROR f.i.s.r.p.m.output.MavenErrorHandler - WARNING: Use --illegal-access=warn to enable warnings of further illegal reflective access operations
18:36:06.884 [Thread-8] ERROR f.i.s.r.p.m.output.MavenErrorHandler - WARNING: All illegal access operations will be denied in a future release
18:36:27.674 [Thread-8] ERROR f.i.s.r.p.m.output.MavenErrorHandler - WARNING: An illegal reflective access operation has occurred
18:36:27.674 [Thread-8] ERROR f.i.s.r.p.m.output.MavenErrorHandler - WARNING: Illegal reflective access by org.codehaus.groovy.vmplugin.v7.Java7$1 (file:/root/workspace/jenkinsci-kubernetes-plugin-master-1190_repo/.m2/org/codehaus/groovy/groovy-all/2.4.21/groovy-all-2.4.21.jar) to constructor java.lang.invoke.MethodHandles$Lookup(java.lang.Class,int)
18:36:27.674 [Thread-8] ERROR f.i.s.r.p.m.output.MavenErrorHandler - WARNING: Please consider reporting this to the maintainers of org.codehaus.groovy.vmplugin.v7.Java7$1
18:36:27.674 [Thread-8] ERROR f.i.s.r.p.m.output.MavenErrorHandler - WARNING: Use --illegal-access=warn to enable warnings of further illegal reflective access operations
18:36:27.674 [Thread-8] ERROR f.i.s.r.p.m.output.MavenErrorHandler - WARNING: All illegal access operations will be denied in a future release
18:37:43.402 [Thread-8] ERROR f.i.s.r.p.m.output.MavenErrorHandler - WARNING: An illegal reflective access operation has occurred
18:37:43.402 [Thread-8] ERROR f.i.s.r.p.m.output.MavenErrorHandler - WARNING: Illegal reflective access by org.codehaus.groovy.vmplugin.v7.Java7$1 (file:/root/workspace/jenkinsci-kubernetes-plugin-master-1190_repo/.m2/org/codehaus/groovy/groovy-all/2.4.21/groovy-all-2.4.21.jar) to constructor java.lang.invoke.MethodHandles$Lookup(java.lang.Class,int)
18:37:43.402 [Thread-8] ERROR f.i.s.r.p.m.output.MavenErrorHandler - WARNING: Please consider reporting this to the maintainers of org.codehaus.groovy.vmplugin.v7.Java7$1
18:37:43.402 [Thread-8] ERROR f.i.s.r.p.m.output.MavenErrorHandler - WARNING: Use --illegal-access=warn to enable warnings of further illegal reflective access operations
18:37:43.402 [Thread-8] ERROR f.i.s.r.p.m.output.MavenErrorHandler - WARNING: All illegal access operations will be denied in a future release
18:37:57.698 [Thread-8] ERROR f.i.s.r.p.m.output.MavenErrorHandler - WARNING: An illegal reflective access operation has occurred
18:37:57.698 [Thread-8] ERROR f.i.s.r.p.m.output.MavenErrorHandler - WARNING: Illegal reflective access by org.codehaus.groovy.vmplugin.v7.Java7$1 (file:/root/workspace/jenkinsci-kubernetes-plugin-master-1190_repo/.m2/org/codehaus/groovy/groovy-all/2.4.21/groovy-all-2.4.21.jar) to constructor java.lang.invoke.MethodHandles$Lookup(java.lang.Class,int)
18:37:57.698 [Thread-8] ERROR f.i.s.r.p.m.output.MavenErrorHandler - WARNING: Please consider reporting this to the maintainers of org.codehaus.groovy.vmplugin.v7.Java7$1
18:37:57.698 [Thread-8] ERROR f.i.s.r.p.m.output.MavenErrorHandler - WARNING: Use --illegal-access=warn to enable warnings of further illegal reflective access operations
18:37:57.698 [Thread-8] ERROR f.i.s.r.p.m.output.MavenErrorHandler - WARNING: All illegal access operations will be denied in a future release
18:38:10.614 [Thread-8] ERROR f.i.s.r.p.m.output.MavenErrorHandler - WARNING: An illegal reflective access operation has occurred
18:38:10.615 [Thread-8] ERROR f.i.s.r.p.m.output.MavenErrorHandler - WARNING: Illegal reflective access by org.codehaus.groovy.vmplugin.v7.Java7$1 (file:/root/workspace/jenkinsci-kubernetes-plugin-master-1190_repo/.m2/org/codehaus/groovy/groovy-all/2.4.21/groovy-all-2.4.21.jar) to constructor java.lang.invoke.MethodHandles$Lookup(java.lang.Class,int)
18:38:10.615 [Thread-8] ERROR f.i.s.r.p.m.output.MavenErrorHandler - WARNING: Please consider reporting this to the maintainers of org.codehaus.groovy.vmplugin.v7.Java7$1
18:38:10.622 [Thread-8] ERROR f.i.s.r.p.m.output.MavenErrorHandler - WARNING: Use --illegal-access=warn to enable warnings of further illegal reflective access operations
18:38:10.622 [Thread-8] ERROR f.i.s.r.p.m.output.MavenErrorHandler - WARNING: All illegal access operations will be denied in a future release
18:39:06.550 [Thread-7] ERROR f.i.s.r.p.m.o.MavenFilterOutputHandler - [ERROR] Tests run: 15, Failures: 2, Errors: 0, Skipped: 0, Time elapsed: 62.658 s <<< FAILURE! - in org.csanchez.jenkins.plugins.kubernetes.pod.retention.ReaperTest
18:39:06.550 [Thread-7] ERROR f.i.s.r.p.m.o.MavenFilterOutputHandler - [ERROR] org.csanchez.jenkins.plugins.kubernetes.pod.retention.ReaperTest.testActivateOnNewComputer  Time elapsed: 2.442 s  <<< FAILURE!
18:39:06.550 [Thread-7] ERROR f.i.s.r.p.m.o.MavenFilterOutputHandler - [ERROR] org.csanchez.jenkins.plugins.kubernetes.pod.retention.ReaperTest.testReconnectOnNewComputer  Time elapsed: 3.492 s  <<< FAILURE!
18:39:07.132 [Thread-7] ERROR f.i.s.r.p.m.o.MavenFilterOutputHandler - [ERROR] Failures: 
18:39:07.132 [Thread-7] ERROR f.i.s.r.p.m.o.MavenFilterOutputHandler - [ERROR]   ReaperTest.testActivateOnNewComputer:149 should be watching cloud
18:39:07.132 [Thread-7] ERROR f.i.s.r.p.m.o.MavenFilterOutputHandler - [ERROR]   ReaperTest.testReconnectOnNewComputer:186 watcher is restarted
18:39:07.133 [Thread-7] ERROR f.i.s.r.p.m.o.MavenFilterOutputHandler - [ERROR] Tests run: 265, Failures: 2, Errors: 0, Skipped: 13
18:39:07.149 [Thread-7] ERROR f.i.s.r.p.m.o.MavenFilterOutputHandler - [ERROR] Failed to execute goal org.apache.maven.plugins:maven-surefire-plugin:3.0.0-M6:test (default-test) on project kubernetes: There are test failures.
18:39:07.149 [Thread-7] ERROR f.i.s.r.p.m.o.MavenFilterOutputHandler - [ERROR] 
18:39:07.149 [Thread-7] ERROR f.i.s.r.p.m.o.MavenFilterOutputHandler - [ERROR] Please refer to /root/workspace/jenkinsci-kubernetes-plugin-master-1190_repo/target/surefire-reports for the individual test results.
18:39:07.149 [Thread-7] ERROR f.i.s.r.p.m.o.MavenFilterOutputHandler - [ERROR] Please refer to dump files (if any exist) [date].dump, [date]-jvmRun[N].dump and [date].dumpstream.
18:39:07.149 [Thread-7] ERROR f.i.s.r.p.m.o.MavenFilterOutputHandler - [ERROR] -> [Help 1]
18:39:07.175 [Thread-7] ERROR f.i.s.r.p.m.o.MavenFilterOutputHandler - [ERROR] 
18:39:07.176 [Thread-7] ERROR f.i.s.r.p.m.o.MavenFilterOutputHandler - [ERROR] Re-run Maven using the -X switch to enable full debug logging.
18:39:07.176 [Thread-7] ERROR f.i.s.r.p.m.o.MavenFilterOutputHandler - [ERROR] 
18:39:07.177 [Thread-7] ERROR f.i.s.r.p.m.o.MavenFilterOutputHandler - [ERROR] For more information about the errors and possible solutions, please read the following articles:
18:39:07.178 [Thread-7] ERROR f.i.s.r.p.m.o.MavenFilterOutputHandler - [ERROR] [Help 1] http://cwiki.apache.org/confluence/display/MAVEN/MojoFailureException
18:39:25.339 [main] INFO  f.i.s.r.p.s.paths.ComputeSourceDir - 1 source dir was found:
18:39:25.339 [main] INFO  f.i.s.r.p.s.paths.ComputeSourceDir - /root/workspace/jenkinsci-kubernetes-plugin-master-1190_repo/src/main/java
18:39:25.594 [main] ERROR f.i.s.r.process.maven.MavenHelper - Error while building complete model. The raw model will be used. Error message: 5 problems were encountered while building the effective model for org.csanchez.jenkins.plugins:kubernetes:999999-SNAPSHOT
[ERROR] Failed to determine Java version for profile jdk-8-and-below @ org.jenkins-ci.plugins:plugin:4.40
[ERROR] Failed to determine Java version for profile jdk-9-and-above @ org.jenkins-ci.plugins:plugin:4.40
[ERROR] Failed to determine Java version for profile jdk8 @ com.google.inject:guice-parent:5.0.1
[ERROR] 'dependencies.dependency.version' for net.jcip:jcip-annotations:jar is missing. @ 
[ERROR] 'dependencies.dependency.version' for commons-logging:commons-logging:jar is missing. @ 

18:39:25.706 [main] ERROR f.i.s.r.process.maven.MavenHelper - Error while building complete model. The raw model will be used. Error message: 5 problems were encountered while building the effective model for org.csanchez.jenkins.plugins:kubernetes:999999-SNAPSHOT
[ERROR] Failed to determine Java version for profile jdk-8-and-below @ org.jenkins-ci.plugins:plugin:4.40
[ERROR] Failed to determine Java version for profile jdk-9-and-above @ org.jenkins-ci.plugins:plugin:4.40
[ERROR] Failed to determine Java version for profile jdk8 @ com.google.inject:guice-parent:5.0.1
[ERROR] 'dependencies.dependency.version' for net.jcip:jcip-annotations:jar is missing. @ 
[ERROR] 'dependencies.dependency.version' for commons-logging:commons-logging:jar is missing. @ 

18:39:25.708 [main] ERROR f.i.s.r.p.step.paths.ComputeTestDir - The test directory is not at default location or specified in build section from pom.xml, and no parent can be found.
18:39:25.708 [main] INFO  f.i.s.r.p.step.paths.ComputeTestDir - 1 test dir was found:
18:39:25.708 [main] INFO  f.i.s.r.p.step.paths.ComputeTestDir - /root/workspace/jenkinsci-kubernetes-plugin-master-1190_repo/src/test/java
18:39:26.225 [main] INFO  f.i.s.r.p.s.g.GatherTestInformation - Get the following failing module path: /root/workspace/jenkinsci-kubernetes-plugin-master-1190_repo
18:39:26.226 [main] INFO  f.i.s.r.p.s.g.GatherTestInformation - ---Test results---
18:39:26.226 [main] INFO  f.i.s.r.p.s.g.GatherTestInformation -    Total tests: 265
18:39:26.226 [main] INFO  f.i.s.r.p.s.g.GatherTestInformation -    Tests run: 252
18:39:26.226 [main] INFO  f.i.s.r.p.s.g.GatherTestInformation -    Tests passing: 250
18:39:26.226 [main] INFO  f.i.s.r.p.s.g.GatherTestInformation -    Failures: 2
18:39:26.226 [main] INFO  f.i.s.r.p.s.g.GatherTestInformation -    Errors: 0
18:39:26.226 [main] INFO  f.i.s.r.p.s.g.GatherTestInformation -    Skipped: 13
[0] INFO Flacoco - Running Flacoco...
[437517] WARN CoverageRunner - Test [Manual]TestMethod=org.csanchez.jenkins.plugins.kubernetes.KubectlBuildWrapperTest#kubectlBuildWrapper_missingCredentials result was not reported by test-runner.
[437517] WARN CoverageRunner - Test [Manual]TestMethod=org.csanchez.jenkins.plugins.kubernetes.KubectlBuildWrapperTest#kubectlBuildWrapper_invalidCredentials result was not reported by test-runner.
[437549] WARN CoverageRunner - Test [Manual]TestMethod=org.csanchez.jenkins.plugins.kubernetes.PodTemplateBuilderTest#testOverridesContainerSpec result was not reported by test-runner.
[437549] WARN CoverageRunner - Test [Manual]TestMethod=org.csanchez.jenkins.plugins.kubernetes.PodTemplateBuilderTest#testBuildFromYaml result was not reported by test-runner.
[437550] WARN CoverageRunner - Test [Manual]TestMethod=org.csanchez.jenkins.plugins.kubernetes.PodTemplateBuilderTest#testValidateDockerRegistryPrefixOverride result was not reported by test-runner.
[437550] WARN CoverageRunner - Test [Manual]TestMethod=org.csanchez.jenkins.plugins.kubernetes.PodTemplateBuilderTest#testValidateDockerRegistryPrefixOverrideWithSlashSuffix result was not reported by test-runner.
[437551] WARN CoverageRunner - Test [Manual]TestMethod=org.csanchez.jenkins.plugins.kubernetes.PodTemplateBuilderTest#testBuildFromTemplate result was not reported by test-runner.
[437552] WARN CoverageRunner - Test [Manual]TestMethod=org.csanchez.jenkins.plugins.kubernetes.PodTemplateBuilderTest#testOverridesFromYaml result was not reported by test-runner.
[437552] WARN CoverageRunner - Test [Manual]TestMethod=org.csanchez.jenkins.plugins.kubernetes.PodTemplateBuilderTest#testInheritsFromWithYaml result was not reported by test-runner.
[437561] WARN CoverageRunner - Test [Manual]TestMethod=org.csanchez.jenkins.plugins.kubernetes.casc.VolumeCasCTest#roundTripTest result was not reported by test-runner.
[437561] WARN CoverageRunner - Test [Manual]TestMethod=org.csanchez.jenkins.plugins.kubernetes.casc.WorkspaceVolumeCasCTest#roundTripTest result was not reported by test-runner.
[437561] WARN CoverageRunner - Test [Manual]TestMethod=org.csanchez.jenkins.plugins.kubernetes.casc.EnvVarCasCTest#roundTripTest result was not reported by test-runner.
[437561] WARN CoverageRunner - Test [Manual]TestMethod=org.csanchez.jenkins.plugins.kubernetes.pipeline.KubernetesPipelineTest#substituteEnv result was not reported by test-runner.
[437561] WARN CoverageRunner - Test [Manual]TestMethod=org.csanchez.jenkins.plugins.kubernetes.pipeline.KubernetesPipelineTest#inheritFrom result was not reported by test-runner.
[437561] WARN CoverageRunner - Test [Manual]TestMethod=org.csanchez.jenkins.plugins.kubernetes.pipeline.KubernetesPipelineTest#runInPod result was not reported by test-runner.
[437562] WARN CoverageRunner - Test [Manual]TestMethod=org.csanchez.jenkins.plugins.kubernetes.pipeline.KubernetesPipelineTest#runIn2Pods result was not reported by test-runner.
[437562] WARN CoverageRunner - Test [Manual]TestMethod=org.csanchez.jenkins.plugins.kubernetes.pipeline.KubernetesPipelineTest#runInPodFromYaml result was not reported by test-runner.
[437562] WARN CoverageRunner - Test [Manual]TestMethod=org.csanchez.jenkins.plugins.kubernetes.pipeline.KubernetesPipelineTest#runInPodWithDifferentShell result was not reported by test-runner.
[437562] WARN CoverageRunner - Test [Manual]TestMethod=org.csanchez.jenkins.plugins.kubernetes.pipeline.KubernetesPipelineTest#bourneShellElsewhereInPath result was not reported by test-runner.
[437562] WARN CoverageRunner - Test [Manual]TestMethod=org.csanchez.jenkins.plugins.kubernetes.pipeline.KubernetesPipelineTest#runInPodWithMultipleContainers result was not reported by test-runner.
[437562] WARN CoverageRunner - Test [Manual]TestMethod=org.csanchez.jenkins.plugins.kubernetes.pipeline.KubernetesPipelineTest#runInPodNested result was not reported by test-runner.
[437562] WARN CoverageRunner - Test [Manual]TestMethod=org.csanchez.jenkins.plugins.kubernetes.pipeline.KubernetesPipelineTest#runInPodNestedExplicitInherit result was not reported by test-runner.
[437562] WARN CoverageRunner - Test [Manual]TestMethod=org.csanchez.jenkins.plugins.kubernetes.pipeline.KubernetesPipelineTest#runInPodWithExistingTemplate result was not reported by test-runner.
[437562] WARN CoverageRunner - Test [Manual]TestMethod=org.csanchez.jenkins.plugins.kubernetes.pipeline.KubernetesPipelineTest#runWithEnvVariables result was not reported by test-runner.
[437562] WARN CoverageRunner - Test [Manual]TestMethod=org.csanchez.jenkins.plugins.kubernetes.pipeline.KubernetesPipelineTest#runWithEnvVariablesInContext result was not reported by test-runner.
[437562] WARN CoverageRunner - Test [Manual]TestMethod=org.csanchez.jenkins.plugins.kubernetes.pipeline.KubernetesPipelineTest#dynamicPVCVolume result was not reported by test-runner.
[437562] WARN CoverageRunner - Test [Manual]TestMethod=org.csanchez.jenkins.plugins.kubernetes.pipeline.KubernetesPipelineTest#runWithOverriddenEnvVariables result was not reported by test-runner.
[437562] WARN CoverageRunner - Test [Manual]TestMethod=org.csanchez.jenkins.plugins.kubernetes.pipeline.KubernetesPipelineTest#supportComputerEnvVars result was not reported by test-runner.
[437562] WARN CoverageRunner - Test [Manual]TestMethod=org.csanchez.jenkins.plugins.kubernetes.pipeline.KubernetesPipelineTest#runDirContext result was not reported by test-runner.
[437562] WARN CoverageRunner - Test [Manual]TestMethod=org.csanchez.jenkins.plugins.kubernetes.pipeline.KubernetesPipelineTest#runInPodWithLivenessProbe result was not reported by test-runner.
[437562] WARN CoverageRunner - Test [Manual]TestMethod=org.csanchez.jenkins.plugins.kubernetes.pipeline.KubernetesPipelineTest#podTemplateWithMultipleLabels result was not reported by test-runner.
[437562] WARN CoverageRunner - Test [Manual]TestMethod=org.csanchez.jenkins.plugins.kubernetes.pipeline.KubernetesPipelineTest#runWithActiveDeadlineSeconds result was not reported by test-runner.
[437562] WARN CoverageRunner - Test [Manual]TestMethod=org.csanchez.jenkins.plugins.kubernetes.pipeline.KubernetesPipelineTest#runInPodWithRetention result was not reported by test-runner.
[437562] WARN CoverageRunner - Test [Manual]TestMethod=org.csanchez.jenkins.plugins.kubernetes.pipeline.KubernetesPipelineTest#terminatedPod result was not reported by test-runner.
[437562] WARN CoverageRunner - Test [Manual]TestMethod=org.csanchez.jenkins.plugins.kubernetes.pipeline.KubernetesPipelineTest#containerTerminated result was not reported by test-runner.
[437562] WARN CoverageRunner - Test [Manual]TestMethod=org.csanchez.jenkins.plugins.kubernetes.pipeline.KubernetesPipelineTest#errorPod result was not reported by test-runner.
[437562] WARN CoverageRunner - Test [Manual]TestMethod=org.csanchez.jenkins.plugins.kubernetes.pipeline.KubernetesPipelineTest#podDeadlineExceeded result was not reported by test-runner.
[437562] WARN CoverageRunner - Test [Manual]TestMethod=org.csanchez.jenkins.plugins.kubernetes.pipeline.KubernetesPipelineTest#interruptedPod result was not reported by test-runner.
[437562] WARN CoverageRunner - Test [Manual]TestMethod=org.csanchez.jenkins.plugins.kubernetes.pipeline.KubernetesPipelineTest#cascadingDelete result was not reported by test-runner.
[437562] WARN CoverageRunner - Test [Manual]TestMethod=org.csanchez.jenkins.plugins.kubernetes.pipeline.KubernetesPipelineTest#computerCantBeConfigured result was not reported by test-runner.
[437562] WARN CoverageRunner - Test [Manual]TestMethod=org.csanchez.jenkins.plugins.kubernetes.pipeline.KubernetesPipelineTest#runInPodWithShowRawYamlFalse result was not reported by test-runner.
[437562] WARN CoverageRunner - Test [Manual]TestMethod=org.csanchez.jenkins.plugins.kubernetes.pipeline.KubernetesPipelineTest#showRawYamlFalseInherited result was not reported by test-runner.
[437562] WARN CoverageRunner - Test [Manual]TestMethod=org.csanchez.jenkins.plugins.kubernetes.pipeline.KubernetesPipelineTest#overrideYaml result was not reported by test-runner.
[437562] WARN CoverageRunner - Test [Manual]TestMethod=org.csanchez.jenkins.plugins.kubernetes.pipeline.KubernetesPipelineTest#mergeYaml result was not reported by test-runner.
[437562] WARN CoverageRunner - Test [Manual]TestMethod=org.csanchez.jenkins.plugins.kubernetes.pipeline.KubernetesPipelineTest#jenkinsSecretHidden result was not reported by test-runner.
[437562] WARN CoverageRunner - Test [Manual]TestMethod=org.csanchez.jenkins.plugins.kubernetes.pipeline.KubernetesPipelineTest#jnlpWorkingDir result was not reported by test-runner.
[437562] WARN CoverageRunner - Test [Manual]TestMethod=org.csanchez.jenkins.plugins.kubernetes.pipeline.KubernetesPipelineTest#sidecarWorkingDir result was not reported by test-runner.
[437562] WARN CoverageRunner - Test [Manual]TestMethod=org.csanchez.jenkins.plugins.kubernetes.pipeline.KubernetesPipelineTest#runInDynamicallyCreatedContainer result was not reported by test-runner.
[437562] WARN CoverageRunner - Test [Manual]TestMethod=org.csanchez.jenkins.plugins.kubernetes.pipeline.KubernetesPipelineTest#basicWindows result was not reported by test-runner.
[437562] WARN CoverageRunner - Test [Manual]TestMethod=org.csanchez.jenkins.plugins.kubernetes.pipeline.KubernetesPipelineTest#windowsContainer result was not reported by test-runner.
[437562] WARN CoverageRunner - Test [Manual]TestMethod=org.csanchez.jenkins.plugins.kubernetes.pipeline.KubernetesPipelineTest#interruptedPodWindows result was not reported by test-runner.
[437562] WARN CoverageRunner - Test [Manual]TestMethod=org.csanchez.jenkins.plugins.kubernetes.pipeline.KubernetesPipelineTest#secretMaskingWindows result was not reported by test-runner.
[437562] WARN CoverageRunner - Test [Manual]TestMethod=org.csanchez.jenkins.plugins.kubernetes.pipeline.KubernetesPipelineTest#dynamicPVCWorkspaceVolume result was not reported by test-runner.
[437562] WARN CoverageRunner - Test [Manual]TestMethod=org.csanchez.jenkins.plugins.kubernetes.pipeline.KubernetesPipelineTest#invalidPodGetsCancelled result was not reported by test-runner.
[437562] WARN CoverageRunner - Test [Manual]TestMethod=org.csanchez.jenkins.plugins.kubernetes.pipeline.KubernetesPipelineTest#invalidImageGetsCancelled result was not reported by test-runner.
[437562] WARN CoverageRunner - Test [Manual]TestMethod=org.csanchez.jenkins.plugins.kubernetes.pipeline.KubernetesPipelineTest#octalPermissions result was not reported by test-runner.
[437562] WARN CoverageRunner - Test [Manual]TestMethod=org.csanchez.jenkins.plugins.kubernetes.pipeline.ContainerExecDecoratorWindowsTest#testCommandExecution result was not reported by test-runner.
[437562] WARN CoverageRunner - Test [Manual]TestMethod=org.csanchez.jenkins.plugins.kubernetes.pipeline.ContainerExecDecoratorWindowsTest#testCommandExecutionNoOutput result was not reported by test-runner.
[437562] WARN CoverageRunner - Test [Manual]TestMethod=org.csanchez.jenkins.plugins.kubernetes.pipeline.ContainerExecDecoratorWindowsTest#testQuietCommandExecution result was not reported by test-runner.
[437562] WARN CoverageRunner - Test [Manual]TestMethod=org.csanchez.jenkins.plugins.kubernetes.pipeline.KubernetesPipelineOverridenNamespaceTest#runWithCloudOverriddenNamespace result was not reported by test-runner.
[437562] WARN CoverageRunner - Test [Manual]TestMethod=org.csanchez.jenkins.plugins.kubernetes.pipeline.KubernetesPipelineOverridenNamespaceTest#runWithStepOverriddenNamespace result was not reported by test-runner.
[437562] WARN CoverageRunner - Test [Manual]TestMethod=org.csanchez.jenkins.plugins.kubernetes.pipeline.WebSocketTest#webSocketAgent result was not reported by test-runner.
[437562] WARN CoverageRunner - Test [Manual]TestMethod=org.csanchez.jenkins.plugins.kubernetes.pipeline.NoDelayProvisionerStrategyTest#noDelayProvisionerCallsListener result was not reported by test-runner.
[437562] WARN CoverageRunner - Test [Manual]TestMethod=org.csanchez.jenkins.plugins.kubernetes.pipeline.KubernetesDeclarativeAgentTest#declarative result was not reported by test-runner.
[437562] WARN CoverageRunner - Test [Manual]TestMethod=org.csanchez.jenkins.plugins.kubernetes.pipeline.KubernetesDeclarativeAgentTest#declarativeFromYaml result was not reported by test-runner.
[437562] WARN CoverageRunner - Test [Manual]TestMethod=org.csanchez.jenkins.plugins.kubernetes.pipeline.KubernetesDeclarativeAgentTest#declarativeWithNamespaceFromYaml result was not reported by test-runner.
[437562] WARN CoverageRunner - Test [Manual]TestMethod=org.csanchez.jenkins.plugins.kubernetes.pipeline.KubernetesDeclarativeAgentTest#declarativeFromYamlFile result was not reported by test-runner.
[437562] WARN CoverageRunner - Test [Manual]TestMethod=org.csanchez.jenkins.plugins.kubernetes.pipeline.KubernetesDeclarativeAgentTest#declarativeFromYamlWithNullEnv result was not reported by test-runner.
[437562] WARN CoverageRunner - Test [Manual]TestMethod=org.csanchez.jenkins.plugins.kubernetes.pipeline.KubernetesDeclarativeAgentTest#declarativeSCMVars result was not reported by test-runner.
[437562] WARN CoverageRunner - Test [Manual]TestMethod=org.csanchez.jenkins.plugins.kubernetes.pipeline.KubernetesDeclarativeAgentTest#declarativeCustomWorkspace result was not reported by test-runner.
[437562] WARN CoverageRunner - Test [Manual]TestMethod=org.csanchez.jenkins.plugins.kubernetes.pipeline.KubernetesDeclarativeAgentTest#declarativeCustomWorkingDir result was not reported by test-runner.
[437562] WARN CoverageRunner - Test [Manual]TestMethod=org.csanchez.jenkins.plugins.kubernetes.pipeline.KubernetesDeclarativeAgentTest#declarativeWithNestedExplicitInheritance result was not reported by test-runner.
[437562] WARN CoverageRunner - Test [Manual]TestMethod=org.csanchez.jenkins.plugins.kubernetes.pipeline.KubernetesDeclarativeAgentTest#declarativeWithNonexistentDockerImage result was not reported by test-runner.
[437562] WARN CoverageRunner - Test [Manual]TestMethod=org.csanchez.jenkins.plugins.kubernetes.pipeline.KubernetesDeclarativeAgentTest#declarativeWithCreateContainerError result was not reported by test-runner.
[437562] WARN CoverageRunner - Test [Manual]TestMethod=org.csanchez.jenkins.plugins.kubernetes.pipeline.KubernetesDeclarativeAgentTest#declarativeShowRawYamlFalse result was not reported by test-runner.
[437562] WARN CoverageRunner - Test [Manual]TestMethod=org.csanchez.jenkins.plugins.kubernetes.pipeline.KubernetesSamplesTest#smokes result was not reported by test-runner.
[437562] WARN CoverageRunner - Test [Manual]TestMethod=org.csanchez.jenkins.plugins.kubernetes.pipeline.PodNameTest#multipleDots result was not reported by test-runner.
[437562] WARN CoverageRunner - Test [Manual]TestMethod=org.csanchez.jenkins.plugins.kubernetes.pipeline.ContainerExecDecoratorPipelineTest#sshagent result was not reported by test-runner.
[437562] WARN CoverageRunner - Test [Manual]TestMethod=org.csanchez.jenkins.plugins.kubernetes.pipeline.ContainerExecDecoratorPipelineTest#closedWebSocketExit result was not reported by test-runner.
[437562] WARN CoverageRunner - Test [Manual]TestMethod=org.csanchez.jenkins.plugins.kubernetes.pipeline.ContainerExecDecoratorPipelineTest#envVarDollarSignEscaping result was not reported by test-runner.
[437563] WARN CoverageRunner - Test [Manual]TestMethod=org.csanchez.jenkins.plugins.kubernetes.pipeline.ContainerExecDecoratorPipelineTest#docker result was not reported by test-runner.
[437563] WARN CoverageRunner - Test [Manual]TestMethod=org.csanchez.jenkins.plugins.kubernetes.pipeline.RestartPipelineTest#windowsRestart result was not reported by test-runner.
[437563] WARN CoverageRunner - Test [Manual]TestMethod=org.csanchez.jenkins.plugins.kubernetes.pipeline.RestartPipelineTest#nullLabelSupportsRestart result was not reported by test-runner.
[437563] WARN CoverageRunner - Test [Manual]TestMethod=org.csanchez.jenkins.plugins.kubernetes.pipeline.RestartPipelineTest#runInPodWithRestartWithMultipleContainerCalls result was not reported by test-runner.
[437563] WARN CoverageRunner - Test [Manual]TestMethod=org.csanchez.jenkins.plugins.kubernetes.pipeline.RestartPipelineTest#runInPodWithRestartWithLongSleep result was not reported by test-runner.
[437563] WARN CoverageRunner - Test [Manual]TestMethod=org.csanchez.jenkins.plugins.kubernetes.pipeline.RestartPipelineTest#terminatedPodAfterRestart result was not reported by test-runner.
[437563] WARN CoverageRunner - Test [Manual]TestMethod=org.csanchez.jenkins.plugins.kubernetes.pipeline.RestartPipelineTest#taskListenerAfterRestart result was not reported by test-runner.
[437563] WARN CoverageRunner - Test [Manual]TestMethod=org.csanchez.jenkins.plugins.kubernetes.pipeline.RestartPipelineTest#taskListenerAfterRestart_multipleLabels result was not reported by test-runner.
[437563] WARN CoverageRunner - Test [Manual]TestMethod=org.csanchez.jenkins.plugins.kubernetes.pipeline.RestartPipelineTest#getContainerLogWithRestart result was not reported by test-runner.
[437563] WARN CoverageRunner - Test [Manual]TestMethod=org.csanchez.jenkins.plugins.kubernetes.pipeline.ContainerLogStepTest#getContainerLog result was not reported by test-runner.
[437563] WARN CoverageRunner - Test [Manual]TestMethod=org.csanchez.jenkins.plugins.kubernetes.pipeline.ContainerExecDecoratorTest#testCommandExecution result was not reported by test-runner.
[437563] WARN CoverageRunner - Test [Manual]TestMethod=org.csanchez.jenkins.plugins.kubernetes.pipeline.ContainerExecDecoratorTest#testQuietCommandExecution result was not reported by test-runner.
[437563] WARN CoverageRunner - Test [Manual]TestMethod=org.csanchez.jenkins.plugins.kubernetes.pipeline.ContainerExecDecoratorTest#testCommandExecutionFailure result was not reported by test-runner.
[437563] WARN CoverageRunner - Test [Manual]TestMethod=org.csanchez.jenkins.plugins.kubernetes.pipeline.ContainerExecDecoratorTest#testCommandExecutionFailureHighError result was not reported by test-runner.
[437563] WARN CoverageRunner - Test [Manual]TestMethod=org.csanchez.jenkins.plugins.kubernetes.pipeline.ContainerExecDecoratorTest#testCommandExecutionWithNohup result was not reported by test-runner.
[437563] WARN CoverageRunner - Test [Manual]TestMethod=org.csanchez.jenkins.plugins.kubernetes.pipeline.ContainerExecDecoratorTest#commandsEscaping result was not reported by test-runner.
[437563] WARN CoverageRunner - Test [Manual]TestMethod=org.csanchez.jenkins.plugins.kubernetes.pipeline.ContainerExecDecoratorTest#testCommandExecutionWithEscaping result was not reported by test-runner.
[437563] WARN CoverageRunner - Test [Manual]TestMethod=org.csanchez.jenkins.plugins.kubernetes.pipeline.ContainerExecDecoratorTest#testCommandExecutionEscapingDoubleQuotes result was not reported by test-runner.
[437563] WARN CoverageRunner - Test [Manual]TestMethod=org.csanchez.jenkins.plugins.kubernetes.pipeline.ContainerExecDecoratorTest#testCommandExecutionOutput result was not reported by test-runner.
[437563] WARN CoverageRunner - Test [Manual]TestMethod=org.csanchez.jenkins.plugins.kubernetes.pipeline.ContainerExecDecoratorTest#testCommandExecutionWithNohupAndError result was not reported by test-runner.
[437563] WARN CoverageRunner - Test [Manual]TestMethod=org.csanchez.jenkins.plugins.kubernetes.pipeline.ContainerExecDecoratorTest#testContainerDoesNotExist result was not reported by test-runner.
[437563] WARN CoverageRunner - Test [Manual]TestMethod=org.csanchez.jenkins.plugins.kubernetes.pipeline.ContainerExecDecoratorTest#testRejectedExecutionException result was not reported by test-runner.
[437563] WARN CoverageRunner - Test [Manual]TestMethod=org.csanchez.jenkins.plugins.kubernetes.pipeline.ContainerExecDecoratorTest#testContainerExecPerformance result was not reported by test-runner.
[437563] WARN CoverageRunner - Test [Manual]TestMethod=org.csanchez.jenkins.plugins.kubernetes.pipeline.ContainerExecDecoratorTest#testContainerExecOnCustomWorkingDir result was not reported by test-runner.
[437563] WARN CoverageRunner - Test [Manual]TestMethod=org.csanchez.jenkins.plugins.kubernetes.pipeline.ContainerExecDecoratorTest#testContainerExecOnCustomWorkingDirWithComputeEnvVars result was not reported by test-runner.
[437563] WARN CoverageRunner - Test [Manual]TestMethod=org.csanchez.jenkins.plugins.kubernetes.pipeline.ContainerExecDecoratorTest#testRunningANonKubernetesNodeInsideContainerClause result was not reported by test-runner.
[437820] WARN CoverageRunner - Test [Manual]TestMethod=org.csanchez.jenkins.plugins.kubernetes.KubectlBuildWrapperTest#kubectlBuildWrapper_missingCredentials result was not reported by test-runner.
[437820] WARN CoverageRunner - Test [Manual]TestMethod=org.csanchez.jenkins.plugins.kubernetes.KubectlBuildWrapperTest#kubectlBuildWrapper_invalidCredentials result was not reported by test-runner.
[437825] WARN CoverageRunner - Test [Manual]TestMethod=org.csanchez.jenkins.plugins.kubernetes.PodTemplateBuilderTest#testOverridesContainerSpec result was not reported by test-runner.
[437825] WARN CoverageRunner - Test [Manual]TestMethod=org.csanchez.jenkins.plugins.kubernetes.PodTemplateBuilderTest#testBuildFromYaml result was not reported by test-runner.
[437825] WARN CoverageRunner - Test [Manual]TestMethod=org.csanchez.jenkins.plugins.kubernetes.PodTemplateBuilderTest#testValidateDockerRegistryPrefixOverride result was not reported by test-runner.
[437825] WARN CoverageRunner - Test [Manual]TestMethod=org.csanchez.jenkins.plugins.kubernetes.PodTemplateBuilderTest#testValidateDockerRegistryPrefixOverrideWithSlashSuffix result was not reported by test-runner.
[437826] WARN CoverageRunner - Test [Manual]TestMethod=org.csanchez.jenkins.plugins.kubernetes.PodTemplateBuilderTest#testBuildFromTemplate result was not reported by test-runner.
[437826] WARN CoverageRunner - Test [Manual]TestMethod=org.csanchez.jenkins.plugins.kubernetes.PodTemplateBuilderTest#testOverridesFromYaml result was not reported by test-runner.
[437826] WARN CoverageRunner - Test [Manual]TestMethod=org.csanchez.jenkins.plugins.kubernetes.PodTemplateBuilderTest#testInheritsFromWithYaml result was not reported by test-runner.
[437828] WARN CoverageRunner - Test [Manual]TestMethod=org.csanchez.jenkins.plugins.kubernetes.casc.VolumeCasCTest#roundTripTest result was not reported by test-runner.
[437828] WARN CoverageRunner - Test [Manual]TestMethod=org.csanchez.jenkins.plugins.kubernetes.casc.WorkspaceVolumeCasCTest#roundTripTest result was not reported by test-runner.
[437828] WARN CoverageRunner - Test [Manual]TestMethod=org.csanchez.jenkins.plugins.kubernetes.casc.EnvVarCasCTest#roundTripTest result was not reported by test-runner.
[437828] WARN CoverageRunner - Test [Manual]TestMethod=org.csanchez.jenkins.plugins.kubernetes.pipeline.KubernetesPipelineTest#substituteEnv result was not reported by test-runner.
[437828] WARN CoverageRunner - Test [Manual]TestMethod=org.csanchez.jenkins.plugins.kubernetes.pipeline.KubernetesPipelineTest#inheritFrom result was not reported by test-runner.
[437828] WARN CoverageRunner - Test [Manual]TestMethod=org.csanchez.jenkins.plugins.kubernetes.pipeline.KubernetesPipelineTest#runInPod result was not reported by test-runner.
[437828] WARN CoverageRunner - Test [Manual]TestMethod=org.csanchez.jenkins.plugins.kubernetes.pipeline.KubernetesPipelineTest#runIn2Pods result was not reported by test-runner.
[437828] WARN CoverageRunner - Test [Manual]TestMethod=org.csanchez.jenkins.plugins.kubernetes.pipeline.KubernetesPipelineTest#runInPodFromYaml result was not reported by test-runner.
[437828] WARN CoverageRunner - Test [Manual]TestMethod=org.csanchez.jenkins.plugins.kubernetes.pipeline.KubernetesPipelineTest#runInPodWithDifferentShell result was not reported by test-runner.
[437828] WARN CoverageRunner - Test [Manual]TestMethod=org.csanchez.jenkins.plugins.kubernetes.pipeline.KubernetesPipelineTest#bourneShellElsewhereInPath result was not reported by test-runner.
[437828] WARN CoverageRunner - Test [Manual]TestMethod=org.csanchez.jenkins.plugins.kubernetes.pipeline.KubernetesPipelineTest#runInPodWithMultipleContainers result was not reported by test-runner.
[437828] WARN CoverageRunner - Test [Manual]TestMethod=org.csanchez.jenkins.plugins.kubernetes.pipeline.KubernetesPipelineTest#runInPodNested result was not reported by test-runner.
[437828] WARN CoverageRunner - Test [Manual]TestMethod=org.csanchez.jenkins.plugins.kubernetes.pipeline.KubernetesPipelineTest#runInPodNestedExplicitInherit result was not reported by test-runner.
[437828] WARN CoverageRunner - Test [Manual]TestMethod=org.csanchez.jenkins.plugins.kubernetes.pipeline.KubernetesPipelineTest#runInPodWithExistingTemplate result was not reported by test-runner.
[437828] WARN CoverageRunner - Test [Manual]TestMethod=org.csanchez.jenkins.plugins.kubernetes.pipeline.KubernetesPipelineTest#runWithEnvVariables result was not reported by test-runner.
[437828] WARN CoverageRunner - Test [Manual]TestMethod=org.csanchez.jenkins.plugins.kubernetes.pipeline.KubernetesPipelineTest#runWithEnvVariablesInContext result was not reported by test-runner.
[437828] WARN CoverageRunner - Test [Manual]TestMethod=org.csanchez.jenkins.plugins.kubernetes.pipeline.KubernetesPipelineTest#dynamicPVCVolume result was not reported by test-runner.
[437828] WARN CoverageRunner - Test [Manual]TestMethod=org.csanchez.jenkins.plugins.kubernetes.pipeline.KubernetesPipelineTest#runWithOverriddenEnvVariables result was not reported by test-runner.
[437828] WARN CoverageRunner - Test [Manual]TestMethod=org.csanchez.jenkins.plugins.kubernetes.pipeline.KubernetesPipelineTest#supportComputerEnvVars result was not reported by test-runner.
[437828] WARN CoverageRunner - Test [Manual]TestMethod=org.csanchez.jenkins.plugins.kubernetes.pipeline.KubernetesPipelineTest#runDirContext result was not reported by test-runner.
[437828] WARN CoverageRunner - Test [Manual]TestMethod=org.csanchez.jenkins.plugins.kubernetes.pipeline.KubernetesPipelineTest#runInPodWithLivenessProbe result was not reported by test-runner.
[437828] WARN CoverageRunner - Test [Manual]TestMethod=org.csanchez.jenkins.plugins.kubernetes.pipeline.KubernetesPipelineTest#podTemplateWithMultipleLabels result was not reported by test-runner.
[437828] WARN CoverageRunner - Test [Manual]TestMethod=org.csanchez.jenkins.plugins.kubernetes.pipeline.KubernetesPipelineTest#runWithActiveDeadlineSeconds result was not reported by test-runner.
[437828] WARN CoverageRunner - Test [Manual]TestMethod=org.csanchez.jenkins.plugins.kubernetes.pipeline.KubernetesPipelineTest#runInPodWithRetention result was not reported by test-runner.
[437828] WARN CoverageRunner - Test [Manual]TestMethod=org.csanchez.jenkins.plugins.kubernetes.pipeline.KubernetesPipelineTest#terminatedPod result was not reported by test-runner.
[437828] WARN CoverageRunner - Test [Manual]TestMethod=org.csanchez.jenkins.plugins.kubernetes.pipeline.KubernetesPipelineTest#containerTerminated result was not reported by test-runner.
[437828] WARN CoverageRunner - Test [Manual]TestMethod=org.csanchez.jenkins.plugins.kubernetes.pipeline.KubernetesPipelineTest#errorPod result was not reported by test-runner.
[437828] WARN CoverageRunner - Test [Manual]TestMethod=org.csanchez.jenkins.plugins.kubernetes.pipeline.KubernetesPipelineTest#podDeadlineExceeded result was not reported by test-runner.
[437828] WARN CoverageRunner - Test [Manual]TestMethod=org.csanchez.jenkins.plugins.kubernetes.pipeline.KubernetesPipelineTest#interruptedPod result was not reported by test-runner.
[437828] WARN CoverageRunner - Test [Manual]TestMethod=org.csanchez.jenkins.plugins.kubernetes.pipeline.KubernetesPipelineTest#cascadingDelete result was not reported by test-runner.
[437828] WARN CoverageRunner - Test [Manual]TestMethod=org.csanchez.jenkins.plugins.kubernetes.pipeline.KubernetesPipelineTest#computerCantBeConfigured result was not reported by test-runner.
[437828] WARN CoverageRunner - Test [Manual]TestMethod=org.csanchez.jenkins.plugins.kubernetes.pipeline.KubernetesPipelineTest#runInPodWithShowRawYamlFalse result was not reported by test-runner.
[437828] WARN CoverageRunner - Test [Manual]TestMethod=org.csanchez.jenkins.plugins.kubernetes.pipeline.KubernetesPipelineTest#showRawYamlFalseInherited result was not reported by test-runner.
[437828] WARN CoverageRunner - Test [Manual]TestMethod=org.csanchez.jenkins.plugins.kubernetes.pipeline.KubernetesPipelineTest#overrideYaml result was not reported by test-runner.
[437828] WARN CoverageRunner - Test [Manual]TestMethod=org.csanchez.jenkins.plugins.kubernetes.pipeline.KubernetesPipelineTest#mergeYaml result was not reported by test-runner.
[437828] WARN CoverageRunner - Test [Manual]TestMethod=org.csanchez.jenkins.plugins.kubernetes.pipeline.KubernetesPipelineTest#jenkinsSecretHidden result was not reported by test-runner.
[437828] WARN CoverageRunner - Test [Manual]TestMethod=org.csanchez.jenkins.plugins.kubernetes.pipeline.KubernetesPipelineTest#jnlpWorkingDir result was not reported by test-runner.
[437828] WARN CoverageRunner - Test [Manual]TestMethod=org.csanchez.jenkins.plugins.kubernetes.pipeline.KubernetesPipelineTest#sidecarWorkingDir result was not reported by test-runner.
[437828] WARN CoverageRunner - Test [Manual]TestMethod=org.csanchez.jenkins.plugins.kubernetes.pipeline.KubernetesPipelineTest#runInDynamicallyCreatedContainer result was not reported by test-runner.
[437828] WARN CoverageRunner - Test [Manual]TestMethod=org.csanchez.jenkins.plugins.kubernetes.pipeline.KubernetesPipelineTest#basicWindows result was not reported by test-runner.
[437828] WARN CoverageRunner - Test [Manual]TestMethod=org.csanchez.jenkins.plugins.kubernetes.pipeline.KubernetesPipelineTest#windowsContainer result was not reported by test-runner.
[437828] WARN CoverageRunner - Test [Manual]TestMethod=org.csanchez.jenkins.plugins.kubernetes.pipeline.KubernetesPipelineTest#interruptedPodWindows result was not reported by test-runner.
[437828] WARN CoverageRunner - Test [Manual]TestMethod=org.csanchez.jenkins.plugins.kubernetes.pipeline.KubernetesPipelineTest#secretMaskingWindows result was not reported by test-runner.
[437828] WARN CoverageRunner - Test [Manual]TestMethod=org.csanchez.jenkins.plugins.kubernetes.pipeline.KubernetesPipelineTest#dynamicPVCWorkspaceVolume result was not reported by test-runner.
[437828] WARN CoverageRunner - Test [Manual]TestMethod=org.csanchez.jenkins.plugins.kubernetes.pipeline.KubernetesPipelineTest#invalidPodGetsCancelled result was not reported by test-runner.
[437828] WARN CoverageRunner - Test [Manual]TestMethod=org.csanchez.jenkins.plugins.kubernetes.pipeline.KubernetesPipelineTest#invalidImageGetsCancelled result was not reported by test-runner.
[437828] WARN CoverageRunner - Test [Manual]TestMethod=org.csanchez.jenkins.plugins.kubernetes.pipeline.KubernetesPipelineTest#octalPermissions result was not reported by test-runner.
[437828] WARN CoverageRunner - Test [Manual]TestMethod=org.csanchez.jenkins.plugins.kubernetes.pipeline.ContainerExecDecoratorWindowsTest#testCommandExecution result was not reported by test-runner.
[437828] WARN CoverageRunner - Test [Manual]TestMethod=org.csanchez.jenkins.plugins.kubernetes.pipeline.ContainerExecDecoratorWindowsTest#testCommandExecutionNoOutput result was not reported by test-runner.
[437828] WARN CoverageRunner - Test [Manual]TestMethod=org.csanchez.jenkins.plugins.kubernetes.pipeline.ContainerExecDecoratorWindowsTest#testQuietCommandExecution result was not reported by test-runner.
[437828] WARN CoverageRunner - Test [Manual]TestMethod=org.csanchez.jenkins.plugins.kubernetes.pipeline.KubernetesPipelineOverridenNamespaceTest#runWithCloudOverriddenNamespace result was not reported by test-runner.
[437828] WARN CoverageRunner - Test [Manual]TestMethod=org.csanchez.jenkins.plugins.kubernetes.pipeline.KubernetesPipelineOverridenNamespaceTest#runWithStepOverriddenNamespace result was not reported by test-runner.
[437828] WARN CoverageRunner - Test [Manual]TestMethod=org.csanchez.jenkins.plugins.kubernetes.pipeline.WebSocketTest#webSocketAgent result was not reported by test-runner.
[437828] WARN CoverageRunner - Test [Manual]TestMethod=org.csanchez.jenkins.plugins.kubernetes.pipeline.NoDelayProvisionerStrategyTest#noDelayProvisionerCallsListener result was not reported by test-runner.
[437828] WARN CoverageRunner - Test [Manual]TestMethod=org.csanchez.jenkins.plugins.kubernetes.pipeline.KubernetesDeclarativeAgentTest#declarative result was not reported by test-runner.
[437828] WARN CoverageRunner - Test [Manual]TestMethod=org.csanchez.jenkins.plugins.kubernetes.pipeline.KubernetesDeclarativeAgentTest#declarativeFromYaml result was not reported by test-runner.
[437828] WARN CoverageRunner - Test [Manual]TestMethod=org.csanchez.jenkins.plugins.kubernetes.pipeline.KubernetesDeclarativeAgentTest#declarativeWithNamespaceFromYaml result was not reported by test-runner.
[437829] WARN CoverageRunner - Test [Manual]TestMethod=org.csanchez.jenkins.plugins.kubernetes.pipeline.KubernetesDeclarativeAgentTest#declarativeFromYamlFile result was not reported by test-runner.
[437829] WARN CoverageRunner - Test [Manual]TestMethod=org.csanchez.jenkins.plugins.kubernetes.pipeline.KubernetesDeclarativeAgentTest#declarativeFromYamlWithNullEnv result was not reported by test-runner.
[437829] WARN CoverageRunner - Test [Manual]TestMethod=org.csanchez.jenkins.plugins.kubernetes.pipeline.KubernetesDeclarativeAgentTest#declarativeSCMVars result was not reported by test-runner.
[437829] WARN CoverageRunner - Test [Manual]TestMethod=org.csanchez.jenkins.plugins.kubernetes.pipeline.KubernetesDeclarativeAgentTest#declarativeCustomWorkspace result was not reported by test-runner.
[437829] WARN CoverageRunner - Test [Manual]TestMethod=org.csanchez.jenkins.plugins.kubernetes.pipeline.KubernetesDeclarativeAgentTest#declarativeCustomWorkingDir result was not reported by test-runner.
[437829] WARN CoverageRunner - Test [Manual]TestMethod=org.csanchez.jenkins.plugins.kubernetes.pipeline.KubernetesDeclarativeAgentTest#declarativeWithNestedExplicitInheritance result was not reported by test-runner.
[437829] WARN CoverageRunner - Test [Manual]TestMethod=org.csanchez.jenkins.plugins.kubernetes.pipeline.KubernetesDeclarativeAgentTest#declarativeWithNonexistentDockerImage result was not reported by test-runner.
[437829] WARN CoverageRunner - Test [Manual]TestMethod=org.csanchez.jenkins.plugins.kubernetes.pipeline.KubernetesDeclarativeAgentTest#declarativeWithCreateContainerError result was not reported by test-runner.
[437829] WARN CoverageRunner - Test [Manual]TestMethod=org.csanchez.jenkins.plugins.kubernetes.pipeline.KubernetesDeclarativeAgentTest#declarativeShowRawYamlFalse result was not reported by test-runner.
[437829] WARN CoverageRunner - Test [Manual]TestMethod=org.csanchez.jenkins.plugins.kubernetes.pipeline.KubernetesSamplesTest#smokes result was not reported by test-runner.
[437829] WARN CoverageRunner - Test [Manual]TestMethod=org.csanchez.jenkins.plugins.kubernetes.pipeline.PodNameTest#multipleDots result was not reported by test-runner.
[437829] WARN CoverageRunner - Test [Manual]TestMethod=org.csanchez.jenkins.plugins.kubernetes.pipeline.ContainerExecDecoratorPipelineTest#sshagent result was not reported by test-runner.
[437829] WARN CoverageRunner - Test [Manual]TestMethod=org.csanchez.jenkins.plugins.kubernetes.pipeline.ContainerExecDecoratorPipelineTest#closedWebSocketExit result was not reported by test-runner.
[437829] WARN CoverageRunner - Test [Manual]TestMethod=org.csanchez.jenkins.plugins.kubernetes.pipeline.ContainerExecDecoratorPipelineTest#envVarDollarSignEscaping result was not reported by test-runner.
[437829] WARN CoverageRunner - Test [Manual]TestMethod=org.csanchez.jenkins.plugins.kubernetes.pipeline.ContainerExecDecoratorPipelineTest#docker result was not reported by test-runner.
[437829] WARN CoverageRunner - Test [Manual]TestMethod=org.csanchez.jenkins.plugins.kubernetes.pipeline.RestartPipelineTest#windowsRestart result was not reported by test-runner.
[437829] WARN CoverageRunner - Test [Manual]TestMethod=org.csanchez.jenkins.plugins.kubernetes.pipeline.RestartPipelineTest#nullLabelSupportsRestart result was not reported by test-runner.
[437829] WARN CoverageRunner - Test [Manual]TestMethod=org.csanchez.jenkins.plugins.kubernetes.pipeline.RestartPipelineTest#runInPodWithRestartWithMultipleContainerCalls result was not reported by test-runner.
[437829] WARN CoverageRunner - Test [Manual]TestMethod=org.csanchez.jenkins.plugins.kubernetes.pipeline.RestartPipelineTest#runInPodWithRestartWithLongSleep result was not reported by test-runner.
[437829] WARN CoverageRunner - Test [Manual]TestMethod=org.csanchez.jenkins.plugins.kubernetes.pipeline.RestartPipelineTest#terminatedPodAfterRestart result was not reported by test-runner.
[437829] WARN CoverageRunner - Test [Manual]TestMethod=org.csanchez.jenkins.plugins.kubernetes.pipeline.RestartPipelineTest#taskListenerAfterRestart result was not reported by test-runner.
[437829] WARN CoverageRunner - Test [Manual]TestMethod=org.csanchez.jenkins.plugins.kubernetes.pipeline.RestartPipelineTest#taskListenerAfterRestart_multipleLabels result was not reported by test-runner.
[437829] WARN CoverageRunner - Test [Manual]TestMethod=org.csanchez.jenkins.plugins.kubernetes.pipeline.RestartPipelineTest#getContainerLogWithRestart result was not reported by test-runner.
[437829] WARN CoverageRunner - Test [Manual]TestMethod=org.csanchez.jenkins.plugins.kubernetes.pipeline.ContainerLogStepTest#getContainerLog result was not reported by test-runner.
[437829] WARN CoverageRunner - Test [Manual]TestMethod=org.csanchez.jenkins.plugins.kubernetes.pipeline.ContainerExecDecoratorTest#testCommandExecution result was not reported by test-runner.
[437829] WARN CoverageRunner - Test [Manual]TestMethod=org.csanchez.jenkins.plugins.kubernetes.pipeline.ContainerExecDecoratorTest#testQuietCommandExecution result was not reported by test-runner.
[437829] WARN CoverageRunner - Test [Manual]TestMethod=org.csanchez.jenkins.plugins.kubernetes.pipeline.ContainerExecDecoratorTest#testCommandExecutionFailure result was not reported by test-runner.
[437829] WARN CoverageRunner - Test [Manual]TestMethod=org.csanchez.jenkins.plugins.kubernetes.pipeline.ContainerExecDecoratorTest#testCommandExecutionFailureHighError result was not reported by test-runner.
[437829] WARN CoverageRunner - Test [Manual]TestMethod=org.csanchez.jenkins.plugins.kubernetes.pipeline.ContainerExecDecoratorTest#testCommandExecutionWithNohup result was not reported by test-runner.
[437829] WARN CoverageRunner - Test [Manual]TestMethod=org.csanchez.jenkins.plugins.kubernetes.pipeline.ContainerExecDecoratorTest#commandsEscaping result was not reported by test-runner.
[437829] WARN CoverageRunner - Test [Manual]TestMethod=org.csanchez.jenkins.plugins.kubernetes.pipeline.ContainerExecDecoratorTest#testCommandExecutionWithEscaping result was not reported by test-runner.
[437829] WARN CoverageRunner - Test [Manual]TestMethod=org.csanchez.jenkins.plugins.kubernetes.pipeline.ContainerExecDecoratorTest#testCommandExecutionEscapingDoubleQuotes result was not reported by test-runner.
[437829] WARN CoverageRunner - Test [Manual]TestMethod=org.csanchez.jenkins.plugins.kubernetes.pipeline.ContainerExecDecoratorTest#testCommandExecutionOutput result was not reported by test-runner.
[437829] WARN CoverageRunner - Test [Manual]TestMethod=org.csanchez.jenkins.plugins.kubernetes.pipeline.ContainerExecDecoratorTest#testCommandExecutionWithNohupAndError result was not reported by test-runner.
[437829] WARN CoverageRunner - Test [Manual]TestMethod=org.csanchez.jenkins.plugins.kubernetes.pipeline.ContainerExecDecoratorTest#testContainerDoesNotExist result was not reported by test-runner.
[437829] WARN CoverageRunner - Test [Manual]TestMethod=org.csanchez.jenkins.plugins.kubernetes.pipeline.ContainerExecDecoratorTest#testRejectedExecutionException result was not reported by test-runner.
[437829] WARN CoverageRunner - Test [Manual]TestMethod=org.csanchez.jenkins.plugins.kubernetes.pipeline.ContainerExecDecoratorTest#testContainerExecPerformance result was not reported by test-runner.
[437829] WARN CoverageRunner - Test [Manual]TestMethod=org.csanchez.jenkins.plugins.kubernetes.pipeline.ContainerExecDecoratorTest#testContainerExecOnCustomWorkingDir result was not reported by test-runner.
[437829] WARN CoverageRunner - Test [Manual]TestMethod=org.csanchez.jenkins.plugins.kubernetes.pipeline.ContainerExecDecoratorTest#testContainerExecOnCustomWorkingDirWithComputeEnvVars result was not reported by test-runner.
[437829] WARN CoverageRunner - Test [Manual]TestMethod=org.csanchez.jenkins.plugins.kubernetes.pipeline.ContainerExecDecoratorTest#testRunningANonKubernetesNodeInsideContainerClause result was not reported by test-runner.
[437958] INFO CoverageRunner - Tests found: 520
[437958] INFO CoverageRunner - Tests executed: 308
18:46:44.828 [main] INFO  fr.inria.jtravis.JTravis - GitHub ratelimit: Limit: 5000 Remaining: 4651 Reset hour: 04:41:21
18:46:45.952 [main] WARN  f.i.s.r.p.s.p.PushFaultLocalizationSuggestions - Flacoco has found 311 suspicious lines, but none were matched to the diff
18:46:45.952 [main] INFO  f.i.s.r.p.s.f.FlacocoLocalization - 
18:46:46.366 [main] INFO  f.i.s.r.p.i.ProjectInspector - ----------------------------------------------------------------------
18:46:46.367 [main] INFO  f.i.s.r.p.i.ProjectInspector - PIPELINE EXECUTION SUMMARY
18:46:46.367 [main] INFO  f.i.s.r.p.i.ProjectInspector - ----------------------------------------------------------------------
18:46:46.367 [main] INFO  f.i.s.r.p.i.ProjectInspector - CloneCheckoutGitPullRequest..........................SUCCESS [   7 s ]
18:46:46.367 [main] INFO  f.i.s.r.p.i.ProjectInspector - BuildProject.........................................SUCCESS [ 493 s ]
18:46:46.367 [main] INFO  f.i.s.r.p.i.ProjectInspector - TestProject..........................................SUCCESS [ 782 s ]
18:46:46.367 [main] INFO  f.i.s.r.p.i.ProjectInspector - ComputeClasspath.....................................SUCCESS [  17 s ]
18:46:46.367 [main] INFO  f.i.s.r.p.i.ProjectInspector - ComputeSourceDir.....................................SUCCESS [   0 s ]
18:46:46.367 [main] INFO  f.i.s.r.p.i.ProjectInspector - ComputeTestDir.......................................SUCCESS [   0 s ]
18:46:46.367 [main] INFO  f.i.s.r.p.i.ProjectInspector - GatherTestInformation................................SUCCESS [   0 s ]
18:46:46.367 [main] INFO  f.i.s.r.p.i.ProjectInspector - FlacocoLocalization..................................SUCCESS [ 438 s ]
18:46:46.368 [main] INFO  f.i.s.r.p.i.ProjectInspector - PushFaultLocalizationSuggestions.....................SKIPPED          
18:46:46.368 [main] INFO  f.i.s.r.p.i.ProjectInspector - ----------------------------------------------------------------------
18:46:46.368 [main] INFO  f.i.s.r.p.i.ProjectInspector - PIPELINE FINDING: TEST FAILURE
18:46:46.368 [main] INFO  f.i.s.r.p.i.ProjectInspector - ----------------------------------------------------------------------
18:46:46.368 [main] INFO  f.i.s.r.p.github.GithubMainProcess - Inspector is finished. The process will exit now.
