Execute pipeline with following supplementary args: --smtpPort 25 --listenerMode NOOP --launcherMode FAULT_LOCALIZATION  --gitrepourl https://github.com/apache/pinot --gitrepopullrequest 8484
java -cp /usr/local/openjdk-11/lib/tools.jar:repairnator-pipeline.jar -Dlogback.configurationFile=/root/logback.xml fr.inria.spirals.repairnator.pipeline.Launcher -d --runId null -o /var/log --ghOauth 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 --faultLocalization --flacocoThreshold 0.0 --flacocoTopK null --flacocoResultsRepository flacocobot/2022-flacocobot-experiment --ghOauth  --smtpPort 25 --listenerMode NOOP --launcherMode FAULT_LOCALIZATION  --gitrepourl https://github.com/apache/pinot --gitrepopullrequest 8484

16:46:14.137 [main] INFO  f.i.s.r.p.g.GithubInitSerializerEngines - Initialize file serializer engines.
16:46:14.138 [main] INFO  f.i.s.r.p.g.GithubInitSerializerEngines - MongoDB won't be used for serialization.
16:46:14.138 [main] INFO  f.i.s.r.p.github.GithubInitNotifiers - The email notifier engine won't be used.
16:46:14.152 [main] INFO  f.i.s.r.p.i.ProjectInspector - ----------------------------------------------------------------------
16:46:14.152 [main] INFO  f.i.s.r.p.i.ProjectInspector - PIPELINE STEPS
16:46:14.152 [main] INFO  f.i.s.r.p.i.ProjectInspector - ----------------------------------------------------------------------
16:46:14.152 [main] INFO  f.i.s.r.p.i.ProjectInspector - CloneCheckoutGitPullRequest
16:46:14.152 [main] INFO  f.i.s.r.p.i.ProjectInspector - BuildProject
16:46:14.152 [main] INFO  f.i.s.r.p.i.ProjectInspector - TestProject
16:46:14.152 [main] INFO  f.i.s.r.p.i.ProjectInspector - ComputeClasspath
16:46:14.152 [main] INFO  f.i.s.r.p.i.ProjectInspector - ComputeSourceDir
16:46:14.152 [main] INFO  f.i.s.r.p.i.ProjectInspector - ComputeTestDir
16:46:14.152 [main] INFO  f.i.s.r.p.i.ProjectInspector - GatherTestInformation
16:46:14.152 [main] INFO  f.i.s.r.p.i.ProjectInspector - FlacocoLocalization
16:46:14.152 [main] INFO  f.i.s.r.p.i.ProjectInspector - PushFaultLocalizationSuggestionsOnGitHubRepository
16:46:14.152 [main] INFO  f.i.s.r.p.s.CloneCheckoutGitPullRequest - Cloning repository https://github.com/apache/pinot.git in the following directory: ./workspace/apache-pinot-master-8484_repo
16:47:03.856 [Thread-5] ERROR f.i.s.r.p.m.output.MavenErrorHandler - Warning: Lookahead adequacy checking not being performed since option LOOKAHEAD is more than 1.  Set option FORCE_LA_CHECK to true to force checking.
16:53:44.453 [Thread-7] ERROR f.i.s.r.p.m.o.MavenFilterOutputHandler - [ERROR] WARNING: An illegal reflective access operation has occurred
16:53:44.453 [Thread-7] ERROR f.i.s.r.p.m.o.MavenFilterOutputHandler - [ERROR] WARNING: Illegal reflective access by org.apache.pinot.spi.config.ConfigUtilsTest (file:/root/workspace/apache-pinot-master-8484_repo/pinot-spi/target/test-classes/) to field java.util.Collections$UnmodifiableMap.m
16:53:44.453 [Thread-7] ERROR f.i.s.r.p.m.o.MavenFilterOutputHandler - [ERROR] WARNING: Please consider reporting this to the maintainers of org.apache.pinot.spi.config.ConfigUtilsTest
16:53:44.453 [Thread-7] ERROR f.i.s.r.p.m.o.MavenFilterOutputHandler - [ERROR] WARNING: Use --illegal-access=warn to enable warnings of further illegal reflective access operations
16:53:44.453 [Thread-7] ERROR f.i.s.r.p.m.o.MavenFilterOutputHandler - [ERROR] WARNING: All illegal access operations will be denied in a future release
16:53:53.306 [Thread-7] ERROR f.i.s.r.p.m.o.MavenFilterOutputHandler - [ERROR] WARNING: An illegal reflective access operation has occurred
16:53:53.306 [Thread-7] ERROR f.i.s.r.p.m.o.MavenFilterOutputHandler - [ERROR] WARNING: Illegal reflective access by xerial.larray.buffer.UnsafeUtil (file:/root/workspace/apache-pinot-master-8484_repo/.m2/org/xerial/larray/larray-buffer/0.4.1/larray-buffer-0.4.1.jar) to constructor java.nio.DirectByteBuffer(long,int,java.lang.Object)
16:53:53.306 [Thread-7] ERROR f.i.s.r.p.m.o.MavenFilterOutputHandler - [ERROR] WARNING: Please consider reporting this to the maintainers of xerial.larray.buffer.UnsafeUtil
16:53:53.306 [Thread-7] ERROR f.i.s.r.p.m.o.MavenFilterOutputHandler - [ERROR] WARNING: Use --illegal-access=warn to enable warnings of further illegal reflective access operations
16:53:53.306 [Thread-7] ERROR f.i.s.r.p.m.o.MavenFilterOutputHandler - [ERROR] WARNING: All illegal access operations will be denied in a future release
16:54:15.080 [Thread-8] ERROR f.i.s.r.p.m.output.MavenErrorHandler - java.lang.NullPointerException
16:54:15.080 [Thread-8] ERROR f.i.s.r.p.m.output.MavenErrorHandler - 	at org.testng.reporters.JUnitXMLReporter.generateReport(JUnitXMLReporter.java:152)
16:54:15.080 [Thread-8] ERROR f.i.s.r.p.m.output.MavenErrorHandler - 	at org.testng.reporters.JUnitXMLReporter.onFinish(JUnitXMLReporter.java:112)
16:54:15.080 [Thread-8] ERROR f.i.s.r.p.m.output.MavenErrorHandler - 	at org.testng.TestRunner.fireEvent(TestRunner.java:1187)
16:54:15.080 [Thread-8] ERROR f.i.s.r.p.m.output.MavenErrorHandler - 	at org.testng.TestRunner.afterRun(TestRunner.java:976)
16:54:15.080 [Thread-8] ERROR f.i.s.r.p.m.output.MavenErrorHandler - 	at org.testng.TestRunner.run(TestRunner.java:606)
16:54:15.080 [Thread-8] ERROR f.i.s.r.p.m.output.MavenErrorHandler - 	at org.testng.SuiteRunner.runTest(SuiteRunner.java:380)
16:54:15.080 [Thread-8] ERROR f.i.s.r.p.m.output.MavenErrorHandler - 	at org.testng.SuiteRunner.runSequentially(SuiteRunner.java:375)
16:54:15.080 [Thread-8] ERROR f.i.s.r.p.m.output.MavenErrorHandler - 	at org.testng.SuiteRunner.privateRun(SuiteRunner.java:340)
16:54:15.080 [Thread-8] ERROR f.i.s.r.p.m.output.MavenErrorHandler - 	at org.testng.SuiteRunner.run(SuiteRunner.java:289)
16:54:15.080 [Thread-8] ERROR f.i.s.r.p.m.output.MavenErrorHandler - 	at org.testng.SuiteRunnerWorker.runSuite(SuiteRunnerWorker.java:52)
16:54:15.080 [Thread-8] ERROR f.i.s.r.p.m.output.MavenErrorHandler - 	at org.testng.SuiteRunnerWorker.run(SuiteRunnerWorker.java:86)
16:54:15.080 [Thread-8] ERROR f.i.s.r.p.m.output.MavenErrorHandler - 	at org.testng.TestNG.runSuitesSequentially(TestNG.java:1301)
16:54:15.080 [Thread-8] ERROR f.i.s.r.p.m.output.MavenErrorHandler - 	at org.testng.TestNG.runSuitesLocally(TestNG.java:1226)
16:54:15.080 [Thread-8] ERROR f.i.s.r.p.m.output.MavenErrorHandler - 	at org.testng.TestNG.runSuites(TestNG.java:1144)
16:54:15.080 [Thread-8] ERROR f.i.s.r.p.m.output.MavenErrorHandler - 	at org.testng.TestNG.run(TestNG.java:1115)
16:54:15.081 [Thread-8] ERROR f.i.s.r.p.m.output.MavenErrorHandler - 	at org.apache.maven.surefire.testng.TestNGExecutor.run(TestNGExecutor.java:136)
16:54:15.081 [Thread-8] ERROR f.i.s.r.p.m.output.MavenErrorHandler - 	at org.apache.maven.surefire.testng.TestNGDirectoryTestSuite.executeSingleClass(TestNGDirectoryTestSuite.java:112)
16:54:15.081 [Thread-8] ERROR f.i.s.r.p.m.output.MavenErrorHandler - 	at org.apache.maven.surefire.testng.TestNGDirectoryTestSuite.execute(TestNGDirectoryTestSuite.java:99)
16:54:15.081 [Thread-8] ERROR f.i.s.r.p.m.output.MavenErrorHandler - 	at org.apache.maven.surefire.testng.TestNGProvider.invoke(TestNGProvider.java:145)
16:54:15.081 [Thread-8] ERROR f.i.s.r.p.m.output.MavenErrorHandler - 	at org.apache.maven.surefire.booter.ForkedBooter.runSuitesInProcess(ForkedBooter.java:428)
16:54:15.081 [Thread-8] ERROR f.i.s.r.p.m.output.MavenErrorHandler - 	at org.apache.maven.surefire.booter.ForkedBooter.execute(ForkedBooter.java:162)
16:54:15.081 [Thread-8] ERROR f.i.s.r.p.m.output.MavenErrorHandler - 	at org.apache.maven.surefire.booter.ForkedBooter.run(ForkedBooter.java:562)
16:54:15.081 [Thread-8] ERROR f.i.s.r.p.m.output.MavenErrorHandler - 	at org.apache.maven.surefire.booter.ForkedBooter.main(ForkedBooter.java:548)
16:54:15.081 [Thread-8] ERROR f.i.s.r.p.m.output.MavenErrorHandler - [TestNG] Reporter org.testng.reporters.JUnitReportReporter@6a84bc2a failed
16:54:15.081 [Thread-8] ERROR f.i.s.r.p.m.output.MavenErrorHandler - java.lang.NullPointerException
16:54:15.081 [Thread-8] ERROR f.i.s.r.p.m.output.MavenErrorHandler - 	at org.testng.reporters.JUnitReportReporter.generateReport(JUnitReportReporter.java:146)
16:54:15.081 [Thread-8] ERROR f.i.s.r.p.m.output.MavenErrorHandler - 	at org.testng.TestNG.generateReports(TestNG.java:1192)
16:54:15.081 [Thread-8] ERROR f.i.s.r.p.m.output.MavenErrorHandler - 	at org.testng.TestNG.run(TestNG.java:1120)
16:54:15.081 [Thread-8] ERROR f.i.s.r.p.m.output.MavenErrorHandler - 	at org.apache.maven.surefire.testng.TestNGExecutor.run(TestNGExecutor.java:136)
16:54:15.081 [Thread-8] ERROR f.i.s.r.p.m.output.MavenErrorHandler - 	at org.apache.maven.surefire.testng.TestNGDirectoryTestSuite.executeSingleClass(TestNGDirectoryTestSuite.java:112)
16:54:15.081 [Thread-8] ERROR f.i.s.r.p.m.output.MavenErrorHandler - 	at org.apache.maven.surefire.testng.TestNGDirectoryTestSuite.execute(TestNGDirectoryTestSuite.java:99)
16:54:15.081 [Thread-8] ERROR f.i.s.r.p.m.output.MavenErrorHandler - 	at org.apache.maven.surefire.testng.TestNGProvider.invoke(TestNGProvider.java:145)
16:54:15.081 [Thread-8] ERROR f.i.s.r.p.m.output.MavenErrorHandler - 	at org.apache.maven.surefire.booter.ForkedBooter.runSuitesInProcess(ForkedBooter.java:428)
16:54:15.081 [Thread-8] ERROR f.i.s.r.p.m.output.MavenErrorHandler - 	at org.apache.maven.surefire.booter.ForkedBooter.execute(ForkedBooter.java:162)
16:54:15.081 [Thread-8] ERROR f.i.s.r.p.m.output.MavenErrorHandler - 	at org.apache.maven.surefire.booter.ForkedBooter.run(ForkedBooter.java:562)
16:54:15.081 [Thread-8] ERROR f.i.s.r.p.m.output.MavenErrorHandler - 	at org.apache.maven.surefire.booter.ForkedBooter.main(ForkedBooter.java:548)
16:54:57.346 [Thread-7] ERROR f.i.s.r.p.m.o.MavenFilterOutputHandler - [ERROR] Tests run: 56, Failures: 1, Errors: 0, Skipped: 0, Time elapsed: 1.248 s <<< FAILURE! - in org.apache.pinot.sql.parsers.CalciteSqlCompilerTest
16:54:57.346 [Thread-7] ERROR f.i.s.r.p.m.o.MavenFilterOutputHandler - [ERROR] org.apache.pinot.sql.parsers.CalciteSqlCompilerTest.testAliasInSelection  Time elapsed: 0.706 s
16:54:57.347 [Thread-7] ERROR f.i.s.r.p.m.o.MavenFilterOutputHandler - [ERROR] org.apache.pinot.sql.parsers.CalciteSqlCompilerTest.testAliasQuery  Time elapsed: 0.018 s
16:54:57.347 [Thread-7] ERROR f.i.s.r.p.m.o.MavenFilterOutputHandler - [ERROR] org.apache.pinot.sql.parsers.CalciteSqlCompilerTest.testArithmeticOperator  Time elapsed: 0.004 s
16:54:57.347 [Thread-7] ERROR f.i.s.r.p.m.o.MavenFilterOutputHandler - [ERROR] org.apache.pinot.sql.parsers.CalciteSqlCompilerTest.testArrayAggregationRewrite  Time elapsed: 0.004 s
16:54:57.347 [Thread-7] ERROR f.i.s.r.p.m.o.MavenFilterOutputHandler - [ERROR] org.apache.pinot.sql.parsers.CalciteSqlCompilerTest.testBrokerConverter  Time elapsed: 0.027 s
16:54:57.347 [Thread-7] ERROR f.i.s.r.p.m.o.MavenFilterOutputHandler - [ERROR] org.apache.pinot.sql.parsers.CalciteSqlCompilerTest.testBrokerConverterWithLiteral  Time elapsed: 0.09 s
16:54:57.347 [Thread-7] ERROR f.i.s.r.p.m.o.MavenFilterOutputHandler - [ERROR] org.apache.pinot.sql.parsers.CalciteSqlCompilerTest.testCStyleInequalityOperator  Time elapsed: 0.001 s
16:54:57.347 [Thread-7] ERROR f.i.s.r.p.m.o.MavenFilterOutputHandler - [ERROR] org.apache.pinot.sql.parsers.CalciteSqlCompilerTest.testCanonicalFunctionName  Time elapsed: 0 s
16:54:57.347 [Thread-7] ERROR f.i.s.r.p.m.o.MavenFilterOutputHandler - [ERROR] org.apache.pinot.sql.parsers.CalciteSqlCompilerTest.testCaseInsensitiveFilter  Time elapsed: 0.01 s
16:54:57.347 [Thread-7] ERROR f.i.s.r.p.m.o.MavenFilterOutputHandler - [ERROR] org.apache.pinot.sql.parsers.CalciteSqlCompilerTest.testCaseWhenStatements  Time elapsed: 0.028 s  <<< FAILURE!
16:54:57.348 [Thread-7] ERROR f.i.s.r.p.m.o.MavenFilterOutputHandler - [ERROR] org.apache.pinot.sql.parsers.CalciteSqlCompilerTest.testCastTransformation  Time elapsed: 0.005 s
16:54:57.348 [Thread-7] ERROR f.i.s.r.p.m.o.MavenFilterOutputHandler - [ERROR] org.apache.pinot.sql.parsers.CalciteSqlCompilerTest.testCompilationInvokedFunction  Time elapsed: 0.039 s
16:54:57.348 [Thread-7] ERROR f.i.s.r.p.m.o.MavenFilterOutputHandler - [ERROR] org.apache.pinot.sql.parsers.CalciteSqlCompilerTest.testCompilationInvokedNestedFunctions  Time elapsed: 0.016 s
16:54:57.348 [Thread-7] ERROR f.i.s.r.p.m.o.MavenFilterOutputHandler - [ERROR] org.apache.pinot.sql.parsers.CalciteSqlCompilerTest.testCompileTimeExpression  Time elapsed: 0.003 s
16:54:57.349 [Thread-7] ERROR f.i.s.r.p.m.o.MavenFilterOutputHandler - [ERROR] org.apache.pinot.sql.parsers.CalciteSqlCompilerTest.testDistinctCountRewrite  Time elapsed: 0.005 s
16:54:57.349 [Thread-7] ERROR f.i.s.r.p.m.o.MavenFilterOutputHandler - [ERROR] org.apache.pinot.sql.parsers.CalciteSqlCompilerTest.testDuplicateClauses  Time elapsed: 0.021 s
16:54:57.349 [Thread-7] ERROR f.i.s.r.p.m.o.MavenFilterOutputHandler - [ERROR] org.apache.pinot.sql.parsers.CalciteSqlCompilerTest.testFilterClauses  Time elapsed: 0.005 s
16:54:57.349 [Thread-7] ERROR f.i.s.r.p.m.o.MavenFilterOutputHandler - [ERROR] org.apache.pinot.sql.parsers.CalciteSqlCompilerTest.testFilterClausesWithRightExpression  Time elapsed: 0.013 s
16:54:57.349 [Thread-7] ERROR f.i.s.r.p.m.o.MavenFilterOutputHandler - [ERROR] org.apache.pinot.sql.parsers.CalciteSqlCompilerTest.testFilterUdf  Time elapsed: 0.001 s
16:54:57.349 [Thread-7] ERROR f.i.s.r.p.m.o.MavenFilterOutputHandler - [ERROR] org.apache.pinot.sql.parsers.CalciteSqlCompilerTest.testFlattenAndOr  Time elapsed: 0.005 s
16:54:57.349 [Thread-7] ERROR f.i.s.r.p.m.o.MavenFilterOutputHandler - [ERROR] org.apache.pinot.sql.parsers.CalciteSqlCompilerTest.testGroupbys  Time elapsed: 0.005 s
16:54:57.349 [Thread-7] ERROR f.i.s.r.p.m.o.MavenFilterOutputHandler - [ERROR] org.apache.pinot.sql.parsers.CalciteSqlCompilerTest.testHavingClause  Time elapsed: 0.004 s
16:54:57.349 [Thread-7] ERROR f.i.s.r.p.m.o.MavenFilterOutputHandler - [ERROR] org.apache.pinot.sql.parsers.CalciteSqlCompilerTest.testIdentifierQuoteCharacter  Time elapsed: 0.001 s
16:54:57.349 [Thread-7] ERROR f.i.s.r.p.m.o.MavenFilterOutputHandler - [ERROR] org.apache.pinot.sql.parsers.CalciteSqlCompilerTest.testInvalidCaseWhenStatements  Time elapsed: 0.001 s
16:54:57.349 [Thread-7] ERROR f.i.s.r.p.m.o.MavenFilterOutputHandler - [ERROR] org.apache.pinot.sql.parsers.CalciteSqlCompilerTest.testInvalidDistinctCountRewrite  Time elapsed: 0 s
16:54:57.349 [Thread-7] ERROR f.i.s.r.p.m.o.MavenFilterOutputHandler - [ERROR] org.apache.pinot.sql.parsers.CalciteSqlCompilerTest.testInvalidFilterClauses  Time elapsed: 0.004 s
16:54:57.349 [Thread-7] ERROR f.i.s.r.p.m.o.MavenFilterOutputHandler - [ERROR] org.apache.pinot.sql.parsers.CalciteSqlCompilerTest.testInvalidNonAggregationGroupBy  Time elapsed: 0 s
16:54:57.349 [Thread-7] ERROR f.i.s.r.p.m.o.MavenFilterOutputHandler - [ERROR] org.apache.pinot.sql.parsers.CalciteSqlCompilerTest.testInvalidQueryWithAggregateFunction  Time elapsed: 0.002 s
16:54:57.349 [Thread-7] ERROR f.i.s.r.p.m.o.MavenFilterOutputHandler - [ERROR] org.apache.pinot.sql.parsers.CalciteSqlCompilerTest.testInvalidQueryWithSemicolon  Time elapsed: 0.002 s
16:54:57.349 [Thread-7] ERROR f.i.s.r.p.m.o.MavenFilterOutputHandler - [ERROR] org.apache.pinot.sql.parsers.CalciteSqlCompilerTest.testLimitOffsets  Time elapsed: 0.001 s
16:54:57.349 [Thread-7] ERROR f.i.s.r.p.m.o.MavenFilterOutputHandler - [ERROR] org.apache.pinot.sql.parsers.CalciteSqlCompilerTest.testLiteralExpressionCheck  Time elapsed: 0.001 s
16:54:57.349 [Thread-7] ERROR f.i.s.r.p.m.o.MavenFilterOutputHandler - [ERROR] org.apache.pinot.sql.parsers.CalciteSqlCompilerTest.testNoArgFunction  Time elapsed: 0.002 s
16:54:57.349 [Thread-7] ERROR f.i.s.r.p.m.o.MavenFilterOutputHandler - [ERROR] org.apache.pinot.sql.parsers.CalciteSqlCompilerTest.testNonAggregationGroupByQuery  Time elapsed: 0.003 s
16:54:57.350 [Thread-7] ERROR f.i.s.r.p.m.o.MavenFilterOutputHandler - [ERROR] org.apache.pinot.sql.parsers.CalciteSqlCompilerTest.testOrdinalsQueryRewrite  Time elapsed: 0.005 s
16:54:57.350 [Thread-7] ERROR f.i.s.r.p.m.o.MavenFilterOutputHandler - [ERROR] org.apache.pinot.sql.parsers.CalciteSqlCompilerTest.testOrdinalsQueryRewriteWithDistinctOrderby  Time elapsed: 0 s
16:54:57.350 [Thread-7] ERROR f.i.s.r.p.m.o.MavenFilterOutputHandler - [ERROR] org.apache.pinot.sql.parsers.CalciteSqlCompilerTest.testParseExceptionHasCharacterPosition  Time elapsed: 0.001 s
16:54:57.350 [Thread-7] ERROR f.i.s.r.p.m.o.MavenFilterOutputHandler - [ERROR] org.apache.pinot.sql.parsers.CalciteSqlCompilerTest.testParserExtensionImpl  Time elapsed: 0 s
16:54:57.350 [Thread-7] ERROR f.i.s.r.p.m.o.MavenFilterOutputHandler - [ERROR] org.apache.pinot.sql.parsers.CalciteSqlCompilerTest.testPostAggregation  Time elapsed: 0.005 s
16:54:57.350 [Thread-7] ERROR f.i.s.r.p.m.o.MavenFilterOutputHandler - [ERROR] org.apache.pinot.sql.parsers.CalciteSqlCompilerTest.testQueryOptions  Time elapsed: 0.001 s
16:54:57.350 [Thread-7] ERROR f.i.s.r.p.m.o.MavenFilterOutputHandler - [ERROR] org.apache.pinot.sql.parsers.CalciteSqlCompilerTest.testQueryValidation  Time elapsed: 0.005 s
16:54:57.350 [Thread-7] ERROR f.i.s.r.p.m.o.MavenFilterOutputHandler - [ERROR] org.apache.pinot.sql.parsers.CalciteSqlCompilerTest.testQueryWithSemicolon  Time elapsed: 0.002 s
16:54:57.350 [Thread-7] ERROR f.i.s.r.p.m.o.MavenFilterOutputHandler - [ERROR] org.apache.pinot.sql.parsers.CalciteSqlCompilerTest.testQuotedStrings  Time elapsed: 0.001 s
16:54:57.350 [Thread-7] ERROR f.i.s.r.p.m.o.MavenFilterOutputHandler - [ERROR] org.apache.pinot.sql.parsers.CalciteSqlCompilerTest.testRejectInvalidLexerToken  Time elapsed: 0.008 s
16:54:57.350 [Thread-7] ERROR f.i.s.r.p.m.o.MavenFilterOutputHandler - [ERROR] org.apache.pinot.sql.parsers.CalciteSqlCompilerTest.testRejectInvalidParses  Time elapsed: 0.001 s
16:54:57.350 [Thread-7] ERROR f.i.s.r.p.m.o.MavenFilterOutputHandler - [ERROR] org.apache.pinot.sql.parsers.CalciteSqlCompilerTest.testRemoveComments  Time elapsed: 0.001 s
16:54:57.350 [Thread-7] ERROR f.i.s.r.p.m.o.MavenFilterOutputHandler - [ERROR] org.apache.pinot.sql.parsers.CalciteSqlCompilerTest.testReservedKeywords  Time elapsed: 0.008 s
16:54:57.350 [Thread-7] ERROR f.i.s.r.p.m.o.MavenFilterOutputHandler - [ERROR] org.apache.pinot.sql.parsers.CalciteSqlCompilerTest.testSameAliasInSelection  Time elapsed: 0 s
16:54:57.350 [Thread-7] ERROR f.i.s.r.p.m.o.MavenFilterOutputHandler - [ERROR] org.apache.pinot.sql.parsers.CalciteSqlCompilerTest.testSelectAs  Time elapsed: 0 s
16:54:57.350 [Thread-7] ERROR f.i.s.r.p.m.o.MavenFilterOutputHandler - [ERROR] org.apache.pinot.sql.parsers.CalciteSqlCompilerTest.testSelectionTransformFunction  Time elapsed: 0 s
16:54:57.350 [Thread-7] ERROR f.i.s.r.p.m.o.MavenFilterOutputHandler - [ERROR] org.apache.pinot.sql.parsers.CalciteSqlCompilerTest.testSqlDistinctQueryCompilation  Time elapsed: 0.013 s
16:54:57.350 [Thread-7] ERROR f.i.s.r.p.m.o.MavenFilterOutputHandler - [ERROR] org.apache.pinot.sql.parsers.CalciteSqlCompilerTest.testSqlNumericalLiteralisIntegerNPE  Time elapsed: 0.001 s
16:54:57.351 [Thread-7] ERROR f.i.s.r.p.m.o.MavenFilterOutputHandler - [ERROR] org.apache.pinot.sql.parsers.CalciteSqlCompilerTest.testStringLiteral  Time elapsed: 0.002 s
16:54:57.351 [Thread-7] ERROR f.i.s.r.p.m.o.MavenFilterOutputHandler - [ERROR] org.apache.pinot.sql.parsers.CalciteSqlCompilerTest.testSupportedDistinctQueries  Time elapsed: 0.006 s
16:54:57.351 [Thread-7] ERROR f.i.s.r.p.m.o.MavenFilterOutputHandler - [ERROR] org.apache.pinot.sql.parsers.CalciteSqlCompilerTest.testTimeTransformFunction  Time elapsed: 0.001 s
16:54:57.351 [Thread-7] ERROR f.i.s.r.p.m.o.MavenFilterOutputHandler - [ERROR] org.apache.pinot.sql.parsers.CalciteSqlCompilerTest.testTopZero  Time elapsed: 0.002 s
16:54:57.351 [Thread-7] ERROR f.i.s.r.p.m.o.MavenFilterOutputHandler - [ERROR] org.apache.pinot.sql.parsers.CalciteSqlCompilerTest.testUnsupportedDistinctQueries  Time elapsed: 0.003 s
16:54:58.138 [Thread-7] ERROR f.i.s.r.p.m.o.MavenFilterOutputHandler - [ERROR] Failures: 
16:54:58.138 [Thread-7] ERROR f.i.s.r.p.m.o.MavenFilterOutputHandler - [ERROR]   CalciteSqlCompilerTest.testCaseWhenStatements:113 Â» SqlCompilation Aggregation...
16:54:58.138 [Thread-7] ERROR f.i.s.r.p.m.o.MavenFilterOutputHandler - [ERROR] Tests run: 323, Failures: 1, Errors: 0, Skipped: 0
16:54:58.148 [Thread-7] ERROR f.i.s.r.p.m.o.MavenFilterOutputHandler - [ERROR] Failed to execute goal org.apache.maven.plugins:maven-surefire-plugin:3.0.0-M5:test (default-test) on project pinot-common: There are test failures.
16:54:58.148 [Thread-7] ERROR f.i.s.r.p.m.o.MavenFilterOutputHandler - [ERROR] 
16:54:58.148 [Thread-7] ERROR f.i.s.r.p.m.o.MavenFilterOutputHandler - [ERROR] Please refer to /root/workspace/apache-pinot-master-8484_repo/pinot-common/target/surefire-reports for the individual test results.
16:54:58.148 [Thread-7] ERROR f.i.s.r.p.m.o.MavenFilterOutputHandler - [ERROR] Please refer to dump files (if any exist) [date].dump, [date]-jvmRun[N].dump and [date].dumpstream.
16:54:58.148 [Thread-7] ERROR f.i.s.r.p.m.o.MavenFilterOutputHandler - [ERROR] -> [Help 1]
16:54:58.151 [Thread-7] ERROR f.i.s.r.p.m.o.MavenFilterOutputHandler - [ERROR] 
16:54:58.151 [Thread-7] ERROR f.i.s.r.p.m.o.MavenFilterOutputHandler - [ERROR] Re-run Maven using the -X switch to enable full debug logging.
16:54:58.151 [Thread-7] ERROR f.i.s.r.p.m.o.MavenFilterOutputHandler - [ERROR] 
16:54:58.151 [Thread-7] ERROR f.i.s.r.p.m.o.MavenFilterOutputHandler - [ERROR] For more information about the errors and possible solutions, please read the following articles:
16:54:58.152 [Thread-7] ERROR f.i.s.r.p.m.o.MavenFilterOutputHandler - [ERROR] [Help 1] http://cwiki.apache.org/confluence/display/MAVEN/MojoFailureException
16:54:58.152 [Thread-7] ERROR f.i.s.r.p.m.o.MavenFilterOutputHandler - [ERROR] 
16:54:58.152 [Thread-7] ERROR f.i.s.r.p.m.o.MavenFilterOutputHandler - [ERROR] After correcting the problems, you can resume the build with the command
16:54:58.152 [Thread-7] ERROR f.i.s.r.p.m.o.MavenFilterOutputHandler - [ERROR]   mvn <goals> -rf :pinot-common
16:55:03.584 [main] ERROR f.i.s.r.p.s.paths.ComputeClasspath - The classpath file is empty.
16:55:03.584 [main] ERROR f.i.s.r.p.s.paths.ComputeClasspath - The classpath seems not to contain JUnit, maybe this project does not use JUnit for testing.
16:55:03.585 [main] ERROR f.i.s.r.p.s.paths.ComputeClasspath - The file does not exist: /root/./workspace/apache-pinot-master-8484_repo/target/classes.
16:55:03.585 [main] ERROR f.i.s.r.p.s.paths.ComputeClasspath - The file does not exist: /root/./workspace/apache-pinot-master-8484_repo/target/test-classes.
16:55:03.699 [main] ERROR f.i.s.r.p.s.paths.ComputeSourceDir - The source directory is not at default location or specified in build section from pom.xml, and no parent can be found.
16:55:03.703 [main] ERROR f.i.s.r.p.s.paths.ComputeSourceDir - The source directory is not at default location or specified in build section from pom.xml, and no parent can be found.
16:55:03.712 [main] INFO  f.i.s.r.p.s.paths.ComputeSourceDir - 49 source dirs were found:
16:55:03.712 [main] INFO  f.i.s.r.p.s.paths.ComputeSourceDir - /root/workspace/apache-pinot-master-8484_repo/contrib/pinot-fmpp-maven-plugin/src/main/java
16:55:03.712 [main] INFO  f.i.s.r.p.s.paths.ComputeSourceDir - /root/workspace/apache-pinot-master-8484_repo/pinot-broker/src/main/java
16:55:03.712 [main] INFO  f.i.s.r.p.s.paths.ComputeSourceDir - /root/workspace/apache-pinot-master-8484_repo/pinot-clients/pinot-java-client/src/main/java
16:55:03.712 [main] INFO  f.i.s.r.p.s.paths.ComputeSourceDir - /root/workspace/apache-pinot-master-8484_repo/pinot-clients/pinot-jdbc-client/src/main/java
16:55:03.712 [main] INFO  f.i.s.r.p.s.paths.ComputeSourceDir - /root/workspace/apache-pinot-master-8484_repo/pinot-common/src/main/java
16:55:03.712 [main] INFO  f.i.s.r.p.s.paths.ComputeSourceDir - /root/workspace/apache-pinot-master-8484_repo/pinot-compatibility-verifier/src/main/java
16:55:03.712 [main] INFO  f.i.s.r.p.s.paths.ComputeSourceDir - /root/workspace/apache-pinot-master-8484_repo/pinot-connectors/pinot-flink-connector/src/main/java
16:55:03.712 [main] INFO  f.i.s.r.p.s.paths.ComputeSourceDir - /root/workspace/apache-pinot-master-8484_repo/pinot-connectors/pinot-spark-connector/src/main/scala
16:55:03.712 [main] INFO  f.i.s.r.p.s.paths.ComputeSourceDir - /root/workspace/apache-pinot-master-8484_repo/pinot-controller/src/main/java
16:55:03.712 [main] INFO  f.i.s.r.p.s.paths.ComputeSourceDir - /root/workspace/apache-pinot-master-8484_repo/pinot-core/src/main/java
16:55:03.712 [main] INFO  f.i.s.r.p.s.paths.ComputeSourceDir - /root/workspace/apache-pinot-master-8484_repo/pinot-integration-tests/src/main/java
16:55:03.712 [main] INFO  f.i.s.r.p.s.paths.ComputeSourceDir - /root/workspace/apache-pinot-master-8484_repo/pinot-minion/src/main/java
16:55:03.712 [main] INFO  f.i.s.r.p.s.paths.ComputeSourceDir - /root/workspace/apache-pinot-master-8484_repo/pinot-perf/src/main/java
16:55:03.712 [main] INFO  f.i.s.r.p.s.paths.ComputeSourceDir - /root/workspace/apache-pinot-master-8484_repo/pinot-plugins/pinot-batch-ingestion/pinot-batch-ingestion-common/src/main/java
16:55:03.712 [main] INFO  f.i.s.r.p.s.paths.ComputeSourceDir - /root/workspace/apache-pinot-master-8484_repo/pinot-plugins/pinot-batch-ingestion/pinot-batch-ingestion-hadoop/src/main/java
16:55:03.712 [main] INFO  f.i.s.r.p.s.paths.ComputeSourceDir - /root/workspace/apache-pinot-master-8484_repo/pinot-plugins/pinot-batch-ingestion/pinot-batch-ingestion-spark/src/main/java
16:55:03.712 [main] INFO  f.i.s.r.p.s.paths.ComputeSourceDir - /root/workspace/apache-pinot-master-8484_repo/pinot-plugins/pinot-batch-ingestion/pinot-batch-ingestion-standalone/src/main/java
16:55:03.712 [main] INFO  f.i.s.r.p.s.paths.ComputeSourceDir - /root/workspace/apache-pinot-master-8484_repo/pinot-plugins/pinot-batch-ingestion/v0_deprecated/pinot-hadoop/src/main/java
16:55:03.712 [main] INFO  f.i.s.r.p.s.paths.ComputeSourceDir - /root/workspace/apache-pinot-master-8484_repo/pinot-plugins/pinot-batch-ingestion/v0_deprecated/pinot-ingestion-common/src/main/java
16:55:03.712 [main] INFO  f.i.s.r.p.s.paths.ComputeSourceDir - /root/workspace/apache-pinot-master-8484_repo/pinot-plugins/pinot-batch-ingestion/v0_deprecated/pinot-spark/src/main/java
16:55:03.712 [main] INFO  f.i.s.r.p.s.paths.ComputeSourceDir - /root/workspace/apache-pinot-master-8484_repo/pinot-plugins/pinot-environment/pinot-azure/src/main/java
16:55:03.712 [main] INFO  f.i.s.r.p.s.paths.ComputeSourceDir - /root/workspace/apache-pinot-master-8484_repo/pinot-plugins/pinot-file-system/pinot-adls/src/main/java
16:55:03.712 [main] INFO  f.i.s.r.p.s.paths.ComputeSourceDir - /root/workspace/apache-pinot-master-8484_repo/pinot-plugins/pinot-file-system/pinot-gcs/src/main/java
16:55:03.712 [main] INFO  f.i.s.r.p.s.paths.ComputeSourceDir - /root/workspace/apache-pinot-master-8484_repo/pinot-plugins/pinot-file-system/pinot-hdfs/src/main/java
16:55:03.712 [main] INFO  f.i.s.r.p.s.paths.ComputeSourceDir - /root/workspace/apache-pinot-master-8484_repo/pinot-plugins/pinot-file-system/pinot-s3/src/main/java
16:55:03.712 [main] INFO  f.i.s.r.p.s.paths.ComputeSourceDir - /root/workspace/apache-pinot-master-8484_repo/pinot-plugins/pinot-input-format/pinot-avro-base/src/main/java
16:55:03.712 [main] INFO  f.i.s.r.p.s.paths.ComputeSourceDir - /root/workspace/apache-pinot-master-8484_repo/pinot-plugins/pinot-input-format/pinot-avro/src/main/java
16:55:03.712 [main] INFO  f.i.s.r.p.s.paths.ComputeSourceDir - /root/workspace/apache-pinot-master-8484_repo/pinot-plugins/pinot-input-format/pinot-confluent-avro/src/main/java
16:55:03.712 [main] INFO  f.i.s.r.p.s.paths.ComputeSourceDir - /root/workspace/apache-pinot-master-8484_repo/pinot-plugins/pinot-input-format/pinot-csv/src/main/java
16:55:03.712 [main] INFO  f.i.s.r.p.s.paths.ComputeSourceDir - /root/workspace/apache-pinot-master-8484_repo/pinot-plugins/pinot-input-format/pinot-json/src/main/java
16:55:03.712 [main] INFO  f.i.s.r.p.s.paths.ComputeSourceDir - /root/workspace/apache-pinot-master-8484_repo/pinot-plugins/pinot-input-format/pinot-orc/src/main/java
16:55:03.712 [main] INFO  f.i.s.r.p.s.paths.ComputeSourceDir - /root/workspace/apache-pinot-master-8484_repo/pinot-plugins/pinot-input-format/pinot-parquet/src/main/java
16:55:03.712 [main] INFO  f.i.s.r.p.s.paths.ComputeSourceDir - /root/workspace/apache-pinot-master-8484_repo/pinot-plugins/pinot-input-format/pinot-protobuf/src/main/java
16:55:03.712 [main] INFO  f.i.s.r.p.s.paths.ComputeSourceDir - /root/workspace/apache-pinot-master-8484_repo/pinot-plugins/pinot-input-format/pinot-thrift/src/main/java
16:55:03.712 [main] INFO  f.i.s.r.p.s.paths.ComputeSourceDir - /root/workspace/apache-pinot-master-8484_repo/pinot-plugins/pinot-metrics/pinot-dropwizard/src/main/java
16:55:03.712 [main] INFO  f.i.s.r.p.s.paths.ComputeSourceDir - /root/workspace/apache-pinot-master-8484_repo/pinot-plugins/pinot-metrics/pinot-yammer/src/main/java
16:55:03.712 [main] INFO  f.i.s.r.p.s.paths.ComputeSourceDir - /root/workspace/apache-pinot-master-8484_repo/pinot-plugins/pinot-minion-tasks/pinot-minion-builtin-tasks/src/main/java
16:55:03.712 [main] INFO  f.i.s.r.p.s.paths.ComputeSourceDir - /root/workspace/apache-pinot-master-8484_repo/pinot-plugins/pinot-segment-uploader/pinot-segment-uploader-default/src/main/java
16:55:03.712 [main] INFO  f.i.s.r.p.s.paths.ComputeSourceDir - /root/workspace/apache-pinot-master-8484_repo/pinot-plugins/pinot-segment-writer/pinot-segment-writer-file-based/src/main/java
16:55:03.712 [main] INFO  f.i.s.r.p.s.paths.ComputeSourceDir - /root/workspace/apache-pinot-master-8484_repo/pinot-plugins/pinot-stream-ingestion/pinot-kafka-0.9/src/main/java
16:55:03.712 [main] INFO  f.i.s.r.p.s.paths.ComputeSourceDir - /root/workspace/apache-pinot-master-8484_repo/pinot-plugins/pinot-stream-ingestion/pinot-kafka-2.0/src/main/java
16:55:03.712 [main] INFO  f.i.s.r.p.s.paths.ComputeSourceDir - /root/workspace/apache-pinot-master-8484_repo/pinot-plugins/pinot-stream-ingestion/pinot-kafka-base/src/main/java
16:55:03.712 [main] INFO  f.i.s.r.p.s.paths.ComputeSourceDir - /root/workspace/apache-pinot-master-8484_repo/pinot-plugins/pinot-stream-ingestion/pinot-kinesis/src/main/java
16:55:03.712 [main] INFO  f.i.s.r.p.s.paths.ComputeSourceDir - /root/workspace/apache-pinot-master-8484_repo/pinot-plugins/pinot-stream-ingestion/pinot-pulsar/src/main/java
16:55:03.712 [main] INFO  f.i.s.r.p.s.paths.ComputeSourceDir - /root/workspace/apache-pinot-master-8484_repo/pinot-segment-local/src/main/java
16:55:03.712 [main] INFO  f.i.s.r.p.s.paths.ComputeSourceDir - /root/workspace/apache-pinot-master-8484_repo/pinot-segment-spi/src/main/java
16:55:03.713 [main] INFO  f.i.s.r.p.s.paths.ComputeSourceDir - /root/workspace/apache-pinot-master-8484_repo/pinot-server/src/main/java
16:55:03.713 [main] INFO  f.i.s.r.p.s.paths.ComputeSourceDir - /root/workspace/apache-pinot-master-8484_repo/pinot-spi/src/main/java
16:55:03.713 [main] INFO  f.i.s.r.p.s.paths.ComputeSourceDir - /root/workspace/apache-pinot-master-8484_repo/pinot-tools/src/main/java
16:55:03.764 [main] ERROR f.i.s.r.p.step.paths.ComputeTestDir - The test directory is not at default location or specified in build section from pom.xml, and no parent can be found.
16:55:03.772 [main] ERROR f.i.s.r.p.step.paths.ComputeTestDir - The test directory is not at default location or specified in build section from pom.xml, and no parent can be found.
16:55:03.814 [main] ERROR f.i.s.r.process.maven.MavenHelper - Error while building complete model. The raw model will be used. Error message: 1 problem was encountered while building the effective model for org.apache.pinot:pinot-s3:0.11.0-SNAPSHOT
[ERROR] Failed to determine Java version for profile disable-java8-doclint @ software.amazon.awssdk:aws-sdk-java-pom:2.14.28

16:55:03.833 [main] ERROR f.i.s.r.p.step.paths.ComputeTestDir - The test directory is not at default location or specified in build section from pom.xml, and no parent can be found.
16:55:03.849 [main] ERROR f.i.s.r.p.step.paths.ComputeTestDir - The test directory is not at default location or specified in build section from pom.xml, and no parent can be found.
16:55:03.878 [main] ERROR f.i.s.r.process.maven.MavenHelper - Error while building complete model. The raw model will be used. Error message: 1 problem was encountered while building the effective model for org.apache.pinot:pinot-kinesis:0.11.0-SNAPSHOT
[ERROR] Failed to determine Java version for profile disable-java8-doclint @ software.amazon.awssdk:aws-sdk-java-pom:2.14.28

16:55:03.896 [main] ERROR f.i.s.r.p.step.paths.ComputeTestDir - The test directory is not at default location or specified in build section from pom.xml, and no parent can be found.
16:55:03.900 [main] ERROR f.i.s.r.p.step.paths.ComputeTestDir - The test directory is not at default location or specified in build section from pom.xml, and no parent can be found.
16:55:03.900 [main] ERROR f.i.s.r.p.step.paths.ComputeTestDir - The test directory is not at default location or specified in build section from pom.xml, and no parent can be found.
16:55:03.912 [main] ERROR f.i.s.r.p.step.paths.ComputeTestDir - The test directory is not at default location or specified in build section from pom.xml, and no parent can be found.
16:55:03.912 [main] ERROR f.i.s.r.p.step.paths.ComputeTestDir - The test directory is not at default location or specified in build section from pom.xml, and no parent can be found.
16:55:03.924 [main] ERROR f.i.s.r.p.step.paths.ComputeTestDir - The test directory is not at default location or specified in build section from pom.xml, and no parent can be found.
16:55:03.932 [main] ERROR f.i.s.r.p.step.paths.ComputeTestDir - The test directory is not at default location or specified in build section from pom.xml, and no parent can be found.
16:55:03.945 [main] ERROR f.i.s.r.p.step.paths.ComputeTestDir - The test directory is not at default location or specified in build section from pom.xml, and no parent can be found.
16:55:03.948 [main] ERROR f.i.s.r.p.step.paths.ComputeTestDir - The test directory is not at default location or specified in build section from pom.xml, and no parent can be found.
16:55:03.948 [main] INFO  f.i.s.r.p.step.paths.ComputeTestDir - 40 test dirs were found:
16:55:03.948 [main] INFO  f.i.s.r.p.step.paths.ComputeTestDir - /root/workspace/apache-pinot-master-8484_repo/pinot-broker/src/test/java
16:55:03.948 [main] INFO  f.i.s.r.p.step.paths.ComputeTestDir - /root/workspace/apache-pinot-master-8484_repo/pinot-clients/pinot-java-client/src/test/java
16:55:03.948 [main] INFO  f.i.s.r.p.step.paths.ComputeTestDir - /root/workspace/apache-pinot-master-8484_repo/pinot-clients/pinot-jdbc-client/src/test/java
16:55:03.948 [main] INFO  f.i.s.r.p.step.paths.ComputeTestDir - /root/workspace/apache-pinot-master-8484_repo/pinot-common/src/test/java
16:55:03.948 [main] INFO  f.i.s.r.p.step.paths.ComputeTestDir - /root/workspace/apache-pinot-master-8484_repo/pinot-connectors/pinot-flink-connector/src/test/java
16:55:03.948 [main] INFO  f.i.s.r.p.step.paths.ComputeTestDir - /root/workspace/apache-pinot-master-8484_repo/pinot-connectors/pinot-spark-connector/src/test/scala
16:55:03.948 [main] INFO  f.i.s.r.p.step.paths.ComputeTestDir - /root/workspace/apache-pinot-master-8484_repo/pinot-controller/src/test/java
16:55:03.948 [main] INFO  f.i.s.r.p.step.paths.ComputeTestDir - /root/workspace/apache-pinot-master-8484_repo/pinot-core/src/test/java
16:55:03.948 [main] INFO  f.i.s.r.p.step.paths.ComputeTestDir - /root/workspace/apache-pinot-master-8484_repo/pinot-integration-test-base/src/test/java
16:55:03.948 [main] INFO  f.i.s.r.p.step.paths.ComputeTestDir - /root/workspace/apache-pinot-master-8484_repo/pinot-integration-tests/src/test/java
16:55:03.948 [main] INFO  f.i.s.r.p.step.paths.ComputeTestDir - /root/workspace/apache-pinot-master-8484_repo/pinot-minion/src/test/java
16:55:03.948 [main] INFO  f.i.s.r.p.step.paths.ComputeTestDir - /root/workspace/apache-pinot-master-8484_repo/pinot-plugins/pinot-batch-ingestion/pinot-batch-ingestion-common/src/test/java
16:55:03.948 [main] INFO  f.i.s.r.p.step.paths.ComputeTestDir - /root/workspace/apache-pinot-master-8484_repo/pinot-plugins/pinot-batch-ingestion/pinot-batch-ingestion-hadoop/src/test/java
16:55:03.948 [main] INFO  f.i.s.r.p.step.paths.ComputeTestDir - /root/workspace/apache-pinot-master-8484_repo/pinot-plugins/pinot-batch-ingestion/pinot-batch-ingestion-standalone/src/test/java
16:55:03.948 [main] INFO  f.i.s.r.p.step.paths.ComputeTestDir - /root/workspace/apache-pinot-master-8484_repo/pinot-plugins/pinot-batch-ingestion/v0_deprecated/pinot-hadoop/src/test/java
16:55:03.948 [main] INFO  f.i.s.r.p.step.paths.ComputeTestDir - /root/workspace/apache-pinot-master-8484_repo/pinot-plugins/pinot-batch-ingestion/v0_deprecated/pinot-spark/src/test/java
16:55:03.948 [main] INFO  f.i.s.r.p.step.paths.ComputeTestDir - /root/workspace/apache-pinot-master-8484_repo/pinot-plugins/pinot-environment/pinot-azure/src/test/java
16:55:03.948 [main] INFO  f.i.s.r.p.step.paths.ComputeTestDir - /root/workspace/apache-pinot-master-8484_repo/pinot-plugins/pinot-file-system/pinot-adls/src/test/java
16:55:03.948 [main] INFO  f.i.s.r.p.step.paths.ComputeTestDir - /root/workspace/apache-pinot-master-8484_repo/pinot-plugins/pinot-file-system/pinot-gcs/src/test/java
16:55:03.948 [main] INFO  f.i.s.r.p.step.paths.ComputeTestDir - /root/workspace/apache-pinot-master-8484_repo/pinot-plugins/pinot-file-system/pinot-hdfs/src/test/java
16:55:03.948 [main] INFO  f.i.s.r.p.step.paths.ComputeTestDir - /root/workspace/apache-pinot-master-8484_repo/pinot-plugins/pinot-file-system/pinot-s3/src/test/java
16:55:03.948 [main] INFO  f.i.s.r.p.step.paths.ComputeTestDir - /root/workspace/apache-pinot-master-8484_repo/pinot-plugins/pinot-input-format/pinot-avro-base/src/test/java
16:55:03.948 [main] INFO  f.i.s.r.p.step.paths.ComputeTestDir - /root/workspace/apache-pinot-master-8484_repo/pinot-plugins/pinot-input-format/pinot-csv/src/test/java
16:55:03.948 [main] INFO  f.i.s.r.p.step.paths.ComputeTestDir - /root/workspace/apache-pinot-master-8484_repo/pinot-plugins/pinot-input-format/pinot-json/src/test/java
16:55:03.948 [main] INFO  f.i.s.r.p.step.paths.ComputeTestDir - /root/workspace/apache-pinot-master-8484_repo/pinot-plugins/pinot-input-format/pinot-orc/src/test/java
16:55:03.948 [main] INFO  f.i.s.r.p.step.paths.ComputeTestDir - /root/workspace/apache-pinot-master-8484_repo/pinot-plugins/pinot-input-format/pinot-parquet/src/test/java
16:55:03.948 [main] INFO  f.i.s.r.p.step.paths.ComputeTestDir - /root/workspace/apache-pinot-master-8484_repo/pinot-plugins/pinot-input-format/pinot-protobuf/src/test/java
16:55:03.948 [main] INFO  f.i.s.r.p.step.paths.ComputeTestDir - /root/workspace/apache-pinot-master-8484_repo/pinot-plugins/pinot-input-format/pinot-thrift/src/test/java
16:55:03.949 [main] INFO  f.i.s.r.p.step.paths.ComputeTestDir - /root/workspace/apache-pinot-master-8484_repo/pinot-plugins/pinot-minion-tasks/pinot-minion-builtin-tasks/src/test/java
16:55:03.949 [main] INFO  f.i.s.r.p.step.paths.ComputeTestDir - /root/workspace/apache-pinot-master-8484_repo/pinot-plugins/pinot-segment-writer/pinot-segment-writer-file-based/src/test/java
16:55:03.949 [main] INFO  f.i.s.r.p.step.paths.ComputeTestDir - /root/workspace/apache-pinot-master-8484_repo/pinot-plugins/pinot-stream-ingestion/pinot-kafka-0.9/src/test/java
16:55:03.949 [main] INFO  f.i.s.r.p.step.paths.ComputeTestDir - /root/workspace/apache-pinot-master-8484_repo/pinot-plugins/pinot-stream-ingestion/pinot-kafka-2.0/src/test/java
16:55:03.949 [main] INFO  f.i.s.r.p.step.paths.ComputeTestDir - /root/workspace/apache-pinot-master-8484_repo/pinot-plugins/pinot-stream-ingestion/pinot-kafka-base/src/test/java
16:55:03.949 [main] INFO  f.i.s.r.p.step.paths.ComputeTestDir - /root/workspace/apache-pinot-master-8484_repo/pinot-plugins/pinot-stream-ingestion/pinot-kinesis/src/test/java
16:55:03.949 [main] INFO  f.i.s.r.p.step.paths.ComputeTestDir - /root/workspace/apache-pinot-master-8484_repo/pinot-plugins/pinot-stream-ingestion/pinot-pulsar/src/test/java
16:55:03.949 [main] INFO  f.i.s.r.p.step.paths.ComputeTestDir - /root/workspace/apache-pinot-master-8484_repo/pinot-segment-local/src/test/java
16:55:03.949 [main] INFO  f.i.s.r.p.step.paths.ComputeTestDir - /root/workspace/apache-pinot-master-8484_repo/pinot-segment-spi/src/test/java
16:55:03.949 [main] INFO  f.i.s.r.p.step.paths.ComputeTestDir - /root/workspace/apache-pinot-master-8484_repo/pinot-server/src/test/java
16:55:03.949 [main] INFO  f.i.s.r.p.step.paths.ComputeTestDir - /root/workspace/apache-pinot-master-8484_repo/pinot-spi/src/test/java
16:55:03.949 [main] INFO  f.i.s.r.p.step.paths.ComputeTestDir - /root/workspace/apache-pinot-master-8484_repo/pinot-tools/src/test/java
16:55:04.460 [main] INFO  f.i.s.r.p.s.g.GatherTestInformation - Get the following failing module path: /root/workspace/apache-pinot-master-8484_repo/pinot-common
16:55:04.466 [main] INFO  f.i.s.r.p.s.g.GatherTestInformation - ---Test results---
16:55:04.466 [main] INFO  f.i.s.r.p.s.g.GatherTestInformation -    Total tests: 474
16:55:04.466 [main] INFO  f.i.s.r.p.s.g.GatherTestInformation -    Tests run: 474
16:55:04.466 [main] INFO  f.i.s.r.p.s.g.GatherTestInformation -    Tests passing: 473
16:55:04.466 [main] INFO  f.i.s.r.p.s.g.GatherTestInformation -    Failures: 1
16:55:04.466 [main] INFO  f.i.s.r.p.s.g.GatherTestInformation -    Errors: 0
16:55:04.466 [main] INFO  f.i.s.r.p.s.g.GatherTestInformation -    Skipped: 0
[0] INFO Flacoco - Running Flacoco...
[21] WARN TestMethodFilter - NoClassDefFoundError: class org.apache.pinot.common.config.NettyConfig
[22] WARN TestMethodFilter - NoClassDefFoundError: class org.apache.pinot.common.exception.QueryException
[24] WARN TestMethodFilter - NoClassDefFoundError: class org.apache.pinot.common.lineage.SegmentLineageAccessHelper
[24] WARN TestMethodFilter - NoClassDefFoundError: class org.apache.pinot.common.lineage.SegmentLineage
[26] WARN TestMethodFilter - NoClassDefFoundError: class org.apache.pinot.common.utils.config.TagNameUtils
[26] WARN TestMethodFilter - NoClassDefFoundError: class org.apache.pinot.common.utils.config.TierConfigUtils
[27] WARN TestMethodFilter - NoClassDefFoundError: class org.apache.pinot.common.utils.config.TableConfigUtils
[27] WARN TestMethodFilter - NoClassDefFoundError: class org.apache.pinot.common.utils.config.InstanceUtils
[28] WARN TestMethodFilter - NoClassDefFoundError: class org.apache.pinot.common.utils.fetcher.HttpsSegmentFetcher
[28] WARN TestMethodFilter - NoClassDefFoundError: class org.apache.pinot.common.utils.fetcher.PinotFSSegmentFetcher
[28] WARN TestMethodFilter - NoClassDefFoundError: class org.apache.pinot.common.utils.fetcher.HttpSegmentFetcher
[28] WARN TestMethodFilter - NoClassDefFoundError: class org.apache.pinot.common.utils.fetcher.SegmentFetcherFactory
[29] WARN TestMethodFilter - NoClassDefFoundError: class org.apache.pinot.common.utils.SchemaUtils
[29] WARN TestMethodFilter - NoClassDefFoundError: class org.apache.pinot.common.utils.SegmentUtils
[30] WARN TestMethodFilter - NoClassDefFoundError: class org.apache.pinot.common.utils.webhdfs.WebHdfsV1Client
[31] WARN TestMethodFilter - NoClassDefFoundError: class org.apache.pinot.common.utils.SqlResultComparator
[33] WARN TestMethodFilter - NoClassDefFoundError: class org.apache.pinot.common.utils.request.RequestUtils
[33] WARN TestMethodFilter - NoClassDefFoundError: class org.apache.pinot.common.utils.request.FilterQueryTree
[34] WARN TestMethodFilter - NoClassDefFoundError: class org.apache.pinot.common.utils.FileUploadDownloadClient
[41] WARN TestMethodFilter - NoClassDefFoundError: class org.apache.pinot.common.utils.PinotDataType
[41] WARN TestMethodFilter - NoClassDefFoundError: class org.apache.pinot.common.utils.ServiceStartableUtils
[42] WARN TestMethodFilter - NoClassDefFoundError: class org.apache.pinot.common.utils.helix.PinotHelixPropertyStoreZnRecordProvider
[43] WARN TestMethodFilter - NoClassDefFoundError: class org.apache.pinot.common.utils.helix.HelixHelper
[43] WARN TestMethodFilter - NoClassDefFoundError: class org.apache.pinot.common.utils.helix.LeadControllerUtils
[44] WARN TestMethodFilter - NoClassDefFoundError: class org.apache.pinot.common.utils.grpc.GrpcQueryClient
[44] WARN TestMethodFilter - NoClassDefFoundError: class org.apache.pinot.common.utils.grpc.GrpcRequestBuilder
[45] WARN TestMethodFilter - NoClassDefFoundError: class org.apache.pinot.common.utils.TlsUtils
[47] WARN TestMethodFilter - NoClassDefFoundError: class org.apache.pinot.common.minion.RealtimeToOfflineSegmentsTaskMetadata
[47] WARN TestMethodFilter - NoClassDefFoundError: class org.apache.pinot.common.minion.MinionTaskMetadataUtils
[47] WARN TestMethodFilter - NoClassDefFoundError: class org.apache.pinot.common.minion.MinionClient
[48] WARN TestMethodFilter - NoClassDefFoundError: class org.apache.pinot.common.minion.MergeRollupTaskMetadata
[50] WARN TestMethodFilter - NoClassDefFoundError: class org.apache.pinot.common.function.scalar.JsonFunctions
[57] WARN TestMethodFilter - NoClassDefFoundError: class org.apache.pinot.common.function.scalar.ArrayFunctions
[57] WARN TestMethodFilter - NoClassDefFoundError: class org.apache.pinot.common.function.FunctionUtils
[63] WARN TestMethodFilter - NoClassDefFoundError: class org.apache.pinot.common.request.context.RequestContextUtils
[69] WARN TestMethodFilter - NoClassDefFoundError: class org.apache.pinot.common.tier.TierFactory
[69] WARN TestMethodFilter - NoClassDefFoundError: class org.apache.pinot.common.http.MultiGetRequest
[69] WARN TestMethodFilter - NoClassDefFoundError: class org.apache.pinot.common.assignment.InstancePartitionsUtils
[70] WARN TestMethodFilter - NoClassDefFoundError: class org.apache.pinot.common.assignment.InstancePartitions
[70] WARN TestMethodFilter - NoClassDefFoundError: class org.apache.pinot.common.assignment.InstanceAssignmentConfigUtils
[70] WARN TestMethodFilter - NoClassDefFoundError: class org.apache.pinot.common.proto.PinotQueryServerGrpc
[71] WARN TestMethodFilter - NoClassDefFoundError: class org.apache.pinot.common.proto.Server
[71] WARN TestMethodFilter - NoClassDefFoundError: class org.apache.pinot.common.segment.generation.SegmentGenerationUtils
[73] WARN TestMethodFilter - NoClassDefFoundError: class org.apache.pinot.common.metadata.ZKMetadataProvider
[73] WARN TestMethodFilter - NoClassDefFoundError: class org.apache.pinot.common.metadata.instance.InstanceZKMetadata
[74] WARN TestMethodFilter - NoClassDefFoundError: class org.apache.pinot.common.metadata.segment.SegmentZKMetadata
[76] WARN TestMethodFilter - NoClassDefFoundError: class org.apache.pinot.common.metrics.BrokerMetrics
[78] WARN TestMethodFilter - NoClassDefFoundError: class org.apache.pinot.common.metrics.ControllerMetrics
[78] WARN TestMethodFilter - NoClassDefFoundError: class org.apache.pinot.common.metrics.ServerMetrics
[78] WARN TestMethodFilter - NoClassDefFoundError: class org.apache.pinot.common.metrics.JmxReporterMetricsRegistryRegistrationListener
[79] WARN TestMethodFilter - NoClassDefFoundError: class org.apache.pinot.common.metrics.PinotMetricUtils
[80] WARN TestMethodFilter - NoClassDefFoundError: class org.apache.pinot.common.metrics.MinionMetrics
[80] WARN TestMethodFilter - NoClassDefFoundError: class org.apache.pinot.parsers.utils.ParserUtils
[81] WARN TestMethodFilter - NoClassDefFoundError: class org.apache.pinot.parsers.utils.BrokerRequestComparisonUtils
[81] WARN TestMethodFilter - NoClassDefFoundError: class org.apache.pinot.serde.SerDe
[82] WARN TestMethodFilter - NoClassDefFoundError: class org.apache.pinot.pql.parsers.Pql2CompilationException
[83] WARN TestMethodFilter - NoClassDefFoundError: class org.apache.pinot.pql.parsers.pql2.ast.GroupByAstNode
[83] WARN TestMethodFilter - NoClassDefFoundError: class org.apache.pinot.pql.parsers.pql2.ast.StarColumnListAstNode
[84] WARN TestMethodFilter - NoClassDefFoundError: class org.apache.pinot.pql.parsers.pql2.ast.FloatingPointLiteralAstNode
[84] WARN TestMethodFilter - NoClassDefFoundError: class org.apache.pinot.pql.parsers.pql2.ast.StarExpressionAstNode
[85] WARN TestMethodFilter - NoClassDefFoundError: class org.apache.pinot.pql.parsers.pql2.ast.OptionAstNode
[85] WARN TestMethodFilter - NoClassDefFoundError: class org.apache.pinot.pql.parsers.pql2.ast.BooleanOperatorAstNode
[85] WARN TestMethodFilter - NoClassDefFoundError: class org.apache.pinot.pql.parsers.pql2.ast.StringLiteralAstNode
[86] WARN TestMethodFilter - NoClassDefFoundError: class org.apache.pinot.pql.parsers.pql2.ast.IntegerLiteralAstNode
[86] WARN TestMethodFilter - NoClassDefFoundError: class org.apache.pinot.pql.parsers.pql2.ast.OrderByAstNode
[87] WARN TestMethodFilter - NoClassDefFoundError: class org.apache.pinot.pql.parsers.pql2.ast.PredicateListAstNode
[87] WARN TestMethodFilter - NoClassDefFoundError: class org.apache.pinot.pql.parsers.pql2.ast.IsNullPredicateAstNode
[87] WARN TestMethodFilter - NoClassDefFoundError: class org.apache.pinot.pql.parsers.pql2.ast.BetweenPredicateAstNode
[88] WARN TestMethodFilter - NoClassDefFoundError: class org.apache.pinot.pql.parsers.pql2.ast.TopAstNode
[88] WARN TestMethodFilter - NoClassDefFoundError: class org.apache.pinot.pql.parsers.pql2.ast.TextMatchPredicateAstNode
[88] WARN TestMethodFilter - NoClassDefFoundError: class org.apache.pinot.pql.parsers.pql2.ast.OptionsAstNode
[89] WARN TestMethodFilter - NoClassDefFoundError: class org.apache.pinot.pql.parsers.pql2.ast.TableNameAstNode
[89] WARN TestMethodFilter - NoClassDefFoundError: class org.apache.pinot.pql.parsers.pql2.ast.OutputColumnAstNode
[89] WARN TestMethodFilter - NoClassDefFoundError: class org.apache.pinot.pql.parsers.pql2.ast.OrderByExpressionAstNode
[90] WARN TestMethodFilter - NoClassDefFoundError: class org.apache.pinot.pql.parsers.pql2.ast.RegexpLikePredicateAstNode
[90] WARN TestMethodFilter - NoClassDefFoundError: class org.apache.pinot.pql.parsers.pql2.ast.WhereAstNode
[90] WARN TestMethodFilter - NoClassDefFoundError: class org.apache.pinot.pql.parsers.pql2.ast.IdentifierAstNode
[91] WARN TestMethodFilter - NoClassDefFoundError: class org.apache.pinot.pql.parsers.pql2.ast.ComparisonPredicateAstNode
[91] WARN TestMethodFilter - NoClassDefFoundError: class org.apache.pinot.pql.parsers.pql2.ast.OutputColumnListAstNode
[91] WARN TestMethodFilter - NoClassDefFoundError: class org.apache.pinot.pql.parsers.pql2.ast.FunctionCallAstNode
[92] WARN TestMethodFilter - NoClassDefFoundError: class org.apache.pinot.pql.parsers.pql2.ast.InPredicateAstNode
[92] WARN TestMethodFilter - NoClassDefFoundError: class org.apache.pinot.pql.parsers.pql2.ast.BinaryMathOpAstNode
[93] WARN TestMethodFilter - NoClassDefFoundError: class org.apache.pinot.pql.parsers.pql2.ast.LimitAstNode
[93] WARN TestMethodFilter - NoClassDefFoundError: class org.apache.pinot.pql.parsers.pql2.ast.SelectAstNode
[93] WARN TestMethodFilter - NoClassDefFoundError: class org.apache.pinot.pql.parsers.pql2.ast.ExpressionParenthesisGroupAstNode
[94] WARN TestMethodFilter - NoClassDefFoundError: class org.apache.pinot.pql.parsers.pql2.ast.PredicateParenthesisGroupAstNode
[95] WARN TestMethodFilter - NoClassDefFoundError: class org.apache.pinot.pql.parsers.PinotQuery2BrokerRequestConverter
[95] WARN TestMethodFilter - NoClassDefFoundError: class org.apache.pinot.pql.parsers.Pql2Compiler
[96] WARN TestMethodFilter - NoClassDefFoundError: class org.apache.pinot.sql.parsers.CalciteSqlParser
[96] WARN TestMethodFilter - NoClassDefFoundError: class org.apache.pinot.sql.parsers.CalciteSqlCompiler
[96] WARN TestMethodFilter - NoClassDefFoundError: class org.apache.pinot.sql.parsers.rewriter.OrdinalsUpdater
[97] WARN TestMethodFilter - NoClassDefFoundError: class org.apache.pinot.sql.parsers.rewriter.AliasApplier
[97] WARN TestMethodFilter - NoClassDefFoundError: class org.apache.pinot.sql.parsers.rewriter.CompileTimeFunctionsInvoker
[98] WARN TestMethodFilter - NoClassDefFoundError: class org.apache.pinot.sql.parsers.rewriter.SelectionsRewriter
[98] WARN TestMethodFilter - NoClassDefFoundError: class org.apache.pinot.sql.parsers.rewriter.PredicateComparisonRewriter
[98] WARN TestMethodFilter - NoClassDefFoundError: class org.apache.pinot.sql.parsers.rewriter.NonAggregationGroupByToDistinctQueryRewriter
[116] WARN TestMethodFilter - NoClassDefFoundError: class org.apache.pinot.common.exception.QueryExceptionTest
[119] WARN TestMethodFilter - NoClassDefFoundError: class org.apache.pinot.common.utils.config.TagNameUtilsTest
[125] WARN TestMethodFilter - NoClassDefFoundError: class org.apache.pinot.common.data.DateTimeGranularitySpecTest
[125] WARN TestMethodFilter - NoClassDefFoundError: class org.apache.pinot.common.data.SchemaTest
[125] WARN TestMethodFilter - NoClassDefFoundError: class org.apache.pinot.common.data.DateTimeFormatSpecTest
[126] WARN TestMethodFilter - NoClassDefFoundError: class org.apache.pinot.common.data.FieldSpecTest
[126] WARN TestMethodFilter - NoClassDefFoundError: class org.apache.pinot.common.minion.MinionTaskMetadataUtilsTest
[130] WARN TestMethodFilter - NoClassDefFoundError: class org.apache.pinot.common.http.MultiGetRequestTest
[130] WARN TestMethodFilter - NoClassDefFoundError: class org.apache.pinot.common.metadata.MetadataUtils
[131] WARN TestMethodFilter - NoClassDefFoundError: class org.apache.pinot.common.metadata.SegmentZKMetadataTest
[132] WARN TestMethodFilter - NoClassDefFoundError: class org.apache.pinot.request.BrokerRequestSerializationTest
[143] WARN TestMethodFilter - NoClassDefFoundError: class org.apache.pinot.common.config.NettyConfig
[144] WARN TestMethodFilter - NoClassDefFoundError: class org.apache.pinot.common.exception.QueryException
[144] WARN TestMethodFilter - NoClassDefFoundError: class org.apache.pinot.common.lineage.SegmentLineageAccessHelper
[144] WARN TestMethodFilter - NoClassDefFoundError: class org.apache.pinot.common.lineage.SegmentLineage
[145] WARN TestMethodFilter - NoClassDefFoundError: class org.apache.pinot.common.utils.config.TagNameUtils
[145] WARN TestMethodFilter - NoClassDefFoundError: class org.apache.pinot.common.utils.config.TierConfigUtils
[145] WARN TestMethodFilter - NoClassDefFoundError: class org.apache.pinot.common.utils.config.TableConfigUtils
[145] WARN TestMethodFilter - NoClassDefFoundError: class org.apache.pinot.common.utils.config.InstanceUtils
[145] WARN TestMethodFilter - NoClassDefFoundError: class org.apache.pinot.common.utils.fetcher.HttpsSegmentFetcher
[145] WARN TestMethodFilter - NoClassDefFoundError: class org.apache.pinot.common.utils.fetcher.HttpSegmentFetcher
[145] WARN TestMethodFilter - NoClassDefFoundError: class org.apache.pinot.common.utils.fetcher.SegmentFetcherFactory
[145] WARN TestMethodFilter - NoClassDefFoundError: class org.apache.pinot.common.utils.SchemaUtils
[146] WARN TestMethodFilter - NoClassDefFoundError: class org.apache.pinot.common.utils.SegmentUtils
[146] WARN TestMethodFilter - NoClassDefFoundError: class org.apache.pinot.common.utils.webhdfs.WebHdfsV1Client
[146] WARN TestMethodFilter - NoClassDefFoundError: class org.apache.pinot.common.utils.SqlResultComparator
[146] WARN TestMethodFilter - NoClassDefFoundError: class org.apache.pinot.common.utils.request.RequestUtils
[146] WARN TestMethodFilter - NoClassDefFoundError: class org.apache.pinot.common.utils.request.FilterQueryTree
[147] WARN TestMethodFilter - NoClassDefFoundError: class org.apache.pinot.common.utils.FileUploadDownloadClient
[147] WARN TestMethodFilter - NoClassDefFoundError: class org.apache.pinot.common.utils.PinotDataType
[147] WARN TestMethodFilter - NoClassDefFoundError: class org.apache.pinot.common.utils.ServiceStartableUtils
[147] WARN TestMethodFilter - NoClassDefFoundError: class org.apache.pinot.common.utils.helix.PinotHelixPropertyStoreZnRecordProvider
[147] WARN TestMethodFilter - NoClassDefFoundError: class org.apache.pinot.common.utils.helix.HelixHelper
[147] WARN TestMethodFilter - NoClassDefFoundError: class org.apache.pinot.common.utils.helix.LeadControllerUtils
[148] WARN TestMethodFilter - NoClassDefFoundError: class org.apache.pinot.common.utils.grpc.GrpcQueryClient
[148] WARN TestMethodFilter - NoClassDefFoundError: class org.apache.pinot.common.utils.grpc.GrpcRequestBuilder
[148] WARN TestMethodFilter - NoClassDefFoundError: class org.apache.pinot.common.utils.TlsUtils
[148] WARN TestMethodFilter - NoClassDefFoundError: class org.apache.pinot.common.minion.RealtimeToOfflineSegmentsTaskMetadata
[148] WARN TestMethodFilter - NoClassDefFoundError: class org.apache.pinot.common.minion.MinionTaskMetadataUtils
[148] WARN TestMethodFilter - NoClassDefFoundError: class org.apache.pinot.common.minion.MinionClient
[148] WARN TestMethodFilter - NoClassDefFoundError: class org.apache.pinot.common.minion.MergeRollupTaskMetadata
[149] WARN TestMethodFilter - NoClassDefFoundError: class org.apache.pinot.common.function.scalar.JsonFunctions
[153] WARN TestMethodFilter - NoClassDefFoundError: class org.apache.pinot.common.function.scalar.ArrayFunctions
[153] WARN TestMethodFilter - NoClassDefFoundError: class org.apache.pinot.common.function.FunctionUtils
[155] WARN TestMethodFilter - NoClassDefFoundError: class org.apache.pinot.common.request.context.RequestContextUtils
[158] WARN TestMethodFilter - NoClassDefFoundError: class org.apache.pinot.common.tier.TierFactory
[158] WARN TestMethodFilter - NoClassDefFoundError: class org.apache.pinot.common.http.MultiGetRequest
[158] WARN TestMethodFilter - NoClassDefFoundError: class org.apache.pinot.common.assignment.InstancePartitionsUtils
[158] WARN TestMethodFilter - NoClassDefFoundError: class org.apache.pinot.common.assignment.InstancePartitions
[158] WARN TestMethodFilter - NoClassDefFoundError: class org.apache.pinot.common.assignment.InstanceAssignmentConfigUtils
[158] WARN TestMethodFilter - NoClassDefFoundError: class org.apache.pinot.common.proto.PinotQueryServerGrpc
[158] WARN TestMethodFilter - NoClassDefFoundError: class org.apache.pinot.common.proto.Server
[159] WARN TestMethodFilter - NoClassDefFoundError: class org.apache.pinot.common.segment.generation.SegmentGenerationUtils
[159] WARN TestMethodFilter - NoClassDefFoundError: class org.apache.pinot.common.metadata.ZKMetadataProvider
[159] WARN TestMethodFilter - NoClassDefFoundError: class org.apache.pinot.common.metadata.instance.InstanceZKMetadata
[159] WARN TestMethodFilter - NoClassDefFoundError: class org.apache.pinot.common.metadata.segment.SegmentZKMetadata
[160] WARN TestMethodFilter - NoClassDefFoundError: class org.apache.pinot.common.metrics.ValidationMetrics
[160] WARN TestMethodFilter - NoClassDefFoundError: class org.apache.pinot.common.metrics.JmxReporterMetricsRegistryRegistrationListener
[160] WARN TestMethodFilter - NoClassDefFoundError: class org.apache.pinot.common.metrics.PinotMetricUtils
[160] WARN TestMethodFilter - NoClassDefFoundError: class org.apache.pinot.parsers.utils.ParserUtils
[160] WARN TestMethodFilter - NoClassDefFoundError: class org.apache.pinot.parsers.utils.BrokerRequestComparisonUtils
[160] WARN TestMethodFilter - NoClassDefFoundError: class org.apache.pinot.serde.SerDe
[161] WARN TestMethodFilter - NoClassDefFoundError: class org.apache.pinot.pql.parsers.Pql2CompilationException
[162] WARN TestMethodFilter - NoClassDefFoundError: class org.apache.pinot.pql.parsers.pql2.ast.GroupByAstNode
[162] WARN TestMethodFilter - NoClassDefFoundError: class org.apache.pinot.pql.parsers.pql2.ast.StarColumnListAstNode
[162] WARN TestMethodFilter - NoClassDefFoundError: class org.apache.pinot.pql.parsers.pql2.ast.OptionAstNode
[162] WARN TestMethodFilter - NoClassDefFoundError: class org.apache.pinot.pql.parsers.pql2.ast.BooleanOperatorAstNode
[163] WARN TestMethodFilter - NoClassDefFoundError: class org.apache.pinot.pql.parsers.pql2.ast.OrderByAstNode
[163] WARN TestMethodFilter - NoClassDefFoundError: class org.apache.pinot.pql.parsers.pql2.ast.PredicateListAstNode
[163] WARN TestMethodFilter - NoClassDefFoundError: class org.apache.pinot.pql.parsers.pql2.ast.IsNullPredicateAstNode
[163] WARN TestMethodFilter - NoClassDefFoundError: class org.apache.pinot.pql.parsers.pql2.ast.BetweenPredicateAstNode
[163] WARN TestMethodFilter - NoClassDefFoundError: class org.apache.pinot.pql.parsers.pql2.ast.TopAstNode
[164] WARN TestMethodFilter - NoClassDefFoundError: class org.apache.pinot.pql.parsers.pql2.ast.TextMatchPredicateAstNode
[164] WARN TestMethodFilter - NoClassDefFoundError: class org.apache.pinot.pql.parsers.pql2.ast.OptionsAstNode
[164] WARN TestMethodFilter - NoClassDefFoundError: class org.apache.pinot.pql.parsers.pql2.ast.OutputColumnAstNode
[164] WARN TestMethodFilter - NoClassDefFoundError: class org.apache.pinot.pql.parsers.pql2.ast.RegexpLikePredicateAstNode
[165] WARN TestMethodFilter - NoClassDefFoundError: class org.apache.pinot.pql.parsers.pql2.ast.WhereAstNode
[165] WARN TestMethodFilter - NoClassDefFoundError: class org.apache.pinot.pql.parsers.pql2.ast.ComparisonPredicateAstNode
[165] WARN TestMethodFilter - NoClassDefFoundError: class org.apache.pinot.pql.parsers.pql2.ast.OutputColumnListAstNode
[165] WARN TestMethodFilter - NoClassDefFoundError: class org.apache.pinot.pql.parsers.pql2.ast.FunctionCallAstNode
[165] WARN TestMethodFilter - NoClassDefFoundError: class org.apache.pinot.pql.parsers.pql2.ast.InPredicateAstNode
[166] WARN TestMethodFilter - NoClassDefFoundError: class org.apache.pinot.pql.parsers.pql2.ast.SelectAstNode
[166] WARN TestMethodFilter - NoClassDefFoundError: class org.apache.pinot.pql.parsers.pql2.ast.PredicateParenthesisGroupAstNode
[167] WARN TestMethodFilter - NoClassDefFoundError: class org.apache.pinot.pql.parsers.PinotQuery2BrokerRequestConverter
[167] WARN TestMethodFilter - NoClassDefFoundError: class org.apache.pinot.pql.parsers.Pql2Compiler
[167] WARN TestMethodFilter - NoClassDefFoundError: class org.apache.pinot.sql.parsers.CalciteSqlParser
[167] WARN TestMethodFilter - NoClassDefFoundError: class org.apache.pinot.sql.parsers.CalciteSqlCompiler
[167] WARN TestMethodFilter - NoClassDefFoundError: class org.apache.pinot.sql.parsers.rewriter.OrdinalsUpdater
[168] WARN TestMethodFilter - NoClassDefFoundError: class org.apache.pinot.sql.parsers.rewriter.AliasApplier
[168] WARN TestMethodFilter - NoClassDefFoundError: class org.apache.pinot.sql.parsers.rewriter.CompileTimeFunctionsInvoker
[168] WARN TestMethodFilter - NoClassDefFoundError: class org.apache.pinot.sql.parsers.rewriter.SelectionsRewriter
[168] WARN TestMethodFilter - NoClassDefFoundError: class org.apache.pinot.sql.parsers.rewriter.PredicateComparisonRewriter
[168] WARN TestMethodFilter - NoClassDefFoundError: class org.apache.pinot.sql.parsers.rewriter.NonAggregationGroupByToDistinctQueryRewriter
[174] WARN TestMethodFilter - NoClassDefFoundError: class org.apache.pinot.sql.parsers.parser.UnparseUtils
[174] WARN TestMethodFilter - NoClassDefFoundError: class org.apache.pinot.common.exception.QueryExceptionTest
[175] WARN TestMethodFilter - NoClassDefFoundError: class org.apache.pinot.common.utils.config.TableConfigSerDeTest
[175] WARN TestMethodFilter - NoClassDefFoundError: class org.apache.pinot.common.utils.config.TagNameUtilsTest
[177] WARN TestMethodFilter - NoClassDefFoundError: class org.apache.pinot.common.data.DateTimeGranularitySpecTest
[177] WARN TestMethodFilter - NoClassDefFoundError: class org.apache.pinot.common.data.SchemaTest
[178] WARN TestMethodFilter - NoClassDefFoundError: class org.apache.pinot.common.data.DateTimeFormatSpecTest
[178] WARN TestMethodFilter - NoClassDefFoundError: class org.apache.pinot.common.data.FieldSpecTest
[178] WARN TestMethodFilter - NoClassDefFoundError: class org.apache.pinot.common.minion.MinionTaskMetadataUtilsTest
[179] WARN TestMethodFilter - NoClassDefFoundError: class org.apache.pinot.common.http.MultiGetRequestTest
[180] WARN TestMethodFilter - NoClassDefFoundError: class org.apache.pinot.common.metadata.MetadataUtils
[180] WARN TestMethodFilter - NoClassDefFoundError: class org.apache.pinot.common.metadata.InstanceZKMetadataTest
[180] WARN TestMethodFilter - NoClassDefFoundError: class org.apache.pinot.common.metadata.SegmentZKMetadataTest
[180] WARN TestMethodFilter - NoClassDefFoundError: class org.apache.pinot.request.BrokerRequestSerializationTest
[181] WARN TestMethodFilter - NoClassDefFoundError: class org.apache.pinot.sql.parsers.CalciteSqlCompilerTest
[183] INFO CoverageRunner - Tests found: 0
[183] INFO CoverageRunner - Tests executed: 0
16:55:05.149 [main] INFO  fr.inria.jtravis.JTravis - GitHub ratelimit: Limit: 5000 Remaining: 4866 Reset hour: 03:17:45
16:55:06.492 [main] WARN  f.i.s.r.p.s.p.PushFaultLocalizationSuggestionsOnGitHubRepository - Flacoco has found 0 suspicious lines, but none were matched to the diff
16:55:06.492 [main] INFO  f.i.s.r.p.s.f.FlacocoLocalization - 
16:55:10.161 [main] INFO  f.i.s.r.p.i.ProjectInspector - ----------------------------------------------------------------------
16:55:10.161 [main] INFO  f.i.s.r.p.i.ProjectInspector - PIPELINE EXECUTION SUMMARY
16:55:10.162 [main] INFO  f.i.s.r.p.i.ProjectInspector - ----------------------------------------------------------------------
16:55:10.162 [main] INFO  f.i.s.r.p.i.ProjectInspector - CloneCheckoutGitPullRequest..........................SUCCESS [  22 s ]
16:55:10.162 [main] INFO  f.i.s.r.p.i.ProjectInspector - BuildProject.........................................SUCCESS [ 422 s ]
16:55:10.162 [main] INFO  f.i.s.r.p.i.ProjectInspector - TestProject..........................................SUCCESS [  80 s ]
16:55:10.162 [main] INFO  f.i.s.r.p.i.ProjectInspector - ComputeClasspath.....................................SUCCESS [   5 s ]
16:55:10.162 [main] INFO  f.i.s.r.p.i.ProjectInspector - ComputeSourceDir.....................................SUCCESS [   0 s ]
16:55:10.162 [main] INFO  f.i.s.r.p.i.ProjectInspector - ComputeTestDir.......................................SUCCESS [   0 s ]
16:55:10.162 [main] INFO  f.i.s.r.p.i.ProjectInspector - GatherTestInformation................................SUCCESS [   0 s ]
16:55:10.162 [main] INFO  f.i.s.r.p.i.ProjectInspector - FlacocoLocalization..................................SUCCESS [   0 s ]
16:55:10.162 [main] INFO  f.i.s.r.p.i.ProjectInspector - PushFaultLocalizationSuggestionsOnGitHubRepository...SKIPPED          
16:55:10.162 [main] INFO  f.i.s.r.p.i.ProjectInspector - ----------------------------------------------------------------------
16:55:10.162 [main] INFO  f.i.s.r.p.i.ProjectInspector - PIPELINE FINDING: TEST FAILURE
16:55:10.162 [main] INFO  f.i.s.r.p.i.ProjectInspector - ----------------------------------------------------------------------
16:55:10.162 [main] INFO  f.i.s.r.p.github.GithubMainProcess - Inspector is finished. The process will exit now.
