Execute pipeline with following supplementary args: --smtpPort 25 --listenerMode NOOP --launcherMode FAULT_LOCALIZATION  --gitrepourl https://github.com/apache/pinot --gitrepopullrequest 8580
java -cp /usr/local/openjdk-11/lib/tools.jar:repairnator-pipeline.jar -Dlogback.configurationFile=/root/logback.xml fr.inria.spirals.repairnator.pipeline.Launcher -d --runId null -o /var/log --ghOauth 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 --faultLocalization --flacocoThreshold 0.0 --flacocoTopK null --flacocoResultsRepository flacocobot/2022-flacocobot-experiment --ghOauth  --smtpPort 25 --listenerMode NOOP --launcherMode FAULT_LOCALIZATION  --gitrepourl https://github.com/apache/pinot --gitrepopullrequest 8580

02:00:57.297 [main] INFO  f.i.s.r.p.g.GithubInitSerializerEngines - Initialize file serializer engines.
02:00:57.299 [main] INFO  f.i.s.r.p.g.GithubInitSerializerEngines - MongoDB won't be used for serialization.
02:00:57.299 [main] INFO  f.i.s.r.p.github.GithubInitNotifiers - The email notifier engine won't be used.
02:00:57.312 [main] INFO  f.i.s.r.p.i.ProjectInspector - ----------------------------------------------------------------------
02:00:57.312 [main] INFO  f.i.s.r.p.i.ProjectInspector - PIPELINE STEPS
02:00:57.312 [main] INFO  f.i.s.r.p.i.ProjectInspector - ----------------------------------------------------------------------
02:00:57.312 [main] INFO  f.i.s.r.p.i.ProjectInspector - CloneCheckoutGitPullRequest
02:00:57.312 [main] INFO  f.i.s.r.p.i.ProjectInspector - BuildProject
02:00:57.312 [main] INFO  f.i.s.r.p.i.ProjectInspector - TestProject
02:00:57.312 [main] INFO  f.i.s.r.p.i.ProjectInspector - ComputeClasspath
02:00:57.312 [main] INFO  f.i.s.r.p.i.ProjectInspector - ComputeSourceDir
02:00:57.312 [main] INFO  f.i.s.r.p.i.ProjectInspector - ComputeTestDir
02:00:57.312 [main] INFO  f.i.s.r.p.i.ProjectInspector - GatherTestInformation
02:00:57.312 [main] INFO  f.i.s.r.p.i.ProjectInspector - FlacocoLocalization
02:00:57.313 [main] INFO  f.i.s.r.p.i.ProjectInspector - PushFaultLocalizationSuggestionsOnGitHubRepository
02:00:57.313 [main] INFO  f.i.s.r.p.s.CloneCheckoutGitPullRequest - Cloning repository https://github.com/apache/pinot.git in the following directory: ./workspace/apache-pinot-master-8580_repo
02:01:42.449 [Thread-5] ERROR f.i.s.r.p.m.output.MavenErrorHandler - Warning: Lookahead adequacy checking not being performed since option LOOKAHEAD is more than 1.  Set option FORCE_LA_CHECK to true to force checking.
02:02:20.452 [Thread-4] ERROR f.i.s.r.p.m.o.MavenFilterOutputHandler - [ERROR] COMPILATION ERROR : 
02:02:20.453 [Thread-4] ERROR f.i.s.r.p.m.o.MavenFilterOutputHandler - [ERROR] /root/workspace/apache-pinot-master-8580_repo/pinot-core/src/main/java/org/apache/pinot/core/operator/transform/function/ScalarTransformFunctionWrapper.java:[107,90] error: incompatible types: PinotDataType cannot be converted to Object[]
02:02:20.457 [Thread-4] ERROR f.i.s.r.p.m.o.MavenFilterOutputHandler - [ERROR] Failed to execute goal org.apache.maven.plugins:maven-compiler-plugin:3.8.0:compile (default-compile) on project pinot-core: Compilation failure
02:02:20.457 [Thread-4] ERROR f.i.s.r.p.m.o.MavenFilterOutputHandler - [ERROR] /root/workspace/apache-pinot-master-8580_repo/pinot-core/src/main/java/org/apache/pinot/core/operator/transform/function/ScalarTransformFunctionWrapper.java:[107,90] error: incompatible types: PinotDataType cannot be converted to Object[]
02:02:20.457 [Thread-4] ERROR f.i.s.r.p.m.o.MavenFilterOutputHandler - [ERROR] -> [Help 1]
02:02:20.461 [Thread-4] ERROR f.i.s.r.p.m.o.MavenFilterOutputHandler - [ERROR] 
02:02:20.461 [Thread-4] ERROR f.i.s.r.p.m.o.MavenFilterOutputHandler - [ERROR] Re-run Maven using the -X switch to enable full debug logging.
02:02:20.461 [Thread-4] ERROR f.i.s.r.p.m.o.MavenFilterOutputHandler - [ERROR] 
02:02:20.461 [Thread-4] ERROR f.i.s.r.p.m.o.MavenFilterOutputHandler - [ERROR] For more information about the errors and possible solutions, please read the following articles:
02:02:20.461 [Thread-4] ERROR f.i.s.r.p.m.o.MavenFilterOutputHandler - [ERROR] [Help 1] http://cwiki.apache.org/confluence/display/MAVEN/MojoFailureException
02:02:20.461 [Thread-4] ERROR f.i.s.r.p.m.o.MavenFilterOutputHandler - [ERROR] 
02:02:20.461 [Thread-4] ERROR f.i.s.r.p.m.o.MavenFilterOutputHandler - [ERROR] After correcting the problems, you can resume the build with the command
02:02:20.461 [Thread-4] ERROR f.i.s.r.p.m.o.MavenFilterOutputHandler - [ERROR]   mvn <goals> -rf :pinot-core
02:02:21.204 [main] ERROR f.i.s.r.process.step.BuildProject - Repository apache/pinot cannot be built.
02:02:21.206 [main] INFO  f.i.s.r.process.step.BuildProject - 
02:02:21.876 [main] INFO  f.i.s.r.p.i.ProjectInspector - ----------------------------------------------------------------------
02:02:21.876 [main] INFO  f.i.s.r.p.i.ProjectInspector - PIPELINE EXECUTION SUMMARY
02:02:21.876 [main] INFO  f.i.s.r.p.i.ProjectInspector - ----------------------------------------------------------------------
02:02:21.876 [main] INFO  f.i.s.r.p.i.ProjectInspector - CloneCheckoutGitPullRequest...........................SUCCESS [ 18 s ]
02:02:21.876 [main] INFO  f.i.s.r.p.i.ProjectInspector - BuildProject..........................................FAILURE [ 65 s ]
02:02:21.876 [main] INFO  f.i.s.r.p.i.ProjectInspector - TestProject...........................................NOT RUN         
02:02:21.876 [main] INFO  f.i.s.r.p.i.ProjectInspector - ComputeClasspath......................................NOT RUN         
02:02:21.876 [main] INFO  f.i.s.r.p.i.ProjectInspector - ComputeSourceDir......................................NOT RUN         
02:02:21.876 [main] INFO  f.i.s.r.p.i.ProjectInspector - ComputeTestDir........................................NOT RUN         
02:02:21.876 [main] INFO  f.i.s.r.p.i.ProjectInspector - GatherTestInformation.................................NOT RUN         
02:02:21.876 [main] INFO  f.i.s.r.p.i.ProjectInspector - FlacocoLocalization...................................NOT RUN         
02:02:21.877 [main] INFO  f.i.s.r.p.i.ProjectInspector - PushFaultLocalizationSuggestionsOnGitHubRepository....NOT RUN         
02:02:21.877 [main] INFO  f.i.s.r.p.i.ProjectInspector - ----------------------------------------------------------------------
02:02:21.877 [main] INFO  f.i.s.r.p.i.ProjectInspector - PIPELINE FINDING: NOTBUILDABLE
02:02:21.877 [main] INFO  f.i.s.r.p.i.ProjectInspector - ----------------------------------------------------------------------
02:02:21.877 [main] INFO  f.i.s.r.p.github.GithubMainProcess - Inspector is finished. The process will exit now.
