Execute pipeline with following supplementary args: --smtpPort 25 --listenerMode NOOP --launcherMode FAULT_LOCALIZATION  --gitrepourl https://github.com/apache/pinot --gitrepopullrequest 8567
java -cp /usr/local/openjdk-11/lib/tools.jar:repairnator-pipeline.jar -Dlogback.configurationFile=/root/logback.xml fr.inria.spirals.repairnator.pipeline.Launcher -d --runId null -o /var/log --ghOauth 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 --faultLocalization --flacocoThreshold 0.0 --flacocoTopK null --flacocoResultsRepository flacocobot/2022-flacocobot-experiment --ghOauth  --smtpPort 25 --listenerMode NOOP --launcherMode FAULT_LOCALIZATION  --gitrepourl https://github.com/apache/pinot --gitrepopullrequest 8567

23:15:32.205 [main] INFO  f.i.s.r.p.g.GithubInitSerializerEngines - Initialize file serializer engines.
23:15:32.206 [main] INFO  f.i.s.r.p.g.GithubInitSerializerEngines - MongoDB won't be used for serialization.
23:15:32.206 [main] INFO  f.i.s.r.p.github.GithubInitNotifiers - The email notifier engine won't be used.
23:15:32.219 [main] INFO  f.i.s.r.p.i.ProjectInspector - ----------------------------------------------------------------------
23:15:32.219 [main] INFO  f.i.s.r.p.i.ProjectInspector - PIPELINE STEPS
23:15:32.219 [main] INFO  f.i.s.r.p.i.ProjectInspector - ----------------------------------------------------------------------
23:15:32.219 [main] INFO  f.i.s.r.p.i.ProjectInspector - CloneCheckoutGitPullRequest
23:15:32.219 [main] INFO  f.i.s.r.p.i.ProjectInspector - BuildProject
23:15:32.219 [main] INFO  f.i.s.r.p.i.ProjectInspector - TestProject
23:15:32.219 [main] INFO  f.i.s.r.p.i.ProjectInspector - ComputeClasspath
23:15:32.219 [main] INFO  f.i.s.r.p.i.ProjectInspector - ComputeSourceDir
23:15:32.219 [main] INFO  f.i.s.r.p.i.ProjectInspector - ComputeTestDir
23:15:32.219 [main] INFO  f.i.s.r.p.i.ProjectInspector - GatherTestInformation
23:15:32.219 [main] INFO  f.i.s.r.p.i.ProjectInspector - FlacocoLocalization
23:15:32.219 [main] INFO  f.i.s.r.p.i.ProjectInspector - PushFaultLocalizationSuggestionsOnGitHubRepository
23:15:32.219 [main] INFO  f.i.s.r.p.s.CloneCheckoutGitPullRequest - Cloning repository https://github.com/apache/pinot.git in the following directory: ./workspace/apache-pinot-master-8567_repo
23:16:22.730 [Thread-5] ERROR f.i.s.r.p.m.output.MavenErrorHandler - Warning: Lookahead adequacy checking not being performed since option LOOKAHEAD is more than 1.  Set option FORCE_LA_CHECK to true to force checking.
23:20:46.019 [Thread-4] ERROR f.i.s.r.p.m.o.MavenFilterOutputHandler - [ERROR] COMPILATION ERROR : 
23:20:46.019 [Thread-4] ERROR f.i.s.r.p.m.o.MavenFilterOutputHandler - [ERROR] /root/workspace/apache-pinot-master-8567_repo/pinot-tools/src/main/java/org/apache/pinot/tools/RealtimeComplexTypeHandlingQuickStart.java:[35,37] error: cannot find symbol
23:20:46.020 [Thread-4] ERROR f.i.s.r.p.m.o.MavenFilterOutputHandler - [ERROR] /root/workspace/apache-pinot-master-8567_repo/pinot-tools/src/main/java/org/apache/pinot/tools/RealtimeJsonIndexQuickStart.java:[35,37] error: cannot find symbol
23:20:46.025 [Thread-4] ERROR f.i.s.r.p.m.o.MavenFilterOutputHandler - [ERROR] Failed to execute goal org.apache.maven.plugins:maven-compiler-plugin:3.8.0:compile (default-compile) on project pinot-tools: Compilation failure: Compilation failure: 
23:20:46.025 [Thread-4] ERROR f.i.s.r.p.m.o.MavenFilterOutputHandler - [ERROR] /root/workspace/apache-pinot-master-8567_repo/pinot-tools/src/main/java/org/apache/pinot/tools/RealtimeComplexTypeHandlingQuickStart.java:[35,37] error: cannot find symbol
23:20:46.025 [Thread-4] ERROR f.i.s.r.p.m.o.MavenFilterOutputHandler - [ERROR]   symbol:   class MeetupRsvpJsonStream
23:20:46.026 [Thread-4] ERROR f.i.s.r.p.m.o.MavenFilterOutputHandler - [ERROR]   location: package org.apache.pinot.tools.streams
23:20:46.026 [Thread-4] ERROR f.i.s.r.p.m.o.MavenFilterOutputHandler - [ERROR] /root/workspace/apache-pinot-master-8567_repo/pinot-tools/src/main/java/org/apache/pinot/tools/RealtimeJsonIndexQuickStart.java:[35,37] error: cannot find symbol
23:20:46.026 [Thread-4] ERROR f.i.s.r.p.m.o.MavenFilterOutputHandler - [ERROR]   symbol:   class MeetupRsvpJsonStream
23:20:46.026 [Thread-4] ERROR f.i.s.r.p.m.o.MavenFilterOutputHandler - [ERROR]   location: package org.apache.pinot.tools.streams
23:20:46.026 [Thread-4] ERROR f.i.s.r.p.m.o.MavenFilterOutputHandler - [ERROR] -> [Help 1]
23:20:46.029 [Thread-4] ERROR f.i.s.r.p.m.o.MavenFilterOutputHandler - [ERROR] 
23:20:46.029 [Thread-4] ERROR f.i.s.r.p.m.o.MavenFilterOutputHandler - [ERROR] Re-run Maven using the -X switch to enable full debug logging.
23:20:46.029 [Thread-4] ERROR f.i.s.r.p.m.o.MavenFilterOutputHandler - [ERROR] 
23:20:46.029 [Thread-4] ERROR f.i.s.r.p.m.o.MavenFilterOutputHandler - [ERROR] For more information about the errors and possible solutions, please read the following articles:
23:20:46.029 [Thread-4] ERROR f.i.s.r.p.m.o.MavenFilterOutputHandler - [ERROR] [Help 1] http://cwiki.apache.org/confluence/display/MAVEN/MojoFailureException
23:20:46.029 [Thread-4] ERROR f.i.s.r.p.m.o.MavenFilterOutputHandler - [ERROR] 
23:20:46.029 [Thread-4] ERROR f.i.s.r.p.m.o.MavenFilterOutputHandler - [ERROR] After correcting the problems, you can resume the build with the command
23:20:46.029 [Thread-4] ERROR f.i.s.r.p.m.o.MavenFilterOutputHandler - [ERROR]   mvn <goals> -rf :pinot-tools
23:20:46.270 [main] ERROR f.i.s.r.process.step.BuildProject - Repository apache/pinot cannot be built.
23:20:46.272 [main] INFO  f.i.s.r.process.step.BuildProject - 
23:20:49.326 [main] INFO  f.i.s.r.p.i.ProjectInspector - ----------------------------------------------------------------------
23:20:49.327 [main] INFO  f.i.s.r.p.i.ProjectInspector - PIPELINE EXECUTION SUMMARY
23:20:49.327 [main] INFO  f.i.s.r.p.i.ProjectInspector - ----------------------------------------------------------------------
23:20:49.327 [main] INFO  f.i.s.r.p.i.ProjectInspector - CloneCheckoutGitPullRequest..........................SUCCESS [  23 s ]
23:20:49.327 [main] INFO  f.i.s.r.p.i.ProjectInspector - BuildProject.........................................FAILURE [ 291 s ]
23:20:49.327 [main] INFO  f.i.s.r.p.i.ProjectInspector - TestProject..........................................NOT RUN          
23:20:49.327 [main] INFO  f.i.s.r.p.i.ProjectInspector - ComputeClasspath.....................................NOT RUN          
23:20:49.327 [main] INFO  f.i.s.r.p.i.ProjectInspector - ComputeSourceDir.....................................NOT RUN          
23:20:49.327 [main] INFO  f.i.s.r.p.i.ProjectInspector - ComputeTestDir.......................................NOT RUN          
23:20:49.327 [main] INFO  f.i.s.r.p.i.ProjectInspector - GatherTestInformation................................NOT RUN          
23:20:49.327 [main] INFO  f.i.s.r.p.i.ProjectInspector - FlacocoLocalization..................................NOT RUN          
23:20:49.327 [main] INFO  f.i.s.r.p.i.ProjectInspector - PushFaultLocalizationSuggestionsOnGitHubRepository...NOT RUN          
23:20:49.327 [main] INFO  f.i.s.r.p.i.ProjectInspector - ----------------------------------------------------------------------
23:20:49.328 [main] INFO  f.i.s.r.p.i.ProjectInspector - PIPELINE FINDING: NOTBUILDABLE
23:20:49.328 [main] INFO  f.i.s.r.p.i.ProjectInspector - ----------------------------------------------------------------------
23:20:49.328 [main] INFO  f.i.s.r.p.github.GithubMainProcess - Inspector is finished. The process will exit now.
