Execute pipeline with following supplementary args: --smtpPort 25 --listenerMode NOOP --launcherMode FAULT_LOCALIZATION  --gitrepourl https://github.com/apache/pinot --gitrepopullrequest 8503
java -cp /usr/local/openjdk-11/lib/tools.jar:repairnator-pipeline.jar -Dlogback.configurationFile=/root/logback.xml fr.inria.spirals.repairnator.pipeline.Launcher -d --runId null -o /var/log --ghOauth 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 --faultLocalization --flacocoThreshold 0.0 --flacocoTopK null --flacocoResultsRepository flacocobot/2022-flacocobot-experiment --ghOauth  --smtpPort 25 --listenerMode NOOP --launcherMode FAULT_LOCALIZATION  --gitrepourl https://github.com/apache/pinot --gitrepopullrequest 8503

02:59:22.058 [main] INFO  f.i.s.r.p.g.GithubInitSerializerEngines - Initialize file serializer engines.
02:59:22.059 [main] INFO  f.i.s.r.p.g.GithubInitSerializerEngines - MongoDB won't be used for serialization.
02:59:22.059 [main] INFO  f.i.s.r.p.github.GithubInitNotifiers - The email notifier engine won't be used.
02:59:22.073 [main] INFO  f.i.s.r.p.i.ProjectInspector - ----------------------------------------------------------------------
02:59:22.073 [main] INFO  f.i.s.r.p.i.ProjectInspector - PIPELINE STEPS
02:59:22.073 [main] INFO  f.i.s.r.p.i.ProjectInspector - ----------------------------------------------------------------------
02:59:22.073 [main] INFO  f.i.s.r.p.i.ProjectInspector - CloneCheckoutGitPullRequest
02:59:22.074 [main] INFO  f.i.s.r.p.i.ProjectInspector - BuildProject
02:59:22.074 [main] INFO  f.i.s.r.p.i.ProjectInspector - TestProject
02:59:22.074 [main] INFO  f.i.s.r.p.i.ProjectInspector - ComputeClasspath
02:59:22.074 [main] INFO  f.i.s.r.p.i.ProjectInspector - ComputeSourceDir
02:59:22.074 [main] INFO  f.i.s.r.p.i.ProjectInspector - ComputeTestDir
02:59:22.074 [main] INFO  f.i.s.r.p.i.ProjectInspector - GatherTestInformation
02:59:22.074 [main] INFO  f.i.s.r.p.i.ProjectInspector - FlacocoLocalization
02:59:22.074 [main] INFO  f.i.s.r.p.i.ProjectInspector - PushFaultLocalizationSuggestionsOnGitHubRepository
02:59:22.074 [main] INFO  f.i.s.r.p.s.CloneCheckoutGitPullRequest - Cloning repository https://github.com/apache/pinot.git in the following directory: ./workspace/apache-pinot-master-8503_repo
03:00:09.112 [Thread-5] ERROR f.i.s.r.p.m.output.MavenErrorHandler - Warning: Lookahead adequacy checking not being performed since option LOOKAHEAD is more than 1.  Set option FORCE_LA_CHECK to true to force checking.
03:00:54.740 [Thread-4] ERROR f.i.s.r.p.m.o.MavenFilterOutputHandler - [ERROR] Failed to execute goal com.diffplug.spotless:spotless-maven-plugin:2.9.0:check (default) on project pinot-core: The following files had format violations:
03:00:54.740 [Thread-4] ERROR f.i.s.r.p.m.o.MavenFilterOutputHandler - [ERROR]     src/main/java/org/apache/pinot/core/query/selection/SelectionOperatorUtils.java
03:00:54.740 [Thread-4] ERROR f.i.s.r.p.m.o.MavenFilterOutputHandler - [ERROR]         @@ -46,7 +46,6 @@
03:00:54.740 [Thread-4] ERROR f.i.s.r.p.m.o.MavenFilterOutputHandler - [ERROR]          import·org.apache.pinot.core.query.request.context.QueryContext;
03:00:54.740 [Thread-4] ERROR f.i.s.r.p.m.o.MavenFilterOutputHandler - [ERROR]          import·org.apache.pinot.segment.spi.IndexSegment;
03:00:54.740 [Thread-4] ERROR f.i.s.r.p.m.o.MavenFilterOutputHandler - [ERROR]          import·org.apache.pinot.spi.utils.ArrayCopyUtils;
03:00:54.740 [Thread-4] ERROR f.i.s.r.p.m.o.MavenFilterOutputHandler - [ERROR]         -import·org.apache.pinot.spi.utils.BigDecimalUtils;
03:00:54.740 [Thread-4] ERROR f.i.s.r.p.m.o.MavenFilterOutputHandler - [ERROR]          import·org.apache.pinot.spi.utils.ByteArray;
03:00:54.740 [Thread-4] ERROR f.i.s.r.p.m.o.MavenFilterOutputHandler - [ERROR]          
03:00:54.740 [Thread-4] ERROR f.i.s.r.p.m.o.MavenFilterOutputHandler - [ERROR]          
03:00:54.740 [Thread-4] ERROR f.i.s.r.p.m.o.MavenFilterOutputHandler - [ERROR] Run 'mvn spotless:apply' to fix these violations.
03:00:54.740 [Thread-4] ERROR f.i.s.r.p.m.o.MavenFilterOutputHandler - [ERROR] -> [Help 1]
03:00:54.744 [Thread-4] ERROR f.i.s.r.p.m.o.MavenFilterOutputHandler - [ERROR] 
03:00:54.744 [Thread-4] ERROR f.i.s.r.p.m.o.MavenFilterOutputHandler - [ERROR] Re-run Maven using the -X switch to enable full debug logging.
03:00:54.744 [Thread-4] ERROR f.i.s.r.p.m.o.MavenFilterOutputHandler - [ERROR] 
03:00:54.744 [Thread-4] ERROR f.i.s.r.p.m.o.MavenFilterOutputHandler - [ERROR] For more information about the errors and possible solutions, please read the following articles:
03:00:54.744 [Thread-4] ERROR f.i.s.r.p.m.o.MavenFilterOutputHandler - [ERROR] [Help 1] http://cwiki.apache.org/confluence/display/MAVEN/MojoExecutionException
03:00:54.744 [Thread-4] ERROR f.i.s.r.p.m.o.MavenFilterOutputHandler - [ERROR] 
03:00:54.744 [Thread-4] ERROR f.i.s.r.p.m.o.MavenFilterOutputHandler - [ERROR] After correcting the problems, you can resume the build with the command
03:00:54.744 [Thread-4] ERROR f.i.s.r.p.m.o.MavenFilterOutputHandler - [ERROR]   mvn <goals> -rf :pinot-core
03:00:55.364 [main] ERROR f.i.s.r.process.step.BuildProject - Repository apache/pinot cannot be built.
03:00:55.366 [main] INFO  f.i.s.r.process.step.BuildProject - 
03:00:56.108 [main] INFO  f.i.s.r.p.i.ProjectInspector - ----------------------------------------------------------------------
03:00:56.108 [main] INFO  f.i.s.r.p.i.ProjectInspector - PIPELINE EXECUTION SUMMARY
03:00:56.108 [main] INFO  f.i.s.r.p.i.ProjectInspector - ----------------------------------------------------------------------
03:00:56.109 [main] INFO  f.i.s.r.p.i.ProjectInspector - CloneCheckoutGitPullRequest...........................SUCCESS [ 20 s ]
03:00:56.109 [main] INFO  f.i.s.r.p.i.ProjectInspector - BuildProject..........................................FAILURE [ 73 s ]
03:00:56.109 [main] INFO  f.i.s.r.p.i.ProjectInspector - TestProject...........................................NOT RUN         
03:00:56.109 [main] INFO  f.i.s.r.p.i.ProjectInspector - ComputeClasspath......................................NOT RUN         
03:00:56.109 [main] INFO  f.i.s.r.p.i.ProjectInspector - ComputeSourceDir......................................NOT RUN         
03:00:56.109 [main] INFO  f.i.s.r.p.i.ProjectInspector - ComputeTestDir........................................NOT RUN         
03:00:56.109 [main] INFO  f.i.s.r.p.i.ProjectInspector - GatherTestInformation.................................NOT RUN         
03:00:56.109 [main] INFO  f.i.s.r.p.i.ProjectInspector - FlacocoLocalization...................................NOT RUN         
03:00:56.109 [main] INFO  f.i.s.r.p.i.ProjectInspector - PushFaultLocalizationSuggestionsOnGitHubRepository....NOT RUN         
03:00:56.109 [main] INFO  f.i.s.r.p.i.ProjectInspector - ----------------------------------------------------------------------
03:00:56.109 [main] INFO  f.i.s.r.p.i.ProjectInspector - PIPELINE FINDING: NOTBUILDABLE
03:00:56.109 [main] INFO  f.i.s.r.p.i.ProjectInspector - ----------------------------------------------------------------------
03:00:56.109 [main] INFO  f.i.s.r.p.github.GithubMainProcess - Inspector is finished. The process will exit now.
