Execute pipeline with following supplementary args: --smtpPort 25 --listenerMode NOOP --launcherMode FAULT_LOCALIZATION  --gitrepourl https://github.com/apache/pinot --gitrepopullrequest 8877
java -cp /usr/local/openjdk-11/lib/tools.jar:repairnator-pipeline.jar -Dlogback.configurationFile=/root/logback.xml fr.inria.spirals.repairnator.pipeline.Launcher -d --runId null -o /var/log --ghOauth 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 --faultLocalization --flacocoThreshold 0.0 --flacocoTopK null --flacocoResultsRepository flacocobot/2022-flacocobot-experiment --ghOauth  --smtpPort 25 --listenerMode NOOP --launcherMode FAULT_LOCALIZATION  --gitrepourl https://github.com/apache/pinot --gitrepopullrequest 8877

03:31:41.459 [main] INFO  f.i.s.r.p.g.GithubInitSerializerEngines - Initialize file serializer engines.
03:31:41.460 [main] INFO  f.i.s.r.p.g.GithubInitSerializerEngines - MongoDB won't be used for serialization.
03:31:41.460 [main] INFO  f.i.s.r.p.github.GithubInitNotifiers - The email notifier engine won't be used.
03:31:41.474 [main] INFO  f.i.s.r.p.i.ProjectInspector - ----------------------------------------------------------------------
03:31:41.474 [main] INFO  f.i.s.r.p.i.ProjectInspector - PIPELINE STEPS
03:31:41.474 [main] INFO  f.i.s.r.p.i.ProjectInspector - ----------------------------------------------------------------------
03:31:41.474 [main] INFO  f.i.s.r.p.i.ProjectInspector - CloneCheckoutGitPullRequest
03:31:41.474 [main] INFO  f.i.s.r.p.i.ProjectInspector - BuildProject
03:31:41.474 [main] INFO  f.i.s.r.p.i.ProjectInspector - TestProject
03:31:41.474 [main] INFO  f.i.s.r.p.i.ProjectInspector - ComputeClasspath
03:31:41.474 [main] INFO  f.i.s.r.p.i.ProjectInspector - ComputeSourceDir
03:31:41.474 [main] INFO  f.i.s.r.p.i.ProjectInspector - ComputeTestDir
03:31:41.474 [main] INFO  f.i.s.r.p.i.ProjectInspector - GatherTestInformation
03:31:41.474 [main] INFO  f.i.s.r.p.i.ProjectInspector - FlacocoLocalization
03:31:41.474 [main] INFO  f.i.s.r.p.i.ProjectInspector - PushFaultLocalizationSuggestionsOnGitHubRepository
03:31:41.474 [main] INFO  f.i.s.r.p.s.CloneCheckoutGitPullRequest - Cloning repository https://github.com/apache/pinot.git in the following directory: ./workspace/apache-pinot-master-8877_repo
03:32:28.299 [Thread-5] ERROR f.i.s.r.p.m.output.MavenErrorHandler - Warning: Lookahead adequacy checking not being performed since option LOOKAHEAD is more than 1.  Set option FORCE_LA_CHECK to true to force checking.
03:33:44.066 [Thread-4] ERROR f.i.s.r.p.m.o.MavenFilterOutputHandler - [ERROR] Failed to execute goal com.diffplug.spotless:spotless-maven-plugin:2.9.0:check (default) on project pinot-controller: The following files had format violations:
03:33:44.066 [Thread-4] ERROR f.i.s.r.p.m.o.MavenFilterOutputHandler - [ERROR]     src/main/java/org/apache/pinot/controller/helix/core/realtime/MissingConsumingSegmentFinder.java
03:33:44.066 [Thread-4] ERROR f.i.s.r.p.m.o.MavenFilterOutputHandler - [ERROR]         @@ -29,11 +29,11 @@
03:33:44.066 [Thread-4] ERROR f.i.s.r.p.m.o.MavenFilterOutputHandler - [ERROR]          import·org.apache.helix.model.IdealState;
03:33:44.066 [Thread-4] ERROR f.i.s.r.p.m.o.MavenFilterOutputHandler - [ERROR]          import·org.apache.helix.store.zk.ZkHelixPropertyStore;
03:33:44.066 [Thread-4] ERROR f.i.s.r.p.m.o.MavenFilterOutputHandler - [ERROR]          import·org.apache.pinot.common.metadata.ZKMetadataProvider;
03:33:44.066 [Thread-4] ERROR f.i.s.r.p.m.o.MavenFilterOutputHandler - [ERROR]         +import·org.apache.pinot.common.metrics.ControllerGauge;
03:33:44.066 [Thread-4] ERROR f.i.s.r.p.m.o.MavenFilterOutputHandler - [ERROR]          import·org.apache.pinot.common.metrics.ControllerMeter;
03:33:44.066 [Thread-4] ERROR f.i.s.r.p.m.o.MavenFilterOutputHandler - [ERROR]          import·org.apache.pinot.common.metrics.ControllerMetrics;
03:33:44.066 [Thread-4] ERROR f.i.s.r.p.m.o.MavenFilterOutputHandler - [ERROR]          import·org.apache.pinot.common.utils.LLCSegmentName;
03:33:44.066 [Thread-4] ERROR f.i.s.r.p.m.o.MavenFilterOutputHandler - [ERROR]          import·org.apache.pinot.spi.utils.CommonConstants.Helix.StateModel.SegmentStateModel;
03:33:44.066 [Thread-4] ERROR f.i.s.r.p.m.o.MavenFilterOutputHandler - [ERROR]         -import·org.apache.pinot.common.metrics.ControllerGauge;
03:33:44.066 [Thread-4] ERROR f.i.s.r.p.m.o.MavenFilterOutputHandler - [ERROR]          import·org.apache.zookeeper.data.Stat;
03:33:44.067 [Thread-4] ERROR f.i.s.r.p.m.o.MavenFilterOutputHandler - [ERROR]          
03:33:44.067 [Thread-4] ERROR f.i.s.r.p.m.o.MavenFilterOutputHandler - [ERROR]          
03:33:44.067 [Thread-4] ERROR f.i.s.r.p.m.o.MavenFilterOutputHandler - [ERROR] Run 'mvn spotless:apply' to fix these violations.
03:33:44.067 [Thread-4] ERROR f.i.s.r.p.m.o.MavenFilterOutputHandler - [ERROR] -> [Help 1]
03:33:44.071 [Thread-4] ERROR f.i.s.r.p.m.o.MavenFilterOutputHandler - [ERROR] 
03:33:44.071 [Thread-4] ERROR f.i.s.r.p.m.o.MavenFilterOutputHandler - [ERROR] Re-run Maven using the -X switch to enable full debug logging.
03:33:44.071 [Thread-4] ERROR f.i.s.r.p.m.o.MavenFilterOutputHandler - [ERROR] 
03:33:44.071 [Thread-4] ERROR f.i.s.r.p.m.o.MavenFilterOutputHandler - [ERROR] For more information about the errors and possible solutions, please read the following articles:
03:33:44.071 [Thread-4] ERROR f.i.s.r.p.m.o.MavenFilterOutputHandler - [ERROR] [Help 1] http://cwiki.apache.org/confluence/display/MAVEN/MojoExecutionException
03:33:44.071 [Thread-4] ERROR f.i.s.r.p.m.o.MavenFilterOutputHandler - [ERROR] 
03:33:44.071 [Thread-4] ERROR f.i.s.r.p.m.o.MavenFilterOutputHandler - [ERROR] After correcting the problems, you can resume the build with the command
03:33:44.071 [Thread-4] ERROR f.i.s.r.p.m.o.MavenFilterOutputHandler - [ERROR]   mvn <goals> -rf :pinot-controller
03:33:44.327 [main] ERROR f.i.s.r.process.step.BuildProject - Repository apache/pinot cannot be built.
03:33:44.329 [main] INFO  f.i.s.r.process.step.BuildProject - 
03:33:45.713 [main] INFO  f.i.s.r.p.i.ProjectInspector - ----------------------------------------------------------------------
03:33:45.713 [main] INFO  f.i.s.r.p.i.ProjectInspector - PIPELINE EXECUTION SUMMARY
03:33:45.713 [main] INFO  f.i.s.r.p.i.ProjectInspector - ----------------------------------------------------------------------
03:33:45.713 [main] INFO  f.i.s.r.p.i.ProjectInspector - CloneCheckoutGitPullRequest..........................SUCCESS [  20 s ]
03:33:45.713 [main] INFO  f.i.s.r.p.i.ProjectInspector - BuildProject.........................................FAILURE [ 102 s ]
03:33:45.713 [main] INFO  f.i.s.r.p.i.ProjectInspector - TestProject..........................................NOT RUN          
03:33:45.713 [main] INFO  f.i.s.r.p.i.ProjectInspector - ComputeClasspath.....................................NOT RUN          
03:33:45.713 [main] INFO  f.i.s.r.p.i.ProjectInspector - ComputeSourceDir.....................................NOT RUN          
03:33:45.713 [main] INFO  f.i.s.r.p.i.ProjectInspector - ComputeTestDir.......................................NOT RUN          
03:33:45.713 [main] INFO  f.i.s.r.p.i.ProjectInspector - GatherTestInformation................................NOT RUN          
03:33:45.713 [main] INFO  f.i.s.r.p.i.ProjectInspector - FlacocoLocalization..................................NOT RUN          
03:33:45.713 [main] INFO  f.i.s.r.p.i.ProjectInspector - PushFaultLocalizationSuggestionsOnGitHubRepository...NOT RUN          
03:33:45.714 [main] INFO  f.i.s.r.p.i.ProjectInspector - ----------------------------------------------------------------------
03:33:45.714 [main] INFO  f.i.s.r.p.i.ProjectInspector - PIPELINE FINDING: NOTBUILDABLE
03:33:45.714 [main] INFO  f.i.s.r.p.i.ProjectInspector - ----------------------------------------------------------------------
03:33:45.714 [main] INFO  f.i.s.r.p.github.GithubMainProcess - Inspector is finished. The process will exit now.
