Execute pipeline with following supplementary args: --smtpPort 25 --listenerMode NOOP --launcherMode FAULT_LOCALIZATION  --gitrepourl https://github.com/apache/pinot --gitrepopullrequest 8880
java -cp /usr/local/openjdk-11/lib/tools.jar:repairnator-pipeline.jar -Dlogback.configurationFile=/root/logback.xml fr.inria.spirals.repairnator.pipeline.Launcher -d --runId null -o /var/log --ghOauth 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 --faultLocalization --flacocoThreshold 0.0 --flacocoTopK null --flacocoResultsRepository flacocobot/2022-flacocobot-experiment --ghOauth  --smtpPort 25 --listenerMode NOOP --launcherMode FAULT_LOCALIZATION  --gitrepourl https://github.com/apache/pinot --gitrepopullrequest 8880

18:51:40.638 [main] INFO  f.i.s.r.p.g.GithubInitSerializerEngines - Initialize file serializer engines.
18:51:40.639 [main] INFO  f.i.s.r.p.g.GithubInitSerializerEngines - MongoDB won't be used for serialization.
18:51:40.639 [main] INFO  f.i.s.r.p.github.GithubInitNotifiers - The email notifier engine won't be used.
18:51:40.667 [main] INFO  f.i.s.r.p.i.ProjectInspector - ----------------------------------------------------------------------
18:51:40.667 [main] INFO  f.i.s.r.p.i.ProjectInspector - PIPELINE STEPS
18:51:40.667 [main] INFO  f.i.s.r.p.i.ProjectInspector - ----------------------------------------------------------------------
18:51:40.667 [main] INFO  f.i.s.r.p.i.ProjectInspector - CloneCheckoutGitPullRequest
18:51:40.667 [main] INFO  f.i.s.r.p.i.ProjectInspector - BuildProject
18:51:40.667 [main] INFO  f.i.s.r.p.i.ProjectInspector - TestProject
18:51:40.667 [main] INFO  f.i.s.r.p.i.ProjectInspector - ComputeClasspath
18:51:40.667 [main] INFO  f.i.s.r.p.i.ProjectInspector - ComputeSourceDir
18:51:40.667 [main] INFO  f.i.s.r.p.i.ProjectInspector - ComputeTestDir
18:51:40.667 [main] INFO  f.i.s.r.p.i.ProjectInspector - GatherTestInformation
18:51:40.667 [main] INFO  f.i.s.r.p.i.ProjectInspector - FlacocoLocalization
18:51:40.667 [main] INFO  f.i.s.r.p.i.ProjectInspector - PushFaultLocalizationSuggestionsOnGitHubRepository
18:51:40.667 [main] INFO  f.i.s.r.p.s.CloneCheckoutGitPullRequest - Cloning repository https://github.com/apache/pinot.git in the following directory: ./workspace/apache-pinot-master-8880_repo
18:53:16.615 [Thread-5] ERROR f.i.s.r.p.m.output.MavenErrorHandler - Warning: Lookahead adequacy checking not being performed since option LOOKAHEAD is more than 1.  Set option FORCE_LA_CHECK to true to force checking.
18:53:47.810 [Thread-4] ERROR f.i.s.r.p.m.o.MavenFilterOutputHandler - [ERROR] Failed to execute goal com.diffplug.spotless:spotless-maven-plugin:2.9.0:check (default) on project pinot-common: The following files had format violations:
18:53:47.811 [Thread-4] ERROR f.i.s.r.p.m.o.MavenFilterOutputHandler - [ERROR]     src/test/java/org/apache/pinot/sql/parsers/CalciteSqlCompilerTest.java
18:53:47.811 [Thread-4] ERROR f.i.s.r.p.m.o.MavenFilterOutputHandler - [ERROR]         @@ -24,7 +24,6 @@
18:53:47.814 [Thread-4] ERROR f.i.s.r.p.m.o.MavenFilterOutputHandler - [ERROR]          import·java.time.format.DateTimeFormatter;
18:53:47.815 [Thread-4] ERROR f.i.s.r.p.m.o.MavenFilterOutputHandler - [ERROR]          import·java.util.List;
18:53:47.815 [Thread-4] ERROR f.i.s.r.p.m.o.MavenFilterOutputHandler - [ERROR]          import·java.util.concurrent.TimeUnit;
18:53:47.816 [Thread-4] ERROR f.i.s.r.p.m.o.MavenFilterOutputHandler - [ERROR]         -import·org.apache.calcite.sql.SqlNode;
18:53:47.816 [Thread-4] ERROR f.i.s.r.p.m.o.MavenFilterOutputHandler - [ERROR]          import·org.apache.calcite.sql.SqlNodeList;
18:53:47.817 [Thread-4] ERROR f.i.s.r.p.m.o.MavenFilterOutputHandler - [ERROR]          import·org.apache.calcite.sql.SqlNumericLiteral;
18:53:47.817 [Thread-4] ERROR f.i.s.r.p.m.o.MavenFilterOutputHandler - [ERROR]          import·org.apache.pinot.common.request.Expression;
18:53:47.818 [Thread-4] ERROR f.i.s.r.p.m.o.MavenFilterOutputHandler - [ERROR] Run 'mvn spotless:apply' to fix these violations.
18:53:47.818 [Thread-4] ERROR f.i.s.r.p.m.o.MavenFilterOutputHandler - [ERROR] -> [Help 1]
18:53:47.840 [Thread-4] ERROR f.i.s.r.p.m.o.MavenFilterOutputHandler - [ERROR] 
18:53:47.841 [Thread-4] ERROR f.i.s.r.p.m.o.MavenFilterOutputHandler - [ERROR] Re-run Maven using the -X switch to enable full debug logging.
18:53:47.841 [Thread-4] ERROR f.i.s.r.p.m.o.MavenFilterOutputHandler - [ERROR] 
18:53:47.842 [Thread-4] ERROR f.i.s.r.p.m.o.MavenFilterOutputHandler - [ERROR] For more information about the errors and possible solutions, please read the following articles:
18:53:47.842 [Thread-4] ERROR f.i.s.r.p.m.o.MavenFilterOutputHandler - [ERROR] [Help 1] http://cwiki.apache.org/confluence/display/MAVEN/MojoExecutionException
18:53:47.842 [Thread-4] ERROR f.i.s.r.p.m.o.MavenFilterOutputHandler - [ERROR] 
18:53:47.843 [Thread-4] ERROR f.i.s.r.p.m.o.MavenFilterOutputHandler - [ERROR] After correcting the problems, you can resume the build with the command
18:53:47.844 [Thread-4] ERROR f.i.s.r.p.m.o.MavenFilterOutputHandler - [ERROR]   mvn <goals> -rf :pinot-common
18:53:48.130 [main] ERROR f.i.s.r.process.step.BuildProject - Repository apache/pinot cannot be built.
18:53:48.130 [main] INFO  f.i.s.r.process.step.BuildProject - 
18:53:48.862 [main] INFO  f.i.s.r.p.i.ProjectInspector - ----------------------------------------------------------------------
18:53:48.863 [main] INFO  f.i.s.r.p.i.ProjectInspector - PIPELINE EXECUTION SUMMARY
18:53:48.863 [main] INFO  f.i.s.r.p.i.ProjectInspector - ----------------------------------------------------------------------
18:53:48.863 [main] INFO  f.i.s.r.p.i.ProjectInspector - CloneCheckoutGitPullRequest..........................SUCCESS [  24 s ]
18:53:48.863 [main] INFO  f.i.s.r.p.i.ProjectInspector - BuildProject.........................................FAILURE [ 103 s ]
18:53:48.863 [main] INFO  f.i.s.r.p.i.ProjectInspector - TestProject..........................................NOT RUN          
18:53:48.863 [main] INFO  f.i.s.r.p.i.ProjectInspector - ComputeClasspath.....................................NOT RUN          
18:53:48.863 [main] INFO  f.i.s.r.p.i.ProjectInspector - ComputeSourceDir.....................................NOT RUN          
18:53:48.863 [main] INFO  f.i.s.r.p.i.ProjectInspector - ComputeTestDir.......................................NOT RUN          
18:53:48.863 [main] INFO  f.i.s.r.p.i.ProjectInspector - GatherTestInformation................................NOT RUN          
18:53:48.863 [main] INFO  f.i.s.r.p.i.ProjectInspector - FlacocoLocalization..................................NOT RUN          
18:53:48.863 [main] INFO  f.i.s.r.p.i.ProjectInspector - PushFaultLocalizationSuggestionsOnGitHubRepository...NOT RUN          
18:53:48.863 [main] INFO  f.i.s.r.p.i.ProjectInspector - ----------------------------------------------------------------------
18:53:48.864 [main] INFO  f.i.s.r.p.i.ProjectInspector - PIPELINE FINDING: NOTBUILDABLE
18:53:48.864 [main] INFO  f.i.s.r.p.i.ProjectInspector - ----------------------------------------------------------------------
18:53:48.864 [main] INFO  f.i.s.r.p.github.GithubMainProcess - Inspector is finished. The process will exit now.
