Execute pipeline with following supplementary args: --smtpPort 25 --listenerMode NOOP --launcherMode FAULT_LOCALIZATION  --gitrepourl https://github.com/apache/pinot --gitrepopullrequest 8933
java -cp /usr/local/openjdk-11/lib/tools.jar:repairnator-pipeline.jar -Dlogback.configurationFile=/root/logback.xml fr.inria.spirals.repairnator.pipeline.Launcher -d --runId null -o /var/log --ghOauth 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 --faultLocalization --flacocoThreshold 0.0 --flacocoTopK null --flacocoResultsRepository flacocobot/2022-flacocobot-experiment --ghOauth  --smtpPort 25 --listenerMode NOOP --launcherMode FAULT_LOCALIZATION  --gitrepourl https://github.com/apache/pinot --gitrepopullrequest 8933

00:25:02.245 [main] INFO  f.i.s.r.p.g.GithubInitSerializerEngines - Initialize file serializer engines.
00:25:02.246 [main] INFO  f.i.s.r.p.g.GithubInitSerializerEngines - MongoDB won't be used for serialization.
00:25:02.246 [main] INFO  f.i.s.r.p.github.GithubInitNotifiers - The email notifier engine won't be used.
00:25:02.260 [main] INFO  f.i.s.r.p.i.ProjectInspector - ----------------------------------------------------------------------
00:25:02.260 [main] INFO  f.i.s.r.p.i.ProjectInspector - PIPELINE STEPS
00:25:02.260 [main] INFO  f.i.s.r.p.i.ProjectInspector - ----------------------------------------------------------------------
00:25:02.260 [main] INFO  f.i.s.r.p.i.ProjectInspector - CloneCheckoutGitPullRequest
00:25:02.260 [main] INFO  f.i.s.r.p.i.ProjectInspector - BuildProject
00:25:02.260 [main] INFO  f.i.s.r.p.i.ProjectInspector - TestProject
00:25:02.260 [main] INFO  f.i.s.r.p.i.ProjectInspector - ComputeClasspath
00:25:02.260 [main] INFO  f.i.s.r.p.i.ProjectInspector - ComputeSourceDir
00:25:02.260 [main] INFO  f.i.s.r.p.i.ProjectInspector - ComputeTestDir
00:25:02.260 [main] INFO  f.i.s.r.p.i.ProjectInspector - GatherTestInformation
00:25:02.260 [main] INFO  f.i.s.r.p.i.ProjectInspector - FlacocoLocalization
00:25:02.260 [main] INFO  f.i.s.r.p.i.ProjectInspector - PushFaultLocalizationSuggestionsOnGitHubRepository
00:25:02.260 [main] INFO  f.i.s.r.p.s.CloneCheckoutGitPullRequest - Cloning repository https://github.com/apache/pinot.git in the following directory: ./workspace/apache-pinot-master-8933_repo
00:25:50.672 [Thread-5] ERROR f.i.s.r.p.m.output.MavenErrorHandler - Warning: Lookahead adequacy checking not being performed since option LOOKAHEAD is more than 1.  Set option FORCE_LA_CHECK to true to force checking.
00:28:26.971 [Thread-4] ERROR f.i.s.r.p.m.o.MavenFilterOutputHandler - [ERROR] Failed to execute goal org.apache.maven.plugins:maven-shade-plugin:3.2.1:shade (default) on project pinot-s3: Error creating shaded jar: Problem shading JAR /root/./workspace/apache-pinot-master-8933_repo/.m2/org/bouncycastle/bcprov-jdk18on/1.71/bcprov-jdk18on-1.71.jar entry META-INF/versions/15/org/bouncycastle/jcajce/provider/asymmetric/edec/SignatureSpi$Ed25519.class: java.lang.IllegalArgumentException: Unsupported class file major version 59 -> [Help 1]
00:28:26.978 [Thread-4] ERROR f.i.s.r.p.m.o.MavenFilterOutputHandler - [ERROR] 
00:28:26.978 [Thread-4] ERROR f.i.s.r.p.m.o.MavenFilterOutputHandler - [ERROR] Re-run Maven using the -X switch to enable full debug logging.
00:28:26.978 [Thread-4] ERROR f.i.s.r.p.m.o.MavenFilterOutputHandler - [ERROR] 
00:28:26.978 [Thread-4] ERROR f.i.s.r.p.m.o.MavenFilterOutputHandler - [ERROR] For more information about the errors and possible solutions, please read the following articles:
00:28:26.978 [Thread-4] ERROR f.i.s.r.p.m.o.MavenFilterOutputHandler - [ERROR] [Help 1] http://cwiki.apache.org/confluence/display/MAVEN/MojoExecutionException
00:28:26.978 [Thread-4] ERROR f.i.s.r.p.m.o.MavenFilterOutputHandler - [ERROR] 
00:28:26.978 [Thread-4] ERROR f.i.s.r.p.m.o.MavenFilterOutputHandler - [ERROR] After correcting the problems, you can resume the build with the command
00:28:26.978 [Thread-4] ERROR f.i.s.r.p.m.o.MavenFilterOutputHandler - [ERROR]   mvn <goals> -rf :pinot-s3
00:28:27.468 [main] ERROR f.i.s.r.process.step.BuildProject - Repository apache/pinot cannot be built.
00:28:27.470 [main] INFO  f.i.s.r.process.step.BuildProject - 
00:28:29.436 [main] INFO  f.i.s.r.p.i.ProjectInspector - ----------------------------------------------------------------------
00:28:29.436 [main] INFO  f.i.s.r.p.i.ProjectInspector - PIPELINE EXECUTION SUMMARY
00:28:29.436 [main] INFO  f.i.s.r.p.i.ProjectInspector - ----------------------------------------------------------------------
00:28:29.436 [main] INFO  f.i.s.r.p.i.ProjectInspector - CloneCheckoutGitPullRequest..........................SUCCESS [  20 s ]
00:28:29.436 [main] INFO  f.i.s.r.p.i.ProjectInspector - BuildProject.........................................FAILURE [ 185 s ]
00:28:29.436 [main] INFO  f.i.s.r.p.i.ProjectInspector - TestProject..........................................NOT RUN          
00:28:29.436 [main] INFO  f.i.s.r.p.i.ProjectInspector - ComputeClasspath.....................................NOT RUN          
00:28:29.436 [main] INFO  f.i.s.r.p.i.ProjectInspector - ComputeSourceDir.....................................NOT RUN          
00:28:29.436 [main] INFO  f.i.s.r.p.i.ProjectInspector - ComputeTestDir.......................................NOT RUN          
00:28:29.436 [main] INFO  f.i.s.r.p.i.ProjectInspector - GatherTestInformation................................NOT RUN          
00:28:29.436 [main] INFO  f.i.s.r.p.i.ProjectInspector - FlacocoLocalization..................................NOT RUN          
00:28:29.436 [main] INFO  f.i.s.r.p.i.ProjectInspector - PushFaultLocalizationSuggestionsOnGitHubRepository...NOT RUN          
00:28:29.437 [main] INFO  f.i.s.r.p.i.ProjectInspector - ----------------------------------------------------------------------
00:28:29.437 [main] INFO  f.i.s.r.p.i.ProjectInspector - PIPELINE FINDING: NOTBUILDABLE
00:28:29.437 [main] INFO  f.i.s.r.p.i.ProjectInspector - ----------------------------------------------------------------------
00:28:29.437 [main] INFO  f.i.s.r.p.github.GithubMainProcess - Inspector is finished. The process will exit now.
