Execute pipeline with following supplementary args: --smtpPort 25 --listenerMode NOOP --launcherMode FAULT_LOCALIZATION  --gitrepourl https://github.com/jenkinsci/kubernetes-plugin --gitrepopullrequest 1155
java -cp /usr/local/openjdk-11/lib/tools.jar:repairnator-pipeline.jar -Dlogback.configurationFile=/root/logback.xml fr.inria.spirals.repairnator.pipeline.Launcher -d --runId null -o /var/log --ghOauth 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 --faultLocalization --flacocoThreshold 0.0 --flacocoTopK null --flacocoResultsRepository flacocobot/2022-flacocobot-experiment --ghOauth  --smtpPort 25 --listenerMode NOOP --launcherMode FAULT_LOCALIZATION  --gitrepourl https://github.com/jenkinsci/kubernetes-plugin --gitrepopullrequest 1155

16:04:28.136 [main] INFO  f.i.s.r.p.g.GithubInitSerializerEngines - Initialize file serializer engines.
16:04:28.138 [main] INFO  f.i.s.r.p.g.GithubInitSerializerEngines - MongoDB won't be used for serialization.
16:04:28.138 [main] INFO  f.i.s.r.p.github.GithubInitNotifiers - The email notifier engine won't be used.
16:04:28.152 [main] INFO  f.i.s.r.p.i.ProjectInspector - ----------------------------------------------------------------------
16:04:28.152 [main] INFO  f.i.s.r.p.i.ProjectInspector - PIPELINE STEPS
16:04:28.152 [main] INFO  f.i.s.r.p.i.ProjectInspector - ----------------------------------------------------------------------
16:04:28.152 [main] INFO  f.i.s.r.p.i.ProjectInspector - CloneCheckoutGitPullRequest
16:04:28.152 [main] INFO  f.i.s.r.p.i.ProjectInspector - BuildProject
16:04:28.152 [main] INFO  f.i.s.r.p.i.ProjectInspector - TestProject
16:04:28.152 [main] INFO  f.i.s.r.p.i.ProjectInspector - ComputeClasspath
16:04:28.152 [main] INFO  f.i.s.r.p.i.ProjectInspector - ComputeSourceDir
16:04:28.152 [main] INFO  f.i.s.r.p.i.ProjectInspector - ComputeTestDir
16:04:28.152 [main] INFO  f.i.s.r.p.i.ProjectInspector - GatherTestInformation
16:04:28.152 [main] INFO  f.i.s.r.p.i.ProjectInspector - FlacocoLocalization
16:04:28.152 [main] INFO  f.i.s.r.p.i.ProjectInspector - PushFaultLocalizationSuggestionsOnGitHubRepository
16:04:28.152 [main] INFO  f.i.s.r.p.s.CloneCheckoutGitPullRequest - Cloning repository https://github.com/jenkinsci/kubernetes-plugin.git in the following directory: ./workspace/jenkinsci-kubernetes-plugin-master-1155_repo
16:18:43.287 [main] INFO  f.i.s.r.p.s.paths.ComputeSourceDir - 1 source dir was found:
16:18:43.288 [main] INFO  f.i.s.r.p.s.paths.ComputeSourceDir - /root/workspace/jenkinsci-kubernetes-plugin-master-1155_repo/src/main/java
16:18:43.342 [main] ERROR f.i.s.r.process.maven.MavenHelper - Error while building complete model. The raw model will be used. Error message: 1 problem was encountered while building the effective model for org.csanchez.jenkins.plugins:kubernetes:999999-SNAPSHOT
[ERROR] Failed to determine Java version for profile jdk-above-9 @ org.jenkins-ci.plugins:plugin:4.36

16:18:43.359 [main] ERROR f.i.s.r.process.maven.MavenHelper - Error while building complete model. The raw model will be used. Error message: 1 problem was encountered while building the effective model for org.csanchez.jenkins.plugins:kubernetes:999999-SNAPSHOT
[ERROR] Failed to determine Java version for profile jdk-above-9 @ org.jenkins-ci.plugins:plugin:4.36

16:18:43.360 [main] ERROR f.i.s.r.p.step.paths.ComputeTestDir - The test directory is not at default location or specified in build section from pom.xml, and no parent can be found.
16:18:43.360 [main] INFO  f.i.s.r.p.step.paths.ComputeTestDir - 1 test dir was found:
16:18:43.360 [main] INFO  f.i.s.r.p.step.paths.ComputeTestDir - /root/workspace/jenkinsci-kubernetes-plugin-master-1155_repo/src/test/java
16:18:43.487 [main] INFO  f.i.s.r.p.s.g.GatherTestInformation - ---Test results---
16:18:43.487 [main] INFO  f.i.s.r.p.s.g.GatherTestInformation -    Total tests: 243
16:18:43.487 [main] INFO  f.i.s.r.p.s.g.GatherTestInformation -    Tests run: 230
16:18:43.487 [main] INFO  f.i.s.r.p.s.g.GatherTestInformation -    Tests passing: 230
16:18:43.488 [main] INFO  f.i.s.r.p.s.g.GatherTestInformation -    Failures: 0
16:18:43.488 [main] INFO  f.i.s.r.p.s.g.GatherTestInformation -    Errors: 0
16:18:43.488 [main] INFO  f.i.s.r.p.s.g.GatherTestInformation -    Skipped: 13
16:18:43.488 [main] INFO  f.i.s.r.p.s.g.GatherTestInformation - 
16:18:43.840 [main] INFO  f.i.s.r.p.i.ProjectInspector - ----------------------------------------------------------------------
16:18:43.840 [main] INFO  f.i.s.r.p.i.ProjectInspector - PIPELINE EXECUTION SUMMARY
16:18:43.840 [main] INFO  f.i.s.r.p.i.ProjectInspector - ----------------------------------------------------------------------
16:18:43.840 [main] INFO  f.i.s.r.p.i.ProjectInspector - CloneCheckoutGitPullRequest..........................SUCCESS [   8 s ]
16:18:43.840 [main] INFO  f.i.s.r.p.i.ProjectInspector - BuildProject.........................................SUCCESS [ 437 s ]
16:18:43.840 [main] INFO  f.i.s.r.p.i.ProjectInspector - TestProject..........................................SUCCESS [ 398 s ]
16:18:43.840 [main] INFO  f.i.s.r.p.i.ProjectInspector - ComputeClasspath.....................................SUCCESS [  11 s ]
16:18:43.840 [main] INFO  f.i.s.r.p.i.ProjectInspector - ComputeSourceDir.....................................SUCCESS [   0 s ]
16:18:43.840 [main] INFO  f.i.s.r.p.i.ProjectInspector - ComputeTestDir.......................................SUCCESS [   0 s ]
16:18:43.840 [main] INFO  f.i.s.r.p.i.ProjectInspector - GatherTestInformation................................FAILURE [   0 s ]
16:18:43.840 [main] INFO  f.i.s.r.p.i.ProjectInspector - FlacocoLocalization..................................NOT RUN          
16:18:43.840 [main] INFO  f.i.s.r.p.i.ProjectInspector - PushFaultLocalizationSuggestionsOnGitHubRepository...NOT RUN          
16:18:43.841 [main] INFO  f.i.s.r.p.i.ProjectInspector - ----------------------------------------------------------------------
16:18:43.841 [main] INFO  f.i.s.r.p.i.ProjectInspector - PIPELINE FINDING: NOTFAILING
16:18:43.841 [main] INFO  f.i.s.r.p.i.ProjectInspector - ----------------------------------------------------------------------
16:18:43.841 [main] INFO  f.i.s.r.p.github.GithubMainProcess - Inspector is finished. The process will exit now.
