Execute pipeline with following supplementary args: --smtpPort 25 --listenerMode NOOP --launcherMode FAULT_LOCALIZATION  --gitrepourl https://github.com/jenkinsci/kubernetes-plugin --gitrepopullrequest 1155
java -cp /usr/local/openjdk-11/lib/tools.jar:repairnator-pipeline.jar -Dlogback.configurationFile=/root/logback.xml fr.inria.spirals.repairnator.pipeline.Launcher -d --runId null -o /var/log --ghOauth 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 --faultLocalization --flacocoThreshold 0.0 --flacocoTopK null --flacocoResultsRepository flacocobot/2022-flacocobot-experiment --ghOauth  --smtpPort 25 --listenerMode NOOP --launcherMode FAULT_LOCALIZATION  --gitrepourl https://github.com/jenkinsci/kubernetes-plugin --gitrepopullrequest 1155

08:42:34.915 [main] INFO  f.i.s.r.p.g.GithubInitSerializerEngines - Initialize file serializer engines.
08:42:34.916 [main] INFO  f.i.s.r.p.g.GithubInitSerializerEngines - MongoDB won't be used for serialization.
08:42:34.916 [main] INFO  f.i.s.r.p.github.GithubInitNotifiers - The email notifier engine won't be used.
08:42:34.931 [main] INFO  f.i.s.r.p.i.ProjectInspector - ----------------------------------------------------------------------
08:42:34.931 [main] INFO  f.i.s.r.p.i.ProjectInspector - PIPELINE STEPS
08:42:34.931 [main] INFO  f.i.s.r.p.i.ProjectInspector - ----------------------------------------------------------------------
08:42:34.931 [main] INFO  f.i.s.r.p.i.ProjectInspector - CloneCheckoutGitPullRequest
08:42:34.931 [main] INFO  f.i.s.r.p.i.ProjectInspector - BuildProject
08:42:34.931 [main] INFO  f.i.s.r.p.i.ProjectInspector - TestProject
08:42:34.931 [main] INFO  f.i.s.r.p.i.ProjectInspector - ComputeClasspath
08:42:34.931 [main] INFO  f.i.s.r.p.i.ProjectInspector - ComputeSourceDir
08:42:34.931 [main] INFO  f.i.s.r.p.i.ProjectInspector - ComputeTestDir
08:42:34.931 [main] INFO  f.i.s.r.p.i.ProjectInspector - GatherTestInformation
08:42:34.931 [main] INFO  f.i.s.r.p.i.ProjectInspector - FlacocoLocalization
08:42:34.931 [main] INFO  f.i.s.r.p.i.ProjectInspector - PushFaultLocalizationSuggestionsOnGitHubRepository
08:42:34.931 [main] INFO  f.i.s.r.p.s.CloneCheckoutGitPullRequest - Cloning repository https://github.com/jenkinsci/kubernetes-plugin.git in the following directory: ./workspace/jenkinsci-kubernetes-plugin-master-1155_repo
08:56:38.851 [main] INFO  f.i.s.r.p.s.paths.ComputeSourceDir - 1 source dir was found:
08:56:38.852 [main] INFO  f.i.s.r.p.s.paths.ComputeSourceDir - /root/workspace/jenkinsci-kubernetes-plugin-master-1155_repo/src/main/java
08:56:38.918 [main] ERROR f.i.s.r.process.maven.MavenHelper - Error while building complete model. The raw model will be used. Error message: 1 problem was encountered while building the effective model for org.csanchez.jenkins.plugins:kubernetes:999999-SNAPSHOT
[ERROR] Failed to determine Java version for profile jdk-above-9 @ org.jenkins-ci.plugins:plugin:4.36

08:56:38.940 [main] ERROR f.i.s.r.process.maven.MavenHelper - Error while building complete model. The raw model will be used. Error message: 1 problem was encountered while building the effective model for org.csanchez.jenkins.plugins:kubernetes:999999-SNAPSHOT
[ERROR] Failed to determine Java version for profile jdk-above-9 @ org.jenkins-ci.plugins:plugin:4.36

08:56:38.941 [main] ERROR f.i.s.r.p.step.paths.ComputeTestDir - The test directory is not at default location or specified in build section from pom.xml, and no parent can be found.
08:56:38.941 [main] INFO  f.i.s.r.p.step.paths.ComputeTestDir - 1 test dir was found:
08:56:38.941 [main] INFO  f.i.s.r.p.step.paths.ComputeTestDir - /root/workspace/jenkinsci-kubernetes-plugin-master-1155_repo/src/test/java
08:56:39.103 [main] INFO  f.i.s.r.p.s.g.GatherTestInformation - ---Test results---
08:56:39.103 [main] INFO  f.i.s.r.p.s.g.GatherTestInformation -    Total tests: 243
08:56:39.103 [main] INFO  f.i.s.r.p.s.g.GatherTestInformation -    Tests run: 230
08:56:39.103 [main] INFO  f.i.s.r.p.s.g.GatherTestInformation -    Tests passing: 230
08:56:39.103 [main] INFO  f.i.s.r.p.s.g.GatherTestInformation -    Failures: 0
08:56:39.103 [main] INFO  f.i.s.r.p.s.g.GatherTestInformation -    Errors: 0
08:56:39.103 [main] INFO  f.i.s.r.p.s.g.GatherTestInformation -    Skipped: 13
08:56:39.104 [main] INFO  f.i.s.r.p.s.g.GatherTestInformation - 
08:56:39.447 [main] INFO  f.i.s.r.p.i.ProjectInspector - ----------------------------------------------------------------------
08:56:39.447 [main] INFO  f.i.s.r.p.i.ProjectInspector - PIPELINE EXECUTION SUMMARY
08:56:39.448 [main] INFO  f.i.s.r.p.i.ProjectInspector - ----------------------------------------------------------------------
08:56:39.448 [main] INFO  f.i.s.r.p.i.ProjectInspector - CloneCheckoutGitPullRequest..........................SUCCESS [   5 s ]
08:56:39.448 [main] INFO  f.i.s.r.p.i.ProjectInspector - BuildProject.........................................SUCCESS [ 436 s ]
08:56:39.448 [main] INFO  f.i.s.r.p.i.ProjectInspector - TestProject..........................................SUCCESS [ 391 s ]
08:56:39.448 [main] INFO  f.i.s.r.p.i.ProjectInspector - ComputeClasspath.....................................SUCCESS [  11 s ]
08:56:39.448 [main] INFO  f.i.s.r.p.i.ProjectInspector - ComputeSourceDir.....................................SUCCESS [   0 s ]
08:56:39.448 [main] INFO  f.i.s.r.p.i.ProjectInspector - ComputeTestDir.......................................SUCCESS [   0 s ]
08:56:39.448 [main] INFO  f.i.s.r.p.i.ProjectInspector - GatherTestInformation................................FAILURE [   0 s ]
08:56:39.448 [main] INFO  f.i.s.r.p.i.ProjectInspector - FlacocoLocalization..................................NOT RUN          
08:56:39.448 [main] INFO  f.i.s.r.p.i.ProjectInspector - PushFaultLocalizationSuggestionsOnGitHubRepository...NOT RUN          
08:56:39.448 [main] INFO  f.i.s.r.p.i.ProjectInspector - ----------------------------------------------------------------------
08:56:39.449 [main] INFO  f.i.s.r.p.i.ProjectInspector - PIPELINE FINDING: NOTFAILING
08:56:39.449 [main] INFO  f.i.s.r.p.i.ProjectInspector - ----------------------------------------------------------------------
08:56:39.449 [main] INFO  f.i.s.r.p.github.GithubMainProcess - Inspector is finished. The process will exit now.
