Execute pipeline with following supplementary args: --smtpPort 25 --listenerMode NOOP --launcherMode FAULT_LOCALIZATION  --gitrepourl https://github.com/INRIA/spoon --gitrepopullrequest 4704
java -cp /usr/local/openjdk-11/lib/tools.jar:repairnator-pipeline.jar -Dlogback.configurationFile=/root/logback.xml fr.inria.spirals.repairnator.pipeline.Launcher -d --runId null -o /var/log --ghOauth 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 --faultLocalization --flacocoThreshold 0.0 --flacocoTopK null --flacocoResultsRepository flacocobot/2022-flacocobot-experiment --ghOauth  --smtpPort 25 --listenerMode NOOP --launcherMode FAULT_LOCALIZATION  --gitrepourl https://github.com/INRIA/spoon --gitrepopullrequest 4704

12:34:45.078 [main] INFO  f.i.s.r.p.g.GithubInitSerializerEngines - Initialize file serializer engines.
12:34:45.079 [main] INFO  f.i.s.r.p.g.GithubInitSerializerEngines - MongoDB won't be used for serialization.
12:34:45.079 [main] INFO  f.i.s.r.p.github.GithubInitNotifiers - The email notifier engine won't be used.
12:34:45.092 [main] INFO  f.i.s.r.p.i.ProjectInspector - ----------------------------------------------------------------------
12:34:45.092 [main] INFO  f.i.s.r.p.i.ProjectInspector - PIPELINE STEPS
12:34:45.092 [main] INFO  f.i.s.r.p.i.ProjectInspector - ----------------------------------------------------------------------
12:34:45.092 [main] INFO  f.i.s.r.p.i.ProjectInspector - CloneCheckoutGitPullRequest
12:34:45.092 [main] INFO  f.i.s.r.p.i.ProjectInspector - BuildProject
12:34:45.092 [main] INFO  f.i.s.r.p.i.ProjectInspector - TestProject
12:34:45.092 [main] INFO  f.i.s.r.p.i.ProjectInspector - ComputeClasspath
12:34:45.092 [main] INFO  f.i.s.r.p.i.ProjectInspector - ComputeSourceDir
12:34:45.092 [main] INFO  f.i.s.r.p.i.ProjectInspector - ComputeTestDir
12:34:45.092 [main] INFO  f.i.s.r.p.i.ProjectInspector - GatherTestInformation
12:34:45.092 [main] INFO  f.i.s.r.p.i.ProjectInspector - FlacocoLocalization
12:34:45.092 [main] INFO  f.i.s.r.p.i.ProjectInspector - PushFaultLocalizationSuggestionsOnGitHubRepository
12:34:45.092 [main] INFO  f.i.s.r.p.s.CloneCheckoutGitPullRequest - Cloning repository https://github.com/INRIA/spoon.git in the following directory: ./workspace/INRIA-spoon-master-4704_repo
12:35:44.081 [Thread-8] ERROR f.i.s.r.p.m.output.MavenErrorHandler - Apr 22, 2022 12:35:44 PM org.junit.jupiter.engine.discovery.MethodSelectorResolver resolve
12:35:44.081 [Thread-8] ERROR f.i.s.r.p.m.output.MavenErrorHandler - WARNING: Possible configuration error: method [public void spoon.test.prettyprinter.TestSniperPrinter.testNoChangeDiff(java.io.File) throws java.io.IOException] resulted in multiple TestDescriptors [org.junit.jupiter.engine.descriptor.TestTemplateTestDescriptor, org.junit.jupiter.engine.descriptor.TestMethodTestDescriptor]. This is typically the result of annotating a method with multiple competing annotations such as @Test, @RepeatedTest, @ParameterizedTest, @TestFactory, etc.
12:35:44.279 [Thread-8] ERROR f.i.s.r.p.m.output.MavenErrorHandler - Apr 22, 2022 12:35:44 PM org.junit.jupiter.engine.discovery.MethodSelectorResolver resolve
12:35:44.280 [Thread-8] ERROR f.i.s.r.p.m.output.MavenErrorHandler - WARNING: Possible configuration error: method [public void spoon.test.prettyprinter.TestSniperPrinter.testNoChangeDiff(java.io.File) throws java.io.IOException] resulted in multiple TestDescriptors [org.junit.jupiter.engine.descriptor.TestTemplateTestDescriptor, org.junit.jupiter.engine.descriptor.TestMethodTestDescriptor]. This is typically the result of annotating a method with multiple competing annotations such as @Test, @RepeatedTest, @ParameterizedTest, @TestFactory, etc.
12:38:19.245 [Thread-7] ERROR f.i.s.r.p.m.o.MavenFilterOutputHandler - [ERROR] Tests run: 56, Failures: 1, Errors: 0, Skipped: 0, Time elapsed: 0.037 s <<< FAILURE! - in spoon.test.prettyprinter.TestSniperPrinter$SquareBracketPrintingInArrayInitialisation
12:38:19.246 [Thread-7] ERROR f.i.s.r.p.m.o.MavenFilterOutputHandler - [ERROR] spoon.test.prettyprinter.TestSniperPrinter.testNoChangeDiff(File)[2]  Time elapsed: 0.009 s  <<< FAILURE!
12:38:52.162 [Thread-7] ERROR f.i.s.r.p.m.o.MavenFilterOutputHandler - [ERROR] Failures: 
12:38:52.162 [Thread-7] ERROR f.i.s.r.p.m.o.MavenFilterOutputHandler - [ERROR]   TestSniperPrinter.testNoChangeDiff(File)[2] Method testNoChangeDiff must fail
12:38:52.162 [Thread-7] ERROR f.i.s.r.p.m.o.MavenFilterOutputHandler - [ERROR] Tests run: 2171, Failures: 1, Errors: 0, Skipped: 13
12:38:52.610 [Thread-7] ERROR f.i.s.r.p.m.o.MavenFilterOutputHandler - [ERROR] Failed to execute goal org.apache.maven.plugins:maven-surefire-plugin:3.0.0-M6:test (default-test) on project spoon-core: There are test failures.
12:38:52.610 [Thread-7] ERROR f.i.s.r.p.m.o.MavenFilterOutputHandler - [ERROR] 
12:38:52.610 [Thread-7] ERROR f.i.s.r.p.m.o.MavenFilterOutputHandler - [ERROR] Please refer to /root/workspace/INRIA-spoon-master-4704_repo/target/surefire-reports for the individual test results.
12:38:52.610 [Thread-7] ERROR f.i.s.r.p.m.o.MavenFilterOutputHandler - [ERROR] Please refer to dump files (if any exist) [date].dump, [date]-jvmRun[N].dump and [date].dumpstream.
12:38:52.610 [Thread-7] ERROR f.i.s.r.p.m.o.MavenFilterOutputHandler - [ERROR] -> [Help 1]
12:38:52.615 [Thread-7] ERROR f.i.s.r.p.m.o.MavenFilterOutputHandler - [ERROR] 
12:38:52.615 [Thread-7] ERROR f.i.s.r.p.m.o.MavenFilterOutputHandler - [ERROR] Re-run Maven using the -X switch to enable full debug logging.
12:38:52.615 [Thread-7] ERROR f.i.s.r.p.m.o.MavenFilterOutputHandler - [ERROR] 
12:38:52.615 [Thread-7] ERROR f.i.s.r.p.m.o.MavenFilterOutputHandler - [ERROR] For more information about the errors and possible solutions, please read the following articles:
12:38:52.615 [Thread-7] ERROR f.i.s.r.p.m.o.MavenFilterOutputHandler - [ERROR] [Help 1] http://cwiki.apache.org/confluence/display/MAVEN/MojoFailureException
12:38:57.883 [main] INFO  f.i.s.r.p.s.paths.ComputeSourceDir - 1 source dir was found:
12:38:57.883 [main] INFO  f.i.s.r.p.s.paths.ComputeSourceDir - /root/workspace/INRIA-spoon-master-4704_repo/src/main/java
12:38:57.926 [main] INFO  f.i.s.r.p.step.paths.ComputeTestDir - It seems the step is entering in a loop while searching the test dir. The following file has already been visited: /root/workspace/INRIA-spoon-master-4704_repo/pom.xml
12:38:57.927 [main] INFO  f.i.s.r.p.step.paths.ComputeTestDir - 1 test dir was found:
12:38:57.927 [main] INFO  f.i.s.r.p.step.paths.ComputeTestDir - /root/workspace/INRIA-spoon-master-4704_repo/src/test/java
12:38:58.181 [main] INFO  f.i.s.r.p.s.g.GatherTestInformation - Get the following failing module path: /root/workspace/INRIA-spoon-master-4704_repo
12:38:58.182 [main] INFO  f.i.s.r.p.s.g.GatherTestInformation - ---Test results---
12:38:58.182 [main] INFO  f.i.s.r.p.s.g.GatherTestInformation -    Total tests: 2171
12:38:58.182 [main] INFO  f.i.s.r.p.s.g.GatherTestInformation -    Tests run: 2158
12:38:58.182 [main] INFO  f.i.s.r.p.s.g.GatherTestInformation -    Tests passing: 2157
12:38:58.182 [main] INFO  f.i.s.r.p.s.g.GatherTestInformation -    Failures: 1
12:38:58.182 [main] INFO  f.i.s.r.p.s.g.GatherTestInformation -    Errors: 0
12:38:58.182 [main] INFO  f.i.s.r.p.s.g.GatherTestInformation -    Skipped: 13
[0] INFO Flacoco - Running Flacoco...
[171] WARN Processor - ClassNotFoundException: spoon.support.visitor.java.internal.RecordComponentRuntimeBuilderContext
[171] WARN Processor - [file:/root/workspace/INRIA-spoon-master-4704_repo/target/classes/, file:/root/workspace/INRIA-spoon-master-4704_repo/target/test-classes/, file:/root/./workspace/INRIA-spoon-master-4704_repo/.m2/org/eclipse/jdt/org.eclipse.jdt.core/3.29.0/org.eclipse.jdt.core-3.29.0.jar, file:/root/./workspace/INRIA-spoon-master-4704_repo/.m2/com/martiansoftware/jsap/2.1/jsap-2.1.jar, file:/root/./workspace/INRIA-spoon-master-4704_repo/.m2/org/slf4j/slf4j-api/1.7.36/slf4j-api-1.7.36.jar, file:/root/./workspace/INRIA-spoon-master-4704_repo/.m2/commons-io/commons-io/2.11.0/commons-io-2.11.0.jar, file:/root/./workspace/INRIA-spoon-master-4704_repo/.m2/org/apache/maven/maven-model/3.8.5/maven-model-3.8.5.jar, file:/root/./workspace/INRIA-spoon-master-4704_repo/.m2/org/codehaus/plexus/plexus-utils/3.3.0/plexus-utils-3.3.0.jar, file:/root/./workspace/INRIA-spoon-master-4704_repo/.m2/org/apache/commons/commons-lang3/3.12.0/commons-lang3-3.12.0.jar, file:/root/./workspace/INRIA-spoon-master-4704_repo/.m2/org/tukaani/xz/1.9/xz-1.9.jar, file:/root/./workspace/INRIA-spoon-master-4704_repo/.m2/com/fasterxml/jackson/core/jackson-databind/2.13.2.2/jackson-databind-2.13.2.2.jar, file:/root/./workspace/INRIA-spoon-master-4704_repo/.m2/com/fasterxml/jackson/core/jackson-annotations/2.13.2/jackson-annotations-2.13.2.jar, file:/root/./workspace/INRIA-spoon-master-4704_repo/.m2/com/fasterxml/jackson/core/jackson-core/2.13.2/jackson-core-2.13.2.jar, file:/root/./workspace/INRIA-spoon-master-4704_repo/.m2/org/apache/commons/commons-compress/1.21/commons-compress-1.21.jar, file:/root/./workspace/INRIA-spoon-master-4704_repo/.m2/com/google/guava/guava/31.1-jre/guava-31.1-jre.jar, file:/root/./workspace/INRIA-spoon-master-4704_repo/.m2/com/google/guava/failureaccess/1.0.1/failureaccess-1.0.1.jar, file:/root/./workspace/INRIA-spoon-master-4704_repo/.m2/com/google/guava/listenablefuture/9999.0-empty-to-avoid-conflict-with-guava/listenablefuture-9999.0-empty-to-avoid-conflict-with-guava.jar, file:/root/./workspace/INRIA-spoon-master-4704_repo/.m2/com/google/code/findbugs/jsr305/3.0.2/jsr305-3.0.2.jar, file:/root/./workspace/INRIA-spoon-master-4704_repo/.m2/org/checkerframework/checker-qual/3.12.0/checker-qual-3.12.0.jar, file:/root/./workspace/INRIA-spoon-master-4704_repo/.m2/com/google/errorprone/error_prone_annotations/2.11.0/error_prone_annotations-2.11.0.jar, file:/root/./workspace/INRIA-spoon-master-4704_repo/.m2/com/google/j2objc/j2objc-annotations/1.3/j2objc-annotations-1.3.jar, file:/root/./workspace/INRIA-spoon-master-4704_repo/.m2/ch/qos/logback/logback-classic/1.2.11/logback-classic-1.2.11.jar, file:/root/./workspace/INRIA-spoon-master-4704_repo/.m2/ch/qos/logback/logback-core/1.2.11/logback-core-1.2.11.jar, file:/root/./workspace/INRIA-spoon-master-4704_repo/.m2/com/mysema/querydsl/querydsl-core/3.7.4/querydsl-core-3.7.4.jar, file:/root/./workspace/INRIA-spoon-master-4704_repo/.m2/org/apache/maven/shared/maven-invoker/3.2.0/maven-invoker-3.2.0.jar, file:/root/./workspace/INRIA-spoon-master-4704_repo/.m2/org/apache/maven/shared/maven-shared-utils/3.3.4/maven-shared-utils-3.3.4.jar, file:/root/./workspace/INRIA-spoon-master-4704_repo/.m2/javax/inject/javax.inject/1/javax.inject-1.jar, file:/root/./workspace/INRIA-spoon-master-4704_repo/.m2/javax/validation/validation-api/2.0.1.Final/validation-api-2.0.1.Final.jar, file:/root/./workspace/INRIA-spoon-master-4704_repo/.m2/uk/org/lidalia/slf4j-test/1.2.0/slf4j-test-1.2.0.jar, file:/root/./workspace/INRIA-spoon-master-4704_repo/.m2/uk/org/lidalia/lidalia-lang/1.0.0/lidalia-lang-1.0.0.jar, file:/root/./workspace/INRIA-spoon-master-4704_repo/.m2/uk/org/lidalia/lidalia-slf4j-ext/1.0.0/lidalia-slf4j-ext-1.0.0.jar, file:/root/./workspace/INRIA-spoon-master-4704_repo/.m2/joda-time/joda-time/2.2/joda-time-2.2.jar, file:/root/./workspace/INRIA-spoon-master-4704_repo/.m2/org/kohsuke/metainf-services/metainf-services/1.9/metainf-services-1.9.jar, file:/root/./workspace/INRIA-spoon-master-4704_repo/.m2/org/mockito/mockito-core/4.4.0/mockito-core-4.4.0.jar, file:/root/./workspace/INRIA-spoon-master-4704_repo/.m2/net/bytebuddy/byte-buddy/1.12.8/byte-buddy-1.12.8.jar, file:/root/./workspace/INRIA-spoon-master-4704_repo/.m2/net/bytebuddy/byte-buddy-agent/1.12.8/byte-buddy-agent-1.12.8.jar, file:/root/./workspace/INRIA-spoon-master-4704_repo/.m2/org/objenesis/objenesis/3.2/objenesis-3.2.jar, file:/root/./workspace/INRIA-spoon-master-4704_repo/.m2/org/junit/jupiter/junit-jupiter-engine/5.8.2/junit-jupiter-engine-5.8.2.jar, file:/root/./workspace/INRIA-spoon-master-4704_repo/.m2/org/junit/platform/junit-platform-engine/1.8.2/junit-platform-engine-1.8.2.jar, file:/root/./workspace/INRIA-spoon-master-4704_repo/.m2/org/opentest4j/opentest4j/1.2.0/opentest4j-1.2.0.jar, file:/root/./workspace/INRIA-spoon-master-4704_repo/.m2/org/junit/platform/junit-platform-commons/1.8.2/junit-platform-commons-1.8.2.jar, file:/root/./workspace/INRIA-spoon-master-4704_repo/.m2/org/junit/jupiter/junit-jupiter-api/5.8.2/junit-jupiter-api-5.8.2.jar, file:/root/./workspace/INRIA-spoon-master-4704_repo/.m2/org/apiguardian/apiguardian-api/1.1.2/apiguardian-api-1.1.2.jar, file:/root/./workspace/INRIA-spoon-master-4704_repo/.m2/org/junit/jupiter/junit-jupiter-params/5.8.2/junit-jupiter-params-5.8.2.jar, file:/root/./workspace/INRIA-spoon-master-4704_repo/.m2/org/junit/platform/junit-platform-launcher/1.8.2/junit-platform-launcher-1.8.2.jar, file:/root/./workspace/INRIA-spoon-master-4704_repo/.m2/org/mockito/mockito-junit-jupiter/4.4.0/mockito-junit-jupiter-4.4.0.jar, file:/root/./workspace/INRIA-spoon-master-4704_repo/.m2/com/github/stefanbirkner/system-rules/1.19.0/system-rules-1.19.0.jar, file:/root/./workspace/INRIA-spoon-master-4704_repo/.m2/junit/junit/4.11-beta-1/junit-4.11-beta-1.jar, file:/root/./workspace/INRIA-spoon-master-4704_repo/.m2/org/hamcrest/hamcrest-core/1.3/hamcrest-core-1.3.jar, file:/root/./workspace/INRIA-spoon-master-4704_repo/target/classes/, file:/root/./workspace/INRIA-spoon-master-4704_repo/target/test-classes/]
[498] WARN Processor - ClassNotFoundException: spoon.support.visitor.java.internal.RecordComponentRuntimeBuilderContext
[498] WARN Processor - [file:/root/workspace/INRIA-spoon-master-4704_repo/target/classes/, file:/root/workspace/INRIA-spoon-master-4704_repo/target/test-classes/, file:/root/./workspace/INRIA-spoon-master-4704_repo/.m2/org/eclipse/jdt/org.eclipse.jdt.core/3.29.0/org.eclipse.jdt.core-3.29.0.jar, file:/root/./workspace/INRIA-spoon-master-4704_repo/.m2/com/martiansoftware/jsap/2.1/jsap-2.1.jar, file:/root/./workspace/INRIA-spoon-master-4704_repo/.m2/org/slf4j/slf4j-api/1.7.36/slf4j-api-1.7.36.jar, file:/root/./workspace/INRIA-spoon-master-4704_repo/.m2/commons-io/commons-io/2.11.0/commons-io-2.11.0.jar, file:/root/./workspace/INRIA-spoon-master-4704_repo/.m2/org/apache/maven/maven-model/3.8.5/maven-model-3.8.5.jar, file:/root/./workspace/INRIA-spoon-master-4704_repo/.m2/org/codehaus/plexus/plexus-utils/3.3.0/plexus-utils-3.3.0.jar, file:/root/./workspace/INRIA-spoon-master-4704_repo/.m2/org/apache/commons/commons-lang3/3.12.0/commons-lang3-3.12.0.jar, file:/root/./workspace/INRIA-spoon-master-4704_repo/.m2/org/tukaani/xz/1.9/xz-1.9.jar, file:/root/./workspace/INRIA-spoon-master-4704_repo/.m2/com/fasterxml/jackson/core/jackson-databind/2.13.2.2/jackson-databind-2.13.2.2.jar, file:/root/./workspace/INRIA-spoon-master-4704_repo/.m2/com/fasterxml/jackson/core/jackson-annotations/2.13.2/jackson-annotations-2.13.2.jar, file:/root/./workspace/INRIA-spoon-master-4704_repo/.m2/com/fasterxml/jackson/core/jackson-core/2.13.2/jackson-core-2.13.2.jar, file:/root/./workspace/INRIA-spoon-master-4704_repo/.m2/org/apache/commons/commons-compress/1.21/commons-compress-1.21.jar, file:/root/./workspace/INRIA-spoon-master-4704_repo/.m2/com/google/guava/guava/31.1-jre/guava-31.1-jre.jar, file:/root/./workspace/INRIA-spoon-master-4704_repo/.m2/com/google/guava/failureaccess/1.0.1/failureaccess-1.0.1.jar, file:/root/./workspace/INRIA-spoon-master-4704_repo/.m2/com/google/guava/listenablefuture/9999.0-empty-to-avoid-conflict-with-guava/listenablefuture-9999.0-empty-to-avoid-conflict-with-guava.jar, file:/root/./workspace/INRIA-spoon-master-4704_repo/.m2/com/google/code/findbugs/jsr305/3.0.2/jsr305-3.0.2.jar, file:/root/./workspace/INRIA-spoon-master-4704_repo/.m2/org/checkerframework/checker-qual/3.12.0/checker-qual-3.12.0.jar, file:/root/./workspace/INRIA-spoon-master-4704_repo/.m2/com/google/errorprone/error_prone_annotations/2.11.0/error_prone_annotations-2.11.0.jar, file:/root/./workspace/INRIA-spoon-master-4704_repo/.m2/com/google/j2objc/j2objc-annotations/1.3/j2objc-annotations-1.3.jar, file:/root/./workspace/INRIA-spoon-master-4704_repo/.m2/ch/qos/logback/logback-classic/1.2.11/logback-classic-1.2.11.jar, file:/root/./workspace/INRIA-spoon-master-4704_repo/.m2/ch/qos/logback/logback-core/1.2.11/logback-core-1.2.11.jar, file:/root/./workspace/INRIA-spoon-master-4704_repo/.m2/com/mysema/querydsl/querydsl-core/3.7.4/querydsl-core-3.7.4.jar, file:/root/./workspace/INRIA-spoon-master-4704_repo/.m2/org/apache/maven/shared/maven-invoker/3.2.0/maven-invoker-3.2.0.jar, file:/root/./workspace/INRIA-spoon-master-4704_repo/.m2/org/apache/maven/shared/maven-shared-utils/3.3.4/maven-shared-utils-3.3.4.jar, file:/root/./workspace/INRIA-spoon-master-4704_repo/.m2/javax/inject/javax.inject/1/javax.inject-1.jar, file:/root/./workspace/INRIA-spoon-master-4704_repo/.m2/javax/validation/validation-api/2.0.1.Final/validation-api-2.0.1.Final.jar, file:/root/./workspace/INRIA-spoon-master-4704_repo/.m2/uk/org/lidalia/slf4j-test/1.2.0/slf4j-test-1.2.0.jar, file:/root/./workspace/INRIA-spoon-master-4704_repo/.m2/uk/org/lidalia/lidalia-lang/1.0.0/lidalia-lang-1.0.0.jar, file:/root/./workspace/INRIA-spoon-master-4704_repo/.m2/uk/org/lidalia/lidalia-slf4j-ext/1.0.0/lidalia-slf4j-ext-1.0.0.jar, file:/root/./workspace/INRIA-spoon-master-4704_repo/.m2/joda-time/joda-time/2.2/joda-time-2.2.jar, file:/root/./workspace/INRIA-spoon-master-4704_repo/.m2/org/kohsuke/metainf-services/metainf-services/1.9/metainf-services-1.9.jar, file:/root/./workspace/INRIA-spoon-master-4704_repo/.m2/org/mockito/mockito-core/4.4.0/mockito-core-4.4.0.jar, file:/root/./workspace/INRIA-spoon-master-4704_repo/.m2/net/bytebuddy/byte-buddy/1.12.8/byte-buddy-1.12.8.jar, file:/root/./workspace/INRIA-spoon-master-4704_repo/.m2/net/bytebuddy/byte-buddy-agent/1.12.8/byte-buddy-agent-1.12.8.jar, file:/root/./workspace/INRIA-spoon-master-4704_repo/.m2/org/objenesis/objenesis/3.2/objenesis-3.2.jar, file:/root/./workspace/INRIA-spoon-master-4704_repo/.m2/org/junit/jupiter/junit-jupiter-engine/5.8.2/junit-jupiter-engine-5.8.2.jar, file:/root/./workspace/INRIA-spoon-master-4704_repo/.m2/org/junit/platform/junit-platform-engine/1.8.2/junit-platform-engine-1.8.2.jar, file:/root/./workspace/INRIA-spoon-master-4704_repo/.m2/org/opentest4j/opentest4j/1.2.0/opentest4j-1.2.0.jar, file:/root/./workspace/INRIA-spoon-master-4704_repo/.m2/org/junit/platform/junit-platform-commons/1.8.2/junit-platform-commons-1.8.2.jar, file:/root/./workspace/INRIA-spoon-master-4704_repo/.m2/org/junit/jupiter/junit-jupiter-api/5.8.2/junit-jupiter-api-5.8.2.jar, file:/root/./workspace/INRIA-spoon-master-4704_repo/.m2/org/apiguardian/apiguardian-api/1.1.2/apiguardian-api-1.1.2.jar, file:/root/./workspace/INRIA-spoon-master-4704_repo/.m2/org/junit/jupiter/junit-jupiter-params/5.8.2/junit-jupiter-params-5.8.2.jar, file:/root/./workspace/INRIA-spoon-master-4704_repo/.m2/org/junit/platform/junit-platform-launcher/1.8.2/junit-platform-launcher-1.8.2.jar, file:/root/./workspace/INRIA-spoon-master-4704_repo/.m2/org/mockito/mockito-junit-jupiter/4.4.0/mockito-junit-jupiter-4.4.0.jar, file:/root/./workspace/INRIA-spoon-master-4704_repo/.m2/com/github/stefanbirkner/system-rules/1.19.0/system-rules-1.19.0.jar, file:/root/./workspace/INRIA-spoon-master-4704_repo/.m2/junit/junit/4.11-beta-1/junit-4.11-beta-1.jar, file:/root/./workspace/INRIA-spoon-master-4704_repo/.m2/org/hamcrest/hamcrest-core/1.3/hamcrest-core-1.3.jar, file:/root/./workspace/INRIA-spoon-master-4704_repo/target/classes/, file:/root/./workspace/INRIA-spoon-master-4704_repo/target/test-classes/]
[548] WARN Processor - ClassNotFoundException: spoon.support.visitor.java.internal.RecordComponentRuntimeBuilderContext
[548] WARN Processor - [file:/root/workspace/INRIA-spoon-master-4704_repo/target/classes/, file:/root/workspace/INRIA-spoon-master-4704_repo/target/test-classes/, file:/root/./workspace/INRIA-spoon-master-4704_repo/.m2/org/eclipse/jdt/org.eclipse.jdt.core/3.29.0/org.eclipse.jdt.core-3.29.0.jar, file:/root/./workspace/INRIA-spoon-master-4704_repo/.m2/com/martiansoftware/jsap/2.1/jsap-2.1.jar, file:/root/./workspace/INRIA-spoon-master-4704_repo/.m2/org/slf4j/slf4j-api/1.7.36/slf4j-api-1.7.36.jar, file:/root/./workspace/INRIA-spoon-master-4704_repo/.m2/commons-io/commons-io/2.11.0/commons-io-2.11.0.jar, file:/root/./workspace/INRIA-spoon-master-4704_repo/.m2/org/apache/maven/maven-model/3.8.5/maven-model-3.8.5.jar, file:/root/./workspace/INRIA-spoon-master-4704_repo/.m2/org/codehaus/plexus/plexus-utils/3.3.0/plexus-utils-3.3.0.jar, file:/root/./workspace/INRIA-spoon-master-4704_repo/.m2/org/apache/commons/commons-lang3/3.12.0/commons-lang3-3.12.0.jar, file:/root/./workspace/INRIA-spoon-master-4704_repo/.m2/org/tukaani/xz/1.9/xz-1.9.jar, file:/root/./workspace/INRIA-spoon-master-4704_repo/.m2/com/fasterxml/jackson/core/jackson-databind/2.13.2.2/jackson-databind-2.13.2.2.jar, file:/root/./workspace/INRIA-spoon-master-4704_repo/.m2/com/fasterxml/jackson/core/jackson-annotations/2.13.2/jackson-annotations-2.13.2.jar, file:/root/./workspace/INRIA-spoon-master-4704_repo/.m2/com/fasterxml/jackson/core/jackson-core/2.13.2/jackson-core-2.13.2.jar, file:/root/./workspace/INRIA-spoon-master-4704_repo/.m2/org/apache/commons/commons-compress/1.21/commons-compress-1.21.jar, file:/root/./workspace/INRIA-spoon-master-4704_repo/.m2/com/google/guava/guava/31.1-jre/guava-31.1-jre.jar, file:/root/./workspace/INRIA-spoon-master-4704_repo/.m2/com/google/guava/failureaccess/1.0.1/failureaccess-1.0.1.jar, file:/root/./workspace/INRIA-spoon-master-4704_repo/.m2/com/google/guava/listenablefuture/9999.0-empty-to-avoid-conflict-with-guava/listenablefuture-9999.0-empty-to-avoid-conflict-with-guava.jar, file:/root/./workspace/INRIA-spoon-master-4704_repo/.m2/com/google/code/findbugs/jsr305/3.0.2/jsr305-3.0.2.jar, file:/root/./workspace/INRIA-spoon-master-4704_repo/.m2/org/checkerframework/checker-qual/3.12.0/checker-qual-3.12.0.jar, file:/root/./workspace/INRIA-spoon-master-4704_repo/.m2/com/google/errorprone/error_prone_annotations/2.11.0/error_prone_annotations-2.11.0.jar, file:/root/./workspace/INRIA-spoon-master-4704_repo/.m2/com/google/j2objc/j2objc-annotations/1.3/j2objc-annotations-1.3.jar, file:/root/./workspace/INRIA-spoon-master-4704_repo/.m2/ch/qos/logback/logback-classic/1.2.11/logback-classic-1.2.11.jar, file:/root/./workspace/INRIA-spoon-master-4704_repo/.m2/ch/qos/logback/logback-core/1.2.11/logback-core-1.2.11.jar, file:/root/./workspace/INRIA-spoon-master-4704_repo/.m2/com/mysema/querydsl/querydsl-core/3.7.4/querydsl-core-3.7.4.jar, file:/root/./workspace/INRIA-spoon-master-4704_repo/.m2/org/apache/maven/shared/maven-invoker/3.2.0/maven-invoker-3.2.0.jar, file:/root/./workspace/INRIA-spoon-master-4704_repo/.m2/org/apache/maven/shared/maven-shared-utils/3.3.4/maven-shared-utils-3.3.4.jar, file:/root/./workspace/INRIA-spoon-master-4704_repo/.m2/javax/inject/javax.inject/1/javax.inject-1.jar, file:/root/./workspace/INRIA-spoon-master-4704_repo/.m2/javax/validation/validation-api/2.0.1.Final/validation-api-2.0.1.Final.jar, file:/root/./workspace/INRIA-spoon-master-4704_repo/.m2/uk/org/lidalia/slf4j-test/1.2.0/slf4j-test-1.2.0.jar, file:/root/./workspace/INRIA-spoon-master-4704_repo/.m2/uk/org/lidalia/lidalia-lang/1.0.0/lidalia-lang-1.0.0.jar, file:/root/./workspace/INRIA-spoon-master-4704_repo/.m2/uk/org/lidalia/lidalia-slf4j-ext/1.0.0/lidalia-slf4j-ext-1.0.0.jar, file:/root/./workspace/INRIA-spoon-master-4704_repo/.m2/joda-time/joda-time/2.2/joda-time-2.2.jar, file:/root/./workspace/INRIA-spoon-master-4704_repo/.m2/org/kohsuke/metainf-services/metainf-services/1.9/metainf-services-1.9.jar, file:/root/./workspace/INRIA-spoon-master-4704_repo/.m2/org/mockito/mockito-core/4.4.0/mockito-core-4.4.0.jar, file:/root/./workspace/INRIA-spoon-master-4704_repo/.m2/net/bytebuddy/byte-buddy/1.12.8/byte-buddy-1.12.8.jar, file:/root/./workspace/INRIA-spoon-master-4704_repo/.m2/net/bytebuddy/byte-buddy-agent/1.12.8/byte-buddy-agent-1.12.8.jar, file:/root/./workspace/INRIA-spoon-master-4704_repo/.m2/org/objenesis/objenesis/3.2/objenesis-3.2.jar, file:/root/./workspace/INRIA-spoon-master-4704_repo/.m2/org/junit/jupiter/junit-jupiter-engine/5.8.2/junit-jupiter-engine-5.8.2.jar, file:/root/./workspace/INRIA-spoon-master-4704_repo/.m2/org/junit/platform/junit-platform-engine/1.8.2/junit-platform-engine-1.8.2.jar, file:/root/./workspace/INRIA-spoon-master-4704_repo/.m2/org/opentest4j/opentest4j/1.2.0/opentest4j-1.2.0.jar, file:/root/./workspace/INRIA-spoon-master-4704_repo/.m2/org/junit/platform/junit-platform-commons/1.8.2/junit-platform-commons-1.8.2.jar, file:/root/./workspace/INRIA-spoon-master-4704_repo/.m2/org/junit/jupiter/junit-jupiter-api/5.8.2/junit-jupiter-api-5.8.2.jar, file:/root/./workspace/INRIA-spoon-master-4704_repo/.m2/org/apiguardian/apiguardian-api/1.1.2/apiguardian-api-1.1.2.jar, file:/root/./workspace/INRIA-spoon-master-4704_repo/.m2/org/junit/jupiter/junit-jupiter-params/5.8.2/junit-jupiter-params-5.8.2.jar, file:/root/./workspace/INRIA-spoon-master-4704_repo/.m2/org/junit/platform/junit-platform-launcher/1.8.2/junit-platform-launcher-1.8.2.jar, file:/root/./workspace/INRIA-spoon-master-4704_repo/.m2/org/mockito/mockito-junit-jupiter/4.4.0/mockito-junit-jupiter-4.4.0.jar, file:/root/./workspace/INRIA-spoon-master-4704_repo/.m2/com/github/stefanbirkner/system-rules/1.19.0/system-rules-1.19.0.jar, file:/root/./workspace/INRIA-spoon-master-4704_repo/.m2/junit/junit/4.11-beta-1/junit-4.11-beta-1.jar, file:/root/./workspace/INRIA-spoon-master-4704_repo/.m2/org/hamcrest/hamcrest-core/1.3/hamcrest-core-1.3.jar, file:/root/./workspace/INRIA-spoon-master-4704_repo/target/classes/, file:/root/./workspace/INRIA-spoon-master-4704_repo/target/test-classes/]
[591] WARN Processor - ClassNotFoundException: spoon.support.visitor.java.internal.RecordComponentRuntimeBuilderContext
[591] WARN Processor - [file:/root/workspace/INRIA-spoon-master-4704_repo/target/classes/, file:/root/workspace/INRIA-spoon-master-4704_repo/target/test-classes/, file:/root/./workspace/INRIA-spoon-master-4704_repo/.m2/org/eclipse/jdt/org.eclipse.jdt.core/3.29.0/org.eclipse.jdt.core-3.29.0.jar, file:/root/./workspace/INRIA-spoon-master-4704_repo/.m2/com/martiansoftware/jsap/2.1/jsap-2.1.jar, file:/root/./workspace/INRIA-spoon-master-4704_repo/.m2/org/slf4j/slf4j-api/1.7.36/slf4j-api-1.7.36.jar, file:/root/./workspace/INRIA-spoon-master-4704_repo/.m2/commons-io/commons-io/2.11.0/commons-io-2.11.0.jar, file:/root/./workspace/INRIA-spoon-master-4704_repo/.m2/org/apache/maven/maven-model/3.8.5/maven-model-3.8.5.jar, file:/root/./workspace/INRIA-spoon-master-4704_repo/.m2/org/codehaus/plexus/plexus-utils/3.3.0/plexus-utils-3.3.0.jar, file:/root/./workspace/INRIA-spoon-master-4704_repo/.m2/org/apache/commons/commons-lang3/3.12.0/commons-lang3-3.12.0.jar, file:/root/./workspace/INRIA-spoon-master-4704_repo/.m2/org/tukaani/xz/1.9/xz-1.9.jar, file:/root/./workspace/INRIA-spoon-master-4704_repo/.m2/com/fasterxml/jackson/core/jackson-databind/2.13.2.2/jackson-databind-2.13.2.2.jar, file:/root/./workspace/INRIA-spoon-master-4704_repo/.m2/com/fasterxml/jackson/core/jackson-annotations/2.13.2/jackson-annotations-2.13.2.jar, file:/root/./workspace/INRIA-spoon-master-4704_repo/.m2/com/fasterxml/jackson/core/jackson-core/2.13.2/jackson-core-2.13.2.jar, file:/root/./workspace/INRIA-spoon-master-4704_repo/.m2/org/apache/commons/commons-compress/1.21/commons-compress-1.21.jar, file:/root/./workspace/INRIA-spoon-master-4704_repo/.m2/com/google/guava/guava/31.1-jre/guava-31.1-jre.jar, file:/root/./workspace/INRIA-spoon-master-4704_repo/.m2/com/google/guava/failureaccess/1.0.1/failureaccess-1.0.1.jar, file:/root/./workspace/INRIA-spoon-master-4704_repo/.m2/com/google/guava/listenablefuture/9999.0-empty-to-avoid-conflict-with-guava/listenablefuture-9999.0-empty-to-avoid-conflict-with-guava.jar, file:/root/./workspace/INRIA-spoon-master-4704_repo/.m2/com/google/code/findbugs/jsr305/3.0.2/jsr305-3.0.2.jar, file:/root/./workspace/INRIA-spoon-master-4704_repo/.m2/org/checkerframework/checker-qual/3.12.0/checker-qual-3.12.0.jar, file:/root/./workspace/INRIA-spoon-master-4704_repo/.m2/com/google/errorprone/error_prone_annotations/2.11.0/error_prone_annotations-2.11.0.jar, file:/root/./workspace/INRIA-spoon-master-4704_repo/.m2/com/google/j2objc/j2objc-annotations/1.3/j2objc-annotations-1.3.jar, file:/root/./workspace/INRIA-spoon-master-4704_repo/.m2/ch/qos/logback/logback-classic/1.2.11/logback-classic-1.2.11.jar, file:/root/./workspace/INRIA-spoon-master-4704_repo/.m2/ch/qos/logback/logback-core/1.2.11/logback-core-1.2.11.jar, file:/root/./workspace/INRIA-spoon-master-4704_repo/.m2/com/mysema/querydsl/querydsl-core/3.7.4/querydsl-core-3.7.4.jar, file:/root/./workspace/INRIA-spoon-master-4704_repo/.m2/org/apache/maven/shared/maven-invoker/3.2.0/maven-invoker-3.2.0.jar, file:/root/./workspace/INRIA-spoon-master-4704_repo/.m2/org/apache/maven/shared/maven-shared-utils/3.3.4/maven-shared-utils-3.3.4.jar, file:/root/./workspace/INRIA-spoon-master-4704_repo/.m2/javax/inject/javax.inject/1/javax.inject-1.jar, file:/root/./workspace/INRIA-spoon-master-4704_repo/.m2/javax/validation/validation-api/2.0.1.Final/validation-api-2.0.1.Final.jar, file:/root/./workspace/INRIA-spoon-master-4704_repo/.m2/uk/org/lidalia/slf4j-test/1.2.0/slf4j-test-1.2.0.jar, file:/root/./workspace/INRIA-spoon-master-4704_repo/.m2/uk/org/lidalia/lidalia-lang/1.0.0/lidalia-lang-1.0.0.jar, file:/root/./workspace/INRIA-spoon-master-4704_repo/.m2/uk/org/lidalia/lidalia-slf4j-ext/1.0.0/lidalia-slf4j-ext-1.0.0.jar, file:/root/./workspace/INRIA-spoon-master-4704_repo/.m2/joda-time/joda-time/2.2/joda-time-2.2.jar, file:/root/./workspace/INRIA-spoon-master-4704_repo/.m2/org/kohsuke/metainf-services/metainf-services/1.9/metainf-services-1.9.jar, file:/root/./workspace/INRIA-spoon-master-4704_repo/.m2/org/mockito/mockito-core/4.4.0/mockito-core-4.4.0.jar, file:/root/./workspace/INRIA-spoon-master-4704_repo/.m2/net/bytebuddy/byte-buddy/1.12.8/byte-buddy-1.12.8.jar, file:/root/./workspace/INRIA-spoon-master-4704_repo/.m2/net/bytebuddy/byte-buddy-agent/1.12.8/byte-buddy-agent-1.12.8.jar, file:/root/./workspace/INRIA-spoon-master-4704_repo/.m2/org/objenesis/objenesis/3.2/objenesis-3.2.jar, file:/root/./workspace/INRIA-spoon-master-4704_repo/.m2/org/junit/jupiter/junit-jupiter-engine/5.8.2/junit-jupiter-engine-5.8.2.jar, file:/root/./workspace/INRIA-spoon-master-4704_repo/.m2/org/junit/platform/junit-platform-engine/1.8.2/junit-platform-engine-1.8.2.jar, file:/root/./workspace/INRIA-spoon-master-4704_repo/.m2/org/opentest4j/opentest4j/1.2.0/opentest4j-1.2.0.jar, file:/root/./workspace/INRIA-spoon-master-4704_repo/.m2/org/junit/platform/junit-platform-commons/1.8.2/junit-platform-commons-1.8.2.jar, file:/root/./workspace/INRIA-spoon-master-4704_repo/.m2/org/junit/jupiter/junit-jupiter-api/5.8.2/junit-jupiter-api-5.8.2.jar, file:/root/./workspace/INRIA-spoon-master-4704_repo/.m2/org/apiguardian/apiguardian-api/1.1.2/apiguardian-api-1.1.2.jar, file:/root/./workspace/INRIA-spoon-master-4704_repo/.m2/org/junit/jupiter/junit-jupiter-params/5.8.2/junit-jupiter-params-5.8.2.jar, file:/root/./workspace/INRIA-spoon-master-4704_repo/.m2/org/junit/platform/junit-platform-launcher/1.8.2/junit-platform-launcher-1.8.2.jar, file:/root/./workspace/INRIA-spoon-master-4704_repo/.m2/org/mockito/mockito-junit-jupiter/4.4.0/mockito-junit-jupiter-4.4.0.jar, file:/root/./workspace/INRIA-spoon-master-4704_repo/.m2/com/github/stefanbirkner/system-rules/1.19.0/system-rules-1.19.0.jar, file:/root/./workspace/INRIA-spoon-master-4704_repo/.m2/junit/junit/4.11-beta-1/junit-4.11-beta-1.jar, file:/root/./workspace/INRIA-spoon-master-4704_repo/.m2/org/hamcrest/hamcrest-core/1.3/hamcrest-core-1.3.jar, file:/root/./workspace/INRIA-spoon-master-4704_repo/target/classes/, file:/root/./workspace/INRIA-spoon-master-4704_repo/target/test-classes/]
[60868] WARN CoverageRunner - Test [Manual]TestMethod=spoon.MavenLauncherTest#testTypeResolution result was not reported by test-runner.
[127238] WARN CoverageRunner - Test [Manual]TestMethod=spoon.generating.CorrectIdentifierTest#keyWord result was not reported by test-runner.
[127238] WARN CoverageRunner - Test [Manual]TestMethod=spoon.generating.CorrectIdentifierTest#keyWord2 result was not reported by test-runner.
[127238] WARN CoverageRunner - Test [Manual]TestMethod=spoon.generating.CorrectIdentifierTest#keyWord3 result was not reported by test-runner.
[136660] WARN CoverageRunner - Test [Manual]TestMethod=spoon.support.visitor.java.JavaReflectionTreeBuilderTest#testShadowRecords result was not reported by test-runner.
[376618] WARN CoverageRunner - Test [Manual]TestMethod=spoon.test.intercession.IntercessionTest#testResetCollectionInSetters result was not reported by test-runner.
[670274] WARN CoverageRunner - Test [Manual]TestMethod=spoon.test.spoonifier.SpoonifierTest#testOnAllTestClasses result was not reported by test-runner.
[672061] WARN CoverageRunner - Test [Manual]TestMethod=spoon.test.spoonifier.SpoonifierTest#testSpoonifierElement result was not reported by test-runner.
[769100] WARN CoverageRunner - Test [Manual]TestMethod=spoon.test.comment.CommentTest#testDocumentationContract result was not reported by test-runner.
[887086] WARN CoverageRunner - Test [Manual]TestMethod=spoon.test.parent.ParentTest#testParentSetInSetter result was not reported by test-runner.
[1033523] WARN CoverageRunner - Test [Manual]TestMethod=spoon.test.prettyprinter.LoopSniperJavaPrettyPrinterTest#whileWithBraces result was not reported by test-runner.
[1109044] WARN CoverageRunner - Test [Manual]TestMethod=spoon.test.prettyprinter.DefaultPrettyPrinterTest#testCheckstyleCompliance result was not reported by test-runner.
[1109044] WARN CoverageRunner - Test [Manual]TestMethod=spoon.test.module.TestModule#testCompleteModuleInfoContentNoClasspath result was not reported by test-runner.
[1109044] WARN CoverageRunner - Test [Manual]TestMethod=spoon.test.module.TestModule#testModuleInfoShouldBeCorrectlyPrettyPrinted result was not reported by test-runner.
[1109044] WARN CoverageRunner - Test [Manual]TestMethod=spoon.test.module.TestModule#testModuleInfoWithComments result was not reported by test-runner.
[1109044] WARN CoverageRunner - Test [Manual]TestMethod=spoon.test.module.TestModule#testDirectiveOrders result was not reported by test-runner.
[1109044] WARN CoverageRunner - Test [Manual]TestMethod=spoon.test.module.TestModule#testGetParentOfRootPackageOfModule result was not reported by test-runner.
[1109044] WARN CoverageRunner - Test [Manual]TestMethod=spoon.test.module.TestModule#testGetModuleAfterChangingItsName result was not reported by test-runner.
[1109044] WARN CoverageRunner - Test [Manual]TestMethod=spoon.test.module.TestModule#testModuleNames result was not reported by test-runner.
[1109044] WARN CoverageRunner - Test [Manual]TestMethod=spoon.test.module.TestModule#testSimpleModuleCanBeBuilt result was not reported by test-runner.
[1109044] WARN CoverageRunner - Test [Manual]TestMethod=spoon.test.module.TestModule#testMultipleModulesAndParents result was not reported by test-runner.
[1109044] WARN CoverageRunner - Test [Manual]TestMethod=spoon.test.module.TestModule#testModuleComplianceLevelException result was not reported by test-runner.
[1109044] WARN CoverageRunner - Test [Manual]TestMethod=spoon.test.module.TestModule#testModuleOverlappingPackages result was not reported by test-runner.
[1545946] WARN CoverageRunner - Test [Manual]TestMethod=spoon.MavenLauncherTest#testTypeResolution result was not reported by test-runner.
[1611503] WARN CoverageRunner - Test [Manual]TestMethod=spoon.generating.CorrectIdentifierTest#keyWord result was not reported by test-runner.
[1611503] WARN CoverageRunner - Test [Manual]TestMethod=spoon.generating.CorrectIdentifierTest#keyWord2 result was not reported by test-runner.
[1611503] WARN CoverageRunner - Test [Manual]TestMethod=spoon.generating.CorrectIdentifierTest#keyWord3 result was not reported by test-runner.
[1620773] WARN CoverageRunner - Test [Manual]TestMethod=spoon.support.visitor.java.JavaReflectionTreeBuilderTest#testShadowRecords result was not reported by test-runner.
[1858807] WARN CoverageRunner - Test [Manual]TestMethod=spoon.test.intercession.IntercessionTest#testResetCollectionInSetters result was not reported by test-runner.
[2152833] WARN CoverageRunner - Test [Manual]TestMethod=spoon.test.spoonifier.SpoonifierTest#testOnAllTestClasses result was not reported by test-runner.
[2154656] WARN CoverageRunner - Test [Manual]TestMethod=spoon.test.spoonifier.SpoonifierTest#testSpoonifierElement result was not reported by test-runner.
[2251576] WARN CoverageRunner - Test [Manual]TestMethod=spoon.test.comment.CommentTest#testDocumentationContract result was not reported by test-runner.
[2369082] WARN CoverageRunner - Test [Manual]TestMethod=spoon.test.parent.ParentTest#testParentSetInSetter result was not reported by test-runner.
[2515065] WARN CoverageRunner - Test [Manual]TestMethod=spoon.test.prettyprinter.LoopSniperJavaPrettyPrinterTest#whileWithBraces result was not reported by test-runner.
[2591286] WARN CoverageRunner - Test [Manual]TestMethod=spoon.test.prettyprinter.DefaultPrettyPrinterTest#testCheckstyleCompliance result was not reported by test-runner.
[2591286] WARN CoverageRunner - Test [Manual]TestMethod=spoon.test.module.TestModule#testCompleteModuleInfoContentNoClasspath result was not reported by test-runner.
[2591286] WARN CoverageRunner - Test [Manual]TestMethod=spoon.test.module.TestModule#testModuleInfoShouldBeCorrectlyPrettyPrinted result was not reported by test-runner.
[2591286] WARN CoverageRunner - Test [Manual]TestMethod=spoon.test.module.TestModule#testModuleInfoWithComments result was not reported by test-runner.
[2591286] WARN CoverageRunner - Test [Manual]TestMethod=spoon.test.module.TestModule#testDirectiveOrders result was not reported by test-runner.
[2591286] WARN CoverageRunner - Test [Manual]TestMethod=spoon.test.module.TestModule#testGetParentOfRootPackageOfModule result was not reported by test-runner.
[2591286] WARN CoverageRunner - Test [Manual]TestMethod=spoon.test.module.TestModule#testGetModuleAfterChangingItsName result was not reported by test-runner.
[2591286] WARN CoverageRunner - Test [Manual]TestMethod=spoon.test.module.TestModule#testModuleNames result was not reported by test-runner.
[2591286] WARN CoverageRunner - Test [Manual]TestMethod=spoon.test.module.TestModule#testSimpleModuleCanBeBuilt result was not reported by test-runner.
[2591286] WARN CoverageRunner - Test [Manual]TestMethod=spoon.test.module.TestModule#testMultipleModulesAndParents result was not reported by test-runner.
[2591286] WARN CoverageRunner - Test [Manual]TestMethod=spoon.test.module.TestModule#testModuleComplianceLevelException result was not reported by test-runner.
[2591286] WARN CoverageRunner - Test [Manual]TestMethod=spoon.test.module.TestModule#testModuleOverlappingPackages result was not reported by test-runner.
[3017459] INFO CoverageRunner - Tests found: 3112
[3017459] INFO CoverageRunner - Tests executed: 3066
13:29:17.269 [main] INFO  fr.inria.jtravis.JTravis - GitHub ratelimit: Limit: 5000 Remaining: 4850 Reset hour: 03:30:29
13:29:18.482 [main] WARN  f.i.s.r.p.s.p.PushFaultLocalizationSuggestionsOnGitHubRepository - Flacoco has found 7935 suspicious lines, but none were matched to the diff
13:29:19.383 [main] INFO  f.i.s.r.p.s.f.FlacocoLocalization - 
13:29:20.185 [main] INFO  f.i.s.r.p.i.ProjectInspector - ----------------------------------------------------------------------
13:29:20.185 [main] INFO  f.i.s.r.p.i.ProjectInspector - PIPELINE EXECUTION SUMMARY
13:29:20.185 [main] INFO  f.i.s.r.p.i.ProjectInspector - ----------------------------------------------------------------------
13:29:20.185 [main] INFO  f.i.s.r.p.i.ProjectInspector - CloneCheckoutGitPullRequest.........................SUCCESS [    8 s ]
13:29:20.185 [main] INFO  f.i.s.r.p.i.ProjectInspector - BuildProject........................................SUCCESS [   45 s ]
13:29:20.185 [main] INFO  f.i.s.r.p.i.ProjectInspector - TestProject.........................................SUCCESS [  195 s ]
13:29:20.185 [main] INFO  f.i.s.r.p.i.ProjectInspector - ComputeClasspath....................................SUCCESS [    4 s ]
13:29:20.186 [main] INFO  f.i.s.r.p.i.ProjectInspector - ComputeSourceDir....................................SUCCESS [    0 s ]
13:29:20.186 [main] INFO  f.i.s.r.p.i.ProjectInspector - ComputeTestDir......................................SUCCESS [    0 s ]
13:29:20.186 [main] INFO  f.i.s.r.p.i.ProjectInspector - GatherTestInformation...............................SUCCESS [    0 s ]
13:29:20.186 [main] INFO  f.i.s.r.p.i.ProjectInspector - FlacocoLocalization.................................SUCCESS [ 3018 s ]
13:29:20.186 [main] INFO  f.i.s.r.p.i.ProjectInspector - PushFaultLocalizationSuggestionsOnGitHubRepository..SKIPPED           
13:29:20.186 [main] INFO  f.i.s.r.p.i.ProjectInspector - ----------------------------------------------------------------------
13:29:20.186 [main] INFO  f.i.s.r.p.i.ProjectInspector - PIPELINE FINDING: TEST FAILURE
13:29:20.186 [main] INFO  f.i.s.r.p.i.ProjectInspector - ----------------------------------------------------------------------
13:29:20.186 [main] INFO  f.i.s.r.p.github.GithubMainProcess - Inspector is finished. The process will exit now.
