Execute pipeline with following supplementary args: --smtpPort 25 --listenerMode NOOP --launcherMode FAULT_LOCALIZATION  --gitrepourl https://github.com/apache/pinot --gitrepopullrequest 8619
java -cp /usr/local/openjdk-11/lib/tools.jar:repairnator-pipeline.jar -Dlogback.configurationFile=/root/logback.xml fr.inria.spirals.repairnator.pipeline.Launcher -d --runId null -o /var/log --ghOauth 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 --faultLocalization --flacocoThreshold 0.0 --flacocoTopK null --flacocoResultsRepository flacocobot/2022-flacocobot-experiment --ghOauth  --smtpPort 25 --listenerMode NOOP --launcherMode FAULT_LOCALIZATION  --gitrepourl https://github.com/apache/pinot --gitrepopullrequest 8619

11:30:01.407 [main] INFO  f.i.s.r.p.g.GithubInitSerializerEngines - Initialize file serializer engines.
11:30:01.408 [main] INFO  f.i.s.r.p.g.GithubInitSerializerEngines - MongoDB won't be used for serialization.
11:30:01.408 [main] INFO  f.i.s.r.p.github.GithubInitNotifiers - The email notifier engine won't be used.
11:30:01.422 [main] INFO  f.i.s.r.p.i.ProjectInspector - ----------------------------------------------------------------------
11:30:01.422 [main] INFO  f.i.s.r.p.i.ProjectInspector - PIPELINE STEPS
11:30:01.422 [main] INFO  f.i.s.r.p.i.ProjectInspector - ----------------------------------------------------------------------
11:30:01.422 [main] INFO  f.i.s.r.p.i.ProjectInspector - CloneCheckoutGitPullRequest
11:30:01.422 [main] INFO  f.i.s.r.p.i.ProjectInspector - BuildProject
11:30:01.422 [main] INFO  f.i.s.r.p.i.ProjectInspector - TestProject
11:30:01.422 [main] INFO  f.i.s.r.p.i.ProjectInspector - ComputeClasspath
11:30:01.422 [main] INFO  f.i.s.r.p.i.ProjectInspector - ComputeSourceDir
11:30:01.422 [main] INFO  f.i.s.r.p.i.ProjectInspector - ComputeTestDir
11:30:01.422 [main] INFO  f.i.s.r.p.i.ProjectInspector - GatherTestInformation
11:30:01.422 [main] INFO  f.i.s.r.p.i.ProjectInspector - FlacocoLocalization
11:30:01.422 [main] INFO  f.i.s.r.p.i.ProjectInspector - PushFaultLocalizationSuggestionsOnGitHubRepository
11:30:01.423 [main] INFO  f.i.s.r.p.s.CloneCheckoutGitPullRequest - Cloning repository https://github.com/apache/pinot.git in the following directory: ./workspace/apache-pinot-master-8619_repo
11:30:50.675 [Thread-5] ERROR f.i.s.r.p.m.output.MavenErrorHandler - Warning: Lookahead adequacy checking not being performed since option LOOKAHEAD is more than 1.  Set option FORCE_LA_CHECK to true to force checking.
11:31:23.774 [Thread-4] ERROR f.i.s.r.p.m.o.MavenFilterOutputHandler - [ERROR] Failed to execute goal com.diffplug.spotless:spotless-maven-plugin:2.9.0:check (default) on project pinot-segment-local: The following files had format violations:
11:31:23.774 [Thread-4] ERROR f.i.s.r.p.m.o.MavenFilterOutputHandler - [ERROR]     src/main/java/org/apache/pinot/segment/local/segment/index/readers/LuceneFSTIndexReader.java
11:31:23.774 [Thread-4] ERROR f.i.s.r.p.m.o.MavenFilterOutputHandler - [ERROR]         @@ -19,7 +19,6 @@
11:31:23.774 [Thread-4] ERROR f.i.s.r.p.m.o.MavenFilterOutputHandler - [ERROR]          package·org.apache.pinot.segment.local.segment.index.readers;
11:31:23.774 [Thread-4] ERROR f.i.s.r.p.m.o.MavenFilterOutputHandler - [ERROR]          
11:31:23.774 [Thread-4] ERROR f.i.s.r.p.m.o.MavenFilterOutputHandler - [ERROR]          import·java.io.IOException;
11:31:23.774 [Thread-4] ERROR f.i.s.r.p.m.o.MavenFilterOutputHandler - [ERROR]         -import·java.util.List;
11:31:23.774 [Thread-4] ERROR f.i.s.r.p.m.o.MavenFilterOutputHandler - [ERROR]          import·org.apache.lucene.util.fst.FST;
11:31:23.774 [Thread-4] ERROR f.i.s.r.p.m.o.MavenFilterOutputHandler - [ERROR]          import·org.apache.lucene.util.fst.OffHeapFSTStore;
11:31:23.774 [Thread-4] ERROR f.i.s.r.p.m.o.MavenFilterOutputHandler - [ERROR]          import·org.apache.lucene.util.fst.PositiveIntOutputs;
11:31:23.774 [Thread-4] ERROR f.i.s.r.p.m.o.MavenFilterOutputHandler - [ERROR] Run 'mvn spotless:apply' to fix these violations.
11:31:23.775 [Thread-4] ERROR f.i.s.r.p.m.o.MavenFilterOutputHandler - [ERROR] -> [Help 1]
11:31:23.778 [Thread-4] ERROR f.i.s.r.p.m.o.MavenFilterOutputHandler - [ERROR] 
11:31:23.778 [Thread-4] ERROR f.i.s.r.p.m.o.MavenFilterOutputHandler - [ERROR] Re-run Maven using the -X switch to enable full debug logging.
11:31:23.778 [Thread-4] ERROR f.i.s.r.p.m.o.MavenFilterOutputHandler - [ERROR] 
11:31:23.778 [Thread-4] ERROR f.i.s.r.p.m.o.MavenFilterOutputHandler - [ERROR] For more information about the errors and possible solutions, please read the following articles:
11:31:23.778 [Thread-4] ERROR f.i.s.r.p.m.o.MavenFilterOutputHandler - [ERROR] [Help 1] http://cwiki.apache.org/confluence/display/MAVEN/MojoExecutionException
11:31:23.778 [Thread-4] ERROR f.i.s.r.p.m.o.MavenFilterOutputHandler - [ERROR] 
11:31:23.778 [Thread-4] ERROR f.i.s.r.p.m.o.MavenFilterOutputHandler - [ERROR] After correcting the problems, you can resume the build with the command
11:31:23.778 [Thread-4] ERROR f.i.s.r.p.m.o.MavenFilterOutputHandler - [ERROR]   mvn <goals> -rf :pinot-segment-local
11:31:24.164 [main] ERROR f.i.s.r.process.step.BuildProject - Repository apache/pinot cannot be built.
11:31:24.166 [main] INFO  f.i.s.r.process.step.BuildProject - 
11:31:24.786 [main] INFO  f.i.s.r.p.i.ProjectInspector - ----------------------------------------------------------------------
11:31:24.787 [main] INFO  f.i.s.r.p.i.ProjectInspector - PIPELINE EXECUTION SUMMARY
11:31:24.787 [main] INFO  f.i.s.r.p.i.ProjectInspector - ----------------------------------------------------------------------
11:31:24.787 [main] INFO  f.i.s.r.p.i.ProjectInspector - CloneCheckoutGitPullRequest...........................SUCCESS [ 21 s ]
11:31:24.787 [main] INFO  f.i.s.r.p.i.ProjectInspector - BuildProject..........................................FAILURE [ 61 s ]
11:31:24.787 [main] INFO  f.i.s.r.p.i.ProjectInspector - TestProject...........................................NOT RUN         
11:31:24.787 [main] INFO  f.i.s.r.p.i.ProjectInspector - ComputeClasspath......................................NOT RUN         
11:31:24.787 [main] INFO  f.i.s.r.p.i.ProjectInspector - ComputeSourceDir......................................NOT RUN         
11:31:24.787 [main] INFO  f.i.s.r.p.i.ProjectInspector - ComputeTestDir........................................NOT RUN         
11:31:24.787 [main] INFO  f.i.s.r.p.i.ProjectInspector - GatherTestInformation.................................NOT RUN         
11:31:24.787 [main] INFO  f.i.s.r.p.i.ProjectInspector - FlacocoLocalization...................................NOT RUN         
11:31:24.787 [main] INFO  f.i.s.r.p.i.ProjectInspector - PushFaultLocalizationSuggestionsOnGitHubRepository....NOT RUN         
11:31:24.787 [main] INFO  f.i.s.r.p.i.ProjectInspector - ----------------------------------------------------------------------
11:31:24.787 [main] INFO  f.i.s.r.p.i.ProjectInspector - PIPELINE FINDING: NOTBUILDABLE
11:31:24.787 [main] INFO  f.i.s.r.p.i.ProjectInspector - ----------------------------------------------------------------------
11:31:24.788 [main] INFO  f.i.s.r.p.github.GithubMainProcess - Inspector is finished. The process will exit now.
