Execute pipeline with following supplementary args: --smtpPort 25 --listenerMode NOOP --launcherMode FAULT_LOCALIZATION  --gitrepourl https://github.com/apache/shardingsphere --gitrepopullrequest 17081
java -cp /usr/local/openjdk-11/lib/tools.jar:repairnator-pipeline.jar -Dlogback.configurationFile=/root/logback.xml fr.inria.spirals.repairnator.pipeline.Launcher -d --runId null -o /var/log --ghOauth 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 --faultLocalization --flacocoThreshold 0.0 --flacocoTopK null --flacocoResultsRepository flacocobot/2022-flacocobot-experiment --ghOauth  --smtpPort 25 --listenerMode NOOP --launcherMode FAULT_LOCALIZATION  --gitrepourl https://github.com/apache/shardingsphere --gitrepopullrequest 17081

07:22:23.863 [main] INFO  f.i.s.r.p.g.GithubInitSerializerEngines - Initialize file serializer engines.
07:22:23.864 [main] INFO  f.i.s.r.p.g.GithubInitSerializerEngines - MongoDB won't be used for serialization.
07:22:23.865 [main] INFO  f.i.s.r.p.github.GithubInitNotifiers - The email notifier engine won't be used.
07:22:23.878 [main] INFO  f.i.s.r.p.i.ProjectInspector - ----------------------------------------------------------------------
07:22:23.878 [main] INFO  f.i.s.r.p.i.ProjectInspector - PIPELINE STEPS
07:22:23.878 [main] INFO  f.i.s.r.p.i.ProjectInspector - ----------------------------------------------------------------------
07:22:23.879 [main] INFO  f.i.s.r.p.i.ProjectInspector - CloneCheckoutGitPullRequest
07:22:23.879 [main] INFO  f.i.s.r.p.i.ProjectInspector - BuildProject
07:22:23.879 [main] INFO  f.i.s.r.p.i.ProjectInspector - TestProject
07:22:23.879 [main] INFO  f.i.s.r.p.i.ProjectInspector - ComputeClasspath
07:22:23.879 [main] INFO  f.i.s.r.p.i.ProjectInspector - ComputeSourceDir
07:22:23.879 [main] INFO  f.i.s.r.p.i.ProjectInspector - ComputeTestDir
07:22:23.879 [main] INFO  f.i.s.r.p.i.ProjectInspector - GatherTestInformation
07:22:23.879 [main] INFO  f.i.s.r.p.i.ProjectInspector - FlacocoLocalization
07:22:23.879 [main] INFO  f.i.s.r.p.i.ProjectInspector - PushFaultLocalizationSuggestionsOnGitHubRepository
07:22:23.879 [main] INFO  f.i.s.r.p.s.CloneCheckoutGitPullRequest - Cloning repository https://github.com/apache/shardingsphere.git in the following directory: ./workspace/apache-shardingsphere-master-17081_repo
07:37:08.960 [Thread-8] ERROR f.i.s.r.p.m.output.MavenErrorHandler - Apr 25, 2022 7:37:08 AM zipkin2.reporter.AsyncReporter$BoundedAsyncReporter close
07:37:08.961 [Thread-8] ERROR f.i.s.r.p.m.output.MavenErrorHandler - WARNING: Timed out waiting for in-flight spans to send
07:37:29.612 [Thread-7] ERROR f.i.s.r.p.m.o.MavenFilterOutputHandler - [ERROR] 2022-04-25 07:37:29.612 [docker-java-stream--570621140] :zookeeper - ZooKeeper JMX enabled by default
07:37:29.612 [Thread-7] ERROR f.i.s.r.p.m.o.MavenFilterOutputHandler - [ERROR] 2022-04-25 07:37:29.612 [docker-java-stream--570621140] :zookeeper - Using config: /conf/zoo.cfg
07:37:29.975 [Thread-7] ERROR f.i.s.r.p.m.o.MavenFilterOutputHandler - [ERROR] Tests run: 1, Failures: 0, Errors: 1, Skipped: 0, Time elapsed: 10.23 s <<< FAILURE! - in org.apache.shardingsphere.integration.data.pipline.cases.mysql.MySQLManualScalingTest
07:37:29.976 [Thread-7] ERROR f.i.s.r.p.m.o.MavenFilterOutputHandler - [ERROR] assertManualScalingSuccess(org.apache.shardingsphere.integration.data.pipline.cases.mysql.MySQLManualScalingTest)  Time elapsed: 0.005 s  <<< ERROR!
07:37:30.309 [Thread-7] ERROR f.i.s.r.p.m.o.MavenFilterOutputHandler - [ERROR] Errors: 
07:37:30.309 [Thread-7] ERROR f.i.s.r.p.m.o.MavenFilterOutputHandler - [ERROR]   MySQLManualScalingTest.<init>:39->BaseMySQLScalingCase.<init>:36->BaseScalingITCase.<init>:71 Â» ContainerLaunch
07:37:30.309 [Thread-7] ERROR f.i.s.r.p.m.o.MavenFilterOutputHandler - [ERROR] Tests run: 1, Failures: 0, Errors: 1, Skipped: 0
07:37:30.323 [Thread-7] ERROR f.i.s.r.p.m.o.MavenFilterOutputHandler - [ERROR] Failed to execute goal org.apache.maven.plugins:maven-surefire-plugin:2.22.0:test (default-test) on project shardingsphere-integration-test-scaling: There are test failures.
07:37:30.324 [Thread-7] ERROR f.i.s.r.p.m.o.MavenFilterOutputHandler - [ERROR] 
07:37:30.324 [Thread-7] ERROR f.i.s.r.p.m.o.MavenFilterOutputHandler - [ERROR] Please refer to /root/workspace/apache-shardingsphere-master-17081_repo/shardingsphere-test/shardingsphere-integration-test/shardingsphere-integration-test-scaling/target/surefire-reports for the individual test results.
07:37:30.324 [Thread-7] ERROR f.i.s.r.p.m.o.MavenFilterOutputHandler - [ERROR] Please refer to dump files (if any exist) [date]-jvmRun[N].dump, [date].dumpstream and [date]-jvmRun[N].dumpstream.
07:37:30.324 [Thread-7] ERROR f.i.s.r.p.m.o.MavenFilterOutputHandler - [ERROR] -> [Help 1]
07:37:30.327 [Thread-7] ERROR f.i.s.r.p.m.o.MavenFilterOutputHandler - [ERROR] 
07:37:30.327 [Thread-7] ERROR f.i.s.r.p.m.o.MavenFilterOutputHandler - [ERROR] Re-run Maven using the -X switch to enable full debug logging.
07:37:30.327 [Thread-7] ERROR f.i.s.r.p.m.o.MavenFilterOutputHandler - [ERROR] 
07:37:30.327 [Thread-7] ERROR f.i.s.r.p.m.o.MavenFilterOutputHandler - [ERROR] For more information about the errors and possible solutions, please read the following articles:
07:37:30.327 [Thread-7] ERROR f.i.s.r.p.m.o.MavenFilterOutputHandler - [ERROR] [Help 1] http://cwiki.apache.org/confluence/display/MAVEN/MojoFailureException
07:37:30.327 [Thread-7] ERROR f.i.s.r.p.m.o.MavenFilterOutputHandler - [ERROR] 
07:37:30.327 [Thread-7] ERROR f.i.s.r.p.m.o.MavenFilterOutputHandler - [ERROR] After correcting the problems, you can resume the build with the command
07:37:30.328 [Thread-7] ERROR f.i.s.r.p.m.o.MavenFilterOutputHandler - [ERROR]   mvn <goals> -rf :shardingsphere-integration-test-scaling
07:37:38.094 [main] ERROR f.i.s.r.p.s.paths.ComputeClasspath - The file does not exist: /root/./workspace/apache-shardingsphere-master-17081_repo/target/classes.
07:37:38.094 [main] ERROR f.i.s.r.p.s.paths.ComputeClasspath - The file does not exist: /root/./workspace/apache-shardingsphere-master-17081_repo/target/test-classes.
07:37:38.165 [main] ERROR f.i.s.r.process.maven.MavenHelper - Error while building complete model. The raw model will be used. Error message: 1 problem was encountered while building the effective model for org.apache.shardingsphere:shardingsphere:5.1.2-SNAPSHOT
[ERROR] Failed to determine Java version for profile jdk11+ @ 

07:37:38.186 [main] ERROR f.i.s.r.process.maven.MavenHelper - Error while building complete model. The raw model will be used. Error message: 1 problem was encountered while building the effective model for org.apache.shardingsphere:shardingsphere-sql-parser:5.1.2-SNAPSHOT
[ERROR] Failed to determine Java version for profile jdk11+ @ org.apache.shardingsphere:shardingsphere:5.1.2-SNAPSHOT, /root/workspace/apache-shardingsphere-master-17081_repo/pom.xml

07:37:38.195 [main] ERROR f.i.s.r.process.maven.MavenHelper - Error while building complete model. The raw model will be used. Error message: 1 problem was encountered while building the effective model for org.apache.shardingsphere:shardingsphere-sql-parser-dialect:5.1.2-SNAPSHOT
[ERROR] Failed to determine Java version for profile jdk11+ @ org.apache.shardingsphere:shardingsphere:5.1.2-SNAPSHOT, /root/workspace/apache-shardingsphere-master-17081_repo/pom.xml

07:37:38.200 [main] ERROR f.i.s.r.process.maven.MavenHelper - Error while building complete model. The raw model will be used. Error message: 1 problem was encountered while building the effective model for org.apache.shardingsphere:shardingsphere-distsql:5.1.2-SNAPSHOT
[ERROR] Failed to determine Java version for profile jdk11+ @ org.apache.shardingsphere:shardingsphere:5.1.2-SNAPSHOT, /root/workspace/apache-shardingsphere-master-17081_repo/pom.xml

07:37:38.205 [main] ERROR f.i.s.r.process.maven.MavenHelper - Error while building complete model. The raw model will be used. Error message: 1 problem was encountered while building the effective model for org.apache.shardingsphere:shardingsphere-db-protocol:5.1.2-SNAPSHOT
[ERROR] Failed to determine Java version for profile jdk11+ @ org.apache.shardingsphere:shardingsphere:5.1.2-SNAPSHOT, /root/workspace/apache-shardingsphere-master-17081_repo/pom.xml

07:37:38.211 [main] ERROR f.i.s.r.process.maven.MavenHelper - Error while building complete model. The raw model will be used. Error message: 1 problem was encountered while building the effective model for org.apache.shardingsphere:shardingsphere-infra:5.1.2-SNAPSHOT
[ERROR] Failed to determine Java version for profile jdk11+ @ org.apache.shardingsphere:shardingsphere:5.1.2-SNAPSHOT, /root/workspace/apache-shardingsphere-master-17081_repo/pom.xml

07:37:38.216 [main] ERROR f.i.s.r.process.maven.MavenHelper - Error while building complete model. The raw model will be used. Error message: 1 problem was encountered while building the effective model for org.apache.shardingsphere:shardingsphere-infra-datetime:5.1.2-SNAPSHOT
[ERROR] Failed to determine Java version for profile jdk11+ @ org.apache.shardingsphere:shardingsphere:5.1.2-SNAPSHOT, /root/workspace/apache-shardingsphere-master-17081_repo/pom.xml

07:37:38.221 [main] ERROR f.i.s.r.process.maven.MavenHelper - Error while building complete model. The raw model will be used. Error message: 1 problem was encountered while building the effective model for org.apache.shardingsphere:shardingsphere-infra-datetime-type:5.1.2-SNAPSHOT
[ERROR] Failed to determine Java version for profile jdk11+ @ org.apache.shardingsphere:shardingsphere:5.1.2-SNAPSHOT, /root/workspace/apache-shardingsphere-master-17081_repo/pom.xml

07:37:38.225 [main] ERROR f.i.s.r.process.maven.MavenHelper - Error while building complete model. The raw model will be used. Error message: 1 problem was encountered while building the effective model for org.apache.shardingsphere:shardingsphere-infra-federation:5.1.2-SNAPSHOT
[ERROR] Failed to determine Java version for profile jdk11+ @ org.apache.shardingsphere:shardingsphere:5.1.2-SNAPSHOT, /root/workspace/apache-shardingsphere-master-17081_repo/pom.xml

07:37:38.229 [main] ERROR f.i.s.r.process.maven.MavenHelper - Error while building complete model. The raw model will be used. Error message: 1 problem was encountered while building the effective model for org.apache.shardingsphere:shardingsphere-mode:5.1.2-SNAPSHOT
[ERROR] Failed to determine Java version for profile jdk11+ @ org.apache.shardingsphere:shardingsphere:5.1.2-SNAPSHOT, /root/workspace/apache-shardingsphere-master-17081_repo/pom.xml

07:37:38.234 [main] ERROR f.i.s.r.process.maven.MavenHelper - Error while building complete model. The raw model will be used. Error message: 1 problem was encountered while building the effective model for org.apache.shardingsphere:shardingsphere-mode-type:5.1.2-SNAPSHOT
[ERROR] Failed to determine Java version for profile jdk11+ @ org.apache.shardingsphere:shardingsphere:5.1.2-SNAPSHOT, /root/workspace/apache-shardingsphere-master-17081_repo/pom.xml

07:37:38.238 [main] ERROR f.i.s.r.process.maven.MavenHelper - Error while building complete model. The raw model will be used. Error message: 1 problem was encountered while building the effective model for org.apache.shardingsphere:shardingsphere-memory-mode:5.1.2-SNAPSHOT
[ERROR] Failed to determine Java version for profile jdk11+ @ org.apache.shardingsphere:shardingsphere:5.1.2-SNAPSHOT, /root/workspace/apache-shardingsphere-master-17081_repo/pom.xml

07:37:38.242 [main] ERROR f.i.s.r.process.maven.MavenHelper - Error while building complete model. The raw model will be used. Error message: 1 problem was encountered while building the effective model for org.apache.shardingsphere:shardingsphere-standalone-mode:5.1.2-SNAPSHOT
[ERROR] Failed to determine Java version for profile jdk11+ @ org.apache.shardingsphere:shardingsphere:5.1.2-SNAPSHOT, /root/workspace/apache-shardingsphere-master-17081_repo/pom.xml

07:37:38.247 [main] ERROR f.i.s.r.process.maven.MavenHelper - Error while building complete model. The raw model will be used. Error message: 1 problem was encountered while building the effective model for org.apache.shardingsphere:shardingsphere-standalone-mode-repository:5.1.2-SNAPSHOT
[ERROR] Failed to determine Java version for profile jdk11+ @ org.apache.shardingsphere:shardingsphere:5.1.2-SNAPSHOT, /root/workspace/apache-shardingsphere-master-17081_repo/pom.xml

07:37:38.251 [main] ERROR f.i.s.r.process.maven.MavenHelper - Error while building complete model. The raw model will be used. Error message: 1 problem was encountered while building the effective model for org.apache.shardingsphere:shardingsphere-standalone-mode-repository-provider:5.1.2-SNAPSHOT
[ERROR] Failed to determine Java version for profile jdk11+ @ org.apache.shardingsphere:shardingsphere:5.1.2-SNAPSHOT, /root/workspace/apache-shardingsphere-master-17081_repo/pom.xml

07:37:38.256 [main] ERROR f.i.s.r.process.maven.MavenHelper - Error while building complete model. The raw model will be used. Error message: 1 problem was encountered while building the effective model for org.apache.shardingsphere:shardingsphere-cluster-mode:5.1.2-SNAPSHOT
[ERROR] Failed to determine Java version for profile jdk11+ @ org.apache.shardingsphere:shardingsphere:5.1.2-SNAPSHOT, /root/workspace/apache-shardingsphere-master-17081_repo/pom.xml

07:37:38.260 [main] ERROR f.i.s.r.process.maven.MavenHelper - Error while building complete model. The raw model will be used. Error message: 1 problem was encountered while building the effective model for org.apache.shardingsphere:shardingsphere-cluster-mode-repository:5.1.2-SNAPSHOT
[ERROR] Failed to determine Java version for profile jdk11+ @ org.apache.shardingsphere:shardingsphere:5.1.2-SNAPSHOT, /root/workspace/apache-shardingsphere-master-17081_repo/pom.xml

07:37:38.264 [main] ERROR f.i.s.r.process.maven.MavenHelper - Error while building complete model. The raw model will be used. Error message: 1 problem was encountered while building the effective model for org.apache.shardingsphere:shardingsphere-cluster-mode-repository-provider:5.1.2-SNAPSHOT
[ERROR] Failed to determine Java version for profile jdk11+ @ org.apache.shardingsphere:shardingsphere:5.1.2-SNAPSHOT, /root/workspace/apache-shardingsphere-master-17081_repo/pom.xml

07:37:38.267 [main] ERROR f.i.s.r.process.maven.MavenHelper - Error while building complete model. The raw model will be used. Error message: 1 problem was encountered while building the effective model for org.apache.shardingsphere:shardingsphere-kernel:5.1.2-SNAPSHOT
[ERROR] Failed to determine Java version for profile jdk11+ @ org.apache.shardingsphere:shardingsphere:5.1.2-SNAPSHOT, /root/workspace/apache-shardingsphere-master-17081_repo/pom.xml

07:37:38.270 [main] ERROR f.i.s.r.process.maven.MavenHelper - Error while building complete model. The raw model will be used. Error message: 1 problem was encountered while building the effective model for org.apache.shardingsphere:shardingsphere-single-table:5.1.2-SNAPSHOT
[ERROR] Failed to determine Java version for profile jdk11+ @ org.apache.shardingsphere:shardingsphere:5.1.2-SNAPSHOT, /root/workspace/apache-shardingsphere-master-17081_repo/pom.xml

07:37:38.274 [main] ERROR f.i.s.r.process.maven.MavenHelper - Error while building complete model. The raw model will be used. Error message: 1 problem was encountered while building the effective model for org.apache.shardingsphere:shardingsphere-authority:5.1.2-SNAPSHOT
[ERROR] Failed to determine Java version for profile jdk11+ @ org.apache.shardingsphere:shardingsphere:5.1.2-SNAPSHOT, /root/workspace/apache-shardingsphere-master-17081_repo/pom.xml

07:37:38.277 [main] ERROR f.i.s.r.process.maven.MavenHelper - Error while building complete model. The raw model will be used. Error message: 1 problem was encountered while building the effective model for org.apache.shardingsphere:shardingsphere-transaction:5.1.2-SNAPSHOT
[ERROR] Failed to determine Java version for profile jdk11+ @ org.apache.shardingsphere:shardingsphere:5.1.2-SNAPSHOT, /root/workspace/apache-shardingsphere-master-17081_repo/pom.xml

07:37:38.281 [main] ERROR f.i.s.r.process.maven.MavenHelper - Error while building complete model. The raw model will be used. Error message: 1 problem was encountered while building the effective model for org.apache.shardingsphere:shardingsphere-transaction-type:5.1.2-SNAPSHOT
[ERROR] Failed to determine Java version for profile jdk11+ @ org.apache.shardingsphere:shardingsphere:5.1.2-SNAPSHOT, /root/workspace/apache-shardingsphere-master-17081_repo/pom.xml

07:37:38.285 [main] ERROR f.i.s.r.process.maven.MavenHelper - Error while building complete model. The raw model will be used. Error message: 1 problem was encountered while building the effective model for org.apache.shardingsphere:shardingsphere-transaction-xa:5.1.2-SNAPSHOT
[ERROR] Failed to determine Java version for profile jdk11+ @ org.apache.shardingsphere:shardingsphere:5.1.2-SNAPSHOT, /root/workspace/apache-shardingsphere-master-17081_repo/pom.xml

07:37:38.288 [main] ERROR f.i.s.r.process.maven.MavenHelper - Error while building complete model. The raw model will be used. Error message: 1 problem was encountered while building the effective model for org.apache.shardingsphere:shardingsphere-transaction-xa-provider:5.1.2-SNAPSHOT
[ERROR] Failed to determine Java version for profile jdk11+ @ org.apache.shardingsphere:shardingsphere:5.1.2-SNAPSHOT, /root/workspace/apache-shardingsphere-master-17081_repo/pom.xml

07:37:38.292 [main] ERROR f.i.s.r.process.maven.MavenHelper - Error while building complete model. The raw model will be used. Error message: 1 problem was encountered while building the effective model for org.apache.shardingsphere:shardingsphere-transaction-base:5.1.2-SNAPSHOT
[ERROR] Failed to determine Java version for profile jdk11+ @ org.apache.shardingsphere:shardingsphere:5.1.2-SNAPSHOT, /root/workspace/apache-shardingsphere-master-17081_repo/pom.xml

07:37:38.296 [main] ERROR f.i.s.r.process.maven.MavenHelper - Error while building complete model. The raw model will be used. Error message: 1 problem was encountered while building the effective model for org.apache.shardingsphere:shardingsphere-schedule:5.1.2-SNAPSHOT
[ERROR] Failed to determine Java version for profile jdk11+ @ org.apache.shardingsphere:shardingsphere:5.1.2-SNAPSHOT, /root/workspace/apache-shardingsphere-master-17081_repo/pom.xml

07:37:38.299 [main] ERROR f.i.s.r.process.maven.MavenHelper - Error while building complete model. The raw model will be used. Error message: 1 problem was encountered while building the effective model for org.apache.shardingsphere:shardingsphere-data-pipeline:5.1.2-SNAPSHOT
[ERROR] Failed to determine Java version for profile jdk11+ @ org.apache.shardingsphere:shardingsphere:5.1.2-SNAPSHOT, /root/workspace/apache-shardingsphere-master-17081_repo/pom.xml

07:37:38.303 [main] ERROR f.i.s.r.process.maven.MavenHelper - Error while building complete model. The raw model will be used. Error message: 1 problem was encountered while building the effective model for org.apache.shardingsphere:shardingsphere-data-pipeline-dialect:5.1.2-SNAPSHOT
[ERROR] Failed to determine Java version for profile jdk11+ @ org.apache.shardingsphere:shardingsphere:5.1.2-SNAPSHOT, /root/workspace/apache-shardingsphere-master-17081_repo/pom.xml

07:37:38.306 [main] ERROR f.i.s.r.process.maven.MavenHelper - Error while building complete model. The raw model will be used. Error message: 1 problem was encountered while building the effective model for org.apache.shardingsphere:shardingsphere-parser:5.1.2-SNAPSHOT
[ERROR] Failed to determine Java version for profile jdk11+ @ org.apache.shardingsphere:shardingsphere:5.1.2-SNAPSHOT, /root/workspace/apache-shardingsphere-master-17081_repo/pom.xml

07:37:38.309 [main] ERROR f.i.s.r.process.maven.MavenHelper - Error while building complete model. The raw model will be used. Error message: 1 problem was encountered while building the effective model for org.apache.shardingsphere:shardingsphere-parser-spring:5.1.2-SNAPSHOT
[ERROR] Failed to determine Java version for profile jdk11+ @ org.apache.shardingsphere:shardingsphere:5.1.2-SNAPSHOT, /root/workspace/apache-shardingsphere-master-17081_repo/pom.xml

07:37:38.312 [main] ERROR f.i.s.r.process.maven.MavenHelper - Error while building complete model. The raw model will be used. Error message: 1 problem was encountered while building the effective model for org.apache.shardingsphere:shardingsphere-traffic:5.1.2-SNAPSHOT
[ERROR] Failed to determine Java version for profile jdk11+ @ org.apache.shardingsphere:shardingsphere:5.1.2-SNAPSHOT, /root/workspace/apache-shardingsphere-master-17081_repo/pom.xml

07:37:38.315 [main] ERROR f.i.s.r.process.maven.MavenHelper - Error while building complete model. The raw model will be used. Error message: 1 problem was encountered while building the effective model for org.apache.shardingsphere:shardingsphere-jdbc:5.1.2-SNAPSHOT
[ERROR] Failed to determine Java version for profile jdk11+ @ org.apache.shardingsphere:shardingsphere:5.1.2-SNAPSHOT, /root/workspace/apache-shardingsphere-master-17081_repo/pom.xml

07:37:38.317 [main] ERROR f.i.s.r.process.maven.MavenHelper - Error while building complete model. The raw model will be used. Error message: 1 problem was encountered while building the effective model for org.apache.shardingsphere:shardingsphere-jdbc-spring:5.1.2-SNAPSHOT
[ERROR] Failed to determine Java version for profile jdk11+ @ org.apache.shardingsphere:shardingsphere:5.1.2-SNAPSHOT, /root/workspace/apache-shardingsphere-master-17081_repo/pom.xml

07:37:38.320 [main] ERROR f.i.s.r.process.maven.MavenHelper - Error while building complete model. The raw model will be used. Error message: 1 problem was encountered while building the effective model for org.apache.shardingsphere:shardingsphere-jdbc-spring-infra:5.1.2-SNAPSHOT
[ERROR] Failed to determine Java version for profile jdk11+ @ org.apache.shardingsphere:shardingsphere:5.1.2-SNAPSHOT, /root/workspace/apache-shardingsphere-master-17081_repo/pom.xml

07:37:38.323 [main] ERROR f.i.s.r.process.maven.MavenHelper - Error while building complete model. The raw model will be used. Error message: 1 problem was encountered while building the effective model for org.apache.shardingsphere:shardingsphere-jdbc-core-spring:5.1.2-SNAPSHOT
[ERROR] Failed to determine Java version for profile jdk11+ @ org.apache.shardingsphere:shardingsphere:5.1.2-SNAPSHOT, /root/workspace/apache-shardingsphere-master-17081_repo/pom.xml

07:37:38.326 [main] ERROR f.i.s.r.process.maven.MavenHelper - Error while building complete model. The raw model will be used. Error message: 1 problem was encountered while building the effective model for org.apache.shardingsphere:shardingsphere-proxy:5.1.2-SNAPSHOT
[ERROR] Failed to determine Java version for profile jdk11+ @ org.apache.shardingsphere:shardingsphere:5.1.2-SNAPSHOT, /root/workspace/apache-shardingsphere-master-17081_repo/pom.xml

07:37:38.329 [main] ERROR f.i.s.r.process.maven.MavenHelper - Error while building complete model. The raw model will be used. Error message: 1 problem was encountered while building the effective model for org.apache.shardingsphere:shardingsphere-proxy-frontend:5.1.2-SNAPSHOT
[ERROR] Failed to determine Java version for profile jdk11+ @ org.apache.shardingsphere:shardingsphere:5.1.2-SNAPSHOT, /root/workspace/apache-shardingsphere-master-17081_repo/pom.xml

07:37:38.332 [main] ERROR f.i.s.r.process.maven.MavenHelper - Error while building complete model. The raw model will be used. Error message: 1 problem was encountered while building the effective model for org.apache.shardingsphere:shardingsphere-features:5.1.2-SNAPSHOT
[ERROR] Failed to determine Java version for profile jdk11+ @ org.apache.shardingsphere:shardingsphere:5.1.2-SNAPSHOT, /root/workspace/apache-shardingsphere-master-17081_repo/pom.xml

07:37:38.335 [main] ERROR f.i.s.r.process.maven.MavenHelper - Error while building complete model. The raw model will be used. Error message: 1 problem was encountered while building the effective model for org.apache.shardingsphere:shardingsphere-sharding:5.1.2-SNAPSHOT
[ERROR] Failed to determine Java version for profile jdk11+ @ org.apache.shardingsphere:shardingsphere:5.1.2-SNAPSHOT, /root/workspace/apache-shardingsphere-master-17081_repo/pom.xml

07:37:38.338 [main] ERROR f.i.s.r.process.maven.MavenHelper - Error while building complete model. The raw model will be used. Error message: 1 problem was encountered while building the effective model for org.apache.shardingsphere:shardingsphere-sharding-distsql:5.1.2-SNAPSHOT
[ERROR] Failed to determine Java version for profile jdk11+ @ org.apache.shardingsphere:shardingsphere:5.1.2-SNAPSHOT, /root/workspace/apache-shardingsphere-master-17081_repo/pom.xml

07:37:38.341 [main] ERROR f.i.s.r.process.maven.MavenHelper - Error while building complete model. The raw model will be used. Error message: 1 problem was encountered while building the effective model for org.apache.shardingsphere:shardingsphere-sharding-spring:5.1.2-SNAPSHOT
[ERROR] Failed to determine Java version for profile jdk11+ @ org.apache.shardingsphere:shardingsphere:5.1.2-SNAPSHOT, /root/workspace/apache-shardingsphere-master-17081_repo/pom.xml

07:37:38.344 [main] ERROR f.i.s.r.process.maven.MavenHelper - Error while building complete model. The raw model will be used. Error message: 1 problem was encountered while building the effective model for org.apache.shardingsphere:shardingsphere-readwrite-splitting:5.1.2-SNAPSHOT
[ERROR] Failed to determine Java version for profile jdk11+ @ org.apache.shardingsphere:shardingsphere:5.1.2-SNAPSHOT, /root/workspace/apache-shardingsphere-master-17081_repo/pom.xml

07:37:38.347 [main] ERROR f.i.s.r.process.maven.MavenHelper - Error while building complete model. The raw model will be used. Error message: 1 problem was encountered while building the effective model for org.apache.shardingsphere:shardingsphere-readwrite-splitting-distsql:5.1.2-SNAPSHOT
[ERROR] Failed to determine Java version for profile jdk11+ @ org.apache.shardingsphere:shardingsphere:5.1.2-SNAPSHOT, /root/workspace/apache-shardingsphere-master-17081_repo/pom.xml

07:37:38.350 [main] ERROR f.i.s.r.process.maven.MavenHelper - Error while building complete model. The raw model will be used. Error message: 1 problem was encountered while building the effective model for org.apache.shardingsphere:shardingsphere-readwrite-splitting-spring:5.1.2-SNAPSHOT
[ERROR] Failed to determine Java version for profile jdk11+ @ org.apache.shardingsphere:shardingsphere:5.1.2-SNAPSHOT, /root/workspace/apache-shardingsphere-master-17081_repo/pom.xml

07:37:38.353 [main] ERROR f.i.s.r.process.maven.MavenHelper - Error while building complete model. The raw model will be used. Error message: 1 problem was encountered while building the effective model for org.apache.shardingsphere:shardingsphere-db-discovery:5.1.2-SNAPSHOT
[ERROR] Failed to determine Java version for profile jdk11+ @ org.apache.shardingsphere:shardingsphere:5.1.2-SNAPSHOT, /root/workspace/apache-shardingsphere-master-17081_repo/pom.xml

07:37:38.356 [main] ERROR f.i.s.r.process.maven.MavenHelper - Error while building complete model. The raw model will be used. Error message: 1 problem was encountered while building the effective model for org.apache.shardingsphere:shardingsphere-db-discovery-distsql:5.1.2-SNAPSHOT
[ERROR] Failed to determine Java version for profile jdk11+ @ org.apache.shardingsphere:shardingsphere:5.1.2-SNAPSHOT, /root/workspace/apache-shardingsphere-master-17081_repo/pom.xml

07:37:38.359 [main] ERROR f.i.s.r.process.maven.MavenHelper - Error while building complete model. The raw model will be used. Error message: 1 problem was encountered while building the effective model for org.apache.shardingsphere:shardingsphere-db-discovery-provider:5.1.2-SNAPSHOT
[ERROR] Failed to determine Java version for profile jdk11+ @ org.apache.shardingsphere:shardingsphere:5.1.2-SNAPSHOT, /root/workspace/apache-shardingsphere-master-17081_repo/pom.xml

07:37:38.363 [main] ERROR f.i.s.r.process.maven.MavenHelper - Error while building complete model. The raw model will be used. Error message: 1 problem was encountered while building the effective model for org.apache.shardingsphere:shardingsphere-db-discovery-spring:5.1.2-SNAPSHOT
[ERROR] Failed to determine Java version for profile jdk11+ @ org.apache.shardingsphere:shardingsphere:5.1.2-SNAPSHOT, /root/workspace/apache-shardingsphere-master-17081_repo/pom.xml

07:37:38.365 [main] ERROR f.i.s.r.process.maven.MavenHelper - Error while building complete model. The raw model will be used. Error message: 1 problem was encountered while building the effective model for org.apache.shardingsphere:shardingsphere-encrypt:5.1.2-SNAPSHOT
[ERROR] Failed to determine Java version for profile jdk11+ @ org.apache.shardingsphere:shardingsphere:5.1.2-SNAPSHOT, /root/workspace/apache-shardingsphere-master-17081_repo/pom.xml

07:37:38.368 [main] ERROR f.i.s.r.process.maven.MavenHelper - Error while building complete model. The raw model will be used. Error message: 1 problem was encountered while building the effective model for org.apache.shardingsphere:shardingsphere-encrypt-distsql:5.1.2-SNAPSHOT
[ERROR] Failed to determine Java version for profile jdk11+ @ org.apache.shardingsphere:shardingsphere:5.1.2-SNAPSHOT, /root/workspace/apache-shardingsphere-master-17081_repo/pom.xml

07:37:38.371 [main] ERROR f.i.s.r.process.maven.MavenHelper - Error while building complete model. The raw model will be used. Error message: 1 problem was encountered while building the effective model for org.apache.shardingsphere:shardingsphere-encrypt-spring:5.1.2-SNAPSHOT
[ERROR] Failed to determine Java version for profile jdk11+ @ org.apache.shardingsphere:shardingsphere:5.1.2-SNAPSHOT, /root/workspace/apache-shardingsphere-master-17081_repo/pom.xml

07:37:38.374 [main] ERROR f.i.s.r.process.maven.MavenHelper - Error while building complete model. The raw model will be used. Error message: 1 problem was encountered while building the effective model for org.apache.shardingsphere:shardingsphere-shadow:5.1.2-SNAPSHOT
[ERROR] Failed to determine Java version for profile jdk11+ @ org.apache.shardingsphere:shardingsphere:5.1.2-SNAPSHOT, /root/workspace/apache-shardingsphere-master-17081_repo/pom.xml

07:37:38.377 [main] ERROR f.i.s.r.process.maven.MavenHelper - Error while building complete model. The raw model will be used. Error message: 1 problem was encountered while building the effective model for org.apache.shardingsphere:shardingsphere-shadow-distsql:5.1.2-SNAPSHOT
[ERROR] Failed to determine Java version for profile jdk11+ @ org.apache.shardingsphere:shardingsphere:5.1.2-SNAPSHOT, /root/workspace/apache-shardingsphere-master-17081_repo/pom.xml

07:37:38.380 [main] ERROR f.i.s.r.process.maven.MavenHelper - Error while building complete model. The raw model will be used. Error message: 1 problem was encountered while building the effective model for org.apache.shardingsphere:shardingsphere-shadow-spring:5.1.2-SNAPSHOT
[ERROR] Failed to determine Java version for profile jdk11+ @ org.apache.shardingsphere:shardingsphere:5.1.2-SNAPSHOT, /root/workspace/apache-shardingsphere-master-17081_repo/pom.xml

07:37:38.383 [main] ERROR f.i.s.r.process.maven.MavenHelper - Error while building complete model. The raw model will be used. Error message: 1 problem was encountered while building the effective model for org.apache.shardingsphere:shardingsphere-agent:5.1.2-SNAPSHOT
[ERROR] Failed to determine Java version for profile jdk11+ @ org.apache.shardingsphere:shardingsphere:5.1.2-SNAPSHOT, /root/workspace/apache-shardingsphere-master-17081_repo/pom.xml

07:37:38.386 [main] ERROR f.i.s.r.process.maven.MavenHelper - Error while building complete model. The raw model will be used. Error message: 1 problem was encountered while building the effective model for org.apache.shardingsphere:shardingsphere-agent-plugins:5.1.2-SNAPSHOT
[ERROR] Failed to determine Java version for profile jdk11+ @ org.apache.shardingsphere:shardingsphere:5.1.2-SNAPSHOT, /root/workspace/apache-shardingsphere-master-17081_repo/pom.xml

07:37:38.389 [main] ERROR f.i.s.r.process.maven.MavenHelper - Error while building complete model. The raw model will be used. Error message: 1 problem was encountered while building the effective model for org.apache.shardingsphere:shardingsphere-agent-plugin-metrics:5.1.2-SNAPSHOT
[ERROR] Failed to determine Java version for profile jdk11+ @ org.apache.shardingsphere:shardingsphere:5.1.2-SNAPSHOT, /root/workspace/apache-shardingsphere-master-17081_repo/pom.xml

07:37:38.393 [main] ERROR f.i.s.r.process.maven.MavenHelper - Error while building complete model. The raw model will be used. Error message: 1 problem was encountered while building the effective model for org.apache.shardingsphere:shardingsphere-agent-plugin-tracing:5.1.2-SNAPSHOT
[ERROR] Failed to determine Java version for profile jdk11+ @ org.apache.shardingsphere:shardingsphere:5.1.2-SNAPSHOT, /root/workspace/apache-shardingsphere-master-17081_repo/pom.xml

07:37:38.396 [main] ERROR f.i.s.r.process.maven.MavenHelper - Error while building complete model. The raw model will be used. Error message: 1 problem was encountered while building the effective model for org.apache.shardingsphere:shardingsphere-agent-plugin-logging:5.1.2-SNAPSHOT
[ERROR] Failed to determine Java version for profile jdk11+ @ org.apache.shardingsphere:shardingsphere:5.1.2-SNAPSHOT, /root/workspace/apache-shardingsphere-master-17081_repo/pom.xml

07:37:38.399 [main] ERROR f.i.s.r.process.maven.MavenHelper - Error while building complete model. The raw model will be used. Error message: 1 problem was encountered while building the effective model for org.apache.shardingsphere:shardingsphere-agent-distribution:5.1.2-SNAPSHOT
[ERROR] Failed to determine Java version for profile jdk11+ @ org.apache.shardingsphere:shardingsphere:5.1.2-SNAPSHOT, /root/workspace/apache-shardingsphere-master-17081_repo/pom.xml

07:37:38.399 [main] ERROR f.i.s.r.p.s.paths.ComputeSourceDir - The source directory is not at default location or specified in build section from pom.xml, and no parent can be found.
07:37:38.402 [main] ERROR f.i.s.r.process.maven.MavenHelper - Error while building complete model. The raw model will be used. Error message: 1 problem was encountered while building the effective model for org.apache.shardingsphere:shardingsphere-test:5.1.2-SNAPSHOT
[ERROR] Failed to determine Java version for profile jdk11+ @ org.apache.shardingsphere:shardingsphere:5.1.2-SNAPSHOT, /root/workspace/apache-shardingsphere-master-17081_repo/pom.xml

07:37:38.405 [main] ERROR f.i.s.r.process.maven.MavenHelper - Error while building complete model. The raw model will be used. Error message: 1 problem was encountered while building the effective model for org.apache.shardingsphere:shardingsphere-integration-test:5.1.2-SNAPSHOT
[ERROR] Failed to determine Java version for profile jdk11+ @ org.apache.shardingsphere:shardingsphere:5.1.2-SNAPSHOT, /root/workspace/apache-shardingsphere-master-17081_repo/pom.xml

07:37:38.408 [main] ERROR f.i.s.r.process.maven.MavenHelper - Error while building complete model. The raw model will be used. Error message: 1 problem was encountered while building the effective model for org.apache.shardingsphere:shardingsphere-integration-test-fixture:5.1.2-SNAPSHOT
[ERROR] Failed to determine Java version for profile jdk11+ @ org.apache.shardingsphere:shardingsphere:5.1.2-SNAPSHOT, /root/workspace/apache-shardingsphere-master-17081_repo/pom.xml

07:37:38.408 [main] ERROR f.i.s.r.p.s.paths.ComputeSourceDir - The source directory is not at default location or specified in build section from pom.xml, and no parent can be found.
07:37:38.411 [main] ERROR f.i.s.r.process.maven.MavenHelper - Error while building complete model. The raw model will be used. Error message: 1 problem was encountered while building the effective model for org.apache.shardingsphere:shardingsphere-integration-test-env:5.1.2-SNAPSHOT
[ERROR] Failed to determine Java version for profile jdk11+ @ org.apache.shardingsphere:shardingsphere:5.1.2-SNAPSHOT, /root/workspace/apache-shardingsphere-master-17081_repo/pom.xml

07:37:38.411 [main] ERROR f.i.s.r.p.s.paths.ComputeSourceDir - The source directory is not at default location or specified in build section from pom.xml, and no parent can be found.
07:37:38.413 [main] ERROR f.i.s.r.process.maven.MavenHelper - Error while building complete model. The raw model will be used. Error message: 1 problem was encountered while building the effective model for org.apache.shardingsphere:shardingsphere-integration-test-suite:5.1.2-SNAPSHOT
[ERROR] Failed to determine Java version for profile jdk11+ @ org.apache.shardingsphere:shardingsphere:5.1.2-SNAPSHOT, /root/workspace/apache-shardingsphere-master-17081_repo/pom.xml

07:37:38.414 [main] ERROR f.i.s.r.p.s.paths.ComputeSourceDir - The source directory is not at default location or specified in build section from pom.xml, and no parent can be found.
07:37:38.416 [main] ERROR f.i.s.r.process.maven.MavenHelper - Error while building complete model. The raw model will be used. Error message: 1 problem was encountered while building the effective model for org.apache.shardingsphere:shardingsphere-integration-test-scaling:5.1.2-SNAPSHOT
[ERROR] Failed to determine Java version for profile jdk11+ @ org.apache.shardingsphere:shardingsphere:5.1.2-SNAPSHOT, /root/workspace/apache-shardingsphere-master-17081_repo/pom.xml

07:37:38.417 [main] ERROR f.i.s.r.p.s.paths.ComputeSourceDir - The source directory is not at default location or specified in build section from pom.xml, and no parent can be found.
07:37:38.417 [main] ERROR f.i.s.r.p.s.paths.ComputeSourceDir - The source directory is not at default location or specified in build section from pom.xml, and no parent can be found.
07:37:38.419 [main] ERROR f.i.s.r.process.maven.MavenHelper - Error while building complete model. The raw model will be used. Error message: 1 problem was encountered while building the effective model for org.apache.shardingsphere:shardingsphere-integration-driver-test:5.1.2-SNAPSHOT
[ERROR] Failed to determine Java version for profile jdk11+ @ org.apache.shardingsphere:shardingsphere:5.1.2-SNAPSHOT, /root/workspace/apache-shardingsphere-master-17081_repo/pom.xml

07:37:38.419 [main] ERROR f.i.s.r.p.s.paths.ComputeSourceDir - The source directory is not at default location or specified in build section from pom.xml, and no parent can be found.
07:37:38.422 [main] ERROR f.i.s.r.process.maven.MavenHelper - Error while building complete model. The raw model will be used. Error message: 1 problem was encountered while building the effective model for org.apache.shardingsphere:shardingsphere-integration-agent-test:5.1.2-SNAPSHOT
[ERROR] Failed to determine Java version for profile jdk11+ @ org.apache.shardingsphere:shardingsphere:5.1.2-SNAPSHOT, /root/workspace/apache-shardingsphere-master-17081_repo/pom.xml

07:37:38.425 [main] ERROR f.i.s.r.process.maven.MavenHelper - Error while building complete model. The raw model will be used. Error message: 1 problem was encountered while building the effective model for org.apache.shardingsphere:shardingsphere-integration-agent-test-plugins:5.1.2-SNAPSHOT
[ERROR] Failed to determine Java version for profile jdk11+ @ org.apache.shardingsphere:shardingsphere:5.1.2-SNAPSHOT, /root/workspace/apache-shardingsphere-master-17081_repo/pom.xml

07:37:38.428 [main] ERROR f.i.s.r.process.maven.MavenHelper - Error while building complete model. The raw model will be used. Error message: 1 problem was encountered while building the effective model for org.apache.shardingsphere:shardingsphere-integration-agent-test-metrics:5.1.2-SNAPSHOT
[ERROR] Failed to determine Java version for profile jdk11+ @ org.apache.shardingsphere:shardingsphere:5.1.2-SNAPSHOT, /root/workspace/apache-shardingsphere-master-17081_repo/pom.xml

07:37:38.428 [main] ERROR f.i.s.r.p.s.paths.ComputeSourceDir - The source directory is not at default location or specified in build section from pom.xml, and no parent can be found.
07:37:38.431 [main] ERROR f.i.s.r.process.maven.MavenHelper - Error while building complete model. The raw model will be used. Error message: 1 problem was encountered while building the effective model for org.apache.shardingsphere:shardingsphere-integration-agent-test-common:5.1.2-SNAPSHOT
[ERROR] Failed to determine Java version for profile jdk11+ @ org.apache.shardingsphere:shardingsphere:5.1.2-SNAPSHOT, /root/workspace/apache-shardingsphere-master-17081_repo/pom.xml

07:37:38.431 [main] ERROR f.i.s.r.p.s.paths.ComputeSourceDir - The source directory is not at default location or specified in build section from pom.xml, and no parent can be found.
07:37:38.434 [main] ERROR f.i.s.r.process.maven.MavenHelper - Error while building complete model. The raw model will be used. Error message: 1 problem was encountered while building the effective model for org.apache.shardingsphere:shardingsphere-integration-agent-test-zipkin:5.1.2-SNAPSHOT
[ERROR] Failed to determine Java version for profile jdk11+ @ org.apache.shardingsphere:shardingsphere:5.1.2-SNAPSHOT, /root/workspace/apache-shardingsphere-master-17081_repo/pom.xml

07:37:38.435 [main] ERROR f.i.s.r.p.s.paths.ComputeSourceDir - The source directory is not at default location or specified in build section from pom.xml, and no parent can be found.
07:37:38.438 [main] ERROR f.i.s.r.process.maven.MavenHelper - Error while building complete model. The raw model will be used. Error message: 1 problem was encountered while building the effective model for org.apache.shardingsphere:shardingsphere-integration-agent-test-jaeger:5.1.2-SNAPSHOT
[ERROR] Failed to determine Java version for profile jdk11+ @ org.apache.shardingsphere:shardingsphere:5.1.2-SNAPSHOT, /root/workspace/apache-shardingsphere-master-17081_repo/pom.xml

07:37:38.438 [main] ERROR f.i.s.r.p.s.paths.ComputeSourceDir - The source directory is not at default location or specified in build section from pom.xml, and no parent can be found.
07:37:38.441 [main] ERROR f.i.s.r.process.maven.MavenHelper - Error while building complete model. The raw model will be used. Error message: 1 problem was encountered while building the effective model for org.apache.shardingsphere:shardingsphere-integration-agent-test-opentelemetry:5.1.2-SNAPSHOT
[ERROR] Failed to determine Java version for profile jdk11+ @ org.apache.shardingsphere:shardingsphere:5.1.2-SNAPSHOT, /root/workspace/apache-shardingsphere-master-17081_repo/pom.xml

07:37:38.441 [main] ERROR f.i.s.r.p.s.paths.ComputeSourceDir - The source directory is not at default location or specified in build section from pom.xml, and no parent can be found.
07:37:38.441 [main] ERROR f.i.s.r.p.s.paths.ComputeSourceDir - The source directory is not at default location or specified in build section from pom.xml, and no parent can be found.
07:37:38.441 [main] ERROR f.i.s.r.p.s.paths.ComputeSourceDir - The source directory is not at default location or specified in build section from pom.xml, and no parent can be found.
07:37:38.455 [main] ERROR f.i.s.r.process.maven.MavenHelper - Error while building complete model. The raw model will be used. Error message: 1 problem was encountered while building the effective model for org.apache.shardingsphere:shardingsphere-rewrite-test:5.1.2-SNAPSHOT
[ERROR] Failed to determine Java version for profile jdk11+ @ org.apache.shardingsphere:shardingsphere:5.1.2-SNAPSHOT, /root/workspace/apache-shardingsphere-master-17081_repo/pom.xml

07:37:38.455 [main] ERROR f.i.s.r.p.s.paths.ComputeSourceDir - The source directory is not at default location or specified in build section from pom.xml, and no parent can be found.
07:37:38.457 [main] ERROR f.i.s.r.process.maven.MavenHelper - Error while building complete model. The raw model will be used. Error message: 1 problem was encountered while building the effective model for org.apache.shardingsphere:shardingsphere-optimize-test:5.1.2-SNAPSHOT
[ERROR] Failed to determine Java version for profile jdk11+ @ org.apache.shardingsphere:shardingsphere:5.1.2-SNAPSHOT, /root/workspace/apache-shardingsphere-master-17081_repo/pom.xml

07:37:38.458 [main] ERROR f.i.s.r.p.s.paths.ComputeSourceDir - The source directory is not at default location or specified in build section from pom.xml, and no parent can be found.
07:37:38.460 [main] ERROR f.i.s.r.process.maven.MavenHelper - Error while building complete model. The raw model will be used. Error message: 1 problem was encountered while building the effective model for org.apache.shardingsphere:shardingsphere-pipeline-test:5.1.2-SNAPSHOT
[ERROR] Failed to determine Java version for profile jdk11+ @ org.apache.shardingsphere:shardingsphere:5.1.2-SNAPSHOT, /root/workspace/apache-shardingsphere-master-17081_repo/pom.xml

07:37:38.460 [main] ERROR f.i.s.r.p.s.paths.ComputeSourceDir - The source directory is not at default location or specified in build section from pom.xml, and no parent can be found.
07:37:38.462 [main] ERROR f.i.s.r.process.maven.MavenHelper - Error while building complete model. The raw model will be used. Error message: 1 problem was encountered while building the effective model for org.apache.shardingsphere:shardingsphere-distribution:5.1.2-SNAPSHOT
[ERROR] Failed to determine Java version for profile jdk11+ @ org.apache.shardingsphere:shardingsphere:5.1.2-SNAPSHOT, /root/workspace/apache-shardingsphere-master-17081_repo/pom.xml

07:37:38.465 [main] ERROR f.i.s.r.process.maven.MavenHelper - Error while building complete model. The raw model will be used. Error message: 1 problem was encountered while building the effective model for org.apache.shardingsphere:shardingsphere-src-distribution:5.1.2-SNAPSHOT
[ERROR] Failed to determine Java version for profile jdk11+ @ org.apache.shardingsphere:shardingsphere:5.1.2-SNAPSHOT, /root/workspace/apache-shardingsphere-master-17081_repo/pom.xml

07:37:38.465 [main] ERROR f.i.s.r.p.s.paths.ComputeSourceDir - The source directory is not at default location or specified in build section from pom.xml, and no parent can be found.
07:37:38.467 [main] ERROR f.i.s.r.process.maven.MavenHelper - Error while building complete model. The raw model will be used. Error message: 1 problem was encountered while building the effective model for org.apache.shardingsphere:shardingsphere-jdbc-distribution:5.1.2-SNAPSHOT
[ERROR] Failed to determine Java version for profile jdk11+ @ org.apache.shardingsphere:shardingsphere:5.1.2-SNAPSHOT, /root/workspace/apache-shardingsphere-master-17081_repo/pom.xml

07:37:38.468 [main] ERROR f.i.s.r.p.s.paths.ComputeSourceDir - The source directory is not at default location or specified in build section from pom.xml, and no parent can be found.
07:37:38.470 [main] ERROR f.i.s.r.process.maven.MavenHelper - Error while building complete model. The raw model will be used. Error message: 1 problem was encountered while building the effective model for org.apache.shardingsphere:shardingsphere-proxy-distribution:5.1.2-SNAPSHOT
[ERROR] Failed to determine Java version for profile jdk11+ @ org.apache.shardingsphere:shardingsphere:5.1.2-SNAPSHOT, /root/workspace/apache-shardingsphere-master-17081_repo/pom.xml

07:37:38.470 [main] ERROR f.i.s.r.p.s.paths.ComputeSourceDir - The source directory is not at default location or specified in build section from pom.xml, and no parent can be found.
07:37:38.470 [main] ERROR f.i.s.r.p.s.paths.ComputeSourceDir - The source directory is not at default location or specified in build section from pom.xml, and no parent can be found.
07:37:38.471 [main] INFO  f.i.s.r.p.s.paths.ComputeSourceDir - 129 source dirs were found:
07:37:38.471 [main] INFO  f.i.s.r.p.s.paths.ComputeSourceDir - /root/workspace/apache-shardingsphere-master-17081_repo/shardingsphere-agent/shardingsphere-agent-api/src/main/java
07:37:38.471 [main] INFO  f.i.s.r.p.s.paths.ComputeSourceDir - /root/workspace/apache-shardingsphere-master-17081_repo/shardingsphere-agent/shardingsphere-agent-bootstrap/src/main/java
07:37:38.471 [main] INFO  f.i.s.r.p.s.paths.ComputeSourceDir - /root/workspace/apache-shardingsphere-master-17081_repo/shardingsphere-agent/shardingsphere-agent-core/src/main/java
07:37:38.471 [main] INFO  f.i.s.r.p.s.paths.ComputeSourceDir - /root/workspace/apache-shardingsphere-master-17081_repo/shardingsphere-agent/shardingsphere-agent-plugins/shardingsphere-agent-plugin-logging/shardingsphere-agent-logging-base/src/main/java
07:37:38.471 [main] INFO  f.i.s.r.p.s.paths.ComputeSourceDir - /root/workspace/apache-shardingsphere-master-17081_repo/shardingsphere-agent/shardingsphere-agent-plugins/shardingsphere-agent-plugin-metrics/shardingsphere-agent-metrics-api/src/main/java
07:37:38.471 [main] INFO  f.i.s.r.p.s.paths.ComputeSourceDir - /root/workspace/apache-shardingsphere-master-17081_repo/shardingsphere-agent/shardingsphere-agent-plugins/shardingsphere-agent-plugin-metrics/shardingsphere-agent-metrics-prometheus/src/main/java
07:37:38.471 [main] INFO  f.i.s.r.p.s.paths.ComputeSourceDir - /root/workspace/apache-shardingsphere-master-17081_repo/shardingsphere-agent/shardingsphere-agent-plugins/shardingsphere-agent-plugin-tracing/shardingsphere-agent-tracing-jaeger/src/main/java
07:37:38.471 [main] INFO  f.i.s.r.p.s.paths.ComputeSourceDir - /root/workspace/apache-shardingsphere-master-17081_repo/shardingsphere-agent/shardingsphere-agent-plugins/shardingsphere-agent-plugin-tracing/shardingsphere-agent-tracing-opentelemetry/src/main/java
07:37:38.471 [main] INFO  f.i.s.r.p.s.paths.ComputeSourceDir - /root/workspace/apache-shardingsphere-master-17081_repo/shardingsphere-agent/shardingsphere-agent-plugins/shardingsphere-agent-plugin-tracing/shardingsphere-agent-tracing-opentracing/src/main/java
07:37:38.471 [main] INFO  f.i.s.r.p.s.paths.ComputeSourceDir - /root/workspace/apache-shardingsphere-master-17081_repo/shardingsphere-agent/shardingsphere-agent-plugins/shardingsphere-agent-plugin-tracing/shardingsphere-agent-tracing-test/src/main/java
07:37:38.471 [main] INFO  f.i.s.r.p.s.paths.ComputeSourceDir - /root/workspace/apache-shardingsphere-master-17081_repo/shardingsphere-agent/shardingsphere-agent-plugins/shardingsphere-agent-plugin-tracing/shardingsphere-agent-tracing-zipkin/src/main/java
07:37:38.471 [main] INFO  f.i.s.r.p.s.paths.ComputeSourceDir - /root/workspace/apache-shardingsphere-master-17081_repo/shardingsphere-db-protocol/shardingsphere-db-protocol-core/src/main/java
07:37:38.471 [main] INFO  f.i.s.r.p.s.paths.ComputeSourceDir - /root/workspace/apache-shardingsphere-master-17081_repo/shardingsphere-db-protocol/shardingsphere-db-protocol-mysql/src/main/java
07:37:38.471 [main] INFO  f.i.s.r.p.s.paths.ComputeSourceDir - /root/workspace/apache-shardingsphere-master-17081_repo/shardingsphere-db-protocol/shardingsphere-db-protocol-opengauss/src/main/java
07:37:38.471 [main] INFO  f.i.s.r.p.s.paths.ComputeSourceDir - /root/workspace/apache-shardingsphere-master-17081_repo/shardingsphere-db-protocol/shardingsphere-db-protocol-postgresql/src/main/java
07:37:38.471 [main] INFO  f.i.s.r.p.s.paths.ComputeSourceDir - /root/workspace/apache-shardingsphere-master-17081_repo/shardingsphere-distsql/shardingsphere-distsql-parser/src/main/java
07:37:38.471 [main] INFO  f.i.s.r.p.s.paths.ComputeSourceDir - /root/workspace/apache-shardingsphere-master-17081_repo/shardingsphere-distsql/shardingsphere-distsql-statement/src/main/java
07:37:38.471 [main] INFO  f.i.s.r.p.s.paths.ComputeSourceDir - /root/workspace/apache-shardingsphere-master-17081_repo/shardingsphere-features/shardingsphere-db-discovery/shardingsphere-db-discovery-api/src/main/java
07:37:38.471 [main] INFO  f.i.s.r.p.s.paths.ComputeSourceDir - /root/workspace/apache-shardingsphere-master-17081_repo/shardingsphere-features/shardingsphere-db-discovery/shardingsphere-db-discovery-core/src/main/java
07:37:38.471 [main] INFO  f.i.s.r.p.s.paths.ComputeSourceDir - /root/workspace/apache-shardingsphere-master-17081_repo/shardingsphere-features/shardingsphere-db-discovery/shardingsphere-db-discovery-distsql/shardingsphere-db-discovery-distsql-handler/src/main/java
07:37:38.471 [main] INFO  f.i.s.r.p.s.paths.ComputeSourceDir - /root/workspace/apache-shardingsphere-master-17081_repo/shardingsphere-features/shardingsphere-db-discovery/shardingsphere-db-discovery-distsql/shardingsphere-db-discovery-distsql-parser/src/main/java
07:37:38.471 [main] INFO  f.i.s.r.p.s.paths.ComputeSourceDir - /root/workspace/apache-shardingsphere-master-17081_repo/shardingsphere-features/shardingsphere-db-discovery/shardingsphere-db-discovery-distsql/shardingsphere-db-discovery-distsql-statement/src/main/java
07:37:38.471 [main] INFO  f.i.s.r.p.s.paths.ComputeSourceDir - /root/workspace/apache-shardingsphere-master-17081_repo/shardingsphere-features/shardingsphere-db-discovery/shardingsphere-db-discovery-provider/shardingsphere-db-discovery-mysql/src/main/java
07:37:38.471 [main] INFO  f.i.s.r.p.s.paths.ComputeSourceDir - /root/workspace/apache-shardingsphere-master-17081_repo/shardingsphere-features/shardingsphere-db-discovery/shardingsphere-db-discovery-provider/shardingsphere-db-discovery-opengauss/src/main/java
07:37:38.471 [main] INFO  f.i.s.r.p.s.paths.ComputeSourceDir - /root/workspace/apache-shardingsphere-master-17081_repo/shardingsphere-features/shardingsphere-db-discovery/shardingsphere-db-discovery-spring/shardingsphere-db-discovery-spring-boot-starter/src/main/java
07:37:38.471 [main] INFO  f.i.s.r.p.s.paths.ComputeSourceDir - /root/workspace/apache-shardingsphere-master-17081_repo/shardingsphere-features/shardingsphere-db-discovery/shardingsphere-db-discovery-spring/shardingsphere-db-discovery-spring-namespace/src/main/java
07:37:38.471 [main] INFO  f.i.s.r.p.s.paths.ComputeSourceDir - /root/workspace/apache-shardingsphere-master-17081_repo/shardingsphere-features/shardingsphere-encrypt/shardingsphere-encrypt-api/src/main/java
07:37:38.471 [main] INFO  f.i.s.r.p.s.paths.ComputeSourceDir - /root/workspace/apache-shardingsphere-master-17081_repo/shardingsphere-features/shardingsphere-encrypt/shardingsphere-encrypt-core/src/main/java
07:37:38.471 [main] INFO  f.i.s.r.p.s.paths.ComputeSourceDir - /root/workspace/apache-shardingsphere-master-17081_repo/shardingsphere-features/shardingsphere-encrypt/shardingsphere-encrypt-distsql/shardingsphere-encrypt-distsql-handler/src/main/java
07:37:38.471 [main] INFO  f.i.s.r.p.s.paths.ComputeSourceDir - /root/workspace/apache-shardingsphere-master-17081_repo/shardingsphere-features/shardingsphere-encrypt/shardingsphere-encrypt-distsql/shardingsphere-encrypt-distsql-parser/src/main/java
07:37:38.471 [main] INFO  f.i.s.r.p.s.paths.ComputeSourceDir - /root/workspace/apache-shardingsphere-master-17081_repo/shardingsphere-features/shardingsphere-encrypt/shardingsphere-encrypt-distsql/shardingsphere-encrypt-distsql-statement/src/main/java
07:37:38.471 [main] INFO  f.i.s.r.p.s.paths.ComputeSourceDir - /root/workspace/apache-shardingsphere-master-17081_repo/shardingsphere-features/shardingsphere-encrypt/shardingsphere-encrypt-spring/shardingsphere-encrypt-spring-boot-starter/src/main/java
07:37:38.471 [main] INFO  f.i.s.r.p.s.paths.ComputeSourceDir - /root/workspace/apache-shardingsphere-master-17081_repo/shardingsphere-features/shardingsphere-encrypt/shardingsphere-encrypt-spring/shardingsphere-encrypt-spring-namespace/src/main/java
07:37:38.471 [main] INFO  f.i.s.r.p.s.paths.ComputeSourceDir - /root/workspace/apache-shardingsphere-master-17081_repo/shardingsphere-features/shardingsphere-readwrite-splitting/shardingsphere-readwrite-splitting-api/src/main/java
07:37:38.471 [main] INFO  f.i.s.r.p.s.paths.ComputeSourceDir - /root/workspace/apache-shardingsphere-master-17081_repo/shardingsphere-features/shardingsphere-readwrite-splitting/shardingsphere-readwrite-splitting-core/src/main/java
07:37:38.471 [main] INFO  f.i.s.r.p.s.paths.ComputeSourceDir - /root/workspace/apache-shardingsphere-master-17081_repo/shardingsphere-features/shardingsphere-readwrite-splitting/shardingsphere-readwrite-splitting-distsql/shardingsphere-readwrite-splitting-distsql-handler/src/main/java
07:37:38.471 [main] INFO  f.i.s.r.p.s.paths.ComputeSourceDir - /root/workspace/apache-shardingsphere-master-17081_repo/shardingsphere-features/shardingsphere-readwrite-splitting/shardingsphere-readwrite-splitting-distsql/shardingsphere-readwrite-splitting-distsql-parser/src/main/java
07:37:38.471 [main] INFO  f.i.s.r.p.s.paths.ComputeSourceDir - /root/workspace/apache-shardingsphere-master-17081_repo/shardingsphere-features/shardingsphere-readwrite-splitting/shardingsphere-readwrite-splitting-distsql/shardingsphere-readwrite-splitting-distsql-statement/src/main/java
07:37:38.471 [main] INFO  f.i.s.r.p.s.paths.ComputeSourceDir - /root/workspace/apache-shardingsphere-master-17081_repo/shardingsphere-features/shardingsphere-readwrite-splitting/shardingsphere-readwrite-splitting-spring/shardingsphere-readwrite-splitting-spring-boot-starter/src/main/java
07:37:38.472 [main] INFO  f.i.s.r.p.s.paths.ComputeSourceDir - /root/workspace/apache-shardingsphere-master-17081_repo/shardingsphere-features/shardingsphere-readwrite-splitting/shardingsphere-readwrite-splitting-spring/shardingsphere-readwrite-splitting-spring-namespace/src/main/java
07:37:38.472 [main] INFO  f.i.s.r.p.s.paths.ComputeSourceDir - /root/workspace/apache-shardingsphere-master-17081_repo/shardingsphere-features/shardingsphere-shadow/shardingsphere-shadow-api/src/main/java
07:37:38.472 [main] INFO  f.i.s.r.p.s.paths.ComputeSourceDir - /root/workspace/apache-shardingsphere-master-17081_repo/shardingsphere-features/shardingsphere-shadow/shardingsphere-shadow-core/src/main/java
07:37:38.472 [main] INFO  f.i.s.r.p.s.paths.ComputeSourceDir - /root/workspace/apache-shardingsphere-master-17081_repo/shardingsphere-features/shardingsphere-shadow/shardingsphere-shadow-distsql/shardingsphere-shadow-distsql-handler/src/main/java
07:37:38.472 [main] INFO  f.i.s.r.p.s.paths.ComputeSourceDir - /root/workspace/apache-shardingsphere-master-17081_repo/shardingsphere-features/shardingsphere-shadow/shardingsphere-shadow-distsql/shardingsphere-shadow-distsql-parser/src/main/java
07:37:38.472 [main] INFO  f.i.s.r.p.s.paths.ComputeSourceDir - /root/workspace/apache-shardingsphere-master-17081_repo/shardingsphere-features/shardingsphere-shadow/shardingsphere-shadow-distsql/shardingsphere-shadow-distsql-statement/src/main/java
07:37:38.472 [main] INFO  f.i.s.r.p.s.paths.ComputeSourceDir - /root/workspace/apache-shardingsphere-master-17081_repo/shardingsphere-features/shardingsphere-shadow/shardingsphere-shadow-spring/shardingsphere-shadow-spring-boot-starter/src/main/java
07:37:38.472 [main] INFO  f.i.s.r.p.s.paths.ComputeSourceDir - /root/workspace/apache-shardingsphere-master-17081_repo/shardingsphere-features/shardingsphere-shadow/shardingsphere-shadow-spring/shardingsphere-shadow-spring-namespace/src/main/java
07:37:38.472 [main] INFO  f.i.s.r.p.s.paths.ComputeSourceDir - /root/workspace/apache-shardingsphere-master-17081_repo/shardingsphere-features/shardingsphere-sharding/shardingsphere-sharding-api/src/main/java
07:37:38.472 [main] INFO  f.i.s.r.p.s.paths.ComputeSourceDir - /root/workspace/apache-shardingsphere-master-17081_repo/shardingsphere-features/shardingsphere-sharding/shardingsphere-sharding-core/src/main/java
07:37:38.472 [main] INFO  f.i.s.r.p.s.paths.ComputeSourceDir - /root/workspace/apache-shardingsphere-master-17081_repo/shardingsphere-features/shardingsphere-sharding/shardingsphere-sharding-distsql/shardingsphere-sharding-distsql-handler/src/main/java
07:37:38.472 [main] INFO  f.i.s.r.p.s.paths.ComputeSourceDir - /root/workspace/apache-shardingsphere-master-17081_repo/shardingsphere-features/shardingsphere-sharding/shardingsphere-sharding-distsql/shardingsphere-sharding-distsql-parser/src/main/java
07:37:38.472 [main] INFO  f.i.s.r.p.s.paths.ComputeSourceDir - /root/workspace/apache-shardingsphere-master-17081_repo/shardingsphere-features/shardingsphere-sharding/shardingsphere-sharding-distsql/shardingsphere-sharding-distsql-statement/src/main/java
07:37:38.472 [main] INFO  f.i.s.r.p.s.paths.ComputeSourceDir - /root/workspace/apache-shardingsphere-master-17081_repo/shardingsphere-features/shardingsphere-sharding/shardingsphere-sharding-spring/shardingsphere-sharding-spring-boot-starter/src/main/java
07:37:38.472 [main] INFO  f.i.s.r.p.s.paths.ComputeSourceDir - /root/workspace/apache-shardingsphere-master-17081_repo/shardingsphere-features/shardingsphere-sharding/shardingsphere-sharding-spring/shardingsphere-sharding-spring-namespace/src/main/java
07:37:38.472 [main] INFO  f.i.s.r.p.s.paths.ComputeSourceDir - /root/workspace/apache-shardingsphere-master-17081_repo/shardingsphere-infra/shardingsphere-infra-binder/src/main/java
07:37:38.472 [main] INFO  f.i.s.r.p.s.paths.ComputeSourceDir - /root/workspace/apache-shardingsphere-master-17081_repo/shardingsphere-infra/shardingsphere-infra-common/src/main/java
07:37:38.472 [main] INFO  f.i.s.r.p.s.paths.ComputeSourceDir - /root/workspace/apache-shardingsphere-master-17081_repo/shardingsphere-infra/shardingsphere-infra-context/src/main/java
07:37:38.472 [main] INFO  f.i.s.r.p.s.paths.ComputeSourceDir - /root/workspace/apache-shardingsphere-master-17081_repo/shardingsphere-infra/shardingsphere-infra-datetime/shardingsphere-infra-datetime-spi/src/main/java
07:37:38.472 [main] INFO  f.i.s.r.p.s.paths.ComputeSourceDir - /root/workspace/apache-shardingsphere-master-17081_repo/shardingsphere-infra/shardingsphere-infra-datetime/shardingsphere-infra-datetime-type/shardingsphere-database-datetime/src/main/java
07:37:38.472 [main] INFO  f.i.s.r.p.s.paths.ComputeSourceDir - /root/workspace/apache-shardingsphere-master-17081_repo/shardingsphere-infra/shardingsphere-infra-datetime/shardingsphere-infra-datetime-type/shardingsphere-system-datetime/src/main/java
07:37:38.472 [main] INFO  f.i.s.r.p.s.paths.ComputeSourceDir - /root/workspace/apache-shardingsphere-master-17081_repo/shardingsphere-infra/shardingsphere-infra-executor/src/main/java
07:37:38.472 [main] INFO  f.i.s.r.p.s.paths.ComputeSourceDir - /root/workspace/apache-shardingsphere-master-17081_repo/shardingsphere-infra/shardingsphere-infra-federation/shardingsphere-infra-federation-executor/src/main/java
07:37:38.472 [main] INFO  f.i.s.r.p.s.paths.ComputeSourceDir - /root/workspace/apache-shardingsphere-master-17081_repo/shardingsphere-infra/shardingsphere-infra-federation/shardingsphere-infra-federation-optimizer/src/main/java
07:37:38.472 [main] INFO  f.i.s.r.p.s.paths.ComputeSourceDir - /root/workspace/apache-shardingsphere-master-17081_repo/shardingsphere-infra/shardingsphere-infra-merge/src/main/java
07:37:38.472 [main] INFO  f.i.s.r.p.s.paths.ComputeSourceDir - /root/workspace/apache-shardingsphere-master-17081_repo/shardingsphere-infra/shardingsphere-infra-parser/src/main/java
07:37:38.472 [main] INFO  f.i.s.r.p.s.paths.ComputeSourceDir - /root/workspace/apache-shardingsphere-master-17081_repo/shardingsphere-infra/shardingsphere-infra-rewrite/src/main/java
07:37:38.472 [main] INFO  f.i.s.r.p.s.paths.ComputeSourceDir - /root/workspace/apache-shardingsphere-master-17081_repo/shardingsphere-infra/shardingsphere-infra-route/src/main/java
07:37:38.472 [main] INFO  f.i.s.r.p.s.paths.ComputeSourceDir - /root/workspace/apache-shardingsphere-master-17081_repo/shardingsphere-jdbc/shardingsphere-jdbc-core/src/main/java
07:37:38.472 [main] INFO  f.i.s.r.p.s.paths.ComputeSourceDir - /root/workspace/apache-shardingsphere-master-17081_repo/shardingsphere-jdbc/shardingsphere-jdbc-spring/shardingsphere-jdbc-core-spring/shardingsphere-jdbc-core-spring-boot-starter/src/main/java
07:37:38.472 [main] INFO  f.i.s.r.p.s.paths.ComputeSourceDir - /root/workspace/apache-shardingsphere-master-17081_repo/shardingsphere-jdbc/shardingsphere-jdbc-spring/shardingsphere-jdbc-core-spring/shardingsphere-jdbc-core-spring-namespace/src/main/java
07:37:38.472 [main] INFO  f.i.s.r.p.s.paths.ComputeSourceDir - /root/workspace/apache-shardingsphere-master-17081_repo/shardingsphere-jdbc/shardingsphere-jdbc-spring/shardingsphere-jdbc-spring-infra/shardingsphere-jdbc-spring-boot-starter-infra/src/main/java
07:37:38.472 [main] INFO  f.i.s.r.p.s.paths.ComputeSourceDir - /root/workspace/apache-shardingsphere-master-17081_repo/shardingsphere-jdbc/shardingsphere-jdbc-spring/shardingsphere-jdbc-spring-infra/shardingsphere-jdbc-spring-namespace-infra/src/main/java
07:37:38.472 [main] INFO  f.i.s.r.p.s.paths.ComputeSourceDir - /root/workspace/apache-shardingsphere-master-17081_repo/shardingsphere-jdbc/shardingsphere-jdbc-spring/shardingsphere-jdbc-transaction-spring/src/main/java
07:37:38.472 [main] INFO  f.i.s.r.p.s.paths.ComputeSourceDir - /root/workspace/apache-shardingsphere-master-17081_repo/shardingsphere-kernel/shardingsphere-authority/shardingsphere-authority-api/src/main/java
07:37:38.472 [main] INFO  f.i.s.r.p.s.paths.ComputeSourceDir - /root/workspace/apache-shardingsphere-master-17081_repo/shardingsphere-kernel/shardingsphere-authority/shardingsphere-authority-core/src/main/java
07:37:38.472 [main] INFO  f.i.s.r.p.s.paths.ComputeSourceDir - /root/workspace/apache-shardingsphere-master-17081_repo/shardingsphere-kernel/shardingsphere-data-pipeline/shardingsphere-data-pipeline-core/src/main/java
07:37:38.472 [main] INFO  f.i.s.r.p.s.paths.ComputeSourceDir - /root/workspace/apache-shardingsphere-master-17081_repo/shardingsphere-kernel/shardingsphere-data-pipeline/shardingsphere-data-pipeline-dialect/shardingsphere-data-pipeline-mysql/src/main/java
07:37:38.472 [main] INFO  f.i.s.r.p.s.paths.ComputeSourceDir - /root/workspace/apache-shardingsphere-master-17081_repo/shardingsphere-kernel/shardingsphere-data-pipeline/shardingsphere-data-pipeline-dialect/shardingsphere-data-pipeline-opengauss/src/main/java
07:37:38.472 [main] INFO  f.i.s.r.p.s.paths.ComputeSourceDir - /root/workspace/apache-shardingsphere-master-17081_repo/shardingsphere-kernel/shardingsphere-data-pipeline/shardingsphere-data-pipeline-dialect/shardingsphere-data-pipeline-postgresql/src/main/java
07:37:38.472 [main] INFO  f.i.s.r.p.s.paths.ComputeSourceDir - /root/workspace/apache-shardingsphere-master-17081_repo/shardingsphere-kernel/shardingsphere-data-pipeline/shardingsphere-data-pipeline-spi/src/main/java
07:37:38.472 [main] INFO  f.i.s.r.p.s.paths.ComputeSourceDir - /root/workspace/apache-shardingsphere-master-17081_repo/shardingsphere-kernel/shardingsphere-parser/shardingsphere-parser-api/src/main/java
07:37:38.472 [main] INFO  f.i.s.r.p.s.paths.ComputeSourceDir - /root/workspace/apache-shardingsphere-master-17081_repo/shardingsphere-kernel/shardingsphere-parser/shardingsphere-parser-core/src/main/java
07:37:38.473 [main] INFO  f.i.s.r.p.s.paths.ComputeSourceDir - /root/workspace/apache-shardingsphere-master-17081_repo/shardingsphere-kernel/shardingsphere-parser/shardingsphere-parser-spring/shardingsphere-parser-spring-boot-starter/src/main/java
07:37:38.473 [main] INFO  f.i.s.r.p.s.paths.ComputeSourceDir - /root/workspace/apache-shardingsphere-master-17081_repo/shardingsphere-kernel/shardingsphere-parser/shardingsphere-parser-spring/shardingsphere-parser-spring-namespace/src/main/java
07:37:38.473 [main] INFO  f.i.s.r.p.s.paths.ComputeSourceDir - /root/workspace/apache-shardingsphere-master-17081_repo/shardingsphere-kernel/shardingsphere-schedule/shardingsphere-schedule-core/src/main/java
07:37:38.473 [main] INFO  f.i.s.r.p.s.paths.ComputeSourceDir - /root/workspace/apache-shardingsphere-master-17081_repo/shardingsphere-kernel/shardingsphere-single-table/shardingsphere-single-table-api/src/main/java
07:37:38.473 [main] INFO  f.i.s.r.p.s.paths.ComputeSourceDir - /root/workspace/apache-shardingsphere-master-17081_repo/shardingsphere-kernel/shardingsphere-single-table/shardingsphere-single-table-core/src/main/java
07:37:38.473 [main] INFO  f.i.s.r.p.s.paths.ComputeSourceDir - /root/workspace/apache-shardingsphere-master-17081_repo/shardingsphere-kernel/shardingsphere-traffic/shardingsphere-traffic-api/src/main/java
07:37:38.473 [main] INFO  f.i.s.r.p.s.paths.ComputeSourceDir - /root/workspace/apache-shardingsphere-master-17081_repo/shardingsphere-kernel/shardingsphere-traffic/shardingsphere-traffic-core/src/main/java
07:37:38.473 [main] INFO  f.i.s.r.p.s.paths.ComputeSourceDir - /root/workspace/apache-shardingsphere-master-17081_repo/shardingsphere-kernel/shardingsphere-transaction/shardingsphere-transaction-api/src/main/java
07:37:38.473 [main] INFO  f.i.s.r.p.s.paths.ComputeSourceDir - /root/workspace/apache-shardingsphere-master-17081_repo/shardingsphere-kernel/shardingsphere-transaction/shardingsphere-transaction-core/src/main/java
07:37:38.473 [main] INFO  f.i.s.r.p.s.paths.ComputeSourceDir - /root/workspace/apache-shardingsphere-master-17081_repo/shardingsphere-kernel/shardingsphere-transaction/shardingsphere-transaction-type/shardingsphere-transaction-base/shardingsphere-transaction-base-seata-at/src/main/java
07:37:38.473 [main] INFO  f.i.s.r.p.s.paths.ComputeSourceDir - /root/workspace/apache-shardingsphere-master-17081_repo/shardingsphere-kernel/shardingsphere-transaction/shardingsphere-transaction-type/shardingsphere-transaction-xa/shardingsphere-transaction-xa-core/src/main/java
07:37:38.473 [main] INFO  f.i.s.r.p.s.paths.ComputeSourceDir - /root/workspace/apache-shardingsphere-master-17081_repo/shardingsphere-kernel/shardingsphere-transaction/shardingsphere-transaction-type/shardingsphere-transaction-xa/shardingsphere-transaction-xa-provider/shardingsphere-transaction-xa-atomikos/src/main/java
07:37:38.473 [main] INFO  f.i.s.r.p.s.paths.ComputeSourceDir - /root/workspace/apache-shardingsphere-master-17081_repo/shardingsphere-kernel/shardingsphere-transaction/shardingsphere-transaction-type/shardingsphere-transaction-xa/shardingsphere-transaction-xa-provider/shardingsphere-transaction-xa-bitronix/src/main/java
07:37:38.473 [main] INFO  f.i.s.r.p.s.paths.ComputeSourceDir - /root/workspace/apache-shardingsphere-master-17081_repo/shardingsphere-kernel/shardingsphere-transaction/shardingsphere-transaction-type/shardingsphere-transaction-xa/shardingsphere-transaction-xa-provider/shardingsphere-transaction-xa-narayana/src/main/java
07:37:38.473 [main] INFO  f.i.s.r.p.s.paths.ComputeSourceDir - /root/workspace/apache-shardingsphere-master-17081_repo/shardingsphere-kernel/shardingsphere-transaction/shardingsphere-transaction-type/shardingsphere-transaction-xa/shardingsphere-transaction-xa-spi/src/main/java
07:37:38.473 [main] INFO  f.i.s.r.p.s.paths.ComputeSourceDir - /root/workspace/apache-shardingsphere-master-17081_repo/shardingsphere-mode/shardingsphere-mode-core/src/main/java
07:37:38.473 [main] INFO  f.i.s.r.p.s.paths.ComputeSourceDir - /root/workspace/apache-shardingsphere-master-17081_repo/shardingsphere-mode/shardingsphere-mode-type/shardingsphere-cluster-mode/shardingsphere-cluster-mode-core/src/main/java
07:37:38.473 [main] INFO  f.i.s.r.p.s.paths.ComputeSourceDir - /root/workspace/apache-shardingsphere-master-17081_repo/shardingsphere-mode/shardingsphere-mode-type/shardingsphere-cluster-mode/shardingsphere-cluster-mode-repository/shardingsphere-cluster-mode-repository-api/src/main/java
07:37:38.473 [main] INFO  f.i.s.r.p.s.paths.ComputeSourceDir - /root/workspace/apache-shardingsphere-master-17081_repo/shardingsphere-mode/shardingsphere-mode-type/shardingsphere-cluster-mode/shardingsphere-cluster-mode-repository/shardingsphere-cluster-mode-repository-provider/shardingsphere-cluster-mode-repository-etcd/src/main/java
07:37:38.473 [main] INFO  f.i.s.r.p.s.paths.ComputeSourceDir - /root/workspace/apache-shardingsphere-master-17081_repo/shardingsphere-mode/shardingsphere-mode-type/shardingsphere-cluster-mode/shardingsphere-cluster-mode-repository/shardingsphere-cluster-mode-repository-provider/shardingsphere-cluster-mode-repository-zookeeper-curator/src/main/java
07:37:38.473 [main] INFO  f.i.s.r.p.s.paths.ComputeSourceDir - /root/workspace/apache-shardingsphere-master-17081_repo/shardingsphere-mode/shardingsphere-mode-type/shardingsphere-memory-mode/shardingsphere-memory-mode-core/src/main/java
07:37:38.473 [main] INFO  f.i.s.r.p.s.paths.ComputeSourceDir - /root/workspace/apache-shardingsphere-master-17081_repo/shardingsphere-mode/shardingsphere-mode-type/shardingsphere-standalone-mode/shardingsphere-standalone-mode-core/src/main/java
07:37:38.473 [main] INFO  f.i.s.r.p.s.paths.ComputeSourceDir - /root/workspace/apache-shardingsphere-master-17081_repo/shardingsphere-mode/shardingsphere-mode-type/shardingsphere-standalone-mode/shardingsphere-standalone-mode-repository/shardingsphere-standalone-mode-repository-api/src/main/java
07:37:38.473 [main] INFO  f.i.s.r.p.s.paths.ComputeSourceDir - /root/workspace/apache-shardingsphere-master-17081_repo/shardingsphere-mode/shardingsphere-mode-type/shardingsphere-standalone-mode/shardingsphere-standalone-mode-repository/shardingsphere-standalone-mode-repository-provider/shardingsphere-standalone-mode-repository-file/src/main/java
07:37:38.473 [main] INFO  f.i.s.r.p.s.paths.ComputeSourceDir - /root/workspace/apache-shardingsphere-master-17081_repo/shardingsphere-mode/shardingsphere-mode-type/shardingsphere-standalone-mode/shardingsphere-standalone-mode-repository/shardingsphere-standalone-mode-repository-provider/shardingsphere-standalone-mode-repository-h2/src/main/java
07:37:38.473 [main] INFO  f.i.s.r.p.s.paths.ComputeSourceDir - /root/workspace/apache-shardingsphere-master-17081_repo/shardingsphere-proxy/shardingsphere-proxy-backend/src/main/java
07:37:38.473 [main] INFO  f.i.s.r.p.s.paths.ComputeSourceDir - /root/workspace/apache-shardingsphere-master-17081_repo/shardingsphere-proxy/shardingsphere-proxy-bootstrap/src/main/java
07:37:38.473 [main] INFO  f.i.s.r.p.s.paths.ComputeSourceDir - /root/workspace/apache-shardingsphere-master-17081_repo/shardingsphere-proxy/shardingsphere-proxy-frontend/shardingsphere-proxy-frontend-core/src/main/java
07:37:38.473 [main] INFO  f.i.s.r.p.s.paths.ComputeSourceDir - /root/workspace/apache-shardingsphere-master-17081_repo/shardingsphere-proxy/shardingsphere-proxy-frontend/shardingsphere-proxy-frontend-mysql/src/main/java
07:37:38.473 [main] INFO  f.i.s.r.p.s.paths.ComputeSourceDir - /root/workspace/apache-shardingsphere-master-17081_repo/shardingsphere-proxy/shardingsphere-proxy-frontend/shardingsphere-proxy-frontend-opengauss/src/main/java
07:37:38.473 [main] INFO  f.i.s.r.p.s.paths.ComputeSourceDir - /root/workspace/apache-shardingsphere-master-17081_repo/shardingsphere-proxy/shardingsphere-proxy-frontend/shardingsphere-proxy-frontend-postgresql/src/main/java
07:37:38.473 [main] INFO  f.i.s.r.p.s.paths.ComputeSourceDir - /root/workspace/apache-shardingsphere-master-17081_repo/shardingsphere-proxy/shardingsphere-proxy-frontend/shardingsphere-proxy-frontend-reactive-core/src/main/java
07:37:38.473 [main] INFO  f.i.s.r.p.s.paths.ComputeSourceDir - /root/workspace/apache-shardingsphere-master-17081_repo/shardingsphere-proxy/shardingsphere-proxy-frontend/shardingsphere-proxy-frontend-reactive-mysql/src/main/java
07:37:38.473 [main] INFO  f.i.s.r.p.s.paths.ComputeSourceDir - /root/workspace/apache-shardingsphere-master-17081_repo/shardingsphere-proxy/shardingsphere-proxy-frontend/shardingsphere-proxy-frontend-reactive-spi/src/main/java
07:37:38.473 [main] INFO  f.i.s.r.p.s.paths.ComputeSourceDir - /root/workspace/apache-shardingsphere-master-17081_repo/shardingsphere-proxy/shardingsphere-proxy-frontend/shardingsphere-proxy-frontend-spi/src/main/java
07:37:38.473 [main] INFO  f.i.s.r.p.s.paths.ComputeSourceDir - /root/workspace/apache-shardingsphere-master-17081_repo/shardingsphere-spi/src/main/java
07:37:38.473 [main] INFO  f.i.s.r.p.s.paths.ComputeSourceDir - /root/workspace/apache-shardingsphere-master-17081_repo/shardingsphere-sql-parser/shardingsphere-sql-parser-dialect/shardingsphere-sql-parser-mysql/src/main/java
07:37:38.473 [main] INFO  f.i.s.r.p.s.paths.ComputeSourceDir - /root/workspace/apache-shardingsphere-master-17081_repo/shardingsphere-sql-parser/shardingsphere-sql-parser-dialect/shardingsphere-sql-parser-opengauss/src/main/java
07:37:38.473 [main] INFO  f.i.s.r.p.s.paths.ComputeSourceDir - /root/workspace/apache-shardingsphere-master-17081_repo/shardingsphere-sql-parser/shardingsphere-sql-parser-dialect/shardingsphere-sql-parser-oracle/src/main/java
07:37:38.473 [main] INFO  f.i.s.r.p.s.paths.ComputeSourceDir - /root/workspace/apache-shardingsphere-master-17081_repo/shardingsphere-sql-parser/shardingsphere-sql-parser-dialect/shardingsphere-sql-parser-postgresql/src/main/java
07:37:38.473 [main] INFO  f.i.s.r.p.s.paths.ComputeSourceDir - /root/workspace/apache-shardingsphere-master-17081_repo/shardingsphere-sql-parser/shardingsphere-sql-parser-dialect/shardingsphere-sql-parser-sql92/src/main/java
07:37:38.473 [main] INFO  f.i.s.r.p.s.paths.ComputeSourceDir - /root/workspace/apache-shardingsphere-master-17081_repo/shardingsphere-sql-parser/shardingsphere-sql-parser-dialect/shardingsphere-sql-parser-sqlserver/src/main/java
07:37:38.473 [main] INFO  f.i.s.r.p.s.paths.ComputeSourceDir - /root/workspace/apache-shardingsphere-master-17081_repo/shardingsphere-sql-parser/shardingsphere-sql-parser-engine/src/main/java
07:37:38.473 [main] INFO  f.i.s.r.p.s.paths.ComputeSourceDir - /root/workspace/apache-shardingsphere-master-17081_repo/shardingsphere-sql-parser/shardingsphere-sql-parser-spi/src/main/java
07:37:38.473 [main] INFO  f.i.s.r.p.s.paths.ComputeSourceDir - /root/workspace/apache-shardingsphere-master-17081_repo/shardingsphere-sql-parser/shardingsphere-sql-parser-statement/src/main/java
07:37:38.473 [main] INFO  f.i.s.r.p.s.paths.ComputeSourceDir - /root/workspace/apache-shardingsphere-master-17081_repo/shardingsphere-test/shardingsphere-parser-test/src/main/java
07:37:38.473 [main] INFO  f.i.s.r.p.s.paths.ComputeSourceDir - /root/workspace/apache-shardingsphere-master-17081_repo/shardingsphere-test/shardingsphere-test-common/src/main/java
07:37:38.476 [main] ERROR f.i.s.r.process.maven.MavenHelper - Error while building complete model. The raw model will be used. Error message: 1 problem was encountered while building the effective model for org.apache.shardingsphere:shardingsphere:5.1.2-SNAPSHOT
[ERROR] Failed to determine Java version for profile jdk11+ @ 

07:37:38.478 [main] ERROR f.i.s.r.process.maven.MavenHelper - Error while building complete model. The raw model will be used. Error message: 1 problem was encountered while building the effective model for org.apache.shardingsphere:shardingsphere-spi:5.1.2-SNAPSHOT
[ERROR] Failed to determine Java version for profile jdk11+ @ org.apache.shardingsphere:shardingsphere:5.1.2-SNAPSHOT, /root/workspace/apache-shardingsphere-master-17081_repo/pom.xml

07:37:38.481 [main] ERROR f.i.s.r.process.maven.MavenHelper - Error while building complete model. The raw model will be used. Error message: 1 problem was encountered while building the effective model for org.apache.shardingsphere:shardingsphere-sql-parser:5.1.2-SNAPSHOT
[ERROR] Failed to determine Java version for profile jdk11+ @ org.apache.shardingsphere:shardingsphere:5.1.2-SNAPSHOT, /root/workspace/apache-shardingsphere-master-17081_repo/pom.xml

07:37:38.483 [main] ERROR f.i.s.r.process.maven.MavenHelper - Error while building complete model. The raw model will be used. Error message: 1 problem was encountered while building the effective model for org.apache.shardingsphere:shardingsphere-sql-parser-spi:5.1.2-SNAPSHOT
[ERROR] Failed to determine Java version for profile jdk11+ @ org.apache.shardingsphere:shardingsphere:5.1.2-SNAPSHOT, /root/workspace/apache-shardingsphere-master-17081_repo/pom.xml

07:37:38.483 [main] ERROR f.i.s.r.p.step.paths.ComputeTestDir - The test directory is not at default location or specified in build section from pom.xml, and no parent can be found.
07:37:38.485 [main] ERROR f.i.s.r.process.maven.MavenHelper - Error while building complete model. The raw model will be used. Error message: 1 problem was encountered while building the effective model for org.apache.shardingsphere:shardingsphere-sql-parser-statement:5.1.2-SNAPSHOT
[ERROR] Failed to determine Java version for profile jdk11+ @ org.apache.shardingsphere:shardingsphere:5.1.2-SNAPSHOT, /root/workspace/apache-shardingsphere-master-17081_repo/pom.xml

07:37:38.488 [main] ERROR f.i.s.r.process.maven.MavenHelper - Error while building complete model. The raw model will be used. Error message: 1 problem was encountered while building the effective model for org.apache.shardingsphere:shardingsphere-sql-parser-engine:5.1.2-SNAPSHOT
[ERROR] Failed to determine Java version for profile jdk11+ @ org.apache.shardingsphere:shardingsphere:5.1.2-SNAPSHOT, /root/workspace/apache-shardingsphere-master-17081_repo/pom.xml

07:37:38.490 [main] ERROR f.i.s.r.process.maven.MavenHelper - Error while building complete model. The raw model will be used. Error message: 1 problem was encountered while building the effective model for org.apache.shardingsphere:shardingsphere-sql-parser-dialect:5.1.2-SNAPSHOT
[ERROR] Failed to determine Java version for profile jdk11+ @ org.apache.shardingsphere:shardingsphere:5.1.2-SNAPSHOT, /root/workspace/apache-shardingsphere-master-17081_repo/pom.xml

07:37:38.493 [main] ERROR f.i.s.r.process.maven.MavenHelper - Error while building complete model. The raw model will be used. Error message: 1 problem was encountered while building the effective model for org.apache.shardingsphere:shardingsphere-sql-parser-sql92:5.1.2-SNAPSHOT
[ERROR] Failed to determine Java version for profile jdk11+ @ org.apache.shardingsphere:shardingsphere:5.1.2-SNAPSHOT, /root/workspace/apache-shardingsphere-master-17081_repo/pom.xml

07:37:38.495 [main] ERROR f.i.s.r.process.maven.MavenHelper - Error while building complete model. The raw model will be used. Error message: 1 problem was encountered while building the effective model for org.apache.shardingsphere:shardingsphere-sql-parser-postgresql:5.1.2-SNAPSHOT
[ERROR] Failed to determine Java version for profile jdk11+ @ org.apache.shardingsphere:shardingsphere:5.1.2-SNAPSHOT, /root/workspace/apache-shardingsphere-master-17081_repo/pom.xml

07:37:38.497 [main] ERROR f.i.s.r.process.maven.MavenHelper - Error while building complete model. The raw model will be used. Error message: 1 problem was encountered while building the effective model for org.apache.shardingsphere:shardingsphere-sql-parser-mysql:5.1.2-SNAPSHOT
[ERROR] Failed to determine Java version for profile jdk11+ @ org.apache.shardingsphere:shardingsphere:5.1.2-SNAPSHOT, /root/workspace/apache-shardingsphere-master-17081_repo/pom.xml

07:37:38.499 [main] ERROR f.i.s.r.process.maven.MavenHelper - Error while building complete model. The raw model will be used. Error message: 1 problem was encountered while building the effective model for org.apache.shardingsphere:shardingsphere-sql-parser-oracle:5.1.2-SNAPSHOT
[ERROR] Failed to determine Java version for profile jdk11+ @ org.apache.shardingsphere:shardingsphere:5.1.2-SNAPSHOT, /root/workspace/apache-shardingsphere-master-17081_repo/pom.xml

07:37:38.502 [main] ERROR f.i.s.r.process.maven.MavenHelper - Error while building complete model. The raw model will be used. Error message: 1 problem was encountered while building the effective model for org.apache.shardingsphere:shardingsphere-sql-parser-sqlserver:5.1.2-SNAPSHOT
[ERROR] Failed to determine Java version for profile jdk11+ @ org.apache.shardingsphere:shardingsphere:5.1.2-SNAPSHOT, /root/workspace/apache-shardingsphere-master-17081_repo/pom.xml

07:37:38.504 [main] ERROR f.i.s.r.process.maven.MavenHelper - Error while building complete model. The raw model will be used. Error message: 1 problem was encountered while building the effective model for org.apache.shardingsphere:shardingsphere-sql-parser-opengauss:5.1.2-SNAPSHOT
[ERROR] Failed to determine Java version for profile jdk11+ @ org.apache.shardingsphere:shardingsphere:5.1.2-SNAPSHOT, /root/workspace/apache-shardingsphere-master-17081_repo/pom.xml

07:37:38.506 [main] ERROR f.i.s.r.process.maven.MavenHelper - Error while building complete model. The raw model will be used. Error message: 1 problem was encountered while building the effective model for org.apache.shardingsphere:shardingsphere-distsql:5.1.2-SNAPSHOT
[ERROR] Failed to determine Java version for profile jdk11+ @ org.apache.shardingsphere:shardingsphere:5.1.2-SNAPSHOT, /root/workspace/apache-shardingsphere-master-17081_repo/pom.xml

07:37:38.508 [main] ERROR f.i.s.r.process.maven.MavenHelper - Error while building complete model. The raw model will be used. Error message: 1 problem was encountered while building the effective model for org.apache.shardingsphere:shardingsphere-distsql-statement:5.1.2-SNAPSHOT
[ERROR] Failed to determine Java version for profile jdk11+ @ org.apache.shardingsphere:shardingsphere:5.1.2-SNAPSHOT, /root/workspace/apache-shardingsphere-master-17081_repo/pom.xml

07:37:38.508 [main] ERROR f.i.s.r.p.step.paths.ComputeTestDir - The test directory is not at default location or specified in build section from pom.xml, and no parent can be found.
07:37:38.510 [main] ERROR f.i.s.r.process.maven.MavenHelper - Error while building complete model. The raw model will be used. Error message: 1 problem was encountered while building the effective model for org.apache.shardingsphere:shardingsphere-distsql-parser:5.1.2-SNAPSHOT
[ERROR] Failed to determine Java version for profile jdk11+ @ org.apache.shardingsphere:shardingsphere:5.1.2-SNAPSHOT, /root/workspace/apache-shardingsphere-master-17081_repo/pom.xml

07:37:38.510 [main] ERROR f.i.s.r.p.step.paths.ComputeTestDir - The test directory is not at default location or specified in build section from pom.xml, and no parent can be found.
07:37:38.510 [main] ERROR f.i.s.r.p.step.paths.ComputeTestDir - The test directory is not at default location or specified in build section from pom.xml, and no parent can be found.
07:37:38.512 [main] ERROR f.i.s.r.process.maven.MavenHelper - Error while building complete model. The raw model will be used. Error message: 1 problem was encountered while building the effective model for org.apache.shardingsphere:shardingsphere-db-protocol:5.1.2-SNAPSHOT
[ERROR] Failed to determine Java version for profile jdk11+ @ org.apache.shardingsphere:shardingsphere:5.1.2-SNAPSHOT, /root/workspace/apache-shardingsphere-master-17081_repo/pom.xml

07:37:38.514 [main] ERROR f.i.s.r.process.maven.MavenHelper - Error while building complete model. The raw model will be used. Error message: 1 problem was encountered while building the effective model for org.apache.shardingsphere:shardingsphere-db-protocol-core:5.1.2-SNAPSHOT
[ERROR] Failed to determine Java version for profile jdk11+ @ org.apache.shardingsphere:shardingsphere:5.1.2-SNAPSHOT, /root/workspace/apache-shardingsphere-master-17081_repo/pom.xml

07:37:38.517 [main] ERROR f.i.s.r.process.maven.MavenHelper - Error while building complete model. The raw model will be used. Error message: 1 problem was encountered while building the effective model for org.apache.shardingsphere:shardingsphere-db-protocol-postgresql:5.1.2-SNAPSHOT
[ERROR] Failed to determine Java version for profile jdk11+ @ org.apache.shardingsphere:shardingsphere:5.1.2-SNAPSHOT, /root/workspace/apache-shardingsphere-master-17081_repo/pom.xml

07:37:38.519 [main] ERROR f.i.s.r.process.maven.MavenHelper - Error while building complete model. The raw model will be used. Error message: 1 problem was encountered while building the effective model for org.apache.shardingsphere:shardingsphere-db-protocol-mysql:5.1.2-SNAPSHOT
[ERROR] Failed to determine Java version for profile jdk11+ @ org.apache.shardingsphere:shardingsphere:5.1.2-SNAPSHOT, /root/workspace/apache-shardingsphere-master-17081_repo/pom.xml

07:37:38.521 [main] ERROR f.i.s.r.process.maven.MavenHelper - Error while building complete model. The raw model will be used. Error message: 1 problem was encountered while building the effective model for org.apache.shardingsphere:shardingsphere-db-protocol-opengauss:5.1.2-SNAPSHOT
[ERROR] Failed to determine Java version for profile jdk11+ @ org.apache.shardingsphere:shardingsphere:5.1.2-SNAPSHOT, /root/workspace/apache-shardingsphere-master-17081_repo/pom.xml

07:37:38.523 [main] ERROR f.i.s.r.process.maven.MavenHelper - Error while building complete model. The raw model will be used. Error message: 1 problem was encountered while building the effective model for org.apache.shardingsphere:shardingsphere-infra:5.1.2-SNAPSHOT
[ERROR] Failed to determine Java version for profile jdk11+ @ org.apache.shardingsphere:shardingsphere:5.1.2-SNAPSHOT, /root/workspace/apache-shardingsphere-master-17081_repo/pom.xml

07:37:38.525 [main] ERROR f.i.s.r.process.maven.MavenHelper - Error while building complete model. The raw model will be used. Error message: 1 problem was encountered while building the effective model for org.apache.shardingsphere:shardingsphere-infra-common:5.1.2-SNAPSHOT
[ERROR] Failed to determine Java version for profile jdk11+ @ org.apache.shardingsphere:shardingsphere:5.1.2-SNAPSHOT, /root/workspace/apache-shardingsphere-master-17081_repo/pom.xml

07:37:38.527 [main] ERROR f.i.s.r.process.maven.MavenHelper - Error while building complete model. The raw model will be used. Error message: 1 problem was encountered while building the effective model for org.apache.shardingsphere:shardingsphere-infra-parser:5.1.2-SNAPSHOT
[ERROR] Failed to determine Java version for profile jdk11+ @ org.apache.shardingsphere:shardingsphere:5.1.2-SNAPSHOT, /root/workspace/apache-shardingsphere-master-17081_repo/pom.xml

07:37:38.529 [main] ERROR f.i.s.r.process.maven.MavenHelper - Error while building complete model. The raw model will be used. Error message: 1 problem was encountered while building the effective model for org.apache.shardingsphere:shardingsphere-infra-binder:5.1.2-SNAPSHOT
[ERROR] Failed to determine Java version for profile jdk11+ @ org.apache.shardingsphere:shardingsphere:5.1.2-SNAPSHOT, /root/workspace/apache-shardingsphere-master-17081_repo/pom.xml

07:37:38.532 [main] ERROR f.i.s.r.process.maven.MavenHelper - Error while building complete model. The raw model will be used. Error message: 1 problem was encountered while building the effective model for org.apache.shardingsphere:shardingsphere-infra-route:5.1.2-SNAPSHOT
[ERROR] Failed to determine Java version for profile jdk11+ @ org.apache.shardingsphere:shardingsphere:5.1.2-SNAPSHOT, /root/workspace/apache-shardingsphere-master-17081_repo/pom.xml

07:37:38.534 [main] ERROR f.i.s.r.process.maven.MavenHelper - Error while building complete model. The raw model will be used. Error message: 1 problem was encountered while building the effective model for org.apache.shardingsphere:shardingsphere-infra-rewrite:5.1.2-SNAPSHOT
[ERROR] Failed to determine Java version for profile jdk11+ @ org.apache.shardingsphere:shardingsphere:5.1.2-SNAPSHOT, /root/workspace/apache-shardingsphere-master-17081_repo/pom.xml

07:37:38.536 [main] ERROR f.i.s.r.process.maven.MavenHelper - Error while building complete model. The raw model will be used. Error message: 1 problem was encountered while building the effective model for org.apache.shardingsphere:shardingsphere-infra-executor:5.1.2-SNAPSHOT
[ERROR] Failed to determine Java version for profile jdk11+ @ org.apache.shardingsphere:shardingsphere:5.1.2-SNAPSHOT, /root/workspace/apache-shardingsphere-master-17081_repo/pom.xml

07:37:38.538 [main] ERROR f.i.s.r.process.maven.MavenHelper - Error while building complete model. The raw model will be used. Error message: 1 problem was encountered while building the effective model for org.apache.shardingsphere:shardingsphere-infra-merge:5.1.2-SNAPSHOT
[ERROR] Failed to determine Java version for profile jdk11+ @ org.apache.shardingsphere:shardingsphere:5.1.2-SNAPSHOT, /root/workspace/apache-shardingsphere-master-17081_repo/pom.xml

07:37:38.540 [main] ERROR f.i.s.r.process.maven.MavenHelper - Error while building complete model. The raw model will be used. Error message: 1 problem was encountered while building the effective model for org.apache.shardingsphere:shardingsphere-infra-context:5.1.2-SNAPSHOT
[ERROR] Failed to determine Java version for profile jdk11+ @ org.apache.shardingsphere:shardingsphere:5.1.2-SNAPSHOT, /root/workspace/apache-shardingsphere-master-17081_repo/pom.xml

07:37:38.542 [main] ERROR f.i.s.r.process.maven.MavenHelper - Error while building complete model. The raw model will be used. Error message: 1 problem was encountered while building the effective model for org.apache.shardingsphere:shardingsphere-infra-datetime:5.1.2-SNAPSHOT
[ERROR] Failed to determine Java version for profile jdk11+ @ org.apache.shardingsphere:shardingsphere:5.1.2-SNAPSHOT, /root/workspace/apache-shardingsphere-master-17081_repo/pom.xml

07:37:38.544 [main] ERROR f.i.s.r.process.maven.MavenHelper - Error while building complete model. The raw model will be used. Error message: 1 problem was encountered while building the effective model for org.apache.shardingsphere:shardingsphere-infra-datetime-spi:5.1.2-SNAPSHOT
[ERROR] Failed to determine Java version for profile jdk11+ @ org.apache.shardingsphere:shardingsphere:5.1.2-SNAPSHOT, /root/workspace/apache-shardingsphere-master-17081_repo/pom.xml

07:37:38.544 [main] ERROR f.i.s.r.p.step.paths.ComputeTestDir - The test directory is not at default location or specified in build section from pom.xml, and no parent can be found.
07:37:38.546 [main] ERROR f.i.s.r.process.maven.MavenHelper - Error while building complete model. The raw model will be used. Error message: 1 problem was encountered while building the effective model for org.apache.shardingsphere:shardingsphere-infra-datetime-type:5.1.2-SNAPSHOT
[ERROR] Failed to determine Java version for profile jdk11+ @ org.apache.shardingsphere:shardingsphere:5.1.2-SNAPSHOT, /root/workspace/apache-shardingsphere-master-17081_repo/pom.xml

07:37:38.549 [main] ERROR f.i.s.r.process.maven.MavenHelper - Error while building complete model. The raw model will be used. Error message: 1 problem was encountered while building the effective model for org.apache.shardingsphere:shardingsphere-system-datetime:5.1.2-SNAPSHOT
[ERROR] Failed to determine Java version for profile jdk11+ @ org.apache.shardingsphere:shardingsphere:5.1.2-SNAPSHOT, /root/workspace/apache-shardingsphere-master-17081_repo/pom.xml

07:37:38.551 [main] ERROR f.i.s.r.process.maven.MavenHelper - Error while building complete model. The raw model will be used. Error message: 1 problem was encountered while building the effective model for org.apache.shardingsphere:shardingsphere-database-datetime:5.1.2-SNAPSHOT
[ERROR] Failed to determine Java version for profile jdk11+ @ org.apache.shardingsphere:shardingsphere:5.1.2-SNAPSHOT, /root/workspace/apache-shardingsphere-master-17081_repo/pom.xml

07:37:38.553 [main] ERROR f.i.s.r.process.maven.MavenHelper - Error while building complete model. The raw model will be used. Error message: 1 problem was encountered while building the effective model for org.apache.shardingsphere:shardingsphere-infra-federation:5.1.2-SNAPSHOT
[ERROR] Failed to determine Java version for profile jdk11+ @ org.apache.shardingsphere:shardingsphere:5.1.2-SNAPSHOT, /root/workspace/apache-shardingsphere-master-17081_repo/pom.xml

07:37:38.556 [main] ERROR f.i.s.r.process.maven.MavenHelper - Error while building complete model. The raw model will be used. Error message: 1 problem was encountered while building the effective model for org.apache.shardingsphere:shardingsphere-infra-federation-optimizer:5.1.2-SNAPSHOT
[ERROR] Failed to determine Java version for profile jdk11+ @ org.apache.shardingsphere:shardingsphere:5.1.2-SNAPSHOT, /root/workspace/apache-shardingsphere-master-17081_repo/pom.xml

07:37:38.558 [main] ERROR f.i.s.r.process.maven.MavenHelper - Error while building complete model. The raw model will be used. Error message: 1 problem was encountered while building the effective model for org.apache.shardingsphere:shardingsphere-infra-federation-executor:5.1.2-SNAPSHOT
[ERROR] Failed to determine Java version for profile jdk11+ @ org.apache.shardingsphere:shardingsphere:5.1.2-SNAPSHOT, /root/workspace/apache-shardingsphere-master-17081_repo/pom.xml

07:37:38.559 [main] ERROR f.i.s.r.p.step.paths.ComputeTestDir - The test directory is not at default location or specified in build section from pom.xml, and no parent can be found.
07:37:38.561 [main] ERROR f.i.s.r.process.maven.MavenHelper - Error while building complete model. The raw model will be used. Error message: 1 problem was encountered while building the effective model for org.apache.shardingsphere:shardingsphere-mode:5.1.2-SNAPSHOT
[ERROR] Failed to determine Java version for profile jdk11+ @ org.apache.shardingsphere:shardingsphere:5.1.2-SNAPSHOT, /root/workspace/apache-shardingsphere-master-17081_repo/pom.xml

07:37:38.564 [main] ERROR f.i.s.r.process.maven.MavenHelper - Error while building complete model. The raw model will be used. Error message: 1 problem was encountered while building the effective model for org.apache.shardingsphere:shardingsphere-mode-core:5.1.2-SNAPSHOT
[ERROR] Failed to determine Java version for profile jdk11+ @ org.apache.shardingsphere:shardingsphere:5.1.2-SNAPSHOT, /root/workspace/apache-shardingsphere-master-17081_repo/pom.xml

07:37:38.566 [main] ERROR f.i.s.r.process.maven.MavenHelper - Error while building complete model. The raw model will be used. Error message: 1 problem was encountered while building the effective model for org.apache.shardingsphere:shardingsphere-mode-type:5.1.2-SNAPSHOT
[ERROR] Failed to determine Java version for profile jdk11+ @ org.apache.shardingsphere:shardingsphere:5.1.2-SNAPSHOT, /root/workspace/apache-shardingsphere-master-17081_repo/pom.xml

07:37:38.569 [main] ERROR f.i.s.r.process.maven.MavenHelper - Error while building complete model. The raw model will be used. Error message: 1 problem was encountered while building the effective model for org.apache.shardingsphere:shardingsphere-memory-mode:5.1.2-SNAPSHOT
[ERROR] Failed to determine Java version for profile jdk11+ @ org.apache.shardingsphere:shardingsphere:5.1.2-SNAPSHOT, /root/workspace/apache-shardingsphere-master-17081_repo/pom.xml

07:37:38.572 [main] ERROR f.i.s.r.process.maven.MavenHelper - Error while building complete model. The raw model will be used. Error message: 1 problem was encountered while building the effective model for org.apache.shardingsphere:shardingsphere-memory-mode-core:5.1.2-SNAPSHOT
[ERROR] Failed to determine Java version for profile jdk11+ @ org.apache.shardingsphere:shardingsphere:5.1.2-SNAPSHOT, /root/workspace/apache-shardingsphere-master-17081_repo/pom.xml

07:37:38.572 [main] ERROR f.i.s.r.p.step.paths.ComputeTestDir - The test directory is not at default location or specified in build section from pom.xml, and no parent can be found.
07:37:38.572 [main] ERROR f.i.s.r.p.step.paths.ComputeTestDir - The test directory is not at default location or specified in build section from pom.xml, and no parent can be found.
07:37:38.574 [main] ERROR f.i.s.r.process.maven.MavenHelper - Error while building complete model. The raw model will be used. Error message: 1 problem was encountered while building the effective model for org.apache.shardingsphere:shardingsphere-standalone-mode:5.1.2-SNAPSHOT
[ERROR] Failed to determine Java version for profile jdk11+ @ org.apache.shardingsphere:shardingsphere:5.1.2-SNAPSHOT, /root/workspace/apache-shardingsphere-master-17081_repo/pom.xml

07:37:38.577 [main] ERROR f.i.s.r.process.maven.MavenHelper - Error while building complete model. The raw model will be used. Error message: 1 problem was encountered while building the effective model for org.apache.shardingsphere:shardingsphere-standalone-mode-core:5.1.2-SNAPSHOT
[ERROR] Failed to determine Java version for profile jdk11+ @ org.apache.shardingsphere:shardingsphere:5.1.2-SNAPSHOT, /root/workspace/apache-shardingsphere-master-17081_repo/pom.xml

07:37:38.580 [main] ERROR f.i.s.r.process.maven.MavenHelper - Error while building complete model. The raw model will be used. Error message: 1 problem was encountered while building the effective model for org.apache.shardingsphere:shardingsphere-standalone-mode-repository:5.1.2-SNAPSHOT
[ERROR] Failed to determine Java version for profile jdk11+ @ org.apache.shardingsphere:shardingsphere:5.1.2-SNAPSHOT, /root/workspace/apache-shardingsphere-master-17081_repo/pom.xml

07:37:38.583 [main] ERROR f.i.s.r.process.maven.MavenHelper - Error while building complete model. The raw model will be used. Error message: 1 problem was encountered while building the effective model for org.apache.shardingsphere:shardingsphere-standalone-mode-repository-api:5.1.2-SNAPSHOT
[ERROR] Failed to determine Java version for profile jdk11+ @ org.apache.shardingsphere:shardingsphere:5.1.2-SNAPSHOT, /root/workspace/apache-shardingsphere-master-17081_repo/pom.xml

07:37:38.584 [main] ERROR f.i.s.r.p.step.paths.ComputeTestDir - The test directory is not at default location or specified in build section from pom.xml, and no parent can be found.
07:37:38.586 [main] ERROR f.i.s.r.process.maven.MavenHelper - Error while building complete model. The raw model will be used. Error message: 1 problem was encountered while building the effective model for org.apache.shardingsphere:shardingsphere-standalone-mode-repository-provider:5.1.2-SNAPSHOT
[ERROR] Failed to determine Java version for profile jdk11+ @ org.apache.shardingsphere:shardingsphere:5.1.2-SNAPSHOT, /root/workspace/apache-shardingsphere-master-17081_repo/pom.xml

07:37:38.589 [main] ERROR f.i.s.r.process.maven.MavenHelper - Error while building complete model. The raw model will be used. Error message: 1 problem was encountered while building the effective model for org.apache.shardingsphere:shardingsphere-standalone-mode-repository-file:5.1.2-SNAPSHOT
[ERROR] Failed to determine Java version for profile jdk11+ @ org.apache.shardingsphere:shardingsphere:5.1.2-SNAPSHOT, /root/workspace/apache-shardingsphere-master-17081_repo/pom.xml

07:37:38.591 [main] ERROR f.i.s.r.process.maven.MavenHelper - Error while building complete model. The raw model will be used. Error message: 1 problem was encountered while building the effective model for org.apache.shardingsphere:shardingsphere-standalone-mode-repository-h2:5.1.2-SNAPSHOT
[ERROR] Failed to determine Java version for profile jdk11+ @ org.apache.shardingsphere:shardingsphere:5.1.2-SNAPSHOT, /root/workspace/apache-shardingsphere-master-17081_repo/pom.xml

07:37:38.594 [main] ERROR f.i.s.r.process.maven.MavenHelper - Error while building complete model. The raw model will be used. Error message: 1 problem was encountered while building the effective model for org.apache.shardingsphere:shardingsphere-cluster-mode:5.1.2-SNAPSHOT
[ERROR] Failed to determine Java version for profile jdk11+ @ org.apache.shardingsphere:shardingsphere:5.1.2-SNAPSHOT, /root/workspace/apache-shardingsphere-master-17081_repo/pom.xml

07:37:38.596 [main] ERROR f.i.s.r.process.maven.MavenHelper - Error while building complete model. The raw model will be used. Error message: 1 problem was encountered while building the effective model for org.apache.shardingsphere:shardingsphere-cluster-mode-core:5.1.2-SNAPSHOT
[ERROR] Failed to determine Java version for profile jdk11+ @ org.apache.shardingsphere:shardingsphere:5.1.2-SNAPSHOT, /root/workspace/apache-shardingsphere-master-17081_repo/pom.xml

07:37:38.599 [main] ERROR f.i.s.r.process.maven.MavenHelper - Error while building complete model. The raw model will be used. Error message: 1 problem was encountered while building the effective model for org.apache.shardingsphere:shardingsphere-cluster-mode-repository:5.1.2-SNAPSHOT
[ERROR] Failed to determine Java version for profile jdk11+ @ org.apache.shardingsphere:shardingsphere:5.1.2-SNAPSHOT, /root/workspace/apache-shardingsphere-master-17081_repo/pom.xml

07:37:38.601 [main] ERROR f.i.s.r.process.maven.MavenHelper - Error while building complete model. The raw model will be used. Error message: 1 problem was encountered while building the effective model for org.apache.shardingsphere:shardingsphere-cluster-mode-repository-api:5.1.2-SNAPSHOT
[ERROR] Failed to determine Java version for profile jdk11+ @ org.apache.shardingsphere:shardingsphere:5.1.2-SNAPSHOT, /root/workspace/apache-shardingsphere-master-17081_repo/pom.xml

07:37:38.602 [main] ERROR f.i.s.r.p.step.paths.ComputeTestDir - The test directory is not at default location or specified in build section from pom.xml, and no parent can be found.
07:37:38.604 [main] ERROR f.i.s.r.process.maven.MavenHelper - Error while building complete model. The raw model will be used. Error message: 1 problem was encountered while building the effective model for org.apache.shardingsphere:shardingsphere-cluster-mode-repository-provider:5.1.2-SNAPSHOT
[ERROR] Failed to determine Java version for profile jdk11+ @ org.apache.shardingsphere:shardingsphere:5.1.2-SNAPSHOT, /root/workspace/apache-shardingsphere-master-17081_repo/pom.xml

07:37:38.607 [main] ERROR f.i.s.r.process.maven.MavenHelper - Error while building complete model. The raw model will be used. Error message: 1 problem was encountered while building the effective model for org.apache.shardingsphere:shardingsphere-cluster-mode-repository-zookeeper-curator:5.1.2-SNAPSHOT
[ERROR] Failed to determine Java version for profile jdk11+ @ org.apache.shardingsphere:shardingsphere:5.1.2-SNAPSHOT, /root/workspace/apache-shardingsphere-master-17081_repo/pom.xml

07:37:38.610 [main] ERROR f.i.s.r.process.maven.MavenHelper - Error while building complete model. The raw model will be used. Error message: 1 problem was encountered while building the effective model for org.apache.shardingsphere:shardingsphere-cluster-mode-repository-etcd:5.1.2-SNAPSHOT
[ERROR] Failed to determine Java version for profile jdk11+ @ org.apache.shardingsphere:shardingsphere:5.1.2-SNAPSHOT, /root/workspace/apache-shardingsphere-master-17081_repo/pom.xml

07:37:38.612 [main] ERROR f.i.s.r.process.maven.MavenHelper - Error while building complete model. The raw model will be used. Error message: 1 problem was encountered while building the effective model for org.apache.shardingsphere:shardingsphere-kernel:5.1.2-SNAPSHOT
[ERROR] Failed to determine Java version for profile jdk11+ @ org.apache.shardingsphere:shardingsphere:5.1.2-SNAPSHOT, /root/workspace/apache-shardingsphere-master-17081_repo/pom.xml

07:37:38.615 [main] ERROR f.i.s.r.process.maven.MavenHelper - Error while building complete model. The raw model will be used. Error message: 1 problem was encountered while building the effective model for org.apache.shardingsphere:shardingsphere-single-table:5.1.2-SNAPSHOT
[ERROR] Failed to determine Java version for profile jdk11+ @ org.apache.shardingsphere:shardingsphere:5.1.2-SNAPSHOT, /root/workspace/apache-shardingsphere-master-17081_repo/pom.xml

07:37:38.617 [main] ERROR f.i.s.r.process.maven.MavenHelper - Error while building complete model. The raw model will be used. Error message: 1 problem was encountered while building the effective model for org.apache.shardingsphere:shardingsphere-single-table-api:5.1.2-SNAPSHOT
[ERROR] Failed to determine Java version for profile jdk11+ @ org.apache.shardingsphere:shardingsphere:5.1.2-SNAPSHOT, /root/workspace/apache-shardingsphere-master-17081_repo/pom.xml

07:37:38.618 [main] ERROR f.i.s.r.p.step.paths.ComputeTestDir - The test directory is not at default location or specified in build section from pom.xml, and no parent can be found.
07:37:38.620 [main] ERROR f.i.s.r.process.maven.MavenHelper - Error while building complete model. The raw model will be used. Error message: 1 problem was encountered while building the effective model for org.apache.shardingsphere:shardingsphere-single-table-core:5.1.2-SNAPSHOT
[ERROR] Failed to determine Java version for profile jdk11+ @ org.apache.shardingsphere:shardingsphere:5.1.2-SNAPSHOT, /root/workspace/apache-shardingsphere-master-17081_repo/pom.xml

07:37:38.623 [main] ERROR f.i.s.r.process.maven.MavenHelper - Error while building complete model. The raw model will be used. Error message: 1 problem was encountered while building the effective model for org.apache.shardingsphere:shardingsphere-authority:5.1.2-SNAPSHOT
[ERROR] Failed to determine Java version for profile jdk11+ @ org.apache.shardingsphere:shardingsphere:5.1.2-SNAPSHOT, /root/workspace/apache-shardingsphere-master-17081_repo/pom.xml

07:37:38.626 [main] ERROR f.i.s.r.process.maven.MavenHelper - Error while building complete model. The raw model will be used. Error message: 1 problem was encountered while building the effective model for org.apache.shardingsphere:shardingsphere-authority-api:5.1.2-SNAPSHOT
[ERROR] Failed to determine Java version for profile jdk11+ @ org.apache.shardingsphere:shardingsphere:5.1.2-SNAPSHOT, /root/workspace/apache-shardingsphere-master-17081_repo/pom.xml

07:37:38.626 [main] ERROR f.i.s.r.p.step.paths.ComputeTestDir - The test directory is not at default location or specified in build section from pom.xml, and no parent can be found.
07:37:38.628 [main] ERROR f.i.s.r.process.maven.MavenHelper - Error while building complete model. The raw model will be used. Error message: 1 problem was encountered while building the effective model for org.apache.shardingsphere:shardingsphere-authority-core:5.1.2-SNAPSHOT
[ERROR] Failed to determine Java version for profile jdk11+ @ org.apache.shardingsphere:shardingsphere:5.1.2-SNAPSHOT, /root/workspace/apache-shardingsphere-master-17081_repo/pom.xml

07:37:38.631 [main] ERROR f.i.s.r.process.maven.MavenHelper - Error while building complete model. The raw model will be used. Error message: 1 problem was encountered while building the effective model for org.apache.shardingsphere:shardingsphere-transaction:5.1.2-SNAPSHOT
[ERROR] Failed to determine Java version for profile jdk11+ @ org.apache.shardingsphere:shardingsphere:5.1.2-SNAPSHOT, /root/workspace/apache-shardingsphere-master-17081_repo/pom.xml

07:37:38.634 [main] ERROR f.i.s.r.process.maven.MavenHelper - Error while building complete model. The raw model will be used. Error message: 1 problem was encountered while building the effective model for org.apache.shardingsphere:shardingsphere-transaction-api:5.1.2-SNAPSHOT
[ERROR] Failed to determine Java version for profile jdk11+ @ org.apache.shardingsphere:shardingsphere:5.1.2-SNAPSHOT, /root/workspace/apache-shardingsphere-master-17081_repo/pom.xml

07:37:38.634 [main] ERROR f.i.s.r.p.step.paths.ComputeTestDir - The test directory is not at default location or specified in build section from pom.xml, and no parent can be found.
07:37:38.637 [main] ERROR f.i.s.r.process.maven.MavenHelper - Error while building complete model. The raw model will be used. Error message: 1 problem was encountered while building the effective model for org.apache.shardingsphere:shardingsphere-transaction-core:5.1.2-SNAPSHOT
[ERROR] Failed to determine Java version for profile jdk11+ @ org.apache.shardingsphere:shardingsphere:5.1.2-SNAPSHOT, /root/workspace/apache-shardingsphere-master-17081_repo/pom.xml

07:37:38.640 [main] ERROR f.i.s.r.process.maven.MavenHelper - Error while building complete model. The raw model will be used. Error message: 1 problem was encountered while building the effective model for org.apache.shardingsphere:shardingsphere-transaction-type:5.1.2-SNAPSHOT
[ERROR] Failed to determine Java version for profile jdk11+ @ org.apache.shardingsphere:shardingsphere:5.1.2-SNAPSHOT, /root/workspace/apache-shardingsphere-master-17081_repo/pom.xml

07:37:38.643 [main] ERROR f.i.s.r.process.maven.MavenHelper - Error while building complete model. The raw model will be used. Error message: 1 problem was encountered while building the effective model for org.apache.shardingsphere:shardingsphere-transaction-xa:5.1.2-SNAPSHOT
[ERROR] Failed to determine Java version for profile jdk11+ @ org.apache.shardingsphere:shardingsphere:5.1.2-SNAPSHOT, /root/workspace/apache-shardingsphere-master-17081_repo/pom.xml

07:37:38.646 [main] ERROR f.i.s.r.process.maven.MavenHelper - Error while building complete model. The raw model will be used. Error message: 1 problem was encountered while building the effective model for org.apache.shardingsphere:shardingsphere-transaction-xa-spi:5.1.2-SNAPSHOT
[ERROR] Failed to determine Java version for profile jdk11+ @ org.apache.shardingsphere:shardingsphere:5.1.2-SNAPSHOT, /root/workspace/apache-shardingsphere-master-17081_repo/pom.xml

07:37:38.649 [main] ERROR f.i.s.r.process.maven.MavenHelper - Error while building complete model. The raw model will be used. Error message: 1 problem was encountered while building the effective model for org.apache.shardingsphere:shardingsphere-transaction-xa-core:5.1.2-SNAPSHOT
[ERROR] Failed to determine Java version for profile jdk11+ @ org.apache.shardingsphere:shardingsphere:5.1.2-SNAPSHOT, /root/workspace/apache-shardingsphere-master-17081_repo/pom.xml

07:37:38.652 [main] ERROR f.i.s.r.process.maven.MavenHelper - Error while building complete model. The raw model will be used. Error message: 1 problem was encountered while building the effective model for org.apache.shardingsphere:shardingsphere-transaction-xa-provider:5.1.2-SNAPSHOT
[ERROR] Failed to determine Java version for profile jdk11+ @ org.apache.shardingsphere:shardingsphere:5.1.2-SNAPSHOT, /root/workspace/apache-shardingsphere-master-17081_repo/pom.xml

07:37:38.656 [main] ERROR f.i.s.r.process.maven.MavenHelper - Error while building complete model. The raw model will be used. Error message: 1 problem was encountered while building the effective model for org.apache.shardingsphere:shardingsphere-transaction-xa-atomikos:5.1.2-SNAPSHOT
[ERROR] Failed to determine Java version for profile jdk11+ @ org.apache.shardingsphere:shardingsphere:5.1.2-SNAPSHOT, /root/workspace/apache-shardingsphere-master-17081_repo/pom.xml

07:37:38.659 [main] ERROR f.i.s.r.process.maven.MavenHelper - Error while building complete model. The raw model will be used. Error message: 1 problem was encountered while building the effective model for org.apache.shardingsphere:shardingsphere-transaction-xa-narayana:5.1.2-SNAPSHOT
[ERROR] Failed to determine Java version for profile jdk11+ @ org.apache.shardingsphere:shardingsphere:5.1.2-SNAPSHOT, /root/workspace/apache-shardingsphere-master-17081_repo/pom.xml

07:37:38.661 [main] ERROR f.i.s.r.process.maven.MavenHelper - Error while building complete model. The raw model will be used. Error message: 1 problem was encountered while building the effective model for org.apache.shardingsphere:shardingsphere-transaction-xa-bitronix:5.1.2-SNAPSHOT
[ERROR] Failed to determine Java version for profile jdk11+ @ org.apache.shardingsphere:shardingsphere:5.1.2-SNAPSHOT, /root/workspace/apache-shardingsphere-master-17081_repo/pom.xml

07:37:38.664 [main] ERROR f.i.s.r.process.maven.MavenHelper - Error while building complete model. The raw model will be used. Error message: 1 problem was encountered while building the effective model for org.apache.shardingsphere:shardingsphere-transaction-base:5.1.2-SNAPSHOT
[ERROR] Failed to determine Java version for profile jdk11+ @ org.apache.shardingsphere:shardingsphere:5.1.2-SNAPSHOT, /root/workspace/apache-shardingsphere-master-17081_repo/pom.xml

07:37:38.666 [main] ERROR f.i.s.r.process.maven.MavenHelper - Error while building complete model. The raw model will be used. Error message: 1 problem was encountered while building the effective model for org.apache.shardingsphere:shardingsphere-transaction-base-seata-at:5.1.2-SNAPSHOT
[ERROR] Failed to determine Java version for profile jdk11+ @ org.apache.shardingsphere:shardingsphere:5.1.2-SNAPSHOT, /root/workspace/apache-shardingsphere-master-17081_repo/pom.xml

07:37:38.669 [main] ERROR f.i.s.r.process.maven.MavenHelper - Error while building complete model. The raw model will be used. Error message: 1 problem was encountered while building the effective model for org.apache.shardingsphere:shardingsphere-schedule:5.1.2-SNAPSHOT
[ERROR] Failed to determine Java version for profile jdk11+ @ org.apache.shardingsphere:shardingsphere:5.1.2-SNAPSHOT, /root/workspace/apache-shardingsphere-master-17081_repo/pom.xml

07:37:38.671 [main] ERROR f.i.s.r.process.maven.MavenHelper - Error while building complete model. The raw model will be used. Error message: 1 problem was encountered while building the effective model for org.apache.shardingsphere:shardingsphere-schedule-core:5.1.2-SNAPSHOT
[ERROR] Failed to determine Java version for profile jdk11+ @ org.apache.shardingsphere:shardingsphere:5.1.2-SNAPSHOT, /root/workspace/apache-shardingsphere-master-17081_repo/pom.xml

07:37:38.671 [main] ERROR f.i.s.r.p.step.paths.ComputeTestDir - The test directory is not at default location or specified in build section from pom.xml, and no parent can be found.
07:37:38.671 [main] ERROR f.i.s.r.p.step.paths.ComputeTestDir - The test directory is not at default location or specified in build section from pom.xml, and no parent can be found.
07:37:38.673 [main] ERROR f.i.s.r.process.maven.MavenHelper - Error while building complete model. The raw model will be used. Error message: 1 problem was encountered while building the effective model for org.apache.shardingsphere:shardingsphere-data-pipeline:5.1.2-SNAPSHOT
[ERROR] Failed to determine Java version for profile jdk11+ @ org.apache.shardingsphere:shardingsphere:5.1.2-SNAPSHOT, /root/workspace/apache-shardingsphere-master-17081_repo/pom.xml

07:37:38.677 [main] ERROR f.i.s.r.process.maven.MavenHelper - Error while building complete model. The raw model will be used. Error message: 1 problem was encountered while building the effective model for org.apache.shardingsphere:shardingsphere-data-pipeline-core:5.1.2-SNAPSHOT
[ERROR] Failed to determine Java version for profile jdk11+ @ org.apache.shardingsphere:shardingsphere:5.1.2-SNAPSHOT, /root/workspace/apache-shardingsphere-master-17081_repo/pom.xml

07:37:38.680 [main] ERROR f.i.s.r.process.maven.MavenHelper - Error while building complete model. The raw model will be used. Error message: 1 problem was encountered while building the effective model for org.apache.shardingsphere:shardingsphere-data-pipeline-spi:5.1.2-SNAPSHOT
[ERROR] Failed to determine Java version for profile jdk11+ @ org.apache.shardingsphere:shardingsphere:5.1.2-SNAPSHOT, /root/workspace/apache-shardingsphere-master-17081_repo/pom.xml

07:37:38.684 [main] ERROR f.i.s.r.process.maven.MavenHelper - Error while building complete model. The raw model will be used. Error message: 1 problem was encountered while building the effective model for org.apache.shardingsphere:shardingsphere-data-pipeline-dialect:5.1.2-SNAPSHOT
[ERROR] Failed to determine Java version for profile jdk11+ @ org.apache.shardingsphere:shardingsphere:5.1.2-SNAPSHOT, /root/workspace/apache-shardingsphere-master-17081_repo/pom.xml

07:37:38.687 [main] ERROR f.i.s.r.process.maven.MavenHelper - Error while building complete model. The raw model will be used. Error message: 1 problem was encountered while building the effective model for org.apache.shardingsphere:shardingsphere-data-pipeline-mysql:5.1.2-SNAPSHOT
[ERROR] Failed to determine Java version for profile jdk11+ @ org.apache.shardingsphere:shardingsphere:5.1.2-SNAPSHOT, /root/workspace/apache-shardingsphere-master-17081_repo/pom.xml

07:37:38.691 [main] ERROR f.i.s.r.process.maven.MavenHelper - Error while building complete model. The raw model will be used. Error message: 1 problem was encountered while building the effective model for org.apache.shardingsphere:shardingsphere-data-pipeline-postgresql:5.1.2-SNAPSHOT
[ERROR] Failed to determine Java version for profile jdk11+ @ org.apache.shardingsphere:shardingsphere:5.1.2-SNAPSHOT, /root/workspace/apache-shardingsphere-master-17081_repo/pom.xml

07:37:38.695 [main] ERROR f.i.s.r.process.maven.MavenHelper - Error while building complete model. The raw model will be used. Error message: 1 problem was encountered while building the effective model for org.apache.shardingsphere:shardingsphere-data-pipeline-opengauss:5.1.2-SNAPSHOT
[ERROR] Failed to determine Java version for profile jdk11+ @ org.apache.shardingsphere:shardingsphere:5.1.2-SNAPSHOT, /root/workspace/apache-shardingsphere-master-17081_repo/pom.xml

07:37:38.698 [main] ERROR f.i.s.r.process.maven.MavenHelper - Error while building complete model. The raw model will be used. Error message: 1 problem was encountered while building the effective model for org.apache.shardingsphere:shardingsphere-parser:5.1.2-SNAPSHOT
[ERROR] Failed to determine Java version for profile jdk11+ @ org.apache.shardingsphere:shardingsphere:5.1.2-SNAPSHOT, /root/workspace/apache-shardingsphere-master-17081_repo/pom.xml

07:37:38.701 [main] ERROR f.i.s.r.process.maven.MavenHelper - Error while building complete model. The raw model will be used. Error message: 1 problem was encountered while building the effective model for org.apache.shardingsphere:shardingsphere-parser-api:5.1.2-SNAPSHOT
[ERROR] Failed to determine Java version for profile jdk11+ @ org.apache.shardingsphere:shardingsphere:5.1.2-SNAPSHOT, /root/workspace/apache-shardingsphere-master-17081_repo/pom.xml

07:37:38.701 [main] ERROR f.i.s.r.p.step.paths.ComputeTestDir - The test directory is not at default location or specified in build section from pom.xml, and no parent can be found.
07:37:38.704 [main] ERROR f.i.s.r.process.maven.MavenHelper - Error while building complete model. The raw model will be used. Error message: 1 problem was encountered while building the effective model for org.apache.shardingsphere:shardingsphere-parser-core:5.1.2-SNAPSHOT
[ERROR] Failed to determine Java version for profile jdk11+ @ org.apache.shardingsphere:shardingsphere:5.1.2-SNAPSHOT, /root/workspace/apache-shardingsphere-master-17081_repo/pom.xml

07:37:38.708 [main] ERROR f.i.s.r.process.maven.MavenHelper - Error while building complete model. The raw model will be used. Error message: 1 problem was encountered while building the effective model for org.apache.shardingsphere:shardingsphere-parser-spring:5.1.2-SNAPSHOT
[ERROR] Failed to determine Java version for profile jdk11+ @ org.apache.shardingsphere:shardingsphere:5.1.2-SNAPSHOT, /root/workspace/apache-shardingsphere-master-17081_repo/pom.xml

07:37:38.711 [main] ERROR f.i.s.r.process.maven.MavenHelper - Error while building complete model. The raw model will be used. Error message: 1 problem was encountered while building the effective model for org.apache.shardingsphere:shardingsphere-parser-spring-boot-starter:5.1.2-SNAPSHOT
[ERROR] Failed to determine Java version for profile jdk11+ @ org.apache.shardingsphere:shardingsphere:5.1.2-SNAPSHOT, /root/workspace/apache-shardingsphere-master-17081_repo/pom.xml

07:37:38.715 [main] ERROR f.i.s.r.process.maven.MavenHelper - Error while building complete model. The raw model will be used. Error message: 1 problem was encountered while building the effective model for org.apache.shardingsphere:shardingsphere-parser-spring-namespace:5.1.2-SNAPSHOT
[ERROR] Failed to determine Java version for profile jdk11+ @ org.apache.shardingsphere:shardingsphere:5.1.2-SNAPSHOT, /root/workspace/apache-shardingsphere-master-17081_repo/pom.xml

07:37:38.718 [main] ERROR f.i.s.r.process.maven.MavenHelper - Error while building complete model. The raw model will be used. Error message: 1 problem was encountered while building the effective model for org.apache.shardingsphere:shardingsphere-traffic:5.1.2-SNAPSHOT
[ERROR] Failed to determine Java version for profile jdk11+ @ org.apache.shardingsphere:shardingsphere:5.1.2-SNAPSHOT, /root/workspace/apache-shardingsphere-master-17081_repo/pom.xml

07:37:38.721 [main] ERROR f.i.s.r.process.maven.MavenHelper - Error while building complete model. The raw model will be used. Error message: 1 problem was encountered while building the effective model for org.apache.shardingsphere:shardingsphere-traffic-api:5.1.2-SNAPSHOT
[ERROR] Failed to determine Java version for profile jdk11+ @ org.apache.shardingsphere:shardingsphere:5.1.2-SNAPSHOT, /root/workspace/apache-shardingsphere-master-17081_repo/pom.xml

07:37:38.721 [main] ERROR f.i.s.r.p.step.paths.ComputeTestDir - The test directory is not at default location or specified in build section from pom.xml, and no parent can be found.
07:37:38.724 [main] ERROR f.i.s.r.process.maven.MavenHelper - Error while building complete model. The raw model will be used. Error message: 1 problem was encountered while building the effective model for org.apache.shardingsphere:shardingsphere-traffic-core:5.1.2-SNAPSHOT
[ERROR] Failed to determine Java version for profile jdk11+ @ org.apache.shardingsphere:shardingsphere:5.1.2-SNAPSHOT, /root/workspace/apache-shardingsphere-master-17081_repo/pom.xml

07:37:38.727 [main] ERROR f.i.s.r.process.maven.MavenHelper - Error while building complete model. The raw model will be used. Error message: 1 problem was encountered while building the effective model for org.apache.shardingsphere:shardingsphere-jdbc:5.1.2-SNAPSHOT
[ERROR] Failed to determine Java version for profile jdk11+ @ org.apache.shardingsphere:shardingsphere:5.1.2-SNAPSHOT, /root/workspace/apache-shardingsphere-master-17081_repo/pom.xml

07:37:38.731 [main] ERROR f.i.s.r.process.maven.MavenHelper - Error while building complete model. The raw model will be used. Error message: 1 problem was encountered while building the effective model for org.apache.shardingsphere:shardingsphere-jdbc-core:5.1.2-SNAPSHOT
[ERROR] Failed to determine Java version for profile jdk11+ @ org.apache.shardingsphere:shardingsphere:5.1.2-SNAPSHOT, /root/workspace/apache-shardingsphere-master-17081_repo/pom.xml

07:37:38.734 [main] ERROR f.i.s.r.process.maven.MavenHelper - Error while building complete model. The raw model will be used. Error message: 1 problem was encountered while building the effective model for org.apache.shardingsphere:shardingsphere-jdbc-spring:5.1.2-SNAPSHOT
[ERROR] Failed to determine Java version for profile jdk11+ @ org.apache.shardingsphere:shardingsphere:5.1.2-SNAPSHOT, /root/workspace/apache-shardingsphere-master-17081_repo/pom.xml

07:37:38.737 [main] ERROR f.i.s.r.process.maven.MavenHelper - Error while building complete model. The raw model will be used. Error message: 1 problem was encountered while building the effective model for org.apache.shardingsphere:shardingsphere-jdbc-spring-infra:5.1.2-SNAPSHOT
[ERROR] Failed to determine Java version for profile jdk11+ @ org.apache.shardingsphere:shardingsphere:5.1.2-SNAPSHOT, /root/workspace/apache-shardingsphere-master-17081_repo/pom.xml

07:37:38.740 [main] ERROR f.i.s.r.process.maven.MavenHelper - Error while building complete model. The raw model will be used. Error message: 1 problem was encountered while building the effective model for org.apache.shardingsphere:shardingsphere-jdbc-spring-boot-starter-infra:5.1.2-SNAPSHOT
[ERROR] Failed to determine Java version for profile jdk11+ @ org.apache.shardingsphere:shardingsphere:5.1.2-SNAPSHOT, /root/workspace/apache-shardingsphere-master-17081_repo/pom.xml

07:37:38.743 [main] ERROR f.i.s.r.process.maven.MavenHelper - Error while building complete model. The raw model will be used. Error message: 1 problem was encountered while building the effective model for org.apache.shardingsphere:shardingsphere-jdbc-spring-namespace-infra:5.1.2-SNAPSHOT
[ERROR] Failed to determine Java version for profile jdk11+ @ org.apache.shardingsphere:shardingsphere:5.1.2-SNAPSHOT, /root/workspace/apache-shardingsphere-master-17081_repo/pom.xml

07:37:38.746 [main] ERROR f.i.s.r.process.maven.MavenHelper - Error while building complete model. The raw model will be used. Error message: 1 problem was encountered while building the effective model for org.apache.shardingsphere:shardingsphere-jdbc-core-spring:5.1.2-SNAPSHOT
[ERROR] Failed to determine Java version for profile jdk11+ @ org.apache.shardingsphere:shardingsphere:5.1.2-SNAPSHOT, /root/workspace/apache-shardingsphere-master-17081_repo/pom.xml

07:37:38.749 [main] ERROR f.i.s.r.process.maven.MavenHelper - Error while building complete model. The raw model will be used. Error message: 1 problem was encountered while building the effective model for org.apache.shardingsphere:shardingsphere-jdbc-core-spring-boot-starter:5.1.2-SNAPSHOT
[ERROR] Failed to determine Java version for profile jdk11+ @ org.apache.shardingsphere:shardingsphere:5.1.2-SNAPSHOT, /root/workspace/apache-shardingsphere-master-17081_repo/pom.xml

07:37:38.751 [main] ERROR f.i.s.r.process.maven.MavenHelper - Error while building complete model. The raw model will be used. Error message: 1 problem was encountered while building the effective model for org.apache.shardingsphere:shardingsphere-jdbc-core-spring-namespace:5.1.2-SNAPSHOT
[ERROR] Failed to determine Java version for profile jdk11+ @ org.apache.shardingsphere:shardingsphere:5.1.2-SNAPSHOT, /root/workspace/apache-shardingsphere-master-17081_repo/pom.xml

07:37:38.753 [main] ERROR f.i.s.r.process.maven.MavenHelper - Error while building complete model. The raw model will be used. Error message: 1 problem was encountered while building the effective model for org.apache.shardingsphere:shardingsphere-jdbc-transaction-spring:5.1.2-SNAPSHOT
[ERROR] Failed to determine Java version for profile jdk11+ @ org.apache.shardingsphere:shardingsphere:5.1.2-SNAPSHOT, /root/workspace/apache-shardingsphere-master-17081_repo/pom.xml

07:37:38.755 [main] ERROR f.i.s.r.process.maven.MavenHelper - Error while building complete model. The raw model will be used. Error message: 1 problem was encountered while building the effective model for org.apache.shardingsphere:shardingsphere-proxy:5.1.2-SNAPSHOT
[ERROR] Failed to determine Java version for profile jdk11+ @ org.apache.shardingsphere:shardingsphere:5.1.2-SNAPSHOT, /root/workspace/apache-shardingsphere-master-17081_repo/pom.xml

07:37:38.757 [main] ERROR f.i.s.r.process.maven.MavenHelper - Error while building complete model. The raw model will be used. Error message: 1 problem was encountered while building the effective model for org.apache.shardingsphere:shardingsphere-proxy-frontend:5.1.2-SNAPSHOT
[ERROR] Failed to determine Java version for profile jdk11+ @ org.apache.shardingsphere:shardingsphere:5.1.2-SNAPSHOT, /root/workspace/apache-shardingsphere-master-17081_repo/pom.xml

07:37:38.760 [main] ERROR f.i.s.r.process.maven.MavenHelper - Error while building complete model. The raw model will be used. Error message: 1 problem was encountered while building the effective model for org.apache.shardingsphere:shardingsphere-proxy-frontend-spi:5.1.2-SNAPSHOT
[ERROR] Failed to determine Java version for profile jdk11+ @ org.apache.shardingsphere:shardingsphere:5.1.2-SNAPSHOT, /root/workspace/apache-shardingsphere-master-17081_repo/pom.xml

07:37:38.760 [main] ERROR f.i.s.r.p.step.paths.ComputeTestDir - The test directory is not at default location or specified in build section from pom.xml, and no parent can be found.
07:37:38.762 [main] ERROR f.i.s.r.process.maven.MavenHelper - Error while building complete model. The raw model will be used. Error message: 1 problem was encountered while building the effective model for org.apache.shardingsphere:shardingsphere-proxy-frontend-core:5.1.2-SNAPSHOT
[ERROR] Failed to determine Java version for profile jdk11+ @ org.apache.shardingsphere:shardingsphere:5.1.2-SNAPSHOT, /root/workspace/apache-shardingsphere-master-17081_repo/pom.xml

07:37:38.765 [main] ERROR f.i.s.r.process.maven.MavenHelper - Error while building complete model. The raw model will be used. Error message: 1 problem was encountered while building the effective model for org.apache.shardingsphere:shardingsphere-proxy-frontend-mysql:5.1.2-SNAPSHOT
[ERROR] Failed to determine Java version for profile jdk11+ @ org.apache.shardingsphere:shardingsphere:5.1.2-SNAPSHOT, /root/workspace/apache-shardingsphere-master-17081_repo/pom.xml

07:37:38.767 [main] ERROR f.i.s.r.process.maven.MavenHelper - Error while building complete model. The raw model will be used. Error message: 1 problem was encountered while building the effective model for org.apache.shardingsphere:shardingsphere-proxy-frontend-postgresql:5.1.2-SNAPSHOT
[ERROR] Failed to determine Java version for profile jdk11+ @ org.apache.shardingsphere:shardingsphere:5.1.2-SNAPSHOT, /root/workspace/apache-shardingsphere-master-17081_repo/pom.xml

07:37:38.769 [main] ERROR f.i.s.r.process.maven.MavenHelper - Error while building complete model. The raw model will be used. Error message: 1 problem was encountered while building the effective model for org.apache.shardingsphere:shardingsphere-proxy-frontend-opengauss:5.1.2-SNAPSHOT
[ERROR] Failed to determine Java version for profile jdk11+ @ org.apache.shardingsphere:shardingsphere:5.1.2-SNAPSHOT, /root/workspace/apache-shardingsphere-master-17081_repo/pom.xml

07:37:38.771 [main] ERROR f.i.s.r.process.maven.MavenHelper - Error while building complete model. The raw model will be used. Error message: 1 problem was encountered while building the effective model for org.apache.shardingsphere:shardingsphere-proxy-frontend-reactive-core:5.1.2-SNAPSHOT
[ERROR] Failed to determine Java version for profile jdk11+ @ org.apache.shardingsphere:shardingsphere:5.1.2-SNAPSHOT, /root/workspace/apache-shardingsphere-master-17081_repo/pom.xml

07:37:38.773 [main] ERROR f.i.s.r.process.maven.MavenHelper - Error while building complete model. The raw model will be used. Error message: 1 problem was encountered while building the effective model for org.apache.shardingsphere:shardingsphere-proxy-frontend-reactive-mysql:5.1.2-SNAPSHOT
[ERROR] Failed to determine Java version for profile jdk11+ @ org.apache.shardingsphere:shardingsphere:5.1.2-SNAPSHOT, /root/workspace/apache-shardingsphere-master-17081_repo/pom.xml

07:37:38.773 [main] ERROR f.i.s.r.p.step.paths.ComputeTestDir - The test directory is not at default location or specified in build section from pom.xml, and no parent can be found.
07:37:38.775 [main] ERROR f.i.s.r.process.maven.MavenHelper - Error while building complete model. The raw model will be used. Error message: 1 problem was encountered while building the effective model for org.apache.shardingsphere:shardingsphere-proxy-frontend-reactive-spi:5.1.2-SNAPSHOT
[ERROR] Failed to determine Java version for profile jdk11+ @ org.apache.shardingsphere:shardingsphere:5.1.2-SNAPSHOT, /root/workspace/apache-shardingsphere-master-17081_repo/pom.xml

07:37:38.775 [main] ERROR f.i.s.r.p.step.paths.ComputeTestDir - The test directory is not at default location or specified in build section from pom.xml, and no parent can be found.
07:37:38.777 [main] ERROR f.i.s.r.process.maven.MavenHelper - Error while building complete model. The raw model will be used. Error message: 1 problem was encountered while building the effective model for org.apache.shardingsphere:shardingsphere-proxy-backend:5.1.2-SNAPSHOT
[ERROR] Failed to determine Java version for profile jdk11+ @ org.apache.shardingsphere:shardingsphere:5.1.2-SNAPSHOT, /root/workspace/apache-shardingsphere-master-17081_repo/pom.xml

07:37:38.779 [main] ERROR f.i.s.r.process.maven.MavenHelper - Error while building complete model. The raw model will be used. Error message: 1 problem was encountered while building the effective model for org.apache.shardingsphere:shardingsphere-proxy-bootstrap:5.1.2-SNAPSHOT
[ERROR] Failed to determine Java version for profile jdk11+ @ org.apache.shardingsphere:shardingsphere:5.1.2-SNAPSHOT, /root/workspace/apache-shardingsphere-master-17081_repo/pom.xml

07:37:38.781 [main] ERROR f.i.s.r.process.maven.MavenHelper - Error while building complete model. The raw model will be used. Error message: 1 problem was encountered while building the effective model for org.apache.shardingsphere:shardingsphere-features:5.1.2-SNAPSHOT
[ERROR] Failed to determine Java version for profile jdk11+ @ org.apache.shardingsphere:shardingsphere:5.1.2-SNAPSHOT, /root/workspace/apache-shardingsphere-master-17081_repo/pom.xml

07:37:38.783 [main] ERROR f.i.s.r.process.maven.MavenHelper - Error while building complete model. The raw model will be used. Error message: 1 problem was encountered while building the effective model for org.apache.shardingsphere:shardingsphere-sharding:5.1.2-SNAPSHOT
[ERROR] Failed to determine Java version for profile jdk11+ @ org.apache.shardingsphere:shardingsphere:5.1.2-SNAPSHOT, /root/workspace/apache-shardingsphere-master-17081_repo/pom.xml

07:37:38.785 [main] ERROR f.i.s.r.process.maven.MavenHelper - Error while building complete model. The raw model will be used. Error message: 1 problem was encountered while building the effective model for org.apache.shardingsphere:shardingsphere-sharding-api:5.1.2-SNAPSHOT
[ERROR] Failed to determine Java version for profile jdk11+ @ org.apache.shardingsphere:shardingsphere:5.1.2-SNAPSHOT, /root/workspace/apache-shardingsphere-master-17081_repo/pom.xml

07:37:38.786 [main] ERROR f.i.s.r.p.step.paths.ComputeTestDir - The test directory is not at default location or specified in build section from pom.xml, and no parent can be found.
07:37:38.788 [main] ERROR f.i.s.r.process.maven.MavenHelper - Error while building complete model. The raw model will be used. Error message: 1 problem was encountered while building the effective model for org.apache.shardingsphere:shardingsphere-sharding-core:5.1.2-SNAPSHOT
[ERROR] Failed to determine Java version for profile jdk11+ @ org.apache.shardingsphere:shardingsphere:5.1.2-SNAPSHOT, /root/workspace/apache-shardingsphere-master-17081_repo/pom.xml

07:37:38.792 [main] ERROR f.i.s.r.process.maven.MavenHelper - Error while building complete model. The raw model will be used. Error message: 1 problem was encountered while building the effective model for org.apache.shardingsphere:shardingsphere-sharding-distsql:5.1.2-SNAPSHOT
[ERROR] Failed to determine Java version for profile jdk11+ @ org.apache.shardingsphere:shardingsphere:5.1.2-SNAPSHOT, /root/workspace/apache-shardingsphere-master-17081_repo/pom.xml

07:37:38.795 [main] ERROR f.i.s.r.process.maven.MavenHelper - Error while building complete model. The raw model will be used. Error message: 1 problem was encountered while building the effective model for org.apache.shardingsphere:shardingsphere-sharding-distsql-statement:5.1.2-SNAPSHOT
[ERROR] Failed to determine Java version for profile jdk11+ @ org.apache.shardingsphere:shardingsphere:5.1.2-SNAPSHOT, /root/workspace/apache-shardingsphere-master-17081_repo/pom.xml

07:37:38.795 [main] ERROR f.i.s.r.p.step.paths.ComputeTestDir - The test directory is not at default location or specified in build section from pom.xml, and no parent can be found.
07:37:38.798 [main] ERROR f.i.s.r.process.maven.MavenHelper - Error while building complete model. The raw model will be used. Error message: 1 problem was encountered while building the effective model for org.apache.shardingsphere:shardingsphere-sharding-distsql-parser:5.1.2-SNAPSHOT
[ERROR] Failed to determine Java version for profile jdk11+ @ org.apache.shardingsphere:shardingsphere:5.1.2-SNAPSHOT, /root/workspace/apache-shardingsphere-master-17081_repo/pom.xml

07:37:38.799 [main] ERROR f.i.s.r.p.step.paths.ComputeTestDir - The test directory is not at default location or specified in build section from pom.xml, and no parent can be found.
07:37:38.802 [main] ERROR f.i.s.r.process.maven.MavenHelper - Error while building complete model. The raw model will be used. Error message: 1 problem was encountered while building the effective model for org.apache.shardingsphere:shardingsphere-sharding-distsql-handler:5.1.2-SNAPSHOT
[ERROR] Failed to determine Java version for profile jdk11+ @ org.apache.shardingsphere:shardingsphere:5.1.2-SNAPSHOT, /root/workspace/apache-shardingsphere-master-17081_repo/pom.xml

07:37:38.805 [main] ERROR f.i.s.r.process.maven.MavenHelper - Error while building complete model. The raw model will be used. Error message: 1 problem was encountered while building the effective model for org.apache.shardingsphere:shardingsphere-sharding-spring:5.1.2-SNAPSHOT
[ERROR] Failed to determine Java version for profile jdk11+ @ org.apache.shardingsphere:shardingsphere:5.1.2-SNAPSHOT, /root/workspace/apache-shardingsphere-master-17081_repo/pom.xml

07:37:38.809 [main] ERROR f.i.s.r.process.maven.MavenHelper - Error while building complete model. The raw model will be used. Error message: 1 problem was encountered while building the effective model for org.apache.shardingsphere:shardingsphere-sharding-spring-namespace:5.1.2-SNAPSHOT
[ERROR] Failed to determine Java version for profile jdk11+ @ org.apache.shardingsphere:shardingsphere:5.1.2-SNAPSHOT, /root/workspace/apache-shardingsphere-master-17081_repo/pom.xml

07:37:38.811 [main] ERROR f.i.s.r.process.maven.MavenHelper - Error while building complete model. The raw model will be used. Error message: 1 problem was encountered while building the effective model for org.apache.shardingsphere:shardingsphere-sharding-spring-boot-starter:5.1.2-SNAPSHOT
[ERROR] Failed to determine Java version for profile jdk11+ @ org.apache.shardingsphere:shardingsphere:5.1.2-SNAPSHOT, /root/workspace/apache-shardingsphere-master-17081_repo/pom.xml

07:37:38.813 [main] ERROR f.i.s.r.process.maven.MavenHelper - Error while building complete model. The raw model will be used. Error message: 1 problem was encountered while building the effective model for org.apache.shardingsphere:shardingsphere-readwrite-splitting:5.1.2-SNAPSHOT
[ERROR] Failed to determine Java version for profile jdk11+ @ org.apache.shardingsphere:shardingsphere:5.1.2-SNAPSHOT, /root/workspace/apache-shardingsphere-master-17081_repo/pom.xml

07:37:38.816 [main] ERROR f.i.s.r.process.maven.MavenHelper - Error while building complete model. The raw model will be used. Error message: 1 problem was encountered while building the effective model for org.apache.shardingsphere:shardingsphere-readwrite-splitting-api:5.1.2-SNAPSHOT
[ERROR] Failed to determine Java version for profile jdk11+ @ org.apache.shardingsphere:shardingsphere:5.1.2-SNAPSHOT, /root/workspace/apache-shardingsphere-master-17081_repo/pom.xml

07:37:38.816 [main] ERROR f.i.s.r.p.step.paths.ComputeTestDir - The test directory is not at default location or specified in build section from pom.xml, and no parent can be found.
07:37:38.818 [main] ERROR f.i.s.r.process.maven.MavenHelper - Error while building complete model. The raw model will be used. Error message: 1 problem was encountered while building the effective model for org.apache.shardingsphere:shardingsphere-readwrite-splitting-core:5.1.2-SNAPSHOT
[ERROR] Failed to determine Java version for profile jdk11+ @ org.apache.shardingsphere:shardingsphere:5.1.2-SNAPSHOT, /root/workspace/apache-shardingsphere-master-17081_repo/pom.xml

07:37:38.820 [main] ERROR f.i.s.r.process.maven.MavenHelper - Error while building complete model. The raw model will be used. Error message: 1 problem was encountered while building the effective model for org.apache.shardingsphere:shardingsphere-readwrite-splitting-distsql:5.1.2-SNAPSHOT
[ERROR] Failed to determine Java version for profile jdk11+ @ org.apache.shardingsphere:shardingsphere:5.1.2-SNAPSHOT, /root/workspace/apache-shardingsphere-master-17081_repo/pom.xml

07:37:38.822 [main] ERROR f.i.s.r.process.maven.MavenHelper - Error while building complete model. The raw model will be used. Error message: 1 problem was encountered while building the effective model for org.apache.shardingsphere:shardingsphere-readwrite-splitting-distsql-statement:5.1.2-SNAPSHOT
[ERROR] Failed to determine Java version for profile jdk11+ @ org.apache.shardingsphere:shardingsphere:5.1.2-SNAPSHOT, /root/workspace/apache-shardingsphere-master-17081_repo/pom.xml

07:37:38.822 [main] ERROR f.i.s.r.p.step.paths.ComputeTestDir - The test directory is not at default location or specified in build section from pom.xml, and no parent can be found.
07:37:38.825 [main] ERROR f.i.s.r.process.maven.MavenHelper - Error while building complete model. The raw model will be used. Error message: 1 problem was encountered while building the effective model for org.apache.shardingsphere:shardingsphere-readwrite-splitting-distsql-parser:5.1.2-SNAPSHOT
[ERROR] Failed to determine Java version for profile jdk11+ @ org.apache.shardingsphere:shardingsphere:5.1.2-SNAPSHOT, /root/workspace/apache-shardingsphere-master-17081_repo/pom.xml

07:37:38.825 [main] ERROR f.i.s.r.p.step.paths.ComputeTestDir - The test directory is not at default location or specified in build section from pom.xml, and no parent can be found.
07:37:38.827 [main] ERROR f.i.s.r.process.maven.MavenHelper - Error while building complete model. The raw model will be used. Error message: 1 problem was encountered while building the effective model for org.apache.shardingsphere:shardingsphere-readwrite-splitting-distsql-handler:5.1.2-SNAPSHOT
[ERROR] Failed to determine Java version for profile jdk11+ @ org.apache.shardingsphere:shardingsphere:5.1.2-SNAPSHOT, /root/workspace/apache-shardingsphere-master-17081_repo/pom.xml

07:37:38.829 [main] ERROR f.i.s.r.process.maven.MavenHelper - Error while building complete model. The raw model will be used. Error message: 1 problem was encountered while building the effective model for org.apache.shardingsphere:shardingsphere-readwrite-splitting-spring:5.1.2-SNAPSHOT
[ERROR] Failed to determine Java version for profile jdk11+ @ org.apache.shardingsphere:shardingsphere:5.1.2-SNAPSHOT, /root/workspace/apache-shardingsphere-master-17081_repo/pom.xml

07:37:38.832 [main] ERROR f.i.s.r.process.maven.MavenHelper - Error while building complete model. The raw model will be used. Error message: 1 problem was encountered while building the effective model for org.apache.shardingsphere:shardingsphere-readwrite-splitting-spring-namespace:5.1.2-SNAPSHOT
[ERROR] Failed to determine Java version for profile jdk11+ @ org.apache.shardingsphere:shardingsphere:5.1.2-SNAPSHOT, /root/workspace/apache-shardingsphere-master-17081_repo/pom.xml

07:37:38.835 [main] ERROR f.i.s.r.process.maven.MavenHelper - Error while building complete model. The raw model will be used. Error message: 1 problem was encountered while building the effective model for org.apache.shardingsphere:shardingsphere-readwrite-splitting-spring-boot-starter:5.1.2-SNAPSHOT
[ERROR] Failed to determine Java version for profile jdk11+ @ org.apache.shardingsphere:shardingsphere:5.1.2-SNAPSHOT, /root/workspace/apache-shardingsphere-master-17081_repo/pom.xml

07:37:38.837 [main] ERROR f.i.s.r.process.maven.MavenHelper - Error while building complete model. The raw model will be used. Error message: 1 problem was encountered while building the effective model for org.apache.shardingsphere:shardingsphere-db-discovery:5.1.2-SNAPSHOT
[ERROR] Failed to determine Java version for profile jdk11+ @ org.apache.shardingsphere:shardingsphere:5.1.2-SNAPSHOT, /root/workspace/apache-shardingsphere-master-17081_repo/pom.xml

07:37:38.839 [main] ERROR f.i.s.r.process.maven.MavenHelper - Error while building complete model. The raw model will be used. Error message: 1 problem was encountered while building the effective model for org.apache.shardingsphere:shardingsphere-db-discovery-api:5.1.2-SNAPSHOT
[ERROR] Failed to determine Java version for profile jdk11+ @ org.apache.shardingsphere:shardingsphere:5.1.2-SNAPSHOT, /root/workspace/apache-shardingsphere-master-17081_repo/pom.xml

07:37:38.839 [main] ERROR f.i.s.r.p.step.paths.ComputeTestDir - The test directory is not at default location or specified in build section from pom.xml, and no parent can be found.
07:37:38.841 [main] ERROR f.i.s.r.process.maven.MavenHelper - Error while building complete model. The raw model will be used. Error message: 1 problem was encountered while building the effective model for org.apache.shardingsphere:shardingsphere-db-discovery-core:5.1.2-SNAPSHOT
[ERROR] Failed to determine Java version for profile jdk11+ @ org.apache.shardingsphere:shardingsphere:5.1.2-SNAPSHOT, /root/workspace/apache-shardingsphere-master-17081_repo/pom.xml

07:37:38.843 [main] ERROR f.i.s.r.process.maven.MavenHelper - Error while building complete model. The raw model will be used. Error message: 1 problem was encountered while building the effective model for org.apache.shardingsphere:shardingsphere-db-discovery-distsql:5.1.2-SNAPSHOT
[ERROR] Failed to determine Java version for profile jdk11+ @ org.apache.shardingsphere:shardingsphere:5.1.2-SNAPSHOT, /root/workspace/apache-shardingsphere-master-17081_repo/pom.xml

07:37:38.846 [main] ERROR f.i.s.r.process.maven.MavenHelper - Error while building complete model. The raw model will be used. Error message: 1 problem was encountered while building the effective model for org.apache.shardingsphere:shardingsphere-db-discovery-distsql-statement:5.1.2-SNAPSHOT
[ERROR] Failed to determine Java version for profile jdk11+ @ org.apache.shardingsphere:shardingsphere:5.1.2-SNAPSHOT, /root/workspace/apache-shardingsphere-master-17081_repo/pom.xml

07:37:38.846 [main] ERROR f.i.s.r.p.step.paths.ComputeTestDir - The test directory is not at default location or specified in build section from pom.xml, and no parent can be found.
07:37:38.848 [main] ERROR f.i.s.r.process.maven.MavenHelper - Error while building complete model. The raw model will be used. Error message: 1 problem was encountered while building the effective model for org.apache.shardingsphere:shardingsphere-db-discovery-distsql-parser:5.1.2-SNAPSHOT
[ERROR] Failed to determine Java version for profile jdk11+ @ org.apache.shardingsphere:shardingsphere:5.1.2-SNAPSHOT, /root/workspace/apache-shardingsphere-master-17081_repo/pom.xml

07:37:38.848 [main] ERROR f.i.s.r.p.step.paths.ComputeTestDir - The test directory is not at default location or specified in build section from pom.xml, and no parent can be found.
07:37:38.850 [main] ERROR f.i.s.r.process.maven.MavenHelper - Error while building complete model. The raw model will be used. Error message: 1 problem was encountered while building the effective model for org.apache.shardingsphere:shardingsphere-db-discovery-distsql-handler:5.1.2-SNAPSHOT
[ERROR] Failed to determine Java version for profile jdk11+ @ org.apache.shardingsphere:shardingsphere:5.1.2-SNAPSHOT, /root/workspace/apache-shardingsphere-master-17081_repo/pom.xml

07:37:38.852 [main] ERROR f.i.s.r.process.maven.MavenHelper - Error while building complete model. The raw model will be used. Error message: 1 problem was encountered while building the effective model for org.apache.shardingsphere:shardingsphere-db-discovery-provider:5.1.2-SNAPSHOT
[ERROR] Failed to determine Java version for profile jdk11+ @ org.apache.shardingsphere:shardingsphere:5.1.2-SNAPSHOT, /root/workspace/apache-shardingsphere-master-17081_repo/pom.xml

07:37:38.855 [main] ERROR f.i.s.r.process.maven.MavenHelper - Error while building complete model. The raw model will be used. Error message: 1 problem was encountered while building the effective model for org.apache.shardingsphere:shardingsphere-db-discovery-mysql:5.1.2-SNAPSHOT
[ERROR] Failed to determine Java version for profile jdk11+ @ org.apache.shardingsphere:shardingsphere:5.1.2-SNAPSHOT, /root/workspace/apache-shardingsphere-master-17081_repo/pom.xml

07:37:38.857 [main] ERROR f.i.s.r.process.maven.MavenHelper - Error while building complete model. The raw model will be used. Error message: 1 problem was encountered while building the effective model for org.apache.shardingsphere:shardingsphere-db-discovery-opengauss:5.1.2-SNAPSHOT
[ERROR] Failed to determine Java version for profile jdk11+ @ org.apache.shardingsphere:shardingsphere:5.1.2-SNAPSHOT, /root/workspace/apache-shardingsphere-master-17081_repo/pom.xml

07:37:38.859 [main] ERROR f.i.s.r.process.maven.MavenHelper - Error while building complete model. The raw model will be used. Error message: 1 problem was encountered while building the effective model for org.apache.shardingsphere:shardingsphere-db-discovery-spring:5.1.2-SNAPSHOT
[ERROR] Failed to determine Java version for profile jdk11+ @ org.apache.shardingsphere:shardingsphere:5.1.2-SNAPSHOT, /root/workspace/apache-shardingsphere-master-17081_repo/pom.xml

07:37:38.862 [main] ERROR f.i.s.r.process.maven.MavenHelper - Error while building complete model. The raw model will be used. Error message: 1 problem was encountered while building the effective model for org.apache.shardingsphere:shardingsphere-db-discovery-spring-namespace:5.1.2-SNAPSHOT
[ERROR] Failed to determine Java version for profile jdk11+ @ org.apache.shardingsphere:shardingsphere:5.1.2-SNAPSHOT, /root/workspace/apache-shardingsphere-master-17081_repo/pom.xml

07:37:38.864 [main] ERROR f.i.s.r.process.maven.MavenHelper - Error while building complete model. The raw model will be used. Error message: 1 problem was encountered while building the effective model for org.apache.shardingsphere:shardingsphere-db-discovery-spring-boot-starter:5.1.2-SNAPSHOT
[ERROR] Failed to determine Java version for profile jdk11+ @ org.apache.shardingsphere:shardingsphere:5.1.2-SNAPSHOT, /root/workspace/apache-shardingsphere-master-17081_repo/pom.xml

07:37:38.867 [main] ERROR f.i.s.r.process.maven.MavenHelper - Error while building complete model. The raw model will be used. Error message: 1 problem was encountered while building the effective model for org.apache.shardingsphere:shardingsphere-encrypt:5.1.2-SNAPSHOT
[ERROR] Failed to determine Java version for profile jdk11+ @ org.apache.shardingsphere:shardingsphere:5.1.2-SNAPSHOT, /root/workspace/apache-shardingsphere-master-17081_repo/pom.xml

07:37:38.869 [main] ERROR f.i.s.r.process.maven.MavenHelper - Error while building complete model. The raw model will be used. Error message: 1 problem was encountered while building the effective model for org.apache.shardingsphere:shardingsphere-encrypt-api:5.1.2-SNAPSHOT
[ERROR] Failed to determine Java version for profile jdk11+ @ org.apache.shardingsphere:shardingsphere:5.1.2-SNAPSHOT, /root/workspace/apache-shardingsphere-master-17081_repo/pom.xml

07:37:38.869 [main] ERROR f.i.s.r.p.step.paths.ComputeTestDir - The test directory is not at default location or specified in build section from pom.xml, and no parent can be found.
07:37:38.871 [main] ERROR f.i.s.r.process.maven.MavenHelper - Error while building complete model. The raw model will be used. Error message: 1 problem was encountered while building the effective model for org.apache.shardingsphere:shardingsphere-encrypt-core:5.1.2-SNAPSHOT
[ERROR] Failed to determine Java version for profile jdk11+ @ org.apache.shardingsphere:shardingsphere:5.1.2-SNAPSHOT, /root/workspace/apache-shardingsphere-master-17081_repo/pom.xml

07:37:38.874 [main] ERROR f.i.s.r.process.maven.MavenHelper - Error while building complete model. The raw model will be used. Error message: 1 problem was encountered while building the effective model for org.apache.shardingsphere:shardingsphere-encrypt-distsql:5.1.2-SNAPSHOT
[ERROR] Failed to determine Java version for profile jdk11+ @ org.apache.shardingsphere:shardingsphere:5.1.2-SNAPSHOT, /root/workspace/apache-shardingsphere-master-17081_repo/pom.xml

07:37:38.876 [main] ERROR f.i.s.r.process.maven.MavenHelper - Error while building complete model. The raw model will be used. Error message: 1 problem was encountered while building the effective model for org.apache.shardingsphere:shardingsphere-encrypt-distsql-statement:5.1.2-SNAPSHOT
[ERROR] Failed to determine Java version for profile jdk11+ @ org.apache.shardingsphere:shardingsphere:5.1.2-SNAPSHOT, /root/workspace/apache-shardingsphere-master-17081_repo/pom.xml

07:37:38.876 [main] ERROR f.i.s.r.p.step.paths.ComputeTestDir - The test directory is not at default location or specified in build section from pom.xml, and no parent can be found.
07:37:38.879 [main] ERROR f.i.s.r.process.maven.MavenHelper - Error while building complete model. The raw model will be used. Error message: 1 problem was encountered while building the effective model for org.apache.shardingsphere:shardingsphere-encrypt-distsql-parser:5.1.2-SNAPSHOT
[ERROR] Failed to determine Java version for profile jdk11+ @ org.apache.shardingsphere:shardingsphere:5.1.2-SNAPSHOT, /root/workspace/apache-shardingsphere-master-17081_repo/pom.xml

07:37:38.879 [main] ERROR f.i.s.r.p.step.paths.ComputeTestDir - The test directory is not at default location or specified in build section from pom.xml, and no parent can be found.
07:37:38.881 [main] ERROR f.i.s.r.process.maven.MavenHelper - Error while building complete model. The raw model will be used. Error message: 1 problem was encountered while building the effective model for org.apache.shardingsphere:shardingsphere-encrypt-distsql-handler:5.1.2-SNAPSHOT
[ERROR] Failed to determine Java version for profile jdk11+ @ org.apache.shardingsphere:shardingsphere:5.1.2-SNAPSHOT, /root/workspace/apache-shardingsphere-master-17081_repo/pom.xml

07:37:38.883 [main] ERROR f.i.s.r.process.maven.MavenHelper - Error while building complete model. The raw model will be used. Error message: 1 problem was encountered while building the effective model for org.apache.shardingsphere:shardingsphere-encrypt-spring:5.1.2-SNAPSHOT
[ERROR] Failed to determine Java version for profile jdk11+ @ org.apache.shardingsphere:shardingsphere:5.1.2-SNAPSHOT, /root/workspace/apache-shardingsphere-master-17081_repo/pom.xml

07:37:38.886 [main] ERROR f.i.s.r.process.maven.MavenHelper - Error while building complete model. The raw model will be used. Error message: 1 problem was encountered while building the effective model for org.apache.shardingsphere:shardingsphere-encrypt-spring-namespace:5.1.2-SNAPSHOT
[ERROR] Failed to determine Java version for profile jdk11+ @ org.apache.shardingsphere:shardingsphere:5.1.2-SNAPSHOT, /root/workspace/apache-shardingsphere-master-17081_repo/pom.xml

07:37:38.888 [main] ERROR f.i.s.r.process.maven.MavenHelper - Error while building complete model. The raw model will be used. Error message: 1 problem was encountered while building the effective model for org.apache.shardingsphere:shardingsphere-encrypt-spring-boot-starter:5.1.2-SNAPSHOT
[ERROR] Failed to determine Java version for profile jdk11+ @ org.apache.shardingsphere:shardingsphere:5.1.2-SNAPSHOT, /root/workspace/apache-shardingsphere-master-17081_repo/pom.xml

07:37:38.891 [main] ERROR f.i.s.r.process.maven.MavenHelper - Error while building complete model. The raw model will be used. Error message: 1 problem was encountered while building the effective model for org.apache.shardingsphere:shardingsphere-shadow:5.1.2-SNAPSHOT
[ERROR] Failed to determine Java version for profile jdk11+ @ org.apache.shardingsphere:shardingsphere:5.1.2-SNAPSHOT, /root/workspace/apache-shardingsphere-master-17081_repo/pom.xml

07:37:38.893 [main] ERROR f.i.s.r.process.maven.MavenHelper - Error while building complete model. The raw model will be used. Error message: 1 problem was encountered while building the effective model for org.apache.shardingsphere:shardingsphere-shadow-api:5.1.2-SNAPSHOT
[ERROR] Failed to determine Java version for profile jdk11+ @ org.apache.shardingsphere:shardingsphere:5.1.2-SNAPSHOT, /root/workspace/apache-shardingsphere-master-17081_repo/pom.xml

07:37:38.893 [main] ERROR f.i.s.r.p.step.paths.ComputeTestDir - The test directory is not at default location or specified in build section from pom.xml, and no parent can be found.
07:37:38.896 [main] ERROR f.i.s.r.process.maven.MavenHelper - Error while building complete model. The raw model will be used. Error message: 1 problem was encountered while building the effective model for org.apache.shardingsphere:shardingsphere-shadow-core:5.1.2-SNAPSHOT
[ERROR] Failed to determine Java version for profile jdk11+ @ org.apache.shardingsphere:shardingsphere:5.1.2-SNAPSHOT, /root/workspace/apache-shardingsphere-master-17081_repo/pom.xml

07:37:38.898 [main] ERROR f.i.s.r.process.maven.MavenHelper - Error while building complete model. The raw model will be used. Error message: 1 problem was encountered while building the effective model for org.apache.shardingsphere:shardingsphere-shadow-distsql:5.1.2-SNAPSHOT
[ERROR] Failed to determine Java version for profile jdk11+ @ org.apache.shardingsphere:shardingsphere:5.1.2-SNAPSHOT, /root/workspace/apache-shardingsphere-master-17081_repo/pom.xml

07:37:38.901 [main] ERROR f.i.s.r.process.maven.MavenHelper - Error while building complete model. The raw model will be used. Error message: 1 problem was encountered while building the effective model for org.apache.shardingsphere:shardingsphere-shadow-distsql-statement:5.1.2-SNAPSHOT
[ERROR] Failed to determine Java version for profile jdk11+ @ org.apache.shardingsphere:shardingsphere:5.1.2-SNAPSHOT, /root/workspace/apache-shardingsphere-master-17081_repo/pom.xml

07:37:38.901 [main] ERROR f.i.s.r.p.step.paths.ComputeTestDir - The test directory is not at default location or specified in build section from pom.xml, and no parent can be found.
07:37:38.904 [main] ERROR f.i.s.r.process.maven.MavenHelper - Error while building complete model. The raw model will be used. Error message: 1 problem was encountered while building the effective model for org.apache.shardingsphere:shardingsphere-shadow-distsql-parser:5.1.2-SNAPSHOT
[ERROR] Failed to determine Java version for profile jdk11+ @ org.apache.shardingsphere:shardingsphere:5.1.2-SNAPSHOT, /root/workspace/apache-shardingsphere-master-17081_repo/pom.xml

07:37:38.904 [main] ERROR f.i.s.r.p.step.paths.ComputeTestDir - The test directory is not at default location or specified in build section from pom.xml, and no parent can be found.
07:37:38.906 [main] ERROR f.i.s.r.process.maven.MavenHelper - Error while building complete model. The raw model will be used. Error message: 1 problem was encountered while building the effective model for org.apache.shardingsphere:shardingsphere-shadow-distsql-handler:5.1.2-SNAPSHOT
[ERROR] Failed to determine Java version for profile jdk11+ @ org.apache.shardingsphere:shardingsphere:5.1.2-SNAPSHOT, /root/workspace/apache-shardingsphere-master-17081_repo/pom.xml

07:37:38.909 [main] ERROR f.i.s.r.process.maven.MavenHelper - Error while building complete model. The raw model will be used. Error message: 1 problem was encountered while building the effective model for org.apache.shardingsphere:shardingsphere-shadow-spring:5.1.2-SNAPSHOT
[ERROR] Failed to determine Java version for profile jdk11+ @ org.apache.shardingsphere:shardingsphere:5.1.2-SNAPSHOT, /root/workspace/apache-shardingsphere-master-17081_repo/pom.xml

07:37:38.911 [main] ERROR f.i.s.r.process.maven.MavenHelper - Error while building complete model. The raw model will be used. Error message: 1 problem was encountered while building the effective model for org.apache.shardingsphere:shardingsphere-shadow-spring-namespace:5.1.2-SNAPSHOT
[ERROR] Failed to determine Java version for profile jdk11+ @ org.apache.shardingsphere:shardingsphere:5.1.2-SNAPSHOT, /root/workspace/apache-shardingsphere-master-17081_repo/pom.xml

07:37:38.913 [main] ERROR f.i.s.r.process.maven.MavenHelper - Error while building complete model. The raw model will be used. Error message: 1 problem was encountered while building the effective model for org.apache.shardingsphere:shardingsphere-shadow-spring-boot-starter:5.1.2-SNAPSHOT
[ERROR] Failed to determine Java version for profile jdk11+ @ org.apache.shardingsphere:shardingsphere:5.1.2-SNAPSHOT, /root/workspace/apache-shardingsphere-master-17081_repo/pom.xml

07:37:38.915 [main] ERROR f.i.s.r.process.maven.MavenHelper - Error while building complete model. The raw model will be used. Error message: 1 problem was encountered while building the effective model for org.apache.shardingsphere:shardingsphere-agent:5.1.2-SNAPSHOT
[ERROR] Failed to determine Java version for profile jdk11+ @ org.apache.shardingsphere:shardingsphere:5.1.2-SNAPSHOT, /root/workspace/apache-shardingsphere-master-17081_repo/pom.xml

07:37:38.918 [main] ERROR f.i.s.r.process.maven.MavenHelper - Error while building complete model. The raw model will be used. Error message: 1 problem was encountered while building the effective model for org.apache.shardingsphere:shardingsphere-agent-bootstrap:5.1.2-SNAPSHOT
[ERROR] Failed to determine Java version for profile jdk11+ @ org.apache.shardingsphere:shardingsphere:5.1.2-SNAPSHOT, /root/workspace/apache-shardingsphere-master-17081_repo/pom.xml

07:37:38.919 [main] ERROR f.i.s.r.p.step.paths.ComputeTestDir - The test directory is not at default location or specified in build section from pom.xml, and no parent can be found.
07:37:38.921 [main] ERROR f.i.s.r.process.maven.MavenHelper - Error while building complete model. The raw model will be used. Error message: 1 problem was encountered while building the effective model for org.apache.shardingsphere:shardingsphere-agent-core:5.1.2-SNAPSHOT
[ERROR] Failed to determine Java version for profile jdk11+ @ org.apache.shardingsphere:shardingsphere:5.1.2-SNAPSHOT, /root/workspace/apache-shardingsphere-master-17081_repo/pom.xml

07:37:38.924 [main] ERROR f.i.s.r.process.maven.MavenHelper - Error while building complete model. The raw model will be used. Error message: 1 problem was encountered while building the effective model for org.apache.shardingsphere:shardingsphere-agent-plugins:5.1.2-SNAPSHOT
[ERROR] Failed to determine Java version for profile jdk11+ @ org.apache.shardingsphere:shardingsphere:5.1.2-SNAPSHOT, /root/workspace/apache-shardingsphere-master-17081_repo/pom.xml

07:37:38.927 [main] ERROR f.i.s.r.process.maven.MavenHelper - Error while building complete model. The raw model will be used. Error message: 1 problem was encountered while building the effective model for org.apache.shardingsphere:shardingsphere-agent-plugin-metrics:5.1.2-SNAPSHOT
[ERROR] Failed to determine Java version for profile jdk11+ @ org.apache.shardingsphere:shardingsphere:5.1.2-SNAPSHOT, /root/workspace/apache-shardingsphere-master-17081_repo/pom.xml

07:37:38.929 [main] ERROR f.i.s.r.process.maven.MavenHelper - Error while building complete model. The raw model will be used. Error message: 1 problem was encountered while building the effective model for org.apache.shardingsphere:shardingsphere-agent-metrics-api:5.1.2-SNAPSHOT
[ERROR] Failed to determine Java version for profile jdk11+ @ org.apache.shardingsphere:shardingsphere:5.1.2-SNAPSHOT, /root/workspace/apache-shardingsphere-master-17081_repo/pom.xml

07:37:38.932 [main] ERROR f.i.s.r.process.maven.MavenHelper - Error while building complete model. The raw model will be used. Error message: 1 problem was encountered while building the effective model for org.apache.shardingsphere:shardingsphere-agent-metrics-prometheus:5.1.2-SNAPSHOT
[ERROR] Failed to determine Java version for profile jdk11+ @ org.apache.shardingsphere:shardingsphere:5.1.2-SNAPSHOT, /root/workspace/apache-shardingsphere-master-17081_repo/pom.xml

07:37:38.934 [main] ERROR f.i.s.r.process.maven.MavenHelper - Error while building complete model. The raw model will be used. Error message: 1 problem was encountered while building the effective model for org.apache.shardingsphere:shardingsphere-agent-plugin-tracing:5.1.2-SNAPSHOT
[ERROR] Failed to determine Java version for profile jdk11+ @ org.apache.shardingsphere:shardingsphere:5.1.2-SNAPSHOT, /root/workspace/apache-shardingsphere-master-17081_repo/pom.xml

07:37:38.937 [main] ERROR f.i.s.r.process.maven.MavenHelper - Error while building complete model. The raw model will be used. Error message: 1 problem was encountered while building the effective model for org.apache.shardingsphere:shardingsphere-agent-tracing-test:5.1.2-SNAPSHOT
[ERROR] Failed to determine Java version for profile jdk11+ @ org.apache.shardingsphere:shardingsphere:5.1.2-SNAPSHOT, /root/workspace/apache-shardingsphere-master-17081_repo/pom.xml

07:37:38.937 [main] ERROR f.i.s.r.p.step.paths.ComputeTestDir - The test directory is not at default location or specified in build section from pom.xml, and no parent can be found.
07:37:38.940 [main] ERROR f.i.s.r.process.maven.MavenHelper - Error while building complete model. The raw model will be used. Error message: 1 problem was encountered while building the effective model for org.apache.shardingsphere:shardingsphere-agent-tracing-jaeger:5.1.2-SNAPSHOT
[ERROR] Failed to determine Java version for profile jdk11+ @ org.apache.shardingsphere:shardingsphere:5.1.2-SNAPSHOT, /root/workspace/apache-shardingsphere-master-17081_repo/pom.xml

07:37:38.942 [main] ERROR f.i.s.r.process.maven.MavenHelper - Error while building complete model. The raw model will be used. Error message: 1 problem was encountered while building the effective model for org.apache.shardingsphere:shardingsphere-agent-tracing-zipkin:5.1.2-SNAPSHOT
[ERROR] Failed to determine Java version for profile jdk11+ @ org.apache.shardingsphere:shardingsphere:5.1.2-SNAPSHOT, /root/workspace/apache-shardingsphere-master-17081_repo/pom.xml

07:37:38.944 [main] ERROR f.i.s.r.process.maven.MavenHelper - Error while building complete model. The raw model will be used. Error message: 1 problem was encountered while building the effective model for org.apache.shardingsphere:shardingsphere-agent-tracing-opentracing:5.1.2-SNAPSHOT
[ERROR] Failed to determine Java version for profile jdk11+ @ org.apache.shardingsphere:shardingsphere:5.1.2-SNAPSHOT, /root/workspace/apache-shardingsphere-master-17081_repo/pom.xml

07:37:38.947 [main] ERROR f.i.s.r.process.maven.MavenHelper - Error while building complete model. The raw model will be used. Error message: 1 problem was encountered while building the effective model for org.apache.shardingsphere:shardingsphere-agent-tracing-opentelemetry:5.1.2-SNAPSHOT
[ERROR] Failed to determine Java version for profile jdk11+ @ org.apache.shardingsphere:shardingsphere:5.1.2-SNAPSHOT, /root/workspace/apache-shardingsphere-master-17081_repo/pom.xml

07:37:38.949 [main] ERROR f.i.s.r.process.maven.MavenHelper - Error while building complete model. The raw model will be used. Error message: 1 problem was encountered while building the effective model for org.apache.shardingsphere:shardingsphere-agent-plugin-logging:5.1.2-SNAPSHOT
[ERROR] Failed to determine Java version for profile jdk11+ @ org.apache.shardingsphere:shardingsphere:5.1.2-SNAPSHOT, /root/workspace/apache-shardingsphere-master-17081_repo/pom.xml

07:37:38.951 [main] ERROR f.i.s.r.process.maven.MavenHelper - Error while building complete model. The raw model will be used. Error message: 1 problem was encountered while building the effective model for org.apache.shardingsphere:shardingsphere-agent-logging-base:5.1.2-SNAPSHOT
[ERROR] Failed to determine Java version for profile jdk11+ @ org.apache.shardingsphere:shardingsphere:5.1.2-SNAPSHOT, /root/workspace/apache-shardingsphere-master-17081_repo/pom.xml

07:37:38.951 [main] ERROR f.i.s.r.p.step.paths.ComputeTestDir - The test directory is not at default location or specified in build section from pom.xml, and no parent can be found.
07:37:38.951 [main] ERROR f.i.s.r.p.step.paths.ComputeTestDir - The test directory is not at default location or specified in build section from pom.xml, and no parent can be found.
07:37:38.953 [main] ERROR f.i.s.r.process.maven.MavenHelper - Error while building complete model. The raw model will be used. Error message: 1 problem was encountered while building the effective model for org.apache.shardingsphere:shardingsphere-agent-distribution:5.1.2-SNAPSHOT
[ERROR] Failed to determine Java version for profile jdk11+ @ org.apache.shardingsphere:shardingsphere:5.1.2-SNAPSHOT, /root/workspace/apache-shardingsphere-master-17081_repo/pom.xml

07:37:38.953 [main] ERROR f.i.s.r.p.step.paths.ComputeTestDir - The test directory is not at default location or specified in build section from pom.xml, and no parent can be found.
07:37:38.955 [main] ERROR f.i.s.r.process.maven.MavenHelper - Error while building complete model. The raw model will be used. Error message: 1 problem was encountered while building the effective model for org.apache.shardingsphere:shardingsphere-agent-api:5.1.2-SNAPSHOT
[ERROR] Failed to determine Java version for profile jdk11+ @ org.apache.shardingsphere:shardingsphere:5.1.2-SNAPSHOT, /root/workspace/apache-shardingsphere-master-17081_repo/pom.xml

07:37:38.955 [main] ERROR f.i.s.r.p.step.paths.ComputeTestDir - The test directory is not at default location or specified in build section from pom.xml, and no parent can be found.
07:37:38.957 [main] ERROR f.i.s.r.process.maven.MavenHelper - Error while building complete model. The raw model will be used. Error message: 1 problem was encountered while building the effective model for org.apache.shardingsphere:shardingsphere-test:5.1.2-SNAPSHOT
[ERROR] Failed to determine Java version for profile jdk11+ @ org.apache.shardingsphere:shardingsphere:5.1.2-SNAPSHOT, /root/workspace/apache-shardingsphere-master-17081_repo/pom.xml

07:37:38.959 [main] ERROR f.i.s.r.process.maven.MavenHelper - Error while building complete model. The raw model will be used. Error message: 1 problem was encountered while building the effective model for org.apache.shardingsphere:shardingsphere-test-common:5.1.2-SNAPSHOT
[ERROR] Failed to determine Java version for profile jdk11+ @ org.apache.shardingsphere:shardingsphere:5.1.2-SNAPSHOT, /root/workspace/apache-shardingsphere-master-17081_repo/pom.xml

07:37:38.960 [main] ERROR f.i.s.r.p.step.paths.ComputeTestDir - The test directory is not at default location or specified in build section from pom.xml, and no parent can be found.
07:37:38.961 [main] ERROR f.i.s.r.process.maven.MavenHelper - Error while building complete model. The raw model will be used. Error message: 1 problem was encountered while building the effective model for org.apache.shardingsphere:shardingsphere-integration-test:5.1.2-SNAPSHOT
[ERROR] Failed to determine Java version for profile jdk11+ @ org.apache.shardingsphere:shardingsphere:5.1.2-SNAPSHOT, /root/workspace/apache-shardingsphere-master-17081_repo/pom.xml

07:37:38.964 [main] ERROR f.i.s.r.process.maven.MavenHelper - Error while building complete model. The raw model will be used. Error message: 1 problem was encountered while building the effective model for org.apache.shardingsphere:shardingsphere-integration-test-fixture:5.1.2-SNAPSHOT
[ERROR] Failed to determine Java version for profile jdk11+ @ org.apache.shardingsphere:shardingsphere:5.1.2-SNAPSHOT, /root/workspace/apache-shardingsphere-master-17081_repo/pom.xml

07:37:38.966 [main] ERROR f.i.s.r.process.maven.MavenHelper - Error while building complete model. The raw model will be used. Error message: 1 problem was encountered while building the effective model for org.apache.shardingsphere:shardingsphere-integration-test-env:5.1.2-SNAPSHOT
[ERROR] Failed to determine Java version for profile jdk11+ @ org.apache.shardingsphere:shardingsphere:5.1.2-SNAPSHOT, /root/workspace/apache-shardingsphere-master-17081_repo/pom.xml

07:37:38.968 [main] ERROR f.i.s.r.process.maven.MavenHelper - Error while building complete model. The raw model will be used. Error message: 1 problem was encountered while building the effective model for org.apache.shardingsphere:shardingsphere-integration-test-suite:5.1.2-SNAPSHOT
[ERROR] Failed to determine Java version for profile jdk11+ @ org.apache.shardingsphere:shardingsphere:5.1.2-SNAPSHOT, /root/workspace/apache-shardingsphere-master-17081_repo/pom.xml

07:37:38.970 [main] ERROR f.i.s.r.process.maven.MavenHelper - Error while building complete model. The raw model will be used. Error message: 1 problem was encountered while building the effective model for org.apache.shardingsphere:shardingsphere-integration-test-scaling:5.1.2-SNAPSHOT
[ERROR] Failed to determine Java version for profile jdk11+ @ org.apache.shardingsphere:shardingsphere:5.1.2-SNAPSHOT, /root/workspace/apache-shardingsphere-master-17081_repo/pom.xml

07:37:38.972 [main] ERROR f.i.s.r.process.maven.MavenHelper - Error while building complete model. The raw model will be used. Error message: 1 problem was encountered while building the effective model for org.apache.shardingsphere:shardingsphere-integration-driver-test:5.1.2-SNAPSHOT
[ERROR] Failed to determine Java version for profile jdk11+ @ org.apache.shardingsphere:shardingsphere:5.1.2-SNAPSHOT, /root/workspace/apache-shardingsphere-master-17081_repo/pom.xml

07:37:38.974 [main] ERROR f.i.s.r.process.maven.MavenHelper - Error while building complete model. The raw model will be used. Error message: 1 problem was encountered while building the effective model for org.apache.shardingsphere:shardingsphere-integration-agent-test:5.1.2-SNAPSHOT
[ERROR] Failed to determine Java version for profile jdk11+ @ org.apache.shardingsphere:shardingsphere:5.1.2-SNAPSHOT, /root/workspace/apache-shardingsphere-master-17081_repo/pom.xml

07:37:38.976 [main] ERROR f.i.s.r.process.maven.MavenHelper - Error while building complete model. The raw model will be used. Error message: 1 problem was encountered while building the effective model for org.apache.shardingsphere:shardingsphere-integration-agent-test-plugins:5.1.2-SNAPSHOT
[ERROR] Failed to determine Java version for profile jdk11+ @ org.apache.shardingsphere:shardingsphere:5.1.2-SNAPSHOT, /root/workspace/apache-shardingsphere-master-17081_repo/pom.xml

07:37:38.978 [main] ERROR f.i.s.r.process.maven.MavenHelper - Error while building complete model. The raw model will be used. Error message: 1 problem was encountered while building the effective model for org.apache.shardingsphere:shardingsphere-integration-agent-test-metrics:5.1.2-SNAPSHOT
[ERROR] Failed to determine Java version for profile jdk11+ @ org.apache.shardingsphere:shardingsphere:5.1.2-SNAPSHOT, /root/workspace/apache-shardingsphere-master-17081_repo/pom.xml

07:37:38.980 [main] ERROR f.i.s.r.process.maven.MavenHelper - Error while building complete model. The raw model will be used. Error message: 1 problem was encountered while building the effective model for org.apache.shardingsphere:shardingsphere-integration-agent-test-common:5.1.2-SNAPSHOT
[ERROR] Failed to determine Java version for profile jdk11+ @ org.apache.shardingsphere:shardingsphere:5.1.2-SNAPSHOT, /root/workspace/apache-shardingsphere-master-17081_repo/pom.xml

07:37:38.982 [main] ERROR f.i.s.r.process.maven.MavenHelper - Error while building complete model. The raw model will be used. Error message: 1 problem was encountered while building the effective model for org.apache.shardingsphere:shardingsphere-integration-agent-test-zipkin:5.1.2-SNAPSHOT
[ERROR] Failed to determine Java version for profile jdk11+ @ org.apache.shardingsphere:shardingsphere:5.1.2-SNAPSHOT, /root/workspace/apache-shardingsphere-master-17081_repo/pom.xml

07:37:38.984 [main] ERROR f.i.s.r.process.maven.MavenHelper - Error while building complete model. The raw model will be used. Error message: 1 problem was encountered while building the effective model for org.apache.shardingsphere:shardingsphere-integration-agent-test-jaeger:5.1.2-SNAPSHOT
[ERROR] Failed to determine Java version for profile jdk11+ @ org.apache.shardingsphere:shardingsphere:5.1.2-SNAPSHOT, /root/workspace/apache-shardingsphere-master-17081_repo/pom.xml

07:37:38.987 [main] ERROR f.i.s.r.process.maven.MavenHelper - Error while building complete model. The raw model will be used. Error message: 1 problem was encountered while building the effective model for org.apache.shardingsphere:shardingsphere-integration-agent-test-opentelemetry:5.1.2-SNAPSHOT
[ERROR] Failed to determine Java version for profile jdk11+ @ org.apache.shardingsphere:shardingsphere:5.1.2-SNAPSHOT, /root/workspace/apache-shardingsphere-master-17081_repo/pom.xml

07:37:38.989 [main] ERROR f.i.s.r.process.maven.MavenHelper - Error while building complete model. The raw model will be used. Error message: 1 problem was encountered while building the effective model for org.apache.shardingsphere:shardingsphere-rewrite-test:5.1.2-SNAPSHOT
[ERROR] Failed to determine Java version for profile jdk11+ @ org.apache.shardingsphere:shardingsphere:5.1.2-SNAPSHOT, /root/workspace/apache-shardingsphere-master-17081_repo/pom.xml

07:37:38.991 [main] ERROR f.i.s.r.process.maven.MavenHelper - Error while building complete model. The raw model will be used. Error message: 1 problem was encountered while building the effective model for org.apache.shardingsphere:shardingsphere-parser-test:5.1.2-SNAPSHOT
[ERROR] Failed to determine Java version for profile jdk11+ @ org.apache.shardingsphere:shardingsphere:5.1.2-SNAPSHOT, /root/workspace/apache-shardingsphere-master-17081_repo/pom.xml

07:37:38.993 [main] ERROR f.i.s.r.process.maven.MavenHelper - Error while building complete model. The raw model will be used. Error message: 1 problem was encountered while building the effective model for org.apache.shardingsphere:shardingsphere-optimize-test:5.1.2-SNAPSHOT
[ERROR] Failed to determine Java version for profile jdk11+ @ org.apache.shardingsphere:shardingsphere:5.1.2-SNAPSHOT, /root/workspace/apache-shardingsphere-master-17081_repo/pom.xml

07:37:38.995 [main] ERROR f.i.s.r.process.maven.MavenHelper - Error while building complete model. The raw model will be used. Error message: 1 problem was encountered while building the effective model for org.apache.shardingsphere:shardingsphere-pipeline-test:5.1.2-SNAPSHOT
[ERROR] Failed to determine Java version for profile jdk11+ @ org.apache.shardingsphere:shardingsphere:5.1.2-SNAPSHOT, /root/workspace/apache-shardingsphere-master-17081_repo/pom.xml

07:37:38.997 [main] ERROR f.i.s.r.process.maven.MavenHelper - Error while building complete model. The raw model will be used. Error message: 1 problem was encountered while building the effective model for org.apache.shardingsphere:shardingsphere-distribution:5.1.2-SNAPSHOT
[ERROR] Failed to determine Java version for profile jdk11+ @ org.apache.shardingsphere:shardingsphere:5.1.2-SNAPSHOT, /root/workspace/apache-shardingsphere-master-17081_repo/pom.xml

07:37:38.999 [main] ERROR f.i.s.r.process.maven.MavenHelper - Error while building complete model. The raw model will be used. Error message: 1 problem was encountered while building the effective model for org.apache.shardingsphere:shardingsphere-src-distribution:5.1.2-SNAPSHOT
[ERROR] Failed to determine Java version for profile jdk11+ @ org.apache.shardingsphere:shardingsphere:5.1.2-SNAPSHOT, /root/workspace/apache-shardingsphere-master-17081_repo/pom.xml

07:37:38.999 [main] ERROR f.i.s.r.p.step.paths.ComputeTestDir - The test directory is not at default location or specified in build section from pom.xml, and no parent can be found.
07:37:39.000 [main] ERROR f.i.s.r.process.maven.MavenHelper - Error while building complete model. The raw model will be used. Error message: 1 problem was encountered while building the effective model for org.apache.shardingsphere:shardingsphere-jdbc-distribution:5.1.2-SNAPSHOT
[ERROR] Failed to determine Java version for profile jdk11+ @ org.apache.shardingsphere:shardingsphere:5.1.2-SNAPSHOT, /root/workspace/apache-shardingsphere-master-17081_repo/pom.xml

07:37:39.001 [main] ERROR f.i.s.r.p.step.paths.ComputeTestDir - The test directory is not at default location or specified in build section from pom.xml, and no parent can be found.
07:37:39.002 [main] ERROR f.i.s.r.process.maven.MavenHelper - Error while building complete model. The raw model will be used. Error message: 1 problem was encountered while building the effective model for org.apache.shardingsphere:shardingsphere-proxy-distribution:5.1.2-SNAPSHOT
[ERROR] Failed to determine Java version for profile jdk11+ @ org.apache.shardingsphere:shardingsphere:5.1.2-SNAPSHOT, /root/workspace/apache-shardingsphere-master-17081_repo/pom.xml

07:37:39.003 [main] ERROR f.i.s.r.p.step.paths.ComputeTestDir - The test directory is not at default location or specified in build section from pom.xml, and no parent can be found.
07:37:39.003 [main] ERROR f.i.s.r.p.step.paths.ComputeTestDir - The test directory is not at default location or specified in build section from pom.xml, and no parent can be found.
07:37:39.003 [main] INFO  f.i.s.r.p.step.paths.ComputeTestDir - 105 test dirs were found:
07:37:39.003 [main] INFO  f.i.s.r.p.step.paths.ComputeTestDir - /root/workspace/apache-shardingsphere-master-17081_repo/shardingsphere-agent/shardingsphere-agent-core/src/test/java
07:37:39.003 [main] INFO  f.i.s.r.p.step.paths.ComputeTestDir - /root/workspace/apache-shardingsphere-master-17081_repo/shardingsphere-agent/shardingsphere-agent-plugins/shardingsphere-agent-plugin-metrics/shardingsphere-agent-metrics-api/src/test/java
07:37:39.003 [main] INFO  f.i.s.r.p.step.paths.ComputeTestDir - /root/workspace/apache-shardingsphere-master-17081_repo/shardingsphere-agent/shardingsphere-agent-plugins/shardingsphere-agent-plugin-metrics/shardingsphere-agent-metrics-prometheus/src/test/java
07:37:39.003 [main] INFO  f.i.s.r.p.step.paths.ComputeTestDir - /root/workspace/apache-shardingsphere-master-17081_repo/shardingsphere-agent/shardingsphere-agent-plugins/shardingsphere-agent-plugin-tracing/shardingsphere-agent-tracing-jaeger/src/test/java
07:37:39.003 [main] INFO  f.i.s.r.p.step.paths.ComputeTestDir - /root/workspace/apache-shardingsphere-master-17081_repo/shardingsphere-agent/shardingsphere-agent-plugins/shardingsphere-agent-plugin-tracing/shardingsphere-agent-tracing-opentelemetry/src/test/java
07:37:39.003 [main] INFO  f.i.s.r.p.step.paths.ComputeTestDir - /root/workspace/apache-shardingsphere-master-17081_repo/shardingsphere-agent/shardingsphere-agent-plugins/shardingsphere-agent-plugin-tracing/shardingsphere-agent-tracing-opentracing/src/test/java
07:37:39.003 [main] INFO  f.i.s.r.p.step.paths.ComputeTestDir - /root/workspace/apache-shardingsphere-master-17081_repo/shardingsphere-agent/shardingsphere-agent-plugins/shardingsphere-agent-plugin-tracing/shardingsphere-agent-tracing-zipkin/src/test/java
07:37:39.003 [main] INFO  f.i.s.r.p.step.paths.ComputeTestDir - /root/workspace/apache-shardingsphere-master-17081_repo/shardingsphere-db-protocol/shardingsphere-db-protocol-core/src/test/java
07:37:39.003 [main] INFO  f.i.s.r.p.step.paths.ComputeTestDir - /root/workspace/apache-shardingsphere-master-17081_repo/shardingsphere-db-protocol/shardingsphere-db-protocol-mysql/src/test/java
07:37:39.003 [main] INFO  f.i.s.r.p.step.paths.ComputeTestDir - /root/workspace/apache-shardingsphere-master-17081_repo/shardingsphere-db-protocol/shardingsphere-db-protocol-opengauss/src/test/java
07:37:39.003 [main] INFO  f.i.s.r.p.step.paths.ComputeTestDir - /root/workspace/apache-shardingsphere-master-17081_repo/shardingsphere-db-protocol/shardingsphere-db-protocol-postgresql/src/test/java
07:37:39.003 [main] INFO  f.i.s.r.p.step.paths.ComputeTestDir - /root/workspace/apache-shardingsphere-master-17081_repo/shardingsphere-features/shardingsphere-db-discovery/shardingsphere-db-discovery-core/src/test/java
07:37:39.003 [main] INFO  f.i.s.r.p.step.paths.ComputeTestDir - /root/workspace/apache-shardingsphere-master-17081_repo/shardingsphere-features/shardingsphere-db-discovery/shardingsphere-db-discovery-distsql/shardingsphere-db-discovery-distsql-handler/src/test/java
07:37:39.003 [main] INFO  f.i.s.r.p.step.paths.ComputeTestDir - /root/workspace/apache-shardingsphere-master-17081_repo/shardingsphere-features/shardingsphere-db-discovery/shardingsphere-db-discovery-provider/shardingsphere-db-discovery-mysql/src/test/java
07:37:39.003 [main] INFO  f.i.s.r.p.step.paths.ComputeTestDir - /root/workspace/apache-shardingsphere-master-17081_repo/shardingsphere-features/shardingsphere-db-discovery/shardingsphere-db-discovery-provider/shardingsphere-db-discovery-opengauss/src/test/java
07:37:39.003 [main] INFO  f.i.s.r.p.step.paths.ComputeTestDir - /root/workspace/apache-shardingsphere-master-17081_repo/shardingsphere-features/shardingsphere-db-discovery/shardingsphere-db-discovery-spring/shardingsphere-db-discovery-spring-boot-starter/src/test/java
07:37:39.003 [main] INFO  f.i.s.r.p.step.paths.ComputeTestDir - /root/workspace/apache-shardingsphere-master-17081_repo/shardingsphere-features/shardingsphere-db-discovery/shardingsphere-db-discovery-spring/shardingsphere-db-discovery-spring-namespace/src/test/java
07:37:39.003 [main] INFO  f.i.s.r.p.step.paths.ComputeTestDir - /root/workspace/apache-shardingsphere-master-17081_repo/shardingsphere-features/shardingsphere-encrypt/shardingsphere-encrypt-core/src/test/java
07:37:39.003 [main] INFO  f.i.s.r.p.step.paths.ComputeTestDir - /root/workspace/apache-shardingsphere-master-17081_repo/shardingsphere-features/shardingsphere-encrypt/shardingsphere-encrypt-distsql/shardingsphere-encrypt-distsql-handler/src/test/java
07:37:39.003 [main] INFO  f.i.s.r.p.step.paths.ComputeTestDir - /root/workspace/apache-shardingsphere-master-17081_repo/shardingsphere-features/shardingsphere-encrypt/shardingsphere-encrypt-spring/shardingsphere-encrypt-spring-boot-starter/src/test/java
07:37:39.003 [main] INFO  f.i.s.r.p.step.paths.ComputeTestDir - /root/workspace/apache-shardingsphere-master-17081_repo/shardingsphere-features/shardingsphere-encrypt/shardingsphere-encrypt-spring/shardingsphere-encrypt-spring-namespace/src/test/java
07:37:39.003 [main] INFO  f.i.s.r.p.step.paths.ComputeTestDir - /root/workspace/apache-shardingsphere-master-17081_repo/shardingsphere-features/shardingsphere-readwrite-splitting/shardingsphere-readwrite-splitting-core/src/test/java
07:37:39.003 [main] INFO  f.i.s.r.p.step.paths.ComputeTestDir - /root/workspace/apache-shardingsphere-master-17081_repo/shardingsphere-features/shardingsphere-readwrite-splitting/shardingsphere-readwrite-splitting-distsql/shardingsphere-readwrite-splitting-distsql-handler/src/test/java
07:37:39.003 [main] INFO  f.i.s.r.p.step.paths.ComputeTestDir - /root/workspace/apache-shardingsphere-master-17081_repo/shardingsphere-features/shardingsphere-readwrite-splitting/shardingsphere-readwrite-splitting-spring/shardingsphere-readwrite-splitting-spring-boot-starter/src/test/java
07:37:39.003 [main] INFO  f.i.s.r.p.step.paths.ComputeTestDir - /root/workspace/apache-shardingsphere-master-17081_repo/shardingsphere-features/shardingsphere-readwrite-splitting/shardingsphere-readwrite-splitting-spring/shardingsphere-readwrite-splitting-spring-namespace/src/test/java
07:37:39.003 [main] INFO  f.i.s.r.p.step.paths.ComputeTestDir - /root/workspace/apache-shardingsphere-master-17081_repo/shardingsphere-features/shardingsphere-shadow/shardingsphere-shadow-core/src/test/java
07:37:39.003 [main] INFO  f.i.s.r.p.step.paths.ComputeTestDir - /root/workspace/apache-shardingsphere-master-17081_repo/shardingsphere-features/shardingsphere-shadow/shardingsphere-shadow-distsql/shardingsphere-shadow-distsql-handler/src/test/java
07:37:39.003 [main] INFO  f.i.s.r.p.step.paths.ComputeTestDir - /root/workspace/apache-shardingsphere-master-17081_repo/shardingsphere-features/shardingsphere-shadow/shardingsphere-shadow-spring/shardingsphere-shadow-spring-boot-starter/src/test/java
07:37:39.003 [main] INFO  f.i.s.r.p.step.paths.ComputeTestDir - /root/workspace/apache-shardingsphere-master-17081_repo/shardingsphere-features/shardingsphere-shadow/shardingsphere-shadow-spring/shardingsphere-shadow-spring-namespace/src/test/java
07:37:39.003 [main] INFO  f.i.s.r.p.step.paths.ComputeTestDir - /root/workspace/apache-shardingsphere-master-17081_repo/shardingsphere-features/shardingsphere-sharding/shardingsphere-sharding-core/src/test/java
07:37:39.003 [main] INFO  f.i.s.r.p.step.paths.ComputeTestDir - /root/workspace/apache-shardingsphere-master-17081_repo/shardingsphere-features/shardingsphere-sharding/shardingsphere-sharding-distsql/shardingsphere-sharding-distsql-handler/src/test/java
07:37:39.003 [main] INFO  f.i.s.r.p.step.paths.ComputeTestDir - /root/workspace/apache-shardingsphere-master-17081_repo/shardingsphere-features/shardingsphere-sharding/shardingsphere-sharding-spring/shardingsphere-sharding-spring-boot-starter/src/test/java
07:37:39.003 [main] INFO  f.i.s.r.p.step.paths.ComputeTestDir - /root/workspace/apache-shardingsphere-master-17081_repo/shardingsphere-features/shardingsphere-sharding/shardingsphere-sharding-spring/shardingsphere-sharding-spring-namespace/src/test/java
07:37:39.003 [main] INFO  f.i.s.r.p.step.paths.ComputeTestDir - /root/workspace/apache-shardingsphere-master-17081_repo/shardingsphere-infra/shardingsphere-infra-binder/src/test/java
07:37:39.003 [main] INFO  f.i.s.r.p.step.paths.ComputeTestDir - /root/workspace/apache-shardingsphere-master-17081_repo/shardingsphere-infra/shardingsphere-infra-common/src/test/java
07:37:39.003 [main] INFO  f.i.s.r.p.step.paths.ComputeTestDir - /root/workspace/apache-shardingsphere-master-17081_repo/shardingsphere-infra/shardingsphere-infra-context/src/test/java
07:37:39.003 [main] INFO  f.i.s.r.p.step.paths.ComputeTestDir - /root/workspace/apache-shardingsphere-master-17081_repo/shardingsphere-infra/shardingsphere-infra-datetime/shardingsphere-infra-datetime-type/shardingsphere-database-datetime/src/test/java
07:37:39.003 [main] INFO  f.i.s.r.p.step.paths.ComputeTestDir - /root/workspace/apache-shardingsphere-master-17081_repo/shardingsphere-infra/shardingsphere-infra-datetime/shardingsphere-infra-datetime-type/shardingsphere-system-datetime/src/test/java
07:37:39.003 [main] INFO  f.i.s.r.p.step.paths.ComputeTestDir - /root/workspace/apache-shardingsphere-master-17081_repo/shardingsphere-infra/shardingsphere-infra-executor/src/test/java
07:37:39.003 [main] INFO  f.i.s.r.p.step.paths.ComputeTestDir - /root/workspace/apache-shardingsphere-master-17081_repo/shardingsphere-infra/shardingsphere-infra-federation/shardingsphere-infra-federation-optimizer/src/test/java
07:37:39.003 [main] INFO  f.i.s.r.p.step.paths.ComputeTestDir - /root/workspace/apache-shardingsphere-master-17081_repo/shardingsphere-infra/shardingsphere-infra-merge/src/test/java
07:37:39.003 [main] INFO  f.i.s.r.p.step.paths.ComputeTestDir - /root/workspace/apache-shardingsphere-master-17081_repo/shardingsphere-infra/shardingsphere-infra-parser/src/test/java
07:37:39.003 [main] INFO  f.i.s.r.p.step.paths.ComputeTestDir - /root/workspace/apache-shardingsphere-master-17081_repo/shardingsphere-infra/shardingsphere-infra-rewrite/src/test/java
07:37:39.003 [main] INFO  f.i.s.r.p.step.paths.ComputeTestDir - /root/workspace/apache-shardingsphere-master-17081_repo/shardingsphere-infra/shardingsphere-infra-route/src/test/java
07:37:39.003 [main] INFO  f.i.s.r.p.step.paths.ComputeTestDir - /root/workspace/apache-shardingsphere-master-17081_repo/shardingsphere-jdbc/shardingsphere-jdbc-core/src/test/java
07:37:39.003 [main] INFO  f.i.s.r.p.step.paths.ComputeTestDir - /root/workspace/apache-shardingsphere-master-17081_repo/shardingsphere-jdbc/shardingsphere-jdbc-spring/shardingsphere-jdbc-core-spring/shardingsphere-jdbc-core-spring-boot-starter/src/test/java
07:37:39.003 [main] INFO  f.i.s.r.p.step.paths.ComputeTestDir - /root/workspace/apache-shardingsphere-master-17081_repo/shardingsphere-jdbc/shardingsphere-jdbc-spring/shardingsphere-jdbc-core-spring/shardingsphere-jdbc-core-spring-namespace/src/test/java
07:37:39.003 [main] INFO  f.i.s.r.p.step.paths.ComputeTestDir - /root/workspace/apache-shardingsphere-master-17081_repo/shardingsphere-jdbc/shardingsphere-jdbc-spring/shardingsphere-jdbc-spring-infra/shardingsphere-jdbc-spring-boot-starter-infra/src/test/java
07:37:39.003 [main] INFO  f.i.s.r.p.step.paths.ComputeTestDir - /root/workspace/apache-shardingsphere-master-17081_repo/shardingsphere-jdbc/shardingsphere-jdbc-spring/shardingsphere-jdbc-spring-infra/shardingsphere-jdbc-spring-namespace-infra/src/test/java
07:37:39.003 [main] INFO  f.i.s.r.p.step.paths.ComputeTestDir - /root/workspace/apache-shardingsphere-master-17081_repo/shardingsphere-jdbc/shardingsphere-jdbc-spring/shardingsphere-jdbc-transaction-spring/src/test/java
07:37:39.003 [main] INFO  f.i.s.r.p.step.paths.ComputeTestDir - /root/workspace/apache-shardingsphere-master-17081_repo/shardingsphere-kernel/shardingsphere-authority/shardingsphere-authority-core/src/test/java
07:37:39.003 [main] INFO  f.i.s.r.p.step.paths.ComputeTestDir - /root/workspace/apache-shardingsphere-master-17081_repo/shardingsphere-kernel/shardingsphere-data-pipeline/shardingsphere-data-pipeline-core/src/test/java
07:37:39.003 [main] INFO  f.i.s.r.p.step.paths.ComputeTestDir - /root/workspace/apache-shardingsphere-master-17081_repo/shardingsphere-kernel/shardingsphere-data-pipeline/shardingsphere-data-pipeline-dialect/shardingsphere-data-pipeline-mysql/src/test/java
07:37:39.003 [main] INFO  f.i.s.r.p.step.paths.ComputeTestDir - /root/workspace/apache-shardingsphere-master-17081_repo/shardingsphere-kernel/shardingsphere-data-pipeline/shardingsphere-data-pipeline-dialect/shardingsphere-data-pipeline-opengauss/src/test/java
07:37:39.003 [main] INFO  f.i.s.r.p.step.paths.ComputeTestDir - /root/workspace/apache-shardingsphere-master-17081_repo/shardingsphere-kernel/shardingsphere-data-pipeline/shardingsphere-data-pipeline-dialect/shardingsphere-data-pipeline-postgresql/src/test/java
07:37:39.003 [main] INFO  f.i.s.r.p.step.paths.ComputeTestDir - /root/workspace/apache-shardingsphere-master-17081_repo/shardingsphere-kernel/shardingsphere-data-pipeline/shardingsphere-data-pipeline-spi/src/test/java
07:37:39.003 [main] INFO  f.i.s.r.p.step.paths.ComputeTestDir - /root/workspace/apache-shardingsphere-master-17081_repo/shardingsphere-kernel/shardingsphere-parser/shardingsphere-parser-core/src/test/java
07:37:39.003 [main] INFO  f.i.s.r.p.step.paths.ComputeTestDir - /root/workspace/apache-shardingsphere-master-17081_repo/shardingsphere-kernel/shardingsphere-parser/shardingsphere-parser-spring/shardingsphere-parser-spring-boot-starter/src/test/java
07:37:39.003 [main] INFO  f.i.s.r.p.step.paths.ComputeTestDir - /root/workspace/apache-shardingsphere-master-17081_repo/shardingsphere-kernel/shardingsphere-parser/shardingsphere-parser-spring/shardingsphere-parser-spring-namespace/src/test/java
07:37:39.003 [main] INFO  f.i.s.r.p.step.paths.ComputeTestDir - /root/workspace/apache-shardingsphere-master-17081_repo/shardingsphere-kernel/shardingsphere-single-table/shardingsphere-single-table-core/src/test/java
07:37:39.003 [main] INFO  f.i.s.r.p.step.paths.ComputeTestDir - /root/workspace/apache-shardingsphere-master-17081_repo/shardingsphere-kernel/shardingsphere-traffic/shardingsphere-traffic-core/src/test/java
07:37:39.003 [main] INFO  f.i.s.r.p.step.paths.ComputeTestDir - /root/workspace/apache-shardingsphere-master-17081_repo/shardingsphere-kernel/shardingsphere-transaction/shardingsphere-transaction-core/src/test/java
07:37:39.003 [main] INFO  f.i.s.r.p.step.paths.ComputeTestDir - /root/workspace/apache-shardingsphere-master-17081_repo/shardingsphere-kernel/shardingsphere-transaction/shardingsphere-transaction-type/shardingsphere-transaction-base/shardingsphere-transaction-base-seata-at/src/test/java
07:37:39.003 [main] INFO  f.i.s.r.p.step.paths.ComputeTestDir - /root/workspace/apache-shardingsphere-master-17081_repo/shardingsphere-kernel/shardingsphere-transaction/shardingsphere-transaction-type/shardingsphere-transaction-xa/shardingsphere-transaction-xa-core/src/test/java
07:37:39.003 [main] INFO  f.i.s.r.p.step.paths.ComputeTestDir - /root/workspace/apache-shardingsphere-master-17081_repo/shardingsphere-kernel/shardingsphere-transaction/shardingsphere-transaction-type/shardingsphere-transaction-xa/shardingsphere-transaction-xa-provider/shardingsphere-transaction-xa-atomikos/src/test/java
07:37:39.003 [main] INFO  f.i.s.r.p.step.paths.ComputeTestDir - /root/workspace/apache-shardingsphere-master-17081_repo/shardingsphere-kernel/shardingsphere-transaction/shardingsphere-transaction-type/shardingsphere-transaction-xa/shardingsphere-transaction-xa-provider/shardingsphere-transaction-xa-bitronix/src/test/java
07:37:39.003 [main] INFO  f.i.s.r.p.step.paths.ComputeTestDir - /root/workspace/apache-shardingsphere-master-17081_repo/shardingsphere-kernel/shardingsphere-transaction/shardingsphere-transaction-type/shardingsphere-transaction-xa/shardingsphere-transaction-xa-provider/shardingsphere-transaction-xa-narayana/src/test/java
07:37:39.003 [main] INFO  f.i.s.r.p.step.paths.ComputeTestDir - /root/workspace/apache-shardingsphere-master-17081_repo/shardingsphere-kernel/shardingsphere-transaction/shardingsphere-transaction-type/shardingsphere-transaction-xa/shardingsphere-transaction-xa-spi/src/test/java
07:37:39.003 [main] INFO  f.i.s.r.p.step.paths.ComputeTestDir - /root/workspace/apache-shardingsphere-master-17081_repo/shardingsphere-mode/shardingsphere-mode-core/src/test/java
07:37:39.003 [main] INFO  f.i.s.r.p.step.paths.ComputeTestDir - /root/workspace/apache-shardingsphere-master-17081_repo/shardingsphere-mode/shardingsphere-mode-type/shardingsphere-cluster-mode/shardingsphere-cluster-mode-core/src/test/java
07:37:39.003 [main] INFO  f.i.s.r.p.step.paths.ComputeTestDir - /root/workspace/apache-shardingsphere-master-17081_repo/shardingsphere-mode/shardingsphere-mode-type/shardingsphere-cluster-mode/shardingsphere-cluster-mode-repository/shardingsphere-cluster-mode-repository-provider/shardingsphere-cluster-mode-repository-etcd/src/test/java
07:37:39.003 [main] INFO  f.i.s.r.p.step.paths.ComputeTestDir - /root/workspace/apache-shardingsphere-master-17081_repo/shardingsphere-mode/shardingsphere-mode-type/shardingsphere-cluster-mode/shardingsphere-cluster-mode-repository/shardingsphere-cluster-mode-repository-provider/shardingsphere-cluster-mode-repository-zookeeper-curator/src/test/java
07:37:39.003 [main] INFO  f.i.s.r.p.step.paths.ComputeTestDir - /root/workspace/apache-shardingsphere-master-17081_repo/shardingsphere-mode/shardingsphere-mode-type/shardingsphere-standalone-mode/shardingsphere-standalone-mode-core/src/test/java
07:37:39.003 [main] INFO  f.i.s.r.p.step.paths.ComputeTestDir - /root/workspace/apache-shardingsphere-master-17081_repo/shardingsphere-mode/shardingsphere-mode-type/shardingsphere-standalone-mode/shardingsphere-standalone-mode-repository/shardingsphere-standalone-mode-repository-provider/shardingsphere-standalone-mode-repository-file/src/test/java
07:37:39.003 [main] INFO  f.i.s.r.p.step.paths.ComputeTestDir - /root/workspace/apache-shardingsphere-master-17081_repo/shardingsphere-mode/shardingsphere-mode-type/shardingsphere-standalone-mode/shardingsphere-standalone-mode-repository/shardingsphere-standalone-mode-repository-provider/shardingsphere-standalone-mode-repository-h2/src/test/java
07:37:39.003 [main] INFO  f.i.s.r.p.step.paths.ComputeTestDir - /root/workspace/apache-shardingsphere-master-17081_repo/shardingsphere-proxy/shardingsphere-proxy-backend/src/test/java
07:37:39.003 [main] INFO  f.i.s.r.p.step.paths.ComputeTestDir - /root/workspace/apache-shardingsphere-master-17081_repo/shardingsphere-proxy/shardingsphere-proxy-bootstrap/src/test/java
07:37:39.003 [main] INFO  f.i.s.r.p.step.paths.ComputeTestDir - /root/workspace/apache-shardingsphere-master-17081_repo/shardingsphere-proxy/shardingsphere-proxy-frontend/shardingsphere-proxy-frontend-core/src/test/java
07:37:39.003 [main] INFO  f.i.s.r.p.step.paths.ComputeTestDir - /root/workspace/apache-shardingsphere-master-17081_repo/shardingsphere-proxy/shardingsphere-proxy-frontend/shardingsphere-proxy-frontend-mysql/src/test/java
07:37:39.003 [main] INFO  f.i.s.r.p.step.paths.ComputeTestDir - /root/workspace/apache-shardingsphere-master-17081_repo/shardingsphere-proxy/shardingsphere-proxy-frontend/shardingsphere-proxy-frontend-opengauss/src/test/java
07:37:39.003 [main] INFO  f.i.s.r.p.step.paths.ComputeTestDir - /root/workspace/apache-shardingsphere-master-17081_repo/shardingsphere-proxy/shardingsphere-proxy-frontend/shardingsphere-proxy-frontend-postgresql/src/test/java
07:37:39.003 [main] INFO  f.i.s.r.p.step.paths.ComputeTestDir - /root/workspace/apache-shardingsphere-master-17081_repo/shardingsphere-proxy/shardingsphere-proxy-frontend/shardingsphere-proxy-frontend-reactive-core/src/test/java
07:37:39.003 [main] INFO  f.i.s.r.p.step.paths.ComputeTestDir - /root/workspace/apache-shardingsphere-master-17081_repo/shardingsphere-spi/src/test/java
07:37:39.003 [main] INFO  f.i.s.r.p.step.paths.ComputeTestDir - /root/workspace/apache-shardingsphere-master-17081_repo/shardingsphere-sql-parser/shardingsphere-sql-parser-dialect/shardingsphere-sql-parser-mysql/src/test/java
07:37:39.003 [main] INFO  f.i.s.r.p.step.paths.ComputeTestDir - /root/workspace/apache-shardingsphere-master-17081_repo/shardingsphere-sql-parser/shardingsphere-sql-parser-dialect/shardingsphere-sql-parser-opengauss/src/test/java
07:37:39.003 [main] INFO  f.i.s.r.p.step.paths.ComputeTestDir - /root/workspace/apache-shardingsphere-master-17081_repo/shardingsphere-sql-parser/shardingsphere-sql-parser-dialect/shardingsphere-sql-parser-oracle/src/test/java
07:37:39.004 [main] INFO  f.i.s.r.p.step.paths.ComputeTestDir - /root/workspace/apache-shardingsphere-master-17081_repo/shardingsphere-sql-parser/shardingsphere-sql-parser-dialect/shardingsphere-sql-parser-postgresql/src/test/java
07:37:39.004 [main] INFO  f.i.s.r.p.step.paths.ComputeTestDir - /root/workspace/apache-shardingsphere-master-17081_repo/shardingsphere-sql-parser/shardingsphere-sql-parser-dialect/shardingsphere-sql-parser-sql92/src/test/java
07:37:39.004 [main] INFO  f.i.s.r.p.step.paths.ComputeTestDir - /root/workspace/apache-shardingsphere-master-17081_repo/shardingsphere-sql-parser/shardingsphere-sql-parser-dialect/shardingsphere-sql-parser-sqlserver/src/test/java
07:37:39.004 [main] INFO  f.i.s.r.p.step.paths.ComputeTestDir - /root/workspace/apache-shardingsphere-master-17081_repo/shardingsphere-sql-parser/shardingsphere-sql-parser-engine/src/test/java
07:37:39.004 [main] INFO  f.i.s.r.p.step.paths.ComputeTestDir - /root/workspace/apache-shardingsphere-master-17081_repo/shardingsphere-sql-parser/shardingsphere-sql-parser-statement/src/test/java
07:37:39.004 [main] INFO  f.i.s.r.p.step.paths.ComputeTestDir - /root/workspace/apache-shardingsphere-master-17081_repo/shardingsphere-test/shardingsphere-integration-agent-test/shardingsphere-integration-agent-test-plugins/shardingsphere-integration-agent-test-common/src/test/java
07:37:39.004 [main] INFO  f.i.s.r.p.step.paths.ComputeTestDir - /root/workspace/apache-shardingsphere-master-17081_repo/shardingsphere-test/shardingsphere-integration-agent-test/shardingsphere-integration-agent-test-plugins/shardingsphere-integration-agent-test-jaeger/src/test/java
07:37:39.004 [main] INFO  f.i.s.r.p.step.paths.ComputeTestDir - /root/workspace/apache-shardingsphere-master-17081_repo/shardingsphere-test/shardingsphere-integration-agent-test/shardingsphere-integration-agent-test-plugins/shardingsphere-integration-agent-test-metrics/src/test/java
07:37:39.004 [main] INFO  f.i.s.r.p.step.paths.ComputeTestDir - /root/workspace/apache-shardingsphere-master-17081_repo/shardingsphere-test/shardingsphere-integration-agent-test/shardingsphere-integration-agent-test-plugins/shardingsphere-integration-agent-test-opentelemetry/src/test/java
07:37:39.004 [main] INFO  f.i.s.r.p.step.paths.ComputeTestDir - /root/workspace/apache-shardingsphere-master-17081_repo/shardingsphere-test/shardingsphere-integration-agent-test/shardingsphere-integration-agent-test-plugins/shardingsphere-integration-agent-test-zipkin/src/test/java
07:37:39.004 [main] INFO  f.i.s.r.p.step.paths.ComputeTestDir - /root/workspace/apache-shardingsphere-master-17081_repo/shardingsphere-test/shardingsphere-integration-driver-test/src/test/java
07:37:39.004 [main] INFO  f.i.s.r.p.step.paths.ComputeTestDir - /root/workspace/apache-shardingsphere-master-17081_repo/shardingsphere-test/shardingsphere-integration-test/shardingsphere-integration-test-env/src/test/java
07:37:39.004 [main] INFO  f.i.s.r.p.step.paths.ComputeTestDir - /root/workspace/apache-shardingsphere-master-17081_repo/shardingsphere-test/shardingsphere-integration-test/shardingsphere-integration-test-fixture/src/test/java
07:37:39.004 [main] INFO  f.i.s.r.p.step.paths.ComputeTestDir - /root/workspace/apache-shardingsphere-master-17081_repo/shardingsphere-test/shardingsphere-integration-test/shardingsphere-integration-test-scaling/src/test/java
07:37:39.004 [main] INFO  f.i.s.r.p.step.paths.ComputeTestDir - /root/workspace/apache-shardingsphere-master-17081_repo/shardingsphere-test/shardingsphere-integration-test/shardingsphere-integration-test-suite/src/test/java
07:37:39.004 [main] INFO  f.i.s.r.p.step.paths.ComputeTestDir - /root/workspace/apache-shardingsphere-master-17081_repo/shardingsphere-test/shardingsphere-optimize-test/src/test/java
07:37:39.004 [main] INFO  f.i.s.r.p.step.paths.ComputeTestDir - /root/workspace/apache-shardingsphere-master-17081_repo/shardingsphere-test/shardingsphere-parser-test/src/test/java
07:37:39.004 [main] INFO  f.i.s.r.p.step.paths.ComputeTestDir - /root/workspace/apache-shardingsphere-master-17081_repo/shardingsphere-test/shardingsphere-pipeline-test/src/test/java
07:37:39.004 [main] INFO  f.i.s.r.p.step.paths.ComputeTestDir - /root/workspace/apache-shardingsphere-master-17081_repo/shardingsphere-test/shardingsphere-rewrite-test/src/test/java
07:37:40.026 [main] INFO  f.i.s.r.p.s.g.GatherTestInformation - Get the following failing module path: /root/workspace/apache-shardingsphere-master-17081_repo/shardingsphere-test/shardingsphere-integration-test/shardingsphere-integration-test-scaling
07:37:40.044 [main] INFO  f.i.s.r.p.s.g.GatherTestInformation - ---Test results---
07:37:40.044 [main] INFO  f.i.s.r.p.s.g.GatherTestInformation -    Total tests: 26787
07:37:40.044 [main] INFO  f.i.s.r.p.s.g.GatherTestInformation -    Tests run: 26783
07:37:40.044 [main] INFO  f.i.s.r.p.s.g.GatherTestInformation -    Tests passing: 26782
07:37:40.044 [main] INFO  f.i.s.r.p.s.g.GatherTestInformation -    Failures: 0
07:37:40.044 [main] INFO  f.i.s.r.p.s.g.GatherTestInformation -    Errors: 1
07:37:40.044 [main] INFO  f.i.s.r.p.s.g.GatherTestInformation -    Skipped: 4
[0] INFO Flacoco - Running Flacoco...
[14] WARN TestMethodFilter - NoClassDefFoundError: class org.apache.shardingsphere.integration.data.pipline.env.config.SourceConfiguration
[15] WARN TestMethodFilter - NoClassDefFoundError: class org.apache.shardingsphere.integration.data.pipline.env.config.TargetConfiguration
[15] WARN TestMethodFilter - NoClassDefFoundError: class org.apache.shardingsphere.integration.data.pipline.env.ITEnvironmentContext
[17] WARN TestMethodFilter - NoClassDefFoundError: class org.apache.shardingsphere.integration.data.pipline.container.proxy.ShardingSphereProxyLocalContainer
[19] WARN TestMethodFilter - NoClassDefFoundError: class org.apache.shardingsphere.integration.data.pipline.cases.mysql.MySQLManualScalingTest
[20] WARN TestMethodFilter - NoClassDefFoundError: class org.apache.shardingsphere.integration.data.pipline.factory.DatabaseContainerFactory
[22] WARN TestMethodFilter - NoClassDefFoundError: class org.apache.shardingsphere.integration.data.pipline.env.config.SourceConfiguration
[22] WARN TestMethodFilter - NoClassDefFoundError: class org.apache.shardingsphere.integration.data.pipline.env.config.TargetConfiguration
[22] WARN TestMethodFilter - NoClassDefFoundError: class org.apache.shardingsphere.integration.data.pipline.env.ITEnvironmentContext
[23] WARN TestMethodFilter - NoClassDefFoundError: class org.apache.shardingsphere.integration.data.pipline.container.proxy.ShardingSphereProxyLocalContainer
[24] WARN TestMethodFilter - NoClassDefFoundError: class org.apache.shardingsphere.integration.data.pipline.cases.mysql.MySQLManualScalingTest
[24] WARN TestMethodFilter - NoClassDefFoundError: class org.apache.shardingsphere.integration.data.pipline.factory.DatabaseContainerFactory
[26] INFO CoverageRunner - Tests found: 0
[26] INFO CoverageRunner - Tests executed: 0
07:37:40.535 [main] INFO  fr.inria.jtravis.JTravis - GitHub ratelimit: Limit: 5000 Remaining: 3124 Reset hour: 03:34:26
07:37:41.613 [main] WARN  f.i.s.r.p.s.p.PushFaultLocalizationSuggestionsOnGitHubRepository - Flacoco has found 0 suspicious lines, but none were matched to the diff
07:37:41.613 [main] INFO  f.i.s.r.p.s.f.FlacocoLocalization - 
07:37:44.363 [main] INFO  f.i.s.r.p.i.ProjectInspector - ----------------------------------------------------------------------
07:37:44.363 [main] INFO  f.i.s.r.p.i.ProjectInspector - PIPELINE EXECUTION SUMMARY
07:37:44.363 [main] INFO  f.i.s.r.p.i.ProjectInspector - ----------------------------------------------------------------------
07:37:44.363 [main] INFO  f.i.s.r.p.i.ProjectInspector - CloneCheckoutGitPullRequest..........................SUCCESS [  33 s ]
07:37:44.363 [main] INFO  f.i.s.r.p.i.ProjectInspector - BuildProject.........................................SUCCESS [ 491 s ]
07:37:44.363 [main] INFO  f.i.s.r.p.i.ProjectInspector - TestProject..........................................SUCCESS [ 383 s ]
07:37:44.363 [main] INFO  f.i.s.r.p.i.ProjectInspector - ComputeClasspath.....................................SUCCESS [   7 s ]
07:37:44.363 [main] INFO  f.i.s.r.p.i.ProjectInspector - ComputeSourceDir.....................................SUCCESS [   0 s ]
07:37:44.363 [main] INFO  f.i.s.r.p.i.ProjectInspector - ComputeTestDir.......................................SUCCESS [   0 s ]
07:37:44.363 [main] INFO  f.i.s.r.p.i.ProjectInspector - GatherTestInformation................................SUCCESS [   1 s ]
07:37:44.363 [main] INFO  f.i.s.r.p.i.ProjectInspector - FlacocoLocalization..................................SUCCESS [   0 s ]
07:37:44.363 [main] INFO  f.i.s.r.p.i.ProjectInspector - PushFaultLocalizationSuggestionsOnGitHubRepository...SKIPPED          
07:37:44.363 [main] INFO  f.i.s.r.p.i.ProjectInspector - ----------------------------------------------------------------------
07:37:44.363 [main] INFO  f.i.s.r.p.i.ProjectInspector - PIPELINE FINDING: TEST FAILURE
07:37:44.363 [main] INFO  f.i.s.r.p.i.ProjectInspector - ----------------------------------------------------------------------
07:37:44.364 [main] INFO  f.i.s.r.p.github.GithubMainProcess - Inspector is finished. The process will exit now.
