Execute pipeline with following supplementary args: --smtpPort 25 --listenerMode NOOP --launcherMode FAULT_LOCALIZATION  --gitrepourl https://github.com/apache/shardingsphere --gitrepopullrequest 16780
java -cp /usr/local/openjdk-11/lib/tools.jar:repairnator-pipeline.jar -Dlogback.configurationFile=/root/logback.xml fr.inria.spirals.repairnator.pipeline.Launcher -d --runId null -o /var/log --ghOauth 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 --faultLocalization --flacocoThreshold 0.0 --flacocoTopK null --flacocoResultsRepository flacocobot/2022-flacocobot-experiment --ghOauth  --smtpPort 25 --listenerMode NOOP --launcherMode FAULT_LOCALIZATION  --gitrepourl https://github.com/apache/shardingsphere --gitrepopullrequest 16780

05:30:13.224 [main] INFO  f.i.s.r.p.g.GithubInitSerializerEngines - Initialize file serializer engines.
05:30:13.225 [main] INFO  f.i.s.r.p.g.GithubInitSerializerEngines - MongoDB won't be used for serialization.
05:30:13.225 [main] INFO  f.i.s.r.p.github.GithubInitNotifiers - The email notifier engine won't be used.
05:30:13.238 [main] INFO  f.i.s.r.p.i.ProjectInspector - ----------------------------------------------------------------------
05:30:13.239 [main] INFO  f.i.s.r.p.i.ProjectInspector - PIPELINE STEPS
05:30:13.239 [main] INFO  f.i.s.r.p.i.ProjectInspector - ----------------------------------------------------------------------
05:30:13.239 [main] INFO  f.i.s.r.p.i.ProjectInspector - CloneCheckoutGitPullRequest
05:30:13.239 [main] INFO  f.i.s.r.p.i.ProjectInspector - BuildProject
05:30:13.239 [main] INFO  f.i.s.r.p.i.ProjectInspector - TestProject
05:30:13.239 [main] INFO  f.i.s.r.p.i.ProjectInspector - ComputeClasspath
05:30:13.239 [main] INFO  f.i.s.r.p.i.ProjectInspector - ComputeSourceDir
05:30:13.239 [main] INFO  f.i.s.r.p.i.ProjectInspector - ComputeTestDir
05:30:13.239 [main] INFO  f.i.s.r.p.i.ProjectInspector - GatherTestInformation
05:30:13.239 [main] INFO  f.i.s.r.p.i.ProjectInspector - FlacocoLocalization
05:30:13.239 [main] INFO  f.i.s.r.p.i.ProjectInspector - PushFaultLocalizationSuggestionsOnGitHubRepository
05:30:13.239 [main] INFO  f.i.s.r.p.s.CloneCheckoutGitPullRequest - Cloning repository https://github.com/apache/shardingsphere.git in the following directory: ./workspace/apache-shardingsphere-master-16780_repo
05:38:46.411 [Thread-7] ERROR f.i.s.r.p.m.o.MavenFilterOutputHandler - [ERROR] Tests run: 4, Failures: 0, Errors: 1, Skipped: 0, Time elapsed: 0.179 s <<< FAILURE! - in org.apache.shardingsphere.db.protocol.codec.PacketCodecTest
05:38:46.412 [Thread-7] ERROR f.i.s.r.p.m.o.MavenFilterOutputHandler - [ERROR] unnecessary Mockito stubbings(org.apache.shardingsphere.db.protocol.codec.PacketCodecTest)  Time elapsed: 0.029 s  <<< ERROR!
05:38:46.763 [Thread-7] ERROR f.i.s.r.p.m.o.MavenFilterOutputHandler - [ERROR] Errors: 
05:38:46.763 [Thread-7] ERROR f.i.s.r.p.m.o.MavenFilterOutputHandler - [ERROR]   PacketCodecTest.unnecessary Mockito stubbings Â» UnnecessaryStubbing 
05:38:46.764 [Thread-7] ERROR f.i.s.r.p.m.o.MavenFilterOutputHandler - [ERROR] Tests run: 8, Failures: 0, Errors: 1, Skipped: 0
05:38:46.778 [Thread-7] ERROR f.i.s.r.p.m.o.MavenFilterOutputHandler - [ERROR] Failed to execute goal org.apache.maven.plugins:maven-surefire-plugin:2.22.0:test (default-test) on project shardingsphere-db-protocol-core: There are test failures.
05:38:46.778 [Thread-7] ERROR f.i.s.r.p.m.o.MavenFilterOutputHandler - [ERROR] 
05:38:46.778 [Thread-7] ERROR f.i.s.r.p.m.o.MavenFilterOutputHandler - [ERROR] Please refer to /root/workspace/apache-shardingsphere-master-16780_repo/shardingsphere-db-protocol/shardingsphere-db-protocol-core/target/surefire-reports for the individual test results.
05:38:46.778 [Thread-7] ERROR f.i.s.r.p.m.o.MavenFilterOutputHandler - [ERROR] Please refer to dump files (if any exist) [date]-jvmRun[N].dump, [date].dumpstream and [date]-jvmRun[N].dumpstream.
05:38:46.779 [Thread-7] ERROR f.i.s.r.p.m.o.MavenFilterOutputHandler - [ERROR] -> [Help 1]
05:38:46.782 [Thread-7] ERROR f.i.s.r.p.m.o.MavenFilterOutputHandler - [ERROR] 
05:38:46.782 [Thread-7] ERROR f.i.s.r.p.m.o.MavenFilterOutputHandler - [ERROR] Re-run Maven using the -X switch to enable full debug logging.
05:38:46.782 [Thread-7] ERROR f.i.s.r.p.m.o.MavenFilterOutputHandler - [ERROR] 
05:38:46.782 [Thread-7] ERROR f.i.s.r.p.m.o.MavenFilterOutputHandler - [ERROR] For more information about the errors and possible solutions, please read the following articles:
05:38:46.782 [Thread-7] ERROR f.i.s.r.p.m.o.MavenFilterOutputHandler - [ERROR] [Help 1] http://cwiki.apache.org/confluence/display/MAVEN/MojoFailureException
05:38:46.782 [Thread-7] ERROR f.i.s.r.p.m.o.MavenFilterOutputHandler - [ERROR] 
05:38:46.782 [Thread-7] ERROR f.i.s.r.p.m.o.MavenFilterOutputHandler - [ERROR] After correcting the problems, you can resume the build with the command
05:38:46.782 [Thread-7] ERROR f.i.s.r.p.m.o.MavenFilterOutputHandler - [ERROR]   mvn <goals> -rf :shardingsphere-db-protocol-core
05:38:53.848 [main] ERROR f.i.s.r.p.s.paths.ComputeClasspath - The file does not exist: /root/./workspace/apache-shardingsphere-master-16780_repo/target/classes.
05:38:53.849 [main] ERROR f.i.s.r.p.s.paths.ComputeClasspath - The file does not exist: /root/./workspace/apache-shardingsphere-master-16780_repo/target/test-classes.
05:38:53.899 [main] ERROR f.i.s.r.process.maven.MavenHelper - Error while building complete model. The raw model will be used. Error message: 1 problem was encountered while building the effective model for org.apache.shardingsphere:shardingsphere:5.1.1-SNAPSHOT
[ERROR] Failed to determine Java version for profile jdk11+ @ 

05:38:53.914 [main] ERROR f.i.s.r.process.maven.MavenHelper - Error while building complete model. The raw model will be used. Error message: 1 problem was encountered while building the effective model for org.apache.shardingsphere:shardingsphere-sql-parser:5.1.1-SNAPSHOT
[ERROR] Failed to determine Java version for profile jdk11+ @ org.apache.shardingsphere:shardingsphere:5.1.1-SNAPSHOT, /root/workspace/apache-shardingsphere-master-16780_repo/pom.xml

05:38:53.919 [main] ERROR f.i.s.r.process.maven.MavenHelper - Error while building complete model. The raw model will be used. Error message: 1 problem was encountered while building the effective model for org.apache.shardingsphere:shardingsphere-sql-parser-dialect:5.1.1-SNAPSHOT
[ERROR] Failed to determine Java version for profile jdk11+ @ org.apache.shardingsphere:shardingsphere:5.1.1-SNAPSHOT, /root/workspace/apache-shardingsphere-master-16780_repo/pom.xml

05:38:53.924 [main] ERROR f.i.s.r.process.maven.MavenHelper - Error while building complete model. The raw model will be used. Error message: 1 problem was encountered while building the effective model for org.apache.shardingsphere:shardingsphere-distsql:5.1.1-SNAPSHOT
[ERROR] Failed to determine Java version for profile jdk11+ @ org.apache.shardingsphere:shardingsphere:5.1.1-SNAPSHOT, /root/workspace/apache-shardingsphere-master-16780_repo/pom.xml

05:38:53.928 [main] ERROR f.i.s.r.process.maven.MavenHelper - Error while building complete model. The raw model will be used. Error message: 1 problem was encountered while building the effective model for org.apache.shardingsphere:shardingsphere-db-protocol:5.1.1-SNAPSHOT
[ERROR] Failed to determine Java version for profile jdk11+ @ org.apache.shardingsphere:shardingsphere:5.1.1-SNAPSHOT, /root/workspace/apache-shardingsphere-master-16780_repo/pom.xml

05:38:53.933 [main] ERROR f.i.s.r.process.maven.MavenHelper - Error while building complete model. The raw model will be used. Error message: 1 problem was encountered while building the effective model for org.apache.shardingsphere:shardingsphere-infra:5.1.1-SNAPSHOT
[ERROR] Failed to determine Java version for profile jdk11+ @ org.apache.shardingsphere:shardingsphere:5.1.1-SNAPSHOT, /root/workspace/apache-shardingsphere-master-16780_repo/pom.xml

05:38:53.937 [main] ERROR f.i.s.r.process.maven.MavenHelper - Error while building complete model. The raw model will be used. Error message: 1 problem was encountered while building the effective model for org.apache.shardingsphere:shardingsphere-infra-datetime:5.1.1-SNAPSHOT
[ERROR] Failed to determine Java version for profile jdk11+ @ org.apache.shardingsphere:shardingsphere:5.1.1-SNAPSHOT, /root/workspace/apache-shardingsphere-master-16780_repo/pom.xml

05:38:53.942 [main] ERROR f.i.s.r.process.maven.MavenHelper - Error while building complete model. The raw model will be used. Error message: 1 problem was encountered while building the effective model for org.apache.shardingsphere:shardingsphere-infra-datetime-type:5.1.1-SNAPSHOT
[ERROR] Failed to determine Java version for profile jdk11+ @ org.apache.shardingsphere:shardingsphere:5.1.1-SNAPSHOT, /root/workspace/apache-shardingsphere-master-16780_repo/pom.xml

05:38:53.946 [main] ERROR f.i.s.r.process.maven.MavenHelper - Error while building complete model. The raw model will be used. Error message: 1 problem was encountered while building the effective model for org.apache.shardingsphere:shardingsphere-infra-federation:5.1.1-SNAPSHOT
[ERROR] Failed to determine Java version for profile jdk11+ @ org.apache.shardingsphere:shardingsphere:5.1.1-SNAPSHOT, /root/workspace/apache-shardingsphere-master-16780_repo/pom.xml

05:38:53.950 [main] ERROR f.i.s.r.process.maven.MavenHelper - Error while building complete model. The raw model will be used. Error message: 1 problem was encountered while building the effective model for org.apache.shardingsphere:shardingsphere-mode:5.1.1-SNAPSHOT
[ERROR] Failed to determine Java version for profile jdk11+ @ org.apache.shardingsphere:shardingsphere:5.1.1-SNAPSHOT, /root/workspace/apache-shardingsphere-master-16780_repo/pom.xml

05:38:53.954 [main] ERROR f.i.s.r.process.maven.MavenHelper - Error while building complete model. The raw model will be used. Error message: 1 problem was encountered while building the effective model for org.apache.shardingsphere:shardingsphere-mode-type:5.1.1-SNAPSHOT
[ERROR] Failed to determine Java version for profile jdk11+ @ org.apache.shardingsphere:shardingsphere:5.1.1-SNAPSHOT, /root/workspace/apache-shardingsphere-master-16780_repo/pom.xml

05:38:53.958 [main] ERROR f.i.s.r.process.maven.MavenHelper - Error while building complete model. The raw model will be used. Error message: 1 problem was encountered while building the effective model for org.apache.shardingsphere:shardingsphere-memory-mode:5.1.1-SNAPSHOT
[ERROR] Failed to determine Java version for profile jdk11+ @ org.apache.shardingsphere:shardingsphere:5.1.1-SNAPSHOT, /root/workspace/apache-shardingsphere-master-16780_repo/pom.xml

05:38:53.962 [main] ERROR f.i.s.r.process.maven.MavenHelper - Error while building complete model. The raw model will be used. Error message: 1 problem was encountered while building the effective model for org.apache.shardingsphere:shardingsphere-standalone-mode:5.1.1-SNAPSHOT
[ERROR] Failed to determine Java version for profile jdk11+ @ org.apache.shardingsphere:shardingsphere:5.1.1-SNAPSHOT, /root/workspace/apache-shardingsphere-master-16780_repo/pom.xml

05:38:53.966 [main] ERROR f.i.s.r.process.maven.MavenHelper - Error while building complete model. The raw model will be used. Error message: 1 problem was encountered while building the effective model for org.apache.shardingsphere:shardingsphere-standalone-mode-repository:5.1.1-SNAPSHOT
[ERROR] Failed to determine Java version for profile jdk11+ @ org.apache.shardingsphere:shardingsphere:5.1.1-SNAPSHOT, /root/workspace/apache-shardingsphere-master-16780_repo/pom.xml

05:38:53.970 [main] ERROR f.i.s.r.process.maven.MavenHelper - Error while building complete model. The raw model will be used. Error message: 1 problem was encountered while building the effective model for org.apache.shardingsphere:shardingsphere-standalone-mode-repository-provider:5.1.1-SNAPSHOT
[ERROR] Failed to determine Java version for profile jdk11+ @ org.apache.shardingsphere:shardingsphere:5.1.1-SNAPSHOT, /root/workspace/apache-shardingsphere-master-16780_repo/pom.xml

05:38:53.974 [main] ERROR f.i.s.r.process.maven.MavenHelper - Error while building complete model. The raw model will be used. Error message: 1 problem was encountered while building the effective model for org.apache.shardingsphere:shardingsphere-cluster-mode:5.1.1-SNAPSHOT
[ERROR] Failed to determine Java version for profile jdk11+ @ org.apache.shardingsphere:shardingsphere:5.1.1-SNAPSHOT, /root/workspace/apache-shardingsphere-master-16780_repo/pom.xml

05:38:53.978 [main] ERROR f.i.s.r.process.maven.MavenHelper - Error while building complete model. The raw model will be used. Error message: 1 problem was encountered while building the effective model for org.apache.shardingsphere:shardingsphere-cluster-mode-repository:5.1.1-SNAPSHOT
[ERROR] Failed to determine Java version for profile jdk11+ @ org.apache.shardingsphere:shardingsphere:5.1.1-SNAPSHOT, /root/workspace/apache-shardingsphere-master-16780_repo/pom.xml

05:38:53.981 [main] ERROR f.i.s.r.process.maven.MavenHelper - Error while building complete model. The raw model will be used. Error message: 1 problem was encountered while building the effective model for org.apache.shardingsphere:shardingsphere-cluster-mode-repository-provider:5.1.1-SNAPSHOT
[ERROR] Failed to determine Java version for profile jdk11+ @ org.apache.shardingsphere:shardingsphere:5.1.1-SNAPSHOT, /root/workspace/apache-shardingsphere-master-16780_repo/pom.xml

05:38:53.984 [main] ERROR f.i.s.r.process.maven.MavenHelper - Error while building complete model. The raw model will be used. Error message: 1 problem was encountered while building the effective model for org.apache.shardingsphere:shardingsphere-kernel:5.1.1-SNAPSHOT
[ERROR] Failed to determine Java version for profile jdk11+ @ org.apache.shardingsphere:shardingsphere:5.1.1-SNAPSHOT, /root/workspace/apache-shardingsphere-master-16780_repo/pom.xml

05:38:53.987 [main] ERROR f.i.s.r.process.maven.MavenHelper - Error while building complete model. The raw model will be used. Error message: 1 problem was encountered while building the effective model for org.apache.shardingsphere:shardingsphere-single-table:5.1.1-SNAPSHOT
[ERROR] Failed to determine Java version for profile jdk11+ @ org.apache.shardingsphere:shardingsphere:5.1.1-SNAPSHOT, /root/workspace/apache-shardingsphere-master-16780_repo/pom.xml

05:38:53.991 [main] ERROR f.i.s.r.process.maven.MavenHelper - Error while building complete model. The raw model will be used. Error message: 1 problem was encountered while building the effective model for org.apache.shardingsphere:shardingsphere-authority:5.1.1-SNAPSHOT
[ERROR] Failed to determine Java version for profile jdk11+ @ org.apache.shardingsphere:shardingsphere:5.1.1-SNAPSHOT, /root/workspace/apache-shardingsphere-master-16780_repo/pom.xml

05:38:53.994 [main] ERROR f.i.s.r.process.maven.MavenHelper - Error while building complete model. The raw model will be used. Error message: 1 problem was encountered while building the effective model for org.apache.shardingsphere:shardingsphere-transaction:5.1.1-SNAPSHOT
[ERROR] Failed to determine Java version for profile jdk11+ @ org.apache.shardingsphere:shardingsphere:5.1.1-SNAPSHOT, /root/workspace/apache-shardingsphere-master-16780_repo/pom.xml

05:38:53.998 [main] ERROR f.i.s.r.process.maven.MavenHelper - Error while building complete model. The raw model will be used. Error message: 1 problem was encountered while building the effective model for org.apache.shardingsphere:shardingsphere-transaction-type:5.1.1-SNAPSHOT
[ERROR] Failed to determine Java version for profile jdk11+ @ org.apache.shardingsphere:shardingsphere:5.1.1-SNAPSHOT, /root/workspace/apache-shardingsphere-master-16780_repo/pom.xml

05:38:54.001 [main] ERROR f.i.s.r.process.maven.MavenHelper - Error while building complete model. The raw model will be used. Error message: 1 problem was encountered while building the effective model for org.apache.shardingsphere:shardingsphere-transaction-xa:5.1.1-SNAPSHOT
[ERROR] Failed to determine Java version for profile jdk11+ @ org.apache.shardingsphere:shardingsphere:5.1.1-SNAPSHOT, /root/workspace/apache-shardingsphere-master-16780_repo/pom.xml

05:38:54.005 [main] ERROR f.i.s.r.process.maven.MavenHelper - Error while building complete model. The raw model will be used. Error message: 1 problem was encountered while building the effective model for org.apache.shardingsphere:shardingsphere-transaction-xa-provider:5.1.1-SNAPSHOT
[ERROR] Failed to determine Java version for profile jdk11+ @ org.apache.shardingsphere:shardingsphere:5.1.1-SNAPSHOT, /root/workspace/apache-shardingsphere-master-16780_repo/pom.xml

05:38:54.008 [main] ERROR f.i.s.r.process.maven.MavenHelper - Error while building complete model. The raw model will be used. Error message: 1 problem was encountered while building the effective model for org.apache.shardingsphere:shardingsphere-transaction-base:5.1.1-SNAPSHOT
[ERROR] Failed to determine Java version for profile jdk11+ @ org.apache.shardingsphere:shardingsphere:5.1.1-SNAPSHOT, /root/workspace/apache-shardingsphere-master-16780_repo/pom.xml

05:38:54.011 [main] ERROR f.i.s.r.process.maven.MavenHelper - Error while building complete model. The raw model will be used. Error message: 1 problem was encountered while building the effective model for org.apache.shardingsphere:shardingsphere-schedule:5.1.1-SNAPSHOT
[ERROR] Failed to determine Java version for profile jdk11+ @ org.apache.shardingsphere:shardingsphere:5.1.1-SNAPSHOT, /root/workspace/apache-shardingsphere-master-16780_repo/pom.xml

05:38:54.014 [main] ERROR f.i.s.r.process.maven.MavenHelper - Error while building complete model. The raw model will be used. Error message: 1 problem was encountered while building the effective model for org.apache.shardingsphere:shardingsphere-data-pipeline:5.1.1-SNAPSHOT
[ERROR] Failed to determine Java version for profile jdk11+ @ org.apache.shardingsphere:shardingsphere:5.1.1-SNAPSHOT, /root/workspace/apache-shardingsphere-master-16780_repo/pom.xml

05:38:54.017 [main] ERROR f.i.s.r.process.maven.MavenHelper - Error while building complete model. The raw model will be used. Error message: 1 problem was encountered while building the effective model for org.apache.shardingsphere:shardingsphere-data-pipeline-dialect:5.1.1-SNAPSHOT
[ERROR] Failed to determine Java version for profile jdk11+ @ org.apache.shardingsphere:shardingsphere:5.1.1-SNAPSHOT, /root/workspace/apache-shardingsphere-master-16780_repo/pom.xml

05:38:54.020 [main] ERROR f.i.s.r.process.maven.MavenHelper - Error while building complete model. The raw model will be used. Error message: 1 problem was encountered while building the effective model for org.apache.shardingsphere:shardingsphere-parser:5.1.1-SNAPSHOT
[ERROR] Failed to determine Java version for profile jdk11+ @ org.apache.shardingsphere:shardingsphere:5.1.1-SNAPSHOT, /root/workspace/apache-shardingsphere-master-16780_repo/pom.xml

05:38:54.023 [main] ERROR f.i.s.r.process.maven.MavenHelper - Error while building complete model. The raw model will be used. Error message: 1 problem was encountered while building the effective model for org.apache.shardingsphere:shardingsphere-parser-spring:5.1.1-SNAPSHOT
[ERROR] Failed to determine Java version for profile jdk11+ @ org.apache.shardingsphere:shardingsphere:5.1.1-SNAPSHOT, /root/workspace/apache-shardingsphere-master-16780_repo/pom.xml

05:38:54.026 [main] ERROR f.i.s.r.process.maven.MavenHelper - Error while building complete model. The raw model will be used. Error message: 1 problem was encountered while building the effective model for org.apache.shardingsphere:shardingsphere-traffic:5.1.1-SNAPSHOT
[ERROR] Failed to determine Java version for profile jdk11+ @ org.apache.shardingsphere:shardingsphere:5.1.1-SNAPSHOT, /root/workspace/apache-shardingsphere-master-16780_repo/pom.xml

05:38:54.029 [main] ERROR f.i.s.r.process.maven.MavenHelper - Error while building complete model. The raw model will be used. Error message: 1 problem was encountered while building the effective model for org.apache.shardingsphere:shardingsphere-jdbc:5.1.1-SNAPSHOT
[ERROR] Failed to determine Java version for profile jdk11+ @ org.apache.shardingsphere:shardingsphere:5.1.1-SNAPSHOT, /root/workspace/apache-shardingsphere-master-16780_repo/pom.xml

05:38:54.031 [main] ERROR f.i.s.r.process.maven.MavenHelper - Error while building complete model. The raw model will be used. Error message: 1 problem was encountered while building the effective model for org.apache.shardingsphere:shardingsphere-jdbc-spring:5.1.1-SNAPSHOT
[ERROR] Failed to determine Java version for profile jdk11+ @ org.apache.shardingsphere:shardingsphere:5.1.1-SNAPSHOT, /root/workspace/apache-shardingsphere-master-16780_repo/pom.xml

05:38:54.034 [main] ERROR f.i.s.r.process.maven.MavenHelper - Error while building complete model. The raw model will be used. Error message: 1 problem was encountered while building the effective model for org.apache.shardingsphere:shardingsphere-jdbc-spring-infra:5.1.1-SNAPSHOT
[ERROR] Failed to determine Java version for profile jdk11+ @ org.apache.shardingsphere:shardingsphere:5.1.1-SNAPSHOT, /root/workspace/apache-shardingsphere-master-16780_repo/pom.xml

05:38:54.037 [main] ERROR f.i.s.r.process.maven.MavenHelper - Error while building complete model. The raw model will be used. Error message: 1 problem was encountered while building the effective model for org.apache.shardingsphere:shardingsphere-jdbc-core-spring:5.1.1-SNAPSHOT
[ERROR] Failed to determine Java version for profile jdk11+ @ org.apache.shardingsphere:shardingsphere:5.1.1-SNAPSHOT, /root/workspace/apache-shardingsphere-master-16780_repo/pom.xml

05:38:54.039 [main] ERROR f.i.s.r.process.maven.MavenHelper - Error while building complete model. The raw model will be used. Error message: 1 problem was encountered while building the effective model for org.apache.shardingsphere:shardingsphere-proxy:5.1.1-SNAPSHOT
[ERROR] Failed to determine Java version for profile jdk11+ @ org.apache.shardingsphere:shardingsphere:5.1.1-SNAPSHOT, /root/workspace/apache-shardingsphere-master-16780_repo/pom.xml

05:38:54.042 [main] ERROR f.i.s.r.process.maven.MavenHelper - Error while building complete model. The raw model will be used. Error message: 1 problem was encountered while building the effective model for org.apache.shardingsphere:shardingsphere-proxy-frontend:5.1.1-SNAPSHOT
[ERROR] Failed to determine Java version for profile jdk11+ @ org.apache.shardingsphere:shardingsphere:5.1.1-SNAPSHOT, /root/workspace/apache-shardingsphere-master-16780_repo/pom.xml

05:38:54.045 [main] ERROR f.i.s.r.process.maven.MavenHelper - Error while building complete model. The raw model will be used. Error message: 1 problem was encountered while building the effective model for org.apache.shardingsphere:shardingsphere-features:5.1.1-SNAPSHOT
[ERROR] Failed to determine Java version for profile jdk11+ @ org.apache.shardingsphere:shardingsphere:5.1.1-SNAPSHOT, /root/workspace/apache-shardingsphere-master-16780_repo/pom.xml

05:38:54.047 [main] ERROR f.i.s.r.process.maven.MavenHelper - Error while building complete model. The raw model will be used. Error message: 1 problem was encountered while building the effective model for org.apache.shardingsphere:shardingsphere-sharding:5.1.1-SNAPSHOT
[ERROR] Failed to determine Java version for profile jdk11+ @ org.apache.shardingsphere:shardingsphere:5.1.1-SNAPSHOT, /root/workspace/apache-shardingsphere-master-16780_repo/pom.xml

05:38:54.051 [main] ERROR f.i.s.r.process.maven.MavenHelper - Error while building complete model. The raw model will be used. Error message: 1 problem was encountered while building the effective model for org.apache.shardingsphere:shardingsphere-sharding-distsql:5.1.1-SNAPSHOT
[ERROR] Failed to determine Java version for profile jdk11+ @ org.apache.shardingsphere:shardingsphere:5.1.1-SNAPSHOT, /root/workspace/apache-shardingsphere-master-16780_repo/pom.xml

05:38:54.054 [main] ERROR f.i.s.r.process.maven.MavenHelper - Error while building complete model. The raw model will be used. Error message: 1 problem was encountered while building the effective model for org.apache.shardingsphere:shardingsphere-sharding-spring:5.1.1-SNAPSHOT
[ERROR] Failed to determine Java version for profile jdk11+ @ org.apache.shardingsphere:shardingsphere:5.1.1-SNAPSHOT, /root/workspace/apache-shardingsphere-master-16780_repo/pom.xml

05:38:54.056 [main] ERROR f.i.s.r.process.maven.MavenHelper - Error while building complete model. The raw model will be used. Error message: 1 problem was encountered while building the effective model for org.apache.shardingsphere:shardingsphere-readwrite-splitting:5.1.1-SNAPSHOT
[ERROR] Failed to determine Java version for profile jdk11+ @ org.apache.shardingsphere:shardingsphere:5.1.1-SNAPSHOT, /root/workspace/apache-shardingsphere-master-16780_repo/pom.xml

05:38:54.059 [main] ERROR f.i.s.r.process.maven.MavenHelper - Error while building complete model. The raw model will be used. Error message: 1 problem was encountered while building the effective model for org.apache.shardingsphere:shardingsphere-readwrite-splitting-distsql:5.1.1-SNAPSHOT
[ERROR] Failed to determine Java version for profile jdk11+ @ org.apache.shardingsphere:shardingsphere:5.1.1-SNAPSHOT, /root/workspace/apache-shardingsphere-master-16780_repo/pom.xml

05:38:54.062 [main] ERROR f.i.s.r.process.maven.MavenHelper - Error while building complete model. The raw model will be used. Error message: 1 problem was encountered while building the effective model for org.apache.shardingsphere:shardingsphere-readwrite-splitting-spring:5.1.1-SNAPSHOT
[ERROR] Failed to determine Java version for profile jdk11+ @ org.apache.shardingsphere:shardingsphere:5.1.1-SNAPSHOT, /root/workspace/apache-shardingsphere-master-16780_repo/pom.xml

05:38:54.065 [main] ERROR f.i.s.r.process.maven.MavenHelper - Error while building complete model. The raw model will be used. Error message: 1 problem was encountered while building the effective model for org.apache.shardingsphere:shardingsphere-db-discovery:5.1.1-SNAPSHOT
[ERROR] Failed to determine Java version for profile jdk11+ @ org.apache.shardingsphere:shardingsphere:5.1.1-SNAPSHOT, /root/workspace/apache-shardingsphere-master-16780_repo/pom.xml

05:38:54.068 [main] ERROR f.i.s.r.process.maven.MavenHelper - Error while building complete model. The raw model will be used. Error message: 1 problem was encountered while building the effective model for org.apache.shardingsphere:shardingsphere-db-discovery-distsql:5.1.1-SNAPSHOT
[ERROR] Failed to determine Java version for profile jdk11+ @ org.apache.shardingsphere:shardingsphere:5.1.1-SNAPSHOT, /root/workspace/apache-shardingsphere-master-16780_repo/pom.xml

05:38:54.071 [main] ERROR f.i.s.r.process.maven.MavenHelper - Error while building complete model. The raw model will be used. Error message: 1 problem was encountered while building the effective model for org.apache.shardingsphere:shardingsphere-db-discovery-provider:5.1.1-SNAPSHOT
[ERROR] Failed to determine Java version for profile jdk11+ @ org.apache.shardingsphere:shardingsphere:5.1.1-SNAPSHOT, /root/workspace/apache-shardingsphere-master-16780_repo/pom.xml

05:38:54.074 [main] ERROR f.i.s.r.process.maven.MavenHelper - Error while building complete model. The raw model will be used. Error message: 1 problem was encountered while building the effective model for org.apache.shardingsphere:shardingsphere-db-discovery-spring:5.1.1-SNAPSHOT
[ERROR] Failed to determine Java version for profile jdk11+ @ org.apache.shardingsphere:shardingsphere:5.1.1-SNAPSHOT, /root/workspace/apache-shardingsphere-master-16780_repo/pom.xml

05:38:54.076 [main] ERROR f.i.s.r.process.maven.MavenHelper - Error while building complete model. The raw model will be used. Error message: 1 problem was encountered while building the effective model for org.apache.shardingsphere:shardingsphere-encrypt:5.1.1-SNAPSHOT
[ERROR] Failed to determine Java version for profile jdk11+ @ org.apache.shardingsphere:shardingsphere:5.1.1-SNAPSHOT, /root/workspace/apache-shardingsphere-master-16780_repo/pom.xml

05:38:54.079 [main] ERROR f.i.s.r.process.maven.MavenHelper - Error while building complete model. The raw model will be used. Error message: 1 problem was encountered while building the effective model for org.apache.shardingsphere:shardingsphere-encrypt-distsql:5.1.1-SNAPSHOT
[ERROR] Failed to determine Java version for profile jdk11+ @ org.apache.shardingsphere:shardingsphere:5.1.1-SNAPSHOT, /root/workspace/apache-shardingsphere-master-16780_repo/pom.xml

05:38:54.090 [main] ERROR f.i.s.r.process.maven.MavenHelper - Error while building complete model. The raw model will be used. Error message: 1 problem was encountered while building the effective model for org.apache.shardingsphere:shardingsphere-encrypt-spring:5.1.1-SNAPSHOT
[ERROR] Failed to determine Java version for profile jdk11+ @ org.apache.shardingsphere:shardingsphere:5.1.1-SNAPSHOT, /root/workspace/apache-shardingsphere-master-16780_repo/pom.xml

05:38:54.093 [main] ERROR f.i.s.r.process.maven.MavenHelper - Error while building complete model. The raw model will be used. Error message: 1 problem was encountered while building the effective model for org.apache.shardingsphere:shardingsphere-shadow:5.1.1-SNAPSHOT
[ERROR] Failed to determine Java version for profile jdk11+ @ org.apache.shardingsphere:shardingsphere:5.1.1-SNAPSHOT, /root/workspace/apache-shardingsphere-master-16780_repo/pom.xml

05:38:54.096 [main] ERROR f.i.s.r.process.maven.MavenHelper - Error while building complete model. The raw model will be used. Error message: 1 problem was encountered while building the effective model for org.apache.shardingsphere:shardingsphere-shadow-distsql:5.1.1-SNAPSHOT
[ERROR] Failed to determine Java version for profile jdk11+ @ org.apache.shardingsphere:shardingsphere:5.1.1-SNAPSHOT, /root/workspace/apache-shardingsphere-master-16780_repo/pom.xml

05:38:54.099 [main] ERROR f.i.s.r.process.maven.MavenHelper - Error while building complete model. The raw model will be used. Error message: 1 problem was encountered while building the effective model for org.apache.shardingsphere:shardingsphere-shadow-spring:5.1.1-SNAPSHOT
[ERROR] Failed to determine Java version for profile jdk11+ @ org.apache.shardingsphere:shardingsphere:5.1.1-SNAPSHOT, /root/workspace/apache-shardingsphere-master-16780_repo/pom.xml

05:38:54.102 [main] ERROR f.i.s.r.process.maven.MavenHelper - Error while building complete model. The raw model will be used. Error message: 1 problem was encountered while building the effective model for org.apache.shardingsphere:shardingsphere-agent:5.1.1-SNAPSHOT
[ERROR] Failed to determine Java version for profile jdk11+ @ org.apache.shardingsphere:shardingsphere:5.1.1-SNAPSHOT, /root/workspace/apache-shardingsphere-master-16780_repo/pom.xml

05:38:54.104 [main] ERROR f.i.s.r.process.maven.MavenHelper - Error while building complete model. The raw model will be used. Error message: 1 problem was encountered while building the effective model for org.apache.shardingsphere:shardingsphere-agent-plugins:5.1.1-SNAPSHOT
[ERROR] Failed to determine Java version for profile jdk11+ @ org.apache.shardingsphere:shardingsphere:5.1.1-SNAPSHOT, /root/workspace/apache-shardingsphere-master-16780_repo/pom.xml

05:38:54.108 [main] ERROR f.i.s.r.process.maven.MavenHelper - Error while building complete model. The raw model will be used. Error message: 1 problem was encountered while building the effective model for org.apache.shardingsphere:shardingsphere-agent-plugin-metrics:5.1.1-SNAPSHOT
[ERROR] Failed to determine Java version for profile jdk11+ @ org.apache.shardingsphere:shardingsphere:5.1.1-SNAPSHOT, /root/workspace/apache-shardingsphere-master-16780_repo/pom.xml

05:38:54.111 [main] ERROR f.i.s.r.process.maven.MavenHelper - Error while building complete model. The raw model will be used. Error message: 1 problem was encountered while building the effective model for org.apache.shardingsphere:shardingsphere-agent-plugin-tracing:5.1.1-SNAPSHOT
[ERROR] Failed to determine Java version for profile jdk11+ @ org.apache.shardingsphere:shardingsphere:5.1.1-SNAPSHOT, /root/workspace/apache-shardingsphere-master-16780_repo/pom.xml

05:38:54.114 [main] ERROR f.i.s.r.process.maven.MavenHelper - Error while building complete model. The raw model will be used. Error message: 1 problem was encountered while building the effective model for org.apache.shardingsphere:shardingsphere-agent-plugin-logging:5.1.1-SNAPSHOT
[ERROR] Failed to determine Java version for profile jdk11+ @ org.apache.shardingsphere:shardingsphere:5.1.1-SNAPSHOT, /root/workspace/apache-shardingsphere-master-16780_repo/pom.xml

05:38:54.117 [main] ERROR f.i.s.r.process.maven.MavenHelper - Error while building complete model. The raw model will be used. Error message: 1 problem was encountered while building the effective model for org.apache.shardingsphere:shardingsphere-agent-distribution:5.1.1-SNAPSHOT
[ERROR] Failed to determine Java version for profile jdk11+ @ org.apache.shardingsphere:shardingsphere:5.1.1-SNAPSHOT, /root/workspace/apache-shardingsphere-master-16780_repo/pom.xml

05:38:54.117 [main] ERROR f.i.s.r.p.s.paths.ComputeSourceDir - The source directory is not at default location or specified in build section from pom.xml, and no parent can be found.
05:38:54.120 [main] ERROR f.i.s.r.process.maven.MavenHelper - Error while building complete model. The raw model will be used. Error message: 1 problem was encountered while building the effective model for org.apache.shardingsphere:shardingsphere-test:5.1.1-SNAPSHOT
[ERROR] Failed to determine Java version for profile jdk11+ @ org.apache.shardingsphere:shardingsphere:5.1.1-SNAPSHOT, /root/workspace/apache-shardingsphere-master-16780_repo/pom.xml

05:38:54.122 [main] ERROR f.i.s.r.process.maven.MavenHelper - Error while building complete model. The raw model will be used. Error message: 1 problem was encountered while building the effective model for org.apache.shardingsphere:shardingsphere-integration-test:5.1.1-SNAPSHOT
[ERROR] Failed to determine Java version for profile jdk11+ @ org.apache.shardingsphere:shardingsphere:5.1.1-SNAPSHOT, /root/workspace/apache-shardingsphere-master-16780_repo/pom.xml

05:38:54.125 [main] ERROR f.i.s.r.process.maven.MavenHelper - Error while building complete model. The raw model will be used. Error message: 1 problem was encountered while building the effective model for org.apache.shardingsphere:shardingsphere-integration-test-fixture:5.1.1-SNAPSHOT
[ERROR] Failed to determine Java version for profile jdk11+ @ org.apache.shardingsphere:shardingsphere:5.1.1-SNAPSHOT, /root/workspace/apache-shardingsphere-master-16780_repo/pom.xml

05:38:54.126 [main] ERROR f.i.s.r.p.s.paths.ComputeSourceDir - The source directory is not at default location or specified in build section from pom.xml, and no parent can be found.
05:38:54.128 [main] ERROR f.i.s.r.process.maven.MavenHelper - Error while building complete model. The raw model will be used. Error message: 1 problem was encountered while building the effective model for org.apache.shardingsphere:shardingsphere-integration-test-suite:5.1.1-SNAPSHOT
[ERROR] Failed to determine Java version for profile jdk11+ @ org.apache.shardingsphere:shardingsphere:5.1.1-SNAPSHOT, /root/workspace/apache-shardingsphere-master-16780_repo/pom.xml

05:38:54.128 [main] ERROR f.i.s.r.p.s.paths.ComputeSourceDir - The source directory is not at default location or specified in build section from pom.xml, and no parent can be found.
05:38:54.128 [main] ERROR f.i.s.r.p.s.paths.ComputeSourceDir - The source directory is not at default location or specified in build section from pom.xml, and no parent can be found.
05:38:54.131 [main] ERROR f.i.s.r.process.maven.MavenHelper - Error while building complete model. The raw model will be used. Error message: 1 problem was encountered while building the effective model for org.apache.shardingsphere:shardingsphere-integration-driver-test:5.1.1-SNAPSHOT
[ERROR] Failed to determine Java version for profile jdk11+ @ org.apache.shardingsphere:shardingsphere:5.1.1-SNAPSHOT, /root/workspace/apache-shardingsphere-master-16780_repo/pom.xml

05:38:54.131 [main] ERROR f.i.s.r.p.s.paths.ComputeSourceDir - The source directory is not at default location or specified in build section from pom.xml, and no parent can be found.
05:38:54.133 [main] ERROR f.i.s.r.process.maven.MavenHelper - Error while building complete model. The raw model will be used. Error message: 1 problem was encountered while building the effective model for org.apache.shardingsphere:shardingsphere-integration-agent-test:5.1.1-SNAPSHOT
[ERROR] Failed to determine Java version for profile jdk11+ @ org.apache.shardingsphere:shardingsphere:5.1.1-SNAPSHOT, /root/workspace/apache-shardingsphere-master-16780_repo/pom.xml

05:38:54.136 [main] ERROR f.i.s.r.process.maven.MavenHelper - Error while building complete model. The raw model will be used. Error message: 1 problem was encountered while building the effective model for org.apache.shardingsphere:shardingsphere-integration-agent-test-plugins:5.1.1-SNAPSHOT
[ERROR] Failed to determine Java version for profile jdk11+ @ org.apache.shardingsphere:shardingsphere:5.1.1-SNAPSHOT, /root/workspace/apache-shardingsphere-master-16780_repo/pom.xml

05:38:54.139 [main] ERROR f.i.s.r.process.maven.MavenHelper - Error while building complete model. The raw model will be used. Error message: 1 problem was encountered while building the effective model for org.apache.shardingsphere:shardingsphere-integration-agent-test-metrics:5.1.1-SNAPSHOT
[ERROR] Failed to determine Java version for profile jdk11+ @ org.apache.shardingsphere:shardingsphere:5.1.1-SNAPSHOT, /root/workspace/apache-shardingsphere-master-16780_repo/pom.xml

05:38:54.139 [main] ERROR f.i.s.r.p.s.paths.ComputeSourceDir - The source directory is not at default location or specified in build section from pom.xml, and no parent can be found.
05:38:54.142 [main] ERROR f.i.s.r.process.maven.MavenHelper - Error while building complete model. The raw model will be used. Error message: 1 problem was encountered while building the effective model for org.apache.shardingsphere:shardingsphere-integration-agent-test-common:5.1.1-SNAPSHOT
[ERROR] Failed to determine Java version for profile jdk11+ @ org.apache.shardingsphere:shardingsphere:5.1.1-SNAPSHOT, /root/workspace/apache-shardingsphere-master-16780_repo/pom.xml

05:38:54.142 [main] ERROR f.i.s.r.p.s.paths.ComputeSourceDir - The source directory is not at default location or specified in build section from pom.xml, and no parent can be found.
05:38:54.145 [main] ERROR f.i.s.r.process.maven.MavenHelper - Error while building complete model. The raw model will be used. Error message: 1 problem was encountered while building the effective model for org.apache.shardingsphere:shardingsphere-integration-agent-test-zipkin:5.1.1-SNAPSHOT
[ERROR] Failed to determine Java version for profile jdk11+ @ org.apache.shardingsphere:shardingsphere:5.1.1-SNAPSHOT, /root/workspace/apache-shardingsphere-master-16780_repo/pom.xml

05:38:54.145 [main] ERROR f.i.s.r.p.s.paths.ComputeSourceDir - The source directory is not at default location or specified in build section from pom.xml, and no parent can be found.
05:38:54.148 [main] ERROR f.i.s.r.process.maven.MavenHelper - Error while building complete model. The raw model will be used. Error message: 1 problem was encountered while building the effective model for org.apache.shardingsphere:shardingsphere-integration-agent-test-jaeger:5.1.1-SNAPSHOT
[ERROR] Failed to determine Java version for profile jdk11+ @ org.apache.shardingsphere:shardingsphere:5.1.1-SNAPSHOT, /root/workspace/apache-shardingsphere-master-16780_repo/pom.xml

05:38:54.148 [main] ERROR f.i.s.r.p.s.paths.ComputeSourceDir - The source directory is not at default location or specified in build section from pom.xml, and no parent can be found.
05:38:54.151 [main] ERROR f.i.s.r.process.maven.MavenHelper - Error while building complete model. The raw model will be used. Error message: 1 problem was encountered while building the effective model for org.apache.shardingsphere:shardingsphere-integration-agent-test-opentelemetry:5.1.1-SNAPSHOT
[ERROR] Failed to determine Java version for profile jdk11+ @ org.apache.shardingsphere:shardingsphere:5.1.1-SNAPSHOT, /root/workspace/apache-shardingsphere-master-16780_repo/pom.xml

05:38:54.151 [main] ERROR f.i.s.r.p.s.paths.ComputeSourceDir - The source directory is not at default location or specified in build section from pom.xml, and no parent can be found.
05:38:54.151 [main] ERROR f.i.s.r.p.s.paths.ComputeSourceDir - The source directory is not at default location or specified in build section from pom.xml, and no parent can be found.
05:38:54.151 [main] ERROR f.i.s.r.p.s.paths.ComputeSourceDir - The source directory is not at default location or specified in build section from pom.xml, and no parent can be found.
05:38:54.153 [main] ERROR f.i.s.r.process.maven.MavenHelper - Error while building complete model. The raw model will be used. Error message: 1 problem was encountered while building the effective model for org.apache.shardingsphere:shardingsphere-integration-scaling-test:5.1.1-SNAPSHOT
[ERROR] Failed to determine Java version for profile jdk11+ @ org.apache.shardingsphere:shardingsphere:5.1.1-SNAPSHOT, /root/workspace/apache-shardingsphere-master-16780_repo/pom.xml

05:38:54.156 [main] ERROR f.i.s.r.process.maven.MavenHelper - Error while building complete model. The raw model will be used. Error message: 1 problem was encountered while building the effective model for org.apache.shardingsphere:shardingsphere-integration-scaling-test-mysql:5.1.1-SNAPSHOT
[ERROR] Failed to determine Java version for profile jdk11+ @ org.apache.shardingsphere:shardingsphere:5.1.1-SNAPSHOT, /root/workspace/apache-shardingsphere-master-16780_repo/pom.xml

05:38:54.156 [main] ERROR f.i.s.r.p.s.paths.ComputeSourceDir - The source directory is not at default location or specified in build section from pom.xml, and no parent can be found.
05:38:54.156 [main] ERROR f.i.s.r.p.s.paths.ComputeSourceDir - The source directory is not at default location or specified in build section from pom.xml, and no parent can be found.
05:38:54.158 [main] ERROR f.i.s.r.process.maven.MavenHelper - Error while building complete model. The raw model will be used. Error message: 1 problem was encountered while building the effective model for org.apache.shardingsphere:shardingsphere-rewrite-test:5.1.1-SNAPSHOT
[ERROR] Failed to determine Java version for profile jdk11+ @ org.apache.shardingsphere:shardingsphere:5.1.1-SNAPSHOT, /root/workspace/apache-shardingsphere-master-16780_repo/pom.xml

05:38:54.158 [main] ERROR f.i.s.r.p.s.paths.ComputeSourceDir - The source directory is not at default location or specified in build section from pom.xml, and no parent can be found.
05:38:54.160 [main] ERROR f.i.s.r.process.maven.MavenHelper - Error while building complete model. The raw model will be used. Error message: 1 problem was encountered while building the effective model for org.apache.shardingsphere:shardingsphere-optimize-test:5.1.1-SNAPSHOT
[ERROR] Failed to determine Java version for profile jdk11+ @ org.apache.shardingsphere:shardingsphere:5.1.1-SNAPSHOT, /root/workspace/apache-shardingsphere-master-16780_repo/pom.xml

05:38:54.161 [main] ERROR f.i.s.r.p.s.paths.ComputeSourceDir - The source directory is not at default location or specified in build section from pom.xml, and no parent can be found.
05:38:54.163 [main] ERROR f.i.s.r.process.maven.MavenHelper - Error while building complete model. The raw model will be used. Error message: 1 problem was encountered while building the effective model for org.apache.shardingsphere:shardingsphere-pipeline-test:5.1.1-SNAPSHOT
[ERROR] Failed to determine Java version for profile jdk11+ @ org.apache.shardingsphere:shardingsphere:5.1.1-SNAPSHOT, /root/workspace/apache-shardingsphere-master-16780_repo/pom.xml

05:38:54.163 [main] ERROR f.i.s.r.p.s.paths.ComputeSourceDir - The source directory is not at default location or specified in build section from pom.xml, and no parent can be found.
05:38:54.165 [main] ERROR f.i.s.r.process.maven.MavenHelper - Error while building complete model. The raw model will be used. Error message: 1 problem was encountered while building the effective model for org.apache.shardingsphere:shardingsphere-distribution:5.1.1-SNAPSHOT
[ERROR] Failed to determine Java version for profile jdk11+ @ org.apache.shardingsphere:shardingsphere:5.1.1-SNAPSHOT, /root/workspace/apache-shardingsphere-master-16780_repo/pom.xml

05:38:54.167 [main] ERROR f.i.s.r.process.maven.MavenHelper - Error while building complete model. The raw model will be used. Error message: 1 problem was encountered while building the effective model for org.apache.shardingsphere:shardingsphere-src-distribution:5.1.1-SNAPSHOT
[ERROR] Failed to determine Java version for profile jdk11+ @ org.apache.shardingsphere:shardingsphere:5.1.1-SNAPSHOT, /root/workspace/apache-shardingsphere-master-16780_repo/pom.xml

05:38:54.168 [main] ERROR f.i.s.r.p.s.paths.ComputeSourceDir - The source directory is not at default location or specified in build section from pom.xml, and no parent can be found.
05:38:54.170 [main] ERROR f.i.s.r.process.maven.MavenHelper - Error while building complete model. The raw model will be used. Error message: 1 problem was encountered while building the effective model for org.apache.shardingsphere:shardingsphere-jdbc-distribution:5.1.1-SNAPSHOT
[ERROR] Failed to determine Java version for profile jdk11+ @ org.apache.shardingsphere:shardingsphere:5.1.1-SNAPSHOT, /root/workspace/apache-shardingsphere-master-16780_repo/pom.xml

05:38:54.170 [main] ERROR f.i.s.r.p.s.paths.ComputeSourceDir - The source directory is not at default location or specified in build section from pom.xml, and no parent can be found.
05:38:54.172 [main] ERROR f.i.s.r.process.maven.MavenHelper - Error while building complete model. The raw model will be used. Error message: 1 problem was encountered while building the effective model for org.apache.shardingsphere:shardingsphere-proxy-distribution:5.1.1-SNAPSHOT
[ERROR] Failed to determine Java version for profile jdk11+ @ org.apache.shardingsphere:shardingsphere:5.1.1-SNAPSHOT, /root/workspace/apache-shardingsphere-master-16780_repo/pom.xml

05:38:54.172 [main] ERROR f.i.s.r.p.s.paths.ComputeSourceDir - The source directory is not at default location or specified in build section from pom.xml, and no parent can be found.
05:38:54.172 [main] ERROR f.i.s.r.p.s.paths.ComputeSourceDir - The source directory is not at default location or specified in build section from pom.xml, and no parent can be found.
05:38:54.173 [main] INFO  f.i.s.r.p.s.paths.ComputeSourceDir - 129 source dirs were found:
05:38:54.173 [main] INFO  f.i.s.r.p.s.paths.ComputeSourceDir - /root/workspace/apache-shardingsphere-master-16780_repo/shardingsphere-agent/shardingsphere-agent-api/src/main/java
05:38:54.173 [main] INFO  f.i.s.r.p.s.paths.ComputeSourceDir - /root/workspace/apache-shardingsphere-master-16780_repo/shardingsphere-agent/shardingsphere-agent-bootstrap/src/main/java
05:38:54.173 [main] INFO  f.i.s.r.p.s.paths.ComputeSourceDir - /root/workspace/apache-shardingsphere-master-16780_repo/shardingsphere-agent/shardingsphere-agent-core/src/main/java
05:38:54.173 [main] INFO  f.i.s.r.p.s.paths.ComputeSourceDir - /root/workspace/apache-shardingsphere-master-16780_repo/shardingsphere-agent/shardingsphere-agent-plugins/shardingsphere-agent-plugin-logging/shardingsphere-agent-logging-base/src/main/java
05:38:54.173 [main] INFO  f.i.s.r.p.s.paths.ComputeSourceDir - /root/workspace/apache-shardingsphere-master-16780_repo/shardingsphere-agent/shardingsphere-agent-plugins/shardingsphere-agent-plugin-metrics/shardingsphere-agent-metrics-api/src/main/java
05:38:54.173 [main] INFO  f.i.s.r.p.s.paths.ComputeSourceDir - /root/workspace/apache-shardingsphere-master-16780_repo/shardingsphere-agent/shardingsphere-agent-plugins/shardingsphere-agent-plugin-metrics/shardingsphere-agent-metrics-prometheus/src/main/java
05:38:54.173 [main] INFO  f.i.s.r.p.s.paths.ComputeSourceDir - /root/workspace/apache-shardingsphere-master-16780_repo/shardingsphere-agent/shardingsphere-agent-plugins/shardingsphere-agent-plugin-tracing/shardingsphere-agent-tracing-jaeger/src/main/java
05:38:54.173 [main] INFO  f.i.s.r.p.s.paths.ComputeSourceDir - /root/workspace/apache-shardingsphere-master-16780_repo/shardingsphere-agent/shardingsphere-agent-plugins/shardingsphere-agent-plugin-tracing/shardingsphere-agent-tracing-opentelemetry/src/main/java
05:38:54.173 [main] INFO  f.i.s.r.p.s.paths.ComputeSourceDir - /root/workspace/apache-shardingsphere-master-16780_repo/shardingsphere-agent/shardingsphere-agent-plugins/shardingsphere-agent-plugin-tracing/shardingsphere-agent-tracing-opentracing/src/main/java
05:38:54.173 [main] INFO  f.i.s.r.p.s.paths.ComputeSourceDir - /root/workspace/apache-shardingsphere-master-16780_repo/shardingsphere-agent/shardingsphere-agent-plugins/shardingsphere-agent-plugin-tracing/shardingsphere-agent-tracing-test/src/main/java
05:38:54.173 [main] INFO  f.i.s.r.p.s.paths.ComputeSourceDir - /root/workspace/apache-shardingsphere-master-16780_repo/shardingsphere-agent/shardingsphere-agent-plugins/shardingsphere-agent-plugin-tracing/shardingsphere-agent-tracing-zipkin/src/main/java
05:38:54.173 [main] INFO  f.i.s.r.p.s.paths.ComputeSourceDir - /root/workspace/apache-shardingsphere-master-16780_repo/shardingsphere-db-protocol/shardingsphere-db-protocol-core/src/main/java
05:38:54.173 [main] INFO  f.i.s.r.p.s.paths.ComputeSourceDir - /root/workspace/apache-shardingsphere-master-16780_repo/shardingsphere-db-protocol/shardingsphere-db-protocol-mysql/src/main/java
05:38:54.173 [main] INFO  f.i.s.r.p.s.paths.ComputeSourceDir - /root/workspace/apache-shardingsphere-master-16780_repo/shardingsphere-db-protocol/shardingsphere-db-protocol-opengauss/src/main/java
05:38:54.173 [main] INFO  f.i.s.r.p.s.paths.ComputeSourceDir - /root/workspace/apache-shardingsphere-master-16780_repo/shardingsphere-db-protocol/shardingsphere-db-protocol-postgresql/src/main/java
05:38:54.173 [main] INFO  f.i.s.r.p.s.paths.ComputeSourceDir - /root/workspace/apache-shardingsphere-master-16780_repo/shardingsphere-distsql/shardingsphere-distsql-parser/src/main/java
05:38:54.173 [main] INFO  f.i.s.r.p.s.paths.ComputeSourceDir - /root/workspace/apache-shardingsphere-master-16780_repo/shardingsphere-distsql/shardingsphere-distsql-statement/src/main/java
05:38:54.173 [main] INFO  f.i.s.r.p.s.paths.ComputeSourceDir - /root/workspace/apache-shardingsphere-master-16780_repo/shardingsphere-features/shardingsphere-db-discovery/shardingsphere-db-discovery-api/src/main/java
05:38:54.173 [main] INFO  f.i.s.r.p.s.paths.ComputeSourceDir - /root/workspace/apache-shardingsphere-master-16780_repo/shardingsphere-features/shardingsphere-db-discovery/shardingsphere-db-discovery-core/src/main/java
05:38:54.173 [main] INFO  f.i.s.r.p.s.paths.ComputeSourceDir - /root/workspace/apache-shardingsphere-master-16780_repo/shardingsphere-features/shardingsphere-db-discovery/shardingsphere-db-discovery-distsql/shardingsphere-db-discovery-distsql-handler/src/main/java
05:38:54.173 [main] INFO  f.i.s.r.p.s.paths.ComputeSourceDir - /root/workspace/apache-shardingsphere-master-16780_repo/shardingsphere-features/shardingsphere-db-discovery/shardingsphere-db-discovery-distsql/shardingsphere-db-discovery-distsql-parser/src/main/java
05:38:54.173 [main] INFO  f.i.s.r.p.s.paths.ComputeSourceDir - /root/workspace/apache-shardingsphere-master-16780_repo/shardingsphere-features/shardingsphere-db-discovery/shardingsphere-db-discovery-distsql/shardingsphere-db-discovery-distsql-statement/src/main/java
05:38:54.173 [main] INFO  f.i.s.r.p.s.paths.ComputeSourceDir - /root/workspace/apache-shardingsphere-master-16780_repo/shardingsphere-features/shardingsphere-db-discovery/shardingsphere-db-discovery-provider/shardingsphere-db-discovery-mysql/src/main/java
05:38:54.173 [main] INFO  f.i.s.r.p.s.paths.ComputeSourceDir - /root/workspace/apache-shardingsphere-master-16780_repo/shardingsphere-features/shardingsphere-db-discovery/shardingsphere-db-discovery-provider/shardingsphere-db-discovery-opengauss/src/main/java
05:38:54.173 [main] INFO  f.i.s.r.p.s.paths.ComputeSourceDir - /root/workspace/apache-shardingsphere-master-16780_repo/shardingsphere-features/shardingsphere-db-discovery/shardingsphere-db-discovery-spring/shardingsphere-db-discovery-spring-boot-starter/src/main/java
05:38:54.173 [main] INFO  f.i.s.r.p.s.paths.ComputeSourceDir - /root/workspace/apache-shardingsphere-master-16780_repo/shardingsphere-features/shardingsphere-db-discovery/shardingsphere-db-discovery-spring/shardingsphere-db-discovery-spring-namespace/src/main/java
05:38:54.173 [main] INFO  f.i.s.r.p.s.paths.ComputeSourceDir - /root/workspace/apache-shardingsphere-master-16780_repo/shardingsphere-features/shardingsphere-encrypt/shardingsphere-encrypt-api/src/main/java
05:38:54.173 [main] INFO  f.i.s.r.p.s.paths.ComputeSourceDir - /root/workspace/apache-shardingsphere-master-16780_repo/shardingsphere-features/shardingsphere-encrypt/shardingsphere-encrypt-core/src/main/java
05:38:54.173 [main] INFO  f.i.s.r.p.s.paths.ComputeSourceDir - /root/workspace/apache-shardingsphere-master-16780_repo/shardingsphere-features/shardingsphere-encrypt/shardingsphere-encrypt-distsql/shardingsphere-encrypt-distsql-handler/src/main/java
05:38:54.173 [main] INFO  f.i.s.r.p.s.paths.ComputeSourceDir - /root/workspace/apache-shardingsphere-master-16780_repo/shardingsphere-features/shardingsphere-encrypt/shardingsphere-encrypt-distsql/shardingsphere-encrypt-distsql-parser/src/main/java
05:38:54.173 [main] INFO  f.i.s.r.p.s.paths.ComputeSourceDir - /root/workspace/apache-shardingsphere-master-16780_repo/shardingsphere-features/shardingsphere-encrypt/shardingsphere-encrypt-distsql/shardingsphere-encrypt-distsql-statement/src/main/java
05:38:54.173 [main] INFO  f.i.s.r.p.s.paths.ComputeSourceDir - /root/workspace/apache-shardingsphere-master-16780_repo/shardingsphere-features/shardingsphere-encrypt/shardingsphere-encrypt-spring/shardingsphere-encrypt-spring-boot-starter/src/main/java
05:38:54.173 [main] INFO  f.i.s.r.p.s.paths.ComputeSourceDir - /root/workspace/apache-shardingsphere-master-16780_repo/shardingsphere-features/shardingsphere-encrypt/shardingsphere-encrypt-spring/shardingsphere-encrypt-spring-namespace/src/main/java
05:38:54.173 [main] INFO  f.i.s.r.p.s.paths.ComputeSourceDir - /root/workspace/apache-shardingsphere-master-16780_repo/shardingsphere-features/shardingsphere-readwrite-splitting/shardingsphere-readwrite-splitting-api/src/main/java
05:38:54.173 [main] INFO  f.i.s.r.p.s.paths.ComputeSourceDir - /root/workspace/apache-shardingsphere-master-16780_repo/shardingsphere-features/shardingsphere-readwrite-splitting/shardingsphere-readwrite-splitting-core/src/main/java
05:38:54.173 [main] INFO  f.i.s.r.p.s.paths.ComputeSourceDir - /root/workspace/apache-shardingsphere-master-16780_repo/shardingsphere-features/shardingsphere-readwrite-splitting/shardingsphere-readwrite-splitting-distsql/shardingsphere-readwrite-splitting-distsql-handler/src/main/java
05:38:54.173 [main] INFO  f.i.s.r.p.s.paths.ComputeSourceDir - /root/workspace/apache-shardingsphere-master-16780_repo/shardingsphere-features/shardingsphere-readwrite-splitting/shardingsphere-readwrite-splitting-distsql/shardingsphere-readwrite-splitting-distsql-parser/src/main/java
05:38:54.173 [main] INFO  f.i.s.r.p.s.paths.ComputeSourceDir - /root/workspace/apache-shardingsphere-master-16780_repo/shardingsphere-features/shardingsphere-readwrite-splitting/shardingsphere-readwrite-splitting-distsql/shardingsphere-readwrite-splitting-distsql-statement/src/main/java
05:38:54.173 [main] INFO  f.i.s.r.p.s.paths.ComputeSourceDir - /root/workspace/apache-shardingsphere-master-16780_repo/shardingsphere-features/shardingsphere-readwrite-splitting/shardingsphere-readwrite-splitting-spring/shardingsphere-readwrite-splitting-spring-boot-starter/src/main/java
05:38:54.173 [main] INFO  f.i.s.r.p.s.paths.ComputeSourceDir - /root/workspace/apache-shardingsphere-master-16780_repo/shardingsphere-features/shardingsphere-readwrite-splitting/shardingsphere-readwrite-splitting-spring/shardingsphere-readwrite-splitting-spring-namespace/src/main/java
05:38:54.173 [main] INFO  f.i.s.r.p.s.paths.ComputeSourceDir - /root/workspace/apache-shardingsphere-master-16780_repo/shardingsphere-features/shardingsphere-shadow/shardingsphere-shadow-api/src/main/java
05:38:54.173 [main] INFO  f.i.s.r.p.s.paths.ComputeSourceDir - /root/workspace/apache-shardingsphere-master-16780_repo/shardingsphere-features/shardingsphere-shadow/shardingsphere-shadow-core/src/main/java
05:38:54.174 [main] INFO  f.i.s.r.p.s.paths.ComputeSourceDir - /root/workspace/apache-shardingsphere-master-16780_repo/shardingsphere-features/shardingsphere-shadow/shardingsphere-shadow-distsql/shardingsphere-shadow-distsql-handler/src/main/java
05:38:54.174 [main] INFO  f.i.s.r.p.s.paths.ComputeSourceDir - /root/workspace/apache-shardingsphere-master-16780_repo/shardingsphere-features/shardingsphere-shadow/shardingsphere-shadow-distsql/shardingsphere-shadow-distsql-parser/src/main/java
05:38:54.174 [main] INFO  f.i.s.r.p.s.paths.ComputeSourceDir - /root/workspace/apache-shardingsphere-master-16780_repo/shardingsphere-features/shardingsphere-shadow/shardingsphere-shadow-distsql/shardingsphere-shadow-distsql-statement/src/main/java
05:38:54.174 [main] INFO  f.i.s.r.p.s.paths.ComputeSourceDir - /root/workspace/apache-shardingsphere-master-16780_repo/shardingsphere-features/shardingsphere-shadow/shardingsphere-shadow-spring/shardingsphere-shadow-spring-boot-starter/src/main/java
05:38:54.174 [main] INFO  f.i.s.r.p.s.paths.ComputeSourceDir - /root/workspace/apache-shardingsphere-master-16780_repo/shardingsphere-features/shardingsphere-shadow/shardingsphere-shadow-spring/shardingsphere-shadow-spring-namespace/src/main/java
05:38:54.174 [main] INFO  f.i.s.r.p.s.paths.ComputeSourceDir - /root/workspace/apache-shardingsphere-master-16780_repo/shardingsphere-features/shardingsphere-sharding/shardingsphere-sharding-api/src/main/java
05:38:54.174 [main] INFO  f.i.s.r.p.s.paths.ComputeSourceDir - /root/workspace/apache-shardingsphere-master-16780_repo/shardingsphere-features/shardingsphere-sharding/shardingsphere-sharding-core/src/main/java
05:38:54.174 [main] INFO  f.i.s.r.p.s.paths.ComputeSourceDir - /root/workspace/apache-shardingsphere-master-16780_repo/shardingsphere-features/shardingsphere-sharding/shardingsphere-sharding-distsql/shardingsphere-sharding-distsql-handler/src/main/java
05:38:54.174 [main] INFO  f.i.s.r.p.s.paths.ComputeSourceDir - /root/workspace/apache-shardingsphere-master-16780_repo/shardingsphere-features/shardingsphere-sharding/shardingsphere-sharding-distsql/shardingsphere-sharding-distsql-parser/src/main/java
05:38:54.174 [main] INFO  f.i.s.r.p.s.paths.ComputeSourceDir - /root/workspace/apache-shardingsphere-master-16780_repo/shardingsphere-features/shardingsphere-sharding/shardingsphere-sharding-distsql/shardingsphere-sharding-distsql-statement/src/main/java
05:38:54.174 [main] INFO  f.i.s.r.p.s.paths.ComputeSourceDir - /root/workspace/apache-shardingsphere-master-16780_repo/shardingsphere-features/shardingsphere-sharding/shardingsphere-sharding-spring/shardingsphere-sharding-spring-boot-starter/src/main/java
05:38:54.174 [main] INFO  f.i.s.r.p.s.paths.ComputeSourceDir - /root/workspace/apache-shardingsphere-master-16780_repo/shardingsphere-features/shardingsphere-sharding/shardingsphere-sharding-spring/shardingsphere-sharding-spring-namespace/src/main/java
05:38:54.174 [main] INFO  f.i.s.r.p.s.paths.ComputeSourceDir - /root/workspace/apache-shardingsphere-master-16780_repo/shardingsphere-infra/shardingsphere-infra-binder/src/main/java
05:38:54.174 [main] INFO  f.i.s.r.p.s.paths.ComputeSourceDir - /root/workspace/apache-shardingsphere-master-16780_repo/shardingsphere-infra/shardingsphere-infra-common/src/main/java
05:38:54.174 [main] INFO  f.i.s.r.p.s.paths.ComputeSourceDir - /root/workspace/apache-shardingsphere-master-16780_repo/shardingsphere-infra/shardingsphere-infra-context/src/main/java
05:38:54.174 [main] INFO  f.i.s.r.p.s.paths.ComputeSourceDir - /root/workspace/apache-shardingsphere-master-16780_repo/shardingsphere-infra/shardingsphere-infra-datetime/shardingsphere-infra-datetime-spi/src/main/java
05:38:54.174 [main] INFO  f.i.s.r.p.s.paths.ComputeSourceDir - /root/workspace/apache-shardingsphere-master-16780_repo/shardingsphere-infra/shardingsphere-infra-datetime/shardingsphere-infra-datetime-type/shardingsphere-database-datetime/src/main/java
05:38:54.174 [main] INFO  f.i.s.r.p.s.paths.ComputeSourceDir - /root/workspace/apache-shardingsphere-master-16780_repo/shardingsphere-infra/shardingsphere-infra-datetime/shardingsphere-infra-datetime-type/shardingsphere-system-datetime/src/main/java
05:38:54.174 [main] INFO  f.i.s.r.p.s.paths.ComputeSourceDir - /root/workspace/apache-shardingsphere-master-16780_repo/shardingsphere-infra/shardingsphere-infra-executor/src/main/java
05:38:54.174 [main] INFO  f.i.s.r.p.s.paths.ComputeSourceDir - /root/workspace/apache-shardingsphere-master-16780_repo/shardingsphere-infra/shardingsphere-infra-federation/shardingsphere-infra-federation-executor/src/main/java
05:38:54.174 [main] INFO  f.i.s.r.p.s.paths.ComputeSourceDir - /root/workspace/apache-shardingsphere-master-16780_repo/shardingsphere-infra/shardingsphere-infra-federation/shardingsphere-infra-federation-optimizer/src/main/java
05:38:54.174 [main] INFO  f.i.s.r.p.s.paths.ComputeSourceDir - /root/workspace/apache-shardingsphere-master-16780_repo/shardingsphere-infra/shardingsphere-infra-merge/src/main/java
05:38:54.174 [main] INFO  f.i.s.r.p.s.paths.ComputeSourceDir - /root/workspace/apache-shardingsphere-master-16780_repo/shardingsphere-infra/shardingsphere-infra-parser/src/main/java
05:38:54.174 [main] INFO  f.i.s.r.p.s.paths.ComputeSourceDir - /root/workspace/apache-shardingsphere-master-16780_repo/shardingsphere-infra/shardingsphere-infra-rewrite/src/main/java
05:38:54.174 [main] INFO  f.i.s.r.p.s.paths.ComputeSourceDir - /root/workspace/apache-shardingsphere-master-16780_repo/shardingsphere-infra/shardingsphere-infra-route/src/main/java
05:38:54.174 [main] INFO  f.i.s.r.p.s.paths.ComputeSourceDir - /root/workspace/apache-shardingsphere-master-16780_repo/shardingsphere-jdbc/shardingsphere-jdbc-core/src/main/java
05:38:54.174 [main] INFO  f.i.s.r.p.s.paths.ComputeSourceDir - /root/workspace/apache-shardingsphere-master-16780_repo/shardingsphere-jdbc/shardingsphere-jdbc-spring/shardingsphere-jdbc-core-spring/shardingsphere-jdbc-core-spring-boot-starter/src/main/java
05:38:54.174 [main] INFO  f.i.s.r.p.s.paths.ComputeSourceDir - /root/workspace/apache-shardingsphere-master-16780_repo/shardingsphere-jdbc/shardingsphere-jdbc-spring/shardingsphere-jdbc-core-spring/shardingsphere-jdbc-core-spring-namespace/src/main/java
05:38:54.174 [main] INFO  f.i.s.r.p.s.paths.ComputeSourceDir - /root/workspace/apache-shardingsphere-master-16780_repo/shardingsphere-jdbc/shardingsphere-jdbc-spring/shardingsphere-jdbc-spring-infra/shardingsphere-jdbc-spring-boot-starter-infra/src/main/java
05:38:54.174 [main] INFO  f.i.s.r.p.s.paths.ComputeSourceDir - /root/workspace/apache-shardingsphere-master-16780_repo/shardingsphere-jdbc/shardingsphere-jdbc-spring/shardingsphere-jdbc-spring-infra/shardingsphere-jdbc-spring-namespace-infra/src/main/java
05:38:54.174 [main] INFO  f.i.s.r.p.s.paths.ComputeSourceDir - /root/workspace/apache-shardingsphere-master-16780_repo/shardingsphere-jdbc/shardingsphere-jdbc-spring/shardingsphere-jdbc-transaction-spring/src/main/java
05:38:54.174 [main] INFO  f.i.s.r.p.s.paths.ComputeSourceDir - /root/workspace/apache-shardingsphere-master-16780_repo/shardingsphere-kernel/shardingsphere-authority/shardingsphere-authority-api/src/main/java
05:38:54.174 [main] INFO  f.i.s.r.p.s.paths.ComputeSourceDir - /root/workspace/apache-shardingsphere-master-16780_repo/shardingsphere-kernel/shardingsphere-authority/shardingsphere-authority-core/src/main/java
05:38:54.174 [main] INFO  f.i.s.r.p.s.paths.ComputeSourceDir - /root/workspace/apache-shardingsphere-master-16780_repo/shardingsphere-kernel/shardingsphere-data-pipeline/shardingsphere-data-pipeline-core/src/main/java
05:38:54.174 [main] INFO  f.i.s.r.p.s.paths.ComputeSourceDir - /root/workspace/apache-shardingsphere-master-16780_repo/shardingsphere-kernel/shardingsphere-data-pipeline/shardingsphere-data-pipeline-dialect/shardingsphere-data-pipeline-mysql/src/main/java
05:38:54.174 [main] INFO  f.i.s.r.p.s.paths.ComputeSourceDir - /root/workspace/apache-shardingsphere-master-16780_repo/shardingsphere-kernel/shardingsphere-data-pipeline/shardingsphere-data-pipeline-dialect/shardingsphere-data-pipeline-opengauss/src/main/java
05:38:54.174 [main] INFO  f.i.s.r.p.s.paths.ComputeSourceDir - /root/workspace/apache-shardingsphere-master-16780_repo/shardingsphere-kernel/shardingsphere-data-pipeline/shardingsphere-data-pipeline-dialect/shardingsphere-data-pipeline-postgresql/src/main/java
05:38:54.174 [main] INFO  f.i.s.r.p.s.paths.ComputeSourceDir - /root/workspace/apache-shardingsphere-master-16780_repo/shardingsphere-kernel/shardingsphere-data-pipeline/shardingsphere-data-pipeline-spi/src/main/java
05:38:54.174 [main] INFO  f.i.s.r.p.s.paths.ComputeSourceDir - /root/workspace/apache-shardingsphere-master-16780_repo/shardingsphere-kernel/shardingsphere-parser/shardingsphere-parser-api/src/main/java
05:38:54.174 [main] INFO  f.i.s.r.p.s.paths.ComputeSourceDir - /root/workspace/apache-shardingsphere-master-16780_repo/shardingsphere-kernel/shardingsphere-parser/shardingsphere-parser-core/src/main/java
05:38:54.174 [main] INFO  f.i.s.r.p.s.paths.ComputeSourceDir - /root/workspace/apache-shardingsphere-master-16780_repo/shardingsphere-kernel/shardingsphere-parser/shardingsphere-parser-spring/shardingsphere-parser-spring-boot-starter/src/main/java
05:38:54.174 [main] INFO  f.i.s.r.p.s.paths.ComputeSourceDir - /root/workspace/apache-shardingsphere-master-16780_repo/shardingsphere-kernel/shardingsphere-parser/shardingsphere-parser-spring/shardingsphere-parser-spring-namespace/src/main/java
05:38:54.174 [main] INFO  f.i.s.r.p.s.paths.ComputeSourceDir - /root/workspace/apache-shardingsphere-master-16780_repo/shardingsphere-kernel/shardingsphere-schedule/shardingsphere-schedule-core/src/main/java
05:38:54.174 [main] INFO  f.i.s.r.p.s.paths.ComputeSourceDir - /root/workspace/apache-shardingsphere-master-16780_repo/shardingsphere-kernel/shardingsphere-single-table/shardingsphere-single-table-api/src/main/java
05:38:54.174 [main] INFO  f.i.s.r.p.s.paths.ComputeSourceDir - /root/workspace/apache-shardingsphere-master-16780_repo/shardingsphere-kernel/shardingsphere-single-table/shardingsphere-single-table-core/src/main/java
05:38:54.174 [main] INFO  f.i.s.r.p.s.paths.ComputeSourceDir - /root/workspace/apache-shardingsphere-master-16780_repo/shardingsphere-kernel/shardingsphere-traffic/shardingsphere-traffic-api/src/main/java
05:38:54.174 [main] INFO  f.i.s.r.p.s.paths.ComputeSourceDir - /root/workspace/apache-shardingsphere-master-16780_repo/shardingsphere-kernel/shardingsphere-traffic/shardingsphere-traffic-core/src/main/java
05:38:54.174 [main] INFO  f.i.s.r.p.s.paths.ComputeSourceDir - /root/workspace/apache-shardingsphere-master-16780_repo/shardingsphere-kernel/shardingsphere-transaction/shardingsphere-transaction-api/src/main/java
05:38:54.174 [main] INFO  f.i.s.r.p.s.paths.ComputeSourceDir - /root/workspace/apache-shardingsphere-master-16780_repo/shardingsphere-kernel/shardingsphere-transaction/shardingsphere-transaction-core/src/main/java
05:38:54.174 [main] INFO  f.i.s.r.p.s.paths.ComputeSourceDir - /root/workspace/apache-shardingsphere-master-16780_repo/shardingsphere-kernel/shardingsphere-transaction/shardingsphere-transaction-type/shardingsphere-transaction-base/shardingsphere-transaction-base-seata-at/src/main/java
05:38:54.174 [main] INFO  f.i.s.r.p.s.paths.ComputeSourceDir - /root/workspace/apache-shardingsphere-master-16780_repo/shardingsphere-kernel/shardingsphere-transaction/shardingsphere-transaction-type/shardingsphere-transaction-xa/shardingsphere-transaction-xa-core/src/main/java
05:38:54.174 [main] INFO  f.i.s.r.p.s.paths.ComputeSourceDir - /root/workspace/apache-shardingsphere-master-16780_repo/shardingsphere-kernel/shardingsphere-transaction/shardingsphere-transaction-type/shardingsphere-transaction-xa/shardingsphere-transaction-xa-provider/shardingsphere-transaction-xa-atomikos/src/main/java
05:38:54.174 [main] INFO  f.i.s.r.p.s.paths.ComputeSourceDir - /root/workspace/apache-shardingsphere-master-16780_repo/shardingsphere-kernel/shardingsphere-transaction/shardingsphere-transaction-type/shardingsphere-transaction-xa/shardingsphere-transaction-xa-provider/shardingsphere-transaction-xa-bitronix/src/main/java
05:38:54.174 [main] INFO  f.i.s.r.p.s.paths.ComputeSourceDir - /root/workspace/apache-shardingsphere-master-16780_repo/shardingsphere-kernel/shardingsphere-transaction/shardingsphere-transaction-type/shardingsphere-transaction-xa/shardingsphere-transaction-xa-provider/shardingsphere-transaction-xa-narayana/src/main/java
05:38:54.174 [main] INFO  f.i.s.r.p.s.paths.ComputeSourceDir - /root/workspace/apache-shardingsphere-master-16780_repo/shardingsphere-kernel/shardingsphere-transaction/shardingsphere-transaction-type/shardingsphere-transaction-xa/shardingsphere-transaction-xa-spi/src/main/java
05:38:54.174 [main] INFO  f.i.s.r.p.s.paths.ComputeSourceDir - /root/workspace/apache-shardingsphere-master-16780_repo/shardingsphere-mode/shardingsphere-mode-core/src/main/java
05:38:54.174 [main] INFO  f.i.s.r.p.s.paths.ComputeSourceDir - /root/workspace/apache-shardingsphere-master-16780_repo/shardingsphere-mode/shardingsphere-mode-type/shardingsphere-cluster-mode/shardingsphere-cluster-mode-core/src/main/java
05:38:54.174 [main] INFO  f.i.s.r.p.s.paths.ComputeSourceDir - /root/workspace/apache-shardingsphere-master-16780_repo/shardingsphere-mode/shardingsphere-mode-type/shardingsphere-cluster-mode/shardingsphere-cluster-mode-repository/shardingsphere-cluster-mode-repository-api/src/main/java
05:38:54.174 [main] INFO  f.i.s.r.p.s.paths.ComputeSourceDir - /root/workspace/apache-shardingsphere-master-16780_repo/shardingsphere-mode/shardingsphere-mode-type/shardingsphere-cluster-mode/shardingsphere-cluster-mode-repository/shardingsphere-cluster-mode-repository-provider/shardingsphere-cluster-mode-repository-etcd/src/main/java
05:38:54.174 [main] INFO  f.i.s.r.p.s.paths.ComputeSourceDir - /root/workspace/apache-shardingsphere-master-16780_repo/shardingsphere-mode/shardingsphere-mode-type/shardingsphere-cluster-mode/shardingsphere-cluster-mode-repository/shardingsphere-cluster-mode-repository-provider/shardingsphere-cluster-mode-repository-zookeeper-curator/src/main/java
05:38:54.175 [main] INFO  f.i.s.r.p.s.paths.ComputeSourceDir - /root/workspace/apache-shardingsphere-master-16780_repo/shardingsphere-mode/shardingsphere-mode-type/shardingsphere-memory-mode/shardingsphere-memory-mode-core/src/main/java
05:38:54.175 [main] INFO  f.i.s.r.p.s.paths.ComputeSourceDir - /root/workspace/apache-shardingsphere-master-16780_repo/shardingsphere-mode/shardingsphere-mode-type/shardingsphere-standalone-mode/shardingsphere-standalone-mode-core/src/main/java
05:38:54.175 [main] INFO  f.i.s.r.p.s.paths.ComputeSourceDir - /root/workspace/apache-shardingsphere-master-16780_repo/shardingsphere-mode/shardingsphere-mode-type/shardingsphere-standalone-mode/shardingsphere-standalone-mode-repository/shardingsphere-standalone-mode-repository-api/src/main/java
05:38:54.175 [main] INFO  f.i.s.r.p.s.paths.ComputeSourceDir - /root/workspace/apache-shardingsphere-master-16780_repo/shardingsphere-mode/shardingsphere-mode-type/shardingsphere-standalone-mode/shardingsphere-standalone-mode-repository/shardingsphere-standalone-mode-repository-provider/shardingsphere-standalone-mode-repository-file/src/main/java
05:38:54.175 [main] INFO  f.i.s.r.p.s.paths.ComputeSourceDir - /root/workspace/apache-shardingsphere-master-16780_repo/shardingsphere-mode/shardingsphere-mode-type/shardingsphere-standalone-mode/shardingsphere-standalone-mode-repository/shardingsphere-standalone-mode-repository-provider/shardingsphere-standalone-mode-repository-h2/src/main/java
05:38:54.175 [main] INFO  f.i.s.r.p.s.paths.ComputeSourceDir - /root/workspace/apache-shardingsphere-master-16780_repo/shardingsphere-proxy/shardingsphere-proxy-backend/src/main/java
05:38:54.175 [main] INFO  f.i.s.r.p.s.paths.ComputeSourceDir - /root/workspace/apache-shardingsphere-master-16780_repo/shardingsphere-proxy/shardingsphere-proxy-bootstrap/src/main/java
05:38:54.175 [main] INFO  f.i.s.r.p.s.paths.ComputeSourceDir - /root/workspace/apache-shardingsphere-master-16780_repo/shardingsphere-proxy/shardingsphere-proxy-frontend/shardingsphere-proxy-frontend-core/src/main/java
05:38:54.175 [main] INFO  f.i.s.r.p.s.paths.ComputeSourceDir - /root/workspace/apache-shardingsphere-master-16780_repo/shardingsphere-proxy/shardingsphere-proxy-frontend/shardingsphere-proxy-frontend-mysql/src/main/java
05:38:54.175 [main] INFO  f.i.s.r.p.s.paths.ComputeSourceDir - /root/workspace/apache-shardingsphere-master-16780_repo/shardingsphere-proxy/shardingsphere-proxy-frontend/shardingsphere-proxy-frontend-opengauss/src/main/java
05:38:54.175 [main] INFO  f.i.s.r.p.s.paths.ComputeSourceDir - /root/workspace/apache-shardingsphere-master-16780_repo/shardingsphere-proxy/shardingsphere-proxy-frontend/shardingsphere-proxy-frontend-postgresql/src/main/java
05:38:54.175 [main] INFO  f.i.s.r.p.s.paths.ComputeSourceDir - /root/workspace/apache-shardingsphere-master-16780_repo/shardingsphere-proxy/shardingsphere-proxy-frontend/shardingsphere-proxy-frontend-reactive-core/src/main/java
05:38:54.175 [main] INFO  f.i.s.r.p.s.paths.ComputeSourceDir - /root/workspace/apache-shardingsphere-master-16780_repo/shardingsphere-proxy/shardingsphere-proxy-frontend/shardingsphere-proxy-frontend-reactive-mysql/src/main/java
05:38:54.175 [main] INFO  f.i.s.r.p.s.paths.ComputeSourceDir - /root/workspace/apache-shardingsphere-master-16780_repo/shardingsphere-proxy/shardingsphere-proxy-frontend/shardingsphere-proxy-frontend-reactive-spi/src/main/java
05:38:54.175 [main] INFO  f.i.s.r.p.s.paths.ComputeSourceDir - /root/workspace/apache-shardingsphere-master-16780_repo/shardingsphere-proxy/shardingsphere-proxy-frontend/shardingsphere-proxy-frontend-spi/src/main/java
05:38:54.175 [main] INFO  f.i.s.r.p.s.paths.ComputeSourceDir - /root/workspace/apache-shardingsphere-master-16780_repo/shardingsphere-spi/src/main/java
05:38:54.175 [main] INFO  f.i.s.r.p.s.paths.ComputeSourceDir - /root/workspace/apache-shardingsphere-master-16780_repo/shardingsphere-sql-parser/shardingsphere-sql-parser-dialect/shardingsphere-sql-parser-mysql/src/main/java
05:38:54.175 [main] INFO  f.i.s.r.p.s.paths.ComputeSourceDir - /root/workspace/apache-shardingsphere-master-16780_repo/shardingsphere-sql-parser/shardingsphere-sql-parser-dialect/shardingsphere-sql-parser-opengauss/src/main/java
05:38:54.175 [main] INFO  f.i.s.r.p.s.paths.ComputeSourceDir - /root/workspace/apache-shardingsphere-master-16780_repo/shardingsphere-sql-parser/shardingsphere-sql-parser-dialect/shardingsphere-sql-parser-oracle/src/main/java
05:38:54.175 [main] INFO  f.i.s.r.p.s.paths.ComputeSourceDir - /root/workspace/apache-shardingsphere-master-16780_repo/shardingsphere-sql-parser/shardingsphere-sql-parser-dialect/shardingsphere-sql-parser-postgresql/src/main/java
05:38:54.175 [main] INFO  f.i.s.r.p.s.paths.ComputeSourceDir - /root/workspace/apache-shardingsphere-master-16780_repo/shardingsphere-sql-parser/shardingsphere-sql-parser-dialect/shardingsphere-sql-parser-sql92/src/main/java
05:38:54.175 [main] INFO  f.i.s.r.p.s.paths.ComputeSourceDir - /root/workspace/apache-shardingsphere-master-16780_repo/shardingsphere-sql-parser/shardingsphere-sql-parser-dialect/shardingsphere-sql-parser-sqlserver/src/main/java
05:38:54.175 [main] INFO  f.i.s.r.p.s.paths.ComputeSourceDir - /root/workspace/apache-shardingsphere-master-16780_repo/shardingsphere-sql-parser/shardingsphere-sql-parser-engine/src/main/java
05:38:54.175 [main] INFO  f.i.s.r.p.s.paths.ComputeSourceDir - /root/workspace/apache-shardingsphere-master-16780_repo/shardingsphere-sql-parser/shardingsphere-sql-parser-spi/src/main/java
05:38:54.175 [main] INFO  f.i.s.r.p.s.paths.ComputeSourceDir - /root/workspace/apache-shardingsphere-master-16780_repo/shardingsphere-sql-parser/shardingsphere-sql-parser-statement/src/main/java
05:38:54.175 [main] INFO  f.i.s.r.p.s.paths.ComputeSourceDir - /root/workspace/apache-shardingsphere-master-16780_repo/shardingsphere-test/shardingsphere-parser-test/src/main/java
05:38:54.175 [main] INFO  f.i.s.r.p.s.paths.ComputeSourceDir - /root/workspace/apache-shardingsphere-master-16780_repo/shardingsphere-test/shardingsphere-test-common/src/main/java
05:38:54.177 [main] ERROR f.i.s.r.process.maven.MavenHelper - Error while building complete model. The raw model will be used. Error message: 1 problem was encountered while building the effective model for org.apache.shardingsphere:shardingsphere:5.1.1-SNAPSHOT
[ERROR] Failed to determine Java version for profile jdk11+ @ 

05:38:54.180 [main] ERROR f.i.s.r.process.maven.MavenHelper - Error while building complete model. The raw model will be used. Error message: 1 problem was encountered while building the effective model for org.apache.shardingsphere:shardingsphere-spi:5.1.1-SNAPSHOT
[ERROR] Failed to determine Java version for profile jdk11+ @ org.apache.shardingsphere:shardingsphere:5.1.1-SNAPSHOT, /root/workspace/apache-shardingsphere-master-16780_repo/pom.xml

05:38:54.182 [main] ERROR f.i.s.r.process.maven.MavenHelper - Error while building complete model. The raw model will be used. Error message: 1 problem was encountered while building the effective model for org.apache.shardingsphere:shardingsphere-sql-parser:5.1.1-SNAPSHOT
[ERROR] Failed to determine Java version for profile jdk11+ @ org.apache.shardingsphere:shardingsphere:5.1.1-SNAPSHOT, /root/workspace/apache-shardingsphere-master-16780_repo/pom.xml

05:38:54.184 [main] ERROR f.i.s.r.process.maven.MavenHelper - Error while building complete model. The raw model will be used. Error message: 1 problem was encountered while building the effective model for org.apache.shardingsphere:shardingsphere-sql-parser-spi:5.1.1-SNAPSHOT
[ERROR] Failed to determine Java version for profile jdk11+ @ org.apache.shardingsphere:shardingsphere:5.1.1-SNAPSHOT, /root/workspace/apache-shardingsphere-master-16780_repo/pom.xml

05:38:54.184 [main] ERROR f.i.s.r.p.step.paths.ComputeTestDir - The test directory is not at default location or specified in build section from pom.xml, and no parent can be found.
05:38:54.186 [main] ERROR f.i.s.r.process.maven.MavenHelper - Error while building complete model. The raw model will be used. Error message: 1 problem was encountered while building the effective model for org.apache.shardingsphere:shardingsphere-sql-parser-statement:5.1.1-SNAPSHOT
[ERROR] Failed to determine Java version for profile jdk11+ @ org.apache.shardingsphere:shardingsphere:5.1.1-SNAPSHOT, /root/workspace/apache-shardingsphere-master-16780_repo/pom.xml

05:38:54.188 [main] ERROR f.i.s.r.process.maven.MavenHelper - Error while building complete model. The raw model will be used. Error message: 1 problem was encountered while building the effective model for org.apache.shardingsphere:shardingsphere-sql-parser-engine:5.1.1-SNAPSHOT
[ERROR] Failed to determine Java version for profile jdk11+ @ org.apache.shardingsphere:shardingsphere:5.1.1-SNAPSHOT, /root/workspace/apache-shardingsphere-master-16780_repo/pom.xml

05:38:54.190 [main] ERROR f.i.s.r.process.maven.MavenHelper - Error while building complete model. The raw model will be used. Error message: 1 problem was encountered while building the effective model for org.apache.shardingsphere:shardingsphere-sql-parser-dialect:5.1.1-SNAPSHOT
[ERROR] Failed to determine Java version for profile jdk11+ @ org.apache.shardingsphere:shardingsphere:5.1.1-SNAPSHOT, /root/workspace/apache-shardingsphere-master-16780_repo/pom.xml

05:38:54.192 [main] ERROR f.i.s.r.process.maven.MavenHelper - Error while building complete model. The raw model will be used. Error message: 1 problem was encountered while building the effective model for org.apache.shardingsphere:shardingsphere-sql-parser-sql92:5.1.1-SNAPSHOT
[ERROR] Failed to determine Java version for profile jdk11+ @ org.apache.shardingsphere:shardingsphere:5.1.1-SNAPSHOT, /root/workspace/apache-shardingsphere-master-16780_repo/pom.xml

05:38:54.195 [main] ERROR f.i.s.r.process.maven.MavenHelper - Error while building complete model. The raw model will be used. Error message: 1 problem was encountered while building the effective model for org.apache.shardingsphere:shardingsphere-sql-parser-postgresql:5.1.1-SNAPSHOT
[ERROR] Failed to determine Java version for profile jdk11+ @ org.apache.shardingsphere:shardingsphere:5.1.1-SNAPSHOT, /root/workspace/apache-shardingsphere-master-16780_repo/pom.xml

05:38:54.197 [main] ERROR f.i.s.r.process.maven.MavenHelper - Error while building complete model. The raw model will be used. Error message: 1 problem was encountered while building the effective model for org.apache.shardingsphere:shardingsphere-sql-parser-mysql:5.1.1-SNAPSHOT
[ERROR] Failed to determine Java version for profile jdk11+ @ org.apache.shardingsphere:shardingsphere:5.1.1-SNAPSHOT, /root/workspace/apache-shardingsphere-master-16780_repo/pom.xml

05:38:54.199 [main] ERROR f.i.s.r.process.maven.MavenHelper - Error while building complete model. The raw model will be used. Error message: 1 problem was encountered while building the effective model for org.apache.shardingsphere:shardingsphere-sql-parser-oracle:5.1.1-SNAPSHOT
[ERROR] Failed to determine Java version for profile jdk11+ @ org.apache.shardingsphere:shardingsphere:5.1.1-SNAPSHOT, /root/workspace/apache-shardingsphere-master-16780_repo/pom.xml

05:38:54.201 [main] ERROR f.i.s.r.process.maven.MavenHelper - Error while building complete model. The raw model will be used. Error message: 1 problem was encountered while building the effective model for org.apache.shardingsphere:shardingsphere-sql-parser-sqlserver:5.1.1-SNAPSHOT
[ERROR] Failed to determine Java version for profile jdk11+ @ org.apache.shardingsphere:shardingsphere:5.1.1-SNAPSHOT, /root/workspace/apache-shardingsphere-master-16780_repo/pom.xml

05:38:54.204 [main] ERROR f.i.s.r.process.maven.MavenHelper - Error while building complete model. The raw model will be used. Error message: 1 problem was encountered while building the effective model for org.apache.shardingsphere:shardingsphere-sql-parser-opengauss:5.1.1-SNAPSHOT
[ERROR] Failed to determine Java version for profile jdk11+ @ org.apache.shardingsphere:shardingsphere:5.1.1-SNAPSHOT, /root/workspace/apache-shardingsphere-master-16780_repo/pom.xml

05:38:54.206 [main] ERROR f.i.s.r.process.maven.MavenHelper - Error while building complete model. The raw model will be used. Error message: 1 problem was encountered while building the effective model for org.apache.shardingsphere:shardingsphere-distsql:5.1.1-SNAPSHOT
[ERROR] Failed to determine Java version for profile jdk11+ @ org.apache.shardingsphere:shardingsphere:5.1.1-SNAPSHOT, /root/workspace/apache-shardingsphere-master-16780_repo/pom.xml

05:38:54.208 [main] ERROR f.i.s.r.process.maven.MavenHelper - Error while building complete model. The raw model will be used. Error message: 1 problem was encountered while building the effective model for org.apache.shardingsphere:shardingsphere-distsql-statement:5.1.1-SNAPSHOT
[ERROR] Failed to determine Java version for profile jdk11+ @ org.apache.shardingsphere:shardingsphere:5.1.1-SNAPSHOT, /root/workspace/apache-shardingsphere-master-16780_repo/pom.xml

05:38:54.208 [main] ERROR f.i.s.r.p.step.paths.ComputeTestDir - The test directory is not at default location or specified in build section from pom.xml, and no parent can be found.
05:38:54.210 [main] ERROR f.i.s.r.process.maven.MavenHelper - Error while building complete model. The raw model will be used. Error message: 1 problem was encountered while building the effective model for org.apache.shardingsphere:shardingsphere-distsql-parser:5.1.1-SNAPSHOT
[ERROR] Failed to determine Java version for profile jdk11+ @ org.apache.shardingsphere:shardingsphere:5.1.1-SNAPSHOT, /root/workspace/apache-shardingsphere-master-16780_repo/pom.xml

05:38:54.210 [main] ERROR f.i.s.r.p.step.paths.ComputeTestDir - The test directory is not at default location or specified in build section from pom.xml, and no parent can be found.
05:38:54.210 [main] ERROR f.i.s.r.p.step.paths.ComputeTestDir - The test directory is not at default location or specified in build section from pom.xml, and no parent can be found.
05:38:54.212 [main] ERROR f.i.s.r.process.maven.MavenHelper - Error while building complete model. The raw model will be used. Error message: 1 problem was encountered while building the effective model for org.apache.shardingsphere:shardingsphere-db-protocol:5.1.1-SNAPSHOT
[ERROR] Failed to determine Java version for profile jdk11+ @ org.apache.shardingsphere:shardingsphere:5.1.1-SNAPSHOT, /root/workspace/apache-shardingsphere-master-16780_repo/pom.xml

05:38:54.214 [main] ERROR f.i.s.r.process.maven.MavenHelper - Error while building complete model. The raw model will be used. Error message: 1 problem was encountered while building the effective model for org.apache.shardingsphere:shardingsphere-db-protocol-core:5.1.1-SNAPSHOT
[ERROR] Failed to determine Java version for profile jdk11+ @ org.apache.shardingsphere:shardingsphere:5.1.1-SNAPSHOT, /root/workspace/apache-shardingsphere-master-16780_repo/pom.xml

05:38:54.216 [main] ERROR f.i.s.r.process.maven.MavenHelper - Error while building complete model. The raw model will be used. Error message: 1 problem was encountered while building the effective model for org.apache.shardingsphere:shardingsphere-db-protocol-postgresql:5.1.1-SNAPSHOT
[ERROR] Failed to determine Java version for profile jdk11+ @ org.apache.shardingsphere:shardingsphere:5.1.1-SNAPSHOT, /root/workspace/apache-shardingsphere-master-16780_repo/pom.xml

05:38:54.218 [main] ERROR f.i.s.r.process.maven.MavenHelper - Error while building complete model. The raw model will be used. Error message: 1 problem was encountered while building the effective model for org.apache.shardingsphere:shardingsphere-db-protocol-mysql:5.1.1-SNAPSHOT
[ERROR] Failed to determine Java version for profile jdk11+ @ org.apache.shardingsphere:shardingsphere:5.1.1-SNAPSHOT, /root/workspace/apache-shardingsphere-master-16780_repo/pom.xml

05:38:54.220 [main] ERROR f.i.s.r.process.maven.MavenHelper - Error while building complete model. The raw model will be used. Error message: 1 problem was encountered while building the effective model for org.apache.shardingsphere:shardingsphere-db-protocol-opengauss:5.1.1-SNAPSHOT
[ERROR] Failed to determine Java version for profile jdk11+ @ org.apache.shardingsphere:shardingsphere:5.1.1-SNAPSHOT, /root/workspace/apache-shardingsphere-master-16780_repo/pom.xml

05:38:54.221 [main] ERROR f.i.s.r.process.maven.MavenHelper - Error while building complete model. The raw model will be used. Error message: 1 problem was encountered while building the effective model for org.apache.shardingsphere:shardingsphere-infra:5.1.1-SNAPSHOT
[ERROR] Failed to determine Java version for profile jdk11+ @ org.apache.shardingsphere:shardingsphere:5.1.1-SNAPSHOT, /root/workspace/apache-shardingsphere-master-16780_repo/pom.xml

05:38:54.224 [main] ERROR f.i.s.r.process.maven.MavenHelper - Error while building complete model. The raw model will be used. Error message: 1 problem was encountered while building the effective model for org.apache.shardingsphere:shardingsphere-infra-common:5.1.1-SNAPSHOT
[ERROR] Failed to determine Java version for profile jdk11+ @ org.apache.shardingsphere:shardingsphere:5.1.1-SNAPSHOT, /root/workspace/apache-shardingsphere-master-16780_repo/pom.xml

05:38:54.225 [main] ERROR f.i.s.r.process.maven.MavenHelper - Error while building complete model. The raw model will be used. Error message: 1 problem was encountered while building the effective model for org.apache.shardingsphere:shardingsphere-infra-parser:5.1.1-SNAPSHOT
[ERROR] Failed to determine Java version for profile jdk11+ @ org.apache.shardingsphere:shardingsphere:5.1.1-SNAPSHOT, /root/workspace/apache-shardingsphere-master-16780_repo/pom.xml

05:38:54.227 [main] ERROR f.i.s.r.process.maven.MavenHelper - Error while building complete model. The raw model will be used. Error message: 1 problem was encountered while building the effective model for org.apache.shardingsphere:shardingsphere-infra-binder:5.1.1-SNAPSHOT
[ERROR] Failed to determine Java version for profile jdk11+ @ org.apache.shardingsphere:shardingsphere:5.1.1-SNAPSHOT, /root/workspace/apache-shardingsphere-master-16780_repo/pom.xml

05:38:54.230 [main] ERROR f.i.s.r.process.maven.MavenHelper - Error while building complete model. The raw model will be used. Error message: 1 problem was encountered while building the effective model for org.apache.shardingsphere:shardingsphere-infra-route:5.1.1-SNAPSHOT
[ERROR] Failed to determine Java version for profile jdk11+ @ org.apache.shardingsphere:shardingsphere:5.1.1-SNAPSHOT, /root/workspace/apache-shardingsphere-master-16780_repo/pom.xml

05:38:54.232 [main] ERROR f.i.s.r.process.maven.MavenHelper - Error while building complete model. The raw model will be used. Error message: 1 problem was encountered while building the effective model for org.apache.shardingsphere:shardingsphere-infra-rewrite:5.1.1-SNAPSHOT
[ERROR] Failed to determine Java version for profile jdk11+ @ org.apache.shardingsphere:shardingsphere:5.1.1-SNAPSHOT, /root/workspace/apache-shardingsphere-master-16780_repo/pom.xml

05:38:54.234 [main] ERROR f.i.s.r.process.maven.MavenHelper - Error while building complete model. The raw model will be used. Error message: 1 problem was encountered while building the effective model for org.apache.shardingsphere:shardingsphere-infra-executor:5.1.1-SNAPSHOT
[ERROR] Failed to determine Java version for profile jdk11+ @ org.apache.shardingsphere:shardingsphere:5.1.1-SNAPSHOT, /root/workspace/apache-shardingsphere-master-16780_repo/pom.xml

05:38:54.236 [main] ERROR f.i.s.r.process.maven.MavenHelper - Error while building complete model. The raw model will be used. Error message: 1 problem was encountered while building the effective model for org.apache.shardingsphere:shardingsphere-infra-merge:5.1.1-SNAPSHOT
[ERROR] Failed to determine Java version for profile jdk11+ @ org.apache.shardingsphere:shardingsphere:5.1.1-SNAPSHOT, /root/workspace/apache-shardingsphere-master-16780_repo/pom.xml

05:38:54.238 [main] ERROR f.i.s.r.process.maven.MavenHelper - Error while building complete model. The raw model will be used. Error message: 1 problem was encountered while building the effective model for org.apache.shardingsphere:shardingsphere-infra-context:5.1.1-SNAPSHOT
[ERROR] Failed to determine Java version for profile jdk11+ @ org.apache.shardingsphere:shardingsphere:5.1.1-SNAPSHOT, /root/workspace/apache-shardingsphere-master-16780_repo/pom.xml

05:38:54.240 [main] ERROR f.i.s.r.process.maven.MavenHelper - Error while building complete model. The raw model will be used. Error message: 1 problem was encountered while building the effective model for org.apache.shardingsphere:shardingsphere-infra-datetime:5.1.1-SNAPSHOT
[ERROR] Failed to determine Java version for profile jdk11+ @ org.apache.shardingsphere:shardingsphere:5.1.1-SNAPSHOT, /root/workspace/apache-shardingsphere-master-16780_repo/pom.xml

05:38:54.241 [main] ERROR f.i.s.r.process.maven.MavenHelper - Error while building complete model. The raw model will be used. Error message: 1 problem was encountered while building the effective model for org.apache.shardingsphere:shardingsphere-infra-datetime-spi:5.1.1-SNAPSHOT
[ERROR] Failed to determine Java version for profile jdk11+ @ org.apache.shardingsphere:shardingsphere:5.1.1-SNAPSHOT, /root/workspace/apache-shardingsphere-master-16780_repo/pom.xml

05:38:54.242 [main] ERROR f.i.s.r.p.step.paths.ComputeTestDir - The test directory is not at default location or specified in build section from pom.xml, and no parent can be found.
05:38:54.243 [main] ERROR f.i.s.r.process.maven.MavenHelper - Error while building complete model. The raw model will be used. Error message: 1 problem was encountered while building the effective model for org.apache.shardingsphere:shardingsphere-infra-datetime-type:5.1.1-SNAPSHOT
[ERROR] Failed to determine Java version for profile jdk11+ @ org.apache.shardingsphere:shardingsphere:5.1.1-SNAPSHOT, /root/workspace/apache-shardingsphere-master-16780_repo/pom.xml

05:38:54.246 [main] ERROR f.i.s.r.process.maven.MavenHelper - Error while building complete model. The raw model will be used. Error message: 1 problem was encountered while building the effective model for org.apache.shardingsphere:shardingsphere-system-datetime:5.1.1-SNAPSHOT
[ERROR] Failed to determine Java version for profile jdk11+ @ org.apache.shardingsphere:shardingsphere:5.1.1-SNAPSHOT, /root/workspace/apache-shardingsphere-master-16780_repo/pom.xml

05:38:54.248 [main] ERROR f.i.s.r.process.maven.MavenHelper - Error while building complete model. The raw model will be used. Error message: 1 problem was encountered while building the effective model for org.apache.shardingsphere:shardingsphere-database-datetime:5.1.1-SNAPSHOT
[ERROR] Failed to determine Java version for profile jdk11+ @ org.apache.shardingsphere:shardingsphere:5.1.1-SNAPSHOT, /root/workspace/apache-shardingsphere-master-16780_repo/pom.xml

05:38:54.250 [main] ERROR f.i.s.r.process.maven.MavenHelper - Error while building complete model. The raw model will be used. Error message: 1 problem was encountered while building the effective model for org.apache.shardingsphere:shardingsphere-infra-federation:5.1.1-SNAPSHOT
[ERROR] Failed to determine Java version for profile jdk11+ @ org.apache.shardingsphere:shardingsphere:5.1.1-SNAPSHOT, /root/workspace/apache-shardingsphere-master-16780_repo/pom.xml

05:38:54.252 [main] ERROR f.i.s.r.process.maven.MavenHelper - Error while building complete model. The raw model will be used. Error message: 1 problem was encountered while building the effective model for org.apache.shardingsphere:shardingsphere-infra-federation-optimizer:5.1.1-SNAPSHOT
[ERROR] Failed to determine Java version for profile jdk11+ @ org.apache.shardingsphere:shardingsphere:5.1.1-SNAPSHOT, /root/workspace/apache-shardingsphere-master-16780_repo/pom.xml

05:38:54.254 [main] ERROR f.i.s.r.process.maven.MavenHelper - Error while building complete model. The raw model will be used. Error message: 1 problem was encountered while building the effective model for org.apache.shardingsphere:shardingsphere-infra-federation-executor:5.1.1-SNAPSHOT
[ERROR] Failed to determine Java version for profile jdk11+ @ org.apache.shardingsphere:shardingsphere:5.1.1-SNAPSHOT, /root/workspace/apache-shardingsphere-master-16780_repo/pom.xml

05:38:54.254 [main] ERROR f.i.s.r.p.step.paths.ComputeTestDir - The test directory is not at default location or specified in build section from pom.xml, and no parent can be found.
05:38:54.256 [main] ERROR f.i.s.r.process.maven.MavenHelper - Error while building complete model. The raw model will be used. Error message: 1 problem was encountered while building the effective model for org.apache.shardingsphere:shardingsphere-mode:5.1.1-SNAPSHOT
[ERROR] Failed to determine Java version for profile jdk11+ @ org.apache.shardingsphere:shardingsphere:5.1.1-SNAPSHOT, /root/workspace/apache-shardingsphere-master-16780_repo/pom.xml

05:38:54.258 [main] ERROR f.i.s.r.process.maven.MavenHelper - Error while building complete model. The raw model will be used. Error message: 1 problem was encountered while building the effective model for org.apache.shardingsphere:shardingsphere-mode-core:5.1.1-SNAPSHOT
[ERROR] Failed to determine Java version for profile jdk11+ @ org.apache.shardingsphere:shardingsphere:5.1.1-SNAPSHOT, /root/workspace/apache-shardingsphere-master-16780_repo/pom.xml

05:38:54.260 [main] ERROR f.i.s.r.process.maven.MavenHelper - Error while building complete model. The raw model will be used. Error message: 1 problem was encountered while building the effective model for org.apache.shardingsphere:shardingsphere-mode-type:5.1.1-SNAPSHOT
[ERROR] Failed to determine Java version for profile jdk11+ @ org.apache.shardingsphere:shardingsphere:5.1.1-SNAPSHOT, /root/workspace/apache-shardingsphere-master-16780_repo/pom.xml

05:38:54.262 [main] ERROR f.i.s.r.process.maven.MavenHelper - Error while building complete model. The raw model will be used. Error message: 1 problem was encountered while building the effective model for org.apache.shardingsphere:shardingsphere-memory-mode:5.1.1-SNAPSHOT
[ERROR] Failed to determine Java version for profile jdk11+ @ org.apache.shardingsphere:shardingsphere:5.1.1-SNAPSHOT, /root/workspace/apache-shardingsphere-master-16780_repo/pom.xml

05:38:54.265 [main] ERROR f.i.s.r.process.maven.MavenHelper - Error while building complete model. The raw model will be used. Error message: 1 problem was encountered while building the effective model for org.apache.shardingsphere:shardingsphere-memory-mode-core:5.1.1-SNAPSHOT
[ERROR] Failed to determine Java version for profile jdk11+ @ org.apache.shardingsphere:shardingsphere:5.1.1-SNAPSHOT, /root/workspace/apache-shardingsphere-master-16780_repo/pom.xml

05:38:54.265 [main] ERROR f.i.s.r.p.step.paths.ComputeTestDir - The test directory is not at default location or specified in build section from pom.xml, and no parent can be found.
05:38:54.265 [main] ERROR f.i.s.r.p.step.paths.ComputeTestDir - The test directory is not at default location or specified in build section from pom.xml, and no parent can be found.
05:38:54.267 [main] ERROR f.i.s.r.process.maven.MavenHelper - Error while building complete model. The raw model will be used. Error message: 1 problem was encountered while building the effective model for org.apache.shardingsphere:shardingsphere-standalone-mode:5.1.1-SNAPSHOT
[ERROR] Failed to determine Java version for profile jdk11+ @ org.apache.shardingsphere:shardingsphere:5.1.1-SNAPSHOT, /root/workspace/apache-shardingsphere-master-16780_repo/pom.xml

05:38:54.269 [main] ERROR f.i.s.r.process.maven.MavenHelper - Error while building complete model. The raw model will be used. Error message: 1 problem was encountered while building the effective model for org.apache.shardingsphere:shardingsphere-standalone-mode-core:5.1.1-SNAPSHOT
[ERROR] Failed to determine Java version for profile jdk11+ @ org.apache.shardingsphere:shardingsphere:5.1.1-SNAPSHOT, /root/workspace/apache-shardingsphere-master-16780_repo/pom.xml

05:38:54.271 [main] ERROR f.i.s.r.process.maven.MavenHelper - Error while building complete model. The raw model will be used. Error message: 1 problem was encountered while building the effective model for org.apache.shardingsphere:shardingsphere-standalone-mode-repository:5.1.1-SNAPSHOT
[ERROR] Failed to determine Java version for profile jdk11+ @ org.apache.shardingsphere:shardingsphere:5.1.1-SNAPSHOT, /root/workspace/apache-shardingsphere-master-16780_repo/pom.xml

05:38:54.273 [main] ERROR f.i.s.r.process.maven.MavenHelper - Error while building complete model. The raw model will be used. Error message: 1 problem was encountered while building the effective model for org.apache.shardingsphere:shardingsphere-standalone-mode-repository-api:5.1.1-SNAPSHOT
[ERROR] Failed to determine Java version for profile jdk11+ @ org.apache.shardingsphere:shardingsphere:5.1.1-SNAPSHOT, /root/workspace/apache-shardingsphere-master-16780_repo/pom.xml

05:38:54.274 [main] ERROR f.i.s.r.p.step.paths.ComputeTestDir - The test directory is not at default location or specified in build section from pom.xml, and no parent can be found.
05:38:54.276 [main] ERROR f.i.s.r.process.maven.MavenHelper - Error while building complete model. The raw model will be used. Error message: 1 problem was encountered while building the effective model for org.apache.shardingsphere:shardingsphere-standalone-mode-repository-provider:5.1.1-SNAPSHOT
[ERROR] Failed to determine Java version for profile jdk11+ @ org.apache.shardingsphere:shardingsphere:5.1.1-SNAPSHOT, /root/workspace/apache-shardingsphere-master-16780_repo/pom.xml

05:38:54.278 [main] ERROR f.i.s.r.process.maven.MavenHelper - Error while building complete model. The raw model will be used. Error message: 1 problem was encountered while building the effective model for org.apache.shardingsphere:shardingsphere-standalone-mode-repository-file:5.1.1-SNAPSHOT
[ERROR] Failed to determine Java version for profile jdk11+ @ org.apache.shardingsphere:shardingsphere:5.1.1-SNAPSHOT, /root/workspace/apache-shardingsphere-master-16780_repo/pom.xml

05:38:54.280 [main] ERROR f.i.s.r.process.maven.MavenHelper - Error while building complete model. The raw model will be used. Error message: 1 problem was encountered while building the effective model for org.apache.shardingsphere:shardingsphere-standalone-mode-repository-h2:5.1.1-SNAPSHOT
[ERROR] Failed to determine Java version for profile jdk11+ @ org.apache.shardingsphere:shardingsphere:5.1.1-SNAPSHOT, /root/workspace/apache-shardingsphere-master-16780_repo/pom.xml

05:38:54.282 [main] ERROR f.i.s.r.process.maven.MavenHelper - Error while building complete model. The raw model will be used. Error message: 1 problem was encountered while building the effective model for org.apache.shardingsphere:shardingsphere-cluster-mode:5.1.1-SNAPSHOT
[ERROR] Failed to determine Java version for profile jdk11+ @ org.apache.shardingsphere:shardingsphere:5.1.1-SNAPSHOT, /root/workspace/apache-shardingsphere-master-16780_repo/pom.xml

05:38:54.285 [main] ERROR f.i.s.r.process.maven.MavenHelper - Error while building complete model. The raw model will be used. Error message: 1 problem was encountered while building the effective model for org.apache.shardingsphere:shardingsphere-cluster-mode-core:5.1.1-SNAPSHOT
[ERROR] Failed to determine Java version for profile jdk11+ @ org.apache.shardingsphere:shardingsphere:5.1.1-SNAPSHOT, /root/workspace/apache-shardingsphere-master-16780_repo/pom.xml

05:38:54.287 [main] ERROR f.i.s.r.process.maven.MavenHelper - Error while building complete model. The raw model will be used. Error message: 1 problem was encountered while building the effective model for org.apache.shardingsphere:shardingsphere-cluster-mode-repository:5.1.1-SNAPSHOT
[ERROR] Failed to determine Java version for profile jdk11+ @ org.apache.shardingsphere:shardingsphere:5.1.1-SNAPSHOT, /root/workspace/apache-shardingsphere-master-16780_repo/pom.xml

05:38:54.289 [main] ERROR f.i.s.r.process.maven.MavenHelper - Error while building complete model. The raw model will be used. Error message: 1 problem was encountered while building the effective model for org.apache.shardingsphere:shardingsphere-cluster-mode-repository-api:5.1.1-SNAPSHOT
[ERROR] Failed to determine Java version for profile jdk11+ @ org.apache.shardingsphere:shardingsphere:5.1.1-SNAPSHOT, /root/workspace/apache-shardingsphere-master-16780_repo/pom.xml

05:38:54.289 [main] ERROR f.i.s.r.p.step.paths.ComputeTestDir - The test directory is not at default location or specified in build section from pom.xml, and no parent can be found.
05:38:54.291 [main] ERROR f.i.s.r.process.maven.MavenHelper - Error while building complete model. The raw model will be used. Error message: 1 problem was encountered while building the effective model for org.apache.shardingsphere:shardingsphere-cluster-mode-repository-provider:5.1.1-SNAPSHOT
[ERROR] Failed to determine Java version for profile jdk11+ @ org.apache.shardingsphere:shardingsphere:5.1.1-SNAPSHOT, /root/workspace/apache-shardingsphere-master-16780_repo/pom.xml

05:38:54.294 [main] ERROR f.i.s.r.process.maven.MavenHelper - Error while building complete model. The raw model will be used. Error message: 1 problem was encountered while building the effective model for org.apache.shardingsphere:shardingsphere-cluster-mode-repository-zookeeper-curator:5.1.1-SNAPSHOT
[ERROR] Failed to determine Java version for profile jdk11+ @ org.apache.shardingsphere:shardingsphere:5.1.1-SNAPSHOT, /root/workspace/apache-shardingsphere-master-16780_repo/pom.xml

05:38:54.296 [main] ERROR f.i.s.r.process.maven.MavenHelper - Error while building complete model. The raw model will be used. Error message: 1 problem was encountered while building the effective model for org.apache.shardingsphere:shardingsphere-cluster-mode-repository-etcd:5.1.1-SNAPSHOT
[ERROR] Failed to determine Java version for profile jdk11+ @ org.apache.shardingsphere:shardingsphere:5.1.1-SNAPSHOT, /root/workspace/apache-shardingsphere-master-16780_repo/pom.xml

05:38:54.298 [main] ERROR f.i.s.r.process.maven.MavenHelper - Error while building complete model. The raw model will be used. Error message: 1 problem was encountered while building the effective model for org.apache.shardingsphere:shardingsphere-kernel:5.1.1-SNAPSHOT
[ERROR] Failed to determine Java version for profile jdk11+ @ org.apache.shardingsphere:shardingsphere:5.1.1-SNAPSHOT, /root/workspace/apache-shardingsphere-master-16780_repo/pom.xml

05:38:54.300 [main] ERROR f.i.s.r.process.maven.MavenHelper - Error while building complete model. The raw model will be used. Error message: 1 problem was encountered while building the effective model for org.apache.shardingsphere:shardingsphere-single-table:5.1.1-SNAPSHOT
[ERROR] Failed to determine Java version for profile jdk11+ @ org.apache.shardingsphere:shardingsphere:5.1.1-SNAPSHOT, /root/workspace/apache-shardingsphere-master-16780_repo/pom.xml

05:38:54.302 [main] ERROR f.i.s.r.process.maven.MavenHelper - Error while building complete model. The raw model will be used. Error message: 1 problem was encountered while building the effective model for org.apache.shardingsphere:shardingsphere-single-table-api:5.1.1-SNAPSHOT
[ERROR] Failed to determine Java version for profile jdk11+ @ org.apache.shardingsphere:shardingsphere:5.1.1-SNAPSHOT, /root/workspace/apache-shardingsphere-master-16780_repo/pom.xml

05:38:54.302 [main] ERROR f.i.s.r.p.step.paths.ComputeTestDir - The test directory is not at default location or specified in build section from pom.xml, and no parent can be found.
05:38:54.304 [main] ERROR f.i.s.r.process.maven.MavenHelper - Error while building complete model. The raw model will be used. Error message: 1 problem was encountered while building the effective model for org.apache.shardingsphere:shardingsphere-single-table-core:5.1.1-SNAPSHOT
[ERROR] Failed to determine Java version for profile jdk11+ @ org.apache.shardingsphere:shardingsphere:5.1.1-SNAPSHOT, /root/workspace/apache-shardingsphere-master-16780_repo/pom.xml

05:38:54.306 [main] ERROR f.i.s.r.process.maven.MavenHelper - Error while building complete model. The raw model will be used. Error message: 1 problem was encountered while building the effective model for org.apache.shardingsphere:shardingsphere-authority:5.1.1-SNAPSHOT
[ERROR] Failed to determine Java version for profile jdk11+ @ org.apache.shardingsphere:shardingsphere:5.1.1-SNAPSHOT, /root/workspace/apache-shardingsphere-master-16780_repo/pom.xml

05:38:54.308 [main] ERROR f.i.s.r.process.maven.MavenHelper - Error while building complete model. The raw model will be used. Error message: 1 problem was encountered while building the effective model for org.apache.shardingsphere:shardingsphere-authority-api:5.1.1-SNAPSHOT
[ERROR] Failed to determine Java version for profile jdk11+ @ org.apache.shardingsphere:shardingsphere:5.1.1-SNAPSHOT, /root/workspace/apache-shardingsphere-master-16780_repo/pom.xml

05:38:54.308 [main] ERROR f.i.s.r.p.step.paths.ComputeTestDir - The test directory is not at default location or specified in build section from pom.xml, and no parent can be found.
05:38:54.310 [main] ERROR f.i.s.r.process.maven.MavenHelper - Error while building complete model. The raw model will be used. Error message: 1 problem was encountered while building the effective model for org.apache.shardingsphere:shardingsphere-authority-core:5.1.1-SNAPSHOT
[ERROR] Failed to determine Java version for profile jdk11+ @ org.apache.shardingsphere:shardingsphere:5.1.1-SNAPSHOT, /root/workspace/apache-shardingsphere-master-16780_repo/pom.xml

05:38:54.312 [main] ERROR f.i.s.r.process.maven.MavenHelper - Error while building complete model. The raw model will be used. Error message: 1 problem was encountered while building the effective model for org.apache.shardingsphere:shardingsphere-transaction:5.1.1-SNAPSHOT
[ERROR] Failed to determine Java version for profile jdk11+ @ org.apache.shardingsphere:shardingsphere:5.1.1-SNAPSHOT, /root/workspace/apache-shardingsphere-master-16780_repo/pom.xml

05:38:54.314 [main] ERROR f.i.s.r.process.maven.MavenHelper - Error while building complete model. The raw model will be used. Error message: 1 problem was encountered while building the effective model for org.apache.shardingsphere:shardingsphere-transaction-api:5.1.1-SNAPSHOT
[ERROR] Failed to determine Java version for profile jdk11+ @ org.apache.shardingsphere:shardingsphere:5.1.1-SNAPSHOT, /root/workspace/apache-shardingsphere-master-16780_repo/pom.xml

05:38:54.314 [main] ERROR f.i.s.r.p.step.paths.ComputeTestDir - The test directory is not at default location or specified in build section from pom.xml, and no parent can be found.
05:38:54.316 [main] ERROR f.i.s.r.process.maven.MavenHelper - Error while building complete model. The raw model will be used. Error message: 1 problem was encountered while building the effective model for org.apache.shardingsphere:shardingsphere-transaction-core:5.1.1-SNAPSHOT
[ERROR] Failed to determine Java version for profile jdk11+ @ org.apache.shardingsphere:shardingsphere:5.1.1-SNAPSHOT, /root/workspace/apache-shardingsphere-master-16780_repo/pom.xml

05:38:54.318 [main] ERROR f.i.s.r.process.maven.MavenHelper - Error while building complete model. The raw model will be used. Error message: 1 problem was encountered while building the effective model for org.apache.shardingsphere:shardingsphere-transaction-type:5.1.1-SNAPSHOT
[ERROR] Failed to determine Java version for profile jdk11+ @ org.apache.shardingsphere:shardingsphere:5.1.1-SNAPSHOT, /root/workspace/apache-shardingsphere-master-16780_repo/pom.xml

05:38:54.320 [main] ERROR f.i.s.r.process.maven.MavenHelper - Error while building complete model. The raw model will be used. Error message: 1 problem was encountered while building the effective model for org.apache.shardingsphere:shardingsphere-transaction-xa:5.1.1-SNAPSHOT
[ERROR] Failed to determine Java version for profile jdk11+ @ org.apache.shardingsphere:shardingsphere:5.1.1-SNAPSHOT, /root/workspace/apache-shardingsphere-master-16780_repo/pom.xml

05:38:54.323 [main] ERROR f.i.s.r.process.maven.MavenHelper - Error while building complete model. The raw model will be used. Error message: 1 problem was encountered while building the effective model for org.apache.shardingsphere:shardingsphere-transaction-xa-spi:5.1.1-SNAPSHOT
[ERROR] Failed to determine Java version for profile jdk11+ @ org.apache.shardingsphere:shardingsphere:5.1.1-SNAPSHOT, /root/workspace/apache-shardingsphere-master-16780_repo/pom.xml

05:38:54.325 [main] ERROR f.i.s.r.process.maven.MavenHelper - Error while building complete model. The raw model will be used. Error message: 1 problem was encountered while building the effective model for org.apache.shardingsphere:shardingsphere-transaction-xa-core:5.1.1-SNAPSHOT
[ERROR] Failed to determine Java version for profile jdk11+ @ org.apache.shardingsphere:shardingsphere:5.1.1-SNAPSHOT, /root/workspace/apache-shardingsphere-master-16780_repo/pom.xml

05:38:54.327 [main] ERROR f.i.s.r.process.maven.MavenHelper - Error while building complete model. The raw model will be used. Error message: 1 problem was encountered while building the effective model for org.apache.shardingsphere:shardingsphere-transaction-xa-provider:5.1.1-SNAPSHOT
[ERROR] Failed to determine Java version for profile jdk11+ @ org.apache.shardingsphere:shardingsphere:5.1.1-SNAPSHOT, /root/workspace/apache-shardingsphere-master-16780_repo/pom.xml

05:38:54.330 [main] ERROR f.i.s.r.process.maven.MavenHelper - Error while building complete model. The raw model will be used. Error message: 1 problem was encountered while building the effective model for org.apache.shardingsphere:shardingsphere-transaction-xa-atomikos:5.1.1-SNAPSHOT
[ERROR] Failed to determine Java version for profile jdk11+ @ org.apache.shardingsphere:shardingsphere:5.1.1-SNAPSHOT, /root/workspace/apache-shardingsphere-master-16780_repo/pom.xml

05:38:54.332 [main] ERROR f.i.s.r.process.maven.MavenHelper - Error while building complete model. The raw model will be used. Error message: 1 problem was encountered while building the effective model for org.apache.shardingsphere:shardingsphere-transaction-xa-narayana:5.1.1-SNAPSHOT
[ERROR] Failed to determine Java version for profile jdk11+ @ org.apache.shardingsphere:shardingsphere:5.1.1-SNAPSHOT, /root/workspace/apache-shardingsphere-master-16780_repo/pom.xml

05:38:54.334 [main] ERROR f.i.s.r.process.maven.MavenHelper - Error while building complete model. The raw model will be used. Error message: 1 problem was encountered while building the effective model for org.apache.shardingsphere:shardingsphere-transaction-xa-bitronix:5.1.1-SNAPSHOT
[ERROR] Failed to determine Java version for profile jdk11+ @ org.apache.shardingsphere:shardingsphere:5.1.1-SNAPSHOT, /root/workspace/apache-shardingsphere-master-16780_repo/pom.xml

05:38:54.336 [main] ERROR f.i.s.r.process.maven.MavenHelper - Error while building complete model. The raw model will be used. Error message: 1 problem was encountered while building the effective model for org.apache.shardingsphere:shardingsphere-transaction-base:5.1.1-SNAPSHOT
[ERROR] Failed to determine Java version for profile jdk11+ @ org.apache.shardingsphere:shardingsphere:5.1.1-SNAPSHOT, /root/workspace/apache-shardingsphere-master-16780_repo/pom.xml

05:38:54.339 [main] ERROR f.i.s.r.process.maven.MavenHelper - Error while building complete model. The raw model will be used. Error message: 1 problem was encountered while building the effective model for org.apache.shardingsphere:shardingsphere-transaction-base-seata-at:5.1.1-SNAPSHOT
[ERROR] Failed to determine Java version for profile jdk11+ @ org.apache.shardingsphere:shardingsphere:5.1.1-SNAPSHOT, /root/workspace/apache-shardingsphere-master-16780_repo/pom.xml

05:38:54.340 [main] ERROR f.i.s.r.process.maven.MavenHelper - Error while building complete model. The raw model will be used. Error message: 1 problem was encountered while building the effective model for org.apache.shardingsphere:shardingsphere-schedule:5.1.1-SNAPSHOT
[ERROR] Failed to determine Java version for profile jdk11+ @ org.apache.shardingsphere:shardingsphere:5.1.1-SNAPSHOT, /root/workspace/apache-shardingsphere-master-16780_repo/pom.xml

05:38:54.343 [main] ERROR f.i.s.r.process.maven.MavenHelper - Error while building complete model. The raw model will be used. Error message: 1 problem was encountered while building the effective model for org.apache.shardingsphere:shardingsphere-schedule-core:5.1.1-SNAPSHOT
[ERROR] Failed to determine Java version for profile jdk11+ @ org.apache.shardingsphere:shardingsphere:5.1.1-SNAPSHOT, /root/workspace/apache-shardingsphere-master-16780_repo/pom.xml

05:38:54.343 [main] ERROR f.i.s.r.p.step.paths.ComputeTestDir - The test directory is not at default location or specified in build section from pom.xml, and no parent can be found.
05:38:54.343 [main] ERROR f.i.s.r.p.step.paths.ComputeTestDir - The test directory is not at default location or specified in build section from pom.xml, and no parent can be found.
05:38:54.345 [main] ERROR f.i.s.r.process.maven.MavenHelper - Error while building complete model. The raw model will be used. Error message: 1 problem was encountered while building the effective model for org.apache.shardingsphere:shardingsphere-data-pipeline:5.1.1-SNAPSHOT
[ERROR] Failed to determine Java version for profile jdk11+ @ org.apache.shardingsphere:shardingsphere:5.1.1-SNAPSHOT, /root/workspace/apache-shardingsphere-master-16780_repo/pom.xml

05:38:54.347 [main] ERROR f.i.s.r.process.maven.MavenHelper - Error while building complete model. The raw model will be used. Error message: 1 problem was encountered while building the effective model for org.apache.shardingsphere:shardingsphere-data-pipeline-core:5.1.1-SNAPSHOT
[ERROR] Failed to determine Java version for profile jdk11+ @ org.apache.shardingsphere:shardingsphere:5.1.1-SNAPSHOT, /root/workspace/apache-shardingsphere-master-16780_repo/pom.xml

05:38:54.347 [main] ERROR f.i.s.r.p.step.paths.ComputeTestDir - The test directory is not at default location or specified in build section from pom.xml, and no parent can be found.
05:38:54.348 [main] ERROR f.i.s.r.process.maven.MavenHelper - Error while building complete model. The raw model will be used. Error message: 1 problem was encountered while building the effective model for org.apache.shardingsphere:shardingsphere-data-pipeline-spi:5.1.1-SNAPSHOT
[ERROR] Failed to determine Java version for profile jdk11+ @ org.apache.shardingsphere:shardingsphere:5.1.1-SNAPSHOT, /root/workspace/apache-shardingsphere-master-16780_repo/pom.xml

05:38:54.350 [main] ERROR f.i.s.r.process.maven.MavenHelper - Error while building complete model. The raw model will be used. Error message: 1 problem was encountered while building the effective model for org.apache.shardingsphere:shardingsphere-data-pipeline-dialect:5.1.1-SNAPSHOT
[ERROR] Failed to determine Java version for profile jdk11+ @ org.apache.shardingsphere:shardingsphere:5.1.1-SNAPSHOT, /root/workspace/apache-shardingsphere-master-16780_repo/pom.xml

05:38:54.352 [main] ERROR f.i.s.r.process.maven.MavenHelper - Error while building complete model. The raw model will be used. Error message: 1 problem was encountered while building the effective model for org.apache.shardingsphere:shardingsphere-data-pipeline-mysql:5.1.1-SNAPSHOT
[ERROR] Failed to determine Java version for profile jdk11+ @ org.apache.shardingsphere:shardingsphere:5.1.1-SNAPSHOT, /root/workspace/apache-shardingsphere-master-16780_repo/pom.xml

05:38:54.354 [main] ERROR f.i.s.r.process.maven.MavenHelper - Error while building complete model. The raw model will be used. Error message: 1 problem was encountered while building the effective model for org.apache.shardingsphere:shardingsphere-data-pipeline-postgresql:5.1.1-SNAPSHOT
[ERROR] Failed to determine Java version for profile jdk11+ @ org.apache.shardingsphere:shardingsphere:5.1.1-SNAPSHOT, /root/workspace/apache-shardingsphere-master-16780_repo/pom.xml

05:38:54.356 [main] ERROR f.i.s.r.process.maven.MavenHelper - Error while building complete model. The raw model will be used. Error message: 1 problem was encountered while building the effective model for org.apache.shardingsphere:shardingsphere-data-pipeline-opengauss:5.1.1-SNAPSHOT
[ERROR] Failed to determine Java version for profile jdk11+ @ org.apache.shardingsphere:shardingsphere:5.1.1-SNAPSHOT, /root/workspace/apache-shardingsphere-master-16780_repo/pom.xml

05:38:54.358 [main] ERROR f.i.s.r.process.maven.MavenHelper - Error while building complete model. The raw model will be used. Error message: 1 problem was encountered while building the effective model for org.apache.shardingsphere:shardingsphere-parser:5.1.1-SNAPSHOT
[ERROR] Failed to determine Java version for profile jdk11+ @ org.apache.shardingsphere:shardingsphere:5.1.1-SNAPSHOT, /root/workspace/apache-shardingsphere-master-16780_repo/pom.xml

05:38:54.360 [main] ERROR f.i.s.r.process.maven.MavenHelper - Error while building complete model. The raw model will be used. Error message: 1 problem was encountered while building the effective model for org.apache.shardingsphere:shardingsphere-parser-api:5.1.1-SNAPSHOT
[ERROR] Failed to determine Java version for profile jdk11+ @ org.apache.shardingsphere:shardingsphere:5.1.1-SNAPSHOT, /root/workspace/apache-shardingsphere-master-16780_repo/pom.xml

05:38:54.360 [main] ERROR f.i.s.r.p.step.paths.ComputeTestDir - The test directory is not at default location or specified in build section from pom.xml, and no parent can be found.
05:38:54.362 [main] ERROR f.i.s.r.process.maven.MavenHelper - Error while building complete model. The raw model will be used. Error message: 1 problem was encountered while building the effective model for org.apache.shardingsphere:shardingsphere-parser-core:5.1.1-SNAPSHOT
[ERROR] Failed to determine Java version for profile jdk11+ @ org.apache.shardingsphere:shardingsphere:5.1.1-SNAPSHOT, /root/workspace/apache-shardingsphere-master-16780_repo/pom.xml

05:38:54.364 [main] ERROR f.i.s.r.process.maven.MavenHelper - Error while building complete model. The raw model will be used. Error message: 1 problem was encountered while building the effective model for org.apache.shardingsphere:shardingsphere-parser-spring:5.1.1-SNAPSHOT
[ERROR] Failed to determine Java version for profile jdk11+ @ org.apache.shardingsphere:shardingsphere:5.1.1-SNAPSHOT, /root/workspace/apache-shardingsphere-master-16780_repo/pom.xml

05:38:54.366 [main] ERROR f.i.s.r.process.maven.MavenHelper - Error while building complete model. The raw model will be used. Error message: 1 problem was encountered while building the effective model for org.apache.shardingsphere:shardingsphere-parser-spring-boot-starter:5.1.1-SNAPSHOT
[ERROR] Failed to determine Java version for profile jdk11+ @ org.apache.shardingsphere:shardingsphere:5.1.1-SNAPSHOT, /root/workspace/apache-shardingsphere-master-16780_repo/pom.xml

05:38:54.368 [main] ERROR f.i.s.r.process.maven.MavenHelper - Error while building complete model. The raw model will be used. Error message: 1 problem was encountered while building the effective model for org.apache.shardingsphere:shardingsphere-parser-spring-namespace:5.1.1-SNAPSHOT
[ERROR] Failed to determine Java version for profile jdk11+ @ org.apache.shardingsphere:shardingsphere:5.1.1-SNAPSHOT, /root/workspace/apache-shardingsphere-master-16780_repo/pom.xml

05:38:54.370 [main] ERROR f.i.s.r.process.maven.MavenHelper - Error while building complete model. The raw model will be used. Error message: 1 problem was encountered while building the effective model for org.apache.shardingsphere:shardingsphere-traffic:5.1.1-SNAPSHOT
[ERROR] Failed to determine Java version for profile jdk11+ @ org.apache.shardingsphere:shardingsphere:5.1.1-SNAPSHOT, /root/workspace/apache-shardingsphere-master-16780_repo/pom.xml

05:38:54.372 [main] ERROR f.i.s.r.process.maven.MavenHelper - Error while building complete model. The raw model will be used. Error message: 1 problem was encountered while building the effective model for org.apache.shardingsphere:shardingsphere-traffic-api:5.1.1-SNAPSHOT
[ERROR] Failed to determine Java version for profile jdk11+ @ org.apache.shardingsphere:shardingsphere:5.1.1-SNAPSHOT, /root/workspace/apache-shardingsphere-master-16780_repo/pom.xml

05:38:54.372 [main] ERROR f.i.s.r.p.step.paths.ComputeTestDir - The test directory is not at default location or specified in build section from pom.xml, and no parent can be found.
05:38:54.374 [main] ERROR f.i.s.r.process.maven.MavenHelper - Error while building complete model. The raw model will be used. Error message: 1 problem was encountered while building the effective model for org.apache.shardingsphere:shardingsphere-traffic-core:5.1.1-SNAPSHOT
[ERROR] Failed to determine Java version for profile jdk11+ @ org.apache.shardingsphere:shardingsphere:5.1.1-SNAPSHOT, /root/workspace/apache-shardingsphere-master-16780_repo/pom.xml

05:38:54.376 [main] ERROR f.i.s.r.process.maven.MavenHelper - Error while building complete model. The raw model will be used. Error message: 1 problem was encountered while building the effective model for org.apache.shardingsphere:shardingsphere-jdbc:5.1.1-SNAPSHOT
[ERROR] Failed to determine Java version for profile jdk11+ @ org.apache.shardingsphere:shardingsphere:5.1.1-SNAPSHOT, /root/workspace/apache-shardingsphere-master-16780_repo/pom.xml

05:38:54.378 [main] ERROR f.i.s.r.process.maven.MavenHelper - Error while building complete model. The raw model will be used. Error message: 1 problem was encountered while building the effective model for org.apache.shardingsphere:shardingsphere-jdbc-core:5.1.1-SNAPSHOT
[ERROR] Failed to determine Java version for profile jdk11+ @ org.apache.shardingsphere:shardingsphere:5.1.1-SNAPSHOT, /root/workspace/apache-shardingsphere-master-16780_repo/pom.xml

05:38:54.380 [main] ERROR f.i.s.r.process.maven.MavenHelper - Error while building complete model. The raw model will be used. Error message: 1 problem was encountered while building the effective model for org.apache.shardingsphere:shardingsphere-jdbc-spring:5.1.1-SNAPSHOT
[ERROR] Failed to determine Java version for profile jdk11+ @ org.apache.shardingsphere:shardingsphere:5.1.1-SNAPSHOT, /root/workspace/apache-shardingsphere-master-16780_repo/pom.xml

05:38:54.382 [main] ERROR f.i.s.r.process.maven.MavenHelper - Error while building complete model. The raw model will be used. Error message: 1 problem was encountered while building the effective model for org.apache.shardingsphere:shardingsphere-jdbc-spring-infra:5.1.1-SNAPSHOT
[ERROR] Failed to determine Java version for profile jdk11+ @ org.apache.shardingsphere:shardingsphere:5.1.1-SNAPSHOT, /root/workspace/apache-shardingsphere-master-16780_repo/pom.xml

05:38:54.384 [main] ERROR f.i.s.r.process.maven.MavenHelper - Error while building complete model. The raw model will be used. Error message: 1 problem was encountered while building the effective model for org.apache.shardingsphere:shardingsphere-jdbc-spring-boot-starter-infra:5.1.1-SNAPSHOT
[ERROR] Failed to determine Java version for profile jdk11+ @ org.apache.shardingsphere:shardingsphere:5.1.1-SNAPSHOT, /root/workspace/apache-shardingsphere-master-16780_repo/pom.xml

05:38:54.385 [main] ERROR f.i.s.r.process.maven.MavenHelper - Error while building complete model. The raw model will be used. Error message: 1 problem was encountered while building the effective model for org.apache.shardingsphere:shardingsphere-jdbc-spring-namespace-infra:5.1.1-SNAPSHOT
[ERROR] Failed to determine Java version for profile jdk11+ @ org.apache.shardingsphere:shardingsphere:5.1.1-SNAPSHOT, /root/workspace/apache-shardingsphere-master-16780_repo/pom.xml

05:38:54.387 [main] ERROR f.i.s.r.process.maven.MavenHelper - Error while building complete model. The raw model will be used. Error message: 1 problem was encountered while building the effective model for org.apache.shardingsphere:shardingsphere-jdbc-core-spring:5.1.1-SNAPSHOT
[ERROR] Failed to determine Java version for profile jdk11+ @ org.apache.shardingsphere:shardingsphere:5.1.1-SNAPSHOT, /root/workspace/apache-shardingsphere-master-16780_repo/pom.xml

05:38:54.390 [main] ERROR f.i.s.r.process.maven.MavenHelper - Error while building complete model. The raw model will be used. Error message: 1 problem was encountered while building the effective model for org.apache.shardingsphere:shardingsphere-jdbc-core-spring-boot-starter:5.1.1-SNAPSHOT
[ERROR] Failed to determine Java version for profile jdk11+ @ org.apache.shardingsphere:shardingsphere:5.1.1-SNAPSHOT, /root/workspace/apache-shardingsphere-master-16780_repo/pom.xml

05:38:54.392 [main] ERROR f.i.s.r.process.maven.MavenHelper - Error while building complete model. The raw model will be used. Error message: 1 problem was encountered while building the effective model for org.apache.shardingsphere:shardingsphere-jdbc-core-spring-namespace:5.1.1-SNAPSHOT
[ERROR] Failed to determine Java version for profile jdk11+ @ org.apache.shardingsphere:shardingsphere:5.1.1-SNAPSHOT, /root/workspace/apache-shardingsphere-master-16780_repo/pom.xml

05:38:54.394 [main] ERROR f.i.s.r.process.maven.MavenHelper - Error while building complete model. The raw model will be used. Error message: 1 problem was encountered while building the effective model for org.apache.shardingsphere:shardingsphere-jdbc-transaction-spring:5.1.1-SNAPSHOT
[ERROR] Failed to determine Java version for profile jdk11+ @ org.apache.shardingsphere:shardingsphere:5.1.1-SNAPSHOT, /root/workspace/apache-shardingsphere-master-16780_repo/pom.xml

05:38:54.395 [main] ERROR f.i.s.r.process.maven.MavenHelper - Error while building complete model. The raw model will be used. Error message: 1 problem was encountered while building the effective model for org.apache.shardingsphere:shardingsphere-proxy:5.1.1-SNAPSHOT
[ERROR] Failed to determine Java version for profile jdk11+ @ org.apache.shardingsphere:shardingsphere:5.1.1-SNAPSHOT, /root/workspace/apache-shardingsphere-master-16780_repo/pom.xml

05:38:54.397 [main] ERROR f.i.s.r.process.maven.MavenHelper - Error while building complete model. The raw model will be used. Error message: 1 problem was encountered while building the effective model for org.apache.shardingsphere:shardingsphere-proxy-frontend:5.1.1-SNAPSHOT
[ERROR] Failed to determine Java version for profile jdk11+ @ org.apache.shardingsphere:shardingsphere:5.1.1-SNAPSHOT, /root/workspace/apache-shardingsphere-master-16780_repo/pom.xml

05:38:54.399 [main] ERROR f.i.s.r.process.maven.MavenHelper - Error while building complete model. The raw model will be used. Error message: 1 problem was encountered while building the effective model for org.apache.shardingsphere:shardingsphere-proxy-frontend-spi:5.1.1-SNAPSHOT
[ERROR] Failed to determine Java version for profile jdk11+ @ org.apache.shardingsphere:shardingsphere:5.1.1-SNAPSHOT, /root/workspace/apache-shardingsphere-master-16780_repo/pom.xml

05:38:54.399 [main] ERROR f.i.s.r.p.step.paths.ComputeTestDir - The test directory is not at default location or specified in build section from pom.xml, and no parent can be found.
05:38:54.401 [main] ERROR f.i.s.r.process.maven.MavenHelper - Error while building complete model. The raw model will be used. Error message: 1 problem was encountered while building the effective model for org.apache.shardingsphere:shardingsphere-proxy-frontend-core:5.1.1-SNAPSHOT
[ERROR] Failed to determine Java version for profile jdk11+ @ org.apache.shardingsphere:shardingsphere:5.1.1-SNAPSHOT, /root/workspace/apache-shardingsphere-master-16780_repo/pom.xml

05:38:54.403 [main] ERROR f.i.s.r.process.maven.MavenHelper - Error while building complete model. The raw model will be used. Error message: 1 problem was encountered while building the effective model for org.apache.shardingsphere:shardingsphere-proxy-frontend-mysql:5.1.1-SNAPSHOT
[ERROR] Failed to determine Java version for profile jdk11+ @ org.apache.shardingsphere:shardingsphere:5.1.1-SNAPSHOT, /root/workspace/apache-shardingsphere-master-16780_repo/pom.xml

05:38:54.405 [main] ERROR f.i.s.r.process.maven.MavenHelper - Error while building complete model. The raw model will be used. Error message: 1 problem was encountered while building the effective model for org.apache.shardingsphere:shardingsphere-proxy-frontend-postgresql:5.1.1-SNAPSHOT
[ERROR] Failed to determine Java version for profile jdk11+ @ org.apache.shardingsphere:shardingsphere:5.1.1-SNAPSHOT, /root/workspace/apache-shardingsphere-master-16780_repo/pom.xml

05:38:54.407 [main] ERROR f.i.s.r.process.maven.MavenHelper - Error while building complete model. The raw model will be used. Error message: 1 problem was encountered while building the effective model for org.apache.shardingsphere:shardingsphere-proxy-frontend-opengauss:5.1.1-SNAPSHOT
[ERROR] Failed to determine Java version for profile jdk11+ @ org.apache.shardingsphere:shardingsphere:5.1.1-SNAPSHOT, /root/workspace/apache-shardingsphere-master-16780_repo/pom.xml

05:38:54.409 [main] ERROR f.i.s.r.process.maven.MavenHelper - Error while building complete model. The raw model will be used. Error message: 1 problem was encountered while building the effective model for org.apache.shardingsphere:shardingsphere-proxy-frontend-reactive-core:5.1.1-SNAPSHOT
[ERROR] Failed to determine Java version for profile jdk11+ @ org.apache.shardingsphere:shardingsphere:5.1.1-SNAPSHOT, /root/workspace/apache-shardingsphere-master-16780_repo/pom.xml

05:38:54.411 [main] ERROR f.i.s.r.process.maven.MavenHelper - Error while building complete model. The raw model will be used. Error message: 1 problem was encountered while building the effective model for org.apache.shardingsphere:shardingsphere-proxy-frontend-reactive-mysql:5.1.1-SNAPSHOT
[ERROR] Failed to determine Java version for profile jdk11+ @ org.apache.shardingsphere:shardingsphere:5.1.1-SNAPSHOT, /root/workspace/apache-shardingsphere-master-16780_repo/pom.xml

05:38:54.411 [main] ERROR f.i.s.r.p.step.paths.ComputeTestDir - The test directory is not at default location or specified in build section from pom.xml, and no parent can be found.
05:38:54.413 [main] ERROR f.i.s.r.process.maven.MavenHelper - Error while building complete model. The raw model will be used. Error message: 1 problem was encountered while building the effective model for org.apache.shardingsphere:shardingsphere-proxy-frontend-reactive-spi:5.1.1-SNAPSHOT
[ERROR] Failed to determine Java version for profile jdk11+ @ org.apache.shardingsphere:shardingsphere:5.1.1-SNAPSHOT, /root/workspace/apache-shardingsphere-master-16780_repo/pom.xml

05:38:54.413 [main] ERROR f.i.s.r.p.step.paths.ComputeTestDir - The test directory is not at default location or specified in build section from pom.xml, and no parent can be found.
05:38:54.415 [main] ERROR f.i.s.r.process.maven.MavenHelper - Error while building complete model. The raw model will be used. Error message: 1 problem was encountered while building the effective model for org.apache.shardingsphere:shardingsphere-proxy-backend:5.1.1-SNAPSHOT
[ERROR] Failed to determine Java version for profile jdk11+ @ org.apache.shardingsphere:shardingsphere:5.1.1-SNAPSHOT, /root/workspace/apache-shardingsphere-master-16780_repo/pom.xml

05:38:54.417 [main] ERROR f.i.s.r.process.maven.MavenHelper - Error while building complete model. The raw model will be used. Error message: 1 problem was encountered while building the effective model for org.apache.shardingsphere:shardingsphere-proxy-bootstrap:5.1.1-SNAPSHOT
[ERROR] Failed to determine Java version for profile jdk11+ @ org.apache.shardingsphere:shardingsphere:5.1.1-SNAPSHOT, /root/workspace/apache-shardingsphere-master-16780_repo/pom.xml

05:38:54.419 [main] ERROR f.i.s.r.process.maven.MavenHelper - Error while building complete model. The raw model will be used. Error message: 1 problem was encountered while building the effective model for org.apache.shardingsphere:shardingsphere-features:5.1.1-SNAPSHOT
[ERROR] Failed to determine Java version for profile jdk11+ @ org.apache.shardingsphere:shardingsphere:5.1.1-SNAPSHOT, /root/workspace/apache-shardingsphere-master-16780_repo/pom.xml

05:38:54.421 [main] ERROR f.i.s.r.process.maven.MavenHelper - Error while building complete model. The raw model will be used. Error message: 1 problem was encountered while building the effective model for org.apache.shardingsphere:shardingsphere-sharding:5.1.1-SNAPSHOT
[ERROR] Failed to determine Java version for profile jdk11+ @ org.apache.shardingsphere:shardingsphere:5.1.1-SNAPSHOT, /root/workspace/apache-shardingsphere-master-16780_repo/pom.xml

05:38:54.422 [main] ERROR f.i.s.r.process.maven.MavenHelper - Error while building complete model. The raw model will be used. Error message: 1 problem was encountered while building the effective model for org.apache.shardingsphere:shardingsphere-sharding-api:5.1.1-SNAPSHOT
[ERROR] Failed to determine Java version for profile jdk11+ @ org.apache.shardingsphere:shardingsphere:5.1.1-SNAPSHOT, /root/workspace/apache-shardingsphere-master-16780_repo/pom.xml

05:38:54.422 [main] ERROR f.i.s.r.p.step.paths.ComputeTestDir - The test directory is not at default location or specified in build section from pom.xml, and no parent can be found.
05:38:54.424 [main] ERROR f.i.s.r.process.maven.MavenHelper - Error while building complete model. The raw model will be used. Error message: 1 problem was encountered while building the effective model for org.apache.shardingsphere:shardingsphere-sharding-core:5.1.1-SNAPSHOT
[ERROR] Failed to determine Java version for profile jdk11+ @ org.apache.shardingsphere:shardingsphere:5.1.1-SNAPSHOT, /root/workspace/apache-shardingsphere-master-16780_repo/pom.xml

05:38:54.426 [main] ERROR f.i.s.r.process.maven.MavenHelper - Error while building complete model. The raw model will be used. Error message: 1 problem was encountered while building the effective model for org.apache.shardingsphere:shardingsphere-sharding-distsql:5.1.1-SNAPSHOT
[ERROR] Failed to determine Java version for profile jdk11+ @ org.apache.shardingsphere:shardingsphere:5.1.1-SNAPSHOT, /root/workspace/apache-shardingsphere-master-16780_repo/pom.xml

05:38:54.428 [main] ERROR f.i.s.r.process.maven.MavenHelper - Error while building complete model. The raw model will be used. Error message: 1 problem was encountered while building the effective model for org.apache.shardingsphere:shardingsphere-sharding-distsql-statement:5.1.1-SNAPSHOT
[ERROR] Failed to determine Java version for profile jdk11+ @ org.apache.shardingsphere:shardingsphere:5.1.1-SNAPSHOT, /root/workspace/apache-shardingsphere-master-16780_repo/pom.xml

05:38:54.428 [main] ERROR f.i.s.r.p.step.paths.ComputeTestDir - The test directory is not at default location or specified in build section from pom.xml, and no parent can be found.
05:38:54.430 [main] ERROR f.i.s.r.process.maven.MavenHelper - Error while building complete model. The raw model will be used. Error message: 1 problem was encountered while building the effective model for org.apache.shardingsphere:shardingsphere-sharding-distsql-parser:5.1.1-SNAPSHOT
[ERROR] Failed to determine Java version for profile jdk11+ @ org.apache.shardingsphere:shardingsphere:5.1.1-SNAPSHOT, /root/workspace/apache-shardingsphere-master-16780_repo/pom.xml

05:38:54.430 [main] ERROR f.i.s.r.p.step.paths.ComputeTestDir - The test directory is not at default location or specified in build section from pom.xml, and no parent can be found.
05:38:54.432 [main] ERROR f.i.s.r.process.maven.MavenHelper - Error while building complete model. The raw model will be used. Error message: 1 problem was encountered while building the effective model for org.apache.shardingsphere:shardingsphere-sharding-distsql-handler:5.1.1-SNAPSHOT
[ERROR] Failed to determine Java version for profile jdk11+ @ org.apache.shardingsphere:shardingsphere:5.1.1-SNAPSHOT, /root/workspace/apache-shardingsphere-master-16780_repo/pom.xml

05:38:54.434 [main] ERROR f.i.s.r.process.maven.MavenHelper - Error while building complete model. The raw model will be used. Error message: 1 problem was encountered while building the effective model for org.apache.shardingsphere:shardingsphere-sharding-spring:5.1.1-SNAPSHOT
[ERROR] Failed to determine Java version for profile jdk11+ @ org.apache.shardingsphere:shardingsphere:5.1.1-SNAPSHOT, /root/workspace/apache-shardingsphere-master-16780_repo/pom.xml

05:38:54.435 [main] ERROR f.i.s.r.process.maven.MavenHelper - Error while building complete model. The raw model will be used. Error message: 1 problem was encountered while building the effective model for org.apache.shardingsphere:shardingsphere-sharding-spring-namespace:5.1.1-SNAPSHOT
[ERROR] Failed to determine Java version for profile jdk11+ @ org.apache.shardingsphere:shardingsphere:5.1.1-SNAPSHOT, /root/workspace/apache-shardingsphere-master-16780_repo/pom.xml

05:38:54.438 [main] ERROR f.i.s.r.process.maven.MavenHelper - Error while building complete model. The raw model will be used. Error message: 1 problem was encountered while building the effective model for org.apache.shardingsphere:shardingsphere-sharding-spring-boot-starter:5.1.1-SNAPSHOT
[ERROR] Failed to determine Java version for profile jdk11+ @ org.apache.shardingsphere:shardingsphere:5.1.1-SNAPSHOT, /root/workspace/apache-shardingsphere-master-16780_repo/pom.xml

05:38:54.439 [main] ERROR f.i.s.r.process.maven.MavenHelper - Error while building complete model. The raw model will be used. Error message: 1 problem was encountered while building the effective model for org.apache.shardingsphere:shardingsphere-readwrite-splitting:5.1.1-SNAPSHOT
[ERROR] Failed to determine Java version for profile jdk11+ @ org.apache.shardingsphere:shardingsphere:5.1.1-SNAPSHOT, /root/workspace/apache-shardingsphere-master-16780_repo/pom.xml

05:38:54.441 [main] ERROR f.i.s.r.process.maven.MavenHelper - Error while building complete model. The raw model will be used. Error message: 1 problem was encountered while building the effective model for org.apache.shardingsphere:shardingsphere-readwrite-splitting-api:5.1.1-SNAPSHOT
[ERROR] Failed to determine Java version for profile jdk11+ @ org.apache.shardingsphere:shardingsphere:5.1.1-SNAPSHOT, /root/workspace/apache-shardingsphere-master-16780_repo/pom.xml

05:38:54.441 [main] ERROR f.i.s.r.p.step.paths.ComputeTestDir - The test directory is not at default location or specified in build section from pom.xml, and no parent can be found.
05:38:54.443 [main] ERROR f.i.s.r.process.maven.MavenHelper - Error while building complete model. The raw model will be used. Error message: 1 problem was encountered while building the effective model for org.apache.shardingsphere:shardingsphere-readwrite-splitting-core:5.1.1-SNAPSHOT
[ERROR] Failed to determine Java version for profile jdk11+ @ org.apache.shardingsphere:shardingsphere:5.1.1-SNAPSHOT, /root/workspace/apache-shardingsphere-master-16780_repo/pom.xml

05:38:54.445 [main] ERROR f.i.s.r.process.maven.MavenHelper - Error while building complete model. The raw model will be used. Error message: 1 problem was encountered while building the effective model for org.apache.shardingsphere:shardingsphere-readwrite-splitting-distsql:5.1.1-SNAPSHOT
[ERROR] Failed to determine Java version for profile jdk11+ @ org.apache.shardingsphere:shardingsphere:5.1.1-SNAPSHOT, /root/workspace/apache-shardingsphere-master-16780_repo/pom.xml

05:38:54.446 [main] ERROR f.i.s.r.process.maven.MavenHelper - Error while building complete model. The raw model will be used. Error message: 1 problem was encountered while building the effective model for org.apache.shardingsphere:shardingsphere-readwrite-splitting-distsql-statement:5.1.1-SNAPSHOT
[ERROR] Failed to determine Java version for profile jdk11+ @ org.apache.shardingsphere:shardingsphere:5.1.1-SNAPSHOT, /root/workspace/apache-shardingsphere-master-16780_repo/pom.xml

05:38:54.447 [main] ERROR f.i.s.r.p.step.paths.ComputeTestDir - The test directory is not at default location or specified in build section from pom.xml, and no parent can be found.
05:38:54.448 [main] ERROR f.i.s.r.process.maven.MavenHelper - Error while building complete model. The raw model will be used. Error message: 1 problem was encountered while building the effective model for org.apache.shardingsphere:shardingsphere-readwrite-splitting-distsql-parser:5.1.1-SNAPSHOT
[ERROR] Failed to determine Java version for profile jdk11+ @ org.apache.shardingsphere:shardingsphere:5.1.1-SNAPSHOT, /root/workspace/apache-shardingsphere-master-16780_repo/pom.xml

05:38:54.448 [main] ERROR f.i.s.r.p.step.paths.ComputeTestDir - The test directory is not at default location or specified in build section from pom.xml, and no parent can be found.
05:38:54.450 [main] ERROR f.i.s.r.process.maven.MavenHelper - Error while building complete model. The raw model will be used. Error message: 1 problem was encountered while building the effective model for org.apache.shardingsphere:shardingsphere-readwrite-splitting-distsql-handler:5.1.1-SNAPSHOT
[ERROR] Failed to determine Java version for profile jdk11+ @ org.apache.shardingsphere:shardingsphere:5.1.1-SNAPSHOT, /root/workspace/apache-shardingsphere-master-16780_repo/pom.xml

05:38:54.452 [main] ERROR f.i.s.r.process.maven.MavenHelper - Error while building complete model. The raw model will be used. Error message: 1 problem was encountered while building the effective model for org.apache.shardingsphere:shardingsphere-readwrite-splitting-spring:5.1.1-SNAPSHOT
[ERROR] Failed to determine Java version for profile jdk11+ @ org.apache.shardingsphere:shardingsphere:5.1.1-SNAPSHOT, /root/workspace/apache-shardingsphere-master-16780_repo/pom.xml

05:38:54.454 [main] ERROR f.i.s.r.process.maven.MavenHelper - Error while building complete model. The raw model will be used. Error message: 1 problem was encountered while building the effective model for org.apache.shardingsphere:shardingsphere-readwrite-splitting-spring-namespace:5.1.1-SNAPSHOT
[ERROR] Failed to determine Java version for profile jdk11+ @ org.apache.shardingsphere:shardingsphere:5.1.1-SNAPSHOT, /root/workspace/apache-shardingsphere-master-16780_repo/pom.xml

05:38:54.456 [main] ERROR f.i.s.r.process.maven.MavenHelper - Error while building complete model. The raw model will be used. Error message: 1 problem was encountered while building the effective model for org.apache.shardingsphere:shardingsphere-readwrite-splitting-spring-boot-starter:5.1.1-SNAPSHOT
[ERROR] Failed to determine Java version for profile jdk11+ @ org.apache.shardingsphere:shardingsphere:5.1.1-SNAPSHOT, /root/workspace/apache-shardingsphere-master-16780_repo/pom.xml

05:38:54.458 [main] ERROR f.i.s.r.process.maven.MavenHelper - Error while building complete model. The raw model will be used. Error message: 1 problem was encountered while building the effective model for org.apache.shardingsphere:shardingsphere-db-discovery:5.1.1-SNAPSHOT
[ERROR] Failed to determine Java version for profile jdk11+ @ org.apache.shardingsphere:shardingsphere:5.1.1-SNAPSHOT, /root/workspace/apache-shardingsphere-master-16780_repo/pom.xml

05:38:54.460 [main] ERROR f.i.s.r.process.maven.MavenHelper - Error while building complete model. The raw model will be used. Error message: 1 problem was encountered while building the effective model for org.apache.shardingsphere:shardingsphere-db-discovery-api:5.1.1-SNAPSHOT
[ERROR] Failed to determine Java version for profile jdk11+ @ org.apache.shardingsphere:shardingsphere:5.1.1-SNAPSHOT, /root/workspace/apache-shardingsphere-master-16780_repo/pom.xml

05:38:54.460 [main] ERROR f.i.s.r.p.step.paths.ComputeTestDir - The test directory is not at default location or specified in build section from pom.xml, and no parent can be found.
05:38:54.461 [main] ERROR f.i.s.r.process.maven.MavenHelper - Error while building complete model. The raw model will be used. Error message: 1 problem was encountered while building the effective model for org.apache.shardingsphere:shardingsphere-db-discovery-core:5.1.1-SNAPSHOT
[ERROR] Failed to determine Java version for profile jdk11+ @ org.apache.shardingsphere:shardingsphere:5.1.1-SNAPSHOT, /root/workspace/apache-shardingsphere-master-16780_repo/pom.xml

05:38:54.463 [main] ERROR f.i.s.r.process.maven.MavenHelper - Error while building complete model. The raw model will be used. Error message: 1 problem was encountered while building the effective model for org.apache.shardingsphere:shardingsphere-db-discovery-distsql:5.1.1-SNAPSHOT
[ERROR] Failed to determine Java version for profile jdk11+ @ org.apache.shardingsphere:shardingsphere:5.1.1-SNAPSHOT, /root/workspace/apache-shardingsphere-master-16780_repo/pom.xml

05:38:54.465 [main] ERROR f.i.s.r.process.maven.MavenHelper - Error while building complete model. The raw model will be used. Error message: 1 problem was encountered while building the effective model for org.apache.shardingsphere:shardingsphere-db-discovery-distsql-statement:5.1.1-SNAPSHOT
[ERROR] Failed to determine Java version for profile jdk11+ @ org.apache.shardingsphere:shardingsphere:5.1.1-SNAPSHOT, /root/workspace/apache-shardingsphere-master-16780_repo/pom.xml

05:38:54.465 [main] ERROR f.i.s.r.p.step.paths.ComputeTestDir - The test directory is not at default location or specified in build section from pom.xml, and no parent can be found.
05:38:54.467 [main] ERROR f.i.s.r.process.maven.MavenHelper - Error while building complete model. The raw model will be used. Error message: 1 problem was encountered while building the effective model for org.apache.shardingsphere:shardingsphere-db-discovery-distsql-parser:5.1.1-SNAPSHOT
[ERROR] Failed to determine Java version for profile jdk11+ @ org.apache.shardingsphere:shardingsphere:5.1.1-SNAPSHOT, /root/workspace/apache-shardingsphere-master-16780_repo/pom.xml

05:38:54.467 [main] ERROR f.i.s.r.p.step.paths.ComputeTestDir - The test directory is not at default location or specified in build section from pom.xml, and no parent can be found.
05:38:54.468 [main] ERROR f.i.s.r.process.maven.MavenHelper - Error while building complete model. The raw model will be used. Error message: 1 problem was encountered while building the effective model for org.apache.shardingsphere:shardingsphere-db-discovery-distsql-handler:5.1.1-SNAPSHOT
[ERROR] Failed to determine Java version for profile jdk11+ @ org.apache.shardingsphere:shardingsphere:5.1.1-SNAPSHOT, /root/workspace/apache-shardingsphere-master-16780_repo/pom.xml

05:38:54.470 [main] ERROR f.i.s.r.process.maven.MavenHelper - Error while building complete model. The raw model will be used. Error message: 1 problem was encountered while building the effective model for org.apache.shardingsphere:shardingsphere-db-discovery-provider:5.1.1-SNAPSHOT
[ERROR] Failed to determine Java version for profile jdk11+ @ org.apache.shardingsphere:shardingsphere:5.1.1-SNAPSHOT, /root/workspace/apache-shardingsphere-master-16780_repo/pom.xml

05:38:54.472 [main] ERROR f.i.s.r.process.maven.MavenHelper - Error while building complete model. The raw model will be used. Error message: 1 problem was encountered while building the effective model for org.apache.shardingsphere:shardingsphere-db-discovery-mysql:5.1.1-SNAPSHOT
[ERROR] Failed to determine Java version for profile jdk11+ @ org.apache.shardingsphere:shardingsphere:5.1.1-SNAPSHOT, /root/workspace/apache-shardingsphere-master-16780_repo/pom.xml

05:38:54.474 [main] ERROR f.i.s.r.process.maven.MavenHelper - Error while building complete model. The raw model will be used. Error message: 1 problem was encountered while building the effective model for org.apache.shardingsphere:shardingsphere-db-discovery-opengauss:5.1.1-SNAPSHOT
[ERROR] Failed to determine Java version for profile jdk11+ @ org.apache.shardingsphere:shardingsphere:5.1.1-SNAPSHOT, /root/workspace/apache-shardingsphere-master-16780_repo/pom.xml

05:38:54.475 [main] ERROR f.i.s.r.process.maven.MavenHelper - Error while building complete model. The raw model will be used. Error message: 1 problem was encountered while building the effective model for org.apache.shardingsphere:shardingsphere-db-discovery-spring:5.1.1-SNAPSHOT
[ERROR] Failed to determine Java version for profile jdk11+ @ org.apache.shardingsphere:shardingsphere:5.1.1-SNAPSHOT, /root/workspace/apache-shardingsphere-master-16780_repo/pom.xml

05:38:54.477 [main] ERROR f.i.s.r.process.maven.MavenHelper - Error while building complete model. The raw model will be used. Error message: 1 problem was encountered while building the effective model for org.apache.shardingsphere:shardingsphere-db-discovery-spring-namespace:5.1.1-SNAPSHOT
[ERROR] Failed to determine Java version for profile jdk11+ @ org.apache.shardingsphere:shardingsphere:5.1.1-SNAPSHOT, /root/workspace/apache-shardingsphere-master-16780_repo/pom.xml

05:38:54.479 [main] ERROR f.i.s.r.process.maven.MavenHelper - Error while building complete model. The raw model will be used. Error message: 1 problem was encountered while building the effective model for org.apache.shardingsphere:shardingsphere-db-discovery-spring-boot-starter:5.1.1-SNAPSHOT
[ERROR] Failed to determine Java version for profile jdk11+ @ org.apache.shardingsphere:shardingsphere:5.1.1-SNAPSHOT, /root/workspace/apache-shardingsphere-master-16780_repo/pom.xml

05:38:54.481 [main] ERROR f.i.s.r.process.maven.MavenHelper - Error while building complete model. The raw model will be used. Error message: 1 problem was encountered while building the effective model for org.apache.shardingsphere:shardingsphere-encrypt:5.1.1-SNAPSHOT
[ERROR] Failed to determine Java version for profile jdk11+ @ org.apache.shardingsphere:shardingsphere:5.1.1-SNAPSHOT, /root/workspace/apache-shardingsphere-master-16780_repo/pom.xml

05:38:54.483 [main] ERROR f.i.s.r.process.maven.MavenHelper - Error while building complete model. The raw model will be used. Error message: 1 problem was encountered while building the effective model for org.apache.shardingsphere:shardingsphere-encrypt-api:5.1.1-SNAPSHOT
[ERROR] Failed to determine Java version for profile jdk11+ @ org.apache.shardingsphere:shardingsphere:5.1.1-SNAPSHOT, /root/workspace/apache-shardingsphere-master-16780_repo/pom.xml

05:38:54.483 [main] ERROR f.i.s.r.p.step.paths.ComputeTestDir - The test directory is not at default location or specified in build section from pom.xml, and no parent can be found.
05:38:54.485 [main] ERROR f.i.s.r.process.maven.MavenHelper - Error while building complete model. The raw model will be used. Error message: 1 problem was encountered while building the effective model for org.apache.shardingsphere:shardingsphere-encrypt-core:5.1.1-SNAPSHOT
[ERROR] Failed to determine Java version for profile jdk11+ @ org.apache.shardingsphere:shardingsphere:5.1.1-SNAPSHOT, /root/workspace/apache-shardingsphere-master-16780_repo/pom.xml

05:38:54.486 [main] ERROR f.i.s.r.process.maven.MavenHelper - Error while building complete model. The raw model will be used. Error message: 1 problem was encountered while building the effective model for org.apache.shardingsphere:shardingsphere-encrypt-distsql:5.1.1-SNAPSHOT
[ERROR] Failed to determine Java version for profile jdk11+ @ org.apache.shardingsphere:shardingsphere:5.1.1-SNAPSHOT, /root/workspace/apache-shardingsphere-master-16780_repo/pom.xml

05:38:54.488 [main] ERROR f.i.s.r.process.maven.MavenHelper - Error while building complete model. The raw model will be used. Error message: 1 problem was encountered while building the effective model for org.apache.shardingsphere:shardingsphere-encrypt-distsql-statement:5.1.1-SNAPSHOT
[ERROR] Failed to determine Java version for profile jdk11+ @ org.apache.shardingsphere:shardingsphere:5.1.1-SNAPSHOT, /root/workspace/apache-shardingsphere-master-16780_repo/pom.xml

05:38:54.488 [main] ERROR f.i.s.r.p.step.paths.ComputeTestDir - The test directory is not at default location or specified in build section from pom.xml, and no parent can be found.
05:38:54.490 [main] ERROR f.i.s.r.process.maven.MavenHelper - Error while building complete model. The raw model will be used. Error message: 1 problem was encountered while building the effective model for org.apache.shardingsphere:shardingsphere-encrypt-distsql-parser:5.1.1-SNAPSHOT
[ERROR] Failed to determine Java version for profile jdk11+ @ org.apache.shardingsphere:shardingsphere:5.1.1-SNAPSHOT, /root/workspace/apache-shardingsphere-master-16780_repo/pom.xml

05:38:54.490 [main] ERROR f.i.s.r.p.step.paths.ComputeTestDir - The test directory is not at default location or specified in build section from pom.xml, and no parent can be found.
05:38:54.492 [main] ERROR f.i.s.r.process.maven.MavenHelper - Error while building complete model. The raw model will be used. Error message: 1 problem was encountered while building the effective model for org.apache.shardingsphere:shardingsphere-encrypt-distsql-handler:5.1.1-SNAPSHOT
[ERROR] Failed to determine Java version for profile jdk11+ @ org.apache.shardingsphere:shardingsphere:5.1.1-SNAPSHOT, /root/workspace/apache-shardingsphere-master-16780_repo/pom.xml

05:38:54.494 [main] ERROR f.i.s.r.process.maven.MavenHelper - Error while building complete model. The raw model will be used. Error message: 1 problem was encountered while building the effective model for org.apache.shardingsphere:shardingsphere-encrypt-spring:5.1.1-SNAPSHOT
[ERROR] Failed to determine Java version for profile jdk11+ @ org.apache.shardingsphere:shardingsphere:5.1.1-SNAPSHOT, /root/workspace/apache-shardingsphere-master-16780_repo/pom.xml

05:38:54.496 [main] ERROR f.i.s.r.process.maven.MavenHelper - Error while building complete model. The raw model will be used. Error message: 1 problem was encountered while building the effective model for org.apache.shardingsphere:shardingsphere-encrypt-spring-namespace:5.1.1-SNAPSHOT
[ERROR] Failed to determine Java version for profile jdk11+ @ org.apache.shardingsphere:shardingsphere:5.1.1-SNAPSHOT, /root/workspace/apache-shardingsphere-master-16780_repo/pom.xml

05:38:54.498 [main] ERROR f.i.s.r.process.maven.MavenHelper - Error while building complete model. The raw model will be used. Error message: 1 problem was encountered while building the effective model for org.apache.shardingsphere:shardingsphere-encrypt-spring-boot-starter:5.1.1-SNAPSHOT
[ERROR] Failed to determine Java version for profile jdk11+ @ org.apache.shardingsphere:shardingsphere:5.1.1-SNAPSHOT, /root/workspace/apache-shardingsphere-master-16780_repo/pom.xml

05:38:54.500 [main] ERROR f.i.s.r.process.maven.MavenHelper - Error while building complete model. The raw model will be used. Error message: 1 problem was encountered while building the effective model for org.apache.shardingsphere:shardingsphere-shadow:5.1.1-SNAPSHOT
[ERROR] Failed to determine Java version for profile jdk11+ @ org.apache.shardingsphere:shardingsphere:5.1.1-SNAPSHOT, /root/workspace/apache-shardingsphere-master-16780_repo/pom.xml

05:38:54.501 [main] ERROR f.i.s.r.process.maven.MavenHelper - Error while building complete model. The raw model will be used. Error message: 1 problem was encountered while building the effective model for org.apache.shardingsphere:shardingsphere-shadow-api:5.1.1-SNAPSHOT
[ERROR] Failed to determine Java version for profile jdk11+ @ org.apache.shardingsphere:shardingsphere:5.1.1-SNAPSHOT, /root/workspace/apache-shardingsphere-master-16780_repo/pom.xml

05:38:54.501 [main] ERROR f.i.s.r.p.step.paths.ComputeTestDir - The test directory is not at default location or specified in build section from pom.xml, and no parent can be found.
05:38:54.503 [main] ERROR f.i.s.r.process.maven.MavenHelper - Error while building complete model. The raw model will be used. Error message: 1 problem was encountered while building the effective model for org.apache.shardingsphere:shardingsphere-shadow-core:5.1.1-SNAPSHOT
[ERROR] Failed to determine Java version for profile jdk11+ @ org.apache.shardingsphere:shardingsphere:5.1.1-SNAPSHOT, /root/workspace/apache-shardingsphere-master-16780_repo/pom.xml

05:38:54.505 [main] ERROR f.i.s.r.process.maven.MavenHelper - Error while building complete model. The raw model will be used. Error message: 1 problem was encountered while building the effective model for org.apache.shardingsphere:shardingsphere-shadow-distsql:5.1.1-SNAPSHOT
[ERROR] Failed to determine Java version for profile jdk11+ @ org.apache.shardingsphere:shardingsphere:5.1.1-SNAPSHOT, /root/workspace/apache-shardingsphere-master-16780_repo/pom.xml

05:38:54.507 [main] ERROR f.i.s.r.process.maven.MavenHelper - Error while building complete model. The raw model will be used. Error message: 1 problem was encountered while building the effective model for org.apache.shardingsphere:shardingsphere-shadow-distsql-statement:5.1.1-SNAPSHOT
[ERROR] Failed to determine Java version for profile jdk11+ @ org.apache.shardingsphere:shardingsphere:5.1.1-SNAPSHOT, /root/workspace/apache-shardingsphere-master-16780_repo/pom.xml

05:38:54.508 [main] ERROR f.i.s.r.p.step.paths.ComputeTestDir - The test directory is not at default location or specified in build section from pom.xml, and no parent can be found.
05:38:54.510 [main] ERROR f.i.s.r.process.maven.MavenHelper - Error while building complete model. The raw model will be used. Error message: 1 problem was encountered while building the effective model for org.apache.shardingsphere:shardingsphere-shadow-distsql-parser:5.1.1-SNAPSHOT
[ERROR] Failed to determine Java version for profile jdk11+ @ org.apache.shardingsphere:shardingsphere:5.1.1-SNAPSHOT, /root/workspace/apache-shardingsphere-master-16780_repo/pom.xml

05:38:54.510 [main] ERROR f.i.s.r.p.step.paths.ComputeTestDir - The test directory is not at default location or specified in build section from pom.xml, and no parent can be found.
05:38:54.512 [main] ERROR f.i.s.r.process.maven.MavenHelper - Error while building complete model. The raw model will be used. Error message: 1 problem was encountered while building the effective model for org.apache.shardingsphere:shardingsphere-shadow-distsql-handler:5.1.1-SNAPSHOT
[ERROR] Failed to determine Java version for profile jdk11+ @ org.apache.shardingsphere:shardingsphere:5.1.1-SNAPSHOT, /root/workspace/apache-shardingsphere-master-16780_repo/pom.xml

05:38:54.514 [main] ERROR f.i.s.r.process.maven.MavenHelper - Error while building complete model. The raw model will be used. Error message: 1 problem was encountered while building the effective model for org.apache.shardingsphere:shardingsphere-shadow-spring:5.1.1-SNAPSHOT
[ERROR] Failed to determine Java version for profile jdk11+ @ org.apache.shardingsphere:shardingsphere:5.1.1-SNAPSHOT, /root/workspace/apache-shardingsphere-master-16780_repo/pom.xml

05:38:54.516 [main] ERROR f.i.s.r.process.maven.MavenHelper - Error while building complete model. The raw model will be used. Error message: 1 problem was encountered while building the effective model for org.apache.shardingsphere:shardingsphere-shadow-spring-namespace:5.1.1-SNAPSHOT
[ERROR] Failed to determine Java version for profile jdk11+ @ org.apache.shardingsphere:shardingsphere:5.1.1-SNAPSHOT, /root/workspace/apache-shardingsphere-master-16780_repo/pom.xml

05:38:54.517 [main] ERROR f.i.s.r.process.maven.MavenHelper - Error while building complete model. The raw model will be used. Error message: 1 problem was encountered while building the effective model for org.apache.shardingsphere:shardingsphere-shadow-spring-boot-starter:5.1.1-SNAPSHOT
[ERROR] Failed to determine Java version for profile jdk11+ @ org.apache.shardingsphere:shardingsphere:5.1.1-SNAPSHOT, /root/workspace/apache-shardingsphere-master-16780_repo/pom.xml

05:38:54.519 [main] ERROR f.i.s.r.process.maven.MavenHelper - Error while building complete model. The raw model will be used. Error message: 1 problem was encountered while building the effective model for org.apache.shardingsphere:shardingsphere-agent:5.1.1-SNAPSHOT
[ERROR] Failed to determine Java version for profile jdk11+ @ org.apache.shardingsphere:shardingsphere:5.1.1-SNAPSHOT, /root/workspace/apache-shardingsphere-master-16780_repo/pom.xml

05:38:54.521 [main] ERROR f.i.s.r.process.maven.MavenHelper - Error while building complete model. The raw model will be used. Error message: 1 problem was encountered while building the effective model for org.apache.shardingsphere:shardingsphere-agent-bootstrap:5.1.1-SNAPSHOT
[ERROR] Failed to determine Java version for profile jdk11+ @ org.apache.shardingsphere:shardingsphere:5.1.1-SNAPSHOT, /root/workspace/apache-shardingsphere-master-16780_repo/pom.xml

05:38:54.521 [main] ERROR f.i.s.r.p.step.paths.ComputeTestDir - The test directory is not at default location or specified in build section from pom.xml, and no parent can be found.
05:38:54.524 [main] ERROR f.i.s.r.process.maven.MavenHelper - Error while building complete model. The raw model will be used. Error message: 1 problem was encountered while building the effective model for org.apache.shardingsphere:shardingsphere-agent-core:5.1.1-SNAPSHOT
[ERROR] Failed to determine Java version for profile jdk11+ @ org.apache.shardingsphere:shardingsphere:5.1.1-SNAPSHOT, /root/workspace/apache-shardingsphere-master-16780_repo/pom.xml

05:38:54.526 [main] ERROR f.i.s.r.process.maven.MavenHelper - Error while building complete model. The raw model will be used. Error message: 1 problem was encountered while building the effective model for org.apache.shardingsphere:shardingsphere-agent-plugins:5.1.1-SNAPSHOT
[ERROR] Failed to determine Java version for profile jdk11+ @ org.apache.shardingsphere:shardingsphere:5.1.1-SNAPSHOT, /root/workspace/apache-shardingsphere-master-16780_repo/pom.xml

05:38:54.528 [main] ERROR f.i.s.r.process.maven.MavenHelper - Error while building complete model. The raw model will be used. Error message: 1 problem was encountered while building the effective model for org.apache.shardingsphere:shardingsphere-agent-plugin-metrics:5.1.1-SNAPSHOT
[ERROR] Failed to determine Java version for profile jdk11+ @ org.apache.shardingsphere:shardingsphere:5.1.1-SNAPSHOT, /root/workspace/apache-shardingsphere-master-16780_repo/pom.xml

05:38:54.530 [main] ERROR f.i.s.r.process.maven.MavenHelper - Error while building complete model. The raw model will be used. Error message: 1 problem was encountered while building the effective model for org.apache.shardingsphere:shardingsphere-agent-metrics-api:5.1.1-SNAPSHOT
[ERROR] Failed to determine Java version for profile jdk11+ @ org.apache.shardingsphere:shardingsphere:5.1.1-SNAPSHOT, /root/workspace/apache-shardingsphere-master-16780_repo/pom.xml

05:38:54.532 [main] ERROR f.i.s.r.process.maven.MavenHelper - Error while building complete model. The raw model will be used. Error message: 1 problem was encountered while building the effective model for org.apache.shardingsphere:shardingsphere-agent-metrics-prometheus:5.1.1-SNAPSHOT
[ERROR] Failed to determine Java version for profile jdk11+ @ org.apache.shardingsphere:shardingsphere:5.1.1-SNAPSHOT, /root/workspace/apache-shardingsphere-master-16780_repo/pom.xml

05:38:54.534 [main] ERROR f.i.s.r.process.maven.MavenHelper - Error while building complete model. The raw model will be used. Error message: 1 problem was encountered while building the effective model for org.apache.shardingsphere:shardingsphere-agent-plugin-tracing:5.1.1-SNAPSHOT
[ERROR] Failed to determine Java version for profile jdk11+ @ org.apache.shardingsphere:shardingsphere:5.1.1-SNAPSHOT, /root/workspace/apache-shardingsphere-master-16780_repo/pom.xml

05:38:54.536 [main] ERROR f.i.s.r.process.maven.MavenHelper - Error while building complete model. The raw model will be used. Error message: 1 problem was encountered while building the effective model for org.apache.shardingsphere:shardingsphere-agent-tracing-test:5.1.1-SNAPSHOT
[ERROR] Failed to determine Java version for profile jdk11+ @ org.apache.shardingsphere:shardingsphere:5.1.1-SNAPSHOT, /root/workspace/apache-shardingsphere-master-16780_repo/pom.xml

05:38:54.536 [main] ERROR f.i.s.r.p.step.paths.ComputeTestDir - The test directory is not at default location or specified in build section from pom.xml, and no parent can be found.
05:38:54.538 [main] ERROR f.i.s.r.process.maven.MavenHelper - Error while building complete model. The raw model will be used. Error message: 1 problem was encountered while building the effective model for org.apache.shardingsphere:shardingsphere-agent-tracing-jaeger:5.1.1-SNAPSHOT
[ERROR] Failed to determine Java version for profile jdk11+ @ org.apache.shardingsphere:shardingsphere:5.1.1-SNAPSHOT, /root/workspace/apache-shardingsphere-master-16780_repo/pom.xml

05:38:54.540 [main] ERROR f.i.s.r.process.maven.MavenHelper - Error while building complete model. The raw model will be used. Error message: 1 problem was encountered while building the effective model for org.apache.shardingsphere:shardingsphere-agent-tracing-zipkin:5.1.1-SNAPSHOT
[ERROR] Failed to determine Java version for profile jdk11+ @ org.apache.shardingsphere:shardingsphere:5.1.1-SNAPSHOT, /root/workspace/apache-shardingsphere-master-16780_repo/pom.xml

05:38:54.542 [main] ERROR f.i.s.r.process.maven.MavenHelper - Error while building complete model. The raw model will be used. Error message: 1 problem was encountered while building the effective model for org.apache.shardingsphere:shardingsphere-agent-tracing-opentracing:5.1.1-SNAPSHOT
[ERROR] Failed to determine Java version for profile jdk11+ @ org.apache.shardingsphere:shardingsphere:5.1.1-SNAPSHOT, /root/workspace/apache-shardingsphere-master-16780_repo/pom.xml

05:38:54.544 [main] ERROR f.i.s.r.process.maven.MavenHelper - Error while building complete model. The raw model will be used. Error message: 1 problem was encountered while building the effective model for org.apache.shardingsphere:shardingsphere-agent-tracing-opentelemetry:5.1.1-SNAPSHOT
[ERROR] Failed to determine Java version for profile jdk11+ @ org.apache.shardingsphere:shardingsphere:5.1.1-SNAPSHOT, /root/workspace/apache-shardingsphere-master-16780_repo/pom.xml

05:38:54.546 [main] ERROR f.i.s.r.process.maven.MavenHelper - Error while building complete model. The raw model will be used. Error message: 1 problem was encountered while building the effective model for org.apache.shardingsphere:shardingsphere-agent-plugin-logging:5.1.1-SNAPSHOT
[ERROR] Failed to determine Java version for profile jdk11+ @ org.apache.shardingsphere:shardingsphere:5.1.1-SNAPSHOT, /root/workspace/apache-shardingsphere-master-16780_repo/pom.xml

05:38:54.547 [main] ERROR f.i.s.r.process.maven.MavenHelper - Error while building complete model. The raw model will be used. Error message: 1 problem was encountered while building the effective model for org.apache.shardingsphere:shardingsphere-agent-logging-base:5.1.1-SNAPSHOT
[ERROR] Failed to determine Java version for profile jdk11+ @ org.apache.shardingsphere:shardingsphere:5.1.1-SNAPSHOT, /root/workspace/apache-shardingsphere-master-16780_repo/pom.xml

05:38:54.548 [main] ERROR f.i.s.r.p.step.paths.ComputeTestDir - The test directory is not at default location or specified in build section from pom.xml, and no parent can be found.
05:38:54.548 [main] ERROR f.i.s.r.p.step.paths.ComputeTestDir - The test directory is not at default location or specified in build section from pom.xml, and no parent can be found.
05:38:54.549 [main] ERROR f.i.s.r.process.maven.MavenHelper - Error while building complete model. The raw model will be used. Error message: 1 problem was encountered while building the effective model for org.apache.shardingsphere:shardingsphere-agent-distribution:5.1.1-SNAPSHOT
[ERROR] Failed to determine Java version for profile jdk11+ @ org.apache.shardingsphere:shardingsphere:5.1.1-SNAPSHOT, /root/workspace/apache-shardingsphere-master-16780_repo/pom.xml

05:38:54.549 [main] ERROR f.i.s.r.p.step.paths.ComputeTestDir - The test directory is not at default location or specified in build section from pom.xml, and no parent can be found.
05:38:54.551 [main] ERROR f.i.s.r.process.maven.MavenHelper - Error while building complete model. The raw model will be used. Error message: 1 problem was encountered while building the effective model for org.apache.shardingsphere:shardingsphere-agent-api:5.1.1-SNAPSHOT
[ERROR] Failed to determine Java version for profile jdk11+ @ org.apache.shardingsphere:shardingsphere:5.1.1-SNAPSHOT, /root/workspace/apache-shardingsphere-master-16780_repo/pom.xml

05:38:54.551 [main] ERROR f.i.s.r.p.step.paths.ComputeTestDir - The test directory is not at default location or specified in build section from pom.xml, and no parent can be found.
05:38:54.553 [main] ERROR f.i.s.r.process.maven.MavenHelper - Error while building complete model. The raw model will be used. Error message: 1 problem was encountered while building the effective model for org.apache.shardingsphere:shardingsphere-test:5.1.1-SNAPSHOT
[ERROR] Failed to determine Java version for profile jdk11+ @ org.apache.shardingsphere:shardingsphere:5.1.1-SNAPSHOT, /root/workspace/apache-shardingsphere-master-16780_repo/pom.xml

05:38:54.554 [main] ERROR f.i.s.r.process.maven.MavenHelper - Error while building complete model. The raw model will be used. Error message: 1 problem was encountered while building the effective model for org.apache.shardingsphere:shardingsphere-test-common:5.1.1-SNAPSHOT
[ERROR] Failed to determine Java version for profile jdk11+ @ org.apache.shardingsphere:shardingsphere:5.1.1-SNAPSHOT, /root/workspace/apache-shardingsphere-master-16780_repo/pom.xml

05:38:54.555 [main] ERROR f.i.s.r.p.step.paths.ComputeTestDir - The test directory is not at default location or specified in build section from pom.xml, and no parent can be found.
05:38:54.556 [main] ERROR f.i.s.r.process.maven.MavenHelper - Error while building complete model. The raw model will be used. Error message: 1 problem was encountered while building the effective model for org.apache.shardingsphere:shardingsphere-integration-test:5.1.1-SNAPSHOT
[ERROR] Failed to determine Java version for profile jdk11+ @ org.apache.shardingsphere:shardingsphere:5.1.1-SNAPSHOT, /root/workspace/apache-shardingsphere-master-16780_repo/pom.xml

05:38:54.558 [main] ERROR f.i.s.r.process.maven.MavenHelper - Error while building complete model. The raw model will be used. Error message: 1 problem was encountered while building the effective model for org.apache.shardingsphere:shardingsphere-integration-test-fixture:5.1.1-SNAPSHOT
[ERROR] Failed to determine Java version for profile jdk11+ @ org.apache.shardingsphere:shardingsphere:5.1.1-SNAPSHOT, /root/workspace/apache-shardingsphere-master-16780_repo/pom.xml

05:38:54.560 [main] ERROR f.i.s.r.process.maven.MavenHelper - Error while building complete model. The raw model will be used. Error message: 1 problem was encountered while building the effective model for org.apache.shardingsphere:shardingsphere-integration-test-suite:5.1.1-SNAPSHOT
[ERROR] Failed to determine Java version for profile jdk11+ @ org.apache.shardingsphere:shardingsphere:5.1.1-SNAPSHOT, /root/workspace/apache-shardingsphere-master-16780_repo/pom.xml

05:38:54.562 [main] ERROR f.i.s.r.process.maven.MavenHelper - Error while building complete model. The raw model will be used. Error message: 1 problem was encountered while building the effective model for org.apache.shardingsphere:shardingsphere-integration-driver-test:5.1.1-SNAPSHOT
[ERROR] Failed to determine Java version for profile jdk11+ @ org.apache.shardingsphere:shardingsphere:5.1.1-SNAPSHOT, /root/workspace/apache-shardingsphere-master-16780_repo/pom.xml

05:38:54.563 [main] ERROR f.i.s.r.process.maven.MavenHelper - Error while building complete model. The raw model will be used. Error message: 1 problem was encountered while building the effective model for org.apache.shardingsphere:shardingsphere-integration-agent-test:5.1.1-SNAPSHOT
[ERROR] Failed to determine Java version for profile jdk11+ @ org.apache.shardingsphere:shardingsphere:5.1.1-SNAPSHOT, /root/workspace/apache-shardingsphere-master-16780_repo/pom.xml

05:38:54.565 [main] ERROR f.i.s.r.process.maven.MavenHelper - Error while building complete model. The raw model will be used. Error message: 1 problem was encountered while building the effective model for org.apache.shardingsphere:shardingsphere-integration-agent-test-plugins:5.1.1-SNAPSHOT
[ERROR] Failed to determine Java version for profile jdk11+ @ org.apache.shardingsphere:shardingsphere:5.1.1-SNAPSHOT, /root/workspace/apache-shardingsphere-master-16780_repo/pom.xml

05:38:54.567 [main] ERROR f.i.s.r.process.maven.MavenHelper - Error while building complete model. The raw model will be used. Error message: 1 problem was encountered while building the effective model for org.apache.shardingsphere:shardingsphere-integration-agent-test-metrics:5.1.1-SNAPSHOT
[ERROR] Failed to determine Java version for profile jdk11+ @ org.apache.shardingsphere:shardingsphere:5.1.1-SNAPSHOT, /root/workspace/apache-shardingsphere-master-16780_repo/pom.xml

05:38:54.569 [main] ERROR f.i.s.r.process.maven.MavenHelper - Error while building complete model. The raw model will be used. Error message: 1 problem was encountered while building the effective model for org.apache.shardingsphere:shardingsphere-integration-agent-test-common:5.1.1-SNAPSHOT
[ERROR] Failed to determine Java version for profile jdk11+ @ org.apache.shardingsphere:shardingsphere:5.1.1-SNAPSHOT, /root/workspace/apache-shardingsphere-master-16780_repo/pom.xml

05:38:54.571 [main] ERROR f.i.s.r.process.maven.MavenHelper - Error while building complete model. The raw model will be used. Error message: 1 problem was encountered while building the effective model for org.apache.shardingsphere:shardingsphere-integration-agent-test-zipkin:5.1.1-SNAPSHOT
[ERROR] Failed to determine Java version for profile jdk11+ @ org.apache.shardingsphere:shardingsphere:5.1.1-SNAPSHOT, /root/workspace/apache-shardingsphere-master-16780_repo/pom.xml

05:38:54.573 [main] ERROR f.i.s.r.process.maven.MavenHelper - Error while building complete model. The raw model will be used. Error message: 1 problem was encountered while building the effective model for org.apache.shardingsphere:shardingsphere-integration-agent-test-jaeger:5.1.1-SNAPSHOT
[ERROR] Failed to determine Java version for profile jdk11+ @ org.apache.shardingsphere:shardingsphere:5.1.1-SNAPSHOT, /root/workspace/apache-shardingsphere-master-16780_repo/pom.xml

05:38:54.575 [main] ERROR f.i.s.r.process.maven.MavenHelper - Error while building complete model. The raw model will be used. Error message: 1 problem was encountered while building the effective model for org.apache.shardingsphere:shardingsphere-integration-agent-test-opentelemetry:5.1.1-SNAPSHOT
[ERROR] Failed to determine Java version for profile jdk11+ @ org.apache.shardingsphere:shardingsphere:5.1.1-SNAPSHOT, /root/workspace/apache-shardingsphere-master-16780_repo/pom.xml

05:38:54.577 [main] ERROR f.i.s.r.process.maven.MavenHelper - Error while building complete model. The raw model will be used. Error message: 1 problem was encountered while building the effective model for org.apache.shardingsphere:shardingsphere-integration-scaling-test:5.1.1-SNAPSHOT
[ERROR] Failed to determine Java version for profile jdk11+ @ org.apache.shardingsphere:shardingsphere:5.1.1-SNAPSHOT, /root/workspace/apache-shardingsphere-master-16780_repo/pom.xml

05:38:54.579 [main] ERROR f.i.s.r.process.maven.MavenHelper - Error while building complete model. The raw model will be used. Error message: 1 problem was encountered while building the effective model for org.apache.shardingsphere:shardingsphere-integration-scaling-test-mysql:5.1.1-SNAPSHOT
[ERROR] Failed to determine Java version for profile jdk11+ @ org.apache.shardingsphere:shardingsphere:5.1.1-SNAPSHOT, /root/workspace/apache-shardingsphere-master-16780_repo/pom.xml

05:38:54.581 [main] ERROR f.i.s.r.process.maven.MavenHelper - Error while building complete model. The raw model will be used. Error message: 1 problem was encountered while building the effective model for org.apache.shardingsphere:shardingsphere-rewrite-test:5.1.1-SNAPSHOT
[ERROR] Failed to determine Java version for profile jdk11+ @ org.apache.shardingsphere:shardingsphere:5.1.1-SNAPSHOT, /root/workspace/apache-shardingsphere-master-16780_repo/pom.xml

05:38:54.582 [main] ERROR f.i.s.r.process.maven.MavenHelper - Error while building complete model. The raw model will be used. Error message: 1 problem was encountered while building the effective model for org.apache.shardingsphere:shardingsphere-parser-test:5.1.1-SNAPSHOT
[ERROR] Failed to determine Java version for profile jdk11+ @ org.apache.shardingsphere:shardingsphere:5.1.1-SNAPSHOT, /root/workspace/apache-shardingsphere-master-16780_repo/pom.xml

05:38:54.584 [main] ERROR f.i.s.r.process.maven.MavenHelper - Error while building complete model. The raw model will be used. Error message: 1 problem was encountered while building the effective model for org.apache.shardingsphere:shardingsphere-optimize-test:5.1.1-SNAPSHOT
[ERROR] Failed to determine Java version for profile jdk11+ @ org.apache.shardingsphere:shardingsphere:5.1.1-SNAPSHOT, /root/workspace/apache-shardingsphere-master-16780_repo/pom.xml

05:38:54.586 [main] ERROR f.i.s.r.process.maven.MavenHelper - Error while building complete model. The raw model will be used. Error message: 1 problem was encountered while building the effective model for org.apache.shardingsphere:shardingsphere-pipeline-test:5.1.1-SNAPSHOT
[ERROR] Failed to determine Java version for profile jdk11+ @ org.apache.shardingsphere:shardingsphere:5.1.1-SNAPSHOT, /root/workspace/apache-shardingsphere-master-16780_repo/pom.xml

05:38:54.588 [main] ERROR f.i.s.r.process.maven.MavenHelper - Error while building complete model. The raw model will be used. Error message: 1 problem was encountered while building the effective model for org.apache.shardingsphere:shardingsphere-distribution:5.1.1-SNAPSHOT
[ERROR] Failed to determine Java version for profile jdk11+ @ org.apache.shardingsphere:shardingsphere:5.1.1-SNAPSHOT, /root/workspace/apache-shardingsphere-master-16780_repo/pom.xml

05:38:54.589 [main] ERROR f.i.s.r.process.maven.MavenHelper - Error while building complete model. The raw model will be used. Error message: 1 problem was encountered while building the effective model for org.apache.shardingsphere:shardingsphere-src-distribution:5.1.1-SNAPSHOT
[ERROR] Failed to determine Java version for profile jdk11+ @ org.apache.shardingsphere:shardingsphere:5.1.1-SNAPSHOT, /root/workspace/apache-shardingsphere-master-16780_repo/pom.xml

05:38:54.589 [main] ERROR f.i.s.r.p.step.paths.ComputeTestDir - The test directory is not at default location or specified in build section from pom.xml, and no parent can be found.
05:38:54.591 [main] ERROR f.i.s.r.process.maven.MavenHelper - Error while building complete model. The raw model will be used. Error message: 1 problem was encountered while building the effective model for org.apache.shardingsphere:shardingsphere-jdbc-distribution:5.1.1-SNAPSHOT
[ERROR] Failed to determine Java version for profile jdk11+ @ org.apache.shardingsphere:shardingsphere:5.1.1-SNAPSHOT, /root/workspace/apache-shardingsphere-master-16780_repo/pom.xml

05:38:54.591 [main] ERROR f.i.s.r.p.step.paths.ComputeTestDir - The test directory is not at default location or specified in build section from pom.xml, and no parent can be found.
05:38:54.593 [main] ERROR f.i.s.r.process.maven.MavenHelper - Error while building complete model. The raw model will be used. Error message: 1 problem was encountered while building the effective model for org.apache.shardingsphere:shardingsphere-proxy-distribution:5.1.1-SNAPSHOT
[ERROR] Failed to determine Java version for profile jdk11+ @ org.apache.shardingsphere:shardingsphere:5.1.1-SNAPSHOT, /root/workspace/apache-shardingsphere-master-16780_repo/pom.xml

05:38:54.593 [main] ERROR f.i.s.r.p.step.paths.ComputeTestDir - The test directory is not at default location or specified in build section from pom.xml, and no parent can be found.
05:38:54.593 [main] ERROR f.i.s.r.p.step.paths.ComputeTestDir - The test directory is not at default location or specified in build section from pom.xml, and no parent can be found.
05:38:54.593 [main] INFO  f.i.s.r.p.step.paths.ComputeTestDir - 103 test dirs were found:
05:38:54.593 [main] INFO  f.i.s.r.p.step.paths.ComputeTestDir - /root/workspace/apache-shardingsphere-master-16780_repo/shardingsphere-agent/shardingsphere-agent-core/src/test/java
05:38:54.593 [main] INFO  f.i.s.r.p.step.paths.ComputeTestDir - /root/workspace/apache-shardingsphere-master-16780_repo/shardingsphere-agent/shardingsphere-agent-plugins/shardingsphere-agent-plugin-metrics/shardingsphere-agent-metrics-api/src/test/java
05:38:54.593 [main] INFO  f.i.s.r.p.step.paths.ComputeTestDir - /root/workspace/apache-shardingsphere-master-16780_repo/shardingsphere-agent/shardingsphere-agent-plugins/shardingsphere-agent-plugin-metrics/shardingsphere-agent-metrics-prometheus/src/test/java
05:38:54.593 [main] INFO  f.i.s.r.p.step.paths.ComputeTestDir - /root/workspace/apache-shardingsphere-master-16780_repo/shardingsphere-agent/shardingsphere-agent-plugins/shardingsphere-agent-plugin-tracing/shardingsphere-agent-tracing-jaeger/src/test/java
05:38:54.593 [main] INFO  f.i.s.r.p.step.paths.ComputeTestDir - /root/workspace/apache-shardingsphere-master-16780_repo/shardingsphere-agent/shardingsphere-agent-plugins/shardingsphere-agent-plugin-tracing/shardingsphere-agent-tracing-opentelemetry/src/test/java
05:38:54.593 [main] INFO  f.i.s.r.p.step.paths.ComputeTestDir - /root/workspace/apache-shardingsphere-master-16780_repo/shardingsphere-agent/shardingsphere-agent-plugins/shardingsphere-agent-plugin-tracing/shardingsphere-agent-tracing-opentracing/src/test/java
05:38:54.593 [main] INFO  f.i.s.r.p.step.paths.ComputeTestDir - /root/workspace/apache-shardingsphere-master-16780_repo/shardingsphere-agent/shardingsphere-agent-plugins/shardingsphere-agent-plugin-tracing/shardingsphere-agent-tracing-zipkin/src/test/java
05:38:54.593 [main] INFO  f.i.s.r.p.step.paths.ComputeTestDir - /root/workspace/apache-shardingsphere-master-16780_repo/shardingsphere-db-protocol/shardingsphere-db-protocol-core/src/test/java
05:38:54.593 [main] INFO  f.i.s.r.p.step.paths.ComputeTestDir - /root/workspace/apache-shardingsphere-master-16780_repo/shardingsphere-db-protocol/shardingsphere-db-protocol-mysql/src/test/java
05:38:54.593 [main] INFO  f.i.s.r.p.step.paths.ComputeTestDir - /root/workspace/apache-shardingsphere-master-16780_repo/shardingsphere-db-protocol/shardingsphere-db-protocol-opengauss/src/test/java
05:38:54.593 [main] INFO  f.i.s.r.p.step.paths.ComputeTestDir - /root/workspace/apache-shardingsphere-master-16780_repo/shardingsphere-db-protocol/shardingsphere-db-protocol-postgresql/src/test/java
05:38:54.593 [main] INFO  f.i.s.r.p.step.paths.ComputeTestDir - /root/workspace/apache-shardingsphere-master-16780_repo/shardingsphere-features/shardingsphere-db-discovery/shardingsphere-db-discovery-core/src/test/java
05:38:54.593 [main] INFO  f.i.s.r.p.step.paths.ComputeTestDir - /root/workspace/apache-shardingsphere-master-16780_repo/shardingsphere-features/shardingsphere-db-discovery/shardingsphere-db-discovery-distsql/shardingsphere-db-discovery-distsql-handler/src/test/java
05:38:54.593 [main] INFO  f.i.s.r.p.step.paths.ComputeTestDir - /root/workspace/apache-shardingsphere-master-16780_repo/shardingsphere-features/shardingsphere-db-discovery/shardingsphere-db-discovery-provider/shardingsphere-db-discovery-mysql/src/test/java
05:38:54.593 [main] INFO  f.i.s.r.p.step.paths.ComputeTestDir - /root/workspace/apache-shardingsphere-master-16780_repo/shardingsphere-features/shardingsphere-db-discovery/shardingsphere-db-discovery-provider/shardingsphere-db-discovery-opengauss/src/test/java
05:38:54.593 [main] INFO  f.i.s.r.p.step.paths.ComputeTestDir - /root/workspace/apache-shardingsphere-master-16780_repo/shardingsphere-features/shardingsphere-db-discovery/shardingsphere-db-discovery-spring/shardingsphere-db-discovery-spring-boot-starter/src/test/java
05:38:54.593 [main] INFO  f.i.s.r.p.step.paths.ComputeTestDir - /root/workspace/apache-shardingsphere-master-16780_repo/shardingsphere-features/shardingsphere-db-discovery/shardingsphere-db-discovery-spring/shardingsphere-db-discovery-spring-namespace/src/test/java
05:38:54.593 [main] INFO  f.i.s.r.p.step.paths.ComputeTestDir - /root/workspace/apache-shardingsphere-master-16780_repo/shardingsphere-features/shardingsphere-encrypt/shardingsphere-encrypt-core/src/test/java
05:38:54.593 [main] INFO  f.i.s.r.p.step.paths.ComputeTestDir - /root/workspace/apache-shardingsphere-master-16780_repo/shardingsphere-features/shardingsphere-encrypt/shardingsphere-encrypt-distsql/shardingsphere-encrypt-distsql-handler/src/test/java
05:38:54.593 [main] INFO  f.i.s.r.p.step.paths.ComputeTestDir - /root/workspace/apache-shardingsphere-master-16780_repo/shardingsphere-features/shardingsphere-encrypt/shardingsphere-encrypt-spring/shardingsphere-encrypt-spring-boot-starter/src/test/java
05:38:54.593 [main] INFO  f.i.s.r.p.step.paths.ComputeTestDir - /root/workspace/apache-shardingsphere-master-16780_repo/shardingsphere-features/shardingsphere-encrypt/shardingsphere-encrypt-spring/shardingsphere-encrypt-spring-namespace/src/test/java
05:38:54.593 [main] INFO  f.i.s.r.p.step.paths.ComputeTestDir - /root/workspace/apache-shardingsphere-master-16780_repo/shardingsphere-features/shardingsphere-readwrite-splitting/shardingsphere-readwrite-splitting-core/src/test/java
05:38:54.593 [main] INFO  f.i.s.r.p.step.paths.ComputeTestDir - /root/workspace/apache-shardingsphere-master-16780_repo/shardingsphere-features/shardingsphere-readwrite-splitting/shardingsphere-readwrite-splitting-distsql/shardingsphere-readwrite-splitting-distsql-handler/src/test/java
05:38:54.593 [main] INFO  f.i.s.r.p.step.paths.ComputeTestDir - /root/workspace/apache-shardingsphere-master-16780_repo/shardingsphere-features/shardingsphere-readwrite-splitting/shardingsphere-readwrite-splitting-spring/shardingsphere-readwrite-splitting-spring-boot-starter/src/test/java
05:38:54.593 [main] INFO  f.i.s.r.p.step.paths.ComputeTestDir - /root/workspace/apache-shardingsphere-master-16780_repo/shardingsphere-features/shardingsphere-readwrite-splitting/shardingsphere-readwrite-splitting-spring/shardingsphere-readwrite-splitting-spring-namespace/src/test/java
05:38:54.593 [main] INFO  f.i.s.r.p.step.paths.ComputeTestDir - /root/workspace/apache-shardingsphere-master-16780_repo/shardingsphere-features/shardingsphere-shadow/shardingsphere-shadow-core/src/test/java
05:38:54.593 [main] INFO  f.i.s.r.p.step.paths.ComputeTestDir - /root/workspace/apache-shardingsphere-master-16780_repo/shardingsphere-features/shardingsphere-shadow/shardingsphere-shadow-distsql/shardingsphere-shadow-distsql-handler/src/test/java
05:38:54.593 [main] INFO  f.i.s.r.p.step.paths.ComputeTestDir - /root/workspace/apache-shardingsphere-master-16780_repo/shardingsphere-features/shardingsphere-shadow/shardingsphere-shadow-spring/shardingsphere-shadow-spring-boot-starter/src/test/java
05:38:54.593 [main] INFO  f.i.s.r.p.step.paths.ComputeTestDir - /root/workspace/apache-shardingsphere-master-16780_repo/shardingsphere-features/shardingsphere-shadow/shardingsphere-shadow-spring/shardingsphere-shadow-spring-namespace/src/test/java
05:38:54.593 [main] INFO  f.i.s.r.p.step.paths.ComputeTestDir - /root/workspace/apache-shardingsphere-master-16780_repo/shardingsphere-features/shardingsphere-sharding/shardingsphere-sharding-core/src/test/java
05:38:54.593 [main] INFO  f.i.s.r.p.step.paths.ComputeTestDir - /root/workspace/apache-shardingsphere-master-16780_repo/shardingsphere-features/shardingsphere-sharding/shardingsphere-sharding-distsql/shardingsphere-sharding-distsql-handler/src/test/java
05:38:54.593 [main] INFO  f.i.s.r.p.step.paths.ComputeTestDir - /root/workspace/apache-shardingsphere-master-16780_repo/shardingsphere-features/shardingsphere-sharding/shardingsphere-sharding-spring/shardingsphere-sharding-spring-boot-starter/src/test/java
05:38:54.593 [main] INFO  f.i.s.r.p.step.paths.ComputeTestDir - /root/workspace/apache-shardingsphere-master-16780_repo/shardingsphere-features/shardingsphere-sharding/shardingsphere-sharding-spring/shardingsphere-sharding-spring-namespace/src/test/java
05:38:54.593 [main] INFO  f.i.s.r.p.step.paths.ComputeTestDir - /root/workspace/apache-shardingsphere-master-16780_repo/shardingsphere-infra/shardingsphere-infra-binder/src/test/java
05:38:54.593 [main] INFO  f.i.s.r.p.step.paths.ComputeTestDir - /root/workspace/apache-shardingsphere-master-16780_repo/shardingsphere-infra/shardingsphere-infra-common/src/test/java
05:38:54.593 [main] INFO  f.i.s.r.p.step.paths.ComputeTestDir - /root/workspace/apache-shardingsphere-master-16780_repo/shardingsphere-infra/shardingsphere-infra-context/src/test/java
05:38:54.593 [main] INFO  f.i.s.r.p.step.paths.ComputeTestDir - /root/workspace/apache-shardingsphere-master-16780_repo/shardingsphere-infra/shardingsphere-infra-datetime/shardingsphere-infra-datetime-type/shardingsphere-database-datetime/src/test/java
05:38:54.593 [main] INFO  f.i.s.r.p.step.paths.ComputeTestDir - /root/workspace/apache-shardingsphere-master-16780_repo/shardingsphere-infra/shardingsphere-infra-datetime/shardingsphere-infra-datetime-type/shardingsphere-system-datetime/src/test/java
05:38:54.593 [main] INFO  f.i.s.r.p.step.paths.ComputeTestDir - /root/workspace/apache-shardingsphere-master-16780_repo/shardingsphere-infra/shardingsphere-infra-executor/src/test/java
05:38:54.593 [main] INFO  f.i.s.r.p.step.paths.ComputeTestDir - /root/workspace/apache-shardingsphere-master-16780_repo/shardingsphere-infra/shardingsphere-infra-federation/shardingsphere-infra-federation-optimizer/src/test/java
05:38:54.593 [main] INFO  f.i.s.r.p.step.paths.ComputeTestDir - /root/workspace/apache-shardingsphere-master-16780_repo/shardingsphere-infra/shardingsphere-infra-merge/src/test/java
05:38:54.593 [main] INFO  f.i.s.r.p.step.paths.ComputeTestDir - /root/workspace/apache-shardingsphere-master-16780_repo/shardingsphere-infra/shardingsphere-infra-parser/src/test/java
05:38:54.593 [main] INFO  f.i.s.r.p.step.paths.ComputeTestDir - /root/workspace/apache-shardingsphere-master-16780_repo/shardingsphere-infra/shardingsphere-infra-rewrite/src/test/java
05:38:54.593 [main] INFO  f.i.s.r.p.step.paths.ComputeTestDir - /root/workspace/apache-shardingsphere-master-16780_repo/shardingsphere-infra/shardingsphere-infra-route/src/test/java
05:38:54.593 [main] INFO  f.i.s.r.p.step.paths.ComputeTestDir - /root/workspace/apache-shardingsphere-master-16780_repo/shardingsphere-jdbc/shardingsphere-jdbc-core/src/test/java
05:38:54.593 [main] INFO  f.i.s.r.p.step.paths.ComputeTestDir - /root/workspace/apache-shardingsphere-master-16780_repo/shardingsphere-jdbc/shardingsphere-jdbc-spring/shardingsphere-jdbc-core-spring/shardingsphere-jdbc-core-spring-boot-starter/src/test/java
05:38:54.593 [main] INFO  f.i.s.r.p.step.paths.ComputeTestDir - /root/workspace/apache-shardingsphere-master-16780_repo/shardingsphere-jdbc/shardingsphere-jdbc-spring/shardingsphere-jdbc-core-spring/shardingsphere-jdbc-core-spring-namespace/src/test/java
05:38:54.593 [main] INFO  f.i.s.r.p.step.paths.ComputeTestDir - /root/workspace/apache-shardingsphere-master-16780_repo/shardingsphere-jdbc/shardingsphere-jdbc-spring/shardingsphere-jdbc-spring-infra/shardingsphere-jdbc-spring-boot-starter-infra/src/test/java
05:38:54.593 [main] INFO  f.i.s.r.p.step.paths.ComputeTestDir - /root/workspace/apache-shardingsphere-master-16780_repo/shardingsphere-jdbc/shardingsphere-jdbc-spring/shardingsphere-jdbc-spring-infra/shardingsphere-jdbc-spring-namespace-infra/src/test/java
05:38:54.593 [main] INFO  f.i.s.r.p.step.paths.ComputeTestDir - /root/workspace/apache-shardingsphere-master-16780_repo/shardingsphere-jdbc/shardingsphere-jdbc-spring/shardingsphere-jdbc-transaction-spring/src/test/java
05:38:54.593 [main] INFO  f.i.s.r.p.step.paths.ComputeTestDir - /root/workspace/apache-shardingsphere-master-16780_repo/shardingsphere-kernel/shardingsphere-authority/shardingsphere-authority-core/src/test/java
05:38:54.593 [main] INFO  f.i.s.r.p.step.paths.ComputeTestDir - /root/workspace/apache-shardingsphere-master-16780_repo/shardingsphere-kernel/shardingsphere-data-pipeline/shardingsphere-data-pipeline-dialect/shardingsphere-data-pipeline-mysql/src/test/java
05:38:54.593 [main] INFO  f.i.s.r.p.step.paths.ComputeTestDir - /root/workspace/apache-shardingsphere-master-16780_repo/shardingsphere-kernel/shardingsphere-data-pipeline/shardingsphere-data-pipeline-dialect/shardingsphere-data-pipeline-opengauss/src/test/java
05:38:54.593 [main] INFO  f.i.s.r.p.step.paths.ComputeTestDir - /root/workspace/apache-shardingsphere-master-16780_repo/shardingsphere-kernel/shardingsphere-data-pipeline/shardingsphere-data-pipeline-dialect/shardingsphere-data-pipeline-postgresql/src/test/java
05:38:54.593 [main] INFO  f.i.s.r.p.step.paths.ComputeTestDir - /root/workspace/apache-shardingsphere-master-16780_repo/shardingsphere-kernel/shardingsphere-data-pipeline/shardingsphere-data-pipeline-spi/src/test/java
05:38:54.593 [main] INFO  f.i.s.r.p.step.paths.ComputeTestDir - /root/workspace/apache-shardingsphere-master-16780_repo/shardingsphere-kernel/shardingsphere-parser/shardingsphere-parser-core/src/test/java
05:38:54.593 [main] INFO  f.i.s.r.p.step.paths.ComputeTestDir - /root/workspace/apache-shardingsphere-master-16780_repo/shardingsphere-kernel/shardingsphere-parser/shardingsphere-parser-spring/shardingsphere-parser-spring-boot-starter/src/test/java
05:38:54.593 [main] INFO  f.i.s.r.p.step.paths.ComputeTestDir - /root/workspace/apache-shardingsphere-master-16780_repo/shardingsphere-kernel/shardingsphere-parser/shardingsphere-parser-spring/shardingsphere-parser-spring-namespace/src/test/java
05:38:54.593 [main] INFO  f.i.s.r.p.step.paths.ComputeTestDir - /root/workspace/apache-shardingsphere-master-16780_repo/shardingsphere-kernel/shardingsphere-single-table/shardingsphere-single-table-core/src/test/java
05:38:54.593 [main] INFO  f.i.s.r.p.step.paths.ComputeTestDir - /root/workspace/apache-shardingsphere-master-16780_repo/shardingsphere-kernel/shardingsphere-traffic/shardingsphere-traffic-core/src/test/java
05:38:54.593 [main] INFO  f.i.s.r.p.step.paths.ComputeTestDir - /root/workspace/apache-shardingsphere-master-16780_repo/shardingsphere-kernel/shardingsphere-transaction/shardingsphere-transaction-core/src/test/java
05:38:54.593 [main] INFO  f.i.s.r.p.step.paths.ComputeTestDir - /root/workspace/apache-shardingsphere-master-16780_repo/shardingsphere-kernel/shardingsphere-transaction/shardingsphere-transaction-type/shardingsphere-transaction-base/shardingsphere-transaction-base-seata-at/src/test/java
05:38:54.593 [main] INFO  f.i.s.r.p.step.paths.ComputeTestDir - /root/workspace/apache-shardingsphere-master-16780_repo/shardingsphere-kernel/shardingsphere-transaction/shardingsphere-transaction-type/shardingsphere-transaction-xa/shardingsphere-transaction-xa-core/src/test/java
05:38:54.593 [main] INFO  f.i.s.r.p.step.paths.ComputeTestDir - /root/workspace/apache-shardingsphere-master-16780_repo/shardingsphere-kernel/shardingsphere-transaction/shardingsphere-transaction-type/shardingsphere-transaction-xa/shardingsphere-transaction-xa-provider/shardingsphere-transaction-xa-atomikos/src/test/java
05:38:54.593 [main] INFO  f.i.s.r.p.step.paths.ComputeTestDir - /root/workspace/apache-shardingsphere-master-16780_repo/shardingsphere-kernel/shardingsphere-transaction/shardingsphere-transaction-type/shardingsphere-transaction-xa/shardingsphere-transaction-xa-provider/shardingsphere-transaction-xa-bitronix/src/test/java
05:38:54.593 [main] INFO  f.i.s.r.p.step.paths.ComputeTestDir - /root/workspace/apache-shardingsphere-master-16780_repo/shardingsphere-kernel/shardingsphere-transaction/shardingsphere-transaction-type/shardingsphere-transaction-xa/shardingsphere-transaction-xa-provider/shardingsphere-transaction-xa-narayana/src/test/java
05:38:54.593 [main] INFO  f.i.s.r.p.step.paths.ComputeTestDir - /root/workspace/apache-shardingsphere-master-16780_repo/shardingsphere-kernel/shardingsphere-transaction/shardingsphere-transaction-type/shardingsphere-transaction-xa/shardingsphere-transaction-xa-spi/src/test/java
05:38:54.593 [main] INFO  f.i.s.r.p.step.paths.ComputeTestDir - /root/workspace/apache-shardingsphere-master-16780_repo/shardingsphere-mode/shardingsphere-mode-core/src/test/java
05:38:54.593 [main] INFO  f.i.s.r.p.step.paths.ComputeTestDir - /root/workspace/apache-shardingsphere-master-16780_repo/shardingsphere-mode/shardingsphere-mode-type/shardingsphere-cluster-mode/shardingsphere-cluster-mode-core/src/test/java
05:38:54.593 [main] INFO  f.i.s.r.p.step.paths.ComputeTestDir - /root/workspace/apache-shardingsphere-master-16780_repo/shardingsphere-mode/shardingsphere-mode-type/shardingsphere-cluster-mode/shardingsphere-cluster-mode-repository/shardingsphere-cluster-mode-repository-provider/shardingsphere-cluster-mode-repository-etcd/src/test/java
05:38:54.593 [main] INFO  f.i.s.r.p.step.paths.ComputeTestDir - /root/workspace/apache-shardingsphere-master-16780_repo/shardingsphere-mode/shardingsphere-mode-type/shardingsphere-cluster-mode/shardingsphere-cluster-mode-repository/shardingsphere-cluster-mode-repository-provider/shardingsphere-cluster-mode-repository-zookeeper-curator/src/test/java
05:38:54.593 [main] INFO  f.i.s.r.p.step.paths.ComputeTestDir - /root/workspace/apache-shardingsphere-master-16780_repo/shardingsphere-mode/shardingsphere-mode-type/shardingsphere-standalone-mode/shardingsphere-standalone-mode-core/src/test/java
05:38:54.593 [main] INFO  f.i.s.r.p.step.paths.ComputeTestDir - /root/workspace/apache-shardingsphere-master-16780_repo/shardingsphere-mode/shardingsphere-mode-type/shardingsphere-standalone-mode/shardingsphere-standalone-mode-repository/shardingsphere-standalone-mode-repository-provider/shardingsphere-standalone-mode-repository-file/src/test/java
05:38:54.593 [main] INFO  f.i.s.r.p.step.paths.ComputeTestDir - /root/workspace/apache-shardingsphere-master-16780_repo/shardingsphere-mode/shardingsphere-mode-type/shardingsphere-standalone-mode/shardingsphere-standalone-mode-repository/shardingsphere-standalone-mode-repository-provider/shardingsphere-standalone-mode-repository-h2/src/test/java
05:38:54.593 [main] INFO  f.i.s.r.p.step.paths.ComputeTestDir - /root/workspace/apache-shardingsphere-master-16780_repo/shardingsphere-proxy/shardingsphere-proxy-backend/src/test/java
05:38:54.593 [main] INFO  f.i.s.r.p.step.paths.ComputeTestDir - /root/workspace/apache-shardingsphere-master-16780_repo/shardingsphere-proxy/shardingsphere-proxy-bootstrap/src/test/java
05:38:54.593 [main] INFO  f.i.s.r.p.step.paths.ComputeTestDir - /root/workspace/apache-shardingsphere-master-16780_repo/shardingsphere-proxy/shardingsphere-proxy-frontend/shardingsphere-proxy-frontend-core/src/test/java
05:38:54.593 [main] INFO  f.i.s.r.p.step.paths.ComputeTestDir - /root/workspace/apache-shardingsphere-master-16780_repo/shardingsphere-proxy/shardingsphere-proxy-frontend/shardingsphere-proxy-frontend-mysql/src/test/java
05:38:54.593 [main] INFO  f.i.s.r.p.step.paths.ComputeTestDir - /root/workspace/apache-shardingsphere-master-16780_repo/shardingsphere-proxy/shardingsphere-proxy-frontend/shardingsphere-proxy-frontend-opengauss/src/test/java
05:38:54.593 [main] INFO  f.i.s.r.p.step.paths.ComputeTestDir - /root/workspace/apache-shardingsphere-master-16780_repo/shardingsphere-proxy/shardingsphere-proxy-frontend/shardingsphere-proxy-frontend-postgresql/src/test/java
05:38:54.593 [main] INFO  f.i.s.r.p.step.paths.ComputeTestDir - /root/workspace/apache-shardingsphere-master-16780_repo/shardingsphere-proxy/shardingsphere-proxy-frontend/shardingsphere-proxy-frontend-reactive-core/src/test/java
05:38:54.594 [main] INFO  f.i.s.r.p.step.paths.ComputeTestDir - /root/workspace/apache-shardingsphere-master-16780_repo/shardingsphere-spi/src/test/java
05:38:54.594 [main] INFO  f.i.s.r.p.step.paths.ComputeTestDir - /root/workspace/apache-shardingsphere-master-16780_repo/shardingsphere-sql-parser/shardingsphere-sql-parser-dialect/shardingsphere-sql-parser-mysql/src/test/java
05:38:54.594 [main] INFO  f.i.s.r.p.step.paths.ComputeTestDir - /root/workspace/apache-shardingsphere-master-16780_repo/shardingsphere-sql-parser/shardingsphere-sql-parser-dialect/shardingsphere-sql-parser-opengauss/src/test/java
05:38:54.594 [main] INFO  f.i.s.r.p.step.paths.ComputeTestDir - /root/workspace/apache-shardingsphere-master-16780_repo/shardingsphere-sql-parser/shardingsphere-sql-parser-dialect/shardingsphere-sql-parser-oracle/src/test/java
05:38:54.594 [main] INFO  f.i.s.r.p.step.paths.ComputeTestDir - /root/workspace/apache-shardingsphere-master-16780_repo/shardingsphere-sql-parser/shardingsphere-sql-parser-dialect/shardingsphere-sql-parser-postgresql/src/test/java
05:38:54.594 [main] INFO  f.i.s.r.p.step.paths.ComputeTestDir - /root/workspace/apache-shardingsphere-master-16780_repo/shardingsphere-sql-parser/shardingsphere-sql-parser-dialect/shardingsphere-sql-parser-sql92/src/test/java
05:38:54.594 [main] INFO  f.i.s.r.p.step.paths.ComputeTestDir - /root/workspace/apache-shardingsphere-master-16780_repo/shardingsphere-sql-parser/shardingsphere-sql-parser-dialect/shardingsphere-sql-parser-sqlserver/src/test/java
05:38:54.594 [main] INFO  f.i.s.r.p.step.paths.ComputeTestDir - /root/workspace/apache-shardingsphere-master-16780_repo/shardingsphere-sql-parser/shardingsphere-sql-parser-engine/src/test/java
05:38:54.594 [main] INFO  f.i.s.r.p.step.paths.ComputeTestDir - /root/workspace/apache-shardingsphere-master-16780_repo/shardingsphere-sql-parser/shardingsphere-sql-parser-statement/src/test/java
05:38:54.594 [main] INFO  f.i.s.r.p.step.paths.ComputeTestDir - /root/workspace/apache-shardingsphere-master-16780_repo/shardingsphere-test/shardingsphere-integration-agent-test/shardingsphere-integration-agent-test-plugins/shardingsphere-integration-agent-test-common/src/test/java
05:38:54.594 [main] INFO  f.i.s.r.p.step.paths.ComputeTestDir - /root/workspace/apache-shardingsphere-master-16780_repo/shardingsphere-test/shardingsphere-integration-agent-test/shardingsphere-integration-agent-test-plugins/shardingsphere-integration-agent-test-jaeger/src/test/java
05:38:54.594 [main] INFO  f.i.s.r.p.step.paths.ComputeTestDir - /root/workspace/apache-shardingsphere-master-16780_repo/shardingsphere-test/shardingsphere-integration-agent-test/shardingsphere-integration-agent-test-plugins/shardingsphere-integration-agent-test-metrics/src/test/java
05:38:54.594 [main] INFO  f.i.s.r.p.step.paths.ComputeTestDir - /root/workspace/apache-shardingsphere-master-16780_repo/shardingsphere-test/shardingsphere-integration-agent-test/shardingsphere-integration-agent-test-plugins/shardingsphere-integration-agent-test-opentelemetry/src/test/java
05:38:54.594 [main] INFO  f.i.s.r.p.step.paths.ComputeTestDir - /root/workspace/apache-shardingsphere-master-16780_repo/shardingsphere-test/shardingsphere-integration-agent-test/shardingsphere-integration-agent-test-plugins/shardingsphere-integration-agent-test-zipkin/src/test/java
05:38:54.594 [main] INFO  f.i.s.r.p.step.paths.ComputeTestDir - /root/workspace/apache-shardingsphere-master-16780_repo/shardingsphere-test/shardingsphere-integration-driver-test/src/test/java
05:38:54.594 [main] INFO  f.i.s.r.p.step.paths.ComputeTestDir - /root/workspace/apache-shardingsphere-master-16780_repo/shardingsphere-test/shardingsphere-integration-scaling-test/shardingsphere-integration-scaling-test-mysql/src/test/java
05:38:54.594 [main] INFO  f.i.s.r.p.step.paths.ComputeTestDir - /root/workspace/apache-shardingsphere-master-16780_repo/shardingsphere-test/shardingsphere-integration-test/shardingsphere-integration-test-fixture/src/test/java
05:38:54.594 [main] INFO  f.i.s.r.p.step.paths.ComputeTestDir - /root/workspace/apache-shardingsphere-master-16780_repo/shardingsphere-test/shardingsphere-integration-test/shardingsphere-integration-test-suite/src/test/java
05:38:54.594 [main] INFO  f.i.s.r.p.step.paths.ComputeTestDir - /root/workspace/apache-shardingsphere-master-16780_repo/shardingsphere-test/shardingsphere-optimize-test/src/test/java
05:38:54.594 [main] INFO  f.i.s.r.p.step.paths.ComputeTestDir - /root/workspace/apache-shardingsphere-master-16780_repo/shardingsphere-test/shardingsphere-parser-test/src/test/java
05:38:54.594 [main] INFO  f.i.s.r.p.step.paths.ComputeTestDir - /root/workspace/apache-shardingsphere-master-16780_repo/shardingsphere-test/shardingsphere-pipeline-test/src/test/java
05:38:54.594 [main] INFO  f.i.s.r.p.step.paths.ComputeTestDir - /root/workspace/apache-shardingsphere-master-16780_repo/shardingsphere-test/shardingsphere-rewrite-test/src/test/java
05:38:54.963 [main] INFO  f.i.s.r.p.s.g.GatherTestInformation - Get the following failing module path: /root/workspace/apache-shardingsphere-master-16780_repo/shardingsphere-db-protocol/shardingsphere-db-protocol-core
05:38:55.075 [main] INFO  f.i.s.r.p.s.g.GatherTestInformation - ---Test results---
05:38:55.076 [main] INFO  f.i.s.r.p.s.g.GatherTestInformation -    Total tests: 21858
05:38:55.076 [main] INFO  f.i.s.r.p.s.g.GatherTestInformation -    Tests run: 21858
05:38:55.076 [main] INFO  f.i.s.r.p.s.g.GatherTestInformation -    Tests passing: 21857
05:38:55.076 [main] INFO  f.i.s.r.p.s.g.GatherTestInformation -    Failures: 0
05:38:55.076 [main] INFO  f.i.s.r.p.s.g.GatherTestInformation -    Errors: 1
05:38:55.076 [main] INFO  f.i.s.r.p.s.g.GatherTestInformation -    Skipped: 0
[0] INFO Flacoco - Running Flacoco...
[357] WARN CoverageRunner - Test [Manual]TestMethod=org.apache.shardingsphere.db.protocol.codec.PacketCodecTest#assertDecodeWithValidHeader result was not reported by test-runner.
[357] WARN CoverageRunner - Test [Manual]TestMethod=org.apache.shardingsphere.db.protocol.codec.PacketCodecTest#assertDecodeWithInvalidHeader result was not reported by test-runner.
[357] WARN CoverageRunner - Test [Manual]TestMethod=org.apache.shardingsphere.db.protocol.codec.PacketCodecTest#assertEncode result was not reported by test-runner.
[357] INFO CoverageRunner - Tests found: 7
[357] INFO CoverageRunner - Tests executed: 4
05:38:55.959 [main] INFO  fr.inria.jtravis.JTravis - GitHub ratelimit: Limit: 5000 Remaining: 3159 Reset hour: 03:17:01
05:38:57.124 [main] WARN  f.i.s.r.p.s.p.PushFaultLocalizationSuggestionsOnGitHubRepository - Flacoco has found 0 suspicious lines, but none were matched to the diff
05:38:57.125 [main] INFO  f.i.s.r.p.s.f.FlacocoLocalization - 
05:38:59.675 [main] INFO  f.i.s.r.p.i.ProjectInspector - ----------------------------------------------------------------------
05:38:59.675 [main] INFO  f.i.s.r.p.i.ProjectInspector - PIPELINE EXECUTION SUMMARY
05:38:59.675 [main] INFO  f.i.s.r.p.i.ProjectInspector - ----------------------------------------------------------------------
05:38:59.675 [main] INFO  f.i.s.r.p.i.ProjectInspector - CloneCheckoutGitPullRequest..........................SUCCESS [  43 s ]
05:38:59.675 [main] INFO  f.i.s.r.p.i.ProjectInspector - BuildProject.........................................SUCCESS [ 405 s ]
05:38:59.675 [main] INFO  f.i.s.r.p.i.ProjectInspector - TestProject..........................................SUCCESS [  66 s ]
05:38:59.675 [main] INFO  f.i.s.r.p.i.ProjectInspector - ComputeClasspath.....................................SUCCESS [   6 s ]
05:38:59.675 [main] INFO  f.i.s.r.p.i.ProjectInspector - ComputeSourceDir.....................................SUCCESS [   0 s ]
05:38:59.675 [main] INFO  f.i.s.r.p.i.ProjectInspector - ComputeTestDir.......................................SUCCESS [   0 s ]
05:38:59.675 [main] INFO  f.i.s.r.p.i.ProjectInspector - GatherTestInformation................................SUCCESS [   0 s ]
05:38:59.675 [main] INFO  f.i.s.r.p.i.ProjectInspector - FlacocoLocalization..................................SUCCESS [   0 s ]
05:38:59.675 [main] INFO  f.i.s.r.p.i.ProjectInspector - PushFaultLocalizationSuggestionsOnGitHubRepository...SKIPPED          
05:38:59.676 [main] INFO  f.i.s.r.p.i.ProjectInspector - ----------------------------------------------------------------------
05:38:59.676 [main] INFO  f.i.s.r.p.i.ProjectInspector - PIPELINE FINDING: TEST FAILURE
05:38:59.676 [main] INFO  f.i.s.r.p.i.ProjectInspector - ----------------------------------------------------------------------
05:38:59.676 [main] INFO  f.i.s.r.p.github.GithubMainProcess - Inspector is finished. The process will exit now.
