Execute pipeline with following supplementary args: --smtpPort 25 --listenerMode NOOP --launcherMode FAULT_LOCALIZATION  --gitrepourl https://github.com/apache/rocketmq --gitrepopullrequest 4439
java -cp /usr/local/openjdk-11/lib/tools.jar:repairnator-pipeline.jar -Dlogback.configurationFile=/root/logback.xml fr.inria.spirals.repairnator.pipeline.Launcher -d --runId null -o /var/log --ghOauth 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 --faultLocalization --flacocoThreshold 0.0 --flacocoTopK null --flacocoResultsRepository flacocobot/2022-flacocobot-experiment --ghOauth  --smtpPort 25 --listenerMode NOOP --launcherMode FAULT_LOCALIZATION  --gitrepourl https://github.com/apache/rocketmq --gitrepopullrequest 4439

18:42:46.116 [main] INFO  f.i.s.r.p.g.GithubInitSerializerEngines - Initialize file serializer engines.
18:42:46.117 [main] INFO  f.i.s.r.p.g.GithubInitSerializerEngines - MongoDB won't be used for serialization.
18:42:46.117 [main] INFO  f.i.s.r.p.github.GithubInitNotifiers - The email notifier engine won't be used.
18:42:46.131 [main] INFO  f.i.s.r.p.i.ProjectInspector - ----------------------------------------------------------------------
18:42:46.131 [main] INFO  f.i.s.r.p.i.ProjectInspector - PIPELINE STEPS
18:42:46.131 [main] INFO  f.i.s.r.p.i.ProjectInspector - ----------------------------------------------------------------------
18:42:46.131 [main] INFO  f.i.s.r.p.i.ProjectInspector - CloneCheckoutGitPullRequest
18:42:46.131 [main] INFO  f.i.s.r.p.i.ProjectInspector - BuildProject
18:42:46.131 [main] INFO  f.i.s.r.p.i.ProjectInspector - TestProject
18:42:46.131 [main] INFO  f.i.s.r.p.i.ProjectInspector - ComputeClasspath
18:42:46.131 [main] INFO  f.i.s.r.p.i.ProjectInspector - ComputeSourceDir
18:42:46.132 [main] INFO  f.i.s.r.p.i.ProjectInspector - ComputeTestDir
18:42:46.132 [main] INFO  f.i.s.r.p.i.ProjectInspector - GatherTestInformation
18:42:46.132 [main] INFO  f.i.s.r.p.i.ProjectInspector - FlacocoLocalization
18:42:46.132 [main] INFO  f.i.s.r.p.i.ProjectInspector - PushFaultLocalizationSuggestionsOnGitHubRepository
18:42:46.132 [main] INFO  f.i.s.r.p.s.CloneCheckoutGitPullRequest - Cloning repository https://github.com/apache/rocketmq.git in the following directory: ./workspace/apache-rocketmq-master-4439_repo
18:43:08.941 [Thread-4] ERROR f.i.s.r.p.m.o.MavenFilterOutputHandler - [ERROR] COMPILATION ERROR : 
18:43:08.942 [Thread-4] ERROR f.i.s.r.p.m.o.MavenFilterOutputHandler - [ERROR] /root/workspace/apache-rocketmq-master-4439_repo/test/src/main/java/org/apache/rocketmq/test/util/StatUtil.java:[32,24] package javax.annotation does not exist
18:43:08.942 [Thread-4] ERROR f.i.s.r.p.m.o.MavenFilterOutputHandler - [ERROR] /root/workspace/apache-rocketmq-master-4439_repo/test/src/main/java/org/apache/rocketmq/test/util/StatUtil.java:[39,2] cannot find symbol
18:43:08.944 [Thread-4] ERROR f.i.s.r.p.m.o.MavenFilterOutputHandler - [ERROR] Failed to execute goal org.apache.maven.plugins:maven-compiler-plugin:3.5.1:compile (default-compile) on project rocketmq-test: Compilation failure: Compilation failure: 
18:43:08.944 [Thread-4] ERROR f.i.s.r.p.m.o.MavenFilterOutputHandler - [ERROR] /root/workspace/apache-rocketmq-master-4439_repo/test/src/main/java/org/apache/rocketmq/test/util/StatUtil.java:[32,24] package javax.annotation does not exist
18:43:08.944 [Thread-4] ERROR f.i.s.r.p.m.o.MavenFilterOutputHandler - [ERROR] /root/workspace/apache-rocketmq-master-4439_repo/test/src/main/java/org/apache/rocketmq/test/util/StatUtil.java:[39,2] cannot find symbol
18:43:08.944 [Thread-4] ERROR f.i.s.r.p.m.o.MavenFilterOutputHandler - [ERROR]   symbol: class Generated
18:43:08.944 [Thread-4] ERROR f.i.s.r.p.m.o.MavenFilterOutputHandler - [ERROR] -> [Help 1]
18:43:08.947 [Thread-4] ERROR f.i.s.r.p.m.o.MavenFilterOutputHandler - [ERROR] 
18:43:08.947 [Thread-4] ERROR f.i.s.r.p.m.o.MavenFilterOutputHandler - [ERROR] Re-run Maven using the -X switch to enable full debug logging.
18:43:08.947 [Thread-4] ERROR f.i.s.r.p.m.o.MavenFilterOutputHandler - [ERROR] 
18:43:08.947 [Thread-4] ERROR f.i.s.r.p.m.o.MavenFilterOutputHandler - [ERROR] For more information about the errors and possible solutions, please read the following articles:
18:43:08.947 [Thread-4] ERROR f.i.s.r.p.m.o.MavenFilterOutputHandler - [ERROR] [Help 1] http://cwiki.apache.org/confluence/display/MAVEN/MojoFailureException
18:43:08.947 [Thread-4] ERROR f.i.s.r.p.m.o.MavenFilterOutputHandler - [ERROR] 
18:43:08.947 [Thread-4] ERROR f.i.s.r.p.m.o.MavenFilterOutputHandler - [ERROR] After correcting the problems, you can resume the build with the command
18:43:08.947 [Thread-4] ERROR f.i.s.r.p.m.o.MavenFilterOutputHandler - [ERROR]   mvn <goals> -rf :rocketmq-test
18:43:09.621 [main] ERROR f.i.s.r.process.step.BuildProject - Repository apache/rocketmq cannot be built.
18:43:09.623 [main] INFO  f.i.s.r.process.step.BuildProject - 
18:43:09.836 [main] INFO  f.i.s.r.p.i.ProjectInspector - ----------------------------------------------------------------------
18:43:09.836 [main] INFO  f.i.s.r.p.i.ProjectInspector - PIPELINE EXECUTION SUMMARY
18:43:09.836 [main] INFO  f.i.s.r.p.i.ProjectInspector - ----------------------------------------------------------------------
18:43:09.836 [main] INFO  f.i.s.r.p.i.ProjectInspector - CloneCheckoutGitPullRequest...........................SUCCESS [  7 s ]
18:43:09.836 [main] INFO  f.i.s.r.p.i.ProjectInspector - BuildProject..........................................FAILURE [ 16 s ]
18:43:09.836 [main] INFO  f.i.s.r.p.i.ProjectInspector - TestProject...........................................NOT RUN         
18:43:09.836 [main] INFO  f.i.s.r.p.i.ProjectInspector - ComputeClasspath......................................NOT RUN         
18:43:09.836 [main] INFO  f.i.s.r.p.i.ProjectInspector - ComputeSourceDir......................................NOT RUN         
18:43:09.836 [main] INFO  f.i.s.r.p.i.ProjectInspector - ComputeTestDir........................................NOT RUN         
18:43:09.836 [main] INFO  f.i.s.r.p.i.ProjectInspector - GatherTestInformation.................................NOT RUN         
18:43:09.836 [main] INFO  f.i.s.r.p.i.ProjectInspector - FlacocoLocalization...................................NOT RUN         
18:43:09.836 [main] INFO  f.i.s.r.p.i.ProjectInspector - PushFaultLocalizationSuggestionsOnGitHubRepository....NOT RUN         
18:43:09.837 [main] INFO  f.i.s.r.p.i.ProjectInspector - ----------------------------------------------------------------------
18:43:09.837 [main] INFO  f.i.s.r.p.i.ProjectInspector - PIPELINE FINDING: NOTBUILDABLE
18:43:09.837 [main] INFO  f.i.s.r.p.i.ProjectInspector - ----------------------------------------------------------------------
18:43:09.837 [main] INFO  f.i.s.r.p.github.GithubMainProcess - Inspector is finished. The process will exit now.
