Execute pipeline with following supplementary args: --smtpPort 25 --listenerMode NOOP --launcherMode FAULT_LOCALIZATION  --gitrepourl https://github.com/apache/rocketmq --gitrepopullrequest 4541
java -cp /usr/local/openjdk-11/lib/tools.jar:repairnator-pipeline.jar -Dlogback.configurationFile=/root/logback.xml fr.inria.spirals.repairnator.pipeline.Launcher -d --runId null -o /var/log --ghOauth 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 --faultLocalization --flacocoThreshold 0.0 --flacocoTopK null --flacocoResultsRepository flacocobot/2022-flacocobot-experiment --ghOauth  --smtpPort 25 --listenerMode NOOP --launcherMode FAULT_LOCALIZATION  --gitrepourl https://github.com/apache/rocketmq --gitrepopullrequest 4541

14:49:31.125 [main] INFO  f.i.s.r.p.g.GithubInitSerializerEngines - Initialize file serializer engines.
14:49:31.127 [main] INFO  f.i.s.r.p.g.GithubInitSerializerEngines - MongoDB won't be used for serialization.
14:49:31.127 [main] INFO  f.i.s.r.p.github.GithubInitNotifiers - The email notifier engine won't be used.
14:49:31.146 [main] INFO  f.i.s.r.p.i.ProjectInspector - ----------------------------------------------------------------------
14:49:31.146 [main] INFO  f.i.s.r.p.i.ProjectInspector - PIPELINE STEPS
14:49:31.146 [main] INFO  f.i.s.r.p.i.ProjectInspector - ----------------------------------------------------------------------
14:49:31.146 [main] INFO  f.i.s.r.p.i.ProjectInspector - CloneCheckoutGitPullRequest
14:49:31.146 [main] INFO  f.i.s.r.p.i.ProjectInspector - BuildProject
14:49:31.146 [main] INFO  f.i.s.r.p.i.ProjectInspector - TestProject
14:49:31.146 [main] INFO  f.i.s.r.p.i.ProjectInspector - ComputeClasspath
14:49:31.146 [main] INFO  f.i.s.r.p.i.ProjectInspector - ComputeSourceDir
14:49:31.147 [main] INFO  f.i.s.r.p.i.ProjectInspector - ComputeTestDir
14:49:31.147 [main] INFO  f.i.s.r.p.i.ProjectInspector - GatherTestInformation
14:49:31.147 [main] INFO  f.i.s.r.p.i.ProjectInspector - FlacocoLocalization
14:49:31.147 [main] INFO  f.i.s.r.p.i.ProjectInspector - PushFaultLocalizationSuggestionsOnGitHubRepository
14:49:31.147 [main] INFO  f.i.s.r.p.s.CloneCheckoutGitPullRequest - Cloning repository https://github.com/apache/rocketmq.git in the following directory: ./workspace/apache-rocketmq-master-4541_repo
14:50:10.574 [Thread-8] ERROR f.i.s.r.p.m.output.MavenErrorHandler - RocketMQLog:ERROR Attempted to append to closed appender named [null].
14:50:10.575 [Thread-8] ERROR f.i.s.r.p.m.output.MavenErrorHandler - RocketMQLog:ERROR Attempted to append to closed appender named [null].
14:50:10.575 [Thread-8] ERROR f.i.s.r.p.m.output.MavenErrorHandler - RocketMQLog: setFile called: /root/logs/rocketmq-test/simple.log, true
14:50:10.575 [Thread-8] ERROR f.i.s.r.p.m.output.MavenErrorHandler - RocketMQLog: setFile ended
14:50:10.575 [Thread-8] ERROR f.i.s.r.p.m.output.MavenErrorHandler - RocketMQLog: setFile called: /root/logs/rocketmq-test/rolling_file.log, true
14:50:10.575 [Thread-8] ERROR f.i.s.r.p.m.output.MavenErrorHandler - RocketMQLog: setFile ended
14:50:10.575 [Thread-8] ERROR f.i.s.r.p.m.output.MavenErrorHandler - RocketMQLog:ERROR Attempted to append to closed appender named [null].
14:50:10.575 [Thread-8] ERROR f.i.s.r.p.m.output.MavenErrorHandler - RocketMQLog:ERROR Attempted to append to closed appender named [null].
14:50:10.575 [Thread-8] ERROR f.i.s.r.p.m.output.MavenErrorHandler - RocketMQLog:ERROR Attempted to append to closed appender named [null].
14:50:10.575 [Thread-8] ERROR f.i.s.r.p.m.output.MavenErrorHandler - RocketMQLog:ERROR Attempted to append to closed appender named [null].
14:50:10.575 [Thread-8] ERROR f.i.s.r.p.m.output.MavenErrorHandler - RocketMQLog:ERROR Attempted to append to closed appender named [null].
14:50:10.575 [Thread-8] ERROR f.i.s.r.p.m.output.MavenErrorHandler - RocketMQLog:ERROR Attempted to append to closed appender named [null].
14:50:10.575 [Thread-8] ERROR f.i.s.r.p.m.output.MavenErrorHandler - RocketMQLog:ERROR Attempted to append to closed appender named [null].
14:50:10.575 [Thread-8] ERROR f.i.s.r.p.m.output.MavenErrorHandler - RocketMQLog:ERROR Attempted to append to closed appender named [null].
14:50:10.575 [Thread-8] ERROR f.i.s.r.p.m.output.MavenErrorHandler - RocketMQLog:ERROR Attempted to append to closed appender named [null].
14:50:10.576 [Thread-8] ERROR f.i.s.r.p.m.output.MavenErrorHandler - RocketMQLog:ERROR Attempted to append to closed appender named [null].
14:50:10.576 [Thread-8] ERROR f.i.s.r.p.m.output.MavenErrorHandler - RocketMQLog:ERROR Attempted to append to closed appender named [null].
14:50:10.577 [Thread-8] ERROR f.i.s.r.p.m.output.MavenErrorHandler - RocketMQLog:ERROR Attempted to append to closed appender named [null].
14:50:10.577 [Thread-8] ERROR f.i.s.r.p.m.output.MavenErrorHandler - RocketMQLog:ERROR Attempted to append to closed appender named [null].
14:50:10.582 [Thread-8] ERROR f.i.s.r.p.m.output.MavenErrorHandler - RocketMQLog:ERROR Attempted to append to closed appender named [null].
14:50:10.582 [Thread-8] ERROR f.i.s.r.p.m.output.MavenErrorHandler - RocketMQLog:ERROR Attempted to append to closed appender named [null].
14:50:11.662 [Thread-8] ERROR f.i.s.r.p.m.output.MavenErrorHandler - RocketMQLog:WARN No appenders could be found for logger (io.netty.util.internal.InternalThreadLocalMap).
14:50:11.663 [Thread-8] ERROR f.i.s.r.p.m.output.MavenErrorHandler - RocketMQLog:WARN Please initialize the logger system properly.
14:50:18.800 [Thread-8] ERROR f.i.s.r.p.m.output.MavenErrorHandler - RocketMQLog:WARN No appenders could be found for logger (RocketmqCommon).
14:50:18.801 [Thread-8] ERROR f.i.s.r.p.m.output.MavenErrorHandler - RocketMQLog:WARN Please initialize the logger system properly.
14:51:10.584 [Thread-8] ERROR f.i.s.r.p.m.output.MavenErrorHandler - Exception in thread "Thread-73" java.lang.IllegalStateException: The consumer not running, please start it first.
14:51:10.584 [Thread-8] ERROR f.i.s.r.p.m.output.MavenErrorHandler - 	at org.apache.rocketmq.client.impl.consumer.DefaultLitePullConsumerImpl.checkServiceState(DefaultLitePullConsumerImpl.java:199)
14:51:10.584 [Thread-8] ERROR f.i.s.r.p.m.output.MavenErrorHandler - 	at org.apache.rocketmq.client.impl.consumer.DefaultLitePullConsumerImpl.poll(DefaultLitePullConsumerImpl.java:537)
14:51:10.584 [Thread-8] ERROR f.i.s.r.p.m.output.MavenErrorHandler - 	at org.apache.rocketmq.client.consumer.DefaultLitePullConsumer.poll(DefaultLitePullConsumer.java:281)
14:51:10.584 [Thread-8] ERROR f.i.s.r.p.m.output.MavenErrorHandler - 	at org.apache.rocketmq.client.consumer.DefaultLitePullConsumerTest$AsyncConsumer$1.run(DefaultLitePullConsumerTest.java:576)
14:51:10.584 [Thread-8] ERROR f.i.s.r.p.m.output.MavenErrorHandler - 	at java.base/java.lang.Thread.run(Thread.java:834)
14:51:24.596 [Thread-8] ERROR f.i.s.r.p.m.output.MavenErrorHandler - org.apache.rocketmq.client.exception.MQClientException: message's topic not equal mq's topic
14:51:24.596 [Thread-8] ERROR f.i.s.r.p.m.output.MavenErrorHandler - For more information, please visit the url, http://rocketmq.apache.org/docs/faq/
14:51:24.596 [Thread-8] ERROR f.i.s.r.p.m.output.MavenErrorHandler - 	at org.apache.rocketmq.client.impl.producer.DefaultMQProducerImpl$4.run(DefaultMQProducerImpl.java:1059)
14:51:24.596 [Thread-8] ERROR f.i.s.r.p.m.output.MavenErrorHandler - 	at java.base/java.util.concurrent.Executors$RunnableAdapter.call(Executors.java:515)
14:51:24.596 [Thread-8] ERROR f.i.s.r.p.m.output.MavenErrorHandler - 	at java.base/java.util.concurrent.FutureTask.run(FutureTask.java:264)
14:51:24.596 [Thread-8] ERROR f.i.s.r.p.m.output.MavenErrorHandler - 	at java.base/java.util.concurrent.ThreadPoolExecutor.runWorker(ThreadPoolExecutor.java:1128)
14:51:24.596 [Thread-8] ERROR f.i.s.r.p.m.output.MavenErrorHandler - 	at java.base/java.util.concurrent.ThreadPoolExecutor$Worker.run(ThreadPoolExecutor.java:628)
14:51:24.596 [Thread-8] ERROR f.i.s.r.p.m.output.MavenErrorHandler - 	at java.base/java.lang.Thread.run(Thread.java:834)
14:51:36.619 [Thread-8] ERROR f.i.s.r.p.m.output.MavenErrorHandler - org.apache.rocketmq.client.exception.MQClientException: The specified topic is blank
14:51:36.619 [Thread-8] ERROR f.i.s.r.p.m.output.MavenErrorHandler - For more information, please visit the url, http://rocketmq.apache.org/docs/faq/
14:51:36.619 [Thread-8] ERROR f.i.s.r.p.m.output.MavenErrorHandler - 	at org.apache.rocketmq.client.Validators.checkTopic(Validators.java:81)
14:51:36.619 [Thread-8] ERROR f.i.s.r.p.m.output.MavenErrorHandler - 	at org.apache.rocketmq.client.Validators.checkMessage(Validators.java:61)
14:51:36.619 [Thread-8] ERROR f.i.s.r.p.m.output.MavenErrorHandler - 	at org.apache.rocketmq.client.impl.producer.DefaultMQProducerImpl.sendDefaultImpl(DefaultMQProducerImpl.java:543)
14:51:36.619 [Thread-8] ERROR f.i.s.r.p.m.output.MavenErrorHandler - 	at org.apache.rocketmq.client.impl.producer.DefaultMQProducerImpl.access$300(DefaultMQProducerImpl.java:98)
14:51:36.619 [Thread-8] ERROR f.i.s.r.p.m.output.MavenErrorHandler - 	at org.apache.rocketmq.client.impl.producer.DefaultMQProducerImpl$3.run(DefaultMQProducerImpl.java:502)
14:51:36.619 [Thread-8] ERROR f.i.s.r.p.m.output.MavenErrorHandler - 	at java.base/java.util.concurrent.Executors$RunnableAdapter.call(Executors.java:515)
14:51:36.619 [Thread-8] ERROR f.i.s.r.p.m.output.MavenErrorHandler - 	at java.base/java.util.concurrent.FutureTask.run(FutureTask.java:264)
14:51:36.619 [Thread-8] ERROR f.i.s.r.p.m.output.MavenErrorHandler - 	at java.base/java.util.concurrent.ThreadPoolExecutor.runWorker(ThreadPoolExecutor.java:1128)
14:51:36.619 [Thread-8] ERROR f.i.s.r.p.m.output.MavenErrorHandler - 	at java.base/java.util.concurrent.ThreadPoolExecutor$Worker.run(ThreadPoolExecutor.java:628)
14:51:36.619 [Thread-8] ERROR f.i.s.r.p.m.output.MavenErrorHandler - 	at java.base/java.lang.Thread.run(Thread.java:834)
14:51:36.619 [Thread-8] ERROR f.i.s.r.p.m.output.MavenErrorHandler - org.apache.rocketmq.client.exception.MQClientException: The specified topic is blank
14:51:36.620 [Thread-8] ERROR f.i.s.r.p.m.output.MavenErrorHandler - For more information, please visit the url, http://rocketmq.apache.org/docs/faq/
14:51:36.620 [Thread-8] ERROR f.i.s.r.p.m.output.MavenErrorHandler - 	at org.apache.rocketmq.client.Validators.checkTopic(Validators.java:81)
14:51:36.620 [Thread-8] ERROR f.i.s.r.p.m.output.MavenErrorHandler - 	at org.apache.rocketmq.client.Validators.checkMessage(Validators.java:61)
14:51:36.620 [Thread-8] ERROR f.i.s.r.p.m.output.MavenErrorHandler - 	at org.apache.rocketmq.client.impl.producer.DefaultMQProducerImpl$4.run(DefaultMQProducerImpl.java:1056)
14:51:36.620 [Thread-8] ERROR f.i.s.r.p.m.output.MavenErrorHandler - 	at java.base/java.util.concurrent.Executors$RunnableAdapter.call(Executors.java:515)
14:51:36.620 [Thread-8] ERROR f.i.s.r.p.m.output.MavenErrorHandler - 	at java.base/java.util.concurrent.FutureTask.run(FutureTask.java:264)
14:51:36.620 [Thread-8] ERROR f.i.s.r.p.m.output.MavenErrorHandler - 	at java.base/java.util.concurrent.ThreadPoolExecutor.runWorker(ThreadPoolExecutor.java:1128)
14:51:36.620 [Thread-8] ERROR f.i.s.r.p.m.output.MavenErrorHandler - 	at java.base/java.util.concurrent.ThreadPoolExecutor$Worker.run(ThreadPoolExecutor.java:628)
14:51:36.620 [Thread-8] ERROR f.i.s.r.p.m.output.MavenErrorHandler - 	at java.base/java.lang.Thread.run(Thread.java:834)
14:51:36.620 [Thread-8] ERROR f.i.s.r.p.m.output.MavenErrorHandler - org.apache.rocketmq.client.exception.MQClientException: message's topic not equal mq's topic
14:51:36.620 [Thread-8] ERROR f.i.s.r.p.m.output.MavenErrorHandler - For more information, please visit the url, http://rocketmq.apache.org/docs/faq/
14:51:36.620 [Thread-8] ERROR f.i.s.r.p.m.output.MavenErrorHandler - 	at org.apache.rocketmq.client.impl.producer.DefaultMQProducerImpl$4.run(DefaultMQProducerImpl.java:1059)
14:51:36.620 [Thread-8] ERROR f.i.s.r.p.m.output.MavenErrorHandler - 	at java.base/java.util.concurrent.Executors$RunnableAdapter.call(Executors.java:515)
14:51:36.620 [Thread-8] ERROR f.i.s.r.p.m.output.MavenErrorHandler - 	at java.base/java.util.concurrent.FutureTask.run(FutureTask.java:264)
14:51:36.620 [Thread-8] ERROR f.i.s.r.p.m.output.MavenErrorHandler - 	at java.base/java.util.concurrent.ThreadPoolExecutor.runWorker(ThreadPoolExecutor.java:1128)
14:51:36.620 [Thread-8] ERROR f.i.s.r.p.m.output.MavenErrorHandler - 	at java.base/java.util.concurrent.ThreadPoolExecutor$Worker.run(ThreadPoolExecutor.java:628)
14:51:36.620 [Thread-8] ERROR f.i.s.r.p.m.output.MavenErrorHandler - 	at java.base/java.lang.Thread.run(Thread.java:834)
14:51:36.621 [Thread-8] ERROR f.i.s.r.p.m.output.MavenErrorHandler - org.apache.rocketmq.client.exception.MQClientException: The specified topic is blank
14:51:36.621 [Thread-8] ERROR f.i.s.r.p.m.output.MavenErrorHandler - For more information, please visit the url, http://rocketmq.apache.org/docs/faq/
14:51:36.621 [Thread-8] ERROR f.i.s.r.p.m.output.MavenErrorHandler - 	at org.apache.rocketmq.client.Validators.checkTopic(Validators.java:81)
14:51:36.621 [Thread-8] ERROR f.i.s.r.p.m.output.MavenErrorHandler - 	at org.apache.rocketmq.client.Validators.checkMessage(Validators.java:61)
14:51:36.621 [Thread-8] ERROR f.i.s.r.p.m.output.MavenErrorHandler - 	at org.apache.rocketmq.client.impl.producer.DefaultMQProducerImpl.sendSelectImpl(DefaultMQProducerImpl.java:1122)
14:51:36.621 [Thread-8] ERROR f.i.s.r.p.m.output.MavenErrorHandler - 	at org.apache.rocketmq.client.impl.producer.DefaultMQProducerImpl.access$600(DefaultMQProducerImpl.java:98)
14:51:36.621 [Thread-8] ERROR f.i.s.r.p.m.output.MavenErrorHandler - 	at org.apache.rocketmq.client.impl.producer.DefaultMQProducerImpl$5.run(DefaultMQProducerImpl.java:1189)
14:51:36.621 [Thread-8] ERROR f.i.s.r.p.m.output.MavenErrorHandler - 	at java.base/java.util.concurrent.Executors$RunnableAdapter.call(Executors.java:515)
14:51:36.621 [Thread-8] ERROR f.i.s.r.p.m.output.MavenErrorHandler - 	at java.base/java.util.concurrent.FutureTask.run(FutureTask.java:264)
14:51:36.621 [Thread-8] ERROR f.i.s.r.p.m.output.MavenErrorHandler - 	at java.base/java.util.concurrent.ThreadPoolExecutor.runWorker(ThreadPoolExecutor.java:1128)
14:51:36.621 [Thread-8] ERROR f.i.s.r.p.m.output.MavenErrorHandler - 	at java.base/java.util.concurrent.ThreadPoolExecutor$Worker.run(ThreadPoolExecutor.java:628)
14:51:36.621 [Thread-8] ERROR f.i.s.r.p.m.output.MavenErrorHandler - 	at java.base/java.lang.Thread.run(Thread.java:834)
14:51:36.622 [Thread-8] ERROR f.i.s.r.p.m.output.MavenErrorHandler - org.apache.rocketmq.client.exception.MQClientException: select message queue return null.
14:51:36.622 [Thread-8] ERROR f.i.s.r.p.m.output.MavenErrorHandler - For more information, please visit the url, http://rocketmq.apache.org/docs/faq/
14:51:36.622 [Thread-8] ERROR f.i.s.r.p.m.output.MavenErrorHandler - 	at org.apache.rocketmq.client.impl.producer.DefaultMQProducerImpl.sendSelectImpl(DefaultMQProducerImpl.java:1146)
14:51:36.622 [Thread-8] ERROR f.i.s.r.p.m.output.MavenErrorHandler - 	at org.apache.rocketmq.client.impl.producer.DefaultMQProducerImpl.access$600(DefaultMQProducerImpl.java:98)
14:51:36.622 [Thread-8] ERROR f.i.s.r.p.m.output.MavenErrorHandler - 	at org.apache.rocketmq.client.impl.producer.DefaultMQProducerImpl$5.run(DefaultMQProducerImpl.java:1189)
14:51:36.622 [Thread-8] ERROR f.i.s.r.p.m.output.MavenErrorHandler - 	at java.base/java.util.concurrent.Executors$RunnableAdapter.call(Executors.java:515)
14:51:36.622 [Thread-8] ERROR f.i.s.r.p.m.output.MavenErrorHandler - 	at java.base/java.util.concurrent.FutureTask.run(FutureTask.java:264)
14:51:36.622 [Thread-8] ERROR f.i.s.r.p.m.output.MavenErrorHandler - 	at java.base/java.util.concurrent.ThreadPoolExecutor.runWorker(ThreadPoolExecutor.java:1128)
14:51:36.622 [Thread-8] ERROR f.i.s.r.p.m.output.MavenErrorHandler - 	at java.base/java.util.concurrent.ThreadPoolExecutor$Worker.run(ThreadPoolExecutor.java:628)
14:51:36.622 [Thread-8] ERROR f.i.s.r.p.m.output.MavenErrorHandler - 	at java.base/java.lang.Thread.run(Thread.java:834)
14:52:32.541 [Thread-7] ERROR f.i.s.r.p.m.o.MavenFilterOutputHandler - [ERROR] Failed to execute goal org.apache.maven.plugins:maven-surefire-plugin:2.19.1:test (default-test) on project rocketmq-store: There are test failures.
14:52:32.541 [Thread-7] ERROR f.i.s.r.p.m.o.MavenFilterOutputHandler - [ERROR] 
14:52:32.541 [Thread-7] ERROR f.i.s.r.p.m.o.MavenFilterOutputHandler - [ERROR] Please refer to /root/workspace/apache-rocketmq-master-4541_repo/store/target/surefire-reports for the individual test results.
14:52:32.541 [Thread-7] ERROR f.i.s.r.p.m.o.MavenFilterOutputHandler - [ERROR] -> [Help 1]
14:52:32.545 [Thread-7] ERROR f.i.s.r.p.m.o.MavenFilterOutputHandler - [ERROR] 
14:52:32.545 [Thread-7] ERROR f.i.s.r.p.m.o.MavenFilterOutputHandler - [ERROR] Re-run Maven using the -X switch to enable full debug logging.
14:52:32.545 [Thread-7] ERROR f.i.s.r.p.m.o.MavenFilterOutputHandler - [ERROR] 
14:52:32.545 [Thread-7] ERROR f.i.s.r.p.m.o.MavenFilterOutputHandler - [ERROR] For more information about the errors and possible solutions, please read the following articles:
14:52:32.545 [Thread-7] ERROR f.i.s.r.p.m.o.MavenFilterOutputHandler - [ERROR] [Help 1] http://cwiki.apache.org/confluence/display/MAVEN/MojoFailureException
14:52:32.545 [Thread-7] ERROR f.i.s.r.p.m.o.MavenFilterOutputHandler - [ERROR] 
14:52:32.545 [Thread-7] ERROR f.i.s.r.p.m.o.MavenFilterOutputHandler - [ERROR] After correcting the problems, you can resume the build with the command
14:52:32.545 [Thread-7] ERROR f.i.s.r.p.m.o.MavenFilterOutputHandler - [ERROR]   mvn <goals> -rf :rocketmq-store
14:52:35.631 [main] ERROR f.i.s.r.p.s.paths.ComputeClasspath - The file does not exist: /root/./workspace/apache-rocketmq-master-4541_repo/target/classes.
14:52:35.631 [main] ERROR f.i.s.r.p.s.paths.ComputeClasspath - The file does not exist: /root/./workspace/apache-rocketmq-master-4541_repo/target/test-classes.
14:52:35.711 [main] ERROR f.i.s.r.process.maven.MavenHelper - Error while building complete model. The raw model will be used. Error message: 1 problem was encountered while building the effective model for org.apache.rocketmq:rocketmq-all:4.9.5-SNAPSHOT
[ERROR] Failed to determine Java version for profile jdk8 @ 

14:52:35.732 [main] ERROR f.i.s.r.process.maven.MavenHelper - Error while building complete model. The raw model will be used. Error message: 1 problem was encountered while building the effective model for org.apache.rocketmq:rocketmq-distribution:4.9.5-SNAPSHOT
[ERROR] Failed to determine Java version for profile jdk8 @ org.apache.rocketmq:rocketmq-all:4.9.5-SNAPSHOT, /root/workspace/apache-rocketmq-master-4541_repo/pom.xml

14:52:35.733 [main] ERROR f.i.s.r.p.s.paths.ComputeSourceDir - The source directory is not at default location or specified in build section from pom.xml, and no parent can be found.
14:52:35.734 [main] INFO  f.i.s.r.p.s.paths.ComputeSourceDir - 14 source dirs were found:
14:52:35.734 [main] INFO  f.i.s.r.p.s.paths.ComputeSourceDir - /root/workspace/apache-rocketmq-master-4541_repo/acl/src/main/java
14:52:35.734 [main] INFO  f.i.s.r.p.s.paths.ComputeSourceDir - /root/workspace/apache-rocketmq-master-4541_repo/broker/src/main/java
14:52:35.734 [main] INFO  f.i.s.r.p.s.paths.ComputeSourceDir - /root/workspace/apache-rocketmq-master-4541_repo/client/src/main/java
14:52:35.734 [main] INFO  f.i.s.r.p.s.paths.ComputeSourceDir - /root/workspace/apache-rocketmq-master-4541_repo/common/src/main/java
14:52:35.734 [main] INFO  f.i.s.r.p.s.paths.ComputeSourceDir - /root/workspace/apache-rocketmq-master-4541_repo/example/src/main/java
14:52:35.734 [main] INFO  f.i.s.r.p.s.paths.ComputeSourceDir - /root/workspace/apache-rocketmq-master-4541_repo/filter/src/main/java
14:52:35.734 [main] INFO  f.i.s.r.p.s.paths.ComputeSourceDir - /root/workspace/apache-rocketmq-master-4541_repo/logging/src/main/java
14:52:35.734 [main] INFO  f.i.s.r.p.s.paths.ComputeSourceDir - /root/workspace/apache-rocketmq-master-4541_repo/namesrv/src/main/java
14:52:35.734 [main] INFO  f.i.s.r.p.s.paths.ComputeSourceDir - /root/workspace/apache-rocketmq-master-4541_repo/openmessaging/src/main/java
14:52:35.734 [main] INFO  f.i.s.r.p.s.paths.ComputeSourceDir - /root/workspace/apache-rocketmq-master-4541_repo/remoting/src/main/java
14:52:35.734 [main] INFO  f.i.s.r.p.s.paths.ComputeSourceDir - /root/workspace/apache-rocketmq-master-4541_repo/srvutil/src/main/java
14:52:35.734 [main] INFO  f.i.s.r.p.s.paths.ComputeSourceDir - /root/workspace/apache-rocketmq-master-4541_repo/store/src/main/java
14:52:35.734 [main] INFO  f.i.s.r.p.s.paths.ComputeSourceDir - /root/workspace/apache-rocketmq-master-4541_repo/test/src/main/java
14:52:35.734 [main] INFO  f.i.s.r.p.s.paths.ComputeSourceDir - /root/workspace/apache-rocketmq-master-4541_repo/tools/src/main/java
14:52:35.742 [main] ERROR f.i.s.r.process.maven.MavenHelper - Error while building complete model. The raw model will be used. Error message: 1 problem was encountered while building the effective model for org.apache.rocketmq:rocketmq-all:4.9.5-SNAPSHOT
[ERROR] Failed to determine Java version for profile jdk8 @ 

14:52:35.748 [main] ERROR f.i.s.r.process.maven.MavenHelper - Error while building complete model. The raw model will be used. Error message: 1 problem was encountered while building the effective model for org.apache.rocketmq:rocketmq-client:4.9.5-SNAPSHOT
[ERROR] Failed to determine Java version for profile jdk8 @ org.apache.rocketmq:rocketmq-all:4.9.5-SNAPSHOT, /root/workspace/apache-rocketmq-master-4541_repo/pom.xml

14:52:35.753 [main] ERROR f.i.s.r.process.maven.MavenHelper - Error while building complete model. The raw model will be used. Error message: 1 problem was encountered while building the effective model for org.apache.rocketmq:rocketmq-common:4.9.5-SNAPSHOT
[ERROR] Failed to determine Java version for profile jdk8 @ org.apache.rocketmq:rocketmq-all:4.9.5-SNAPSHOT, /root/workspace/apache-rocketmq-master-4541_repo/pom.xml

14:52:35.759 [main] ERROR f.i.s.r.process.maven.MavenHelper - Error while building complete model. The raw model will be used. Error message: 1 problem was encountered while building the effective model for org.apache.rocketmq:rocketmq-broker:4.9.5-SNAPSHOT
[ERROR] Failed to determine Java version for profile jdk8 @ org.apache.rocketmq:rocketmq-all:4.9.5-SNAPSHOT, /root/workspace/apache-rocketmq-master-4541_repo/pom.xml

14:52:35.763 [main] ERROR f.i.s.r.process.maven.MavenHelper - Error while building complete model. The raw model will be used. Error message: 1 problem was encountered while building the effective model for org.apache.rocketmq:rocketmq-tools:4.9.5-SNAPSHOT
[ERROR] Failed to determine Java version for profile jdk8 @ org.apache.rocketmq:rocketmq-all:4.9.5-SNAPSHOT, /root/workspace/apache-rocketmq-master-4541_repo/pom.xml

14:52:35.766 [main] ERROR f.i.s.r.process.maven.MavenHelper - Error while building complete model. The raw model will be used. Error message: 1 problem was encountered while building the effective model for org.apache.rocketmq:rocketmq-store:4.9.5-SNAPSHOT
[ERROR] Failed to determine Java version for profile jdk8 @ org.apache.rocketmq:rocketmq-all:4.9.5-SNAPSHOT, /root/workspace/apache-rocketmq-master-4541_repo/pom.xml

14:52:35.770 [main] ERROR f.i.s.r.process.maven.MavenHelper - Error while building complete model. The raw model will be used. Error message: 1 problem was encountered while building the effective model for org.apache.rocketmq:rocketmq-namesrv:4.9.5-SNAPSHOT
[ERROR] Failed to determine Java version for profile jdk8 @ org.apache.rocketmq:rocketmq-all:4.9.5-SNAPSHOT, /root/workspace/apache-rocketmq-master-4541_repo/pom.xml

14:52:35.774 [main] ERROR f.i.s.r.process.maven.MavenHelper - Error while building complete model. The raw model will be used. Error message: 1 problem was encountered while building the effective model for org.apache.rocketmq:rocketmq-remoting:4.9.5-SNAPSHOT
[ERROR] Failed to determine Java version for profile jdk8 @ org.apache.rocketmq:rocketmq-all:4.9.5-SNAPSHOT, /root/workspace/apache-rocketmq-master-4541_repo/pom.xml

14:52:35.777 [main] ERROR f.i.s.r.process.maven.MavenHelper - Error while building complete model. The raw model will be used. Error message: 1 problem was encountered while building the effective model for org.apache.rocketmq:rocketmq-srvutil:4.9.5-SNAPSHOT
[ERROR] Failed to determine Java version for profile jdk8 @ org.apache.rocketmq:rocketmq-all:4.9.5-SNAPSHOT, /root/workspace/apache-rocketmq-master-4541_repo/pom.xml

14:52:35.778 [main] ERROR f.i.s.r.p.step.paths.ComputeTestDir - The test directory is not at default location or specified in build section from pom.xml, and no parent can be found.
14:52:35.782 [main] ERROR f.i.s.r.process.maven.MavenHelper - Error while building complete model. The raw model will be used. Error message: 1 problem was encountered while building the effective model for org.apache.rocketmq:rocketmq-filter:4.9.5-SNAPSHOT
[ERROR] Failed to determine Java version for profile jdk8 @ org.apache.rocketmq:rocketmq-all:4.9.5-SNAPSHOT, /root/workspace/apache-rocketmq-master-4541_repo/pom.xml

14:52:35.785 [main] ERROR f.i.s.r.process.maven.MavenHelper - Error while building complete model. The raw model will be used. Error message: 1 problem was encountered while building the effective model for org.apache.rocketmq:rocketmq-test:4.9.5-SNAPSHOT
[ERROR] Failed to determine Java version for profile jdk8 @ org.apache.rocketmq:rocketmq-all:4.9.5-SNAPSHOT, /root/workspace/apache-rocketmq-master-4541_repo/pom.xml

14:52:35.788 [main] ERROR f.i.s.r.process.maven.MavenHelper - Error while building complete model. The raw model will be used. Error message: 1 problem was encountered while building the effective model for org.apache.rocketmq:rocketmq-distribution:4.9.5-SNAPSHOT
[ERROR] Failed to determine Java version for profile jdk8 @ org.apache.rocketmq:rocketmq-all:4.9.5-SNAPSHOT, /root/workspace/apache-rocketmq-master-4541_repo/pom.xml

14:52:35.788 [main] ERROR f.i.s.r.p.step.paths.ComputeTestDir - The test directory is not at default location or specified in build section from pom.xml, and no parent can be found.
14:52:35.791 [main] ERROR f.i.s.r.process.maven.MavenHelper - Error while building complete model. The raw model will be used. Error message: 1 problem was encountered while building the effective model for org.apache.rocketmq:rocketmq-openmessaging:4.9.5-SNAPSHOT
[ERROR] Failed to determine Java version for profile jdk8 @ org.apache.rocketmq:rocketmq-all:4.9.5-SNAPSHOT, /root/workspace/apache-rocketmq-master-4541_repo/pom.xml

14:52:35.794 [main] ERROR f.i.s.r.process.maven.MavenHelper - Error while building complete model. The raw model will be used. Error message: 1 problem was encountered while building the effective model for org.apache.rocketmq:rocketmq-logging:4.9.5-SNAPSHOT
[ERROR] Failed to determine Java version for profile jdk8 @ org.apache.rocketmq:rocketmq-all:4.9.5-SNAPSHOT, /root/workspace/apache-rocketmq-master-4541_repo/pom.xml

14:52:35.797 [main] ERROR f.i.s.r.process.maven.MavenHelper - Error while building complete model. The raw model will be used. Error message: 1 problem was encountered while building the effective model for org.apache.rocketmq:rocketmq-acl:4.9.5-SNAPSHOT
[ERROR] Failed to determine Java version for profile jdk8 @ org.apache.rocketmq:rocketmq-all:4.9.5-SNAPSHOT, /root/workspace/apache-rocketmq-master-4541_repo/pom.xml

14:52:35.800 [main] ERROR f.i.s.r.process.maven.MavenHelper - Error while building complete model. The raw model will be used. Error message: 1 problem was encountered while building the effective model for org.apache.rocketmq:rocketmq-example:4.9.5-SNAPSHOT
[ERROR] Failed to determine Java version for profile jdk8 @ org.apache.rocketmq:rocketmq-all:4.9.5-SNAPSHOT, /root/workspace/apache-rocketmq-master-4541_repo/pom.xml

14:52:35.800 [main] ERROR f.i.s.r.p.step.paths.ComputeTestDir - The test directory is not at default location or specified in build section from pom.xml, and no parent can be found.
14:52:35.800 [main] INFO  f.i.s.r.p.step.paths.ComputeTestDir - 12 test dirs were found:
14:52:35.800 [main] INFO  f.i.s.r.p.step.paths.ComputeTestDir - /root/workspace/apache-rocketmq-master-4541_repo/acl/src/test/java
14:52:35.800 [main] INFO  f.i.s.r.p.step.paths.ComputeTestDir - /root/workspace/apache-rocketmq-master-4541_repo/broker/src/test/java
14:52:35.800 [main] INFO  f.i.s.r.p.step.paths.ComputeTestDir - /root/workspace/apache-rocketmq-master-4541_repo/client/src/test/java
14:52:35.800 [main] INFO  f.i.s.r.p.step.paths.ComputeTestDir - /root/workspace/apache-rocketmq-master-4541_repo/common/src/test/java
14:52:35.800 [main] INFO  f.i.s.r.p.step.paths.ComputeTestDir - /root/workspace/apache-rocketmq-master-4541_repo/filter/src/test/java
14:52:35.800 [main] INFO  f.i.s.r.p.step.paths.ComputeTestDir - /root/workspace/apache-rocketmq-master-4541_repo/logging/src/test/java
14:52:35.800 [main] INFO  f.i.s.r.p.step.paths.ComputeTestDir - /root/workspace/apache-rocketmq-master-4541_repo/namesrv/src/test/java
14:52:35.800 [main] INFO  f.i.s.r.p.step.paths.ComputeTestDir - /root/workspace/apache-rocketmq-master-4541_repo/openmessaging/src/test/java
14:52:35.800 [main] INFO  f.i.s.r.p.step.paths.ComputeTestDir - /root/workspace/apache-rocketmq-master-4541_repo/remoting/src/test/java
14:52:35.801 [main] INFO  f.i.s.r.p.step.paths.ComputeTestDir - /root/workspace/apache-rocketmq-master-4541_repo/store/src/test/java
14:52:35.801 [main] INFO  f.i.s.r.p.step.paths.ComputeTestDir - /root/workspace/apache-rocketmq-master-4541_repo/test/src/test/java
14:52:35.801 [main] INFO  f.i.s.r.p.step.paths.ComputeTestDir - /root/workspace/apache-rocketmq-master-4541_repo/tools/src/test/java
14:52:35.996 [main] INFO  f.i.s.r.p.s.g.GatherTestInformation - Get the following failing module path: /root/workspace/apache-rocketmq-master-4541_repo/store
14:52:36.002 [main] INFO  f.i.s.r.p.s.g.GatherTestInformation - ---Test results---
14:52:36.002 [main] INFO  f.i.s.r.p.s.g.GatherTestInformation -    Total tests: 386
14:52:36.002 [main] INFO  f.i.s.r.p.s.g.GatherTestInformation -    Tests run: 364
14:52:36.002 [main] INFO  f.i.s.r.p.s.g.GatherTestInformation -    Tests passing: 362
14:52:36.003 [main] INFO  f.i.s.r.p.s.g.GatherTestInformation -    Failures: 1
14:52:36.003 [main] INFO  f.i.s.r.p.s.g.GatherTestInformation -    Errors: 1
14:52:36.003 [main] INFO  f.i.s.r.p.s.g.GatherTestInformation -    Skipped: 22
[0] INFO Flacoco - Running Flacoco...
[22] WARN TestMethodFilter - NoClassDefFoundError: class org.apache.rocketmq.store.dledger.DLedgerCommitLog
[24] WARN TestMethodFilter - NoClassDefFoundError: class org.apache.rocketmq.store.MultiDispatch
[25] WARN TestMethodFilter - NoClassDefFoundError: class org.apache.rocketmq.store.CommitLog
[28] WARN TestMethodFilter - NoClassDefFoundError: class org.apache.rocketmq.store.MappedFile
[33] WARN TestMethodFilter - NoClassDefFoundError: class org.apache.rocketmq.store.stats.LmqBrokerStatsManager
[34] WARN TestMethodFilter - NoClassDefFoundError: class org.apache.rocketmq.store.stats.BrokerStatsManager
[35] WARN TestMethodFilter - NoClassDefFoundError: class org.apache.rocketmq.store.DefaultMessageStore
[42] WARN TestMethodFilter - NoClassDefFoundError: class org.apache.rocketmq.store.ConsumeQueueTest
[44] WARN TestMethodFilter - NoClassDefFoundError: class org.apache.rocketmq.store.BatchPutMessageTest
[47] WARN TestMethodFilter - NoClassDefFoundError: class org.apache.rocketmq.store.schedule.ScheduleMessageServiceTest
[50] WARN TestMethodFilter - NoClassDefFoundError: class org.apache.rocketmq.store.dledger.DLedgerCommitLog
[50] WARN TestMethodFilter - NoClassDefFoundError: class org.apache.rocketmq.store.MultiDispatch
[51] WARN TestMethodFilter - NoClassDefFoundError: class org.apache.rocketmq.store.CommitLog
[51] WARN TestMethodFilter - NoClassDefFoundError: class org.apache.rocketmq.store.ha.HAConnection
[51] WARN TestMethodFilter - NoClassDefFoundError: class org.apache.rocketmq.store.ha.HAService
[51] WARN TestMethodFilter - NoClassDefFoundError: class org.apache.rocketmq.store.MappedFile
[53] WARN TestMethodFilter - NoClassDefFoundError: class org.apache.rocketmq.store.stats.BrokerStatsManager
[53] WARN TestMethodFilter - NoClassDefFoundError: class org.apache.rocketmq.store.DefaultMessageStore
[54] WARN TestMethodFilter - NoClassDefFoundError: class org.apache.rocketmq.store.ConsumeQueueTest
[55] WARN TestMethodFilter - NoClassDefFoundError: class org.apache.rocketmq.store.HATest
[55] WARN TestMethodFilter - NoClassDefFoundError: class org.apache.rocketmq.store.BatchPutMessageTest
[55] WARN TestMethodFilter - NoClassDefFoundError: class org.apache.rocketmq.store.DefaultMessageStoreTest
[56] WARN TestMethodFilter - NoClassDefFoundError: class org.apache.rocketmq.store.StoreTestBase
[56] WARN TestMethodFilter - NoClassDefFoundError: class org.apache.rocketmq.store.schedule.ScheduleMessageServiceTest
[1186] WARN CoverageRunner - Test [Manual]TestMethod=org.apache.rocketmq.store.dledger.MixCommitlogTest#testFallBehindCQ result was not reported by test-runner.
[1186] WARN CoverageRunner - Test [Manual]TestMethod=org.apache.rocketmq.store.dledger.MixCommitlogTest#testPutAndGet result was not reported by test-runner.
[1186] WARN CoverageRunner - Test [Manual]TestMethod=org.apache.rocketmq.store.dledger.MixCommitlogTest#testDeleteExpiredFiles result was not reported by test-runner.
[1186] WARN CoverageRunner - Test [Manual]TestMethod=org.apache.rocketmq.store.dledger.DLedgerMultiPathTest#multiDirsStorageTest result was not reported by test-runner.
[1186] WARN CoverageRunner - Test [Manual]TestMethod=org.apache.rocketmq.store.dledger.DLedgerCommitlogTest#testTruncateCQ result was not reported by test-runner.
[1186] WARN CoverageRunner - Test [Manual]TestMethod=org.apache.rocketmq.store.dledger.DLedgerCommitlogTest#testRecover result was not reported by test-runner.
[1186] WARN CoverageRunner - Test [Manual]TestMethod=org.apache.rocketmq.store.dledger.DLedgerCommitlogTest#testPutAndGetMessage result was not reported by test-runner.
[1186] WARN CoverageRunner - Test [Manual]TestMethod=org.apache.rocketmq.store.dledger.DLedgerCommitlogTest#testBatchPutAndGetMessage result was not reported by test-runner.
[1186] WARN CoverageRunner - Test [Manual]TestMethod=org.apache.rocketmq.store.dledger.DLedgerCommitlogTest#testAsyncPutAndGetMessage result was not reported by test-runner.
[1186] WARN CoverageRunner - Test [Manual]TestMethod=org.apache.rocketmq.store.dledger.DLedgerCommitlogTest#testAsyncBatchPutAndGetMessage result was not reported by test-runner.
[1186] WARN CoverageRunner - Test [Manual]TestMethod=org.apache.rocketmq.store.dledger.DLedgerCommitlogTest#testCommittedPos result was not reported by test-runner.
[1186] WARN CoverageRunner - Test [Manual]TestMethod=org.apache.rocketmq.store.dledger.DLedgerCommitlogTest#testIPv6HostMsgCommittedPos result was not reported by test-runner.
[1568] WARN CoverageRunner - Test [Manual]TestMethod=org.apache.rocketmq.store.HATest#testHandleHA result was not reported by test-runner.
[1569] WARN CoverageRunner - Test [Manual]TestMethod=org.apache.rocketmq.store.HATest#testSemiSyncReplica result was not reported by test-runner.
[1966] WARN CoverageRunner - Test [Manual]TestMethod=org.apache.rocketmq.store.DefaultMessageStoreTest#testRecover result was not reported by test-runner.
[1966] WARN CoverageRunner - Test [Manual]TestMethod=org.apache.rocketmq.store.DefaultMessageStoreTest#testWriteAndRead result was not reported by test-runner.
[1966] WARN CoverageRunner - Test [Manual]TestMethod=org.apache.rocketmq.store.DefaultMessageStoreTest#test_repeat_restart result was not reported by test-runner.
[1966] WARN CoverageRunner - Test [Manual]TestMethod=org.apache.rocketmq.store.DefaultMessageStoreTest#testLookMessageByOffset_OffsetIsFirst result was not reported by test-runner.
[1966] WARN CoverageRunner - Test [Manual]TestMethod=org.apache.rocketmq.store.DefaultMessageStoreTest#testLookMessageByOffset_OffsetIsLast result was not reported by test-runner.
[1966] WARN CoverageRunner - Test [Manual]TestMethod=org.apache.rocketmq.store.DefaultMessageStoreTest#testLookMessageByOffset_OffsetIsOutOfBound result was not reported by test-runner.
[1966] WARN CoverageRunner - Test [Manual]TestMethod=org.apache.rocketmq.store.DefaultMessageStoreTest#testGetOffsetInQueueByTime result was not reported by test-runner.
[1966] WARN CoverageRunner - Test [Manual]TestMethod=org.apache.rocketmq.store.DefaultMessageStoreTest#testGetOffsetInQueueByTime_TimestampIsSkewing result was not reported by test-runner.
[1966] WARN CoverageRunner - Test [Manual]TestMethod=org.apache.rocketmq.store.DefaultMessageStoreTest#testGetOffsetInQueueByTime_TimestampSkewingIsLarge result was not reported by test-runner.
[1966] WARN CoverageRunner - Test [Manual]TestMethod=org.apache.rocketmq.store.DefaultMessageStoreTest#testGetOffsetInQueueByTime_ConsumeQueueNotFound1 result was not reported by test-runner.
[1966] WARN CoverageRunner - Test [Manual]TestMethod=org.apache.rocketmq.store.DefaultMessageStoreTest#testGetOffsetInQueueByTime_ConsumeQueueNotFound2 result was not reported by test-runner.
[1966] WARN CoverageRunner - Test [Manual]TestMethod=org.apache.rocketmq.store.DefaultMessageStoreTest#testGetOffsetInQueueByTime_ConsumeQueueOffsetNotExist result was not reported by test-runner.
[1966] WARN CoverageRunner - Test [Manual]TestMethod=org.apache.rocketmq.store.DefaultMessageStoreTest#testGetMessageStoreTimeStamp result was not reported by test-runner.
[1966] WARN CoverageRunner - Test [Manual]TestMethod=org.apache.rocketmq.store.DefaultMessageStoreTest#testGetStoreTime_ParamIsNull result was not reported by test-runner.
[1966] WARN CoverageRunner - Test [Manual]TestMethod=org.apache.rocketmq.store.DefaultMessageStoreTest#testGetStoreTime_EverythingIsOk result was not reported by test-runner.
[1966] WARN CoverageRunner - Test [Manual]TestMethod=org.apache.rocketmq.store.DefaultMessageStoreTest#testGetStoreTime_PhyOffsetIsLessThanCommitLogMinOffset result was not reported by test-runner.
[1966] WARN CoverageRunner - Test [Manual]TestMethod=org.apache.rocketmq.store.DefaultMessageStoreTest#testPullSize result was not reported by test-runner.
[1966] WARN CoverageRunner - Test [Manual]TestMethod=org.apache.rocketmq.store.DefaultMessageStoreTest#testStorePathOK result was not reported by test-runner.
[1966] WARN CoverageRunner - Test [Manual]TestMethod=org.apache.rocketmq.store.DefaultMessageStoreTest#testCleanUnusedLmqTopic result was not reported by test-runner.
[1966] WARN CoverageRunner - Test [Manual]TestMethod=org.apache.rocketmq.store.DefaultMessageStoreTest#testPutLongMessage result was not reported by test-runner.
[1966] WARN CoverageRunner - Test [Manual]TestMethod=org.apache.rocketmq.store.DefaultMessageStoreTest#testDynamicMaxMessageSize result was not reported by test-runner.
[2339] INFO CoverageRunner - Tests found: 93
[2339] INFO CoverageRunner - Tests executed: 58
14:52:38.835 [main] INFO  fr.inria.jtravis.JTravis - GitHub ratelimit: Limit: 5000 Remaining: 3339 Reset hour: 05:11:20
14:52:39.912 [main] WARN  f.i.s.r.p.s.p.PushFaultLocalizationSuggestionsOnGitHubRepository - Flacoco has found 104 suspicious lines, but none were matched to the diff
14:52:40.475 [main] INFO  f.i.s.r.p.s.f.FlacocoLocalization - 
14:52:40.705 [main] INFO  f.i.s.r.p.i.ProjectInspector - ----------------------------------------------------------------------
14:52:40.705 [main] INFO  f.i.s.r.p.i.ProjectInspector - PIPELINE EXECUTION SUMMARY
14:52:40.705 [main] INFO  f.i.s.r.p.i.ProjectInspector - ----------------------------------------------------------------------
14:52:40.705 [main] INFO  f.i.s.r.p.i.ProjectInspector - CloneCheckoutGitPullRequest..........................SUCCESS [   8 s ]
14:52:40.705 [main] INFO  f.i.s.r.p.i.ProjectInspector - BuildProject.........................................SUCCESS [  23 s ]
14:52:40.705 [main] INFO  f.i.s.r.p.i.ProjectInspector - TestProject..........................................SUCCESS [ 150 s ]
14:52:40.705 [main] INFO  f.i.s.r.p.i.ProjectInspector - ComputeClasspath.....................................SUCCESS [   3 s ]
14:52:40.705 [main] INFO  f.i.s.r.p.i.ProjectInspector - ComputeSourceDir.....................................SUCCESS [   0 s ]
14:52:40.705 [main] INFO  f.i.s.r.p.i.ProjectInspector - ComputeTestDir.......................................SUCCESS [   0 s ]
14:52:40.705 [main] INFO  f.i.s.r.p.i.ProjectInspector - GatherTestInformation................................SUCCESS [   0 s ]
14:52:40.705 [main] INFO  f.i.s.r.p.i.ProjectInspector - FlacocoLocalization..................................SUCCESS [   2 s ]
14:52:40.705 [main] INFO  f.i.s.r.p.i.ProjectInspector - PushFaultLocalizationSuggestionsOnGitHubRepository...SKIPPED          
14:52:40.707 [main] INFO  f.i.s.r.p.i.ProjectInspector - ----------------------------------------------------------------------
14:52:40.707 [main] INFO  f.i.s.r.p.i.ProjectInspector - PIPELINE FINDING: TEST FAILURE
14:52:40.707 [main] INFO  f.i.s.r.p.i.ProjectInspector - ----------------------------------------------------------------------
14:52:40.707 [main] INFO  f.i.s.r.p.github.GithubMainProcess - Inspector is finished. The process will exit now.
