Execute pipeline with following supplementary args: --smtpPort 25 --listenerMode NOOP --launcherMode FAULT_LOCALIZATION  --gitrepourl https://github.com/apache/rocketmq --gitrepopullrequest 4553
java -cp /usr/local/openjdk-11/lib/tools.jar:repairnator-pipeline.jar -Dlogback.configurationFile=/root/logback.xml fr.inria.spirals.repairnator.pipeline.Launcher -d --runId null -o /var/log --ghOauth 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 --faultLocalization --flacocoThreshold 0.0 --flacocoTopK null --flacocoResultsRepository flacocobot/2022-flacocobot-experiment --ghOauth  --smtpPort 25 --listenerMode NOOP --launcherMode FAULT_LOCALIZATION  --gitrepourl https://github.com/apache/rocketmq --gitrepopullrequest 4553

15:40:48.006 [main] INFO  f.i.s.r.p.g.GithubInitSerializerEngines - Initialize file serializer engines.
15:40:48.008 [main] INFO  f.i.s.r.p.g.GithubInitSerializerEngines - MongoDB won't be used for serialization.
15:40:48.008 [main] INFO  f.i.s.r.p.github.GithubInitNotifiers - The email notifier engine won't be used.
15:40:48.027 [main] INFO  f.i.s.r.p.i.ProjectInspector - ----------------------------------------------------------------------
15:40:48.027 [main] INFO  f.i.s.r.p.i.ProjectInspector - PIPELINE STEPS
15:40:48.027 [main] INFO  f.i.s.r.p.i.ProjectInspector - ----------------------------------------------------------------------
15:40:48.027 [main] INFO  f.i.s.r.p.i.ProjectInspector - CloneCheckoutGitPullRequest
15:40:48.027 [main] INFO  f.i.s.r.p.i.ProjectInspector - BuildProject
15:40:48.027 [main] INFO  f.i.s.r.p.i.ProjectInspector - TestProject
15:40:48.027 [main] INFO  f.i.s.r.p.i.ProjectInspector - ComputeClasspath
15:40:48.027 [main] INFO  f.i.s.r.p.i.ProjectInspector - ComputeSourceDir
15:40:48.027 [main] INFO  f.i.s.r.p.i.ProjectInspector - ComputeTestDir
15:40:48.027 [main] INFO  f.i.s.r.p.i.ProjectInspector - GatherTestInformation
15:40:48.027 [main] INFO  f.i.s.r.p.i.ProjectInspector - FlacocoLocalization
15:40:48.027 [main] INFO  f.i.s.r.p.i.ProjectInspector - PushFaultLocalizationSuggestionsOnGitHubRepository
15:40:48.027 [main] INFO  f.i.s.r.p.s.CloneCheckoutGitPullRequest - Cloning repository https://github.com/apache/rocketmq.git in the following directory: ./workspace/apache-rocketmq-master-4553_repo
15:41:16.782 [Thread-8] ERROR f.i.s.r.p.m.output.MavenErrorHandler - RocketMQLog:ERROR Attempted to append to closed appender named [null].
15:41:16.782 [Thread-8] ERROR f.i.s.r.p.m.output.MavenErrorHandler - RocketMQLog:ERROR Attempted to append to closed appender named [null].
15:41:16.782 [Thread-8] ERROR f.i.s.r.p.m.output.MavenErrorHandler - RocketMQLog: setFile called: /root/logs/rocketmq-test/simple.log, true
15:41:16.783 [Thread-8] ERROR f.i.s.r.p.m.output.MavenErrorHandler - RocketMQLog: setFile ended
15:41:16.783 [Thread-8] ERROR f.i.s.r.p.m.output.MavenErrorHandler - RocketMQLog: setFile called: /root/logs/rocketmq-test/rolling_file.log, true
15:41:16.783 [Thread-8] ERROR f.i.s.r.p.m.output.MavenErrorHandler - RocketMQLog: setFile ended
15:41:16.783 [Thread-8] ERROR f.i.s.r.p.m.output.MavenErrorHandler - RocketMQLog:ERROR Attempted to append to closed appender named [null].
15:41:16.783 [Thread-8] ERROR f.i.s.r.p.m.output.MavenErrorHandler - RocketMQLog:ERROR Attempted to append to closed appender named [null].
15:41:16.783 [Thread-8] ERROR f.i.s.r.p.m.output.MavenErrorHandler - RocketMQLog:ERROR Attempted to append to closed appender named [null].
15:41:16.783 [Thread-8] ERROR f.i.s.r.p.m.output.MavenErrorHandler - RocketMQLog:ERROR Attempted to append to closed appender named [null].
15:41:16.783 [Thread-8] ERROR f.i.s.r.p.m.output.MavenErrorHandler - RocketMQLog:ERROR Attempted to append to closed appender named [null].
15:41:16.783 [Thread-8] ERROR f.i.s.r.p.m.output.MavenErrorHandler - RocketMQLog:ERROR Attempted to append to closed appender named [null].
15:41:16.784 [Thread-8] ERROR f.i.s.r.p.m.output.MavenErrorHandler - RocketMQLog:ERROR Attempted to append to closed appender named [null].
15:41:16.784 [Thread-8] ERROR f.i.s.r.p.m.output.MavenErrorHandler - RocketMQLog:ERROR Attempted to append to closed appender named [null].
15:41:16.784 [Thread-8] ERROR f.i.s.r.p.m.output.MavenErrorHandler - RocketMQLog:ERROR Attempted to append to closed appender named [null].
15:41:16.784 [Thread-8] ERROR f.i.s.r.p.m.output.MavenErrorHandler - RocketMQLog:ERROR Attempted to append to closed appender named [null].
15:41:16.784 [Thread-8] ERROR f.i.s.r.p.m.output.MavenErrorHandler - RocketMQLog:ERROR Attempted to append to closed appender named [null].
15:41:16.785 [Thread-8] ERROR f.i.s.r.p.m.output.MavenErrorHandler - RocketMQLog:ERROR Attempted to append to closed appender named [null].
15:41:16.785 [Thread-8] ERROR f.i.s.r.p.m.output.MavenErrorHandler - RocketMQLog:ERROR Attempted to append to closed appender named [null].
15:41:16.785 [Thread-8] ERROR f.i.s.r.p.m.output.MavenErrorHandler - RocketMQLog:ERROR Attempted to append to closed appender named [null].
15:41:16.785 [Thread-8] ERROR f.i.s.r.p.m.output.MavenErrorHandler - RocketMQLog:ERROR Attempted to append to closed appender named [null].
15:41:17.559 [Thread-8] ERROR f.i.s.r.p.m.output.MavenErrorHandler - RocketMQLog:WARN No appenders could be found for logger (io.netty.util.internal.InternalThreadLocalMap).
15:41:17.559 [Thread-8] ERROR f.i.s.r.p.m.output.MavenErrorHandler - RocketMQLog:WARN Please initialize the logger system properly.
15:41:22.381 [Thread-8] ERROR f.i.s.r.p.m.output.MavenErrorHandler - RocketMQLog:WARN No appenders could be found for logger (RocketmqCommon).
15:41:22.381 [Thread-8] ERROR f.i.s.r.p.m.output.MavenErrorHandler - RocketMQLog:WARN Please initialize the logger system properly.
15:42:09.490 [Thread-8] ERROR f.i.s.r.p.m.output.MavenErrorHandler - Exception in thread "Thread-73" java.lang.IllegalStateException: The consumer not running, please start it first.
15:42:09.491 [Thread-8] ERROR f.i.s.r.p.m.output.MavenErrorHandler - 	at org.apache.rocketmq.client.impl.consumer.DefaultLitePullConsumerImpl.checkServiceState(DefaultLitePullConsumerImpl.java:199)
15:42:09.491 [Thread-8] ERROR f.i.s.r.p.m.output.MavenErrorHandler - 	at org.apache.rocketmq.client.impl.consumer.DefaultLitePullConsumerImpl.poll(DefaultLitePullConsumerImpl.java:537)
15:42:09.491 [Thread-8] ERROR f.i.s.r.p.m.output.MavenErrorHandler - 	at org.apache.rocketmq.client.consumer.DefaultLitePullConsumer.poll(DefaultLitePullConsumer.java:281)
15:42:09.491 [Thread-8] ERROR f.i.s.r.p.m.output.MavenErrorHandler - 	at org.apache.rocketmq.client.consumer.DefaultLitePullConsumerTest$AsyncConsumer$1.run(DefaultLitePullConsumerTest.java:576)
15:42:09.491 [Thread-8] ERROR f.i.s.r.p.m.output.MavenErrorHandler - 	at java.base/java.lang.Thread.run(Thread.java:834)
15:42:21.738 [Thread-8] ERROR f.i.s.r.p.m.output.MavenErrorHandler - org.apache.rocketmq.client.exception.MQClientException: message's topic not equal mq's topic
15:42:21.739 [Thread-8] ERROR f.i.s.r.p.m.output.MavenErrorHandler - For more information, please visit the url, http://rocketmq.apache.org/docs/faq/
15:42:21.739 [Thread-8] ERROR f.i.s.r.p.m.output.MavenErrorHandler - 	at org.apache.rocketmq.client.impl.producer.DefaultMQProducerImpl$4.run(DefaultMQProducerImpl.java:1063)
15:42:21.739 [Thread-8] ERROR f.i.s.r.p.m.output.MavenErrorHandler - 	at org.apache.rocketmq.client.impl.producer.DefaultMQProducerImpl.send(DefaultMQProducerImpl.java:1084)
15:42:21.739 [Thread-8] ERROR f.i.s.r.p.m.output.MavenErrorHandler - 	at org.apache.rocketmq.client.producer.DefaultMQProducer.send(DefaultMQProducer.java:952)
15:42:21.739 [Thread-8] ERROR f.i.s.r.p.m.output.MavenErrorHandler - 	at org.apache.rocketmq.client.producer.DefaultMQProducerTest.testBatchSendMessageAsync(DefaultMQProducerTest.java:273)
15:42:21.739 [Thread-8] ERROR f.i.s.r.p.m.output.MavenErrorHandler - 	at java.base/jdk.internal.reflect.NativeMethodAccessorImpl.invoke0(Native Method)
15:42:21.739 [Thread-8] ERROR f.i.s.r.p.m.output.MavenErrorHandler - 	at java.base/jdk.internal.reflect.NativeMethodAccessorImpl.invoke(NativeMethodAccessorImpl.java:62)
15:42:21.739 [Thread-8] ERROR f.i.s.r.p.m.output.MavenErrorHandler - 	at java.base/jdk.internal.reflect.DelegatingMethodAccessorImpl.invoke(DelegatingMethodAccessorImpl.java:43)
15:42:21.739 [Thread-8] ERROR f.i.s.r.p.m.output.MavenErrorHandler - 	at java.base/java.lang.reflect.Method.invoke(Method.java:566)
15:42:21.739 [Thread-8] ERROR f.i.s.r.p.m.output.MavenErrorHandler - 	at org.junit.runners.model.FrameworkMethod$1.runReflectiveCall(FrameworkMethod.java:59)
15:42:21.739 [Thread-8] ERROR f.i.s.r.p.m.output.MavenErrorHandler - 	at org.junit.internal.runners.model.ReflectiveCallable.run(ReflectiveCallable.java:12)
15:42:21.739 [Thread-8] ERROR f.i.s.r.p.m.output.MavenErrorHandler - 	at org.junit.runners.model.FrameworkMethod.invokeExplosively(FrameworkMethod.java:56)
15:42:21.739 [Thread-8] ERROR f.i.s.r.p.m.output.MavenErrorHandler - 	at org.junit.internal.runners.statements.InvokeMethod.evaluate(InvokeMethod.java:17)
15:42:21.739 [Thread-8] ERROR f.i.s.r.p.m.output.MavenErrorHandler - 	at org.junit.internal.runners.statements.RunBefores.evaluate(RunBefores.java:26)
15:42:21.740 [Thread-8] ERROR f.i.s.r.p.m.output.MavenErrorHandler - 	at org.mockito.internal.runners.DefaultInternalRunner$1$1.evaluate(DefaultInternalRunner.java:55)
15:42:21.740 [Thread-8] ERROR f.i.s.r.p.m.output.MavenErrorHandler - 	at org.junit.internal.runners.statements.RunAfters.evaluate(RunAfters.java:27)
15:42:21.740 [Thread-8] ERROR f.i.s.r.p.m.output.MavenErrorHandler - 	at org.junit.runners.ParentRunner$3.evaluate(ParentRunner.java:306)
15:42:21.740 [Thread-8] ERROR f.i.s.r.p.m.output.MavenErrorHandler - 	at org.junit.runners.BlockJUnit4ClassRunner$1.evaluate(BlockJUnit4ClassRunner.java:100)
15:42:21.740 [Thread-8] ERROR f.i.s.r.p.m.output.MavenErrorHandler - 	at org.junit.runners.ParentRunner.runLeaf(ParentRunner.java:366)
15:42:21.740 [Thread-8] ERROR f.i.s.r.p.m.output.MavenErrorHandler - 	at org.junit.runners.BlockJUnit4ClassRunner.runChild(BlockJUnit4ClassRunner.java:103)
15:42:21.740 [Thread-8] ERROR f.i.s.r.p.m.output.MavenErrorHandler - 	at org.junit.runners.BlockJUnit4ClassRunner.runChild(BlockJUnit4ClassRunner.java:63)
15:42:21.740 [Thread-8] ERROR f.i.s.r.p.m.output.MavenErrorHandler - 	at org.junit.runners.ParentRunner$4.run(ParentRunner.java:331)
15:42:21.740 [Thread-8] ERROR f.i.s.r.p.m.output.MavenErrorHandler - 	at org.junit.runners.ParentRunner$1.schedule(ParentRunner.java:79)
15:42:21.740 [Thread-8] ERROR f.i.s.r.p.m.output.MavenErrorHandler - 	at org.junit.runners.ParentRunner.runChildren(ParentRunner.java:329)
15:42:21.740 [Thread-8] ERROR f.i.s.r.p.m.output.MavenErrorHandler - 	at org.junit.runners.ParentRunner.access$100(ParentRunner.java:66)
15:42:21.740 [Thread-8] ERROR f.i.s.r.p.m.output.MavenErrorHandler - 	at org.junit.runners.ParentRunner$2.evaluate(ParentRunner.java:293)
15:42:21.740 [Thread-8] ERROR f.i.s.r.p.m.output.MavenErrorHandler - 	at org.junit.runners.ParentRunner$3.evaluate(ParentRunner.java:306)
15:42:21.740 [Thread-8] ERROR f.i.s.r.p.m.output.MavenErrorHandler - 	at org.junit.runners.ParentRunner.run(ParentRunner.java:413)
15:42:21.740 [Thread-8] ERROR f.i.s.r.p.m.output.MavenErrorHandler - 	at org.mockito.internal.runners.DefaultInternalRunner$1.run(DefaultInternalRunner.java:100)
15:42:21.740 [Thread-8] ERROR f.i.s.r.p.m.output.MavenErrorHandler - 	at org.mockito.internal.runners.DefaultInternalRunner.run(DefaultInternalRunner.java:107)
15:42:21.740 [Thread-8] ERROR f.i.s.r.p.m.output.MavenErrorHandler - 	at org.mockito.internal.runners.StrictRunner.run(StrictRunner.java:41)
15:42:21.740 [Thread-8] ERROR f.i.s.r.p.m.output.MavenErrorHandler - 	at org.mockito.junit.MockitoJUnitRunner.run(MockitoJUnitRunner.java:163)
15:42:21.741 [Thread-8] ERROR f.i.s.r.p.m.output.MavenErrorHandler - 	at org.apache.maven.surefire.junit4.JUnit4Provider.execute(JUnit4Provider.java:367)
15:42:21.741 [Thread-8] ERROR f.i.s.r.p.m.output.MavenErrorHandler - 	at org.apache.maven.surefire.junit4.JUnit4Provider.executeWithRerun(JUnit4Provider.java:274)
15:42:21.741 [Thread-8] ERROR f.i.s.r.p.m.output.MavenErrorHandler - 	at org.apache.maven.surefire.junit4.JUnit4Provider.executeTestSet(JUnit4Provider.java:238)
15:42:21.741 [Thread-8] ERROR f.i.s.r.p.m.output.MavenErrorHandler - 	at org.apache.maven.surefire.junit4.JUnit4Provider.invoke(JUnit4Provider.java:161)
15:42:21.741 [Thread-8] ERROR f.i.s.r.p.m.output.MavenErrorHandler - 	at org.apache.maven.surefire.booter.ForkedBooter.invokeProviderInSameClassLoader(ForkedBooter.java:290)
15:42:21.741 [Thread-8] ERROR f.i.s.r.p.m.output.MavenErrorHandler - 	at org.apache.maven.surefire.booter.ForkedBooter.runSuitesInProcess(ForkedBooter.java:242)
15:42:21.741 [Thread-8] ERROR f.i.s.r.p.m.output.MavenErrorHandler - 	at org.apache.maven.surefire.booter.ForkedBooter.main(ForkedBooter.java:121)
15:42:33.763 [Thread-8] ERROR f.i.s.r.p.m.output.MavenErrorHandler - org.apache.rocketmq.client.exception.MQClientException: The specified topic is blank
15:42:33.763 [Thread-8] ERROR f.i.s.r.p.m.output.MavenErrorHandler - For more information, please visit the url, http://rocketmq.apache.org/docs/faq/
15:42:33.763 [Thread-8] ERROR f.i.s.r.p.m.output.MavenErrorHandler - 	at org.apache.rocketmq.client.Validators.checkTopic(Validators.java:81)
15:42:33.763 [Thread-8] ERROR f.i.s.r.p.m.output.MavenErrorHandler - 	at org.apache.rocketmq.client.Validators.checkMessage(Validators.java:61)
15:42:33.763 [Thread-8] ERROR f.i.s.r.p.m.output.MavenErrorHandler - 	at org.apache.rocketmq.client.impl.producer.DefaultMQProducerImpl.sendDefaultImpl(DefaultMQProducerImpl.java:548)
15:42:33.763 [Thread-8] ERROR f.i.s.r.p.m.output.MavenErrorHandler - 	at org.apache.rocketmq.client.impl.producer.DefaultMQProducerImpl.access$300(DefaultMQProducerImpl.java:98)
15:42:33.763 [Thread-8] ERROR f.i.s.r.p.m.output.MavenErrorHandler - 	at org.apache.rocketmq.client.impl.producer.DefaultMQProducerImpl$3.run(DefaultMQProducerImpl.java:501)
15:42:33.763 [Thread-8] ERROR f.i.s.r.p.m.output.MavenErrorHandler - 	at org.apache.rocketmq.client.impl.producer.DefaultMQProducerImpl.send(DefaultMQProducerImpl.java:514)
15:42:33.763 [Thread-8] ERROR f.i.s.r.p.m.output.MavenErrorHandler - 	at org.apache.rocketmq.client.impl.producer.DefaultMQProducerImpl.send(DefaultMQProducerImpl.java:479)
15:42:33.763 [Thread-8] ERROR f.i.s.r.p.m.output.MavenErrorHandler - 	at org.apache.rocketmq.client.producer.DefaultMQProducer.send(DefaultMQProducer.java:379)
15:42:33.763 [Thread-8] ERROR f.i.s.r.p.m.output.MavenErrorHandler - 	at org.apache.rocketmq.client.producer.DefaultMQProducerTest.testSendMessageAsync(DefaultMQProducerTest.java:222)
15:42:33.763 [Thread-8] ERROR f.i.s.r.p.m.output.MavenErrorHandler - 	at java.base/jdk.internal.reflect.NativeMethodAccessorImpl.invoke0(Native Method)
15:42:33.763 [Thread-8] ERROR f.i.s.r.p.m.output.MavenErrorHandler - 	at java.base/jdk.internal.reflect.NativeMethodAccessorImpl.invoke(NativeMethodAccessorImpl.java:62)
15:42:33.763 [Thread-8] ERROR f.i.s.r.p.m.output.MavenErrorHandler - 	at java.base/jdk.internal.reflect.DelegatingMethodAccessorImpl.invoke(DelegatingMethodAccessorImpl.java:43)
15:42:33.763 [Thread-8] ERROR f.i.s.r.p.m.output.MavenErrorHandler - 	at java.base/java.lang.reflect.Method.invoke(Method.java:566)
15:42:33.763 [Thread-8] ERROR f.i.s.r.p.m.output.MavenErrorHandler - 	at org.junit.runners.model.FrameworkMethod$1.runReflectiveCall(FrameworkMethod.java:59)
15:42:33.763 [Thread-8] ERROR f.i.s.r.p.m.output.MavenErrorHandler - 	at org.junit.internal.runners.model.ReflectiveCallable.run(ReflectiveCallable.java:12)
15:42:33.763 [Thread-8] ERROR f.i.s.r.p.m.output.MavenErrorHandler - 	at org.junit.runners.model.FrameworkMethod.invokeExplosively(FrameworkMethod.java:56)
15:42:33.764 [Thread-8] ERROR f.i.s.r.p.m.output.MavenErrorHandler - 	at org.junit.internal.runners.statements.InvokeMethod.evaluate(InvokeMethod.java:17)
15:42:33.764 [Thread-8] ERROR f.i.s.r.p.m.output.MavenErrorHandler - 	at org.junit.internal.runners.statements.RunBefores.evaluate(RunBefores.java:26)
15:42:33.764 [Thread-8] ERROR f.i.s.r.p.m.output.MavenErrorHandler - 	at org.mockito.internal.runners.DefaultInternalRunner$1$1.evaluate(DefaultInternalRunner.java:55)
15:42:33.764 [Thread-8] ERROR f.i.s.r.p.m.output.MavenErrorHandler - 	at org.junit.internal.runners.statements.RunAfters.evaluate(RunAfters.java:27)
15:42:33.764 [Thread-8] ERROR f.i.s.r.p.m.output.MavenErrorHandler - 	at org.junit.runners.ParentRunner$3.evaluate(ParentRunner.java:306)
15:42:33.764 [Thread-8] ERROR f.i.s.r.p.m.output.MavenErrorHandler - 	at org.junit.runners.BlockJUnit4ClassRunner$1.evaluate(BlockJUnit4ClassRunner.java:100)
15:42:33.764 [Thread-8] ERROR f.i.s.r.p.m.output.MavenErrorHandler - 	at org.junit.runners.ParentRunner.runLeaf(ParentRunner.java:366)
15:42:33.764 [Thread-8] ERROR f.i.s.r.p.m.output.MavenErrorHandler - 	at org.junit.runners.BlockJUnit4ClassRunner.runChild(BlockJUnit4ClassRunner.java:103)
15:42:33.764 [Thread-8] ERROR f.i.s.r.p.m.output.MavenErrorHandler - 	at org.junit.runners.BlockJUnit4ClassRunner.runChild(BlockJUnit4ClassRunner.java:63)
15:42:33.764 [Thread-8] ERROR f.i.s.r.p.m.output.MavenErrorHandler - 	at org.junit.runners.ParentRunner$4.run(ParentRunner.java:331)
15:42:33.764 [Thread-8] ERROR f.i.s.r.p.m.output.MavenErrorHandler - 	at org.junit.runners.ParentRunner$1.schedule(ParentRunner.java:79)
15:42:33.764 [Thread-8] ERROR f.i.s.r.p.m.output.MavenErrorHandler - 	at org.junit.runners.ParentRunner.runChildren(ParentRunner.java:329)
15:42:33.764 [Thread-8] ERROR f.i.s.r.p.m.output.MavenErrorHandler - 	at org.junit.runners.ParentRunner.access$100(ParentRunner.java:66)
15:42:33.764 [Thread-8] ERROR f.i.s.r.p.m.output.MavenErrorHandler - 	at org.junit.runners.ParentRunner$2.evaluate(ParentRunner.java:293)
15:42:33.764 [Thread-8] ERROR f.i.s.r.p.m.output.MavenErrorHandler - 	at org.junit.runners.ParentRunner$3.evaluate(ParentRunner.java:306)
15:42:33.764 [Thread-8] ERROR f.i.s.r.p.m.output.MavenErrorHandler - 	at org.junit.runners.ParentRunner.run(ParentRunner.java:413)
15:42:33.764 [Thread-8] ERROR f.i.s.r.p.m.output.MavenErrorHandler - 	at org.mockito.internal.runners.DefaultInternalRunner$1.run(DefaultInternalRunner.java:100)
15:42:33.764 [Thread-8] ERROR f.i.s.r.p.m.output.MavenErrorHandler - 	at org.mockito.internal.runners.DefaultInternalRunner.run(DefaultInternalRunner.java:107)
15:42:33.764 [Thread-8] ERROR f.i.s.r.p.m.output.MavenErrorHandler - 	at org.mockito.internal.runners.StrictRunner.run(StrictRunner.java:41)
15:42:33.764 [Thread-8] ERROR f.i.s.r.p.m.output.MavenErrorHandler - 	at org.mockito.junit.MockitoJUnitRunner.run(MockitoJUnitRunner.java:163)
15:42:33.764 [Thread-8] ERROR f.i.s.r.p.m.output.MavenErrorHandler - 	at org.apache.maven.surefire.junit4.JUnit4Provider.execute(JUnit4Provider.java:367)
15:42:33.764 [Thread-8] ERROR f.i.s.r.p.m.output.MavenErrorHandler - 	at org.apache.maven.surefire.junit4.JUnit4Provider.executeWithRerun(JUnit4Provider.java:274)
15:42:33.765 [Thread-8] ERROR f.i.s.r.p.m.output.MavenErrorHandler - 	at org.apache.maven.surefire.junit4.JUnit4Provider.executeTestSet(JUnit4Provider.java:238)
15:42:33.765 [Thread-8] ERROR f.i.s.r.p.m.output.MavenErrorHandler - 	at org.apache.maven.surefire.junit4.JUnit4Provider.invoke(JUnit4Provider.java:161)
15:42:33.765 [Thread-8] ERROR f.i.s.r.p.m.output.MavenErrorHandler - 	at org.apache.maven.surefire.booter.ForkedBooter.invokeProviderInSameClassLoader(ForkedBooter.java:290)
15:42:33.765 [Thread-8] ERROR f.i.s.r.p.m.output.MavenErrorHandler - 	at org.apache.maven.surefire.booter.ForkedBooter.runSuitesInProcess(ForkedBooter.java:242)
15:42:33.765 [Thread-8] ERROR f.i.s.r.p.m.output.MavenErrorHandler - 	at org.apache.maven.surefire.booter.ForkedBooter.main(ForkedBooter.java:121)
15:42:33.765 [Thread-8] ERROR f.i.s.r.p.m.output.MavenErrorHandler - org.apache.rocketmq.client.exception.MQClientException: message's topic not equal mq's topic
15:42:33.765 [Thread-8] ERROR f.i.s.r.p.m.output.MavenErrorHandler - For more information, please visit the url, http://rocketmq.apache.org/docs/faq/
15:42:33.765 [Thread-8] ERROR f.i.s.r.p.m.output.MavenErrorHandler - 	at org.apache.rocketmq.client.impl.producer.DefaultMQProducerImpl$4.run(DefaultMQProducerImpl.java:1063)
15:42:33.765 [Thread-8] ERROR f.i.s.r.p.m.output.MavenErrorHandler - 	at org.apache.rocketmq.client.impl.producer.DefaultMQProducerImpl.send(DefaultMQProducerImpl.java:1084)
15:42:33.765 [Thread-8] ERROR f.i.s.r.p.m.output.MavenErrorHandler - 	at org.apache.rocketmq.client.impl.producer.DefaultMQProducerImpl.send(DefaultMQProducerImpl.java:1036)
15:42:33.765 [Thread-8] ERROR f.i.s.r.p.m.output.MavenErrorHandler - 	at org.apache.rocketmq.client.producer.DefaultMQProducer.send(DefaultMQProducer.java:467)
15:42:33.765 [Thread-8] ERROR f.i.s.r.p.m.output.MavenErrorHandler - 	at org.apache.rocketmq.client.producer.DefaultMQProducerTest.testSendMessageAsync(DefaultMQProducerTest.java:223)
15:42:33.765 [Thread-8] ERROR f.i.s.r.p.m.output.MavenErrorHandler - 	at java.base/jdk.internal.reflect.NativeMethodAccessorImpl.invoke0(Native Method)
15:42:33.765 [Thread-8] ERROR f.i.s.r.p.m.output.MavenErrorHandler - 	at java.base/jdk.internal.reflect.NativeMethodAccessorImpl.invoke(NativeMethodAccessorImpl.java:62)
15:42:33.765 [Thread-8] ERROR f.i.s.r.p.m.output.MavenErrorHandler - 	at java.base/jdk.internal.reflect.DelegatingMethodAccessorImpl.invoke(DelegatingMethodAccessorImpl.java:43)
15:42:33.765 [Thread-8] ERROR f.i.s.r.p.m.output.MavenErrorHandler - 	at java.base/java.lang.reflect.Method.invoke(Method.java:566)
15:42:33.765 [Thread-8] ERROR f.i.s.r.p.m.output.MavenErrorHandler - 	at org.junit.runners.model.FrameworkMethod$1.runReflectiveCall(FrameworkMethod.java:59)
15:42:33.765 [Thread-8] ERROR f.i.s.r.p.m.output.MavenErrorHandler - 	at org.junit.internal.runners.model.ReflectiveCallable.run(ReflectiveCallable.java:12)
15:42:33.766 [Thread-8] ERROR f.i.s.r.p.m.output.MavenErrorHandler - 	at org.junit.runners.model.FrameworkMethod.invokeExplosively(FrameworkMethod.java:56)
15:42:33.766 [Thread-8] ERROR f.i.s.r.p.m.output.MavenErrorHandler - 	at org.junit.internal.runners.statements.InvokeMethod.evaluate(InvokeMethod.java:17)
15:42:33.766 [Thread-8] ERROR f.i.s.r.p.m.output.MavenErrorHandler - 	at org.junit.internal.runners.statements.RunBefores.evaluate(RunBefores.java:26)
15:42:33.766 [Thread-8] ERROR f.i.s.r.p.m.output.MavenErrorHandler - 	at org.mockito.internal.runners.DefaultInternalRunner$1$1.evaluate(DefaultInternalRunner.java:55)
15:42:33.766 [Thread-8] ERROR f.i.s.r.p.m.output.MavenErrorHandler - 	at org.junit.internal.runners.statements.RunAfters.evaluate(RunAfters.java:27)
15:42:33.766 [Thread-8] ERROR f.i.s.r.p.m.output.MavenErrorHandler - 	at org.junit.runners.ParentRunner$3.evaluate(ParentRunner.java:306)
15:42:33.766 [Thread-8] ERROR f.i.s.r.p.m.output.MavenErrorHandler - 	at org.junit.runners.BlockJUnit4ClassRunner$1.evaluate(BlockJUnit4ClassRunner.java:100)
15:42:33.766 [Thread-8] ERROR f.i.s.r.p.m.output.MavenErrorHandler - 	at org.junit.runners.ParentRunner.runLeaf(ParentRunner.java:366)
15:42:33.766 [Thread-8] ERROR f.i.s.r.p.m.output.MavenErrorHandler - 	at org.junit.runners.BlockJUnit4ClassRunner.runChild(BlockJUnit4ClassRunner.java:103)
15:42:33.766 [Thread-8] ERROR f.i.s.r.p.m.output.MavenErrorHandler - 	at org.junit.runners.BlockJUnit4ClassRunner.runChild(BlockJUnit4ClassRunner.java:63)
15:42:33.766 [Thread-8] ERROR f.i.s.r.p.m.output.MavenErrorHandler - 	at org.junit.runners.ParentRunner$4.run(ParentRunner.java:331)
15:42:33.766 [Thread-8] ERROR f.i.s.r.p.m.output.MavenErrorHandler - 	at org.junit.runners.ParentRunner$1.schedule(ParentRunner.java:79)
15:42:33.766 [Thread-8] ERROR f.i.s.r.p.m.output.MavenErrorHandler - 	at org.junit.runners.ParentRunner.runChildren(ParentRunner.java:329)
15:42:33.766 [Thread-8] ERROR f.i.s.r.p.m.output.MavenErrorHandler - 	at org.junit.runners.ParentRunner.access$100(ParentRunner.java:66)
15:42:33.766 [Thread-8] ERROR f.i.s.r.p.m.output.MavenErrorHandler - 	at org.junit.runners.ParentRunner$2.evaluate(ParentRunner.java:293)
15:42:33.766 [Thread-8] ERROR f.i.s.r.p.m.output.MavenErrorHandler - 	at org.junit.runners.ParentRunner$3.evaluate(ParentRunner.java:306)
15:42:33.766 [Thread-8] ERROR f.i.s.r.p.m.output.MavenErrorHandler - 	at org.junit.runners.ParentRunner.run(ParentRunner.java:413)
15:42:33.766 [Thread-8] ERROR f.i.s.r.p.m.output.MavenErrorHandler - 	at org.mockito.internal.runners.DefaultInternalRunner$1.run(DefaultInternalRunner.java:100)
15:42:33.766 [Thread-8] ERROR f.i.s.r.p.m.output.MavenErrorHandler - 	at org.mockito.internal.runners.DefaultInternalRunner.run(DefaultInternalRunner.java:107)
15:42:33.766 [Thread-8] ERROR f.i.s.r.p.m.output.MavenErrorHandler - 	at org.mockito.internal.runners.StrictRunner.run(StrictRunner.java:41)
15:42:33.767 [Thread-8] ERROR f.i.s.r.p.m.output.MavenErrorHandler - 	at org.mockito.junit.MockitoJUnitRunner.run(MockitoJUnitRunner.java:163)
15:42:33.767 [Thread-8] ERROR f.i.s.r.p.m.output.MavenErrorHandler - 	at org.apache.maven.surefire.junit4.JUnit4Provider.execute(JUnit4Provider.java:367)
15:42:33.767 [Thread-8] ERROR f.i.s.r.p.m.output.MavenErrorHandler - 	at org.apache.maven.surefire.junit4.JUnit4Provider.executeWithRerun(JUnit4Provider.java:274)
15:42:33.767 [Thread-8] ERROR f.i.s.r.p.m.output.MavenErrorHandler - 	at org.apache.maven.surefire.junit4.JUnit4Provider.executeTestSet(JUnit4Provider.java:238)
15:42:33.767 [Thread-8] ERROR f.i.s.r.p.m.output.MavenErrorHandler - 	at org.apache.maven.surefire.junit4.JUnit4Provider.invoke(JUnit4Provider.java:161)
15:42:33.767 [Thread-8] ERROR f.i.s.r.p.m.output.MavenErrorHandler - 	at org.apache.maven.surefire.booter.ForkedBooter.invokeProviderInSameClassLoader(ForkedBooter.java:290)
15:42:33.767 [Thread-8] ERROR f.i.s.r.p.m.output.MavenErrorHandler - 	at org.apache.maven.surefire.booter.ForkedBooter.runSuitesInProcess(ForkedBooter.java:242)
15:42:33.767 [Thread-8] ERROR f.i.s.r.p.m.output.MavenErrorHandler - 	at org.apache.maven.surefire.booter.ForkedBooter.main(ForkedBooter.java:121)
15:42:33.767 [Thread-8] ERROR f.i.s.r.p.m.output.MavenErrorHandler - org.apache.rocketmq.client.exception.MQClientException: The specified topic is blank
15:42:33.767 [Thread-8] ERROR f.i.s.r.p.m.output.MavenErrorHandler - For more information, please visit the url, http://rocketmq.apache.org/docs/faq/
15:42:33.767 [Thread-8] ERROR f.i.s.r.p.m.output.MavenErrorHandler - 	at org.apache.rocketmq.client.Validators.checkTopic(Validators.java:81)
15:42:33.767 [Thread-8] ERROR f.i.s.r.p.m.output.MavenErrorHandler - 	at org.apache.rocketmq.client.Validators.checkMessage(Validators.java:61)
15:42:33.767 [Thread-8] ERROR f.i.s.r.p.m.output.MavenErrorHandler - 	at org.apache.rocketmq.client.impl.producer.DefaultMQProducerImpl$4.run(DefaultMQProducerImpl.java:1060)
15:42:33.767 [Thread-8] ERROR f.i.s.r.p.m.output.MavenErrorHandler - 	at org.apache.rocketmq.client.impl.producer.DefaultMQProducerImpl.send(DefaultMQProducerImpl.java:1084)
15:42:33.767 [Thread-8] ERROR f.i.s.r.p.m.output.MavenErrorHandler - 	at org.apache.rocketmq.client.producer.DefaultMQProducer.send(DefaultMQProducer.java:485)
15:42:33.767 [Thread-8] ERROR f.i.s.r.p.m.output.MavenErrorHandler - 	at org.apache.rocketmq.client.producer.DefaultMQProducerTest.testSendMessageAsync(DefaultMQProducerTest.java:224)
15:42:33.767 [Thread-8] ERROR f.i.s.r.p.m.output.MavenErrorHandler - 	at java.base/jdk.internal.reflect.NativeMethodAccessorImpl.invoke0(Native Method)
15:42:33.768 [Thread-8] ERROR f.i.s.r.p.m.output.MavenErrorHandler - 	at java.base/jdk.internal.reflect.NativeMethodAccessorImpl.invoke(NativeMethodAccessorImpl.java:62)
15:42:33.768 [Thread-8] ERROR f.i.s.r.p.m.output.MavenErrorHandler - 	at java.base/jdk.internal.reflect.DelegatingMethodAccessorImpl.invoke(DelegatingMethodAccessorImpl.java:43)
15:42:33.768 [Thread-8] ERROR f.i.s.r.p.m.output.MavenErrorHandler - 	at java.base/java.lang.reflect.Method.invoke(Method.java:566)
15:42:33.768 [Thread-8] ERROR f.i.s.r.p.m.output.MavenErrorHandler - 	at org.junit.runners.model.FrameworkMethod$1.runReflectiveCall(FrameworkMethod.java:59)
15:42:33.768 [Thread-8] ERROR f.i.s.r.p.m.output.MavenErrorHandler - 	at org.junit.internal.runners.model.ReflectiveCallable.run(ReflectiveCallable.java:12)
15:42:33.768 [Thread-8] ERROR f.i.s.r.p.m.output.MavenErrorHandler - 	at org.junit.runners.model.FrameworkMethod.invokeExplosively(FrameworkMethod.java:56)
15:42:33.768 [Thread-8] ERROR f.i.s.r.p.m.output.MavenErrorHandler - 	at org.junit.internal.runners.statements.InvokeMethod.evaluate(InvokeMethod.java:17)
15:42:33.768 [Thread-8] ERROR f.i.s.r.p.m.output.MavenErrorHandler - 	at org.junit.internal.runners.statements.RunBefores.evaluate(RunBefores.java:26)
15:42:33.768 [Thread-8] ERROR f.i.s.r.p.m.output.MavenErrorHandler - 	at org.mockito.internal.runners.DefaultInternalRunner$1$1.evaluate(DefaultInternalRunner.java:55)
15:42:33.768 [Thread-8] ERROR f.i.s.r.p.m.output.MavenErrorHandler - 	at org.junit.internal.runners.statements.RunAfters.evaluate(RunAfters.java:27)
15:42:33.768 [Thread-8] ERROR f.i.s.r.p.m.output.MavenErrorHandler - 	at org.junit.runners.ParentRunner$3.evaluate(ParentRunner.java:306)
15:42:33.768 [Thread-8] ERROR f.i.s.r.p.m.output.MavenErrorHandler - 	at org.junit.runners.BlockJUnit4ClassRunner$1.evaluate(BlockJUnit4ClassRunner.java:100)
15:42:33.768 [Thread-8] ERROR f.i.s.r.p.m.output.MavenErrorHandler - 	at org.junit.runners.ParentRunner.runLeaf(ParentRunner.java:366)
15:42:33.768 [Thread-8] ERROR f.i.s.r.p.m.output.MavenErrorHandler - 	at org.junit.runners.BlockJUnit4ClassRunner.runChild(BlockJUnit4ClassRunner.java:103)
15:42:33.768 [Thread-8] ERROR f.i.s.r.p.m.output.MavenErrorHandler - 	at org.junit.runners.BlockJUnit4ClassRunner.runChild(BlockJUnit4ClassRunner.java:63)
15:42:33.768 [Thread-8] ERROR f.i.s.r.p.m.output.MavenErrorHandler - 	at org.junit.runners.ParentRunner$4.run(ParentRunner.java:331)
15:42:33.768 [Thread-8] ERROR f.i.s.r.p.m.output.MavenErrorHandler - 	at org.junit.runners.ParentRunner$1.schedule(ParentRunner.java:79)
15:42:33.768 [Thread-8] ERROR f.i.s.r.p.m.output.MavenErrorHandler - 	at org.junit.runners.ParentRunner.runChildren(ParentRunner.java:329)
15:42:33.769 [Thread-8] ERROR f.i.s.r.p.m.output.MavenErrorHandler - 	at org.junit.runners.ParentRunner.access$100(ParentRunner.java:66)
15:42:33.769 [Thread-8] ERROR f.i.s.r.p.m.output.MavenErrorHandler - 	at org.junit.runners.ParentRunner$2.evaluate(ParentRunner.java:293)
15:42:33.769 [Thread-8] ERROR f.i.s.r.p.m.output.MavenErrorHandler - 	at org.junit.runners.ParentRunner$3.evaluate(ParentRunner.java:306)
15:42:33.769 [Thread-8] ERROR f.i.s.r.p.m.output.MavenErrorHandler - 	at org.junit.runners.ParentRunner.run(ParentRunner.java:413)
15:42:33.769 [Thread-8] ERROR f.i.s.r.p.m.output.MavenErrorHandler - 	at org.mockito.internal.runners.DefaultInternalRunner$1.run(DefaultInternalRunner.java:100)
15:42:33.769 [Thread-8] ERROR f.i.s.r.p.m.output.MavenErrorHandler - 	at org.mockito.internal.runners.DefaultInternalRunner.run(DefaultInternalRunner.java:107)
15:42:33.769 [Thread-8] ERROR f.i.s.r.p.m.output.MavenErrorHandler - 	at org.mockito.internal.runners.StrictRunner.run(StrictRunner.java:41)
15:42:33.769 [Thread-8] ERROR f.i.s.r.p.m.output.MavenErrorHandler - 	at org.mockito.junit.MockitoJUnitRunner.run(MockitoJUnitRunner.java:163)
15:42:33.769 [Thread-8] ERROR f.i.s.r.p.m.output.MavenErrorHandler - 	at org.apache.maven.surefire.junit4.JUnit4Provider.execute(JUnit4Provider.java:367)
15:42:33.769 [Thread-8] ERROR f.i.s.r.p.m.output.MavenErrorHandler - 	at org.apache.maven.surefire.junit4.JUnit4Provider.executeWithRerun(JUnit4Provider.java:274)
15:42:33.769 [Thread-8] ERROR f.i.s.r.p.m.output.MavenErrorHandler - 	at org.apache.maven.surefire.junit4.JUnit4Provider.executeTestSet(JUnit4Provider.java:238)
15:42:33.769 [Thread-8] ERROR f.i.s.r.p.m.output.MavenErrorHandler - 	at org.apache.maven.surefire.junit4.JUnit4Provider.invoke(JUnit4Provider.java:161)
15:42:33.769 [Thread-8] ERROR f.i.s.r.p.m.output.MavenErrorHandler - 	at org.apache.maven.surefire.booter.ForkedBooter.invokeProviderInSameClassLoader(ForkedBooter.java:290)
15:42:33.770 [Thread-8] ERROR f.i.s.r.p.m.output.MavenErrorHandler - 	at org.apache.maven.surefire.booter.ForkedBooter.runSuitesInProcess(ForkedBooter.java:242)
15:42:33.770 [Thread-8] ERROR f.i.s.r.p.m.output.MavenErrorHandler - 	at org.apache.maven.surefire.booter.ForkedBooter.main(ForkedBooter.java:121)
15:42:33.770 [Thread-8] ERROR f.i.s.r.p.m.output.MavenErrorHandler - org.apache.rocketmq.client.exception.MQClientException: The specified topic is blank
15:42:33.770 [Thread-8] ERROR f.i.s.r.p.m.output.MavenErrorHandler - For more information, please visit the url, http://rocketmq.apache.org/docs/faq/
15:42:33.770 [Thread-8] ERROR f.i.s.r.p.m.output.MavenErrorHandler - 	at org.apache.rocketmq.client.Validators.checkTopic(Validators.java:81)
15:42:33.770 [Thread-8] ERROR f.i.s.r.p.m.output.MavenErrorHandler - 	at org.apache.rocketmq.client.Validators.checkMessage(Validators.java:61)
15:42:33.770 [Thread-8] ERROR f.i.s.r.p.m.output.MavenErrorHandler - 	at org.apache.rocketmq.client.impl.producer.DefaultMQProducerImpl.sendSelectImpl(DefaultMQProducerImpl.java:1132)
15:42:33.770 [Thread-8] ERROR f.i.s.r.p.m.output.MavenErrorHandler - 	at org.apache.rocketmq.client.impl.producer.DefaultMQProducerImpl.access$600(DefaultMQProducerImpl.java:98)
15:42:33.770 [Thread-8] ERROR f.i.s.r.p.m.output.MavenErrorHandler - 	at org.apache.rocketmq.client.impl.producer.DefaultMQProducerImpl$5.run(DefaultMQProducerImpl.java:1198)
15:42:33.770 [Thread-8] ERROR f.i.s.r.p.m.output.MavenErrorHandler - 	at org.apache.rocketmq.client.impl.producer.DefaultMQProducerImpl.send(DefaultMQProducerImpl.java:1213)
15:42:33.770 [Thread-8] ERROR f.i.s.r.p.m.output.MavenErrorHandler - 	at org.apache.rocketmq.client.impl.producer.DefaultMQProducerImpl.send(DefaultMQProducerImpl.java:1169)
15:42:33.770 [Thread-8] ERROR f.i.s.r.p.m.output.MavenErrorHandler - 	at org.apache.rocketmq.client.producer.DefaultMQProducer.send(DefaultMQProducer.java:560)
15:42:33.770 [Thread-8] ERROR f.i.s.r.p.m.output.MavenErrorHandler - 	at org.apache.rocketmq.client.producer.DefaultMQProducerTest.testSendMessageAsync(DefaultMQProducerTest.java:225)
15:42:33.770 [Thread-8] ERROR f.i.s.r.p.m.output.MavenErrorHandler - 	at java.base/jdk.internal.reflect.NativeMethodAccessorImpl.invoke0(Native Method)
15:42:33.770 [Thread-8] ERROR f.i.s.r.p.m.output.MavenErrorHandler - 	at java.base/jdk.internal.reflect.NativeMethodAccessorImpl.invoke(NativeMethodAccessorImpl.java:62)
15:42:33.770 [Thread-8] ERROR f.i.s.r.p.m.output.MavenErrorHandler - 	at java.base/jdk.internal.reflect.DelegatingMethodAccessorImpl.invoke(DelegatingMethodAccessorImpl.java:43)
15:42:33.770 [Thread-8] ERROR f.i.s.r.p.m.output.MavenErrorHandler - 	at java.base/java.lang.reflect.Method.invoke(Method.java:566)
15:42:33.771 [Thread-8] ERROR f.i.s.r.p.m.output.MavenErrorHandler - 	at org.junit.runners.model.FrameworkMethod$1.runReflectiveCall(FrameworkMethod.java:59)
15:42:33.771 [Thread-8] ERROR f.i.s.r.p.m.output.MavenErrorHandler - 	at org.junit.internal.runners.model.ReflectiveCallable.run(ReflectiveCallable.java:12)
15:42:33.771 [Thread-8] ERROR f.i.s.r.p.m.output.MavenErrorHandler - 	at org.junit.runners.model.FrameworkMethod.invokeExplosively(FrameworkMethod.java:56)
15:42:33.771 [Thread-8] ERROR f.i.s.r.p.m.output.MavenErrorHandler - 	at org.junit.internal.runners.statements.InvokeMethod.evaluate(InvokeMethod.java:17)
15:42:33.771 [Thread-8] ERROR f.i.s.r.p.m.output.MavenErrorHandler - 	at org.junit.internal.runners.statements.RunBefores.evaluate(RunBefores.java:26)
15:42:33.771 [Thread-8] ERROR f.i.s.r.p.m.output.MavenErrorHandler - 	at org.mockito.internal.runners.DefaultInternalRunner$1$1.evaluate(DefaultInternalRunner.java:55)
15:42:33.771 [Thread-8] ERROR f.i.s.r.p.m.output.MavenErrorHandler - 	at org.junit.internal.runners.statements.RunAfters.evaluate(RunAfters.java:27)
15:42:33.771 [Thread-8] ERROR f.i.s.r.p.m.output.MavenErrorHandler - 	at org.junit.runners.ParentRunner$3.evaluate(ParentRunner.java:306)
15:42:33.771 [Thread-8] ERROR f.i.s.r.p.m.output.MavenErrorHandler - 	at org.junit.runners.BlockJUnit4ClassRunner$1.evaluate(BlockJUnit4ClassRunner.java:100)
15:42:33.771 [Thread-8] ERROR f.i.s.r.p.m.output.MavenErrorHandler - 	at org.junit.runners.ParentRunner.runLeaf(ParentRunner.java:366)
15:42:33.771 [Thread-8] ERROR f.i.s.r.p.m.output.MavenErrorHandler - 	at org.junit.runners.BlockJUnit4ClassRunner.runChild(BlockJUnit4ClassRunner.java:103)
15:42:33.771 [Thread-8] ERROR f.i.s.r.p.m.output.MavenErrorHandler - 	at org.junit.runners.BlockJUnit4ClassRunner.runChild(BlockJUnit4ClassRunner.java:63)
15:42:33.771 [Thread-8] ERROR f.i.s.r.p.m.output.MavenErrorHandler - 	at org.junit.runners.ParentRunner$4.run(ParentRunner.java:331)
15:42:33.771 [Thread-8] ERROR f.i.s.r.p.m.output.MavenErrorHandler - 	at org.junit.runners.ParentRunner$1.schedule(ParentRunner.java:79)
15:42:33.771 [Thread-8] ERROR f.i.s.r.p.m.output.MavenErrorHandler - 	at org.junit.runners.ParentRunner.runChildren(ParentRunner.java:329)
15:42:33.771 [Thread-8] ERROR f.i.s.r.p.m.output.MavenErrorHandler - 	at org.junit.runners.ParentRunner.access$100(ParentRunner.java:66)
15:42:33.771 [Thread-8] ERROR f.i.s.r.p.m.output.MavenErrorHandler - 	at org.junit.runners.ParentRunner$2.evaluate(ParentRunner.java:293)
15:42:33.771 [Thread-8] ERROR f.i.s.r.p.m.output.MavenErrorHandler - 	at org.junit.runners.ParentRunner$3.evaluate(ParentRunner.java:306)
15:42:33.771 [Thread-8] ERROR f.i.s.r.p.m.output.MavenErrorHandler - 	at org.junit.runners.ParentRunner.run(ParentRunner.java:413)
15:42:33.771 [Thread-8] ERROR f.i.s.r.p.m.output.MavenErrorHandler - 	at org.mockito.internal.runners.DefaultInternalRunner$1.run(DefaultInternalRunner.java:100)
15:42:33.772 [Thread-8] ERROR f.i.s.r.p.m.output.MavenErrorHandler - 	at org.mockito.internal.runners.DefaultInternalRunner.run(DefaultInternalRunner.java:107)
15:42:33.772 [Thread-8] ERROR f.i.s.r.p.m.output.MavenErrorHandler - 	at org.mockito.internal.runners.StrictRunner.run(StrictRunner.java:41)
15:42:33.772 [Thread-8] ERROR f.i.s.r.p.m.output.MavenErrorHandler - 	at org.mockito.junit.MockitoJUnitRunner.run(MockitoJUnitRunner.java:163)
15:42:33.772 [Thread-8] ERROR f.i.s.r.p.m.output.MavenErrorHandler - 	at org.apache.maven.surefire.junit4.JUnit4Provider.execute(JUnit4Provider.java:367)
15:42:33.772 [Thread-8] ERROR f.i.s.r.p.m.output.MavenErrorHandler - 	at org.apache.maven.surefire.junit4.JUnit4Provider.executeWithRerun(JUnit4Provider.java:274)
15:42:33.772 [Thread-8] ERROR f.i.s.r.p.m.output.MavenErrorHandler - 	at org.apache.maven.surefire.junit4.JUnit4Provider.executeTestSet(JUnit4Provider.java:238)
15:42:33.772 [Thread-8] ERROR f.i.s.r.p.m.output.MavenErrorHandler - 	at org.apache.maven.surefire.junit4.JUnit4Provider.invoke(JUnit4Provider.java:161)
15:42:33.772 [Thread-8] ERROR f.i.s.r.p.m.output.MavenErrorHandler - 	at org.apache.maven.surefire.booter.ForkedBooter.invokeProviderInSameClassLoader(ForkedBooter.java:290)
15:42:33.772 [Thread-8] ERROR f.i.s.r.p.m.output.MavenErrorHandler - 	at org.apache.maven.surefire.booter.ForkedBooter.runSuitesInProcess(ForkedBooter.java:242)
15:42:33.772 [Thread-8] ERROR f.i.s.r.p.m.output.MavenErrorHandler - 	at org.apache.maven.surefire.booter.ForkedBooter.main(ForkedBooter.java:121)
15:42:33.772 [Thread-8] ERROR f.i.s.r.p.m.output.MavenErrorHandler - org.apache.rocketmq.client.exception.MQClientException: select message queue return null.
15:42:33.772 [Thread-8] ERROR f.i.s.r.p.m.output.MavenErrorHandler - For more information, please visit the url, http://rocketmq.apache.org/docs/faq/
15:42:33.772 [Thread-8] ERROR f.i.s.r.p.m.output.MavenErrorHandler - 	at org.apache.rocketmq.client.impl.producer.DefaultMQProducerImpl.sendSelectImpl(DefaultMQProducerImpl.java:1156)
15:42:33.772 [Thread-8] ERROR f.i.s.r.p.m.output.MavenErrorHandler - 	at org.apache.rocketmq.client.impl.producer.DefaultMQProducerImpl.access$600(DefaultMQProducerImpl.java:98)
15:42:33.773 [Thread-8] ERROR f.i.s.r.p.m.output.MavenErrorHandler - 	at org.apache.rocketmq.client.impl.producer.DefaultMQProducerImpl$5.run(DefaultMQProducerImpl.java:1198)
15:42:33.773 [Thread-8] ERROR f.i.s.r.p.m.output.MavenErrorHandler - 	at org.apache.rocketmq.client.impl.producer.DefaultMQProducerImpl.send(DefaultMQProducerImpl.java:1213)
15:42:33.773 [Thread-8] ERROR f.i.s.r.p.m.output.MavenErrorHandler - 	at org.apache.rocketmq.client.producer.DefaultMQProducer.send(DefaultMQProducer.java:579)
15:42:33.773 [Thread-8] ERROR f.i.s.r.p.m.output.MavenErrorHandler - 	at org.apache.rocketmq.client.producer.DefaultMQProducerTest.testSendMessageAsync(DefaultMQProducerTest.java:226)
15:42:33.773 [Thread-8] ERROR f.i.s.r.p.m.output.MavenErrorHandler - 	at java.base/jdk.internal.reflect.NativeMethodAccessorImpl.invoke0(Native Method)
15:42:33.773 [Thread-8] ERROR f.i.s.r.p.m.output.MavenErrorHandler - 	at java.base/jdk.internal.reflect.NativeMethodAccessorImpl.invoke(NativeMethodAccessorImpl.java:62)
15:42:33.773 [Thread-8] ERROR f.i.s.r.p.m.output.MavenErrorHandler - 	at java.base/jdk.internal.reflect.DelegatingMethodAccessorImpl.invoke(DelegatingMethodAccessorImpl.java:43)
15:42:33.773 [Thread-8] ERROR f.i.s.r.p.m.output.MavenErrorHandler - 	at java.base/java.lang.reflect.Method.invoke(Method.java:566)
15:42:33.773 [Thread-8] ERROR f.i.s.r.p.m.output.MavenErrorHandler - 	at org.junit.runners.model.FrameworkMethod$1.runReflectiveCall(FrameworkMethod.java:59)
15:42:33.773 [Thread-8] ERROR f.i.s.r.p.m.output.MavenErrorHandler - 	at org.junit.internal.runners.model.ReflectiveCallable.run(ReflectiveCallable.java:12)
15:42:33.773 [Thread-8] ERROR f.i.s.r.p.m.output.MavenErrorHandler - 	at org.junit.runners.model.FrameworkMethod.invokeExplosively(FrameworkMethod.java:56)
15:42:33.773 [Thread-8] ERROR f.i.s.r.p.m.output.MavenErrorHandler - 	at org.junit.internal.runners.statements.InvokeMethod.evaluate(InvokeMethod.java:17)
15:42:33.773 [Thread-8] ERROR f.i.s.r.p.m.output.MavenErrorHandler - 	at org.junit.internal.runners.statements.RunBefores.evaluate(RunBefores.java:26)
15:42:33.773 [Thread-8] ERROR f.i.s.r.p.m.output.MavenErrorHandler - 	at org.mockito.internal.runners.DefaultInternalRunner$1$1.evaluate(DefaultInternalRunner.java:55)
15:42:33.774 [Thread-8] ERROR f.i.s.r.p.m.output.MavenErrorHandler - 	at org.junit.internal.runners.statements.RunAfters.evaluate(RunAfters.java:27)
15:42:33.774 [Thread-8] ERROR f.i.s.r.p.m.output.MavenErrorHandler - 	at org.junit.runners.ParentRunner$3.evaluate(ParentRunner.java:306)
15:42:33.774 [Thread-8] ERROR f.i.s.r.p.m.output.MavenErrorHandler - 	at org.junit.runners.BlockJUnit4ClassRunner$1.evaluate(BlockJUnit4ClassRunner.java:100)
15:42:33.774 [Thread-8] ERROR f.i.s.r.p.m.output.MavenErrorHandler - 	at org.junit.runners.ParentRunner.runLeaf(ParentRunner.java:366)
15:42:33.774 [Thread-8] ERROR f.i.s.r.p.m.output.MavenErrorHandler - 	at org.junit.runners.BlockJUnit4ClassRunner.runChild(BlockJUnit4ClassRunner.java:103)
15:42:33.774 [Thread-8] ERROR f.i.s.r.p.m.output.MavenErrorHandler - 	at org.junit.runners.BlockJUnit4ClassRunner.runChild(BlockJUnit4ClassRunner.java:63)
15:42:33.774 [Thread-8] ERROR f.i.s.r.p.m.output.MavenErrorHandler - 	at org.junit.runners.ParentRunner$4.run(ParentRunner.java:331)
15:42:33.774 [Thread-8] ERROR f.i.s.r.p.m.output.MavenErrorHandler - 	at org.junit.runners.ParentRunner$1.schedule(ParentRunner.java:79)
15:42:33.774 [Thread-8] ERROR f.i.s.r.p.m.output.MavenErrorHandler - 	at org.junit.runners.ParentRunner.runChildren(ParentRunner.java:329)
15:42:33.774 [Thread-8] ERROR f.i.s.r.p.m.output.MavenErrorHandler - 	at org.junit.runners.ParentRunner.access$100(ParentRunner.java:66)
15:42:33.774 [Thread-8] ERROR f.i.s.r.p.m.output.MavenErrorHandler - 	at org.junit.runners.ParentRunner$2.evaluate(ParentRunner.java:293)
15:42:33.774 [Thread-8] ERROR f.i.s.r.p.m.output.MavenErrorHandler - 	at org.junit.runners.ParentRunner$3.evaluate(ParentRunner.java:306)
15:42:33.774 [Thread-8] ERROR f.i.s.r.p.m.output.MavenErrorHandler - 	at org.junit.runners.ParentRunner.run(ParentRunner.java:413)
15:42:33.774 [Thread-8] ERROR f.i.s.r.p.m.output.MavenErrorHandler - 	at org.mockito.internal.runners.DefaultInternalRunner$1.run(DefaultInternalRunner.java:100)
15:42:33.774 [Thread-8] ERROR f.i.s.r.p.m.output.MavenErrorHandler - 	at org.mockito.internal.runners.DefaultInternalRunner.run(DefaultInternalRunner.java:107)
15:42:33.774 [Thread-8] ERROR f.i.s.r.p.m.output.MavenErrorHandler - 	at org.mockito.internal.runners.StrictRunner.run(StrictRunner.java:41)
15:42:33.774 [Thread-8] ERROR f.i.s.r.p.m.output.MavenErrorHandler - 	at org.mockito.junit.MockitoJUnitRunner.run(MockitoJUnitRunner.java:163)
15:42:33.774 [Thread-8] ERROR f.i.s.r.p.m.output.MavenErrorHandler - 	at org.apache.maven.surefire.junit4.JUnit4Provider.execute(JUnit4Provider.java:367)
15:42:33.774 [Thread-8] ERROR f.i.s.r.p.m.output.MavenErrorHandler - 	at org.apache.maven.surefire.junit4.JUnit4Provider.executeWithRerun(JUnit4Provider.java:274)
15:42:33.774 [Thread-8] ERROR f.i.s.r.p.m.output.MavenErrorHandler - 	at org.apache.maven.surefire.junit4.JUnit4Provider.executeTestSet(JUnit4Provider.java:238)
15:42:33.774 [Thread-8] ERROR f.i.s.r.p.m.output.MavenErrorHandler - 	at org.apache.maven.surefire.junit4.JUnit4Provider.invoke(JUnit4Provider.java:161)
15:42:33.774 [Thread-8] ERROR f.i.s.r.p.m.output.MavenErrorHandler - 	at org.apache.maven.surefire.booter.ForkedBooter.invokeProviderInSameClassLoader(ForkedBooter.java:290)
15:42:33.775 [Thread-8] ERROR f.i.s.r.p.m.output.MavenErrorHandler - 	at org.apache.maven.surefire.booter.ForkedBooter.runSuitesInProcess(ForkedBooter.java:242)
15:42:33.775 [Thread-8] ERROR f.i.s.r.p.m.output.MavenErrorHandler - 	at org.apache.maven.surefire.booter.ForkedBooter.main(ForkedBooter.java:121)
15:43:28.303 [Thread-7] ERROR f.i.s.r.p.m.o.MavenFilterOutputHandler - [ERROR] Failed to execute goal org.apache.maven.plugins:maven-surefire-plugin:2.19.1:test (default-test) on project rocketmq-store: There are test failures.
15:43:28.303 [Thread-7] ERROR f.i.s.r.p.m.o.MavenFilterOutputHandler - [ERROR] 
15:43:28.303 [Thread-7] ERROR f.i.s.r.p.m.o.MavenFilterOutputHandler - [ERROR] Please refer to /root/workspace/apache-rocketmq-master-4553_repo/store/target/surefire-reports for the individual test results.
15:43:28.303 [Thread-7] ERROR f.i.s.r.p.m.o.MavenFilterOutputHandler - [ERROR] -> [Help 1]
15:43:28.306 [Thread-7] ERROR f.i.s.r.p.m.o.MavenFilterOutputHandler - [ERROR] 
15:43:28.306 [Thread-7] ERROR f.i.s.r.p.m.o.MavenFilterOutputHandler - [ERROR] Re-run Maven using the -X switch to enable full debug logging.
15:43:28.306 [Thread-7] ERROR f.i.s.r.p.m.o.MavenFilterOutputHandler - [ERROR] 
15:43:28.306 [Thread-7] ERROR f.i.s.r.p.m.o.MavenFilterOutputHandler - [ERROR] For more information about the errors and possible solutions, please read the following articles:
15:43:28.306 [Thread-7] ERROR f.i.s.r.p.m.o.MavenFilterOutputHandler - [ERROR] [Help 1] http://cwiki.apache.org/confluence/display/MAVEN/MojoFailureException
15:43:28.306 [Thread-7] ERROR f.i.s.r.p.m.o.MavenFilterOutputHandler - [ERROR] 
15:43:28.306 [Thread-7] ERROR f.i.s.r.p.m.o.MavenFilterOutputHandler - [ERROR] After correcting the problems, you can resume the build with the command
15:43:28.307 [Thread-7] ERROR f.i.s.r.p.m.o.MavenFilterOutputHandler - [ERROR]   mvn <goals> -rf :rocketmq-store
15:43:31.589 [main] ERROR f.i.s.r.p.s.paths.ComputeClasspath - The file does not exist: /root/./workspace/apache-rocketmq-master-4553_repo/target/classes.
15:43:31.589 [main] ERROR f.i.s.r.p.s.paths.ComputeClasspath - The file does not exist: /root/./workspace/apache-rocketmq-master-4553_repo/target/test-classes.
15:43:31.651 [main] ERROR f.i.s.r.process.maven.MavenHelper - Error while building complete model. The raw model will be used. Error message: 1 problem was encountered while building the effective model for org.apache.rocketmq:rocketmq-all:4.9.5-SNAPSHOT
[ERROR] Failed to determine Java version for profile jdk8 @ 

15:43:31.670 [main] ERROR f.i.s.r.process.maven.MavenHelper - Error while building complete model. The raw model will be used. Error message: 1 problem was encountered while building the effective model for org.apache.rocketmq:rocketmq-distribution:4.9.5-SNAPSHOT
[ERROR] Failed to determine Java version for profile jdk8 @ org.apache.rocketmq:rocketmq-all:4.9.5-SNAPSHOT, /root/workspace/apache-rocketmq-master-4553_repo/pom.xml

15:43:31.671 [main] ERROR f.i.s.r.p.s.paths.ComputeSourceDir - The source directory is not at default location or specified in build section from pom.xml, and no parent can be found.
15:43:31.671 [main] INFO  f.i.s.r.p.s.paths.ComputeSourceDir - 14 source dirs were found:
15:43:31.671 [main] INFO  f.i.s.r.p.s.paths.ComputeSourceDir - /root/workspace/apache-rocketmq-master-4553_repo/acl/src/main/java
15:43:31.671 [main] INFO  f.i.s.r.p.s.paths.ComputeSourceDir - /root/workspace/apache-rocketmq-master-4553_repo/broker/src/main/java
15:43:31.671 [main] INFO  f.i.s.r.p.s.paths.ComputeSourceDir - /root/workspace/apache-rocketmq-master-4553_repo/client/src/main/java
15:43:31.671 [main] INFO  f.i.s.r.p.s.paths.ComputeSourceDir - /root/workspace/apache-rocketmq-master-4553_repo/common/src/main/java
15:43:31.671 [main] INFO  f.i.s.r.p.s.paths.ComputeSourceDir - /root/workspace/apache-rocketmq-master-4553_repo/example/src/main/java
15:43:31.671 [main] INFO  f.i.s.r.p.s.paths.ComputeSourceDir - /root/workspace/apache-rocketmq-master-4553_repo/filter/src/main/java
15:43:31.671 [main] INFO  f.i.s.r.p.s.paths.ComputeSourceDir - /root/workspace/apache-rocketmq-master-4553_repo/logging/src/main/java
15:43:31.671 [main] INFO  f.i.s.r.p.s.paths.ComputeSourceDir - /root/workspace/apache-rocketmq-master-4553_repo/namesrv/src/main/java
15:43:31.671 [main] INFO  f.i.s.r.p.s.paths.ComputeSourceDir - /root/workspace/apache-rocketmq-master-4553_repo/openmessaging/src/main/java
15:43:31.671 [main] INFO  f.i.s.r.p.s.paths.ComputeSourceDir - /root/workspace/apache-rocketmq-master-4553_repo/remoting/src/main/java
15:43:31.671 [main] INFO  f.i.s.r.p.s.paths.ComputeSourceDir - /root/workspace/apache-rocketmq-master-4553_repo/srvutil/src/main/java
15:43:31.671 [main] INFO  f.i.s.r.p.s.paths.ComputeSourceDir - /root/workspace/apache-rocketmq-master-4553_repo/store/src/main/java
15:43:31.671 [main] INFO  f.i.s.r.p.s.paths.ComputeSourceDir - /root/workspace/apache-rocketmq-master-4553_repo/test/src/main/java
15:43:31.671 [main] INFO  f.i.s.r.p.s.paths.ComputeSourceDir - /root/workspace/apache-rocketmq-master-4553_repo/tools/src/main/java
15:43:31.678 [main] ERROR f.i.s.r.process.maven.MavenHelper - Error while building complete model. The raw model will be used. Error message: 1 problem was encountered while building the effective model for org.apache.rocketmq:rocketmq-all:4.9.5-SNAPSHOT
[ERROR] Failed to determine Java version for profile jdk8 @ 

15:43:31.685 [main] ERROR f.i.s.r.process.maven.MavenHelper - Error while building complete model. The raw model will be used. Error message: 1 problem was encountered while building the effective model for org.apache.rocketmq:rocketmq-client:4.9.5-SNAPSHOT
[ERROR] Failed to determine Java version for profile jdk8 @ org.apache.rocketmq:rocketmq-all:4.9.5-SNAPSHOT, /root/workspace/apache-rocketmq-master-4553_repo/pom.xml

15:43:31.688 [main] ERROR f.i.s.r.process.maven.MavenHelper - Error while building complete model. The raw model will be used. Error message: 1 problem was encountered while building the effective model for org.apache.rocketmq:rocketmq-common:4.9.5-SNAPSHOT
[ERROR] Failed to determine Java version for profile jdk8 @ org.apache.rocketmq:rocketmq-all:4.9.5-SNAPSHOT, /root/workspace/apache-rocketmq-master-4553_repo/pom.xml

15:43:31.692 [main] ERROR f.i.s.r.process.maven.MavenHelper - Error while building complete model. The raw model will be used. Error message: 1 problem was encountered while building the effective model for org.apache.rocketmq:rocketmq-broker:4.9.5-SNAPSHOT
[ERROR] Failed to determine Java version for profile jdk8 @ org.apache.rocketmq:rocketmq-all:4.9.5-SNAPSHOT, /root/workspace/apache-rocketmq-master-4553_repo/pom.xml

15:43:31.695 [main] ERROR f.i.s.r.process.maven.MavenHelper - Error while building complete model. The raw model will be used. Error message: 1 problem was encountered while building the effective model for org.apache.rocketmq:rocketmq-tools:4.9.5-SNAPSHOT
[ERROR] Failed to determine Java version for profile jdk8 @ org.apache.rocketmq:rocketmq-all:4.9.5-SNAPSHOT, /root/workspace/apache-rocketmq-master-4553_repo/pom.xml

15:43:31.698 [main] ERROR f.i.s.r.process.maven.MavenHelper - Error while building complete model. The raw model will be used. Error message: 1 problem was encountered while building the effective model for org.apache.rocketmq:rocketmq-store:4.9.5-SNAPSHOT
[ERROR] Failed to determine Java version for profile jdk8 @ org.apache.rocketmq:rocketmq-all:4.9.5-SNAPSHOT, /root/workspace/apache-rocketmq-master-4553_repo/pom.xml

15:43:31.700 [main] ERROR f.i.s.r.process.maven.MavenHelper - Error while building complete model. The raw model will be used. Error message: 1 problem was encountered while building the effective model for org.apache.rocketmq:rocketmq-namesrv:4.9.5-SNAPSHOT
[ERROR] Failed to determine Java version for profile jdk8 @ org.apache.rocketmq:rocketmq-all:4.9.5-SNAPSHOT, /root/workspace/apache-rocketmq-master-4553_repo/pom.xml

15:43:31.703 [main] ERROR f.i.s.r.process.maven.MavenHelper - Error while building complete model. The raw model will be used. Error message: 1 problem was encountered while building the effective model for org.apache.rocketmq:rocketmq-remoting:4.9.5-SNAPSHOT
[ERROR] Failed to determine Java version for profile jdk8 @ org.apache.rocketmq:rocketmq-all:4.9.5-SNAPSHOT, /root/workspace/apache-rocketmq-master-4553_repo/pom.xml

15:43:31.705 [main] ERROR f.i.s.r.process.maven.MavenHelper - Error while building complete model. The raw model will be used. Error message: 1 problem was encountered while building the effective model for org.apache.rocketmq:rocketmq-srvutil:4.9.5-SNAPSHOT
[ERROR] Failed to determine Java version for profile jdk8 @ org.apache.rocketmq:rocketmq-all:4.9.5-SNAPSHOT, /root/workspace/apache-rocketmq-master-4553_repo/pom.xml

15:43:31.706 [main] ERROR f.i.s.r.p.step.paths.ComputeTestDir - The test directory is not at default location or specified in build section from pom.xml, and no parent can be found.
15:43:31.708 [main] ERROR f.i.s.r.process.maven.MavenHelper - Error while building complete model. The raw model will be used. Error message: 1 problem was encountered while building the effective model for org.apache.rocketmq:rocketmq-filter:4.9.5-SNAPSHOT
[ERROR] Failed to determine Java version for profile jdk8 @ org.apache.rocketmq:rocketmq-all:4.9.5-SNAPSHOT, /root/workspace/apache-rocketmq-master-4553_repo/pom.xml

15:43:31.711 [main] ERROR f.i.s.r.process.maven.MavenHelper - Error while building complete model. The raw model will be used. Error message: 1 problem was encountered while building the effective model for org.apache.rocketmq:rocketmq-test:4.9.5-SNAPSHOT
[ERROR] Failed to determine Java version for profile jdk8 @ org.apache.rocketmq:rocketmq-all:4.9.5-SNAPSHOT, /root/workspace/apache-rocketmq-master-4553_repo/pom.xml

15:43:31.713 [main] ERROR f.i.s.r.process.maven.MavenHelper - Error while building complete model. The raw model will be used. Error message: 1 problem was encountered while building the effective model for org.apache.rocketmq:rocketmq-distribution:4.9.5-SNAPSHOT
[ERROR] Failed to determine Java version for profile jdk8 @ org.apache.rocketmq:rocketmq-all:4.9.5-SNAPSHOT, /root/workspace/apache-rocketmq-master-4553_repo/pom.xml

15:43:31.713 [main] ERROR f.i.s.r.p.step.paths.ComputeTestDir - The test directory is not at default location or specified in build section from pom.xml, and no parent can be found.
15:43:31.716 [main] ERROR f.i.s.r.process.maven.MavenHelper - Error while building complete model. The raw model will be used. Error message: 1 problem was encountered while building the effective model for org.apache.rocketmq:rocketmq-openmessaging:4.9.5-SNAPSHOT
[ERROR] Failed to determine Java version for profile jdk8 @ org.apache.rocketmq:rocketmq-all:4.9.5-SNAPSHOT, /root/workspace/apache-rocketmq-master-4553_repo/pom.xml

15:43:31.718 [main] ERROR f.i.s.r.process.maven.MavenHelper - Error while building complete model. The raw model will be used. Error message: 1 problem was encountered while building the effective model for org.apache.rocketmq:rocketmq-logging:4.9.5-SNAPSHOT
[ERROR] Failed to determine Java version for profile jdk8 @ org.apache.rocketmq:rocketmq-all:4.9.5-SNAPSHOT, /root/workspace/apache-rocketmq-master-4553_repo/pom.xml

15:43:31.721 [main] ERROR f.i.s.r.process.maven.MavenHelper - Error while building complete model. The raw model will be used. Error message: 1 problem was encountered while building the effective model for org.apache.rocketmq:rocketmq-acl:4.9.5-SNAPSHOT
[ERROR] Failed to determine Java version for profile jdk8 @ org.apache.rocketmq:rocketmq-all:4.9.5-SNAPSHOT, /root/workspace/apache-rocketmq-master-4553_repo/pom.xml

15:43:31.723 [main] ERROR f.i.s.r.process.maven.MavenHelper - Error while building complete model. The raw model will be used. Error message: 1 problem was encountered while building the effective model for org.apache.rocketmq:rocketmq-example:4.9.5-SNAPSHOT
[ERROR] Failed to determine Java version for profile jdk8 @ org.apache.rocketmq:rocketmq-all:4.9.5-SNAPSHOT, /root/workspace/apache-rocketmq-master-4553_repo/pom.xml

15:43:31.723 [main] ERROR f.i.s.r.p.step.paths.ComputeTestDir - The test directory is not at default location or specified in build section from pom.xml, and no parent can be found.
15:43:31.723 [main] INFO  f.i.s.r.p.step.paths.ComputeTestDir - 12 test dirs were found:
15:43:31.723 [main] INFO  f.i.s.r.p.step.paths.ComputeTestDir - /root/workspace/apache-rocketmq-master-4553_repo/acl/src/test/java
15:43:31.723 [main] INFO  f.i.s.r.p.step.paths.ComputeTestDir - /root/workspace/apache-rocketmq-master-4553_repo/broker/src/test/java
15:43:31.723 [main] INFO  f.i.s.r.p.step.paths.ComputeTestDir - /root/workspace/apache-rocketmq-master-4553_repo/client/src/test/java
15:43:31.723 [main] INFO  f.i.s.r.p.step.paths.ComputeTestDir - /root/workspace/apache-rocketmq-master-4553_repo/common/src/test/java
15:43:31.723 [main] INFO  f.i.s.r.p.step.paths.ComputeTestDir - /root/workspace/apache-rocketmq-master-4553_repo/filter/src/test/java
15:43:31.723 [main] INFO  f.i.s.r.p.step.paths.ComputeTestDir - /root/workspace/apache-rocketmq-master-4553_repo/logging/src/test/java
15:43:31.723 [main] INFO  f.i.s.r.p.step.paths.ComputeTestDir - /root/workspace/apache-rocketmq-master-4553_repo/namesrv/src/test/java
15:43:31.723 [main] INFO  f.i.s.r.p.step.paths.ComputeTestDir - /root/workspace/apache-rocketmq-master-4553_repo/openmessaging/src/test/java
15:43:31.723 [main] INFO  f.i.s.r.p.step.paths.ComputeTestDir - /root/workspace/apache-rocketmq-master-4553_repo/remoting/src/test/java
15:43:31.723 [main] INFO  f.i.s.r.p.step.paths.ComputeTestDir - /root/workspace/apache-rocketmq-master-4553_repo/store/src/test/java
15:43:31.723 [main] INFO  f.i.s.r.p.step.paths.ComputeTestDir - /root/workspace/apache-rocketmq-master-4553_repo/test/src/test/java
15:43:31.723 [main] INFO  f.i.s.r.p.step.paths.ComputeTestDir - /root/workspace/apache-rocketmq-master-4553_repo/tools/src/test/java
15:43:31.859 [main] INFO  f.i.s.r.p.s.g.GatherTestInformation - Get the following failing module path: /root/workspace/apache-rocketmq-master-4553_repo/store
15:43:31.865 [main] INFO  f.i.s.r.p.s.g.GatherTestInformation - ---Test results---
15:43:31.865 [main] INFO  f.i.s.r.p.s.g.GatherTestInformation -    Total tests: 386
15:43:31.865 [main] INFO  f.i.s.r.p.s.g.GatherTestInformation -    Tests run: 364
15:43:31.866 [main] INFO  f.i.s.r.p.s.g.GatherTestInformation -    Tests passing: 362
15:43:31.866 [main] INFO  f.i.s.r.p.s.g.GatherTestInformation -    Failures: 1
15:43:31.866 [main] INFO  f.i.s.r.p.s.g.GatherTestInformation -    Errors: 1
15:43:31.866 [main] INFO  f.i.s.r.p.s.g.GatherTestInformation -    Skipped: 22
[0] INFO Flacoco - Running Flacoco...
[22] WARN TestMethodFilter - NoClassDefFoundError: class org.apache.rocketmq.store.dledger.DLedgerCommitLog
[24] WARN TestMethodFilter - NoClassDefFoundError: class org.apache.rocketmq.store.MultiDispatch
[25] WARN TestMethodFilter - NoClassDefFoundError: class org.apache.rocketmq.store.CommitLog
[30] WARN TestMethodFilter - NoClassDefFoundError: class org.apache.rocketmq.store.MappedFile
[38] WARN TestMethodFilter - NoClassDefFoundError: class org.apache.rocketmq.store.stats.LmqBrokerStatsManager
[38] WARN TestMethodFilter - NoClassDefFoundError: class org.apache.rocketmq.store.stats.BrokerStatsManager
[40] WARN TestMethodFilter - NoClassDefFoundError: class org.apache.rocketmq.store.DefaultMessageStore
[50] WARN TestMethodFilter - NoClassDefFoundError: class org.apache.rocketmq.store.ConsumeQueueTest
[53] WARN TestMethodFilter - NoClassDefFoundError: class org.apache.rocketmq.store.BatchPutMessageTest
[58] WARN TestMethodFilter - NoClassDefFoundError: class org.apache.rocketmq.store.schedule.ScheduleMessageServiceTest
[61] WARN TestMethodFilter - NoClassDefFoundError: class org.apache.rocketmq.store.dledger.DLedgerCommitLog
[61] WARN TestMethodFilter - NoClassDefFoundError: class org.apache.rocketmq.store.MultiDispatch
[61] WARN TestMethodFilter - NoClassDefFoundError: class org.apache.rocketmq.store.CommitLog
[62] WARN TestMethodFilter - NoClassDefFoundError: class org.apache.rocketmq.store.ha.HAConnection
[62] WARN TestMethodFilter - NoClassDefFoundError: class org.apache.rocketmq.store.ha.HAService
[62] WARN TestMethodFilter - NoClassDefFoundError: class org.apache.rocketmq.store.MappedFile
[64] WARN TestMethodFilter - NoClassDefFoundError: class org.apache.rocketmq.store.stats.BrokerStatsManager
[64] WARN TestMethodFilter - NoClassDefFoundError: class org.apache.rocketmq.store.DefaultMessageStore
[66] WARN TestMethodFilter - NoClassDefFoundError: class org.apache.rocketmq.store.ConsumeQueueTest
[66] WARN TestMethodFilter - NoClassDefFoundError: class org.apache.rocketmq.store.HATest
[67] WARN TestMethodFilter - NoClassDefFoundError: class org.apache.rocketmq.store.BatchPutMessageTest
[67] WARN TestMethodFilter - NoClassDefFoundError: class org.apache.rocketmq.store.DefaultMessageStoreTest
[67] WARN TestMethodFilter - NoClassDefFoundError: class org.apache.rocketmq.store.StoreTestBase
[67] WARN TestMethodFilter - NoClassDefFoundError: class org.apache.rocketmq.store.schedule.ScheduleMessageServiceTest
[1110] WARN CoverageRunner - Test [Manual]TestMethod=org.apache.rocketmq.store.dledger.MixCommitlogTest#testFallBehindCQ result was not reported by test-runner.
[1110] WARN CoverageRunner - Test [Manual]TestMethod=org.apache.rocketmq.store.dledger.MixCommitlogTest#testPutAndGet result was not reported by test-runner.
[1110] WARN CoverageRunner - Test [Manual]TestMethod=org.apache.rocketmq.store.dledger.MixCommitlogTest#testDeleteExpiredFiles result was not reported by test-runner.
[1110] WARN CoverageRunner - Test [Manual]TestMethod=org.apache.rocketmq.store.dledger.DLedgerMultiPathTest#multiDirsStorageTest result was not reported by test-runner.
[1110] WARN CoverageRunner - Test [Manual]TestMethod=org.apache.rocketmq.store.dledger.DLedgerCommitlogTest#testTruncateCQ result was not reported by test-runner.
[1110] WARN CoverageRunner - Test [Manual]TestMethod=org.apache.rocketmq.store.dledger.DLedgerCommitlogTest#testRecover result was not reported by test-runner.
[1110] WARN CoverageRunner - Test [Manual]TestMethod=org.apache.rocketmq.store.dledger.DLedgerCommitlogTest#testPutAndGetMessage result was not reported by test-runner.
[1110] WARN CoverageRunner - Test [Manual]TestMethod=org.apache.rocketmq.store.dledger.DLedgerCommitlogTest#testBatchPutAndGetMessage result was not reported by test-runner.
[1110] WARN CoverageRunner - Test [Manual]TestMethod=org.apache.rocketmq.store.dledger.DLedgerCommitlogTest#testAsyncPutAndGetMessage result was not reported by test-runner.
[1110] WARN CoverageRunner - Test [Manual]TestMethod=org.apache.rocketmq.store.dledger.DLedgerCommitlogTest#testAsyncBatchPutAndGetMessage result was not reported by test-runner.
[1110] WARN CoverageRunner - Test [Manual]TestMethod=org.apache.rocketmq.store.dledger.DLedgerCommitlogTest#testCommittedPos result was not reported by test-runner.
[1110] WARN CoverageRunner - Test [Manual]TestMethod=org.apache.rocketmq.store.dledger.DLedgerCommitlogTest#testIPv6HostMsgCommittedPos result was not reported by test-runner.
[1472] WARN CoverageRunner - Test [Manual]TestMethod=org.apache.rocketmq.store.HATest#testHandleHA result was not reported by test-runner.
[1472] WARN CoverageRunner - Test [Manual]TestMethod=org.apache.rocketmq.store.HATest#testSemiSyncReplica result was not reported by test-runner.
[1849] WARN CoverageRunner - Test [Manual]TestMethod=org.apache.rocketmq.store.DefaultMessageStoreTest#testRecover result was not reported by test-runner.
[1850] WARN CoverageRunner - Test [Manual]TestMethod=org.apache.rocketmq.store.DefaultMessageStoreTest#testWriteAndRead result was not reported by test-runner.
[1850] WARN CoverageRunner - Test [Manual]TestMethod=org.apache.rocketmq.store.DefaultMessageStoreTest#testStorePathOK result was not reported by test-runner.
[1850] WARN CoverageRunner - Test [Manual]TestMethod=org.apache.rocketmq.store.DefaultMessageStoreTest#testCleanUnusedLmqTopic result was not reported by test-runner.
[1850] WARN CoverageRunner - Test [Manual]TestMethod=org.apache.rocketmq.store.DefaultMessageStoreTest#testPutLongMessage result was not reported by test-runner.
[1850] WARN CoverageRunner - Test [Manual]TestMethod=org.apache.rocketmq.store.DefaultMessageStoreTest#testDynamicMaxMessageSize result was not reported by test-runner.
[1850] WARN CoverageRunner - Test [Manual]TestMethod=org.apache.rocketmq.store.DefaultMessageStoreTest#test_repeat_restart result was not reported by test-runner.
[1850] WARN CoverageRunner - Test [Manual]TestMethod=org.apache.rocketmq.store.DefaultMessageStoreTest#testLookMessageByOffset_OffsetIsFirst result was not reported by test-runner.
[1850] WARN CoverageRunner - Test [Manual]TestMethod=org.apache.rocketmq.store.DefaultMessageStoreTest#testLookMessageByOffset_OffsetIsLast result was not reported by test-runner.
[1850] WARN CoverageRunner - Test [Manual]TestMethod=org.apache.rocketmq.store.DefaultMessageStoreTest#testLookMessageByOffset_OffsetIsOutOfBound result was not reported by test-runner.
[1850] WARN CoverageRunner - Test [Manual]TestMethod=org.apache.rocketmq.store.DefaultMessageStoreTest#testGetOffsetInQueueByTime result was not reported by test-runner.
[1850] WARN CoverageRunner - Test [Manual]TestMethod=org.apache.rocketmq.store.DefaultMessageStoreTest#testGetOffsetInQueueByTime_TimestampIsSkewing result was not reported by test-runner.
[1850] WARN CoverageRunner - Test [Manual]TestMethod=org.apache.rocketmq.store.DefaultMessageStoreTest#testGetOffsetInQueueByTime_TimestampSkewingIsLarge result was not reported by test-runner.
[1850] WARN CoverageRunner - Test [Manual]TestMethod=org.apache.rocketmq.store.DefaultMessageStoreTest#testGetOffsetInQueueByTime_ConsumeQueueNotFound1 result was not reported by test-runner.
[1850] WARN CoverageRunner - Test [Manual]TestMethod=org.apache.rocketmq.store.DefaultMessageStoreTest#testGetOffsetInQueueByTime_ConsumeQueueNotFound2 result was not reported by test-runner.
[1850] WARN CoverageRunner - Test [Manual]TestMethod=org.apache.rocketmq.store.DefaultMessageStoreTest#testGetOffsetInQueueByTime_ConsumeQueueOffsetNotExist result was not reported by test-runner.
[1850] WARN CoverageRunner - Test [Manual]TestMethod=org.apache.rocketmq.store.DefaultMessageStoreTest#testGetMessageStoreTimeStamp result was not reported by test-runner.
[1850] WARN CoverageRunner - Test [Manual]TestMethod=org.apache.rocketmq.store.DefaultMessageStoreTest#testGetStoreTime_ParamIsNull result was not reported by test-runner.
[1850] WARN CoverageRunner - Test [Manual]TestMethod=org.apache.rocketmq.store.DefaultMessageStoreTest#testGetStoreTime_EverythingIsOk result was not reported by test-runner.
[1850] WARN CoverageRunner - Test [Manual]TestMethod=org.apache.rocketmq.store.DefaultMessageStoreTest#testGetStoreTime_PhyOffsetIsLessThanCommitLogMinOffset result was not reported by test-runner.
[1850] WARN CoverageRunner - Test [Manual]TestMethod=org.apache.rocketmq.store.DefaultMessageStoreTest#testPullSize result was not reported by test-runner.
[2219] INFO CoverageRunner - Tests found: 93
[2219] INFO CoverageRunner - Tests executed: 58
15:43:34.607 [main] INFO  fr.inria.jtravis.JTravis - GitHub ratelimit: Limit: 5000 Remaining: 3454 Reset hour: 05:17:10
15:43:35.734 [main] WARN  f.i.s.r.p.s.p.PushFaultLocalizationSuggestionsOnGitHubRepository - Flacoco has found 104 suspicious lines, but none were matched to the diff
15:43:36.274 [main] INFO  f.i.s.r.p.s.f.FlacocoLocalization - 
15:43:36.529 [main] INFO  f.i.s.r.p.i.ProjectInspector - ----------------------------------------------------------------------
15:43:36.530 [main] INFO  f.i.s.r.p.i.ProjectInspector - PIPELINE EXECUTION SUMMARY
15:43:36.530 [main] INFO  f.i.s.r.p.i.ProjectInspector - ----------------------------------------------------------------------
15:43:36.530 [main] INFO  f.i.s.r.p.i.ProjectInspector - CloneCheckoutGitPullRequest..........................SUCCESS [   8 s ]
15:43:36.530 [main] INFO  f.i.s.r.p.i.ProjectInspector - BuildProject.........................................SUCCESS [  17 s ]
15:43:36.530 [main] INFO  f.i.s.r.p.i.ProjectInspector - TestProject..........................................SUCCESS [ 135 s ]
15:43:36.530 [main] INFO  f.i.s.r.p.i.ProjectInspector - ComputeClasspath.....................................SUCCESS [   3 s ]
15:43:36.530 [main] INFO  f.i.s.r.p.i.ProjectInspector - ComputeSourceDir.....................................SUCCESS [   0 s ]
15:43:36.530 [main] INFO  f.i.s.r.p.i.ProjectInspector - ComputeTestDir.......................................SUCCESS [   0 s ]
15:43:36.530 [main] INFO  f.i.s.r.p.i.ProjectInspector - GatherTestInformation................................SUCCESS [   0 s ]
15:43:36.530 [main] INFO  f.i.s.r.p.i.ProjectInspector - FlacocoLocalization..................................SUCCESS [   2 s ]
15:43:36.530 [main] INFO  f.i.s.r.p.i.ProjectInspector - PushFaultLocalizationSuggestionsOnGitHubRepository...SKIPPED          
15:43:36.530 [main] INFO  f.i.s.r.p.i.ProjectInspector - ----------------------------------------------------------------------
15:43:36.530 [main] INFO  f.i.s.r.p.i.ProjectInspector - PIPELINE FINDING: TEST FAILURE
15:43:36.530 [main] INFO  f.i.s.r.p.i.ProjectInspector - ----------------------------------------------------------------------
15:43:36.530 [main] INFO  f.i.s.r.p.github.GithubMainProcess - Inspector is finished. The process will exit now.
