Execute pipeline with following supplementary args: --smtpPort 25 --listenerMode NOOP --launcherMode FAULT_LOCALIZATION  --gitrepourl https://github.com/apache/rocketmq --gitrepopullrequest 4514
java -cp /usr/local/openjdk-11/lib/tools.jar:repairnator-pipeline.jar -Dlogback.configurationFile=/root/logback.xml fr.inria.spirals.repairnator.pipeline.Launcher -d --runId null -o /var/log --ghOauth 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 --faultLocalization --flacocoThreshold 0.0 --flacocoTopK null --flacocoResultsRepository flacocobot/2022-flacocobot-experiment --ghOauth  --smtpPort 25 --listenerMode NOOP --launcherMode FAULT_LOCALIZATION  --gitrepourl https://github.com/apache/rocketmq --gitrepopullrequest 4514

05:55:16.815 [main] INFO  f.i.s.r.p.g.GithubInitSerializerEngines - Initialize file serializer engines.
05:55:16.817 [main] INFO  f.i.s.r.p.g.GithubInitSerializerEngines - MongoDB won't be used for serialization.
05:55:16.817 [main] INFO  f.i.s.r.p.github.GithubInitNotifiers - The email notifier engine won't be used.
05:55:16.850 [main] INFO  f.i.s.r.p.i.ProjectInspector - ----------------------------------------------------------------------
05:55:16.850 [main] INFO  f.i.s.r.p.i.ProjectInspector - PIPELINE STEPS
05:55:16.850 [main] INFO  f.i.s.r.p.i.ProjectInspector - ----------------------------------------------------------------------
05:55:16.850 [main] INFO  f.i.s.r.p.i.ProjectInspector - CloneCheckoutGitPullRequest
05:55:16.850 [main] INFO  f.i.s.r.p.i.ProjectInspector - BuildProject
05:55:16.850 [main] INFO  f.i.s.r.p.i.ProjectInspector - TestProject
05:55:16.850 [main] INFO  f.i.s.r.p.i.ProjectInspector - ComputeClasspath
05:55:16.851 [main] INFO  f.i.s.r.p.i.ProjectInspector - ComputeSourceDir
05:55:16.851 [main] INFO  f.i.s.r.p.i.ProjectInspector - ComputeTestDir
05:55:16.851 [main] INFO  f.i.s.r.p.i.ProjectInspector - GatherTestInformation
05:55:16.851 [main] INFO  f.i.s.r.p.i.ProjectInspector - FlacocoLocalization
05:55:16.851 [main] INFO  f.i.s.r.p.i.ProjectInspector - PushFaultLocalizationSuggestionsOnGitHubRepository
05:55:16.851 [main] INFO  f.i.s.r.p.s.CloneCheckoutGitPullRequest - Cloning repository https://github.com/apache/rocketmq.git in the following directory: ./workspace/apache-rocketmq-master-4514_repo
05:56:45.474 [Thread-8] ERROR f.i.s.r.p.m.output.MavenErrorHandler - RocketMQLog:ERROR Attempted to append to closed appender named [null].
05:56:45.488 [Thread-8] ERROR f.i.s.r.p.m.output.MavenErrorHandler - RocketMQLog:ERROR Attempted to append to closed appender named [null].
05:56:45.488 [Thread-8] ERROR f.i.s.r.p.m.output.MavenErrorHandler - RocketMQLog: setFile called: /root/logs/rocketmq-test/simple.log, true
05:56:45.488 [Thread-8] ERROR f.i.s.r.p.m.output.MavenErrorHandler - RocketMQLog: setFile ended
05:56:45.488 [Thread-8] ERROR f.i.s.r.p.m.output.MavenErrorHandler - RocketMQLog: setFile called: /root/logs/rocketmq-test/rolling_file.log, true
05:56:45.488 [Thread-8] ERROR f.i.s.r.p.m.output.MavenErrorHandler - RocketMQLog: setFile ended
05:56:45.488 [Thread-8] ERROR f.i.s.r.p.m.output.MavenErrorHandler - RocketMQLog:ERROR Attempted to append to closed appender named [null].
05:56:45.488 [Thread-8] ERROR f.i.s.r.p.m.output.MavenErrorHandler - RocketMQLog:ERROR Attempted to append to closed appender named [null].
05:56:45.488 [Thread-8] ERROR f.i.s.r.p.m.output.MavenErrorHandler - RocketMQLog:ERROR Attempted to append to closed appender named [null].
05:56:45.488 [Thread-8] ERROR f.i.s.r.p.m.output.MavenErrorHandler - RocketMQLog:ERROR Attempted to append to closed appender named [null].
05:56:45.488 [Thread-8] ERROR f.i.s.r.p.m.output.MavenErrorHandler - RocketMQLog:ERROR Attempted to append to closed appender named [null].
05:56:45.488 [Thread-8] ERROR f.i.s.r.p.m.output.MavenErrorHandler - RocketMQLog:ERROR Attempted to append to closed appender named [null].
05:56:45.488 [Thread-8] ERROR f.i.s.r.p.m.output.MavenErrorHandler - RocketMQLog:ERROR Attempted to append to closed appender named [null].
05:56:45.488 [Thread-8] ERROR f.i.s.r.p.m.output.MavenErrorHandler - RocketMQLog:ERROR Attempted to append to closed appender named [null].
05:56:45.488 [Thread-8] ERROR f.i.s.r.p.m.output.MavenErrorHandler - RocketMQLog:ERROR Attempted to append to closed appender named [null].
05:56:45.488 [Thread-8] ERROR f.i.s.r.p.m.output.MavenErrorHandler - RocketMQLog:ERROR Attempted to append to closed appender named [null].
05:56:45.490 [Thread-8] ERROR f.i.s.r.p.m.output.MavenErrorHandler - RocketMQLog:ERROR Attempted to append to closed appender named [null].
05:56:45.491 [Thread-8] ERROR f.i.s.r.p.m.output.MavenErrorHandler - RocketMQLog:ERROR Attempted to append to closed appender named [null].
05:56:45.492 [Thread-8] ERROR f.i.s.r.p.m.output.MavenErrorHandler - RocketMQLog:ERROR Attempted to append to closed appender named [null].
05:56:45.493 [Thread-8] ERROR f.i.s.r.p.m.output.MavenErrorHandler - RocketMQLog:ERROR Attempted to append to closed appender named [null].
05:56:45.493 [Thread-8] ERROR f.i.s.r.p.m.output.MavenErrorHandler - RocketMQLog:ERROR Attempted to append to closed appender named [null].
05:56:49.938 [Thread-8] ERROR f.i.s.r.p.m.output.MavenErrorHandler - RocketMQLog:WARN No appenders could be found for logger (io.netty.util.internal.InternalThreadLocalMap).
05:56:49.938 [Thread-8] ERROR f.i.s.r.p.m.output.MavenErrorHandler - RocketMQLog:WARN Please initialize the logger system properly.
05:57:10.658 [Thread-8] ERROR f.i.s.r.p.m.output.MavenErrorHandler - RocketMQLog:WARN No appenders could be found for logger (RocketmqCommon).
05:57:10.658 [Thread-8] ERROR f.i.s.r.p.m.output.MavenErrorHandler - RocketMQLog:WARN Please initialize the logger system properly.
05:58:31.624 [Thread-8] ERROR f.i.s.r.p.m.output.MavenErrorHandler - Exception in thread "Thread-73" java.lang.IllegalStateException: The consumer not running, please start it first.
05:58:31.625 [Thread-8] ERROR f.i.s.r.p.m.output.MavenErrorHandler - 	at org.apache.rocketmq.client.impl.consumer.DefaultLitePullConsumerImpl.checkServiceState(DefaultLitePullConsumerImpl.java:199)
05:58:31.625 [Thread-8] ERROR f.i.s.r.p.m.output.MavenErrorHandler - 	at org.apache.rocketmq.client.impl.consumer.DefaultLitePullConsumerImpl.poll(DefaultLitePullConsumerImpl.java:537)
05:58:31.625 [Thread-8] ERROR f.i.s.r.p.m.output.MavenErrorHandler - 	at org.apache.rocketmq.client.consumer.DefaultLitePullConsumer.poll(DefaultLitePullConsumer.java:281)
05:58:31.626 [Thread-8] ERROR f.i.s.r.p.m.output.MavenErrorHandler - 	at org.apache.rocketmq.client.consumer.DefaultLitePullConsumerTest$AsyncConsumer$1.run(DefaultLitePullConsumerTest.java:576)
05:58:31.627 [Thread-8] ERROR f.i.s.r.p.m.output.MavenErrorHandler - 	at java.base/java.lang.Thread.run(Thread.java:834)
05:59:02.438 [Thread-8] ERROR f.i.s.r.p.m.output.MavenErrorHandler - org.apache.rocketmq.client.exception.MQClientException: message's topic not equal mq's topic
05:59:02.438 [Thread-8] ERROR f.i.s.r.p.m.output.MavenErrorHandler - For more information, please visit the url, http://rocketmq.apache.org/docs/faq/
05:59:02.438 [Thread-8] ERROR f.i.s.r.p.m.output.MavenErrorHandler - 	at org.apache.rocketmq.client.impl.producer.DefaultMQProducerImpl$4.run(DefaultMQProducerImpl.java:1059)
05:59:02.438 [Thread-8] ERROR f.i.s.r.p.m.output.MavenErrorHandler - 	at java.base/java.util.concurrent.Executors$RunnableAdapter.call(Executors.java:515)
05:59:02.438 [Thread-8] ERROR f.i.s.r.p.m.output.MavenErrorHandler - 	at java.base/java.util.concurrent.FutureTask.run(FutureTask.java:264)
05:59:02.438 [Thread-8] ERROR f.i.s.r.p.m.output.MavenErrorHandler - 	at java.base/java.util.concurrent.ThreadPoolExecutor.runWorker(ThreadPoolExecutor.java:1128)
05:59:02.438 [Thread-8] ERROR f.i.s.r.p.m.output.MavenErrorHandler - 	at java.base/java.util.concurrent.ThreadPoolExecutor$Worker.run(ThreadPoolExecutor.java:628)
05:59:02.438 [Thread-8] ERROR f.i.s.r.p.m.output.MavenErrorHandler - 	at java.base/java.lang.Thread.run(Thread.java:834)
05:59:14.742 [Thread-8] ERROR f.i.s.r.p.m.output.MavenErrorHandler - org.apache.rocketmq.client.exception.MQClientException: The specified topic is blank
05:59:14.742 [Thread-8] ERROR f.i.s.r.p.m.output.MavenErrorHandler - For more information, please visit the url, http://rocketmq.apache.org/docs/faq/
05:59:14.742 [Thread-8] ERROR f.i.s.r.p.m.output.MavenErrorHandler - 	at org.apache.rocketmq.client.Validators.checkTopic(Validators.java:81)
05:59:14.742 [Thread-8] ERROR f.i.s.r.p.m.output.MavenErrorHandler - 	at org.apache.rocketmq.client.Validators.checkMessage(Validators.java:61)
05:59:14.742 [Thread-8] ERROR f.i.s.r.p.m.output.MavenErrorHandler - 	at org.apache.rocketmq.client.impl.producer.DefaultMQProducerImpl.sendDefaultImpl(DefaultMQProducerImpl.java:543)
05:59:14.742 [Thread-8] ERROR f.i.s.r.p.m.output.MavenErrorHandler - 	at org.apache.rocketmq.client.impl.producer.DefaultMQProducerImpl.access$300(DefaultMQProducerImpl.java:98)
05:59:14.742 [Thread-8] ERROR f.i.s.r.p.m.output.MavenErrorHandler - 	at org.apache.rocketmq.client.impl.producer.DefaultMQProducerImpl$3.run(DefaultMQProducerImpl.java:502)
05:59:14.742 [Thread-8] ERROR f.i.s.r.p.m.output.MavenErrorHandler - 	at java.base/java.util.concurrent.Executors$RunnableAdapter.call(Executors.java:515)
05:59:14.742 [Thread-8] ERROR f.i.s.r.p.m.output.MavenErrorHandler - 	at java.base/java.util.concurrent.FutureTask.run(FutureTask.java:264)
05:59:14.742 [Thread-8] ERROR f.i.s.r.p.m.output.MavenErrorHandler - 	at java.base/java.util.concurrent.ThreadPoolExecutor.runWorker(ThreadPoolExecutor.java:1128)
05:59:14.742 [Thread-8] ERROR f.i.s.r.p.m.output.MavenErrorHandler - 	at java.base/java.util.concurrent.ThreadPoolExecutor$Worker.run(ThreadPoolExecutor.java:628)
05:59:14.742 [Thread-8] ERROR f.i.s.r.p.m.output.MavenErrorHandler - 	at java.base/java.lang.Thread.run(Thread.java:834)
05:59:14.742 [Thread-8] ERROR f.i.s.r.p.m.output.MavenErrorHandler - org.apache.rocketmq.client.exception.MQClientException: message's topic not equal mq's topic
05:59:14.742 [Thread-8] ERROR f.i.s.r.p.m.output.MavenErrorHandler - For more information, please visit the url, http://rocketmq.apache.org/docs/faq/
05:59:14.742 [Thread-8] ERROR f.i.s.r.p.m.output.MavenErrorHandler - 	at org.apache.rocketmq.client.impl.producer.DefaultMQProducerImpl$4.run(DefaultMQProducerImpl.java:1059)
05:59:14.743 [Thread-8] ERROR f.i.s.r.p.m.output.MavenErrorHandler - 	at java.base/java.util.concurrent.Executors$RunnableAdapter.call(Executors.java:515)
05:59:14.743 [Thread-8] ERROR f.i.s.r.p.m.output.MavenErrorHandler - 	at java.base/java.util.concurrent.FutureTask.run(FutureTask.java:264)
05:59:14.743 [Thread-8] ERROR f.i.s.r.p.m.output.MavenErrorHandler - 	at java.base/java.util.concurrent.ThreadPoolExecutor.runWorker(ThreadPoolExecutor.java:1128)
05:59:14.743 [Thread-8] ERROR f.i.s.r.p.m.output.MavenErrorHandler - 	at java.base/java.util.concurrent.ThreadPoolExecutor$Worker.run(ThreadPoolExecutor.java:628)
05:59:14.743 [Thread-8] ERROR f.i.s.r.p.m.output.MavenErrorHandler - 	at java.base/java.lang.Thread.run(Thread.java:834)
05:59:14.750 [Thread-8] ERROR f.i.s.r.p.m.output.MavenErrorHandler - org.apache.rocketmq.client.exception.MQClientException: The specified topic is blank
05:59:14.750 [Thread-8] ERROR f.i.s.r.p.m.output.MavenErrorHandler - For more information, please visit the url, http://rocketmq.apache.org/docs/faq/
05:59:14.750 [Thread-8] ERROR f.i.s.r.p.m.output.MavenErrorHandler - 	at org.apache.rocketmq.client.Validators.checkTopic(Validators.java:81)
05:59:14.750 [Thread-8] ERROR f.i.s.r.p.m.output.MavenErrorHandler - 	at org.apache.rocketmq.client.Validators.checkMessage(Validators.java:61)
05:59:14.750 [Thread-8] ERROR f.i.s.r.p.m.output.MavenErrorHandler - 	at org.apache.rocketmq.client.impl.producer.DefaultMQProducerImpl.sendSelectImpl(DefaultMQProducerImpl.java:1122)
05:59:14.750 [Thread-8] ERROR f.i.s.r.p.m.output.MavenErrorHandler - 	at org.apache.rocketmq.client.impl.producer.DefaultMQProducerImpl.access$600(DefaultMQProducerImpl.java:98)
05:59:14.750 [Thread-8] ERROR f.i.s.r.p.m.output.MavenErrorHandler - 	at org.apache.rocketmq.client.impl.producer.DefaultMQProducerImpl$5.run(DefaultMQProducerImpl.java:1189)
05:59:14.750 [Thread-8] ERROR f.i.s.r.p.m.output.MavenErrorHandler - 	at java.base/java.util.concurrent.Executors$RunnableAdapter.call(Executors.java:515)
05:59:14.750 [Thread-8] ERROR f.i.s.r.p.m.output.MavenErrorHandler - 	at java.base/java.util.concurrent.FutureTask.run(FutureTask.java:264)
05:59:14.750 [Thread-8] ERROR f.i.s.r.p.m.output.MavenErrorHandler - 	at java.base/java.util.concurrent.ThreadPoolExecutor.runWorker(ThreadPoolExecutor.java:1128)
05:59:14.750 [Thread-8] ERROR f.i.s.r.p.m.output.MavenErrorHandler - 	at java.base/java.util.concurrent.ThreadPoolExecutor$Worker.run(ThreadPoolExecutor.java:628)
05:59:14.750 [Thread-8] ERROR f.i.s.r.p.m.output.MavenErrorHandler - 	at java.base/java.lang.Thread.run(Thread.java:834)
05:59:14.754 [Thread-8] ERROR f.i.s.r.p.m.output.MavenErrorHandler - org.apache.rocketmq.client.exception.MQClientException: The specified topic is blank
05:59:14.755 [Thread-8] ERROR f.i.s.r.p.m.output.MavenErrorHandler - For more information, please visit the url, http://rocketmq.apache.org/docs/faq/
05:59:14.755 [Thread-8] ERROR f.i.s.r.p.m.output.MavenErrorHandler - 	at org.apache.rocketmq.client.Validators.checkTopic(Validators.java:81)
05:59:14.755 [Thread-8] ERROR f.i.s.r.p.m.output.MavenErrorHandler - 	at org.apache.rocketmq.client.Validators.checkMessage(Validators.java:61)
05:59:14.755 [Thread-8] ERROR f.i.s.r.p.m.output.MavenErrorHandler - 	at org.apache.rocketmq.client.impl.producer.DefaultMQProducerImpl$4.run(DefaultMQProducerImpl.java:1056)
05:59:14.755 [Thread-8] ERROR f.i.s.r.p.m.output.MavenErrorHandler - 	at java.base/java.util.concurrent.Executors$RunnableAdapter.call(Executors.java:515)
05:59:14.755 [Thread-8] ERROR f.i.s.r.p.m.output.MavenErrorHandler - 	at java.base/java.util.concurrent.FutureTask.run(FutureTask.java:264)
05:59:14.755 [Thread-8] ERROR f.i.s.r.p.m.output.MavenErrorHandler - 	at java.base/java.util.concurrent.ThreadPoolExecutor.runWorker(ThreadPoolExecutor.java:1128)
05:59:14.755 [Thread-8] ERROR f.i.s.r.p.m.output.MavenErrorHandler - 	at java.base/java.util.concurrent.ThreadPoolExecutor$Worker.run(ThreadPoolExecutor.java:628)
05:59:14.755 [Thread-8] ERROR f.i.s.r.p.m.output.MavenErrorHandler - 	at java.base/java.lang.Thread.run(Thread.java:834)
05:59:14.799 [Thread-8] ERROR f.i.s.r.p.m.output.MavenErrorHandler - org.apache.rocketmq.client.exception.MQClientException: select message queue return null.
05:59:14.799 [Thread-8] ERROR f.i.s.r.p.m.output.MavenErrorHandler - For more information, please visit the url, http://rocketmq.apache.org/docs/faq/
05:59:14.799 [Thread-8] ERROR f.i.s.r.p.m.output.MavenErrorHandler - 	at org.apache.rocketmq.client.impl.producer.DefaultMQProducerImpl.sendSelectImpl(DefaultMQProducerImpl.java:1146)
05:59:14.799 [Thread-8] ERROR f.i.s.r.p.m.output.MavenErrorHandler - 	at org.apache.rocketmq.client.impl.producer.DefaultMQProducerImpl.access$600(DefaultMQProducerImpl.java:98)
05:59:14.799 [Thread-8] ERROR f.i.s.r.p.m.output.MavenErrorHandler - 	at org.apache.rocketmq.client.impl.producer.DefaultMQProducerImpl$5.run(DefaultMQProducerImpl.java:1189)
05:59:14.799 [Thread-8] ERROR f.i.s.r.p.m.output.MavenErrorHandler - 	at java.base/java.util.concurrent.Executors$RunnableAdapter.call(Executors.java:515)
05:59:14.799 [Thread-8] ERROR f.i.s.r.p.m.output.MavenErrorHandler - 	at java.base/java.util.concurrent.FutureTask.run(FutureTask.java:264)
05:59:14.799 [Thread-8] ERROR f.i.s.r.p.m.output.MavenErrorHandler - 	at java.base/java.util.concurrent.ThreadPoolExecutor.runWorker(ThreadPoolExecutor.java:1128)
05:59:14.799 [Thread-8] ERROR f.i.s.r.p.m.output.MavenErrorHandler - 	at java.base/java.util.concurrent.ThreadPoolExecutor$Worker.run(ThreadPoolExecutor.java:628)
05:59:14.799 [Thread-8] ERROR f.i.s.r.p.m.output.MavenErrorHandler - 	at java.base/java.lang.Thread.run(Thread.java:834)
05:59:20.630 [Thread-7] ERROR f.i.s.r.p.m.o.MavenFilterOutputHandler - [ERROR] Failed to execute goal org.apache.maven.plugins:maven-surefire-plugin:2.19.1:test (default-test) on project rocketmq-client: There are test failures.
05:59:20.630 [Thread-7] ERROR f.i.s.r.p.m.o.MavenFilterOutputHandler - [ERROR] 
05:59:20.630 [Thread-7] ERROR f.i.s.r.p.m.o.MavenFilterOutputHandler - [ERROR] Please refer to /root/workspace/apache-rocketmq-master-4514_repo/client/target/surefire-reports for the individual test results.
05:59:20.630 [Thread-7] ERROR f.i.s.r.p.m.o.MavenFilterOutputHandler - [ERROR] -> [Help 1]
05:59:20.704 [Thread-7] ERROR f.i.s.r.p.m.o.MavenFilterOutputHandler - [ERROR] 
05:59:20.704 [Thread-7] ERROR f.i.s.r.p.m.o.MavenFilterOutputHandler - [ERROR] Re-run Maven using the -X switch to enable full debug logging.
05:59:20.704 [Thread-7] ERROR f.i.s.r.p.m.o.MavenFilterOutputHandler - [ERROR] 
05:59:20.704 [Thread-7] ERROR f.i.s.r.p.m.o.MavenFilterOutputHandler - [ERROR] For more information about the errors and possible solutions, please read the following articles:
05:59:20.704 [Thread-7] ERROR f.i.s.r.p.m.o.MavenFilterOutputHandler - [ERROR] [Help 1] http://cwiki.apache.org/confluence/display/MAVEN/MojoFailureException
05:59:20.705 [Thread-7] ERROR f.i.s.r.p.m.o.MavenFilterOutputHandler - [ERROR] 
05:59:20.705 [Thread-7] ERROR f.i.s.r.p.m.o.MavenFilterOutputHandler - [ERROR] After correcting the problems, you can resume the build with the command
05:59:20.705 [Thread-7] ERROR f.i.s.r.p.m.o.MavenFilterOutputHandler - [ERROR]   mvn <goals> -rf :rocketmq-client
05:59:33.290 [main] ERROR f.i.s.r.p.s.paths.ComputeClasspath - The file does not exist: /root/./workspace/apache-rocketmq-master-4514_repo/target/classes.
05:59:33.291 [main] ERROR f.i.s.r.p.s.paths.ComputeClasspath - The file does not exist: /root/./workspace/apache-rocketmq-master-4514_repo/target/test-classes.
05:59:33.438 [main] ERROR f.i.s.r.process.maven.MavenHelper - Error while building complete model. The raw model will be used. Error message: 1 problem was encountered while building the effective model for org.apache.rocketmq:rocketmq-all:4.9.5-SNAPSHOT
[ERROR] Failed to determine Java version for profile jdk8 @ 

05:59:33.467 [main] ERROR f.i.s.r.process.maven.MavenHelper - Error while building complete model. The raw model will be used. Error message: 1 problem was encountered while building the effective model for org.apache.rocketmq:rocketmq-distribution:4.9.5-SNAPSHOT
[ERROR] Failed to determine Java version for profile jdk8 @ org.apache.rocketmq:rocketmq-all:4.9.5-SNAPSHOT, /root/workspace/apache-rocketmq-master-4514_repo/pom.xml

05:59:33.468 [main] ERROR f.i.s.r.p.s.paths.ComputeSourceDir - The source directory is not at default location or specified in build section from pom.xml, and no parent can be found.
05:59:33.468 [main] INFO  f.i.s.r.p.s.paths.ComputeSourceDir - 14 source dirs were found:
05:59:33.468 [main] INFO  f.i.s.r.p.s.paths.ComputeSourceDir - /root/workspace/apache-rocketmq-master-4514_repo/acl/src/main/java
05:59:33.468 [main] INFO  f.i.s.r.p.s.paths.ComputeSourceDir - /root/workspace/apache-rocketmq-master-4514_repo/broker/src/main/java
05:59:33.468 [main] INFO  f.i.s.r.p.s.paths.ComputeSourceDir - /root/workspace/apache-rocketmq-master-4514_repo/client/src/main/java
05:59:33.468 [main] INFO  f.i.s.r.p.s.paths.ComputeSourceDir - /root/workspace/apache-rocketmq-master-4514_repo/common/src/main/java
05:59:33.469 [main] INFO  f.i.s.r.p.s.paths.ComputeSourceDir - /root/workspace/apache-rocketmq-master-4514_repo/example/src/main/java
05:59:33.469 [main] INFO  f.i.s.r.p.s.paths.ComputeSourceDir - /root/workspace/apache-rocketmq-master-4514_repo/filter/src/main/java
05:59:33.469 [main] INFO  f.i.s.r.p.s.paths.ComputeSourceDir - /root/workspace/apache-rocketmq-master-4514_repo/logging/src/main/java
05:59:33.469 [main] INFO  f.i.s.r.p.s.paths.ComputeSourceDir - /root/workspace/apache-rocketmq-master-4514_repo/namesrv/src/main/java
05:59:33.469 [main] INFO  f.i.s.r.p.s.paths.ComputeSourceDir - /root/workspace/apache-rocketmq-master-4514_repo/openmessaging/src/main/java
05:59:33.469 [main] INFO  f.i.s.r.p.s.paths.ComputeSourceDir - /root/workspace/apache-rocketmq-master-4514_repo/remoting/src/main/java
05:59:33.469 [main] INFO  f.i.s.r.p.s.paths.ComputeSourceDir - /root/workspace/apache-rocketmq-master-4514_repo/srvutil/src/main/java
05:59:33.469 [main] INFO  f.i.s.r.p.s.paths.ComputeSourceDir - /root/workspace/apache-rocketmq-master-4514_repo/store/src/main/java
05:59:33.469 [main] INFO  f.i.s.r.p.s.paths.ComputeSourceDir - /root/workspace/apache-rocketmq-master-4514_repo/test/src/main/java
05:59:33.469 [main] INFO  f.i.s.r.p.s.paths.ComputeSourceDir - /root/workspace/apache-rocketmq-master-4514_repo/tools/src/main/java
05:59:33.516 [main] ERROR f.i.s.r.process.maven.MavenHelper - Error while building complete model. The raw model will be used. Error message: 1 problem was encountered while building the effective model for org.apache.rocketmq:rocketmq-all:4.9.5-SNAPSHOT
[ERROR] Failed to determine Java version for profile jdk8 @ 

05:59:33.533 [main] ERROR f.i.s.r.process.maven.MavenHelper - Error while building complete model. The raw model will be used. Error message: 1 problem was encountered while building the effective model for org.apache.rocketmq:rocketmq-client:4.9.5-SNAPSHOT
[ERROR] Failed to determine Java version for profile jdk8 @ org.apache.rocketmq:rocketmq-all:4.9.5-SNAPSHOT, /root/workspace/apache-rocketmq-master-4514_repo/pom.xml

05:59:33.546 [main] ERROR f.i.s.r.process.maven.MavenHelper - Error while building complete model. The raw model will be used. Error message: 1 problem was encountered while building the effective model for org.apache.rocketmq:rocketmq-common:4.9.5-SNAPSHOT
[ERROR] Failed to determine Java version for profile jdk8 @ org.apache.rocketmq:rocketmq-all:4.9.5-SNAPSHOT, /root/workspace/apache-rocketmq-master-4514_repo/pom.xml

05:59:33.553 [main] ERROR f.i.s.r.process.maven.MavenHelper - Error while building complete model. The raw model will be used. Error message: 1 problem was encountered while building the effective model for org.apache.rocketmq:rocketmq-broker:4.9.5-SNAPSHOT
[ERROR] Failed to determine Java version for profile jdk8 @ org.apache.rocketmq:rocketmq-all:4.9.5-SNAPSHOT, /root/workspace/apache-rocketmq-master-4514_repo/pom.xml

05:59:33.564 [main] ERROR f.i.s.r.process.maven.MavenHelper - Error while building complete model. The raw model will be used. Error message: 1 problem was encountered while building the effective model for org.apache.rocketmq:rocketmq-tools:4.9.5-SNAPSHOT
[ERROR] Failed to determine Java version for profile jdk8 @ org.apache.rocketmq:rocketmq-all:4.9.5-SNAPSHOT, /root/workspace/apache-rocketmq-master-4514_repo/pom.xml

05:59:33.569 [main] ERROR f.i.s.r.process.maven.MavenHelper - Error while building complete model. The raw model will be used. Error message: 1 problem was encountered while building the effective model for org.apache.rocketmq:rocketmq-store:4.9.5-SNAPSHOT
[ERROR] Failed to determine Java version for profile jdk8 @ org.apache.rocketmq:rocketmq-all:4.9.5-SNAPSHOT, /root/workspace/apache-rocketmq-master-4514_repo/pom.xml

05:59:33.579 [main] ERROR f.i.s.r.process.maven.MavenHelper - Error while building complete model. The raw model will be used. Error message: 1 problem was encountered while building the effective model for org.apache.rocketmq:rocketmq-namesrv:4.9.5-SNAPSHOT
[ERROR] Failed to determine Java version for profile jdk8 @ org.apache.rocketmq:rocketmq-all:4.9.5-SNAPSHOT, /root/workspace/apache-rocketmq-master-4514_repo/pom.xml

05:59:33.585 [main] ERROR f.i.s.r.process.maven.MavenHelper - Error while building complete model. The raw model will be used. Error message: 1 problem was encountered while building the effective model for org.apache.rocketmq:rocketmq-remoting:4.9.5-SNAPSHOT
[ERROR] Failed to determine Java version for profile jdk8 @ org.apache.rocketmq:rocketmq-all:4.9.5-SNAPSHOT, /root/workspace/apache-rocketmq-master-4514_repo/pom.xml

05:59:33.600 [main] ERROR f.i.s.r.process.maven.MavenHelper - Error while building complete model. The raw model will be used. Error message: 1 problem was encountered while building the effective model for org.apache.rocketmq:rocketmq-srvutil:4.9.5-SNAPSHOT
[ERROR] Failed to determine Java version for profile jdk8 @ org.apache.rocketmq:rocketmq-all:4.9.5-SNAPSHOT, /root/workspace/apache-rocketmq-master-4514_repo/pom.xml

05:59:33.600 [main] ERROR f.i.s.r.p.step.paths.ComputeTestDir - The test directory is not at default location or specified in build section from pom.xml, and no parent can be found.
05:59:33.621 [main] ERROR f.i.s.r.process.maven.MavenHelper - Error while building complete model. The raw model will be used. Error message: 1 problem was encountered while building the effective model for org.apache.rocketmq:rocketmq-filter:4.9.5-SNAPSHOT
[ERROR] Failed to determine Java version for profile jdk8 @ org.apache.rocketmq:rocketmq-all:4.9.5-SNAPSHOT, /root/workspace/apache-rocketmq-master-4514_repo/pom.xml

05:59:33.626 [main] ERROR f.i.s.r.process.maven.MavenHelper - Error while building complete model. The raw model will be used. Error message: 1 problem was encountered while building the effective model for org.apache.rocketmq:rocketmq-test:4.9.5-SNAPSHOT
[ERROR] Failed to determine Java version for profile jdk8 @ org.apache.rocketmq:rocketmq-all:4.9.5-SNAPSHOT, /root/workspace/apache-rocketmq-master-4514_repo/pom.xml

05:59:33.642 [main] ERROR f.i.s.r.process.maven.MavenHelper - Error while building complete model. The raw model will be used. Error message: 1 problem was encountered while building the effective model for org.apache.rocketmq:rocketmq-distribution:4.9.5-SNAPSHOT
[ERROR] Failed to determine Java version for profile jdk8 @ org.apache.rocketmq:rocketmq-all:4.9.5-SNAPSHOT, /root/workspace/apache-rocketmq-master-4514_repo/pom.xml

05:59:33.643 [main] ERROR f.i.s.r.p.step.paths.ComputeTestDir - The test directory is not at default location or specified in build section from pom.xml, and no parent can be found.
05:59:33.732 [main] ERROR f.i.s.r.process.maven.MavenHelper - Error while building complete model. The raw model will be used. Error message: 1 problem was encountered while building the effective model for org.apache.rocketmq:rocketmq-openmessaging:4.9.5-SNAPSHOT
[ERROR] Failed to determine Java version for profile jdk8 @ org.apache.rocketmq:rocketmq-all:4.9.5-SNAPSHOT, /root/workspace/apache-rocketmq-master-4514_repo/pom.xml

05:59:33.737 [main] ERROR f.i.s.r.process.maven.MavenHelper - Error while building complete model. The raw model will be used. Error message: 1 problem was encountered while building the effective model for org.apache.rocketmq:rocketmq-logging:4.9.5-SNAPSHOT
[ERROR] Failed to determine Java version for profile jdk8 @ org.apache.rocketmq:rocketmq-all:4.9.5-SNAPSHOT, /root/workspace/apache-rocketmq-master-4514_repo/pom.xml

05:59:33.741 [main] ERROR f.i.s.r.process.maven.MavenHelper - Error while building complete model. The raw model will be used. Error message: 1 problem was encountered while building the effective model for org.apache.rocketmq:rocketmq-acl:4.9.5-SNAPSHOT
[ERROR] Failed to determine Java version for profile jdk8 @ org.apache.rocketmq:rocketmq-all:4.9.5-SNAPSHOT, /root/workspace/apache-rocketmq-master-4514_repo/pom.xml

05:59:33.745 [main] ERROR f.i.s.r.process.maven.MavenHelper - Error while building complete model. The raw model will be used. Error message: 1 problem was encountered while building the effective model for org.apache.rocketmq:rocketmq-example:4.9.5-SNAPSHOT
[ERROR] Failed to determine Java version for profile jdk8 @ org.apache.rocketmq:rocketmq-all:4.9.5-SNAPSHOT, /root/workspace/apache-rocketmq-master-4514_repo/pom.xml

05:59:33.745 [main] ERROR f.i.s.r.p.step.paths.ComputeTestDir - The test directory is not at default location or specified in build section from pom.xml, and no parent can be found.
05:59:33.745 [main] INFO  f.i.s.r.p.step.paths.ComputeTestDir - 12 test dirs were found:
05:59:33.745 [main] INFO  f.i.s.r.p.step.paths.ComputeTestDir - /root/workspace/apache-rocketmq-master-4514_repo/acl/src/test/java
05:59:33.745 [main] INFO  f.i.s.r.p.step.paths.ComputeTestDir - /root/workspace/apache-rocketmq-master-4514_repo/broker/src/test/java
05:59:33.745 [main] INFO  f.i.s.r.p.step.paths.ComputeTestDir - /root/workspace/apache-rocketmq-master-4514_repo/client/src/test/java
05:59:33.745 [main] INFO  f.i.s.r.p.step.paths.ComputeTestDir - /root/workspace/apache-rocketmq-master-4514_repo/common/src/test/java
05:59:33.745 [main] INFO  f.i.s.r.p.step.paths.ComputeTestDir - /root/workspace/apache-rocketmq-master-4514_repo/filter/src/test/java
05:59:33.749 [main] INFO  f.i.s.r.p.step.paths.ComputeTestDir - /root/workspace/apache-rocketmq-master-4514_repo/logging/src/test/java
05:59:33.750 [main] INFO  f.i.s.r.p.step.paths.ComputeTestDir - /root/workspace/apache-rocketmq-master-4514_repo/namesrv/src/test/java
05:59:33.750 [main] INFO  f.i.s.r.p.step.paths.ComputeTestDir - /root/workspace/apache-rocketmq-master-4514_repo/openmessaging/src/test/java
05:59:33.750 [main] INFO  f.i.s.r.p.step.paths.ComputeTestDir - /root/workspace/apache-rocketmq-master-4514_repo/remoting/src/test/java
05:59:33.750 [main] INFO  f.i.s.r.p.step.paths.ComputeTestDir - /root/workspace/apache-rocketmq-master-4514_repo/store/src/test/java
05:59:33.750 [main] INFO  f.i.s.r.p.step.paths.ComputeTestDir - /root/workspace/apache-rocketmq-master-4514_repo/test/src/test/java
05:59:33.750 [main] INFO  f.i.s.r.p.step.paths.ComputeTestDir - /root/workspace/apache-rocketmq-master-4514_repo/tools/src/test/java
05:59:34.129 [main] INFO  f.i.s.r.p.s.g.GatherTestInformation - Get the following failing module path: /root/workspace/apache-rocketmq-master-4514_repo/client
05:59:34.185 [main] INFO  f.i.s.r.p.s.g.GatherTestInformation - ---Test results---
05:59:34.185 [main] INFO  f.i.s.r.p.s.g.GatherTestInformation -    Total tests: 347
05:59:34.185 [main] INFO  f.i.s.r.p.s.g.GatherTestInformation -    Tests run: 340
05:59:34.185 [main] INFO  f.i.s.r.p.s.g.GatherTestInformation -    Tests passing: 339
05:59:34.186 [main] INFO  f.i.s.r.p.s.g.GatherTestInformation -    Failures: 0
05:59:34.186 [main] INFO  f.i.s.r.p.s.g.GatherTestInformation -    Errors: 1
05:59:34.186 [main] INFO  f.i.s.r.p.s.g.GatherTestInformation -    Skipped: 7
[0] INFO Flacoco - Running Flacoco...
[130] WARN TestMethodFilter - NoClassDefFoundError: class org.apache.rocketmq.client.impl.MQAdminImpl
[175] WARN TestMethodFilter - NoClassDefFoundError: class org.apache.rocketmq.client.impl.consumer.RebalancePushImpl
[197] WARN TestMethodFilter - NoClassDefFoundError: class org.apache.rocketmq.client.impl.consumer.DefaultMQPullConsumerImpl
[198] WARN TestMethodFilter - NoClassDefFoundError: class org.apache.rocketmq.client.impl.consumer.ConsumeMessageOrderlyService
[199] WARN TestMethodFilter - NoClassDefFoundError: class org.apache.rocketmq.client.impl.consumer.ConsumeMessageConcurrentlyService
[200] WARN TestMethodFilter - NoClassDefFoundError: class org.apache.rocketmq.client.impl.consumer.RebalanceLitePullImpl
[211] WARN TestMethodFilter - NoClassDefFoundError: class org.apache.rocketmq.client.impl.consumer.DefaultLitePullConsumerImpl
[212] WARN TestMethodFilter - NoClassDefFoundError: class org.apache.rocketmq.client.impl.consumer.RebalancePullImpl
[225] WARN TestMethodFilter - NoClassDefFoundError: class org.apache.rocketmq.client.impl.consumer.PullAPIWrapper
[242] WARN TestMethodFilter - NoClassDefFoundError: class org.apache.rocketmq.client.impl.consumer.ProcessQueue
[242] WARN TestMethodFilter - NoClassDefFoundError: class org.apache.rocketmq.client.impl.consumer.PullRequest
[243] WARN TestMethodFilter - NoClassDefFoundError: class org.apache.rocketmq.client.impl.consumer.AssignedMessageQueue
[243] WARN TestMethodFilter - NoClassDefFoundError: class org.apache.rocketmq.client.impl.consumer.MessageQueueLock
[244] WARN TestMethodFilter - NoClassDefFoundError: class org.apache.rocketmq.client.impl.consumer.DefaultMQPushConsumerImpl
[246] WARN TestMethodFilter - NoClassDefFoundError: class org.apache.rocketmq.client.impl.MQClientManager
[246] WARN TestMethodFilter - NoClassDefFoundError: class org.apache.rocketmq.client.impl.producer.TopicPublishInfo
[248] WARN TestMethodFilter - NoClassDefFoundError: class org.apache.rocketmq.client.impl.producer.DefaultMQProducerImpl
[264] WARN TestMethodFilter - NoClassDefFoundError: class org.apache.rocketmq.client.impl.MQClientAPIImpl
[265] WARN TestMethodFilter - NoClassDefFoundError: class org.apache.rocketmq.client.impl.factory.MQClientInstance
[266] WARN TestMethodFilter - NoClassDefFoundError: class org.apache.rocketmq.client.hook.ConsumeMessageContext
[267] WARN TestMethodFilter - NoClassDefFoundError: class org.apache.rocketmq.client.hook.EndTransactionContext
[267] WARN TestMethodFilter - NoClassDefFoundError: class org.apache.rocketmq.client.hook.CheckForbiddenContext
[267] WARN TestMethodFilter - NoClassDefFoundError: class org.apache.rocketmq.client.hook.SendMessageContext
[268] WARN TestMethodFilter - NoClassDefFoundError: class org.apache.rocketmq.client.hook.FilterMessageContext
[268] WARN TestMethodFilter - NoClassDefFoundError: class org.apache.rocketmq.client.Validators
[280] WARN TestMethodFilter - NoClassDefFoundError: class org.apache.rocketmq.client.consumer.DefaultLitePullConsumer
[281] WARN TestMethodFilter - NoClassDefFoundError: class org.apache.rocketmq.client.consumer.MQPullConsumerScheduleService
[282] WARN TestMethodFilter - NoClassDefFoundError: class org.apache.rocketmq.client.consumer.listener.ConsumeOrderlyContext
[282] WARN TestMethodFilter - NoClassDefFoundError: class org.apache.rocketmq.client.consumer.listener.ConsumeConcurrentlyContext
[283] WARN TestMethodFilter - NoClassDefFoundError: class org.apache.rocketmq.client.consumer.DefaultMQPullConsumer
[284] WARN TestMethodFilter - NoClassDefFoundError: class org.apache.rocketmq.client.consumer.store.LocalFileOffsetStore
[284] WARN TestMethodFilter - NoClassDefFoundError: class org.apache.rocketmq.client.consumer.store.RemoteBrokerOffsetStore
[288] WARN TestMethodFilter - NoClassDefFoundError: class org.apache.rocketmq.client.consumer.DefaultMQPushConsumer
[288] WARN TestMethodFilter - NoClassDefFoundError: class org.apache.rocketmq.client.utils.MessageUtil
[290] WARN TestMethodFilter - NoClassDefFoundError: class org.apache.rocketmq.client.producer.TransactionMQProducer
[290] WARN TestMethodFilter - NoClassDefFoundError: class org.apache.rocketmq.client.producer.TransactionSendResult
[291] WARN TestMethodFilter - NoClassDefFoundError: class org.apache.rocketmq.client.producer.DefaultMQProducer
[291] WARN TestMethodFilter - NoClassDefFoundError: class org.apache.rocketmq.client.producer.RequestResponseFuture
[291] WARN TestMethodFilter - NoClassDefFoundError: class org.apache.rocketmq.client.producer.SendResult
[292] WARN TestMethodFilter - NoClassDefFoundError: class org.apache.rocketmq.client.producer.selector.SelectMessageQueueByMachineRoom
[292] WARN TestMethodFilter - NoClassDefFoundError: class org.apache.rocketmq.client.producer.selector.SelectMessageQueueByRandom
[292] WARN TestMethodFilter - NoClassDefFoundError: class org.apache.rocketmq.client.producer.selector.SelectMessageQueueByHash
[293] WARN TestMethodFilter - NoClassDefFoundError: class org.apache.rocketmq.client.log.ClientLogger
[294] WARN TestMethodFilter - NoClassDefFoundError: class org.apache.rocketmq.client.MQHelper
[295] WARN TestMethodFilter - NoClassDefFoundError: class org.apache.rocketmq.client.trace.hook.SendMessageOpenTracingHookImpl
[295] WARN TestMethodFilter - NoClassDefFoundError: class org.apache.rocketmq.client.trace.hook.ConsumeMessageOpenTracingHookImpl
[296] WARN TestMethodFilter - NoClassDefFoundError: class org.apache.rocketmq.client.trace.hook.EndTransactionOpenTracingHookImpl
[297] WARN TestMethodFilter - NoClassDefFoundError: class org.apache.rocketmq.client.trace.TraceView
[298] WARN TestMethodFilter - NoClassDefFoundError: class org.apache.rocketmq.client.trace.TraceBean
[299] WARN TestMethodFilter - NoClassDefFoundError: class org.apache.rocketmq.client.ClientConfig
[299] WARN TestMethodFilter - NoClassDefFoundError: class org.apache.rocketmq.client.stat.ConsumerStatsManager
[300] WARN TestMethodFilter - NoClassDefFoundError: class org.apache.rocketmq.client.latency.MQFaultStrategy
[314] WARN TestMethodFilter - NoClassDefFoundError: class org.apache.rocketmq.client.impl.consumer.ConsumeMessageConcurrentlyServiceTest
[318] WARN TestMethodFilter - NoClassDefFoundError: class org.apache.rocketmq.client.impl.MQClientAPIImplTest
[318] WARN TestMethodFilter - NoClassDefFoundError: class org.apache.rocketmq.client.impl.factory.MQClientInstanceTest
[321] WARN TestMethodFilter - NoClassDefFoundError: class org.apache.rocketmq.client.consumer.DefaultMQPushConsumerTest
[343] WARN TestMethodFilter - NoClassDefFoundError: class org.apache.rocketmq.client.producer.DefaultMQProducerTest
[343] WARN TestMethodFilter - NoClassDefFoundError: class org.apache.rocketmq.client.trace.TransactionMQProducerWithTraceTest
[344] WARN TestMethodFilter - NoClassDefFoundError: class org.apache.rocketmq.client.trace.DefaultMQConsumerWithOpenTracingTest
[345] WARN TestMethodFilter - NoClassDefFoundError: class org.apache.rocketmq.client.trace.DefaultMQConsumerWithTraceTest
[346] WARN TestMethodFilter - NoClassDefFoundError: class org.apache.rocketmq.client.trace.DefaultMQProducerWithOpenTracingTest
[347] WARN TestMethodFilter - NoClassDefFoundError: class org.apache.rocketmq.client.trace.TransactionMQProducerWithOpenTracingTest
[347] WARN TestMethodFilter - NoClassDefFoundError: class org.apache.rocketmq.client.trace.DefaultMQProducerWithTraceTest
[355] WARN TestMethodFilter - NoClassDefFoundError: class org.apache.rocketmq.client.impl.MQAdminImpl
[355] WARN TestMethodFilter - NoClassDefFoundError: class org.apache.rocketmq.client.impl.consumer.RebalancePushImpl
[355] WARN TestMethodFilter - NoClassDefFoundError: class org.apache.rocketmq.client.impl.consumer.DefaultMQPullConsumerImpl
[356] WARN TestMethodFilter - NoClassDefFoundError: class org.apache.rocketmq.client.impl.consumer.ConsumeMessageOrderlyService
[356] WARN TestMethodFilter - NoClassDefFoundError: class org.apache.rocketmq.client.impl.consumer.ConsumeMessageConcurrentlyService
[356] WARN TestMethodFilter - NoClassDefFoundError: class org.apache.rocketmq.client.impl.consumer.RebalanceLitePullImpl
[356] WARN TestMethodFilter - NoClassDefFoundError: class org.apache.rocketmq.client.impl.consumer.DefaultLitePullConsumerImpl
[356] WARN TestMethodFilter - NoClassDefFoundError: class org.apache.rocketmq.client.impl.consumer.RebalancePullImpl
[357] WARN TestMethodFilter - NoClassDefFoundError: class org.apache.rocketmq.client.impl.consumer.PullAPIWrapper
[357] WARN TestMethodFilter - NoClassDefFoundError: class org.apache.rocketmq.client.impl.consumer.ProcessQueue
[357] WARN TestMethodFilter - NoClassDefFoundError: class org.apache.rocketmq.client.impl.consumer.PullRequest
[357] WARN TestMethodFilter - NoClassDefFoundError: class org.apache.rocketmq.client.impl.consumer.AssignedMessageQueue
[357] WARN TestMethodFilter - NoClassDefFoundError: class org.apache.rocketmq.client.impl.consumer.MessageQueueLock
[358] WARN TestMethodFilter - NoClassDefFoundError: class org.apache.rocketmq.client.impl.consumer.DefaultMQPushConsumerImpl
[358] WARN TestMethodFilter - NoClassDefFoundError: class org.apache.rocketmq.client.impl.MQClientManager
[358] WARN TestMethodFilter - NoClassDefFoundError: class org.apache.rocketmq.client.impl.producer.TopicPublishInfo
[358] WARN TestMethodFilter - NoClassDefFoundError: class org.apache.rocketmq.client.impl.producer.DefaultMQProducerImpl
[358] WARN TestMethodFilter - NoClassDefFoundError: class org.apache.rocketmq.client.impl.MQClientAPIImpl
[359] WARN TestMethodFilter - NoClassDefFoundError: class org.apache.rocketmq.client.impl.factory.MQClientInstance
[359] WARN TestMethodFilter - NoClassDefFoundError: class org.apache.rocketmq.client.hook.ConsumeMessageContext
[360] WARN TestMethodFilter - NoClassDefFoundError: class org.apache.rocketmq.client.hook.EndTransactionContext
[360] WARN TestMethodFilter - NoClassDefFoundError: class org.apache.rocketmq.client.hook.CheckForbiddenContext
[360] WARN TestMethodFilter - NoClassDefFoundError: class org.apache.rocketmq.client.hook.SendMessageContext
[360] WARN TestMethodFilter - NoClassDefFoundError: class org.apache.rocketmq.client.hook.FilterMessageContext
[360] WARN TestMethodFilter - NoClassDefFoundError: class org.apache.rocketmq.client.Validators
[360] WARN TestMethodFilter - NoClassDefFoundError: class org.apache.rocketmq.client.consumer.DefaultLitePullConsumer
[360] WARN TestMethodFilter - NoClassDefFoundError: class org.apache.rocketmq.client.consumer.MQPullConsumerScheduleService
[361] WARN TestMethodFilter - NoClassDefFoundError: class org.apache.rocketmq.client.consumer.listener.ConsumeOrderlyContext
[361] WARN TestMethodFilter - NoClassDefFoundError: class org.apache.rocketmq.client.consumer.listener.ConsumeConcurrentlyContext
[361] WARN TestMethodFilter - NoClassDefFoundError: class org.apache.rocketmq.client.consumer.DefaultMQPullConsumer
[361] WARN TestMethodFilter - NoClassDefFoundError: class org.apache.rocketmq.client.consumer.store.LocalFileOffsetStore
[361] WARN TestMethodFilter - NoClassDefFoundError: class org.apache.rocketmq.client.consumer.store.RemoteBrokerOffsetStore
[362] WARN TestMethodFilter - NoClassDefFoundError: class org.apache.rocketmq.client.consumer.DefaultMQPushConsumer
[362] WARN TestMethodFilter - NoClassDefFoundError: class org.apache.rocketmq.client.utils.MessageUtil
[362] WARN TestMethodFilter - NoClassDefFoundError: class org.apache.rocketmq.client.producer.TransactionMQProducer
[363] WARN TestMethodFilter - NoClassDefFoundError: class org.apache.rocketmq.client.producer.DefaultMQProducer
[363] WARN TestMethodFilter - NoClassDefFoundError: class org.apache.rocketmq.client.producer.RequestResponseFuture
[363] WARN TestMethodFilter - NoClassDefFoundError: class org.apache.rocketmq.client.producer.SendResult
[363] WARN TestMethodFilter - NoClassDefFoundError: class org.apache.rocketmq.client.producer.selector.SelectMessageQueueByMachineRoom
[363] WARN TestMethodFilter - NoClassDefFoundError: class org.apache.rocketmq.client.producer.selector.SelectMessageQueueByRandom
[363] WARN TestMethodFilter - NoClassDefFoundError: class org.apache.rocketmq.client.producer.selector.SelectMessageQueueByHash
[364] WARN TestMethodFilter - NoClassDefFoundError: class org.apache.rocketmq.client.producer.RequestFutureHolder
[364] WARN TestMethodFilter - NoClassDefFoundError: class org.apache.rocketmq.client.log.ClientLogger
[364] WARN TestMethodFilter - NoClassDefFoundError: class org.apache.rocketmq.client.MQHelper
[364] WARN TestMethodFilter - NoClassDefFoundError: class org.apache.rocketmq.client.trace.hook.SendMessageOpenTracingHookImpl
[364] WARN TestMethodFilter - NoClassDefFoundError: class org.apache.rocketmq.client.trace.hook.ConsumeMessageOpenTracingHookImpl
[364] WARN TestMethodFilter - NoClassDefFoundError: class org.apache.rocketmq.client.trace.hook.EndTransactionOpenTracingHookImpl
[365] WARN TestMethodFilter - NoClassDefFoundError: class org.apache.rocketmq.client.trace.TraceView
[365] WARN TestMethodFilter - NoClassDefFoundError: class org.apache.rocketmq.client.trace.AsyncTraceDispatcher
[366] WARN TestMethodFilter - NoClassDefFoundError: class org.apache.rocketmq.client.trace.TraceBean
[366] WARN TestMethodFilter - NoClassDefFoundError: class org.apache.rocketmq.client.ClientConfig
[366] WARN TestMethodFilter - NoClassDefFoundError: class org.apache.rocketmq.client.stat.ConsumerStatsManager
[366] WARN TestMethodFilter - NoClassDefFoundError: class org.apache.rocketmq.client.latency.MQFaultStrategy
[366] WARN TestMethodFilter - NoClassDefFoundError: class org.apache.rocketmq.client.impl.consumer.ConsumeMessageOrderlyServiceTest
[366] WARN TestMethodFilter - NoClassDefFoundError: class org.apache.rocketmq.client.impl.consumer.ConsumeMessageConcurrentlyServiceTest
[367] WARN TestMethodFilter - NoClassDefFoundError: class org.apache.rocketmq.client.impl.MQClientAPIImplTest
[367] WARN TestMethodFilter - NoClassDefFoundError: class org.apache.rocketmq.client.impl.factory.MQClientInstanceTest
[367] WARN TestMethodFilter - NoClassDefFoundError: class org.apache.rocketmq.client.consumer.DefaultMQPullConsumerTest
[367] WARN TestMethodFilter - NoClassDefFoundError: class org.apache.rocketmq.client.consumer.DefaultMQPushConsumerTest
[367] WARN TestMethodFilter - NoClassDefFoundError: class org.apache.rocketmq.client.consumer.DefaultLitePullConsumerTest
[368] WARN TestMethodFilter - NoClassDefFoundError: class org.apache.rocketmq.client.utils.MessageUtilsTest
[368] WARN TestMethodFilter - NoClassDefFoundError: class org.apache.rocketmq.client.producer.DefaultMQProducerTest
[368] WARN TestMethodFilter - NoClassDefFoundError: class org.apache.rocketmq.client.trace.TransactionMQProducerWithTraceTest
[369] WARN TestMethodFilter - NoClassDefFoundError: class org.apache.rocketmq.client.trace.DefaultMQConsumerWithOpenTracingTest
[369] WARN TestMethodFilter - NoClassDefFoundError: class org.apache.rocketmq.client.trace.DefaultMQConsumerWithTraceTest
[369] WARN TestMethodFilter - NoClassDefFoundError: class org.apache.rocketmq.client.trace.DefaultMQLitePullConsumerWithTraceTest
[369] WARN TestMethodFilter - NoClassDefFoundError: class org.apache.rocketmq.client.trace.DefaultMQProducerWithOpenTracingTest
[370] WARN TestMethodFilter - NoClassDefFoundError: class org.apache.rocketmq.client.trace.TransactionMQProducerWithOpenTracingTest
[370] WARN TestMethodFilter - NoClassDefFoundError: class org.apache.rocketmq.client.trace.DefaultMQProducerWithTraceTest
[5043] WARN CoverageRunner - Test [Manual]TestMethod=org.apache.rocketmq.client.impl.consumer.ConsumeMessageOrderlyServiceTest#testConsumeMessageDirectly_WithNoException result was not reported by test-runner.
[5043] WARN CoverageRunner - Test [Manual]TestMethod=org.apache.rocketmq.client.impl.consumer.ConsumeMessageOrderlyServiceTest#testConsumeMessageDirectly_WithException result was not reported by test-runner.
[5043] WARN CoverageRunner - Test [Manual]TestMethod=org.apache.rocketmq.client.impl.consumer.ConsumeMessageOrderlyServiceTest#testConsumeThreadName result was not reported by test-runner.
[5222] WARN CoverageRunner - Test [Manual]TestMethod=org.apache.rocketmq.client.impl.consumer.RebalanceLitePullImplTest#testComputePullFromWhereWithException_ne_minus1 result was not reported by test-runner.
[5222] WARN CoverageRunner - Test [Manual]TestMethod=org.apache.rocketmq.client.impl.consumer.RebalanceLitePullImplTest#testComputePullFromWhereWithException_eq_minus1_last result was not reported by test-runner.
[5222] WARN CoverageRunner - Test [Manual]TestMethod=org.apache.rocketmq.client.impl.consumer.RebalanceLitePullImplTest#testComputePullFromWhereWithException_eq_minus1_first result was not reported by test-runner.
[5222] WARN CoverageRunner - Test [Manual]TestMethod=org.apache.rocketmq.client.impl.consumer.RebalanceLitePullImplTest#testComputePullFromWhereWithException_eq_minus1_timestamp result was not reported by test-runner.
[5222] WARN CoverageRunner - Test [Manual]TestMethod=org.apache.rocketmq.client.impl.consumer.RebalancePushImplTest#testComputePullFromWhereWithException_ne_minus1 result was not reported by test-runner.
[5222] WARN CoverageRunner - Test [Manual]TestMethod=org.apache.rocketmq.client.impl.consumer.RebalancePushImplTest#testComputePullFromWhereWithException_eq_minus1_last result was not reported by test-runner.
[5222] WARN CoverageRunner - Test [Manual]TestMethod=org.apache.rocketmq.client.impl.consumer.RebalancePushImplTest#testComputePullFromWhereWithException_eq_minus1_first result was not reported by test-runner.
[5222] WARN CoverageRunner - Test [Manual]TestMethod=org.apache.rocketmq.client.impl.consumer.RebalancePushImplTest#testComputePullFromWhereWithException_eq_minus1_timestamp result was not reported by test-runner.
[5222] WARN CoverageRunner - Test [Manual]TestMethod=org.apache.rocketmq.client.impl.consumer.RebalancePushImplTest#testMessageQueueChanged_CountThreshold result was not reported by test-runner.
[5222] WARN CoverageRunner - Test [Manual]TestMethod=org.apache.rocketmq.client.impl.consumer.RebalancePushImplTest#testMessageQueueChanged_SizeThreshold result was not reported by test-runner.
[5222] WARN CoverageRunner - Test [Manual]TestMethod=org.apache.rocketmq.client.impl.consumer.RebalancePushImplTest#testMessageQueueChanged_ConsumerRuntimeInfo result was not reported by test-runner.
[5223] WARN CoverageRunner - Test [Manual]TestMethod=org.apache.rocketmq.client.consumer.DefaultMQPullConsumerTest#testStart_OffsetShouldNotNUllAfterStart result was not reported by test-runner.
[5223] WARN CoverageRunner - Test [Manual]TestMethod=org.apache.rocketmq.client.consumer.DefaultMQPullConsumerTest#testPullMessage_Success result was not reported by test-runner.
[5223] WARN CoverageRunner - Test [Manual]TestMethod=org.apache.rocketmq.client.consumer.DefaultMQPullConsumerTest#testPullMessage_NotFound result was not reported by test-runner.
[5223] WARN CoverageRunner - Test [Manual]TestMethod=org.apache.rocketmq.client.consumer.DefaultMQPullConsumerTest#testPullMessageAsync_Success result was not reported by test-runner.
[5223] WARN CoverageRunner - Test [Manual]TestMethod=org.apache.rocketmq.client.consumer.DefaultLitePullConsumerTest#testAssign_PollMessageSuccess result was not reported by test-runner.
[5223] WARN CoverageRunner - Test [Manual]TestMethod=org.apache.rocketmq.client.consumer.DefaultLitePullConsumerTest#testSubscribe_PollMessageSuccess result was not reported by test-runner.
[5223] WARN CoverageRunner - Test [Manual]TestMethod=org.apache.rocketmq.client.consumer.DefaultLitePullConsumerTest#testSubscribe_BroadcastPollMessageSuccess result was not reported by test-runner.
[5223] WARN CoverageRunner - Test [Manual]TestMethod=org.apache.rocketmq.client.consumer.DefaultLitePullConsumerTest#testSubscriptionType_AssignAndSubscribeExclusive result was not reported by test-runner.
[5223] WARN CoverageRunner - Test [Manual]TestMethod=org.apache.rocketmq.client.consumer.DefaultLitePullConsumerTest#testFetchMessageQueues_FetchMessageQueuesBeforeStart result was not reported by test-runner.
[5223] WARN CoverageRunner - Test [Manual]TestMethod=org.apache.rocketmq.client.consumer.DefaultLitePullConsumerTest#testSeek_SeekOffsetSuccess result was not reported by test-runner.
[5223] WARN CoverageRunner - Test [Manual]TestMethod=org.apache.rocketmq.client.consumer.DefaultLitePullConsumerTest#testSeek_SeekToBegin result was not reported by test-runner.
[5223] WARN CoverageRunner - Test [Manual]TestMethod=org.apache.rocketmq.client.consumer.DefaultLitePullConsumerTest#testSeek_SeekToEnd result was not reported by test-runner.
[5223] WARN CoverageRunner - Test [Manual]TestMethod=org.apache.rocketmq.client.consumer.DefaultLitePullConsumerTest#testSeek_SeekOffsetIllegal result was not reported by test-runner.
[5223] WARN CoverageRunner - Test [Manual]TestMethod=org.apache.rocketmq.client.consumer.DefaultLitePullConsumerTest#testSeek_MessageQueueNotInAssignList result was not reported by test-runner.
[5223] WARN CoverageRunner - Test [Manual]TestMethod=org.apache.rocketmq.client.consumer.DefaultLitePullConsumerTest#testOffsetForTimestamp_FailedAndSuccess result was not reported by test-runner.
[5223] WARN CoverageRunner - Test [Manual]TestMethod=org.apache.rocketmq.client.consumer.DefaultLitePullConsumerTest#testPauseAndResume_Success result was not reported by test-runner.
[5223] WARN CoverageRunner - Test [Manual]TestMethod=org.apache.rocketmq.client.consumer.DefaultLitePullConsumerTest#testPullTaskImpl_ProcessQueueNull result was not reported by test-runner.
[5223] WARN CoverageRunner - Test [Manual]TestMethod=org.apache.rocketmq.client.consumer.DefaultLitePullConsumerTest#testPullTaskImpl_ProcessQueueDropped result was not reported by test-runner.
[5223] WARN CoverageRunner - Test [Manual]TestMethod=org.apache.rocketmq.client.consumer.DefaultLitePullConsumerTest#testRegisterTopicMessageQueueChangeListener_Success result was not reported by test-runner.
[5223] WARN CoverageRunner - Test [Manual]TestMethod=org.apache.rocketmq.client.consumer.DefaultLitePullConsumerTest#testFlowControl_Success result was not reported by test-runner.
[5223] WARN CoverageRunner - Test [Manual]TestMethod=org.apache.rocketmq.client.consumer.DefaultLitePullConsumerTest#testCheckConfig_Exception result was not reported by test-runner.
[5223] WARN CoverageRunner - Test [Manual]TestMethod=org.apache.rocketmq.client.consumer.DefaultLitePullConsumerTest#testComputePullFromWhereReturnedNotFound result was not reported by test-runner.
[5223] WARN CoverageRunner - Test [Manual]TestMethod=org.apache.rocketmq.client.consumer.DefaultLitePullConsumerTest#testComputePullFromWhereReturned result was not reported by test-runner.
[5223] WARN CoverageRunner - Test [Manual]TestMethod=org.apache.rocketmq.client.consumer.DefaultLitePullConsumerTest#testComputePullFromLast result was not reported by test-runner.
[5223] WARN CoverageRunner - Test [Manual]TestMethod=org.apache.rocketmq.client.consumer.DefaultLitePullConsumerTest#testComputePullByTimeStamp result was not reported by test-runner.
[5223] WARN CoverageRunner - Test [Manual]TestMethod=org.apache.rocketmq.client.consumer.DefaultLitePullConsumerTest#testConsumerAfterShutdown result was not reported by test-runner.
[5223] WARN CoverageRunner - Test [Manual]TestMethod=org.apache.rocketmq.client.consumer.DefaultLitePullConsumerTest#testConsumerCommitWithMQ result was not reported by test-runner.
[7709] WARN CoverageRunner - Test [Manual]TestMethod=org.apache.rocketmq.client.utils.MessageUtilsTest#testCreateReplyMessage result was not reported by test-runner.
[7709] WARN CoverageRunner - Test [Manual]TestMethod=org.apache.rocketmq.client.utils.MessageUtilsTest#testCreateReplyMessage_Exception result was not reported by test-runner.
[7709] WARN CoverageRunner - Test [Manual]TestMethod=org.apache.rocketmq.client.utils.MessageUtilsTest#testCreateReplyMessage_reqMsgIsNull result was not reported by test-runner.
[7709] WARN CoverageRunner - Test [Manual]TestMethod=org.apache.rocketmq.client.utils.MessageUtilsTest#testGetReplyToClient result was not reported by test-runner.
[8708] WARN CoverageRunner - Test [Manual]TestMethod=org.apache.rocketmq.client.trace.DefaultMQLitePullConsumerWithTraceTest#testSubscribe_PollMessageSuccess_WithDefaultTraceTopic result was not reported by test-runner.
[8708] WARN CoverageRunner - Test [Manual]TestMethod=org.apache.rocketmq.client.trace.DefaultMQLitePullConsumerWithTraceTest#testSubscribe_PollMessageSuccess_WithCustomizedTraceTopic result was not reported by test-runner.
[8708] WARN CoverageRunner - Test [Manual]TestMethod=org.apache.rocketmq.client.trace.DefaultMQLitePullConsumerWithTraceTest#testLitePullConsumerWithTraceTLS result was not reported by test-runner.
[11125] INFO CoverageRunner - Tests found: 100
[11125] INFO CoverageRunner - Tests executed: 52
05:59:46.085 [main] INFO  fr.inria.jtravis.JTravis - GitHub ratelimit: Limit: 5000 Remaining: 3340 Reset hour: 05:05:02
05:59:47.324 [main] WARN  f.i.s.r.p.s.p.PushFaultLocalizationSuggestionsOnGitHubRepository - Flacoco has found 13 suspicious lines, but none were matched to the diff
05:59:47.896 [main] INFO  f.i.s.r.p.s.f.FlacocoLocalization - 
05:59:48.352 [main] INFO  f.i.s.r.p.i.ProjectInspector - ----------------------------------------------------------------------
05:59:48.352 [main] INFO  f.i.s.r.p.i.ProjectInspector - PIPELINE EXECUTION SUMMARY
05:59:48.353 [main] INFO  f.i.s.r.p.i.ProjectInspector - ----------------------------------------------------------------------
05:59:48.353 [main] INFO  f.i.s.r.p.i.ProjectInspector - CloneCheckoutGitPullRequest..........................SUCCESS [  13 s ]
05:59:48.353 [main] INFO  f.i.s.r.p.i.ProjectInspector - BuildProject.........................................SUCCESS [  56 s ]
05:59:48.353 [main] INFO  f.i.s.r.p.i.ProjectInspector - TestProject..........................................SUCCESS [ 175 s ]
05:59:48.353 [main] INFO  f.i.s.r.p.i.ProjectInspector - ComputeClasspath.....................................SUCCESS [  12 s ]
05:59:48.353 [main] INFO  f.i.s.r.p.i.ProjectInspector - ComputeSourceDir.....................................SUCCESS [   0 s ]
05:59:48.353 [main] INFO  f.i.s.r.p.i.ProjectInspector - ComputeTestDir.......................................SUCCESS [   0 s ]
05:59:48.353 [main] INFO  f.i.s.r.p.i.ProjectInspector - GatherTestInformation................................SUCCESS [   0 s ]
05:59:48.353 [main] INFO  f.i.s.r.p.i.ProjectInspector - FlacocoLocalization..................................SUCCESS [  11 s ]
05:59:48.353 [main] INFO  f.i.s.r.p.i.ProjectInspector - PushFaultLocalizationSuggestionsOnGitHubRepository...SKIPPED          
05:59:48.353 [main] INFO  f.i.s.r.p.i.ProjectInspector - ----------------------------------------------------------------------
05:59:48.353 [main] INFO  f.i.s.r.p.i.ProjectInspector - PIPELINE FINDING: TEST FAILURE
05:59:48.354 [main] INFO  f.i.s.r.p.i.ProjectInspector - ----------------------------------------------------------------------
05:59:48.354 [main] INFO  f.i.s.r.p.github.GithubMainProcess - Inspector is finished. The process will exit now.
