Execute pipeline with following supplementary args: --smtpPort 25 --listenerMode NOOP --launcherMode FAULT_LOCALIZATION  --gitrepourl https://github.com/apache/rocketmq --gitrepopullrequest 4514
java -cp /usr/local/openjdk-11/lib/tools.jar:repairnator-pipeline.jar -Dlogback.configurationFile=/root/logback.xml fr.inria.spirals.repairnator.pipeline.Launcher -d --runId null -o /var/log --ghOauth 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 --faultLocalization --flacocoThreshold 0.0 --flacocoTopK null --flacocoResultsRepository flacocobot/2022-flacocobot-experiment --ghOauth  --smtpPort 25 --listenerMode NOOP --launcherMode FAULT_LOCALIZATION  --gitrepourl https://github.com/apache/rocketmq --gitrepopullrequest 4514

17:45:06.750 [main] INFO  f.i.s.r.p.g.GithubInitSerializerEngines - Initialize file serializer engines.
17:45:06.753 [main] INFO  f.i.s.r.p.g.GithubInitSerializerEngines - MongoDB won't be used for serialization.
17:45:06.753 [main] INFO  f.i.s.r.p.github.GithubInitNotifiers - The email notifier engine won't be used.
17:45:06.777 [main] INFO  f.i.s.r.p.i.ProjectInspector - ----------------------------------------------------------------------
17:45:06.777 [main] INFO  f.i.s.r.p.i.ProjectInspector - PIPELINE STEPS
17:45:06.777 [main] INFO  f.i.s.r.p.i.ProjectInspector - ----------------------------------------------------------------------
17:45:06.777 [main] INFO  f.i.s.r.p.i.ProjectInspector - CloneCheckoutGitPullRequest
17:45:06.777 [main] INFO  f.i.s.r.p.i.ProjectInspector - BuildProject
17:45:06.777 [main] INFO  f.i.s.r.p.i.ProjectInspector - TestProject
17:45:06.777 [main] INFO  f.i.s.r.p.i.ProjectInspector - ComputeClasspath
17:45:06.777 [main] INFO  f.i.s.r.p.i.ProjectInspector - ComputeSourceDir
17:45:06.777 [main] INFO  f.i.s.r.p.i.ProjectInspector - ComputeTestDir
17:45:06.777 [main] INFO  f.i.s.r.p.i.ProjectInspector - GatherTestInformation
17:45:06.777 [main] INFO  f.i.s.r.p.i.ProjectInspector - FlacocoLocalization
17:45:06.777 [main] INFO  f.i.s.r.p.i.ProjectInspector - PushFaultLocalizationSuggestionsOnGitHubRepository
17:45:06.778 [main] INFO  f.i.s.r.p.s.CloneCheckoutGitPullRequest - Cloning repository https://github.com/apache/rocketmq.git in the following directory: ./workspace/apache-rocketmq-master-4514_repo
17:46:20.898 [Thread-8] ERROR f.i.s.r.p.m.output.MavenErrorHandler - RocketMQLog:ERROR Attempted to append to closed appender named [null].
17:46:20.902 [Thread-8] ERROR f.i.s.r.p.m.output.MavenErrorHandler - RocketMQLog:ERROR Attempted to append to closed appender named [null].
17:46:20.902 [Thread-8] ERROR f.i.s.r.p.m.output.MavenErrorHandler - RocketMQLog: setFile called: /root/logs/rocketmq-test/simple.log, true
17:46:20.902 [Thread-8] ERROR f.i.s.r.p.m.output.MavenErrorHandler - RocketMQLog: setFile ended
17:46:20.902 [Thread-8] ERROR f.i.s.r.p.m.output.MavenErrorHandler - RocketMQLog: setFile called: /root/logs/rocketmq-test/rolling_file.log, true
17:46:20.902 [Thread-8] ERROR f.i.s.r.p.m.output.MavenErrorHandler - RocketMQLog: setFile ended
17:46:20.903 [Thread-8] ERROR f.i.s.r.p.m.output.MavenErrorHandler - RocketMQLog:ERROR Attempted to append to closed appender named [null].
17:46:20.903 [Thread-8] ERROR f.i.s.r.p.m.output.MavenErrorHandler - RocketMQLog:ERROR Attempted to append to closed appender named [null].
17:46:20.903 [Thread-8] ERROR f.i.s.r.p.m.output.MavenErrorHandler - RocketMQLog:ERROR Attempted to append to closed appender named [null].
17:46:20.903 [Thread-8] ERROR f.i.s.r.p.m.output.MavenErrorHandler - RocketMQLog:ERROR Attempted to append to closed appender named [null].
17:46:20.903 [Thread-8] ERROR f.i.s.r.p.m.output.MavenErrorHandler - RocketMQLog:ERROR Attempted to append to closed appender named [null].
17:46:20.903 [Thread-8] ERROR f.i.s.r.p.m.output.MavenErrorHandler - RocketMQLog:ERROR Attempted to append to closed appender named [null].
17:46:20.903 [Thread-8] ERROR f.i.s.r.p.m.output.MavenErrorHandler - RocketMQLog:ERROR Attempted to append to closed appender named [null].
17:46:20.903 [Thread-8] ERROR f.i.s.r.p.m.output.MavenErrorHandler - RocketMQLog:ERROR Attempted to append to closed appender named [null].
17:46:20.903 [Thread-8] ERROR f.i.s.r.p.m.output.MavenErrorHandler - RocketMQLog:ERROR Attempted to append to closed appender named [null].
17:46:20.903 [Thread-8] ERROR f.i.s.r.p.m.output.MavenErrorHandler - RocketMQLog:ERROR Attempted to append to closed appender named [null].
17:46:20.903 [Thread-8] ERROR f.i.s.r.p.m.output.MavenErrorHandler - RocketMQLog:ERROR Attempted to append to closed appender named [null].
17:46:20.903 [Thread-8] ERROR f.i.s.r.p.m.output.MavenErrorHandler - RocketMQLog:ERROR Attempted to append to closed appender named [null].
17:46:20.903 [Thread-8] ERROR f.i.s.r.p.m.output.MavenErrorHandler - RocketMQLog:ERROR Attempted to append to closed appender named [null].
17:46:20.903 [Thread-8] ERROR f.i.s.r.p.m.output.MavenErrorHandler - RocketMQLog:ERROR Attempted to append to closed appender named [null].
17:46:20.903 [Thread-8] ERROR f.i.s.r.p.m.output.MavenErrorHandler - RocketMQLog:ERROR Attempted to append to closed appender named [null].
17:46:23.766 [Thread-8] ERROR f.i.s.r.p.m.output.MavenErrorHandler - RocketMQLog:WARN No appenders could be found for logger (io.netty.util.internal.InternalThreadLocalMap).
17:46:23.766 [Thread-8] ERROR f.i.s.r.p.m.output.MavenErrorHandler - RocketMQLog:WARN Please initialize the logger system properly.
17:46:40.846 [Thread-8] ERROR f.i.s.r.p.m.output.MavenErrorHandler - RocketMQLog:WARN No appenders could be found for logger (RocketmqCommon).
17:46:40.846 [Thread-8] ERROR f.i.s.r.p.m.output.MavenErrorHandler - RocketMQLog:WARN Please initialize the logger system properly.
17:47:56.474 [Thread-8] ERROR f.i.s.r.p.m.output.MavenErrorHandler - Exception in thread "Thread-73" java.lang.IllegalStateException: The consumer not running, please start it first.
17:47:56.474 [Thread-8] ERROR f.i.s.r.p.m.output.MavenErrorHandler - 	at org.apache.rocketmq.client.impl.consumer.DefaultLitePullConsumerImpl.checkServiceState(DefaultLitePullConsumerImpl.java:199)
17:47:56.475 [Thread-8] ERROR f.i.s.r.p.m.output.MavenErrorHandler - 	at org.apache.rocketmq.client.impl.consumer.DefaultLitePullConsumerImpl.poll(DefaultLitePullConsumerImpl.java:537)
17:47:56.475 [Thread-8] ERROR f.i.s.r.p.m.output.MavenErrorHandler - 	at org.apache.rocketmq.client.consumer.DefaultLitePullConsumer.poll(DefaultLitePullConsumer.java:281)
17:47:56.475 [Thread-8] ERROR f.i.s.r.p.m.output.MavenErrorHandler - 	at org.apache.rocketmq.client.consumer.DefaultLitePullConsumerTest$AsyncConsumer$1.run(DefaultLitePullConsumerTest.java:576)
17:47:56.475 [Thread-8] ERROR f.i.s.r.p.m.output.MavenErrorHandler - 	at java.base/java.lang.Thread.run(Thread.java:834)
17:48:29.338 [Thread-8] ERROR f.i.s.r.p.m.output.MavenErrorHandler - org.apache.rocketmq.client.exception.MQClientException: message's topic not equal mq's topic
17:48:29.338 [Thread-8] ERROR f.i.s.r.p.m.output.MavenErrorHandler - For more information, please visit the url, http://rocketmq.apache.org/docs/faq/
17:48:29.338 [Thread-8] ERROR f.i.s.r.p.m.output.MavenErrorHandler - 	at org.apache.rocketmq.client.impl.producer.DefaultMQProducerImpl$4.run(DefaultMQProducerImpl.java:1059)
17:48:29.338 [Thread-8] ERROR f.i.s.r.p.m.output.MavenErrorHandler - 	at java.base/java.util.concurrent.Executors$RunnableAdapter.call(Executors.java:515)
17:48:29.338 [Thread-8] ERROR f.i.s.r.p.m.output.MavenErrorHandler - 	at java.base/java.util.concurrent.FutureTask.run(FutureTask.java:264)
17:48:29.338 [Thread-8] ERROR f.i.s.r.p.m.output.MavenErrorHandler - 	at java.base/java.util.concurrent.ThreadPoolExecutor.runWorker(ThreadPoolExecutor.java:1128)
17:48:29.338 [Thread-8] ERROR f.i.s.r.p.m.output.MavenErrorHandler - 	at java.base/java.util.concurrent.ThreadPoolExecutor$Worker.run(ThreadPoolExecutor.java:628)
17:48:29.338 [Thread-8] ERROR f.i.s.r.p.m.output.MavenErrorHandler - 	at java.base/java.lang.Thread.run(Thread.java:834)
17:48:41.695 [Thread-8] ERROR f.i.s.r.p.m.output.MavenErrorHandler - org.apache.rocketmq.client.exception.MQClientException: The specified topic is blank
17:48:41.695 [Thread-8] ERROR f.i.s.r.p.m.output.MavenErrorHandler - For more information, please visit the url, http://rocketmq.apache.org/docs/faq/
17:48:41.695 [Thread-8] ERROR f.i.s.r.p.m.output.MavenErrorHandler - 	at org.apache.rocketmq.client.Validators.checkTopic(Validators.java:81)
17:48:41.695 [Thread-8] ERROR f.i.s.r.p.m.output.MavenErrorHandler - 	at org.apache.rocketmq.client.Validators.checkMessage(Validators.java:61)
17:48:41.695 [Thread-8] ERROR f.i.s.r.p.m.output.MavenErrorHandler - 	at org.apache.rocketmq.client.impl.producer.DefaultMQProducerImpl.sendDefaultImpl(DefaultMQProducerImpl.java:543)
17:48:41.695 [Thread-8] ERROR f.i.s.r.p.m.output.MavenErrorHandler - 	at org.apache.rocketmq.client.impl.producer.DefaultMQProducerImpl.access$300(DefaultMQProducerImpl.java:98)
17:48:41.695 [Thread-8] ERROR f.i.s.r.p.m.output.MavenErrorHandler - 	at org.apache.rocketmq.client.impl.producer.DefaultMQProducerImpl$3.run(DefaultMQProducerImpl.java:502)
17:48:41.695 [Thread-8] ERROR f.i.s.r.p.m.output.MavenErrorHandler - 	at java.base/java.util.concurrent.Executors$RunnableAdapter.call(Executors.java:515)
17:48:41.696 [Thread-8] ERROR f.i.s.r.p.m.output.MavenErrorHandler - 	at java.base/java.util.concurrent.FutureTask.run(FutureTask.java:264)
17:48:41.696 [Thread-8] ERROR f.i.s.r.p.m.output.MavenErrorHandler - 	at java.base/java.util.concurrent.ThreadPoolExecutor.runWorker(ThreadPoolExecutor.java:1128)
17:48:41.696 [Thread-8] ERROR f.i.s.r.p.m.output.MavenErrorHandler - 	at java.base/java.util.concurrent.ThreadPoolExecutor$Worker.run(ThreadPoolExecutor.java:628)
17:48:41.696 [Thread-8] ERROR f.i.s.r.p.m.output.MavenErrorHandler - 	at java.base/java.lang.Thread.run(Thread.java:834)
17:48:41.699 [Thread-8] ERROR f.i.s.r.p.m.output.MavenErrorHandler - org.apache.rocketmq.client.exception.MQClientException: message's topic not equal mq's topic
17:48:41.699 [Thread-8] ERROR f.i.s.r.p.m.output.MavenErrorHandler - For more information, please visit the url, http://rocketmq.apache.org/docs/faq/
17:48:41.699 [Thread-8] ERROR f.i.s.r.p.m.output.MavenErrorHandler - 	at org.apache.rocketmq.client.impl.producer.DefaultMQProducerImpl$4.run(DefaultMQProducerImpl.java:1059)
17:48:41.699 [Thread-8] ERROR f.i.s.r.p.m.output.MavenErrorHandler - 	at java.base/java.util.concurrent.Executors$RunnableAdapter.call(Executors.java:515)
17:48:41.700 [Thread-8] ERROR f.i.s.r.p.m.output.MavenErrorHandler - 	at java.base/java.util.concurrent.FutureTask.run(FutureTask.java:264)
17:48:41.700 [Thread-8] ERROR f.i.s.r.p.m.output.MavenErrorHandler - 	at java.base/java.util.concurrent.ThreadPoolExecutor.runWorker(ThreadPoolExecutor.java:1128)
17:48:41.700 [Thread-8] ERROR f.i.s.r.p.m.output.MavenErrorHandler - 	at java.base/java.util.concurrent.ThreadPoolExecutor$Worker.run(ThreadPoolExecutor.java:628)
17:48:41.700 [Thread-8] ERROR f.i.s.r.p.m.output.MavenErrorHandler - 	at java.base/java.lang.Thread.run(Thread.java:834)
17:48:41.731 [Thread-8] ERROR f.i.s.r.p.m.output.MavenErrorHandler - org.apache.rocketmq.client.exception.MQClientException: The specified topic is blank
17:48:41.731 [Thread-8] ERROR f.i.s.r.p.m.output.MavenErrorHandler - For more information, please visit the url, http://rocketmq.apache.org/docs/faq/
17:48:41.732 [Thread-8] ERROR f.i.s.r.p.m.output.MavenErrorHandler - 	at org.apache.rocketmq.client.Validators.checkTopic(Validators.java:81)
17:48:41.733 [Thread-8] ERROR f.i.s.r.p.m.output.MavenErrorHandler - 	at org.apache.rocketmq.client.Validators.checkMessage(Validators.java:61)
17:48:41.733 [Thread-8] ERROR f.i.s.r.p.m.output.MavenErrorHandler - 	at org.apache.rocketmq.client.impl.producer.DefaultMQProducerImpl.sendSelectImpl(DefaultMQProducerImpl.java:1122)
17:48:41.733 [Thread-8] ERROR f.i.s.r.p.m.output.MavenErrorHandler - 	at org.apache.rocketmq.client.impl.producer.DefaultMQProducerImpl.access$600(DefaultMQProducerImpl.java:98)
17:48:41.733 [Thread-8] ERROR f.i.s.r.p.m.output.MavenErrorHandler - 	at org.apache.rocketmq.client.impl.producer.DefaultMQProducerImpl$5.run(DefaultMQProducerImpl.java:1189)
17:48:41.733 [Thread-8] ERROR f.i.s.r.p.m.output.MavenErrorHandler - 	at java.base/java.util.concurrent.Executors$RunnableAdapter.call(Executors.java:515)
17:48:41.733 [Thread-8] ERROR f.i.s.r.p.m.output.MavenErrorHandler - 	at java.base/java.util.concurrent.FutureTask.run(FutureTask.java:264)
17:48:41.733 [Thread-8] ERROR f.i.s.r.p.m.output.MavenErrorHandler - 	at java.base/java.util.concurrent.ThreadPoolExecutor.runWorker(ThreadPoolExecutor.java:1128)
17:48:41.734 [Thread-8] ERROR f.i.s.r.p.m.output.MavenErrorHandler - 	at java.base/java.util.concurrent.ThreadPoolExecutor$Worker.run(ThreadPoolExecutor.java:628)
17:48:41.734 [Thread-8] ERROR f.i.s.r.p.m.output.MavenErrorHandler - 	at java.base/java.lang.Thread.run(Thread.java:834)
17:48:41.743 [Thread-8] ERROR f.i.s.r.p.m.output.MavenErrorHandler - org.apache.rocketmq.client.exception.MQClientException: select message queue return null.
17:48:41.744 [Thread-8] ERROR f.i.s.r.p.m.output.MavenErrorHandler - For more information, please visit the url, http://rocketmq.apache.org/docs/faq/
17:48:41.744 [Thread-8] ERROR f.i.s.r.p.m.output.MavenErrorHandler - 	at org.apache.rocketmq.client.impl.producer.DefaultMQProducerImpl.sendSelectImpl(DefaultMQProducerImpl.java:1146)
17:48:41.744 [Thread-8] ERROR f.i.s.r.p.m.output.MavenErrorHandler - 	at org.apache.rocketmq.client.impl.producer.DefaultMQProducerImpl.access$600(DefaultMQProducerImpl.java:98)
17:48:41.744 [Thread-8] ERROR f.i.s.r.p.m.output.MavenErrorHandler - 	at org.apache.rocketmq.client.impl.producer.DefaultMQProducerImpl$5.run(DefaultMQProducerImpl.java:1189)
17:48:41.744 [Thread-8] ERROR f.i.s.r.p.m.output.MavenErrorHandler - 	at java.base/java.util.concurrent.Executors$RunnableAdapter.call(Executors.java:515)
17:48:41.745 [Thread-8] ERROR f.i.s.r.p.m.output.MavenErrorHandler - 	at java.base/java.util.concurrent.FutureTask.run(FutureTask.java:264)
17:48:41.745 [Thread-8] ERROR f.i.s.r.p.m.output.MavenErrorHandler - 	at java.base/java.util.concurrent.ThreadPoolExecutor.runWorker(ThreadPoolExecutor.java:1128)
17:48:41.746 [Thread-8] ERROR f.i.s.r.p.m.output.MavenErrorHandler - 	at java.base/java.util.concurrent.ThreadPoolExecutor$Worker.run(ThreadPoolExecutor.java:628)
17:48:41.746 [Thread-8] ERROR f.i.s.r.p.m.output.MavenErrorHandler - 	at java.base/java.lang.Thread.run(Thread.java:834)
17:48:41.746 [Thread-8] ERROR f.i.s.r.p.m.output.MavenErrorHandler - org.apache.rocketmq.client.exception.MQClientException: The specified topic is blank
17:48:41.746 [Thread-8] ERROR f.i.s.r.p.m.output.MavenErrorHandler - For more information, please visit the url, http://rocketmq.apache.org/docs/faq/
17:48:41.747 [Thread-8] ERROR f.i.s.r.p.m.output.MavenErrorHandler - 	at org.apache.rocketmq.client.Validators.checkTopic(Validators.java:81)
17:48:41.747 [Thread-8] ERROR f.i.s.r.p.m.output.MavenErrorHandler - 	at org.apache.rocketmq.client.Validators.checkMessage(Validators.java:61)
17:48:41.747 [Thread-8] ERROR f.i.s.r.p.m.output.MavenErrorHandler - 	at org.apache.rocketmq.client.impl.producer.DefaultMQProducerImpl$4.run(DefaultMQProducerImpl.java:1056)
17:48:41.747 [Thread-8] ERROR f.i.s.r.p.m.output.MavenErrorHandler - 	at java.base/java.util.concurrent.Executors$RunnableAdapter.call(Executors.java:515)
17:48:41.747 [Thread-8] ERROR f.i.s.r.p.m.output.MavenErrorHandler - 	at java.base/java.util.concurrent.FutureTask.run(FutureTask.java:264)
17:48:41.748 [Thread-8] ERROR f.i.s.r.p.m.output.MavenErrorHandler - 	at java.base/java.util.concurrent.ThreadPoolExecutor.runWorker(ThreadPoolExecutor.java:1128)
17:48:41.748 [Thread-8] ERROR f.i.s.r.p.m.output.MavenErrorHandler - 	at java.base/java.util.concurrent.ThreadPoolExecutor$Worker.run(ThreadPoolExecutor.java:628)
17:48:41.748 [Thread-8] ERROR f.i.s.r.p.m.output.MavenErrorHandler - 	at java.base/java.lang.Thread.run(Thread.java:834)
17:50:47.508 [Thread-7] ERROR f.i.s.r.p.m.o.MavenFilterOutputHandler - [ERROR] Failed to execute goal org.apache.maven.plugins:maven-surefire-plugin:2.19.1:test (default-test) on project rocketmq-store: There are test failures.
17:50:47.508 [Thread-7] ERROR f.i.s.r.p.m.o.MavenFilterOutputHandler - [ERROR] 
17:50:47.508 [Thread-7] ERROR f.i.s.r.p.m.o.MavenFilterOutputHandler - [ERROR] Please refer to /root/workspace/apache-rocketmq-master-4514_repo/store/target/surefire-reports for the individual test results.
17:50:47.508 [Thread-7] ERROR f.i.s.r.p.m.o.MavenFilterOutputHandler - [ERROR] -> [Help 1]
17:50:47.516 [Thread-7] ERROR f.i.s.r.p.m.o.MavenFilterOutputHandler - [ERROR] 
17:50:47.517 [Thread-7] ERROR f.i.s.r.p.m.o.MavenFilterOutputHandler - [ERROR] Re-run Maven using the -X switch to enable full debug logging.
17:50:47.517 [Thread-7] ERROR f.i.s.r.p.m.o.MavenFilterOutputHandler - [ERROR] 
17:50:47.517 [Thread-7] ERROR f.i.s.r.p.m.o.MavenFilterOutputHandler - [ERROR] For more information about the errors and possible solutions, please read the following articles:
17:50:47.517 [Thread-7] ERROR f.i.s.r.p.m.o.MavenFilterOutputHandler - [ERROR] [Help 1] http://cwiki.apache.org/confluence/display/MAVEN/MojoFailureException
17:50:47.517 [Thread-7] ERROR f.i.s.r.p.m.o.MavenFilterOutputHandler - [ERROR] 
17:50:47.518 [Thread-7] ERROR f.i.s.r.p.m.o.MavenFilterOutputHandler - [ERROR] After correcting the problems, you can resume the build with the command
17:50:47.518 [Thread-7] ERROR f.i.s.r.p.m.o.MavenFilterOutputHandler - [ERROR]   mvn <goals> -rf :rocketmq-store
17:50:59.359 [main] ERROR f.i.s.r.p.s.paths.ComputeClasspath - The file does not exist: /root/./workspace/apache-rocketmq-master-4514_repo/target/classes.
17:50:59.359 [main] ERROR f.i.s.r.p.s.paths.ComputeClasspath - The file does not exist: /root/./workspace/apache-rocketmq-master-4514_repo/target/test-classes.
17:50:59.477 [main] ERROR f.i.s.r.process.maven.MavenHelper - Error while building complete model. The raw model will be used. Error message: 1 problem was encountered while building the effective model for org.apache.rocketmq:rocketmq-all:4.9.5-SNAPSHOT
[ERROR] Failed to determine Java version for profile jdk8 @ 

17:50:59.525 [main] ERROR f.i.s.r.process.maven.MavenHelper - Error while building complete model. The raw model will be used. Error message: 1 problem was encountered while building the effective model for org.apache.rocketmq:rocketmq-distribution:4.9.5-SNAPSHOT
[ERROR] Failed to determine Java version for profile jdk8 @ org.apache.rocketmq:rocketmq-all:4.9.5-SNAPSHOT, /root/workspace/apache-rocketmq-master-4514_repo/pom.xml

17:50:59.542 [main] ERROR f.i.s.r.p.s.paths.ComputeSourceDir - The source directory is not at default location or specified in build section from pom.xml, and no parent can be found.
17:50:59.543 [main] INFO  f.i.s.r.p.s.paths.ComputeSourceDir - 14 source dirs were found:
17:50:59.543 [main] INFO  f.i.s.r.p.s.paths.ComputeSourceDir - /root/workspace/apache-rocketmq-master-4514_repo/acl/src/main/java
17:50:59.543 [main] INFO  f.i.s.r.p.s.paths.ComputeSourceDir - /root/workspace/apache-rocketmq-master-4514_repo/broker/src/main/java
17:50:59.543 [main] INFO  f.i.s.r.p.s.paths.ComputeSourceDir - /root/workspace/apache-rocketmq-master-4514_repo/client/src/main/java
17:50:59.543 [main] INFO  f.i.s.r.p.s.paths.ComputeSourceDir - /root/workspace/apache-rocketmq-master-4514_repo/common/src/main/java
17:50:59.543 [main] INFO  f.i.s.r.p.s.paths.ComputeSourceDir - /root/workspace/apache-rocketmq-master-4514_repo/example/src/main/java
17:50:59.543 [main] INFO  f.i.s.r.p.s.paths.ComputeSourceDir - /root/workspace/apache-rocketmq-master-4514_repo/filter/src/main/java
17:50:59.543 [main] INFO  f.i.s.r.p.s.paths.ComputeSourceDir - /root/workspace/apache-rocketmq-master-4514_repo/logging/src/main/java
17:50:59.543 [main] INFO  f.i.s.r.p.s.paths.ComputeSourceDir - /root/workspace/apache-rocketmq-master-4514_repo/namesrv/src/main/java
17:50:59.543 [main] INFO  f.i.s.r.p.s.paths.ComputeSourceDir - /root/workspace/apache-rocketmq-master-4514_repo/openmessaging/src/main/java
17:50:59.543 [main] INFO  f.i.s.r.p.s.paths.ComputeSourceDir - /root/workspace/apache-rocketmq-master-4514_repo/remoting/src/main/java
17:50:59.543 [main] INFO  f.i.s.r.p.s.paths.ComputeSourceDir - /root/workspace/apache-rocketmq-master-4514_repo/srvutil/src/main/java
17:50:59.543 [main] INFO  f.i.s.r.p.s.paths.ComputeSourceDir - /root/workspace/apache-rocketmq-master-4514_repo/store/src/main/java
17:50:59.543 [main] INFO  f.i.s.r.p.s.paths.ComputeSourceDir - /root/workspace/apache-rocketmq-master-4514_repo/test/src/main/java
17:50:59.543 [main] INFO  f.i.s.r.p.s.paths.ComputeSourceDir - /root/workspace/apache-rocketmq-master-4514_repo/tools/src/main/java
17:50:59.563 [main] ERROR f.i.s.r.process.maven.MavenHelper - Error while building complete model. The raw model will be used. Error message: 1 problem was encountered while building the effective model for org.apache.rocketmq:rocketmq-all:4.9.5-SNAPSHOT
[ERROR] Failed to determine Java version for profile jdk8 @ 

17:50:59.593 [main] ERROR f.i.s.r.process.maven.MavenHelper - Error while building complete model. The raw model will be used. Error message: 1 problem was encountered while building the effective model for org.apache.rocketmq:rocketmq-client:4.9.5-SNAPSHOT
[ERROR] Failed to determine Java version for profile jdk8 @ org.apache.rocketmq:rocketmq-all:4.9.5-SNAPSHOT, /root/workspace/apache-rocketmq-master-4514_repo/pom.xml

17:50:59.615 [main] ERROR f.i.s.r.process.maven.MavenHelper - Error while building complete model. The raw model will be used. Error message: 1 problem was encountered while building the effective model for org.apache.rocketmq:rocketmq-common:4.9.5-SNAPSHOT
[ERROR] Failed to determine Java version for profile jdk8 @ org.apache.rocketmq:rocketmq-all:4.9.5-SNAPSHOT, /root/workspace/apache-rocketmq-master-4514_repo/pom.xml

17:50:59.631 [main] ERROR f.i.s.r.process.maven.MavenHelper - Error while building complete model. The raw model will be used. Error message: 1 problem was encountered while building the effective model for org.apache.rocketmq:rocketmq-broker:4.9.5-SNAPSHOT
[ERROR] Failed to determine Java version for profile jdk8 @ org.apache.rocketmq:rocketmq-all:4.9.5-SNAPSHOT, /root/workspace/apache-rocketmq-master-4514_repo/pom.xml

17:50:59.642 [main] ERROR f.i.s.r.process.maven.MavenHelper - Error while building complete model. The raw model will be used. Error message: 1 problem was encountered while building the effective model for org.apache.rocketmq:rocketmq-tools:4.9.5-SNAPSHOT
[ERROR] Failed to determine Java version for profile jdk8 @ org.apache.rocketmq:rocketmq-all:4.9.5-SNAPSHOT, /root/workspace/apache-rocketmq-master-4514_repo/pom.xml

17:50:59.651 [main] ERROR f.i.s.r.process.maven.MavenHelper - Error while building complete model. The raw model will be used. Error message: 1 problem was encountered while building the effective model for org.apache.rocketmq:rocketmq-store:4.9.5-SNAPSHOT
[ERROR] Failed to determine Java version for profile jdk8 @ org.apache.rocketmq:rocketmq-all:4.9.5-SNAPSHOT, /root/workspace/apache-rocketmq-master-4514_repo/pom.xml

17:50:59.655 [main] ERROR f.i.s.r.process.maven.MavenHelper - Error while building complete model. The raw model will be used. Error message: 1 problem was encountered while building the effective model for org.apache.rocketmq:rocketmq-namesrv:4.9.5-SNAPSHOT
[ERROR] Failed to determine Java version for profile jdk8 @ org.apache.rocketmq:rocketmq-all:4.9.5-SNAPSHOT, /root/workspace/apache-rocketmq-master-4514_repo/pom.xml

17:50:59.694 [main] ERROR f.i.s.r.process.maven.MavenHelper - Error while building complete model. The raw model will be used. Error message: 1 problem was encountered while building the effective model for org.apache.rocketmq:rocketmq-remoting:4.9.5-SNAPSHOT
[ERROR] Failed to determine Java version for profile jdk8 @ org.apache.rocketmq:rocketmq-all:4.9.5-SNAPSHOT, /root/workspace/apache-rocketmq-master-4514_repo/pom.xml

17:50:59.700 [main] ERROR f.i.s.r.process.maven.MavenHelper - Error while building complete model. The raw model will be used. Error message: 1 problem was encountered while building the effective model for org.apache.rocketmq:rocketmq-srvutil:4.9.5-SNAPSHOT
[ERROR] Failed to determine Java version for profile jdk8 @ org.apache.rocketmq:rocketmq-all:4.9.5-SNAPSHOT, /root/workspace/apache-rocketmq-master-4514_repo/pom.xml

17:50:59.700 [main] ERROR f.i.s.r.p.step.paths.ComputeTestDir - The test directory is not at default location or specified in build section from pom.xml, and no parent can be found.
17:50:59.705 [main] ERROR f.i.s.r.process.maven.MavenHelper - Error while building complete model. The raw model will be used. Error message: 1 problem was encountered while building the effective model for org.apache.rocketmq:rocketmq-filter:4.9.5-SNAPSHOT
[ERROR] Failed to determine Java version for profile jdk8 @ org.apache.rocketmq:rocketmq-all:4.9.5-SNAPSHOT, /root/workspace/apache-rocketmq-master-4514_repo/pom.xml

17:50:59.722 [main] ERROR f.i.s.r.process.maven.MavenHelper - Error while building complete model. The raw model will be used. Error message: 1 problem was encountered while building the effective model for org.apache.rocketmq:rocketmq-test:4.9.5-SNAPSHOT
[ERROR] Failed to determine Java version for profile jdk8 @ org.apache.rocketmq:rocketmq-all:4.9.5-SNAPSHOT, /root/workspace/apache-rocketmq-master-4514_repo/pom.xml

17:50:59.728 [main] ERROR f.i.s.r.process.maven.MavenHelper - Error while building complete model. The raw model will be used. Error message: 1 problem was encountered while building the effective model for org.apache.rocketmq:rocketmq-distribution:4.9.5-SNAPSHOT
[ERROR] Failed to determine Java version for profile jdk8 @ org.apache.rocketmq:rocketmq-all:4.9.5-SNAPSHOT, /root/workspace/apache-rocketmq-master-4514_repo/pom.xml

17:50:59.728 [main] ERROR f.i.s.r.p.step.paths.ComputeTestDir - The test directory is not at default location or specified in build section from pom.xml, and no parent can be found.
17:50:59.748 [main] ERROR f.i.s.r.process.maven.MavenHelper - Error while building complete model. The raw model will be used. Error message: 1 problem was encountered while building the effective model for org.apache.rocketmq:rocketmq-openmessaging:4.9.5-SNAPSHOT
[ERROR] Failed to determine Java version for profile jdk8 @ org.apache.rocketmq:rocketmq-all:4.9.5-SNAPSHOT, /root/workspace/apache-rocketmq-master-4514_repo/pom.xml

17:50:59.764 [main] ERROR f.i.s.r.process.maven.MavenHelper - Error while building complete model. The raw model will be used. Error message: 1 problem was encountered while building the effective model for org.apache.rocketmq:rocketmq-logging:4.9.5-SNAPSHOT
[ERROR] Failed to determine Java version for profile jdk8 @ org.apache.rocketmq:rocketmq-all:4.9.5-SNAPSHOT, /root/workspace/apache-rocketmq-master-4514_repo/pom.xml

17:50:59.791 [main] ERROR f.i.s.r.process.maven.MavenHelper - Error while building complete model. The raw model will be used. Error message: 1 problem was encountered while building the effective model for org.apache.rocketmq:rocketmq-acl:4.9.5-SNAPSHOT
[ERROR] Failed to determine Java version for profile jdk8 @ org.apache.rocketmq:rocketmq-all:4.9.5-SNAPSHOT, /root/workspace/apache-rocketmq-master-4514_repo/pom.xml

17:50:59.796 [main] ERROR f.i.s.r.process.maven.MavenHelper - Error while building complete model. The raw model will be used. Error message: 1 problem was encountered while building the effective model for org.apache.rocketmq:rocketmq-example:4.9.5-SNAPSHOT
[ERROR] Failed to determine Java version for profile jdk8 @ org.apache.rocketmq:rocketmq-all:4.9.5-SNAPSHOT, /root/workspace/apache-rocketmq-master-4514_repo/pom.xml

17:50:59.796 [main] ERROR f.i.s.r.p.step.paths.ComputeTestDir - The test directory is not at default location or specified in build section from pom.xml, and no parent can be found.
17:50:59.796 [main] INFO  f.i.s.r.p.step.paths.ComputeTestDir - 12 test dirs were found:
17:50:59.796 [main] INFO  f.i.s.r.p.step.paths.ComputeTestDir - /root/workspace/apache-rocketmq-master-4514_repo/acl/src/test/java
17:50:59.796 [main] INFO  f.i.s.r.p.step.paths.ComputeTestDir - /root/workspace/apache-rocketmq-master-4514_repo/broker/src/test/java
17:50:59.796 [main] INFO  f.i.s.r.p.step.paths.ComputeTestDir - /root/workspace/apache-rocketmq-master-4514_repo/client/src/test/java
17:50:59.796 [main] INFO  f.i.s.r.p.step.paths.ComputeTestDir - /root/workspace/apache-rocketmq-master-4514_repo/common/src/test/java
17:50:59.796 [main] INFO  f.i.s.r.p.step.paths.ComputeTestDir - /root/workspace/apache-rocketmq-master-4514_repo/filter/src/test/java
17:50:59.796 [main] INFO  f.i.s.r.p.step.paths.ComputeTestDir - /root/workspace/apache-rocketmq-master-4514_repo/logging/src/test/java
17:50:59.797 [main] INFO  f.i.s.r.p.step.paths.ComputeTestDir - /root/workspace/apache-rocketmq-master-4514_repo/namesrv/src/test/java
17:50:59.797 [main] INFO  f.i.s.r.p.step.paths.ComputeTestDir - /root/workspace/apache-rocketmq-master-4514_repo/openmessaging/src/test/java
17:50:59.797 [main] INFO  f.i.s.r.p.step.paths.ComputeTestDir - /root/workspace/apache-rocketmq-master-4514_repo/remoting/src/test/java
17:50:59.797 [main] INFO  f.i.s.r.p.step.paths.ComputeTestDir - /root/workspace/apache-rocketmq-master-4514_repo/store/src/test/java
17:50:59.797 [main] INFO  f.i.s.r.p.step.paths.ComputeTestDir - /root/workspace/apache-rocketmq-master-4514_repo/test/src/test/java
17:50:59.797 [main] INFO  f.i.s.r.p.step.paths.ComputeTestDir - /root/workspace/apache-rocketmq-master-4514_repo/tools/src/test/java
17:51:00.280 [main] INFO  f.i.s.r.p.s.g.GatherTestInformation - Get the following failing module path: /root/workspace/apache-rocketmq-master-4514_repo/store
17:51:00.308 [main] INFO  f.i.s.r.p.s.g.GatherTestInformation - ---Test results---
17:51:00.308 [main] INFO  f.i.s.r.p.s.g.GatherTestInformation -    Total tests: 386
17:51:00.308 [main] INFO  f.i.s.r.p.s.g.GatherTestInformation -    Tests run: 364
17:51:00.308 [main] INFO  f.i.s.r.p.s.g.GatherTestInformation -    Tests passing: 362
17:51:00.308 [main] INFO  f.i.s.r.p.s.g.GatherTestInformation -    Failures: 1
17:51:00.308 [main] INFO  f.i.s.r.p.s.g.GatherTestInformation -    Errors: 1
17:51:00.308 [main] INFO  f.i.s.r.p.s.g.GatherTestInformation -    Skipped: 22
[0] INFO Flacoco - Running Flacoco...
[206] WARN TestMethodFilter - NoClassDefFoundError: class org.apache.rocketmq.store.dledger.DLedgerCommitLog
[209] WARN TestMethodFilter - NoClassDefFoundError: class org.apache.rocketmq.store.MultiDispatch
[210] WARN TestMethodFilter - NoClassDefFoundError: class org.apache.rocketmq.store.CommitLog
[216] WARN TestMethodFilter - NoClassDefFoundError: class org.apache.rocketmq.store.MappedFile
[224] WARN TestMethodFilter - NoClassDefFoundError: class org.apache.rocketmq.store.stats.LmqBrokerStatsManager
[225] WARN TestMethodFilter - NoClassDefFoundError: class org.apache.rocketmq.store.stats.BrokerStatsManager
[226] WARN TestMethodFilter - NoClassDefFoundError: class org.apache.rocketmq.store.DefaultMessageStore
[239] WARN TestMethodFilter - NoClassDefFoundError: class org.apache.rocketmq.store.ConsumeQueueTest
[243] WARN TestMethodFilter - NoClassDefFoundError: class org.apache.rocketmq.store.BatchPutMessageTest
[248] WARN TestMethodFilter - NoClassDefFoundError: class org.apache.rocketmq.store.schedule.ScheduleMessageServiceTest
[262] WARN TestMethodFilter - NoClassDefFoundError: class org.apache.rocketmq.store.dledger.DLedgerCommitLog
[262] WARN TestMethodFilter - NoClassDefFoundError: class org.apache.rocketmq.store.MultiDispatch
[263] WARN TestMethodFilter - NoClassDefFoundError: class org.apache.rocketmq.store.CommitLog
[263] WARN TestMethodFilter - NoClassDefFoundError: class org.apache.rocketmq.store.ha.HAConnection
[263] WARN TestMethodFilter - NoClassDefFoundError: class org.apache.rocketmq.store.ha.HAService
[264] WARN TestMethodFilter - NoClassDefFoundError: class org.apache.rocketmq.store.MappedFile
[266] WARN TestMethodFilter - NoClassDefFoundError: class org.apache.rocketmq.store.stats.BrokerStatsManager
[267] WARN TestMethodFilter - NoClassDefFoundError: class org.apache.rocketmq.store.DefaultMessageStore
[278] WARN TestMethodFilter - NoClassDefFoundError: class org.apache.rocketmq.store.ConsumeQueueTest
[278] WARN TestMethodFilter - NoClassDefFoundError: class org.apache.rocketmq.store.HATest
[279] WARN TestMethodFilter - NoClassDefFoundError: class org.apache.rocketmq.store.BatchPutMessageTest
[280] WARN TestMethodFilter - NoClassDefFoundError: class org.apache.rocketmq.store.DefaultMessageStoreTest
[280] WARN TestMethodFilter - NoClassDefFoundError: class org.apache.rocketmq.store.StoreTestBase
[281] WARN TestMethodFilter - NoClassDefFoundError: class org.apache.rocketmq.store.schedule.ScheduleMessageServiceTest
[4498] WARN CoverageRunner - Test [Manual]TestMethod=org.apache.rocketmq.store.dledger.MixCommitlogTest#testPutAndGet result was not reported by test-runner.
[4498] WARN CoverageRunner - Test [Manual]TestMethod=org.apache.rocketmq.store.dledger.MixCommitlogTest#testFallBehindCQ result was not reported by test-runner.
[4498] WARN CoverageRunner - Test [Manual]TestMethod=org.apache.rocketmq.store.dledger.MixCommitlogTest#testDeleteExpiredFiles result was not reported by test-runner.
[4498] WARN CoverageRunner - Test [Manual]TestMethod=org.apache.rocketmq.store.dledger.DLedgerMultiPathTest#multiDirsStorageTest result was not reported by test-runner.
[4498] WARN CoverageRunner - Test [Manual]TestMethod=org.apache.rocketmq.store.dledger.DLedgerCommitlogTest#testTruncateCQ result was not reported by test-runner.
[4498] WARN CoverageRunner - Test [Manual]TestMethod=org.apache.rocketmq.store.dledger.DLedgerCommitlogTest#testRecover result was not reported by test-runner.
[4498] WARN CoverageRunner - Test [Manual]TestMethod=org.apache.rocketmq.store.dledger.DLedgerCommitlogTest#testPutAndGetMessage result was not reported by test-runner.
[4498] WARN CoverageRunner - Test [Manual]TestMethod=org.apache.rocketmq.store.dledger.DLedgerCommitlogTest#testBatchPutAndGetMessage result was not reported by test-runner.
[4498] WARN CoverageRunner - Test [Manual]TestMethod=org.apache.rocketmq.store.dledger.DLedgerCommitlogTest#testAsyncPutAndGetMessage result was not reported by test-runner.
[4498] WARN CoverageRunner - Test [Manual]TestMethod=org.apache.rocketmq.store.dledger.DLedgerCommitlogTest#testAsyncBatchPutAndGetMessage result was not reported by test-runner.
[4498] WARN CoverageRunner - Test [Manual]TestMethod=org.apache.rocketmq.store.dledger.DLedgerCommitlogTest#testCommittedPos result was not reported by test-runner.
[4498] WARN CoverageRunner - Test [Manual]TestMethod=org.apache.rocketmq.store.dledger.DLedgerCommitlogTest#testIPv6HostMsgCommittedPos result was not reported by test-runner.
[5225] WARN CoverageRunner - Test [Manual]TestMethod=org.apache.rocketmq.store.HATest#testHandleHA result was not reported by test-runner.
[5225] WARN CoverageRunner - Test [Manual]TestMethod=org.apache.rocketmq.store.HATest#testSemiSyncReplica result was not reported by test-runner.
[5899] WARN CoverageRunner - Test [Manual]TestMethod=org.apache.rocketmq.store.DefaultMessageStoreTest#testRecover result was not reported by test-runner.
[5900] WARN CoverageRunner - Test [Manual]TestMethod=org.apache.rocketmq.store.DefaultMessageStoreTest#testWriteAndRead result was not reported by test-runner.
[5900] WARN CoverageRunner - Test [Manual]TestMethod=org.apache.rocketmq.store.DefaultMessageStoreTest#testStorePathOK result was not reported by test-runner.
[5900] WARN CoverageRunner - Test [Manual]TestMethod=org.apache.rocketmq.store.DefaultMessageStoreTest#testCleanUnusedLmqTopic result was not reported by test-runner.
[5900] WARN CoverageRunner - Test [Manual]TestMethod=org.apache.rocketmq.store.DefaultMessageStoreTest#testPutLongMessage result was not reported by test-runner.
[5900] WARN CoverageRunner - Test [Manual]TestMethod=org.apache.rocketmq.store.DefaultMessageStoreTest#test_repeat_restart result was not reported by test-runner.
[5900] WARN CoverageRunner - Test [Manual]TestMethod=org.apache.rocketmq.store.DefaultMessageStoreTest#testLookMessageByOffset_OffsetIsFirst result was not reported by test-runner.
[5900] WARN CoverageRunner - Test [Manual]TestMethod=org.apache.rocketmq.store.DefaultMessageStoreTest#testLookMessageByOffset_OffsetIsLast result was not reported by test-runner.
[5900] WARN CoverageRunner - Test [Manual]TestMethod=org.apache.rocketmq.store.DefaultMessageStoreTest#testLookMessageByOffset_OffsetIsOutOfBound result was not reported by test-runner.
[5900] WARN CoverageRunner - Test [Manual]TestMethod=org.apache.rocketmq.store.DefaultMessageStoreTest#testGetOffsetInQueueByTime result was not reported by test-runner.
[5900] WARN CoverageRunner - Test [Manual]TestMethod=org.apache.rocketmq.store.DefaultMessageStoreTest#testGetOffsetInQueueByTime_TimestampIsSkewing result was not reported by test-runner.
[5900] WARN CoverageRunner - Test [Manual]TestMethod=org.apache.rocketmq.store.DefaultMessageStoreTest#testGetOffsetInQueueByTime_TimestampSkewingIsLarge result was not reported by test-runner.
[5900] WARN CoverageRunner - Test [Manual]TestMethod=org.apache.rocketmq.store.DefaultMessageStoreTest#testGetOffsetInQueueByTime_ConsumeQueueNotFound1 result was not reported by test-runner.
[5900] WARN CoverageRunner - Test [Manual]TestMethod=org.apache.rocketmq.store.DefaultMessageStoreTest#testGetOffsetInQueueByTime_ConsumeQueueNotFound2 result was not reported by test-runner.
[5900] WARN CoverageRunner - Test [Manual]TestMethod=org.apache.rocketmq.store.DefaultMessageStoreTest#testGetOffsetInQueueByTime_ConsumeQueueOffsetNotExist result was not reported by test-runner.
[5900] WARN CoverageRunner - Test [Manual]TestMethod=org.apache.rocketmq.store.DefaultMessageStoreTest#testGetMessageStoreTimeStamp result was not reported by test-runner.
[5900] WARN CoverageRunner - Test [Manual]TestMethod=org.apache.rocketmq.store.DefaultMessageStoreTest#testGetStoreTime_ParamIsNull result was not reported by test-runner.
[5900] WARN CoverageRunner - Test [Manual]TestMethod=org.apache.rocketmq.store.DefaultMessageStoreTest#testGetStoreTime_EverythingIsOk result was not reported by test-runner.
[5900] WARN CoverageRunner - Test [Manual]TestMethod=org.apache.rocketmq.store.DefaultMessageStoreTest#testGetStoreTime_PhyOffsetIsLessThanCommitLogMinOffset result was not reported by test-runner.
[5900] WARN CoverageRunner - Test [Manual]TestMethod=org.apache.rocketmq.store.DefaultMessageStoreTest#testPullSize result was not reported by test-runner.
[6585] INFO CoverageRunner - Tests found: 92
[6585] INFO CoverageRunner - Tests executed: 58
17:51:07.603 [main] INFO  fr.inria.jtravis.JTravis - GitHub ratelimit: Limit: 5000 Remaining: 3367 Reset hour: 05:02:55
17:51:08.750 [main] WARN  f.i.s.r.p.s.p.PushFaultLocalizationSuggestionsOnGitHubRepository - Flacoco has found 104 suspicious lines, but none were matched to the diff
17:51:09.409 [main] INFO  f.i.s.r.p.s.f.FlacocoLocalization - 
17:51:09.820 [main] INFO  f.i.s.r.p.i.ProjectInspector - ----------------------------------------------------------------------
17:51:09.821 [main] INFO  f.i.s.r.p.i.ProjectInspector - PIPELINE EXECUTION SUMMARY
17:51:09.821 [main] INFO  f.i.s.r.p.i.ProjectInspector - ----------------------------------------------------------------------
17:51:09.821 [main] INFO  f.i.s.r.p.i.ProjectInspector - CloneCheckoutGitPullRequest..........................SUCCESS [  12 s ]
17:51:09.822 [main] INFO  f.i.s.r.p.i.ProjectInspector - BuildProject.........................................SUCCESS [  48 s ]
17:51:09.822 [main] INFO  f.i.s.r.p.i.ProjectInspector - TestProject..........................................SUCCESS [ 281 s ]
17:51:09.822 [main] INFO  f.i.s.r.p.i.ProjectInspector - ComputeClasspath.....................................SUCCESS [  11 s ]
17:51:09.822 [main] INFO  f.i.s.r.p.i.ProjectInspector - ComputeSourceDir.....................................SUCCESS [   0 s ]
17:51:09.822 [main] INFO  f.i.s.r.p.i.ProjectInspector - ComputeTestDir.......................................SUCCESS [   0 s ]
17:51:09.822 [main] INFO  f.i.s.r.p.i.ProjectInspector - GatherTestInformation................................SUCCESS [   0 s ]
17:51:09.828 [main] INFO  f.i.s.r.p.i.ProjectInspector - FlacocoLocalization..................................SUCCESS [   6 s ]
17:51:09.829 [main] INFO  f.i.s.r.p.i.ProjectInspector - PushFaultLocalizationSuggestionsOnGitHubRepository...SKIPPED          
17:51:09.829 [main] INFO  f.i.s.r.p.i.ProjectInspector - ----------------------------------------------------------------------
17:51:09.829 [main] INFO  f.i.s.r.p.i.ProjectInspector - PIPELINE FINDING: TEST FAILURE
17:51:09.829 [main] INFO  f.i.s.r.p.i.ProjectInspector - ----------------------------------------------------------------------
17:51:09.830 [main] INFO  f.i.s.r.p.github.GithubMainProcess - Inspector is finished. The process will exit now.
