Execute pipeline with following supplementary args: --smtpPort 25 --listenerMode NOOP --launcherMode FAULT_LOCALIZATION  --gitrepourl https://github.com/apache/rocketmq --gitrepopullrequest 4477
java -cp /usr/local/openjdk-11/lib/tools.jar:repairnator-pipeline.jar -Dlogback.configurationFile=/root/logback.xml fr.inria.spirals.repairnator.pipeline.Launcher -d --runId null -o /var/log --ghOauth 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 --faultLocalization --flacocoThreshold 0.0 --flacocoTopK null --flacocoResultsRepository flacocobot/2022-flacocobot-experiment --ghOauth  --smtpPort 25 --listenerMode NOOP --launcherMode FAULT_LOCALIZATION  --gitrepourl https://github.com/apache/rocketmq --gitrepopullrequest 4477

05:32:26.474 [main] INFO  f.i.s.r.p.g.GithubInitSerializerEngines - Initialize file serializer engines.
05:32:26.476 [main] INFO  f.i.s.r.p.g.GithubInitSerializerEngines - MongoDB won't be used for serialization.
05:32:26.476 [main] INFO  f.i.s.r.p.github.GithubInitNotifiers - The email notifier engine won't be used.
05:32:26.490 [main] INFO  f.i.s.r.p.i.ProjectInspector - ----------------------------------------------------------------------
05:32:26.490 [main] INFO  f.i.s.r.p.i.ProjectInspector - PIPELINE STEPS
05:32:26.490 [main] INFO  f.i.s.r.p.i.ProjectInspector - ----------------------------------------------------------------------
05:32:26.490 [main] INFO  f.i.s.r.p.i.ProjectInspector - CloneCheckoutGitPullRequest
05:32:26.490 [main] INFO  f.i.s.r.p.i.ProjectInspector - BuildProject
05:32:26.491 [main] INFO  f.i.s.r.p.i.ProjectInspector - TestProject
05:32:26.491 [main] INFO  f.i.s.r.p.i.ProjectInspector - ComputeClasspath
05:32:26.491 [main] INFO  f.i.s.r.p.i.ProjectInspector - ComputeSourceDir
05:32:26.491 [main] INFO  f.i.s.r.p.i.ProjectInspector - ComputeTestDir
05:32:26.491 [main] INFO  f.i.s.r.p.i.ProjectInspector - GatherTestInformation
05:32:26.491 [main] INFO  f.i.s.r.p.i.ProjectInspector - FlacocoLocalization
05:32:26.491 [main] INFO  f.i.s.r.p.i.ProjectInspector - PushFaultLocalizationSuggestionsOnGitHubRepository
05:32:26.491 [main] INFO  f.i.s.r.p.s.CloneCheckoutGitPullRequest - Cloning repository https://github.com/apache/rocketmq.git in the following directory: ./workspace/apache-rocketmq-master-4477_repo
05:32:51.999 [Thread-4] ERROR f.i.s.r.p.m.o.MavenFilterOutputHandler - [ERROR] COMPILATION ERROR : 
05:32:52.000 [Thread-4] ERROR f.i.s.r.p.m.o.MavenFilterOutputHandler - [ERROR] /root/workspace/apache-rocketmq-master-4477_repo/test/src/main/java/org/apache/rocketmq/test/util/StatUtil.java:[32,24] package javax.annotation does not exist
05:32:52.000 [Thread-4] ERROR f.i.s.r.p.m.o.MavenFilterOutputHandler - [ERROR] /root/workspace/apache-rocketmq-master-4477_repo/test/src/main/java/org/apache/rocketmq/test/util/StatUtil.java:[39,2] cannot find symbol
05:32:52.002 [Thread-4] ERROR f.i.s.r.p.m.o.MavenFilterOutputHandler - [ERROR] Failed to execute goal org.apache.maven.plugins:maven-compiler-plugin:3.5.1:compile (default-compile) on project rocketmq-test: Compilation failure: Compilation failure: 
05:32:52.003 [Thread-4] ERROR f.i.s.r.p.m.o.MavenFilterOutputHandler - [ERROR] /root/workspace/apache-rocketmq-master-4477_repo/test/src/main/java/org/apache/rocketmq/test/util/StatUtil.java:[32,24] package javax.annotation does not exist
05:32:52.003 [Thread-4] ERROR f.i.s.r.p.m.o.MavenFilterOutputHandler - [ERROR] /root/workspace/apache-rocketmq-master-4477_repo/test/src/main/java/org/apache/rocketmq/test/util/StatUtil.java:[39,2] cannot find symbol
05:32:52.003 [Thread-4] ERROR f.i.s.r.p.m.o.MavenFilterOutputHandler - [ERROR]   symbol: class Generated
05:32:52.003 [Thread-4] ERROR f.i.s.r.p.m.o.MavenFilterOutputHandler - [ERROR] -> [Help 1]
05:32:52.007 [Thread-4] ERROR f.i.s.r.p.m.o.MavenFilterOutputHandler - [ERROR] 
05:32:52.007 [Thread-4] ERROR f.i.s.r.p.m.o.MavenFilterOutputHandler - [ERROR] Re-run Maven using the -X switch to enable full debug logging.
05:32:52.007 [Thread-4] ERROR f.i.s.r.p.m.o.MavenFilterOutputHandler - [ERROR] 
05:32:52.007 [Thread-4] ERROR f.i.s.r.p.m.o.MavenFilterOutputHandler - [ERROR] For more information about the errors and possible solutions, please read the following articles:
05:32:52.007 [Thread-4] ERROR f.i.s.r.p.m.o.MavenFilterOutputHandler - [ERROR] [Help 1] http://cwiki.apache.org/confluence/display/MAVEN/MojoFailureException
05:32:52.007 [Thread-4] ERROR f.i.s.r.p.m.o.MavenFilterOutputHandler - [ERROR] 
05:32:52.007 [Thread-4] ERROR f.i.s.r.p.m.o.MavenFilterOutputHandler - [ERROR] After correcting the problems, you can resume the build with the command
05:32:52.007 [Thread-4] ERROR f.i.s.r.p.m.o.MavenFilterOutputHandler - [ERROR]   mvn <goals> -rf :rocketmq-test
05:32:52.830 [main] ERROR f.i.s.r.process.step.BuildProject - Repository apache/rocketmq cannot be built.
05:32:52.831 [main] INFO  f.i.s.r.process.step.BuildProject - 
05:32:53.066 [main] INFO  f.i.s.r.p.i.ProjectInspector - ----------------------------------------------------------------------
05:32:53.066 [main] INFO  f.i.s.r.p.i.ProjectInspector - PIPELINE EXECUTION SUMMARY
05:32:53.066 [main] INFO  f.i.s.r.p.i.ProjectInspector - ----------------------------------------------------------------------
05:32:53.067 [main] INFO  f.i.s.r.p.i.ProjectInspector - CloneCheckoutGitPullRequest...........................SUCCESS [  7 s ]
05:32:53.067 [main] INFO  f.i.s.r.p.i.ProjectInspector - BuildProject..........................................FAILURE [ 19 s ]
05:32:53.067 [main] INFO  f.i.s.r.p.i.ProjectInspector - TestProject...........................................NOT RUN         
05:32:53.067 [main] INFO  f.i.s.r.p.i.ProjectInspector - ComputeClasspath......................................NOT RUN         
05:32:53.067 [main] INFO  f.i.s.r.p.i.ProjectInspector - ComputeSourceDir......................................NOT RUN         
05:32:53.067 [main] INFO  f.i.s.r.p.i.ProjectInspector - ComputeTestDir........................................NOT RUN         
05:32:53.067 [main] INFO  f.i.s.r.p.i.ProjectInspector - GatherTestInformation.................................NOT RUN         
05:32:53.067 [main] INFO  f.i.s.r.p.i.ProjectInspector - FlacocoLocalization...................................NOT RUN         
05:32:53.067 [main] INFO  f.i.s.r.p.i.ProjectInspector - PushFaultLocalizationSuggestionsOnGitHubRepository....NOT RUN         
05:32:53.067 [main] INFO  f.i.s.r.p.i.ProjectInspector - ----------------------------------------------------------------------
05:32:53.067 [main] INFO  f.i.s.r.p.i.ProjectInspector - PIPELINE FINDING: NOTBUILDABLE
05:32:53.067 [main] INFO  f.i.s.r.p.i.ProjectInspector - ----------------------------------------------------------------------
05:32:53.067 [main] INFO  f.i.s.r.p.github.GithubMainProcess - Inspector is finished. The process will exit now.
