Execute pipeline with following supplementary args: --smtpPort 25 --listenerMode NOOP --launcherMode FAULT_LOCALIZATION  --gitrepourl https://github.com/apache/shardingsphere --gitrepopullrequest 18710
java -cp /usr/local/openjdk-11/lib/tools.jar:repairnator-pipeline.jar -Dlogback.configurationFile=/root/logback.xml fr.inria.spirals.repairnator.pipeline.Launcher -d --runId null -o /var/log --ghOauth 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 --faultLocalization --flacocoThreshold 0.0 --flacocoTopK null --flacocoResultsRepository flacocobot/2022-flacocobot-experiment --ghOauth  --smtpPort 25 --listenerMode NOOP --launcherMode FAULT_LOCALIZATION  --gitrepourl https://github.com/apache/shardingsphere --gitrepopullrequest 18710

16:16:05.952 [main] INFO  f.i.s.r.p.g.GithubInitSerializerEngines - Initialize file serializer engines.
16:16:05.954 [main] INFO  f.i.s.r.p.g.GithubInitSerializerEngines - MongoDB won't be used for serialization.
16:16:05.954 [main] INFO  f.i.s.r.p.github.GithubInitNotifiers - The email notifier engine won't be used.
16:16:05.973 [main] INFO  f.i.s.r.p.i.ProjectInspector - ----------------------------------------------------------------------
16:16:05.974 [main] INFO  f.i.s.r.p.i.ProjectInspector - PIPELINE STEPS
16:16:05.974 [main] INFO  f.i.s.r.p.i.ProjectInspector - ----------------------------------------------------------------------
16:16:05.974 [main] INFO  f.i.s.r.p.i.ProjectInspector - CloneCheckoutGitPullRequest
16:16:05.974 [main] INFO  f.i.s.r.p.i.ProjectInspector - BuildProject
16:16:05.974 [main] INFO  f.i.s.r.p.i.ProjectInspector - TestProject
16:16:05.974 [main] INFO  f.i.s.r.p.i.ProjectInspector - ComputeClasspath
16:16:05.974 [main] INFO  f.i.s.r.p.i.ProjectInspector - ComputeSourceDir
16:16:05.974 [main] INFO  f.i.s.r.p.i.ProjectInspector - ComputeTestDir
16:16:05.974 [main] INFO  f.i.s.r.p.i.ProjectInspector - GatherTestInformation
16:16:05.974 [main] INFO  f.i.s.r.p.i.ProjectInspector - FlacocoLocalization
16:16:05.974 [main] INFO  f.i.s.r.p.i.ProjectInspector - PushFaultLocalizationSuggestionsOnGitHubRepository
16:16:05.974 [main] INFO  f.i.s.r.p.s.CloneCheckoutGitPullRequest - Cloning repository https://github.com/apache/shardingsphere.git in the following directory: ./workspace/apache-shardingsphere-master-18710_repo
16:20:36.365 [Thread-4] ERROR f.i.s.r.p.m.o.MavenFilterOutputHandler - [ERROR] COMPILATION ERROR : 
16:20:36.366 [Thread-4] ERROR f.i.s.r.p.m.o.MavenFilterOutputHandler - [ERROR] /root/workspace/apache-shardingsphere-master-18710_repo/shardingsphere-features/shardingsphere-sharding/shardingsphere-sharding-core/src/test/java/org/apache/shardingsphere/sharding/route/engine/fixture/AbstractRoutingEngineTest.java:[79,16] no suitable constructor found for ShardingRule(org.apache.shardingsphere.sharding.api.config.ShardingRuleConfiguration,java.util.Collection<java.lang.String>)
16:20:36.379 [Thread-4] ERROR f.i.s.r.p.m.o.MavenFilterOutputHandler - [ERROR] Failed to execute goal org.apache.maven.plugins:maven-compiler-plugin:3.8.0:testCompile (default-testCompile) on project shardingsphere-sharding-core: Compilation failure
16:20:36.380 [Thread-4] ERROR f.i.s.r.p.m.o.MavenFilterOutputHandler - [ERROR] /root/workspace/apache-shardingsphere-master-18710_repo/shardingsphere-features/shardingsphere-sharding/shardingsphere-sharding-core/src/test/java/org/apache/shardingsphere/sharding/route/engine/fixture/AbstractRoutingEngineTest.java:[79,16] no suitable constructor found for ShardingRule(org.apache.shardingsphere.sharding.api.config.ShardingRuleConfiguration,java.util.Collection<java.lang.String>)
16:20:36.380 [Thread-4] ERROR f.i.s.r.p.m.o.MavenFilterOutputHandler - [ERROR]     constructor org.apache.shardingsphere.sharding.rule.ShardingRule.ShardingRule(org.apache.shardingsphere.sharding.api.config.ShardingRuleConfiguration,java.util.Collection<java.lang.String>,org.apache.shardingsphere.infra.instance.InstanceContext) is not applicable
16:20:36.380 [Thread-4] ERROR f.i.s.r.p.m.o.MavenFilterOutputHandler - [ERROR]       (actual and formal argument lists differ in length)
16:20:36.380 [Thread-4] ERROR f.i.s.r.p.m.o.MavenFilterOutputHandler - [ERROR]     constructor org.apache.shardingsphere.sharding.rule.ShardingRule.ShardingRule(org.apache.shardingsphere.sharding.algorithm.config.AlgorithmProvidedShardingRuleConfiguration,java.util.Collection<java.lang.String>,org.apache.shardingsphere.infra.instance.InstanceContext) is not applicable
16:20:36.380 [Thread-4] ERROR f.i.s.r.p.m.o.MavenFilterOutputHandler - [ERROR]       (actual and formal argument lists differ in length)
16:20:36.380 [Thread-4] ERROR f.i.s.r.p.m.o.MavenFilterOutputHandler - [ERROR] -> [Help 1]
16:20:36.385 [Thread-4] ERROR f.i.s.r.p.m.o.MavenFilterOutputHandler - [ERROR] 
16:20:36.385 [Thread-4] ERROR f.i.s.r.p.m.o.MavenFilterOutputHandler - [ERROR] Re-run Maven using the -X switch to enable full debug logging.
16:20:36.385 [Thread-4] ERROR f.i.s.r.p.m.o.MavenFilterOutputHandler - [ERROR] 
16:20:36.385 [Thread-4] ERROR f.i.s.r.p.m.o.MavenFilterOutputHandler - [ERROR] For more information about the errors and possible solutions, please read the following articles:
16:20:36.385 [Thread-4] ERROR f.i.s.r.p.m.o.MavenFilterOutputHandler - [ERROR] [Help 1] http://cwiki.apache.org/confluence/display/MAVEN/MojoFailureException
16:20:36.385 [Thread-4] ERROR f.i.s.r.p.m.o.MavenFilterOutputHandler - [ERROR] 
16:20:36.385 [Thread-4] ERROR f.i.s.r.p.m.o.MavenFilterOutputHandler - [ERROR] After correcting the problems, you can resume the build with the command
16:20:36.385 [Thread-4] ERROR f.i.s.r.p.m.o.MavenFilterOutputHandler - [ERROR]   mvn <goals> -rf :shardingsphere-sharding-core
16:20:37.239 [main] ERROR f.i.s.r.process.step.BuildProject - Repository apache/shardingsphere cannot be built.
16:20:37.240 [main] INFO  f.i.s.r.process.step.BuildProject - 
16:20:39.528 [main] INFO  f.i.s.r.p.i.ProjectInspector - ----------------------------------------------------------------------
16:20:39.529 [main] INFO  f.i.s.r.p.i.ProjectInspector - PIPELINE EXECUTION SUMMARY
16:20:39.529 [main] INFO  f.i.s.r.p.i.ProjectInspector - ----------------------------------------------------------------------
16:20:39.529 [main] INFO  f.i.s.r.p.i.ProjectInspector - CloneCheckoutGitPullRequest..........................SUCCESS [  42 s ]
16:20:39.529 [main] INFO  f.i.s.r.p.i.ProjectInspector - BuildProject.........................................FAILURE [ 229 s ]
16:20:39.529 [main] INFO  f.i.s.r.p.i.ProjectInspector - TestProject..........................................NOT RUN          
16:20:39.529 [main] INFO  f.i.s.r.p.i.ProjectInspector - ComputeClasspath.....................................NOT RUN          
16:20:39.529 [main] INFO  f.i.s.r.p.i.ProjectInspector - ComputeSourceDir.....................................NOT RUN          
16:20:39.529 [main] INFO  f.i.s.r.p.i.ProjectInspector - ComputeTestDir.......................................NOT RUN          
16:20:39.529 [main] INFO  f.i.s.r.p.i.ProjectInspector - GatherTestInformation................................NOT RUN          
16:20:39.529 [main] INFO  f.i.s.r.p.i.ProjectInspector - FlacocoLocalization..................................NOT RUN          
16:20:39.529 [main] INFO  f.i.s.r.p.i.ProjectInspector - PushFaultLocalizationSuggestionsOnGitHubRepository...NOT RUN          
16:20:39.530 [main] INFO  f.i.s.r.p.i.ProjectInspector - ----------------------------------------------------------------------
16:20:39.530 [main] INFO  f.i.s.r.p.i.ProjectInspector - PIPELINE FINDING: NOTBUILDABLE
16:20:39.530 [main] INFO  f.i.s.r.p.i.ProjectInspector - ----------------------------------------------------------------------
16:20:39.530 [main] INFO  f.i.s.r.p.github.GithubMainProcess - Inspector is finished. The process will exit now.
