Execute pipeline with following supplementary args: --smtpPort 25 --listenerMode NOOP --launcherMode FAULT_LOCALIZATION  --gitrepourl https://github.com/apache/shardingsphere --gitrepopullrequest 18699
java -cp /usr/local/openjdk-11/lib/tools.jar:repairnator-pipeline.jar -Dlogback.configurationFile=/root/logback.xml fr.inria.spirals.repairnator.pipeline.Launcher -d --runId null -o /var/log --ghOauth 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 --faultLocalization --flacocoThreshold 0.0 --flacocoTopK null --flacocoResultsRepository flacocobot/2022-flacocobot-experiment --ghOauth  --smtpPort 25 --listenerMode NOOP --launcherMode FAULT_LOCALIZATION  --gitrepourl https://github.com/apache/shardingsphere --gitrepopullrequest 18699

11:56:58.445 [main] INFO  f.i.s.r.p.g.GithubInitSerializerEngines - Initialize file serializer engines.
11:56:58.446 [main] INFO  f.i.s.r.p.g.GithubInitSerializerEngines - MongoDB won't be used for serialization.
11:56:58.446 [main] INFO  f.i.s.r.p.github.GithubInitNotifiers - The email notifier engine won't be used.
11:56:58.460 [main] INFO  f.i.s.r.p.i.ProjectInspector - ----------------------------------------------------------------------
11:56:58.461 [main] INFO  f.i.s.r.p.i.ProjectInspector - PIPELINE STEPS
11:56:58.461 [main] INFO  f.i.s.r.p.i.ProjectInspector - ----------------------------------------------------------------------
11:56:58.461 [main] INFO  f.i.s.r.p.i.ProjectInspector - CloneCheckoutGitPullRequest
11:56:58.461 [main] INFO  f.i.s.r.p.i.ProjectInspector - BuildProject
11:56:58.461 [main] INFO  f.i.s.r.p.i.ProjectInspector - TestProject
11:56:58.461 [main] INFO  f.i.s.r.p.i.ProjectInspector - ComputeClasspath
11:56:58.461 [main] INFO  f.i.s.r.p.i.ProjectInspector - ComputeSourceDir
11:56:58.461 [main] INFO  f.i.s.r.p.i.ProjectInspector - ComputeTestDir
11:56:58.461 [main] INFO  f.i.s.r.p.i.ProjectInspector - GatherTestInformation
11:56:58.461 [main] INFO  f.i.s.r.p.i.ProjectInspector - FlacocoLocalization
11:56:58.461 [main] INFO  f.i.s.r.p.i.ProjectInspector - PushFaultLocalizationSuggestionsOnGitHubRepository
11:56:58.461 [main] INFO  f.i.s.r.p.s.CloneCheckoutGitPullRequest - Cloning repository https://github.com/apache/shardingsphere.git in the following directory: ./workspace/apache-shardingsphere-master-18699_repo
11:58:03.514 [Thread-4] ERROR f.i.s.r.p.m.o.MavenFilterOutputHandler - [ERROR] COMPILATION ERROR : 
11:58:03.515 [Thread-4] ERROR f.i.s.r.p.m.o.MavenFilterOutputHandler - [ERROR] /root/workspace/apache-shardingsphere-master-18699_repo/shardingsphere-features/shardingsphere-sharding/shardingsphere-sharding-distsql/shardingsphere-sharding-distsql-parser/src/main/java/org/apache/shardingsphere/sharding/distsql/parser/core/ShardingDistSQLStatementVisitor.java:[328,32] cannot find symbol
11:58:03.515 [Thread-4] ERROR f.i.s.r.p.m.o.MavenFilterOutputHandler - [ERROR] /root/workspace/apache-shardingsphere-master-18699_repo/shardingsphere-features/shardingsphere-sharding/shardingsphere-sharding-distsql/shardingsphere-sharding-distsql-parser/src/main/java/org/apache/shardingsphere/sharding/distsql/parser/core/ShardingDistSQLStatementVisitor.java:[328,131] cannot find symbol
11:58:03.526 [Thread-4] ERROR f.i.s.r.p.m.o.MavenFilterOutputHandler - [ERROR] Failed to execute goal org.apache.maven.plugins:maven-compiler-plugin:3.8.0:compile (default-compile) on project shardingsphere-sharding-distsql-parser: Compilation failure: Compilation failure: 
11:58:03.526 [Thread-4] ERROR f.i.s.r.p.m.o.MavenFilterOutputHandler - [ERROR] /root/workspace/apache-shardingsphere-master-18699_repo/shardingsphere-features/shardingsphere-sharding/shardingsphere-sharding-distsql/shardingsphere-sharding-distsql-parser/src/main/java/org/apache/shardingsphere/sharding/distsql/parser/core/ShardingDistSQLStatementVisitor.java:[328,32] cannot find symbol
11:58:03.526 [Thread-4] ERROR f.i.s.r.p.m.o.MavenFilterOutputHandler - [ERROR]   symbol:   method shardingColumnDefinition()
11:58:03.526 [Thread-4] ERROR f.i.s.r.p.m.o.MavenFilterOutputHandler - [ERROR]   location: variable ctx of type org.apache.shardingsphere.distsql.parser.autogen.ShardingDistSQLStatementParser.ShardingAutoTableRuleContext
11:58:03.526 [Thread-4] ERROR f.i.s.r.p.m.o.MavenFilterOutputHandler - [ERROR] /root/workspace/apache-shardingsphere-master-18699_repo/shardingsphere-features/shardingsphere-sharding/shardingsphere-sharding-distsql/shardingsphere-sharding-distsql-parser/src/main/java/org/apache/shardingsphere/sharding/distsql/parser/core/ShardingDistSQLStatementVisitor.java:[328,131] cannot find symbol
11:58:03.526 [Thread-4] ERROR f.i.s.r.p.m.o.MavenFilterOutputHandler - [ERROR]   symbol:   method shardingColumnDefinition()
11:58:03.526 [Thread-4] ERROR f.i.s.r.p.m.o.MavenFilterOutputHandler - [ERROR]   location: variable ctx of type org.apache.shardingsphere.distsql.parser.autogen.ShardingDistSQLStatementParser.ShardingAutoTableRuleContext
11:58:03.527 [Thread-4] ERROR f.i.s.r.p.m.o.MavenFilterOutputHandler - [ERROR] -> [Help 1]
11:58:03.530 [Thread-4] ERROR f.i.s.r.p.m.o.MavenFilterOutputHandler - [ERROR] 
11:58:03.530 [Thread-4] ERROR f.i.s.r.p.m.o.MavenFilterOutputHandler - [ERROR] Re-run Maven using the -X switch to enable full debug logging.
11:58:03.530 [Thread-4] ERROR f.i.s.r.p.m.o.MavenFilterOutputHandler - [ERROR] 
11:58:03.530 [Thread-4] ERROR f.i.s.r.p.m.o.MavenFilterOutputHandler - [ERROR] For more information about the errors and possible solutions, please read the following articles:
11:58:03.530 [Thread-4] ERROR f.i.s.r.p.m.o.MavenFilterOutputHandler - [ERROR] [Help 1] http://cwiki.apache.org/confluence/display/MAVEN/MojoFailureException
11:58:03.530 [Thread-4] ERROR f.i.s.r.p.m.o.MavenFilterOutputHandler - [ERROR] 
11:58:03.530 [Thread-4] ERROR f.i.s.r.p.m.o.MavenFilterOutputHandler - [ERROR] After correcting the problems, you can resume the build with the command
11:58:03.530 [Thread-4] ERROR f.i.s.r.p.m.o.MavenFilterOutputHandler - [ERROR]   mvn <goals> -rf :shardingsphere-sharding-distsql-parser
11:58:04.301 [main] ERROR f.i.s.r.process.step.BuildProject - Repository apache/shardingsphere cannot be built.
11:58:04.303 [main] INFO  f.i.s.r.process.step.BuildProject - 
11:58:05.148 [main] INFO  f.i.s.r.p.i.ProjectInspector - ----------------------------------------------------------------------
11:58:05.148 [main] INFO  f.i.s.r.p.i.ProjectInspector - PIPELINE EXECUTION SUMMARY
11:58:05.148 [main] INFO  f.i.s.r.p.i.ProjectInspector - ----------------------------------------------------------------------
11:58:05.149 [main] INFO  f.i.s.r.p.i.ProjectInspector - CloneCheckoutGitPullRequest...........................SUCCESS [ 35 s ]
11:58:05.149 [main] INFO  f.i.s.r.p.i.ProjectInspector - BuildProject..........................................FAILURE [ 30 s ]
11:58:05.149 [main] INFO  f.i.s.r.p.i.ProjectInspector - TestProject...........................................NOT RUN         
11:58:05.149 [main] INFO  f.i.s.r.p.i.ProjectInspector - ComputeClasspath......................................NOT RUN         
11:58:05.149 [main] INFO  f.i.s.r.p.i.ProjectInspector - ComputeSourceDir......................................NOT RUN         
11:58:05.149 [main] INFO  f.i.s.r.p.i.ProjectInspector - ComputeTestDir........................................NOT RUN         
11:58:05.149 [main] INFO  f.i.s.r.p.i.ProjectInspector - GatherTestInformation.................................NOT RUN         
11:58:05.149 [main] INFO  f.i.s.r.p.i.ProjectInspector - FlacocoLocalization...................................NOT RUN         
11:58:05.149 [main] INFO  f.i.s.r.p.i.ProjectInspector - PushFaultLocalizationSuggestionsOnGitHubRepository....NOT RUN         
11:58:05.149 [main] INFO  f.i.s.r.p.i.ProjectInspector - ----------------------------------------------------------------------
11:58:05.149 [main] INFO  f.i.s.r.p.i.ProjectInspector - PIPELINE FINDING: NOTBUILDABLE
11:58:05.149 [main] INFO  f.i.s.r.p.i.ProjectInspector - ----------------------------------------------------------------------
11:58:05.149 [main] INFO  f.i.s.r.p.github.GithubMainProcess - Inspector is finished. The process will exit now.
