Execute pipeline with following supplementary args: --smtpPort 25 --listenerMode NOOP --launcherMode FAULT_LOCALIZATION  --gitrepourl https://github.com/apache/shardingsphere --gitrepopullrequest 18231
java -cp /usr/local/openjdk-11/lib/tools.jar:repairnator-pipeline.jar -Dlogback.configurationFile=/root/logback.xml fr.inria.spirals.repairnator.pipeline.Launcher -d --runId null -o /var/log --ghOauth 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 --faultLocalization --flacocoThreshold 0.0 --flacocoTopK null --flacocoResultsRepository flacocobot/2022-flacocobot-experiment --ghOauth  --smtpPort 25 --listenerMode NOOP --launcherMode FAULT_LOCALIZATION  --gitrepourl https://github.com/apache/shardingsphere --gitrepopullrequest 18231

08:48:58.397 [main] INFO  f.i.s.r.p.g.GithubInitSerializerEngines - Initialize file serializer engines.
08:48:58.399 [main] INFO  f.i.s.r.p.g.GithubInitSerializerEngines - MongoDB won't be used for serialization.
08:48:58.399 [main] INFO  f.i.s.r.p.github.GithubInitNotifiers - The email notifier engine won't be used.
08:48:58.419 [main] INFO  f.i.s.r.p.i.ProjectInspector - ----------------------------------------------------------------------
08:48:58.419 [main] INFO  f.i.s.r.p.i.ProjectInspector - PIPELINE STEPS
08:48:58.419 [main] INFO  f.i.s.r.p.i.ProjectInspector - ----------------------------------------------------------------------
08:48:58.419 [main] INFO  f.i.s.r.p.i.ProjectInspector - CloneCheckoutGitPullRequest
08:48:58.419 [main] INFO  f.i.s.r.p.i.ProjectInspector - BuildProject
08:48:58.419 [main] INFO  f.i.s.r.p.i.ProjectInspector - TestProject
08:48:58.419 [main] INFO  f.i.s.r.p.i.ProjectInspector - ComputeClasspath
08:48:58.419 [main] INFO  f.i.s.r.p.i.ProjectInspector - ComputeSourceDir
08:48:58.419 [main] INFO  f.i.s.r.p.i.ProjectInspector - ComputeTestDir
08:48:58.419 [main] INFO  f.i.s.r.p.i.ProjectInspector - GatherTestInformation
08:48:58.419 [main] INFO  f.i.s.r.p.i.ProjectInspector - FlacocoLocalization
08:48:58.419 [main] INFO  f.i.s.r.p.i.ProjectInspector - PushFaultLocalizationSuggestionsOnGitHubRepository
08:48:58.419 [main] INFO  f.i.s.r.p.s.CloneCheckoutGitPullRequest - Cloning repository https://github.com/apache/shardingsphere.git in the following directory: ./workspace/apache-shardingsphere-master-18231_repo
09:19:34.886 [Thread-8] ERROR f.i.s.r.p.m.output.MavenErrorHandler - Jun 09, 2022 9:19:34 AM zipkin2.reporter.AsyncReporter$BoundedAsyncReporter close
09:19:34.918 [Thread-8] ERROR f.i.s.r.p.m.output.MavenErrorHandler - WARNING: Timed out waiting for in-flight spans to send
09:21:02.766 [Thread-7] ERROR f.i.s.r.p.m.o.MavenFilterOutputHandler - [ERROR] 2022-06-09 09:21:02.764 [main] o.a.s.d.p.c.i.d.AbstractInventoryDumper - inventory dump, ex caught, msg=Table "T_NON_EXIST" not found; SQL statement:
09:21:09.722 [Thread-7] ERROR f.i.s.r.p.m.o.MavenFilterOutputHandler - [ERROR] 2022-06-09 09:21:09.722 [main] o.a.s.d.p.c.a.i.RuleAlteredJobAPIImpl - Scaling job: 0130317c30317c3133373533393433393054313337353339343339317c6c6f6769635f6462, table: t_order data consistency check failed, count matched: false, content matched: false
09:21:11.263 [Thread-7] ERROR f.i.s.r.p.m.o.MavenFilterOutputHandler - [ERROR] 2022-06-09 09:21:11.263 [main] o.a.s.d.p.c.a.i.RuleAlteredJobAPIImpl - Scaling job: foo_job, table: bar_tbl data consistency check failed, count matched: true, content matched: false
09:21:11.431 [Thread-7] ERROR f.i.s.r.p.m.o.MavenFilterOutputHandler - [ERROR] 2022-06-09 09:21:11.430 [main] o.a.s.d.p.c.a.i.RuleAlteredJobAPIImpl - Scaling job: foo_job, table: foo_tbl data consistency check failed, count matched: true, content matched: false
09:21:34.427 [main] ERROR f.i.s.r.p.s.paths.ComputeClasspath - The file does not exist: /root/./workspace/apache-shardingsphere-master-18231_repo/target/classes.
09:21:34.427 [main] ERROR f.i.s.r.p.s.paths.ComputeClasspath - The file does not exist: /root/./workspace/apache-shardingsphere-master-18231_repo/target/test-classes.
09:21:34.524 [main] ERROR f.i.s.r.process.maven.MavenHelper - Error while building complete model. The raw model will be used. Error message: 1 problem was encountered while building the effective model for org.apache.shardingsphere:shardingsphere:5.1.2-SNAPSHOT
[ERROR] Failed to determine Java version for profile jdk11+ @ 

09:21:34.575 [main] ERROR f.i.s.r.process.maven.MavenHelper - Error while building complete model. The raw model will be used. Error message: 1 problem was encountered while building the effective model for org.apache.shardingsphere:shardingsphere-sql-parser:5.1.2-SNAPSHOT
[ERROR] Failed to determine Java version for profile jdk11+ @ org.apache.shardingsphere:shardingsphere:5.1.2-SNAPSHOT, /root/workspace/apache-shardingsphere-master-18231_repo/pom.xml

09:21:34.614 [main] ERROR f.i.s.r.process.maven.MavenHelper - Error while building complete model. The raw model will be used. Error message: 1 problem was encountered while building the effective model for org.apache.shardingsphere:shardingsphere-sql-parser-dialect:5.1.2-SNAPSHOT
[ERROR] Failed to determine Java version for profile jdk11+ @ org.apache.shardingsphere:shardingsphere:5.1.2-SNAPSHOT, /root/workspace/apache-shardingsphere-master-18231_repo/pom.xml

09:21:34.620 [main] ERROR f.i.s.r.process.maven.MavenHelper - Error while building complete model. The raw model will be used. Error message: 1 problem was encountered while building the effective model for org.apache.shardingsphere:shardingsphere-distsql:5.1.2-SNAPSHOT
[ERROR] Failed to determine Java version for profile jdk11+ @ org.apache.shardingsphere:shardingsphere:5.1.2-SNAPSHOT, /root/workspace/apache-shardingsphere-master-18231_repo/pom.xml

09:21:34.637 [main] ERROR f.i.s.r.process.maven.MavenHelper - Error while building complete model. The raw model will be used. Error message: 1 problem was encountered while building the effective model for org.apache.shardingsphere:shardingsphere-db-protocol:5.1.2-SNAPSHOT
[ERROR] Failed to determine Java version for profile jdk11+ @ org.apache.shardingsphere:shardingsphere:5.1.2-SNAPSHOT, /root/workspace/apache-shardingsphere-master-18231_repo/pom.xml

09:21:34.644 [main] ERROR f.i.s.r.process.maven.MavenHelper - Error while building complete model. The raw model will be used. Error message: 1 problem was encountered while building the effective model for org.apache.shardingsphere:shardingsphere-infra:5.1.2-SNAPSHOT
[ERROR] Failed to determine Java version for profile jdk11+ @ org.apache.shardingsphere:shardingsphere:5.1.2-SNAPSHOT, /root/workspace/apache-shardingsphere-master-18231_repo/pom.xml

09:21:34.655 [main] ERROR f.i.s.r.process.maven.MavenHelper - Error while building complete model. The raw model will be used. Error message: 1 problem was encountered while building the effective model for org.apache.shardingsphere:shardingsphere-infra-datetime:5.1.2-SNAPSHOT
[ERROR] Failed to determine Java version for profile jdk11+ @ org.apache.shardingsphere:shardingsphere:5.1.2-SNAPSHOT, /root/workspace/apache-shardingsphere-master-18231_repo/pom.xml

09:21:34.666 [main] ERROR f.i.s.r.process.maven.MavenHelper - Error while building complete model. The raw model will be used. Error message: 1 problem was encountered while building the effective model for org.apache.shardingsphere:shardingsphere-infra-datetime-type:5.1.2-SNAPSHOT
[ERROR] Failed to determine Java version for profile jdk11+ @ org.apache.shardingsphere:shardingsphere:5.1.2-SNAPSHOT, /root/workspace/apache-shardingsphere-master-18231_repo/pom.xml

09:21:34.676 [main] ERROR f.i.s.r.process.maven.MavenHelper - Error while building complete model. The raw model will be used. Error message: 1 problem was encountered while building the effective model for org.apache.shardingsphere:shardingsphere-infra-federation:5.1.2-SNAPSHOT
[ERROR] Failed to determine Java version for profile jdk11+ @ org.apache.shardingsphere:shardingsphere:5.1.2-SNAPSHOT, /root/workspace/apache-shardingsphere-master-18231_repo/pom.xml

09:21:34.680 [main] ERROR f.i.s.r.process.maven.MavenHelper - Error while building complete model. The raw model will be used. Error message: 1 problem was encountered while building the effective model for org.apache.shardingsphere:shardingsphere-mode:5.1.2-SNAPSHOT
[ERROR] Failed to determine Java version for profile jdk11+ @ org.apache.shardingsphere:shardingsphere:5.1.2-SNAPSHOT, /root/workspace/apache-shardingsphere-master-18231_repo/pom.xml

09:21:34.689 [main] ERROR f.i.s.r.process.maven.MavenHelper - Error while building complete model. The raw model will be used. Error message: 1 problem was encountered while building the effective model for org.apache.shardingsphere:shardingsphere-mode-type:5.1.2-SNAPSHOT
[ERROR] Failed to determine Java version for profile jdk11+ @ org.apache.shardingsphere:shardingsphere:5.1.2-SNAPSHOT, /root/workspace/apache-shardingsphere-master-18231_repo/pom.xml

09:21:34.695 [main] ERROR f.i.s.r.process.maven.MavenHelper - Error while building complete model. The raw model will be used. Error message: 1 problem was encountered while building the effective model for org.apache.shardingsphere:shardingsphere-memory-mode:5.1.2-SNAPSHOT
[ERROR] Failed to determine Java version for profile jdk11+ @ org.apache.shardingsphere:shardingsphere:5.1.2-SNAPSHOT, /root/workspace/apache-shardingsphere-master-18231_repo/pom.xml

09:21:34.708 [main] ERROR f.i.s.r.process.maven.MavenHelper - Error while building complete model. The raw model will be used. Error message: 1 problem was encountered while building the effective model for org.apache.shardingsphere:shardingsphere-standalone-mode:5.1.2-SNAPSHOT
[ERROR] Failed to determine Java version for profile jdk11+ @ org.apache.shardingsphere:shardingsphere:5.1.2-SNAPSHOT, /root/workspace/apache-shardingsphere-master-18231_repo/pom.xml

09:21:34.714 [main] ERROR f.i.s.r.process.maven.MavenHelper - Error while building complete model. The raw model will be used. Error message: 1 problem was encountered while building the effective model for org.apache.shardingsphere:shardingsphere-standalone-mode-repository:5.1.2-SNAPSHOT
[ERROR] Failed to determine Java version for profile jdk11+ @ org.apache.shardingsphere:shardingsphere:5.1.2-SNAPSHOT, /root/workspace/apache-shardingsphere-master-18231_repo/pom.xml

09:21:34.720 [main] ERROR f.i.s.r.process.maven.MavenHelper - Error while building complete model. The raw model will be used. Error message: 1 problem was encountered while building the effective model for org.apache.shardingsphere:shardingsphere-standalone-mode-repository-provider:5.1.2-SNAPSHOT
[ERROR] Failed to determine Java version for profile jdk11+ @ org.apache.shardingsphere:shardingsphere:5.1.2-SNAPSHOT, /root/workspace/apache-shardingsphere-master-18231_repo/pom.xml

09:21:34.725 [main] ERROR f.i.s.r.process.maven.MavenHelper - Error while building complete model. The raw model will be used. Error message: 1 problem was encountered while building the effective model for org.apache.shardingsphere:shardingsphere-cluster-mode:5.1.2-SNAPSHOT
[ERROR] Failed to determine Java version for profile jdk11+ @ org.apache.shardingsphere:shardingsphere:5.1.2-SNAPSHOT, /root/workspace/apache-shardingsphere-master-18231_repo/pom.xml

09:21:34.730 [main] ERROR f.i.s.r.process.maven.MavenHelper - Error while building complete model. The raw model will be used. Error message: 1 problem was encountered while building the effective model for org.apache.shardingsphere:shardingsphere-cluster-mode-repository:5.1.2-SNAPSHOT
[ERROR] Failed to determine Java version for profile jdk11+ @ org.apache.shardingsphere:shardingsphere:5.1.2-SNAPSHOT, /root/workspace/apache-shardingsphere-master-18231_repo/pom.xml

09:21:34.764 [main] ERROR f.i.s.r.process.maven.MavenHelper - Error while building complete model. The raw model will be used. Error message: 1 problem was encountered while building the effective model for org.apache.shardingsphere:shardingsphere-cluster-mode-repository-provider:5.1.2-SNAPSHOT
[ERROR] Failed to determine Java version for profile jdk11+ @ org.apache.shardingsphere:shardingsphere:5.1.2-SNAPSHOT, /root/workspace/apache-shardingsphere-master-18231_repo/pom.xml

09:21:34.777 [main] ERROR f.i.s.r.process.maven.MavenHelper - Error while building complete model. The raw model will be used. Error message: 1 problem was encountered while building the effective model for org.apache.shardingsphere:shardingsphere-kernel:5.1.2-SNAPSHOT
[ERROR] Failed to determine Java version for profile jdk11+ @ org.apache.shardingsphere:shardingsphere:5.1.2-SNAPSHOT, /root/workspace/apache-shardingsphere-master-18231_repo/pom.xml

09:21:34.785 [main] ERROR f.i.s.r.process.maven.MavenHelper - Error while building complete model. The raw model will be used. Error message: 1 problem was encountered while building the effective model for org.apache.shardingsphere:shardingsphere-parser:5.1.2-SNAPSHOT
[ERROR] Failed to determine Java version for profile jdk11+ @ org.apache.shardingsphere:shardingsphere:5.1.2-SNAPSHOT, /root/workspace/apache-shardingsphere-master-18231_repo/pom.xml

09:21:34.805 [main] ERROR f.i.s.r.process.maven.MavenHelper - Error while building complete model. The raw model will be used. Error message: 1 problem was encountered while building the effective model for org.apache.shardingsphere:shardingsphere-parser-spring:5.1.2-SNAPSHOT
[ERROR] Failed to determine Java version for profile jdk11+ @ org.apache.shardingsphere:shardingsphere:5.1.2-SNAPSHOT, /root/workspace/apache-shardingsphere-master-18231_repo/pom.xml

09:21:34.821 [main] ERROR f.i.s.r.process.maven.MavenHelper - Error while building complete model. The raw model will be used. Error message: 1 problem was encountered while building the effective model for org.apache.shardingsphere:shardingsphere-single-table:5.1.2-SNAPSHOT
[ERROR] Failed to determine Java version for profile jdk11+ @ org.apache.shardingsphere:shardingsphere:5.1.2-SNAPSHOT, /root/workspace/apache-shardingsphere-master-18231_repo/pom.xml

09:21:34.825 [main] ERROR f.i.s.r.process.maven.MavenHelper - Error while building complete model. The raw model will be used. Error message: 1 problem was encountered while building the effective model for org.apache.shardingsphere:shardingsphere-authority:5.1.2-SNAPSHOT
[ERROR] Failed to determine Java version for profile jdk11+ @ org.apache.shardingsphere:shardingsphere:5.1.2-SNAPSHOT, /root/workspace/apache-shardingsphere-master-18231_repo/pom.xml

09:21:34.848 [main] ERROR f.i.s.r.process.maven.MavenHelper - Error while building complete model. The raw model will be used. Error message: 1 problem was encountered while building the effective model for org.apache.shardingsphere:shardingsphere-transaction:5.1.2-SNAPSHOT
[ERROR] Failed to determine Java version for profile jdk11+ @ org.apache.shardingsphere:shardingsphere:5.1.2-SNAPSHOT, /root/workspace/apache-shardingsphere-master-18231_repo/pom.xml

09:21:34.866 [main] ERROR f.i.s.r.process.maven.MavenHelper - Error while building complete model. The raw model will be used. Error message: 1 problem was encountered while building the effective model for org.apache.shardingsphere:shardingsphere-transaction-type:5.1.2-SNAPSHOT
[ERROR] Failed to determine Java version for profile jdk11+ @ org.apache.shardingsphere:shardingsphere:5.1.2-SNAPSHOT, /root/workspace/apache-shardingsphere-master-18231_repo/pom.xml

09:21:34.869 [main] ERROR f.i.s.r.process.maven.MavenHelper - Error while building complete model. The raw model will be used. Error message: 1 problem was encountered while building the effective model for org.apache.shardingsphere:shardingsphere-transaction-xa:5.1.2-SNAPSHOT
[ERROR] Failed to determine Java version for profile jdk11+ @ org.apache.shardingsphere:shardingsphere:5.1.2-SNAPSHOT, /root/workspace/apache-shardingsphere-master-18231_repo/pom.xml

09:21:34.874 [main] ERROR f.i.s.r.process.maven.MavenHelper - Error while building complete model. The raw model will be used. Error message: 1 problem was encountered while building the effective model for org.apache.shardingsphere:shardingsphere-transaction-xa-provider:5.1.2-SNAPSHOT
[ERROR] Failed to determine Java version for profile jdk11+ @ org.apache.shardingsphere:shardingsphere:5.1.2-SNAPSHOT, /root/workspace/apache-shardingsphere-master-18231_repo/pom.xml

09:21:34.894 [main] ERROR f.i.s.r.process.maven.MavenHelper - Error while building complete model. The raw model will be used. Error message: 1 problem was encountered while building the effective model for org.apache.shardingsphere:shardingsphere-transaction-base:5.1.2-SNAPSHOT
[ERROR] Failed to determine Java version for profile jdk11+ @ org.apache.shardingsphere:shardingsphere:5.1.2-SNAPSHOT, /root/workspace/apache-shardingsphere-master-18231_repo/pom.xml

09:21:34.898 [main] ERROR f.i.s.r.process.maven.MavenHelper - Error while building complete model. The raw model will be used. Error message: 1 problem was encountered while building the effective model for org.apache.shardingsphere:shardingsphere-schedule:5.1.2-SNAPSHOT
[ERROR] Failed to determine Java version for profile jdk11+ @ org.apache.shardingsphere:shardingsphere:5.1.2-SNAPSHOT, /root/workspace/apache-shardingsphere-master-18231_repo/pom.xml

09:21:34.901 [main] ERROR f.i.s.r.process.maven.MavenHelper - Error while building complete model. The raw model will be used. Error message: 1 problem was encountered while building the effective model for org.apache.shardingsphere:shardingsphere-data-pipeline:5.1.2-SNAPSHOT
[ERROR] Failed to determine Java version for profile jdk11+ @ org.apache.shardingsphere:shardingsphere:5.1.2-SNAPSHOT, /root/workspace/apache-shardingsphere-master-18231_repo/pom.xml

09:21:34.905 [main] ERROR f.i.s.r.process.maven.MavenHelper - Error while building complete model. The raw model will be used. Error message: 1 problem was encountered while building the effective model for org.apache.shardingsphere:shardingsphere-data-pipeline-dialect:5.1.2-SNAPSHOT
[ERROR] Failed to determine Java version for profile jdk11+ @ org.apache.shardingsphere:shardingsphere:5.1.2-SNAPSHOT, /root/workspace/apache-shardingsphere-master-18231_repo/pom.xml

09:21:34.913 [main] ERROR f.i.s.r.process.maven.MavenHelper - Error while building complete model. The raw model will be used. Error message: 1 problem was encountered while building the effective model for org.apache.shardingsphere:shardingsphere-sql-translator:5.1.2-SNAPSHOT
[ERROR] Failed to determine Java version for profile jdk11+ @ org.apache.shardingsphere:shardingsphere:5.1.2-SNAPSHOT, /root/workspace/apache-shardingsphere-master-18231_repo/pom.xml

09:21:34.917 [main] ERROR f.i.s.r.process.maven.MavenHelper - Error while building complete model. The raw model will be used. Error message: 1 problem was encountered while building the effective model for org.apache.shardingsphere:shardingsphere-sql-translator-provider:5.1.2-SNAPSHOT
[ERROR] Failed to determine Java version for profile jdk11+ @ org.apache.shardingsphere:shardingsphere:5.1.2-SNAPSHOT, /root/workspace/apache-shardingsphere-master-18231_repo/pom.xml

09:21:34.925 [main] ERROR f.i.s.r.process.maven.MavenHelper - Error while building complete model. The raw model will be used. Error message: 1 problem was encountered while building the effective model for org.apache.shardingsphere:shardingsphere-traffic:5.1.2-SNAPSHOT
[ERROR] Failed to determine Java version for profile jdk11+ @ org.apache.shardingsphere:shardingsphere:5.1.2-SNAPSHOT, /root/workspace/apache-shardingsphere-master-18231_repo/pom.xml

09:21:34.928 [main] ERROR f.i.s.r.process.maven.MavenHelper - Error while building complete model. The raw model will be used. Error message: 1 problem was encountered while building the effective model for org.apache.shardingsphere:shardingsphere-jdbc:5.1.2-SNAPSHOT
[ERROR] Failed to determine Java version for profile jdk11+ @ org.apache.shardingsphere:shardingsphere:5.1.2-SNAPSHOT, /root/workspace/apache-shardingsphere-master-18231_repo/pom.xml

09:21:34.931 [main] ERROR f.i.s.r.process.maven.MavenHelper - Error while building complete model. The raw model will be used. Error message: 1 problem was encountered while building the effective model for org.apache.shardingsphere:shardingsphere-jdbc-spring:5.1.2-SNAPSHOT
[ERROR] Failed to determine Java version for profile jdk11+ @ org.apache.shardingsphere:shardingsphere:5.1.2-SNAPSHOT, /root/workspace/apache-shardingsphere-master-18231_repo/pom.xml

09:21:34.950 [main] ERROR f.i.s.r.process.maven.MavenHelper - Error while building complete model. The raw model will be used. Error message: 1 problem was encountered while building the effective model for org.apache.shardingsphere:shardingsphere-jdbc-spring-infra:5.1.2-SNAPSHOT
[ERROR] Failed to determine Java version for profile jdk11+ @ org.apache.shardingsphere:shardingsphere:5.1.2-SNAPSHOT, /root/workspace/apache-shardingsphere-master-18231_repo/pom.xml

09:21:34.963 [main] ERROR f.i.s.r.process.maven.MavenHelper - Error while building complete model. The raw model will be used. Error message: 1 problem was encountered while building the effective model for org.apache.shardingsphere:shardingsphere-jdbc-core-spring:5.1.2-SNAPSHOT
[ERROR] Failed to determine Java version for profile jdk11+ @ org.apache.shardingsphere:shardingsphere:5.1.2-SNAPSHOT, /root/workspace/apache-shardingsphere-master-18231_repo/pom.xml

09:21:34.967 [main] ERROR f.i.s.r.process.maven.MavenHelper - Error while building complete model. The raw model will be used. Error message: 1 problem was encountered while building the effective model for org.apache.shardingsphere:shardingsphere-proxy:5.1.2-SNAPSHOT
[ERROR] Failed to determine Java version for profile jdk11+ @ org.apache.shardingsphere:shardingsphere:5.1.2-SNAPSHOT, /root/workspace/apache-shardingsphere-master-18231_repo/pom.xml

09:21:34.977 [main] ERROR f.i.s.r.process.maven.MavenHelper - Error while building complete model. The raw model will be used. Error message: 1 problem was encountered while building the effective model for org.apache.shardingsphere:shardingsphere-proxy-frontend:5.1.2-SNAPSHOT
[ERROR] Failed to determine Java version for profile jdk11+ @ org.apache.shardingsphere:shardingsphere:5.1.2-SNAPSHOT, /root/workspace/apache-shardingsphere-master-18231_repo/pom.xml

09:21:34.980 [main] ERROR f.i.s.r.process.maven.MavenHelper - Error while building complete model. The raw model will be used. Error message: 1 problem was encountered while building the effective model for org.apache.shardingsphere:shardingsphere-features:5.1.2-SNAPSHOT
[ERROR] Failed to determine Java version for profile jdk11+ @ org.apache.shardingsphere:shardingsphere:5.1.2-SNAPSHOT, /root/workspace/apache-shardingsphere-master-18231_repo/pom.xml

09:21:34.984 [main] ERROR f.i.s.r.process.maven.MavenHelper - Error while building complete model. The raw model will be used. Error message: 1 problem was encountered while building the effective model for org.apache.shardingsphere:shardingsphere-sharding:5.1.2-SNAPSHOT
[ERROR] Failed to determine Java version for profile jdk11+ @ org.apache.shardingsphere:shardingsphere:5.1.2-SNAPSHOT, /root/workspace/apache-shardingsphere-master-18231_repo/pom.xml

09:21:35.004 [main] ERROR f.i.s.r.process.maven.MavenHelper - Error while building complete model. The raw model will be used. Error message: 1 problem was encountered while building the effective model for org.apache.shardingsphere:shardingsphere-sharding-distsql:5.1.2-SNAPSHOT
[ERROR] Failed to determine Java version for profile jdk11+ @ org.apache.shardingsphere:shardingsphere:5.1.2-SNAPSHOT, /root/workspace/apache-shardingsphere-master-18231_repo/pom.xml

09:21:35.009 [main] ERROR f.i.s.r.process.maven.MavenHelper - Error while building complete model. The raw model will be used. Error message: 1 problem was encountered while building the effective model for org.apache.shardingsphere:shardingsphere-sharding-spring:5.1.2-SNAPSHOT
[ERROR] Failed to determine Java version for profile jdk11+ @ org.apache.shardingsphere:shardingsphere:5.1.2-SNAPSHOT, /root/workspace/apache-shardingsphere-master-18231_repo/pom.xml

09:21:35.018 [main] ERROR f.i.s.r.process.maven.MavenHelper - Error while building complete model. The raw model will be used. Error message: 1 problem was encountered while building the effective model for org.apache.shardingsphere:shardingsphere-sharding-plugin:5.1.2-SNAPSHOT
[ERROR] Failed to determine Java version for profile jdk11+ @ org.apache.shardingsphere:shardingsphere:5.1.2-SNAPSHOT, /root/workspace/apache-shardingsphere-master-18231_repo/pom.xml

09:21:35.022 [main] ERROR f.i.s.r.process.maven.MavenHelper - Error while building complete model. The raw model will be used. Error message: 1 problem was encountered while building the effective model for org.apache.shardingsphere:shardingsphere-readwrite-splitting:5.1.2-SNAPSHOT
[ERROR] Failed to determine Java version for profile jdk11+ @ org.apache.shardingsphere:shardingsphere:5.1.2-SNAPSHOT, /root/workspace/apache-shardingsphere-master-18231_repo/pom.xml

09:21:35.025 [main] ERROR f.i.s.r.process.maven.MavenHelper - Error while building complete model. The raw model will be used. Error message: 1 problem was encountered while building the effective model for org.apache.shardingsphere:shardingsphere-readwrite-splitting-distsql:5.1.2-SNAPSHOT
[ERROR] Failed to determine Java version for profile jdk11+ @ org.apache.shardingsphere:shardingsphere:5.1.2-SNAPSHOT, /root/workspace/apache-shardingsphere-master-18231_repo/pom.xml

09:21:35.033 [main] ERROR f.i.s.r.process.maven.MavenHelper - Error while building complete model. The raw model will be used. Error message: 1 problem was encountered while building the effective model for org.apache.shardingsphere:shardingsphere-readwrite-splitting-spring:5.1.2-SNAPSHOT
[ERROR] Failed to determine Java version for profile jdk11+ @ org.apache.shardingsphere:shardingsphere:5.1.2-SNAPSHOT, /root/workspace/apache-shardingsphere-master-18231_repo/pom.xml

09:21:35.041 [main] ERROR f.i.s.r.process.maven.MavenHelper - Error while building complete model. The raw model will be used. Error message: 1 problem was encountered while building the effective model for org.apache.shardingsphere:shardingsphere-db-discovery:5.1.2-SNAPSHOT
[ERROR] Failed to determine Java version for profile jdk11+ @ org.apache.shardingsphere:shardingsphere:5.1.2-SNAPSHOT, /root/workspace/apache-shardingsphere-master-18231_repo/pom.xml

09:21:35.049 [main] ERROR f.i.s.r.process.maven.MavenHelper - Error while building complete model. The raw model will be used. Error message: 1 problem was encountered while building the effective model for org.apache.shardingsphere:shardingsphere-db-discovery-distsql:5.1.2-SNAPSHOT
[ERROR] Failed to determine Java version for profile jdk11+ @ org.apache.shardingsphere:shardingsphere:5.1.2-SNAPSHOT, /root/workspace/apache-shardingsphere-master-18231_repo/pom.xml

09:21:35.060 [main] ERROR f.i.s.r.process.maven.MavenHelper - Error while building complete model. The raw model will be used. Error message: 1 problem was encountered while building the effective model for org.apache.shardingsphere:shardingsphere-db-discovery-provider:5.1.2-SNAPSHOT
[ERROR] Failed to determine Java version for profile jdk11+ @ org.apache.shardingsphere:shardingsphere:5.1.2-SNAPSHOT, /root/workspace/apache-shardingsphere-master-18231_repo/pom.xml

09:21:35.063 [main] ERROR f.i.s.r.process.maven.MavenHelper - Error while building complete model. The raw model will be used. Error message: 1 problem was encountered while building the effective model for org.apache.shardingsphere:shardingsphere-db-discovery-spring:5.1.2-SNAPSHOT
[ERROR] Failed to determine Java version for profile jdk11+ @ org.apache.shardingsphere:shardingsphere:5.1.2-SNAPSHOT, /root/workspace/apache-shardingsphere-master-18231_repo/pom.xml

09:21:35.073 [main] ERROR f.i.s.r.process.maven.MavenHelper - Error while building complete model. The raw model will be used. Error message: 1 problem was encountered while building the effective model for org.apache.shardingsphere:shardingsphere-encrypt:5.1.2-SNAPSHOT
[ERROR] Failed to determine Java version for profile jdk11+ @ org.apache.shardingsphere:shardingsphere:5.1.2-SNAPSHOT, /root/workspace/apache-shardingsphere-master-18231_repo/pom.xml

09:21:35.076 [main] ERROR f.i.s.r.process.maven.MavenHelper - Error while building complete model. The raw model will be used. Error message: 1 problem was encountered while building the effective model for org.apache.shardingsphere:shardingsphere-encrypt-distsql:5.1.2-SNAPSHOT
[ERROR] Failed to determine Java version for profile jdk11+ @ org.apache.shardingsphere:shardingsphere:5.1.2-SNAPSHOT, /root/workspace/apache-shardingsphere-master-18231_repo/pom.xml

09:21:35.079 [main] ERROR f.i.s.r.process.maven.MavenHelper - Error while building complete model. The raw model will be used. Error message: 1 problem was encountered while building the effective model for org.apache.shardingsphere:shardingsphere-encrypt-spring:5.1.2-SNAPSHOT
[ERROR] Failed to determine Java version for profile jdk11+ @ org.apache.shardingsphere:shardingsphere:5.1.2-SNAPSHOT, /root/workspace/apache-shardingsphere-master-18231_repo/pom.xml

09:21:35.085 [main] ERROR f.i.s.r.process.maven.MavenHelper - Error while building complete model. The raw model will be used. Error message: 1 problem was encountered while building the effective model for org.apache.shardingsphere:shardingsphere-encrypt-plugin:5.1.2-SNAPSHOT
[ERROR] Failed to determine Java version for profile jdk11+ @ org.apache.shardingsphere:shardingsphere:5.1.2-SNAPSHOT, /root/workspace/apache-shardingsphere-master-18231_repo/pom.xml

09:21:35.109 [main] ERROR f.i.s.r.process.maven.MavenHelper - Error while building complete model. The raw model will be used. Error message: 1 problem was encountered while building the effective model for org.apache.shardingsphere:shardingsphere-shadow:5.1.2-SNAPSHOT
[ERROR] Failed to determine Java version for profile jdk11+ @ org.apache.shardingsphere:shardingsphere:5.1.2-SNAPSHOT, /root/workspace/apache-shardingsphere-master-18231_repo/pom.xml

09:21:35.138 [main] ERROR f.i.s.r.process.maven.MavenHelper - Error while building complete model. The raw model will be used. Error message: 1 problem was encountered while building the effective model for org.apache.shardingsphere:shardingsphere-shadow-distsql:5.1.2-SNAPSHOT
[ERROR] Failed to determine Java version for profile jdk11+ @ org.apache.shardingsphere:shardingsphere:5.1.2-SNAPSHOT, /root/workspace/apache-shardingsphere-master-18231_repo/pom.xml

09:21:35.146 [main] ERROR f.i.s.r.process.maven.MavenHelper - Error while building complete model. The raw model will be used. Error message: 1 problem was encountered while building the effective model for org.apache.shardingsphere:shardingsphere-shadow-spring:5.1.2-SNAPSHOT
[ERROR] Failed to determine Java version for profile jdk11+ @ org.apache.shardingsphere:shardingsphere:5.1.2-SNAPSHOT, /root/workspace/apache-shardingsphere-master-18231_repo/pom.xml

09:21:35.150 [main] ERROR f.i.s.r.process.maven.MavenHelper - Error while building complete model. The raw model will be used. Error message: 1 problem was encountered while building the effective model for org.apache.shardingsphere:shardingsphere-agent:5.1.2-SNAPSHOT
[ERROR] Failed to determine Java version for profile jdk11+ @ org.apache.shardingsphere:shardingsphere:5.1.2-SNAPSHOT, /root/workspace/apache-shardingsphere-master-18231_repo/pom.xml

09:21:35.160 [main] ERROR f.i.s.r.process.maven.MavenHelper - Error while building complete model. The raw model will be used. Error message: 1 problem was encountered while building the effective model for org.apache.shardingsphere:shardingsphere-agent-plugins:5.1.2-SNAPSHOT
[ERROR] Failed to determine Java version for profile jdk11+ @ org.apache.shardingsphere:shardingsphere:5.1.2-SNAPSHOT, /root/workspace/apache-shardingsphere-master-18231_repo/pom.xml

09:21:35.165 [main] ERROR f.i.s.r.process.maven.MavenHelper - Error while building complete model. The raw model will be used. Error message: 1 problem was encountered while building the effective model for org.apache.shardingsphere:shardingsphere-agent-plugin-metrics:5.1.2-SNAPSHOT
[ERROR] Failed to determine Java version for profile jdk11+ @ org.apache.shardingsphere:shardingsphere:5.1.2-SNAPSHOT, /root/workspace/apache-shardingsphere-master-18231_repo/pom.xml

09:21:35.169 [main] ERROR f.i.s.r.process.maven.MavenHelper - Error while building complete model. The raw model will be used. Error message: 1 problem was encountered while building the effective model for org.apache.shardingsphere:shardingsphere-agent-plugin-tracing:5.1.2-SNAPSHOT
[ERROR] Failed to determine Java version for profile jdk11+ @ org.apache.shardingsphere:shardingsphere:5.1.2-SNAPSHOT, /root/workspace/apache-shardingsphere-master-18231_repo/pom.xml

09:21:35.177 [main] ERROR f.i.s.r.process.maven.MavenHelper - Error while building complete model. The raw model will be used. Error message: 1 problem was encountered while building the effective model for org.apache.shardingsphere:shardingsphere-agent-plugin-logging:5.1.2-SNAPSHOT
[ERROR] Failed to determine Java version for profile jdk11+ @ org.apache.shardingsphere:shardingsphere:5.1.2-SNAPSHOT, /root/workspace/apache-shardingsphere-master-18231_repo/pom.xml

09:21:35.180 [main] ERROR f.i.s.r.process.maven.MavenHelper - Error while building complete model. The raw model will be used. Error message: 1 problem was encountered while building the effective model for org.apache.shardingsphere:shardingsphere-agent-distribution:5.1.2-SNAPSHOT
[ERROR] Failed to determine Java version for profile jdk11+ @ org.apache.shardingsphere:shardingsphere:5.1.2-SNAPSHOT, /root/workspace/apache-shardingsphere-master-18231_repo/pom.xml

09:21:35.180 [main] ERROR f.i.s.r.p.s.paths.ComputeSourceDir - The source directory is not at default location or specified in build section from pom.xml, and no parent can be found.
09:21:35.183 [main] ERROR f.i.s.r.process.maven.MavenHelper - Error while building complete model. The raw model will be used. Error message: 1 problem was encountered while building the effective model for org.apache.shardingsphere:shardingsphere-test:5.1.2-SNAPSHOT
[ERROR] Failed to determine Java version for profile jdk11+ @ org.apache.shardingsphere:shardingsphere:5.1.2-SNAPSHOT, /root/workspace/apache-shardingsphere-master-18231_repo/pom.xml

09:21:35.223 [main] ERROR f.i.s.r.process.maven.MavenHelper - Error while building complete model. The raw model will be used. Error message: 1 problem was encountered while building the effective model for org.apache.shardingsphere:shardingsphere-integration-test:5.1.2-SNAPSHOT
[ERROR] Failed to determine Java version for profile jdk11+ @ org.apache.shardingsphere:shardingsphere:5.1.2-SNAPSHOT, /root/workspace/apache-shardingsphere-master-18231_repo/pom.xml

09:21:35.235 [main] ERROR f.i.s.r.process.maven.MavenHelper - Error while building complete model. The raw model will be used. Error message: 1 problem was encountered while building the effective model for org.apache.shardingsphere:shardingsphere-integration-test-fixture:5.1.2-SNAPSHOT
[ERROR] Failed to determine Java version for profile jdk11+ @ org.apache.shardingsphere:shardingsphere:5.1.2-SNAPSHOT, /root/workspace/apache-shardingsphere-master-18231_repo/pom.xml

09:21:35.235 [main] ERROR f.i.s.r.p.s.paths.ComputeSourceDir - The source directory is not at default location or specified in build section from pom.xml, and no parent can be found.
09:21:35.239 [main] ERROR f.i.s.r.process.maven.MavenHelper - Error while building complete model. The raw model will be used. Error message: 1 problem was encountered while building the effective model for org.apache.shardingsphere:shardingsphere-integration-test-env:5.1.2-SNAPSHOT
[ERROR] Failed to determine Java version for profile jdk11+ @ org.apache.shardingsphere:shardingsphere:5.1.2-SNAPSHOT, /root/workspace/apache-shardingsphere-master-18231_repo/pom.xml

09:21:35.239 [main] ERROR f.i.s.r.p.s.paths.ComputeSourceDir - The source directory is not at default location or specified in build section from pom.xml, and no parent can be found.
09:21:35.242 [main] ERROR f.i.s.r.process.maven.MavenHelper - Error while building complete model. The raw model will be used. Error message: 1 problem was encountered while building the effective model for org.apache.shardingsphere:shardingsphere-integration-test-suite:5.1.2-SNAPSHOT
[ERROR] Failed to determine Java version for profile jdk11+ @ org.apache.shardingsphere:shardingsphere:5.1.2-SNAPSHOT, /root/workspace/apache-shardingsphere-master-18231_repo/pom.xml

09:21:35.243 [main] ERROR f.i.s.r.p.s.paths.ComputeSourceDir - The source directory is not at default location or specified in build section from pom.xml, and no parent can be found.
09:21:35.254 [main] ERROR f.i.s.r.process.maven.MavenHelper - Error while building complete model. The raw model will be used. Error message: 1 problem was encountered while building the effective model for org.apache.shardingsphere:shardingsphere-integration-test-scaling:5.1.2-SNAPSHOT
[ERROR] Failed to determine Java version for profile jdk11+ @ org.apache.shardingsphere:shardingsphere:5.1.2-SNAPSHOT, /root/workspace/apache-shardingsphere-master-18231_repo/pom.xml

09:21:35.255 [main] ERROR f.i.s.r.p.s.paths.ComputeSourceDir - The source directory is not at default location or specified in build section from pom.xml, and no parent can be found.
09:21:35.255 [main] ERROR f.i.s.r.p.s.paths.ComputeSourceDir - The source directory is not at default location or specified in build section from pom.xml, and no parent can be found.
09:21:35.258 [main] ERROR f.i.s.r.process.maven.MavenHelper - Error while building complete model. The raw model will be used. Error message: 1 problem was encountered while building the effective model for org.apache.shardingsphere:shardingsphere-integration-driver-test:5.1.2-SNAPSHOT
[ERROR] Failed to determine Java version for profile jdk11+ @ org.apache.shardingsphere:shardingsphere:5.1.2-SNAPSHOT, /root/workspace/apache-shardingsphere-master-18231_repo/pom.xml

09:21:35.258 [main] ERROR f.i.s.r.p.s.paths.ComputeSourceDir - The source directory is not at default location or specified in build section from pom.xml, and no parent can be found.
09:21:35.260 [main] ERROR f.i.s.r.process.maven.MavenHelper - Error while building complete model. The raw model will be used. Error message: 1 problem was encountered while building the effective model for org.apache.shardingsphere:shardingsphere-integration-agent-test:5.1.2-SNAPSHOT
[ERROR] Failed to determine Java version for profile jdk11+ @ org.apache.shardingsphere:shardingsphere:5.1.2-SNAPSHOT, /root/workspace/apache-shardingsphere-master-18231_repo/pom.xml

09:21:35.263 [main] ERROR f.i.s.r.process.maven.MavenHelper - Error while building complete model. The raw model will be used. Error message: 1 problem was encountered while building the effective model for org.apache.shardingsphere:shardingsphere-integration-agent-test-plugins:5.1.2-SNAPSHOT
[ERROR] Failed to determine Java version for profile jdk11+ @ org.apache.shardingsphere:shardingsphere:5.1.2-SNAPSHOT, /root/workspace/apache-shardingsphere-master-18231_repo/pom.xml

09:21:35.271 [main] ERROR f.i.s.r.process.maven.MavenHelper - Error while building complete model. The raw model will be used. Error message: 1 problem was encountered while building the effective model for org.apache.shardingsphere:shardingsphere-integration-agent-test-metrics:5.1.2-SNAPSHOT
[ERROR] Failed to determine Java version for profile jdk11+ @ org.apache.shardingsphere:shardingsphere:5.1.2-SNAPSHOT, /root/workspace/apache-shardingsphere-master-18231_repo/pom.xml

09:21:35.272 [main] ERROR f.i.s.r.p.s.paths.ComputeSourceDir - The source directory is not at default location or specified in build section from pom.xml, and no parent can be found.
09:21:35.275 [main] ERROR f.i.s.r.process.maven.MavenHelper - Error while building complete model. The raw model will be used. Error message: 1 problem was encountered while building the effective model for org.apache.shardingsphere:shardingsphere-integration-agent-test-common:5.1.2-SNAPSHOT
[ERROR] Failed to determine Java version for profile jdk11+ @ org.apache.shardingsphere:shardingsphere:5.1.2-SNAPSHOT, /root/workspace/apache-shardingsphere-master-18231_repo/pom.xml

09:21:35.275 [main] ERROR f.i.s.r.p.s.paths.ComputeSourceDir - The source directory is not at default location or specified in build section from pom.xml, and no parent can be found.
09:21:35.278 [main] ERROR f.i.s.r.process.maven.MavenHelper - Error while building complete model. The raw model will be used. Error message: 1 problem was encountered while building the effective model for org.apache.shardingsphere:shardingsphere-integration-agent-test-zipkin:5.1.2-SNAPSHOT
[ERROR] Failed to determine Java version for profile jdk11+ @ org.apache.shardingsphere:shardingsphere:5.1.2-SNAPSHOT, /root/workspace/apache-shardingsphere-master-18231_repo/pom.xml

09:21:35.302 [main] ERROR f.i.s.r.p.s.paths.ComputeSourceDir - The source directory is not at default location or specified in build section from pom.xml, and no parent can be found.
09:21:35.306 [main] ERROR f.i.s.r.process.maven.MavenHelper - Error while building complete model. The raw model will be used. Error message: 1 problem was encountered while building the effective model for org.apache.shardingsphere:shardingsphere-integration-agent-test-jaeger:5.1.2-SNAPSHOT
[ERROR] Failed to determine Java version for profile jdk11+ @ org.apache.shardingsphere:shardingsphere:5.1.2-SNAPSHOT, /root/workspace/apache-shardingsphere-master-18231_repo/pom.xml

09:21:35.307 [main] ERROR f.i.s.r.p.s.paths.ComputeSourceDir - The source directory is not at default location or specified in build section from pom.xml, and no parent can be found.
09:21:35.310 [main] ERROR f.i.s.r.process.maven.MavenHelper - Error while building complete model. The raw model will be used. Error message: 1 problem was encountered while building the effective model for org.apache.shardingsphere:shardingsphere-integration-agent-test-opentelemetry:5.1.2-SNAPSHOT
[ERROR] Failed to determine Java version for profile jdk11+ @ org.apache.shardingsphere:shardingsphere:5.1.2-SNAPSHOT, /root/workspace/apache-shardingsphere-master-18231_repo/pom.xml

09:21:35.310 [main] ERROR f.i.s.r.p.s.paths.ComputeSourceDir - The source directory is not at default location or specified in build section from pom.xml, and no parent can be found.
09:21:35.310 [main] ERROR f.i.s.r.p.s.paths.ComputeSourceDir - The source directory is not at default location or specified in build section from pom.xml, and no parent can be found.
09:21:35.310 [main] ERROR f.i.s.r.p.s.paths.ComputeSourceDir - The source directory is not at default location or specified in build section from pom.xml, and no parent can be found.
09:21:35.313 [main] ERROR f.i.s.r.process.maven.MavenHelper - Error while building complete model. The raw model will be used. Error message: 1 problem was encountered while building the effective model for org.apache.shardingsphere:shardingsphere-rewrite-test:5.1.2-SNAPSHOT
[ERROR] Failed to determine Java version for profile jdk11+ @ org.apache.shardingsphere:shardingsphere:5.1.2-SNAPSHOT, /root/workspace/apache-shardingsphere-master-18231_repo/pom.xml

09:21:35.314 [main] ERROR f.i.s.r.p.s.paths.ComputeSourceDir - The source directory is not at default location or specified in build section from pom.xml, and no parent can be found.
09:21:35.317 [main] ERROR f.i.s.r.process.maven.MavenHelper - Error while building complete model. The raw model will be used. Error message: 1 problem was encountered while building the effective model for org.apache.shardingsphere:shardingsphere-optimize-test:5.1.2-SNAPSHOT
[ERROR] Failed to determine Java version for profile jdk11+ @ org.apache.shardingsphere:shardingsphere:5.1.2-SNAPSHOT, /root/workspace/apache-shardingsphere-master-18231_repo/pom.xml

09:21:35.317 [main] ERROR f.i.s.r.p.s.paths.ComputeSourceDir - The source directory is not at default location or specified in build section from pom.xml, and no parent can be found.
09:21:35.320 [main] ERROR f.i.s.r.process.maven.MavenHelper - Error while building complete model. The raw model will be used. Error message: 1 problem was encountered while building the effective model for org.apache.shardingsphere:shardingsphere-pipeline-test:5.1.2-SNAPSHOT
[ERROR] Failed to determine Java version for profile jdk11+ @ org.apache.shardingsphere:shardingsphere:5.1.2-SNAPSHOT, /root/workspace/apache-shardingsphere-master-18231_repo/pom.xml

09:21:35.320 [main] ERROR f.i.s.r.p.s.paths.ComputeSourceDir - The source directory is not at default location or specified in build section from pom.xml, and no parent can be found.
09:21:35.322 [main] ERROR f.i.s.r.process.maven.MavenHelper - Error while building complete model. The raw model will be used. Error message: 1 problem was encountered while building the effective model for org.apache.shardingsphere:shardingsphere-distribution:5.1.2-SNAPSHOT
[ERROR] Failed to determine Java version for profile jdk11+ @ org.apache.shardingsphere:shardingsphere:5.1.2-SNAPSHOT, /root/workspace/apache-shardingsphere-master-18231_repo/pom.xml

09:21:35.325 [main] ERROR f.i.s.r.process.maven.MavenHelper - Error while building complete model. The raw model will be used. Error message: 1 problem was encountered while building the effective model for org.apache.shardingsphere:shardingsphere-src-distribution:5.1.2-SNAPSHOT
[ERROR] Failed to determine Java version for profile jdk11+ @ org.apache.shardingsphere:shardingsphere:5.1.2-SNAPSHOT, /root/workspace/apache-shardingsphere-master-18231_repo/pom.xml

09:21:35.326 [main] ERROR f.i.s.r.p.s.paths.ComputeSourceDir - The source directory is not at default location or specified in build section from pom.xml, and no parent can be found.
09:21:35.335 [main] ERROR f.i.s.r.process.maven.MavenHelper - Error while building complete model. The raw model will be used. Error message: 1 problem was encountered while building the effective model for org.apache.shardingsphere:shardingsphere-jdbc-distribution:5.1.2-SNAPSHOT
[ERROR] Failed to determine Java version for profile jdk11+ @ org.apache.shardingsphere:shardingsphere:5.1.2-SNAPSHOT, /root/workspace/apache-shardingsphere-master-18231_repo/pom.xml

09:21:35.335 [main] ERROR f.i.s.r.p.s.paths.ComputeSourceDir - The source directory is not at default location or specified in build section from pom.xml, and no parent can be found.
09:21:35.338 [main] ERROR f.i.s.r.process.maven.MavenHelper - Error while building complete model. The raw model will be used. Error message: 1 problem was encountered while building the effective model for org.apache.shardingsphere:shardingsphere-proxy-distribution:5.1.2-SNAPSHOT
[ERROR] Failed to determine Java version for profile jdk11+ @ org.apache.shardingsphere:shardingsphere:5.1.2-SNAPSHOT, /root/workspace/apache-shardingsphere-master-18231_repo/pom.xml

09:21:35.339 [main] ERROR f.i.s.r.p.s.paths.ComputeSourceDir - The source directory is not at default location or specified in build section from pom.xml, and no parent can be found.
09:21:35.339 [main] ERROR f.i.s.r.p.s.paths.ComputeSourceDir - The source directory is not at default location or specified in build section from pom.xml, and no parent can be found.
09:21:35.345 [main] INFO  f.i.s.r.p.s.paths.ComputeSourceDir - 136 source dirs were found:
09:21:35.346 [main] INFO  f.i.s.r.p.s.paths.ComputeSourceDir - /root/workspace/apache-shardingsphere-master-18231_repo/shardingsphere-agent/shardingsphere-agent-api/src/main/java
09:21:35.346 [main] INFO  f.i.s.r.p.s.paths.ComputeSourceDir - /root/workspace/apache-shardingsphere-master-18231_repo/shardingsphere-agent/shardingsphere-agent-bootstrap/src/main/java
09:21:35.346 [main] INFO  f.i.s.r.p.s.paths.ComputeSourceDir - /root/workspace/apache-shardingsphere-master-18231_repo/shardingsphere-agent/shardingsphere-agent-core/src/main/java
09:21:35.346 [main] INFO  f.i.s.r.p.s.paths.ComputeSourceDir - /root/workspace/apache-shardingsphere-master-18231_repo/shardingsphere-agent/shardingsphere-agent-plugins/shardingsphere-agent-plugin-logging/shardingsphere-agent-logging-base/src/main/java
09:21:35.346 [main] INFO  f.i.s.r.p.s.paths.ComputeSourceDir - /root/workspace/apache-shardingsphere-master-18231_repo/shardingsphere-agent/shardingsphere-agent-plugins/shardingsphere-agent-plugin-metrics/shardingsphere-agent-metrics-api/src/main/java
09:21:35.346 [main] INFO  f.i.s.r.p.s.paths.ComputeSourceDir - /root/workspace/apache-shardingsphere-master-18231_repo/shardingsphere-agent/shardingsphere-agent-plugins/shardingsphere-agent-plugin-metrics/shardingsphere-agent-metrics-prometheus/src/main/java
09:21:35.346 [main] INFO  f.i.s.r.p.s.paths.ComputeSourceDir - /root/workspace/apache-shardingsphere-master-18231_repo/shardingsphere-agent/shardingsphere-agent-plugins/shardingsphere-agent-plugin-tracing/shardingsphere-agent-tracing-jaeger/src/main/java
09:21:35.346 [main] INFO  f.i.s.r.p.s.paths.ComputeSourceDir - /root/workspace/apache-shardingsphere-master-18231_repo/shardingsphere-agent/shardingsphere-agent-plugins/shardingsphere-agent-plugin-tracing/shardingsphere-agent-tracing-opentelemetry/src/main/java
09:21:35.346 [main] INFO  f.i.s.r.p.s.paths.ComputeSourceDir - /root/workspace/apache-shardingsphere-master-18231_repo/shardingsphere-agent/shardingsphere-agent-plugins/shardingsphere-agent-plugin-tracing/shardingsphere-agent-tracing-opentracing/src/main/java
09:21:35.346 [main] INFO  f.i.s.r.p.s.paths.ComputeSourceDir - /root/workspace/apache-shardingsphere-master-18231_repo/shardingsphere-agent/shardingsphere-agent-plugins/shardingsphere-agent-plugin-tracing/shardingsphere-agent-tracing-test/src/main/java
09:21:35.346 [main] INFO  f.i.s.r.p.s.paths.ComputeSourceDir - /root/workspace/apache-shardingsphere-master-18231_repo/shardingsphere-agent/shardingsphere-agent-plugins/shardingsphere-agent-plugin-tracing/shardingsphere-agent-tracing-zipkin/src/main/java
09:21:35.346 [main] INFO  f.i.s.r.p.s.paths.ComputeSourceDir - /root/workspace/apache-shardingsphere-master-18231_repo/shardingsphere-db-protocol/shardingsphere-db-protocol-core/src/main/java
09:21:35.346 [main] INFO  f.i.s.r.p.s.paths.ComputeSourceDir - /root/workspace/apache-shardingsphere-master-18231_repo/shardingsphere-db-protocol/shardingsphere-db-protocol-mysql/src/main/java
09:21:35.346 [main] INFO  f.i.s.r.p.s.paths.ComputeSourceDir - /root/workspace/apache-shardingsphere-master-18231_repo/shardingsphere-db-protocol/shardingsphere-db-protocol-opengauss/src/main/java
09:21:35.346 [main] INFO  f.i.s.r.p.s.paths.ComputeSourceDir - /root/workspace/apache-shardingsphere-master-18231_repo/shardingsphere-db-protocol/shardingsphere-db-protocol-postgresql/src/main/java
09:21:35.346 [main] INFO  f.i.s.r.p.s.paths.ComputeSourceDir - /root/workspace/apache-shardingsphere-master-18231_repo/shardingsphere-distsql/shardingsphere-distsql-parser/src/main/java
09:21:35.346 [main] INFO  f.i.s.r.p.s.paths.ComputeSourceDir - /root/workspace/apache-shardingsphere-master-18231_repo/shardingsphere-distsql/shardingsphere-distsql-statement/src/main/java
09:21:35.346 [main] INFO  f.i.s.r.p.s.paths.ComputeSourceDir - /root/workspace/apache-shardingsphere-master-18231_repo/shardingsphere-features/shardingsphere-db-discovery/shardingsphere-db-discovery-api/src/main/java
09:21:35.346 [main] INFO  f.i.s.r.p.s.paths.ComputeSourceDir - /root/workspace/apache-shardingsphere-master-18231_repo/shardingsphere-features/shardingsphere-db-discovery/shardingsphere-db-discovery-core/src/main/java
09:21:35.346 [main] INFO  f.i.s.r.p.s.paths.ComputeSourceDir - /root/workspace/apache-shardingsphere-master-18231_repo/shardingsphere-features/shardingsphere-db-discovery/shardingsphere-db-discovery-distsql/shardingsphere-db-discovery-distsql-handler/src/main/java
09:21:35.346 [main] INFO  f.i.s.r.p.s.paths.ComputeSourceDir - /root/workspace/apache-shardingsphere-master-18231_repo/shardingsphere-features/shardingsphere-db-discovery/shardingsphere-db-discovery-distsql/shardingsphere-db-discovery-distsql-parser/src/main/java
09:21:35.346 [main] INFO  f.i.s.r.p.s.paths.ComputeSourceDir - /root/workspace/apache-shardingsphere-master-18231_repo/shardingsphere-features/shardingsphere-db-discovery/shardingsphere-db-discovery-distsql/shardingsphere-db-discovery-distsql-statement/src/main/java
09:21:35.346 [main] INFO  f.i.s.r.p.s.paths.ComputeSourceDir - /root/workspace/apache-shardingsphere-master-18231_repo/shardingsphere-features/shardingsphere-db-discovery/shardingsphere-db-discovery-provider/shardingsphere-db-discovery-mysql/src/main/java
09:21:35.346 [main] INFO  f.i.s.r.p.s.paths.ComputeSourceDir - /root/workspace/apache-shardingsphere-master-18231_repo/shardingsphere-features/shardingsphere-db-discovery/shardingsphere-db-discovery-provider/shardingsphere-db-discovery-opengauss/src/main/java
09:21:35.346 [main] INFO  f.i.s.r.p.s.paths.ComputeSourceDir - /root/workspace/apache-shardingsphere-master-18231_repo/shardingsphere-features/shardingsphere-db-discovery/shardingsphere-db-discovery-spring/shardingsphere-db-discovery-spring-boot-starter/src/main/java
09:21:35.346 [main] INFO  f.i.s.r.p.s.paths.ComputeSourceDir - /root/workspace/apache-shardingsphere-master-18231_repo/shardingsphere-features/shardingsphere-db-discovery/shardingsphere-db-discovery-spring/shardingsphere-db-discovery-spring-namespace/src/main/java
09:21:35.346 [main] INFO  f.i.s.r.p.s.paths.ComputeSourceDir - /root/workspace/apache-shardingsphere-master-18231_repo/shardingsphere-features/shardingsphere-encrypt/shardingsphere-encrypt-api/src/main/java
09:21:35.346 [main] INFO  f.i.s.r.p.s.paths.ComputeSourceDir - /root/workspace/apache-shardingsphere-master-18231_repo/shardingsphere-features/shardingsphere-encrypt/shardingsphere-encrypt-core/src/main/java
09:21:35.346 [main] INFO  f.i.s.r.p.s.paths.ComputeSourceDir - /root/workspace/apache-shardingsphere-master-18231_repo/shardingsphere-features/shardingsphere-encrypt/shardingsphere-encrypt-distsql/shardingsphere-encrypt-distsql-handler/src/main/java
09:21:35.346 [main] INFO  f.i.s.r.p.s.paths.ComputeSourceDir - /root/workspace/apache-shardingsphere-master-18231_repo/shardingsphere-features/shardingsphere-encrypt/shardingsphere-encrypt-distsql/shardingsphere-encrypt-distsql-parser/src/main/java
09:21:35.346 [main] INFO  f.i.s.r.p.s.paths.ComputeSourceDir - /root/workspace/apache-shardingsphere-master-18231_repo/shardingsphere-features/shardingsphere-encrypt/shardingsphere-encrypt-distsql/shardingsphere-encrypt-distsql-statement/src/main/java
09:21:35.346 [main] INFO  f.i.s.r.p.s.paths.ComputeSourceDir - /root/workspace/apache-shardingsphere-master-18231_repo/shardingsphere-features/shardingsphere-encrypt/shardingsphere-encrypt-plugin/shardingsphere-encrypt-sm/src/main/java
09:21:35.346 [main] INFO  f.i.s.r.p.s.paths.ComputeSourceDir - /root/workspace/apache-shardingsphere-master-18231_repo/shardingsphere-features/shardingsphere-encrypt/shardingsphere-encrypt-spring/shardingsphere-encrypt-spring-boot-starter/src/main/java
09:21:35.346 [main] INFO  f.i.s.r.p.s.paths.ComputeSourceDir - /root/workspace/apache-shardingsphere-master-18231_repo/shardingsphere-features/shardingsphere-encrypt/shardingsphere-encrypt-spring/shardingsphere-encrypt-spring-namespace/src/main/java
09:21:35.346 [main] INFO  f.i.s.r.p.s.paths.ComputeSourceDir - /root/workspace/apache-shardingsphere-master-18231_repo/shardingsphere-features/shardingsphere-readwrite-splitting/shardingsphere-readwrite-splitting-api/src/main/java
09:21:35.346 [main] INFO  f.i.s.r.p.s.paths.ComputeSourceDir - /root/workspace/apache-shardingsphere-master-18231_repo/shardingsphere-features/shardingsphere-readwrite-splitting/shardingsphere-readwrite-splitting-core/src/main/java
09:21:35.346 [main] INFO  f.i.s.r.p.s.paths.ComputeSourceDir - /root/workspace/apache-shardingsphere-master-18231_repo/shardingsphere-features/shardingsphere-readwrite-splitting/shardingsphere-readwrite-splitting-distsql/shardingsphere-readwrite-splitting-distsql-handler/src/main/java
09:21:35.346 [main] INFO  f.i.s.r.p.s.paths.ComputeSourceDir - /root/workspace/apache-shardingsphere-master-18231_repo/shardingsphere-features/shardingsphere-readwrite-splitting/shardingsphere-readwrite-splitting-distsql/shardingsphere-readwrite-splitting-distsql-parser/src/main/java
09:21:35.346 [main] INFO  f.i.s.r.p.s.paths.ComputeSourceDir - /root/workspace/apache-shardingsphere-master-18231_repo/shardingsphere-features/shardingsphere-readwrite-splitting/shardingsphere-readwrite-splitting-distsql/shardingsphere-readwrite-splitting-distsql-statement/src/main/java
09:21:35.346 [main] INFO  f.i.s.r.p.s.paths.ComputeSourceDir - /root/workspace/apache-shardingsphere-master-18231_repo/shardingsphere-features/shardingsphere-readwrite-splitting/shardingsphere-readwrite-splitting-spring/shardingsphere-readwrite-splitting-spring-boot-starter/src/main/java
09:21:35.347 [main] INFO  f.i.s.r.p.s.paths.ComputeSourceDir - /root/workspace/apache-shardingsphere-master-18231_repo/shardingsphere-features/shardingsphere-readwrite-splitting/shardingsphere-readwrite-splitting-spring/shardingsphere-readwrite-splitting-spring-namespace/src/main/java
09:21:35.347 [main] INFO  f.i.s.r.p.s.paths.ComputeSourceDir - /root/workspace/apache-shardingsphere-master-18231_repo/shardingsphere-features/shardingsphere-shadow/shardingsphere-shadow-api/src/main/java
09:21:35.347 [main] INFO  f.i.s.r.p.s.paths.ComputeSourceDir - /root/workspace/apache-shardingsphere-master-18231_repo/shardingsphere-features/shardingsphere-shadow/shardingsphere-shadow-core/src/main/java
09:21:35.347 [main] INFO  f.i.s.r.p.s.paths.ComputeSourceDir - /root/workspace/apache-shardingsphere-master-18231_repo/shardingsphere-features/shardingsphere-shadow/shardingsphere-shadow-distsql/shardingsphere-shadow-distsql-handler/src/main/java
09:21:35.347 [main] INFO  f.i.s.r.p.s.paths.ComputeSourceDir - /root/workspace/apache-shardingsphere-master-18231_repo/shardingsphere-features/shardingsphere-shadow/shardingsphere-shadow-distsql/shardingsphere-shadow-distsql-parser/src/main/java
09:21:35.347 [main] INFO  f.i.s.r.p.s.paths.ComputeSourceDir - /root/workspace/apache-shardingsphere-master-18231_repo/shardingsphere-features/shardingsphere-shadow/shardingsphere-shadow-distsql/shardingsphere-shadow-distsql-statement/src/main/java
09:21:35.347 [main] INFO  f.i.s.r.p.s.paths.ComputeSourceDir - /root/workspace/apache-shardingsphere-master-18231_repo/shardingsphere-features/shardingsphere-shadow/shardingsphere-shadow-spring/shardingsphere-shadow-spring-boot-starter/src/main/java
09:21:35.347 [main] INFO  f.i.s.r.p.s.paths.ComputeSourceDir - /root/workspace/apache-shardingsphere-master-18231_repo/shardingsphere-features/shardingsphere-shadow/shardingsphere-shadow-spring/shardingsphere-shadow-spring-namespace/src/main/java
09:21:35.347 [main] INFO  f.i.s.r.p.s.paths.ComputeSourceDir - /root/workspace/apache-shardingsphere-master-18231_repo/shardingsphere-features/shardingsphere-sharding/shardingsphere-sharding-api/src/main/java
09:21:35.347 [main] INFO  f.i.s.r.p.s.paths.ComputeSourceDir - /root/workspace/apache-shardingsphere-master-18231_repo/shardingsphere-features/shardingsphere-sharding/shardingsphere-sharding-core/src/main/java
09:21:35.347 [main] INFO  f.i.s.r.p.s.paths.ComputeSourceDir - /root/workspace/apache-shardingsphere-master-18231_repo/shardingsphere-features/shardingsphere-sharding/shardingsphere-sharding-distsql/shardingsphere-sharding-distsql-handler/src/main/java
09:21:35.347 [main] INFO  f.i.s.r.p.s.paths.ComputeSourceDir - /root/workspace/apache-shardingsphere-master-18231_repo/shardingsphere-features/shardingsphere-sharding/shardingsphere-sharding-distsql/shardingsphere-sharding-distsql-parser/src/main/java
09:21:35.347 [main] INFO  f.i.s.r.p.s.paths.ComputeSourceDir - /root/workspace/apache-shardingsphere-master-18231_repo/shardingsphere-features/shardingsphere-sharding/shardingsphere-sharding-distsql/shardingsphere-sharding-distsql-statement/src/main/java
09:21:35.347 [main] INFO  f.i.s.r.p.s.paths.ComputeSourceDir - /root/workspace/apache-shardingsphere-master-18231_repo/shardingsphere-features/shardingsphere-sharding/shardingsphere-sharding-plugin/shardingsphere-sharding-cosid/src/main/java
09:21:35.347 [main] INFO  f.i.s.r.p.s.paths.ComputeSourceDir - /root/workspace/apache-shardingsphere-master-18231_repo/shardingsphere-features/shardingsphere-sharding/shardingsphere-sharding-plugin/shardingsphere-sharding-nanoid/src/main/java
09:21:35.347 [main] INFO  f.i.s.r.p.s.paths.ComputeSourceDir - /root/workspace/apache-shardingsphere-master-18231_repo/shardingsphere-features/shardingsphere-sharding/shardingsphere-sharding-spring/shardingsphere-sharding-spring-boot-starter/src/main/java
09:21:35.347 [main] INFO  f.i.s.r.p.s.paths.ComputeSourceDir - /root/workspace/apache-shardingsphere-master-18231_repo/shardingsphere-features/shardingsphere-sharding/shardingsphere-sharding-spring/shardingsphere-sharding-spring-namespace/src/main/java
09:21:35.347 [main] INFO  f.i.s.r.p.s.paths.ComputeSourceDir - /root/workspace/apache-shardingsphere-master-18231_repo/shardingsphere-infra/shardingsphere-infra-binder/src/main/java
09:21:35.347 [main] INFO  f.i.s.r.p.s.paths.ComputeSourceDir - /root/workspace/apache-shardingsphere-master-18231_repo/shardingsphere-infra/shardingsphere-infra-common/src/main/java
09:21:35.347 [main] INFO  f.i.s.r.p.s.paths.ComputeSourceDir - /root/workspace/apache-shardingsphere-master-18231_repo/shardingsphere-infra/shardingsphere-infra-context/src/main/java
09:21:35.347 [main] INFO  f.i.s.r.p.s.paths.ComputeSourceDir - /root/workspace/apache-shardingsphere-master-18231_repo/shardingsphere-infra/shardingsphere-infra-datetime/shardingsphere-infra-datetime-spi/src/main/java
09:21:35.347 [main] INFO  f.i.s.r.p.s.paths.ComputeSourceDir - /root/workspace/apache-shardingsphere-master-18231_repo/shardingsphere-infra/shardingsphere-infra-datetime/shardingsphere-infra-datetime-type/shardingsphere-database-datetime/src/main/java
09:21:35.347 [main] INFO  f.i.s.r.p.s.paths.ComputeSourceDir - /root/workspace/apache-shardingsphere-master-18231_repo/shardingsphere-infra/shardingsphere-infra-datetime/shardingsphere-infra-datetime-type/shardingsphere-system-datetime/src/main/java
09:21:35.347 [main] INFO  f.i.s.r.p.s.paths.ComputeSourceDir - /root/workspace/apache-shardingsphere-master-18231_repo/shardingsphere-infra/shardingsphere-infra-executor/src/main/java
09:21:35.347 [main] INFO  f.i.s.r.p.s.paths.ComputeSourceDir - /root/workspace/apache-shardingsphere-master-18231_repo/shardingsphere-infra/shardingsphere-infra-federation/shardingsphere-infra-federation-executor/src/main/java
09:21:35.347 [main] INFO  f.i.s.r.p.s.paths.ComputeSourceDir - /root/workspace/apache-shardingsphere-master-18231_repo/shardingsphere-infra/shardingsphere-infra-federation/shardingsphere-infra-federation-optimizer/src/main/java
09:21:35.347 [main] INFO  f.i.s.r.p.s.paths.ComputeSourceDir - /root/workspace/apache-shardingsphere-master-18231_repo/shardingsphere-infra/shardingsphere-infra-merge/src/main/java
09:21:35.347 [main] INFO  f.i.s.r.p.s.paths.ComputeSourceDir - /root/workspace/apache-shardingsphere-master-18231_repo/shardingsphere-infra/shardingsphere-infra-parser/src/main/java
09:21:35.347 [main] INFO  f.i.s.r.p.s.paths.ComputeSourceDir - /root/workspace/apache-shardingsphere-master-18231_repo/shardingsphere-infra/shardingsphere-infra-rewrite/src/main/java
09:21:35.347 [main] INFO  f.i.s.r.p.s.paths.ComputeSourceDir - /root/workspace/apache-shardingsphere-master-18231_repo/shardingsphere-infra/shardingsphere-infra-route/src/main/java
09:21:35.347 [main] INFO  f.i.s.r.p.s.paths.ComputeSourceDir - /root/workspace/apache-shardingsphere-master-18231_repo/shardingsphere-jdbc/shardingsphere-jdbc-core/src/main/java
09:21:35.347 [main] INFO  f.i.s.r.p.s.paths.ComputeSourceDir - /root/workspace/apache-shardingsphere-master-18231_repo/shardingsphere-jdbc/shardingsphere-jdbc-spring/shardingsphere-jdbc-core-spring/shardingsphere-jdbc-core-spring-boot-starter/src/main/java
09:21:35.347 [main] INFO  f.i.s.r.p.s.paths.ComputeSourceDir - /root/workspace/apache-shardingsphere-master-18231_repo/shardingsphere-jdbc/shardingsphere-jdbc-spring/shardingsphere-jdbc-core-spring/shardingsphere-jdbc-core-spring-namespace/src/main/java
09:21:35.347 [main] INFO  f.i.s.r.p.s.paths.ComputeSourceDir - /root/workspace/apache-shardingsphere-master-18231_repo/shardingsphere-jdbc/shardingsphere-jdbc-spring/shardingsphere-jdbc-spring-infra/shardingsphere-jdbc-spring-boot-starter-infra/src/main/java
09:21:35.347 [main] INFO  f.i.s.r.p.s.paths.ComputeSourceDir - /root/workspace/apache-shardingsphere-master-18231_repo/shardingsphere-jdbc/shardingsphere-jdbc-spring/shardingsphere-jdbc-spring-infra/shardingsphere-jdbc-spring-namespace-infra/src/main/java
09:21:35.347 [main] INFO  f.i.s.r.p.s.paths.ComputeSourceDir - /root/workspace/apache-shardingsphere-master-18231_repo/shardingsphere-jdbc/shardingsphere-jdbc-spring/shardingsphere-jdbc-transaction-spring/src/main/java
09:21:35.347 [main] INFO  f.i.s.r.p.s.paths.ComputeSourceDir - /root/workspace/apache-shardingsphere-master-18231_repo/shardingsphere-kernel/shardingsphere-authority/shardingsphere-authority-api/src/main/java
09:21:35.347 [main] INFO  f.i.s.r.p.s.paths.ComputeSourceDir - /root/workspace/apache-shardingsphere-master-18231_repo/shardingsphere-kernel/shardingsphere-authority/shardingsphere-authority-core/src/main/java
09:21:35.347 [main] INFO  f.i.s.r.p.s.paths.ComputeSourceDir - /root/workspace/apache-shardingsphere-master-18231_repo/shardingsphere-kernel/shardingsphere-data-pipeline/shardingsphere-data-pipeline-api/src/main/java
09:21:35.348 [main] INFO  f.i.s.r.p.s.paths.ComputeSourceDir - /root/workspace/apache-shardingsphere-master-18231_repo/shardingsphere-kernel/shardingsphere-data-pipeline/shardingsphere-data-pipeline-core/src/main/java
09:21:35.348 [main] INFO  f.i.s.r.p.s.paths.ComputeSourceDir - /root/workspace/apache-shardingsphere-master-18231_repo/shardingsphere-kernel/shardingsphere-data-pipeline/shardingsphere-data-pipeline-dialect/shardingsphere-data-pipeline-mysql/src/main/java
09:21:35.348 [main] INFO  f.i.s.r.p.s.paths.ComputeSourceDir - /root/workspace/apache-shardingsphere-master-18231_repo/shardingsphere-kernel/shardingsphere-data-pipeline/shardingsphere-data-pipeline-dialect/shardingsphere-data-pipeline-opengauss/src/main/java
09:21:35.348 [main] INFO  f.i.s.r.p.s.paths.ComputeSourceDir - /root/workspace/apache-shardingsphere-master-18231_repo/shardingsphere-kernel/shardingsphere-data-pipeline/shardingsphere-data-pipeline-dialect/shardingsphere-data-pipeline-postgresql/src/main/java
09:21:35.348 [main] INFO  f.i.s.r.p.s.paths.ComputeSourceDir - /root/workspace/apache-shardingsphere-master-18231_repo/shardingsphere-kernel/shardingsphere-parser/shardingsphere-parser-api/src/main/java
09:21:35.348 [main] INFO  f.i.s.r.p.s.paths.ComputeSourceDir - /root/workspace/apache-shardingsphere-master-18231_repo/shardingsphere-kernel/shardingsphere-parser/shardingsphere-parser-core/src/main/java
09:21:35.348 [main] INFO  f.i.s.r.p.s.paths.ComputeSourceDir - /root/workspace/apache-shardingsphere-master-18231_repo/shardingsphere-kernel/shardingsphere-parser/shardingsphere-parser-spring/shardingsphere-parser-spring-boot-starter/src/main/java
09:21:35.348 [main] INFO  f.i.s.r.p.s.paths.ComputeSourceDir - /root/workspace/apache-shardingsphere-master-18231_repo/shardingsphere-kernel/shardingsphere-parser/shardingsphere-parser-spring/shardingsphere-parser-spring-namespace/src/main/java
09:21:35.348 [main] INFO  f.i.s.r.p.s.paths.ComputeSourceDir - /root/workspace/apache-shardingsphere-master-18231_repo/shardingsphere-kernel/shardingsphere-schedule/shardingsphere-schedule-core/src/main/java
09:21:35.348 [main] INFO  f.i.s.r.p.s.paths.ComputeSourceDir - /root/workspace/apache-shardingsphere-master-18231_repo/shardingsphere-kernel/shardingsphere-single-table/shardingsphere-single-table-api/src/main/java
09:21:35.348 [main] INFO  f.i.s.r.p.s.paths.ComputeSourceDir - /root/workspace/apache-shardingsphere-master-18231_repo/shardingsphere-kernel/shardingsphere-single-table/shardingsphere-single-table-core/src/main/java
09:21:35.348 [main] INFO  f.i.s.r.p.s.paths.ComputeSourceDir - /root/workspace/apache-shardingsphere-master-18231_repo/shardingsphere-kernel/shardingsphere-sql-translator/shardingsphere-sql-translator-api/src/main/java
09:21:35.348 [main] INFO  f.i.s.r.p.s.paths.ComputeSourceDir - /root/workspace/apache-shardingsphere-master-18231_repo/shardingsphere-kernel/shardingsphere-sql-translator/shardingsphere-sql-translator-core/src/main/java
09:21:35.348 [main] INFO  f.i.s.r.p.s.paths.ComputeSourceDir - /root/workspace/apache-shardingsphere-master-18231_repo/shardingsphere-kernel/shardingsphere-sql-translator/shardingsphere-sql-translator-provider/shardingsphere-sql-translator-jooq-provider/src/main/java
09:21:35.348 [main] INFO  f.i.s.r.p.s.paths.ComputeSourceDir - /root/workspace/apache-shardingsphere-master-18231_repo/shardingsphere-kernel/shardingsphere-sql-translator/shardingsphere-sql-translator-provider/shardingsphere-sql-translator-native-provider/src/main/java
09:21:35.348 [main] INFO  f.i.s.r.p.s.paths.ComputeSourceDir - /root/workspace/apache-shardingsphere-master-18231_repo/shardingsphere-kernel/shardingsphere-traffic/shardingsphere-traffic-api/src/main/java
09:21:35.348 [main] INFO  f.i.s.r.p.s.paths.ComputeSourceDir - /root/workspace/apache-shardingsphere-master-18231_repo/shardingsphere-kernel/shardingsphere-traffic/shardingsphere-traffic-core/src/main/java
09:21:35.348 [main] INFO  f.i.s.r.p.s.paths.ComputeSourceDir - /root/workspace/apache-shardingsphere-master-18231_repo/shardingsphere-kernel/shardingsphere-transaction/shardingsphere-transaction-api/src/main/java
09:21:35.348 [main] INFO  f.i.s.r.p.s.paths.ComputeSourceDir - /root/workspace/apache-shardingsphere-master-18231_repo/shardingsphere-kernel/shardingsphere-transaction/shardingsphere-transaction-core/src/main/java
09:21:35.348 [main] INFO  f.i.s.r.p.s.paths.ComputeSourceDir - /root/workspace/apache-shardingsphere-master-18231_repo/shardingsphere-kernel/shardingsphere-transaction/shardingsphere-transaction-type/shardingsphere-transaction-base/shardingsphere-transaction-base-seata-at/src/main/java
09:21:35.348 [main] INFO  f.i.s.r.p.s.paths.ComputeSourceDir - /root/workspace/apache-shardingsphere-master-18231_repo/shardingsphere-kernel/shardingsphere-transaction/shardingsphere-transaction-type/shardingsphere-transaction-xa/shardingsphere-transaction-xa-core/src/main/java
09:21:35.348 [main] INFO  f.i.s.r.p.s.paths.ComputeSourceDir - /root/workspace/apache-shardingsphere-master-18231_repo/shardingsphere-kernel/shardingsphere-transaction/shardingsphere-transaction-type/shardingsphere-transaction-xa/shardingsphere-transaction-xa-provider/shardingsphere-transaction-xa-atomikos/src/main/java
09:21:35.348 [main] INFO  f.i.s.r.p.s.paths.ComputeSourceDir - /root/workspace/apache-shardingsphere-master-18231_repo/shardingsphere-kernel/shardingsphere-transaction/shardingsphere-transaction-type/shardingsphere-transaction-xa/shardingsphere-transaction-xa-provider/shardingsphere-transaction-xa-bitronix/src/main/java
09:21:35.348 [main] INFO  f.i.s.r.p.s.paths.ComputeSourceDir - /root/workspace/apache-shardingsphere-master-18231_repo/shardingsphere-kernel/shardingsphere-transaction/shardingsphere-transaction-type/shardingsphere-transaction-xa/shardingsphere-transaction-xa-provider/shardingsphere-transaction-xa-narayana/src/main/java
09:21:35.348 [main] INFO  f.i.s.r.p.s.paths.ComputeSourceDir - /root/workspace/apache-shardingsphere-master-18231_repo/shardingsphere-kernel/shardingsphere-transaction/shardingsphere-transaction-type/shardingsphere-transaction-xa/shardingsphere-transaction-xa-spi/src/main/java
09:21:35.348 [main] INFO  f.i.s.r.p.s.paths.ComputeSourceDir - /root/workspace/apache-shardingsphere-master-18231_repo/shardingsphere-mode/shardingsphere-mode-core/src/main/java
09:21:35.348 [main] INFO  f.i.s.r.p.s.paths.ComputeSourceDir - /root/workspace/apache-shardingsphere-master-18231_repo/shardingsphere-mode/shardingsphere-mode-type/shardingsphere-cluster-mode/shardingsphere-cluster-mode-core/src/main/java
09:21:35.348 [main] INFO  f.i.s.r.p.s.paths.ComputeSourceDir - /root/workspace/apache-shardingsphere-master-18231_repo/shardingsphere-mode/shardingsphere-mode-type/shardingsphere-cluster-mode/shardingsphere-cluster-mode-repository/shardingsphere-cluster-mode-repository-api/src/main/java
09:21:35.348 [main] INFO  f.i.s.r.p.s.paths.ComputeSourceDir - /root/workspace/apache-shardingsphere-master-18231_repo/shardingsphere-mode/shardingsphere-mode-type/shardingsphere-cluster-mode/shardingsphere-cluster-mode-repository/shardingsphere-cluster-mode-repository-provider/shardingsphere-cluster-mode-repository-etcd/src/main/java
09:21:35.348 [main] INFO  f.i.s.r.p.s.paths.ComputeSourceDir - /root/workspace/apache-shardingsphere-master-18231_repo/shardingsphere-mode/shardingsphere-mode-type/shardingsphere-cluster-mode/shardingsphere-cluster-mode-repository/shardingsphere-cluster-mode-repository-provider/shardingsphere-cluster-mode-repository-zookeeper-curator/src/main/java
09:21:35.348 [main] INFO  f.i.s.r.p.s.paths.ComputeSourceDir - /root/workspace/apache-shardingsphere-master-18231_repo/shardingsphere-mode/shardingsphere-mode-type/shardingsphere-memory-mode/shardingsphere-memory-mode-core/src/main/java
09:21:35.348 [main] INFO  f.i.s.r.p.s.paths.ComputeSourceDir - /root/workspace/apache-shardingsphere-master-18231_repo/shardingsphere-mode/shardingsphere-mode-type/shardingsphere-standalone-mode/shardingsphere-standalone-mode-core/src/main/java
09:21:35.348 [main] INFO  f.i.s.r.p.s.paths.ComputeSourceDir - /root/workspace/apache-shardingsphere-master-18231_repo/shardingsphere-mode/shardingsphere-mode-type/shardingsphere-standalone-mode/shardingsphere-standalone-mode-repository/shardingsphere-standalone-mode-repository-api/src/main/java
09:21:35.348 [main] INFO  f.i.s.r.p.s.paths.ComputeSourceDir - /root/workspace/apache-shardingsphere-master-18231_repo/shardingsphere-mode/shardingsphere-mode-type/shardingsphere-standalone-mode/shardingsphere-standalone-mode-repository/shardingsphere-standalone-mode-repository-provider/shardingsphere-standalone-mode-repository-file/src/main/java
09:21:35.348 [main] INFO  f.i.s.r.p.s.paths.ComputeSourceDir - /root/workspace/apache-shardingsphere-master-18231_repo/shardingsphere-mode/shardingsphere-mode-type/shardingsphere-standalone-mode/shardingsphere-standalone-mode-repository/shardingsphere-standalone-mode-repository-provider/shardingsphere-standalone-mode-repository-h2/src/main/java
09:21:35.348 [main] INFO  f.i.s.r.p.s.paths.ComputeSourceDir - /root/workspace/apache-shardingsphere-master-18231_repo/shardingsphere-proxy/shardingsphere-proxy-backend/src/main/java
09:21:35.348 [main] INFO  f.i.s.r.p.s.paths.ComputeSourceDir - /root/workspace/apache-shardingsphere-master-18231_repo/shardingsphere-proxy/shardingsphere-proxy-bootstrap/src/main/java
09:21:35.349 [main] INFO  f.i.s.r.p.s.paths.ComputeSourceDir - /root/workspace/apache-shardingsphere-master-18231_repo/shardingsphere-proxy/shardingsphere-proxy-frontend/shardingsphere-proxy-frontend-core/src/main/java
09:21:35.349 [main] INFO  f.i.s.r.p.s.paths.ComputeSourceDir - /root/workspace/apache-shardingsphere-master-18231_repo/shardingsphere-proxy/shardingsphere-proxy-frontend/shardingsphere-proxy-frontend-mysql/src/main/java
09:21:35.349 [main] INFO  f.i.s.r.p.s.paths.ComputeSourceDir - /root/workspace/apache-shardingsphere-master-18231_repo/shardingsphere-proxy/shardingsphere-proxy-frontend/shardingsphere-proxy-frontend-opengauss/src/main/java
09:21:35.349 [main] INFO  f.i.s.r.p.s.paths.ComputeSourceDir - /root/workspace/apache-shardingsphere-master-18231_repo/shardingsphere-proxy/shardingsphere-proxy-frontend/shardingsphere-proxy-frontend-postgresql/src/main/java
09:21:35.349 [main] INFO  f.i.s.r.p.s.paths.ComputeSourceDir - /root/workspace/apache-shardingsphere-master-18231_repo/shardingsphere-proxy/shardingsphere-proxy-frontend/shardingsphere-proxy-frontend-reactive-core/src/main/java
09:21:35.349 [main] INFO  f.i.s.r.p.s.paths.ComputeSourceDir - /root/workspace/apache-shardingsphere-master-18231_repo/shardingsphere-proxy/shardingsphere-proxy-frontend/shardingsphere-proxy-frontend-reactive-mysql/src/main/java
09:21:35.349 [main] INFO  f.i.s.r.p.s.paths.ComputeSourceDir - /root/workspace/apache-shardingsphere-master-18231_repo/shardingsphere-proxy/shardingsphere-proxy-frontend/shardingsphere-proxy-frontend-reactive-spi/src/main/java
09:21:35.349 [main] INFO  f.i.s.r.p.s.paths.ComputeSourceDir - /root/workspace/apache-shardingsphere-master-18231_repo/shardingsphere-proxy/shardingsphere-proxy-frontend/shardingsphere-proxy-frontend-spi/src/main/java
09:21:35.349 [main] INFO  f.i.s.r.p.s.paths.ComputeSourceDir - /root/workspace/apache-shardingsphere-master-18231_repo/shardingsphere-spi/src/main/java
09:21:35.349 [main] INFO  f.i.s.r.p.s.paths.ComputeSourceDir - /root/workspace/apache-shardingsphere-master-18231_repo/shardingsphere-sql-parser/shardingsphere-sql-parser-dialect/shardingsphere-sql-parser-mysql/src/main/java
09:21:35.349 [main] INFO  f.i.s.r.p.s.paths.ComputeSourceDir - /root/workspace/apache-shardingsphere-master-18231_repo/shardingsphere-sql-parser/shardingsphere-sql-parser-dialect/shardingsphere-sql-parser-opengauss/src/main/java
09:21:35.349 [main] INFO  f.i.s.r.p.s.paths.ComputeSourceDir - /root/workspace/apache-shardingsphere-master-18231_repo/shardingsphere-sql-parser/shardingsphere-sql-parser-dialect/shardingsphere-sql-parser-oracle/src/main/java
09:21:35.349 [main] INFO  f.i.s.r.p.s.paths.ComputeSourceDir - /root/workspace/apache-shardingsphere-master-18231_repo/shardingsphere-sql-parser/shardingsphere-sql-parser-dialect/shardingsphere-sql-parser-postgresql/src/main/java
09:21:35.349 [main] INFO  f.i.s.r.p.s.paths.ComputeSourceDir - /root/workspace/apache-shardingsphere-master-18231_repo/shardingsphere-sql-parser/shardingsphere-sql-parser-dialect/shardingsphere-sql-parser-sql92/src/main/java
09:21:35.349 [main] INFO  f.i.s.r.p.s.paths.ComputeSourceDir - /root/workspace/apache-shardingsphere-master-18231_repo/shardingsphere-sql-parser/shardingsphere-sql-parser-dialect/shardingsphere-sql-parser-sqlserver/src/main/java
09:21:35.349 [main] INFO  f.i.s.r.p.s.paths.ComputeSourceDir - /root/workspace/apache-shardingsphere-master-18231_repo/shardingsphere-sql-parser/shardingsphere-sql-parser-engine/src/main/java
09:21:35.349 [main] INFO  f.i.s.r.p.s.paths.ComputeSourceDir - /root/workspace/apache-shardingsphere-master-18231_repo/shardingsphere-sql-parser/shardingsphere-sql-parser-spi/src/main/java
09:21:35.349 [main] INFO  f.i.s.r.p.s.paths.ComputeSourceDir - /root/workspace/apache-shardingsphere-master-18231_repo/shardingsphere-sql-parser/shardingsphere-sql-parser-statement/src/main/java
09:21:35.349 [main] INFO  f.i.s.r.p.s.paths.ComputeSourceDir - /root/workspace/apache-shardingsphere-master-18231_repo/shardingsphere-test/shardingsphere-parser-test/src/main/java
09:21:35.349 [main] INFO  f.i.s.r.p.s.paths.ComputeSourceDir - /root/workspace/apache-shardingsphere-master-18231_repo/shardingsphere-test/shardingsphere-test-common/src/main/java
09:21:35.352 [main] ERROR f.i.s.r.process.maven.MavenHelper - Error while building complete model. The raw model will be used. Error message: 1 problem was encountered while building the effective model for org.apache.shardingsphere:shardingsphere:5.1.2-SNAPSHOT
[ERROR] Failed to determine Java version for profile jdk11+ @ 

09:21:35.360 [main] ERROR f.i.s.r.process.maven.MavenHelper - Error while building complete model. The raw model will be used. Error message: 1 problem was encountered while building the effective model for org.apache.shardingsphere:shardingsphere-spi:5.1.2-SNAPSHOT
[ERROR] Failed to determine Java version for profile jdk11+ @ org.apache.shardingsphere:shardingsphere:5.1.2-SNAPSHOT, /root/workspace/apache-shardingsphere-master-18231_repo/pom.xml

09:21:35.362 [main] ERROR f.i.s.r.process.maven.MavenHelper - Error while building complete model. The raw model will be used. Error message: 1 problem was encountered while building the effective model for org.apache.shardingsphere:shardingsphere-sql-parser:5.1.2-SNAPSHOT
[ERROR] Failed to determine Java version for profile jdk11+ @ org.apache.shardingsphere:shardingsphere:5.1.2-SNAPSHOT, /root/workspace/apache-shardingsphere-master-18231_repo/pom.xml

09:21:35.365 [main] ERROR f.i.s.r.process.maven.MavenHelper - Error while building complete model. The raw model will be used. Error message: 1 problem was encountered while building the effective model for org.apache.shardingsphere:shardingsphere-sql-parser-spi:5.1.2-SNAPSHOT
[ERROR] Failed to determine Java version for profile jdk11+ @ org.apache.shardingsphere:shardingsphere:5.1.2-SNAPSHOT, /root/workspace/apache-shardingsphere-master-18231_repo/pom.xml

09:21:35.365 [main] ERROR f.i.s.r.p.step.paths.ComputeTestDir - The test directory is not at default location or specified in build section from pom.xml, and no parent can be found.
09:21:35.368 [main] ERROR f.i.s.r.process.maven.MavenHelper - Error while building complete model. The raw model will be used. Error message: 1 problem was encountered while building the effective model for org.apache.shardingsphere:shardingsphere-sql-parser-statement:5.1.2-SNAPSHOT
[ERROR] Failed to determine Java version for profile jdk11+ @ org.apache.shardingsphere:shardingsphere:5.1.2-SNAPSHOT, /root/workspace/apache-shardingsphere-master-18231_repo/pom.xml

09:21:35.379 [main] ERROR f.i.s.r.process.maven.MavenHelper - Error while building complete model. The raw model will be used. Error message: 1 problem was encountered while building the effective model for org.apache.shardingsphere:shardingsphere-sql-parser-engine:5.1.2-SNAPSHOT
[ERROR] Failed to determine Java version for profile jdk11+ @ org.apache.shardingsphere:shardingsphere:5.1.2-SNAPSHOT, /root/workspace/apache-shardingsphere-master-18231_repo/pom.xml

09:21:35.382 [main] ERROR f.i.s.r.process.maven.MavenHelper - Error while building complete model. The raw model will be used. Error message: 1 problem was encountered while building the effective model for org.apache.shardingsphere:shardingsphere-sql-parser-dialect:5.1.2-SNAPSHOT
[ERROR] Failed to determine Java version for profile jdk11+ @ org.apache.shardingsphere:shardingsphere:5.1.2-SNAPSHOT, /root/workspace/apache-shardingsphere-master-18231_repo/pom.xml

09:21:35.384 [main] ERROR f.i.s.r.process.maven.MavenHelper - Error while building complete model. The raw model will be used. Error message: 1 problem was encountered while building the effective model for org.apache.shardingsphere:shardingsphere-sql-parser-sql92:5.1.2-SNAPSHOT
[ERROR] Failed to determine Java version for profile jdk11+ @ org.apache.shardingsphere:shardingsphere:5.1.2-SNAPSHOT, /root/workspace/apache-shardingsphere-master-18231_repo/pom.xml

09:21:35.387 [main] ERROR f.i.s.r.process.maven.MavenHelper - Error while building complete model. The raw model will be used. Error message: 1 problem was encountered while building the effective model for org.apache.shardingsphere:shardingsphere-sql-parser-postgresql:5.1.2-SNAPSHOT
[ERROR] Failed to determine Java version for profile jdk11+ @ org.apache.shardingsphere:shardingsphere:5.1.2-SNAPSHOT, /root/workspace/apache-shardingsphere-master-18231_repo/pom.xml

09:21:35.400 [main] ERROR f.i.s.r.process.maven.MavenHelper - Error while building complete model. The raw model will be used. Error message: 1 problem was encountered while building the effective model for org.apache.shardingsphere:shardingsphere-sql-parser-mysql:5.1.2-SNAPSHOT
[ERROR] Failed to determine Java version for profile jdk11+ @ org.apache.shardingsphere:shardingsphere:5.1.2-SNAPSHOT, /root/workspace/apache-shardingsphere-master-18231_repo/pom.xml

09:21:35.403 [main] ERROR f.i.s.r.process.maven.MavenHelper - Error while building complete model. The raw model will be used. Error message: 1 problem was encountered while building the effective model for org.apache.shardingsphere:shardingsphere-sql-parser-oracle:5.1.2-SNAPSHOT
[ERROR] Failed to determine Java version for profile jdk11+ @ org.apache.shardingsphere:shardingsphere:5.1.2-SNAPSHOT, /root/workspace/apache-shardingsphere-master-18231_repo/pom.xml

09:21:35.405 [main] ERROR f.i.s.r.process.maven.MavenHelper - Error while building complete model. The raw model will be used. Error message: 1 problem was encountered while building the effective model for org.apache.shardingsphere:shardingsphere-sql-parser-sqlserver:5.1.2-SNAPSHOT
[ERROR] Failed to determine Java version for profile jdk11+ @ org.apache.shardingsphere:shardingsphere:5.1.2-SNAPSHOT, /root/workspace/apache-shardingsphere-master-18231_repo/pom.xml

09:21:35.408 [main] ERROR f.i.s.r.process.maven.MavenHelper - Error while building complete model. The raw model will be used. Error message: 1 problem was encountered while building the effective model for org.apache.shardingsphere:shardingsphere-sql-parser-opengauss:5.1.2-SNAPSHOT
[ERROR] Failed to determine Java version for profile jdk11+ @ org.apache.shardingsphere:shardingsphere:5.1.2-SNAPSHOT, /root/workspace/apache-shardingsphere-master-18231_repo/pom.xml

09:21:35.411 [main] ERROR f.i.s.r.process.maven.MavenHelper - Error while building complete model. The raw model will be used. Error message: 1 problem was encountered while building the effective model for org.apache.shardingsphere:shardingsphere-distsql:5.1.2-SNAPSHOT
[ERROR] Failed to determine Java version for profile jdk11+ @ org.apache.shardingsphere:shardingsphere:5.1.2-SNAPSHOT, /root/workspace/apache-shardingsphere-master-18231_repo/pom.xml

09:21:35.413 [main] ERROR f.i.s.r.process.maven.MavenHelper - Error while building complete model. The raw model will be used. Error message: 1 problem was encountered while building the effective model for org.apache.shardingsphere:shardingsphere-distsql-statement:5.1.2-SNAPSHOT
[ERROR] Failed to determine Java version for profile jdk11+ @ org.apache.shardingsphere:shardingsphere:5.1.2-SNAPSHOT, /root/workspace/apache-shardingsphere-master-18231_repo/pom.xml

09:21:35.413 [main] ERROR f.i.s.r.p.step.paths.ComputeTestDir - The test directory is not at default location or specified in build section from pom.xml, and no parent can be found.
09:21:35.416 [main] ERROR f.i.s.r.process.maven.MavenHelper - Error while building complete model. The raw model will be used. Error message: 1 problem was encountered while building the effective model for org.apache.shardingsphere:shardingsphere-distsql-parser:5.1.2-SNAPSHOT
[ERROR] Failed to determine Java version for profile jdk11+ @ org.apache.shardingsphere:shardingsphere:5.1.2-SNAPSHOT, /root/workspace/apache-shardingsphere-master-18231_repo/pom.xml

09:21:35.416 [main] ERROR f.i.s.r.p.step.paths.ComputeTestDir - The test directory is not at default location or specified in build section from pom.xml, and no parent can be found.
09:21:35.416 [main] ERROR f.i.s.r.p.step.paths.ComputeTestDir - The test directory is not at default location or specified in build section from pom.xml, and no parent can be found.
09:21:35.422 [main] ERROR f.i.s.r.process.maven.MavenHelper - Error while building complete model. The raw model will be used. Error message: 1 problem was encountered while building the effective model for org.apache.shardingsphere:shardingsphere-db-protocol:5.1.2-SNAPSHOT
[ERROR] Failed to determine Java version for profile jdk11+ @ org.apache.shardingsphere:shardingsphere:5.1.2-SNAPSHOT, /root/workspace/apache-shardingsphere-master-18231_repo/pom.xml

09:21:35.425 [main] ERROR f.i.s.r.process.maven.MavenHelper - Error while building complete model. The raw model will be used. Error message: 1 problem was encountered while building the effective model for org.apache.shardingsphere:shardingsphere-db-protocol-core:5.1.2-SNAPSHOT
[ERROR] Failed to determine Java version for profile jdk11+ @ org.apache.shardingsphere:shardingsphere:5.1.2-SNAPSHOT, /root/workspace/apache-shardingsphere-master-18231_repo/pom.xml

09:21:35.428 [main] ERROR f.i.s.r.process.maven.MavenHelper - Error while building complete model. The raw model will be used. Error message: 1 problem was encountered while building the effective model for org.apache.shardingsphere:shardingsphere-db-protocol-postgresql:5.1.2-SNAPSHOT
[ERROR] Failed to determine Java version for profile jdk11+ @ org.apache.shardingsphere:shardingsphere:5.1.2-SNAPSHOT, /root/workspace/apache-shardingsphere-master-18231_repo/pom.xml

09:21:35.430 [main] ERROR f.i.s.r.process.maven.MavenHelper - Error while building complete model. The raw model will be used. Error message: 1 problem was encountered while building the effective model for org.apache.shardingsphere:shardingsphere-db-protocol-mysql:5.1.2-SNAPSHOT
[ERROR] Failed to determine Java version for profile jdk11+ @ org.apache.shardingsphere:shardingsphere:5.1.2-SNAPSHOT, /root/workspace/apache-shardingsphere-master-18231_repo/pom.xml

09:21:35.433 [main] ERROR f.i.s.r.process.maven.MavenHelper - Error while building complete model. The raw model will be used. Error message: 1 problem was encountered while building the effective model for org.apache.shardingsphere:shardingsphere-db-protocol-opengauss:5.1.2-SNAPSHOT
[ERROR] Failed to determine Java version for profile jdk11+ @ org.apache.shardingsphere:shardingsphere:5.1.2-SNAPSHOT, /root/workspace/apache-shardingsphere-master-18231_repo/pom.xml

09:21:35.435 [main] ERROR f.i.s.r.process.maven.MavenHelper - Error while building complete model. The raw model will be used. Error message: 1 problem was encountered while building the effective model for org.apache.shardingsphere:shardingsphere-infra:5.1.2-SNAPSHOT
[ERROR] Failed to determine Java version for profile jdk11+ @ org.apache.shardingsphere:shardingsphere:5.1.2-SNAPSHOT, /root/workspace/apache-shardingsphere-master-18231_repo/pom.xml

09:21:35.438 [main] ERROR f.i.s.r.process.maven.MavenHelper - Error while building complete model. The raw model will be used. Error message: 1 problem was encountered while building the effective model for org.apache.shardingsphere:shardingsphere-infra-common:5.1.2-SNAPSHOT
[ERROR] Failed to determine Java version for profile jdk11+ @ org.apache.shardingsphere:shardingsphere:5.1.2-SNAPSHOT, /root/workspace/apache-shardingsphere-master-18231_repo/pom.xml

09:21:35.440 [main] ERROR f.i.s.r.process.maven.MavenHelper - Error while building complete model. The raw model will be used. Error message: 1 problem was encountered while building the effective model for org.apache.shardingsphere:shardingsphere-infra-parser:5.1.2-SNAPSHOT
[ERROR] Failed to determine Java version for profile jdk11+ @ org.apache.shardingsphere:shardingsphere:5.1.2-SNAPSHOT, /root/workspace/apache-shardingsphere-master-18231_repo/pom.xml

09:21:35.443 [main] ERROR f.i.s.r.process.maven.MavenHelper - Error while building complete model. The raw model will be used. Error message: 1 problem was encountered while building the effective model for org.apache.shardingsphere:shardingsphere-infra-binder:5.1.2-SNAPSHOT
[ERROR] Failed to determine Java version for profile jdk11+ @ org.apache.shardingsphere:shardingsphere:5.1.2-SNAPSHOT, /root/workspace/apache-shardingsphere-master-18231_repo/pom.xml

09:21:35.445 [main] ERROR f.i.s.r.process.maven.MavenHelper - Error while building complete model. The raw model will be used. Error message: 1 problem was encountered while building the effective model for org.apache.shardingsphere:shardingsphere-infra-route:5.1.2-SNAPSHOT
[ERROR] Failed to determine Java version for profile jdk11+ @ org.apache.shardingsphere:shardingsphere:5.1.2-SNAPSHOT, /root/workspace/apache-shardingsphere-master-18231_repo/pom.xml

09:21:35.448 [main] ERROR f.i.s.r.process.maven.MavenHelper - Error while building complete model. The raw model will be used. Error message: 1 problem was encountered while building the effective model for org.apache.shardingsphere:shardingsphere-infra-rewrite:5.1.2-SNAPSHOT
[ERROR] Failed to determine Java version for profile jdk11+ @ org.apache.shardingsphere:shardingsphere:5.1.2-SNAPSHOT, /root/workspace/apache-shardingsphere-master-18231_repo/pom.xml

09:21:35.450 [main] ERROR f.i.s.r.process.maven.MavenHelper - Error while building complete model. The raw model will be used. Error message: 1 problem was encountered while building the effective model for org.apache.shardingsphere:shardingsphere-infra-executor:5.1.2-SNAPSHOT
[ERROR] Failed to determine Java version for profile jdk11+ @ org.apache.shardingsphere:shardingsphere:5.1.2-SNAPSHOT, /root/workspace/apache-shardingsphere-master-18231_repo/pom.xml

09:21:35.452 [main] ERROR f.i.s.r.process.maven.MavenHelper - Error while building complete model. The raw model will be used. Error message: 1 problem was encountered while building the effective model for org.apache.shardingsphere:shardingsphere-infra-merge:5.1.2-SNAPSHOT
[ERROR] Failed to determine Java version for profile jdk11+ @ org.apache.shardingsphere:shardingsphere:5.1.2-SNAPSHOT, /root/workspace/apache-shardingsphere-master-18231_repo/pom.xml

09:21:35.455 [main] ERROR f.i.s.r.process.maven.MavenHelper - Error while building complete model. The raw model will be used. Error message: 1 problem was encountered while building the effective model for org.apache.shardingsphere:shardingsphere-infra-context:5.1.2-SNAPSHOT
[ERROR] Failed to determine Java version for profile jdk11+ @ org.apache.shardingsphere:shardingsphere:5.1.2-SNAPSHOT, /root/workspace/apache-shardingsphere-master-18231_repo/pom.xml

09:21:35.458 [main] ERROR f.i.s.r.process.maven.MavenHelper - Error while building complete model. The raw model will be used. Error message: 1 problem was encountered while building the effective model for org.apache.shardingsphere:shardingsphere-infra-datetime:5.1.2-SNAPSHOT
[ERROR] Failed to determine Java version for profile jdk11+ @ org.apache.shardingsphere:shardingsphere:5.1.2-SNAPSHOT, /root/workspace/apache-shardingsphere-master-18231_repo/pom.xml

09:21:35.460 [main] ERROR f.i.s.r.process.maven.MavenHelper - Error while building complete model. The raw model will be used. Error message: 1 problem was encountered while building the effective model for org.apache.shardingsphere:shardingsphere-infra-datetime-spi:5.1.2-SNAPSHOT
[ERROR] Failed to determine Java version for profile jdk11+ @ org.apache.shardingsphere:shardingsphere:5.1.2-SNAPSHOT, /root/workspace/apache-shardingsphere-master-18231_repo/pom.xml

09:21:35.464 [main] ERROR f.i.s.r.process.maven.MavenHelper - Error while building complete model. The raw model will be used. Error message: 1 problem was encountered while building the effective model for org.apache.shardingsphere:shardingsphere-infra-datetime-type:5.1.2-SNAPSHOT
[ERROR] Failed to determine Java version for profile jdk11+ @ org.apache.shardingsphere:shardingsphere:5.1.2-SNAPSHOT, /root/workspace/apache-shardingsphere-master-18231_repo/pom.xml

09:21:35.467 [main] ERROR f.i.s.r.process.maven.MavenHelper - Error while building complete model. The raw model will be used. Error message: 1 problem was encountered while building the effective model for org.apache.shardingsphere:shardingsphere-system-datetime:5.1.2-SNAPSHOT
[ERROR] Failed to determine Java version for profile jdk11+ @ org.apache.shardingsphere:shardingsphere:5.1.2-SNAPSHOT, /root/workspace/apache-shardingsphere-master-18231_repo/pom.xml

09:21:35.470 [main] ERROR f.i.s.r.process.maven.MavenHelper - Error while building complete model. The raw model will be used. Error message: 1 problem was encountered while building the effective model for org.apache.shardingsphere:shardingsphere-database-datetime:5.1.2-SNAPSHOT
[ERROR] Failed to determine Java version for profile jdk11+ @ org.apache.shardingsphere:shardingsphere:5.1.2-SNAPSHOT, /root/workspace/apache-shardingsphere-master-18231_repo/pom.xml

09:21:35.473 [main] ERROR f.i.s.r.process.maven.MavenHelper - Error while building complete model. The raw model will be used. Error message: 1 problem was encountered while building the effective model for org.apache.shardingsphere:shardingsphere-infra-federation:5.1.2-SNAPSHOT
[ERROR] Failed to determine Java version for profile jdk11+ @ org.apache.shardingsphere:shardingsphere:5.1.2-SNAPSHOT, /root/workspace/apache-shardingsphere-master-18231_repo/pom.xml

09:21:35.476 [main] ERROR f.i.s.r.process.maven.MavenHelper - Error while building complete model. The raw model will be used. Error message: 1 problem was encountered while building the effective model for org.apache.shardingsphere:shardingsphere-infra-federation-optimizer:5.1.2-SNAPSHOT
[ERROR] Failed to determine Java version for profile jdk11+ @ org.apache.shardingsphere:shardingsphere:5.1.2-SNAPSHOT, /root/workspace/apache-shardingsphere-master-18231_repo/pom.xml

09:21:35.480 [main] ERROR f.i.s.r.process.maven.MavenHelper - Error while building complete model. The raw model will be used. Error message: 1 problem was encountered while building the effective model for org.apache.shardingsphere:shardingsphere-infra-federation-executor:5.1.2-SNAPSHOT
[ERROR] Failed to determine Java version for profile jdk11+ @ org.apache.shardingsphere:shardingsphere:5.1.2-SNAPSHOT, /root/workspace/apache-shardingsphere-master-18231_repo/pom.xml

09:21:35.482 [main] ERROR f.i.s.r.process.maven.MavenHelper - Error while building complete model. The raw model will be used. Error message: 1 problem was encountered while building the effective model for org.apache.shardingsphere:shardingsphere-mode:5.1.2-SNAPSHOT
[ERROR] Failed to determine Java version for profile jdk11+ @ org.apache.shardingsphere:shardingsphere:5.1.2-SNAPSHOT, /root/workspace/apache-shardingsphere-master-18231_repo/pom.xml

09:21:35.485 [main] ERROR f.i.s.r.process.maven.MavenHelper - Error while building complete model. The raw model will be used. Error message: 1 problem was encountered while building the effective model for org.apache.shardingsphere:shardingsphere-mode-core:5.1.2-SNAPSHOT
[ERROR] Failed to determine Java version for profile jdk11+ @ org.apache.shardingsphere:shardingsphere:5.1.2-SNAPSHOT, /root/workspace/apache-shardingsphere-master-18231_repo/pom.xml

09:21:35.487 [main] ERROR f.i.s.r.process.maven.MavenHelper - Error while building complete model. The raw model will be used. Error message: 1 problem was encountered while building the effective model for org.apache.shardingsphere:shardingsphere-mode-type:5.1.2-SNAPSHOT
[ERROR] Failed to determine Java version for profile jdk11+ @ org.apache.shardingsphere:shardingsphere:5.1.2-SNAPSHOT, /root/workspace/apache-shardingsphere-master-18231_repo/pom.xml

09:21:35.490 [main] ERROR f.i.s.r.process.maven.MavenHelper - Error while building complete model. The raw model will be used. Error message: 1 problem was encountered while building the effective model for org.apache.shardingsphere:shardingsphere-memory-mode:5.1.2-SNAPSHOT
[ERROR] Failed to determine Java version for profile jdk11+ @ org.apache.shardingsphere:shardingsphere:5.1.2-SNAPSHOT, /root/workspace/apache-shardingsphere-master-18231_repo/pom.xml

09:21:35.493 [main] ERROR f.i.s.r.process.maven.MavenHelper - Error while building complete model. The raw model will be used. Error message: 1 problem was encountered while building the effective model for org.apache.shardingsphere:shardingsphere-memory-mode-core:5.1.2-SNAPSHOT
[ERROR] Failed to determine Java version for profile jdk11+ @ org.apache.shardingsphere:shardingsphere:5.1.2-SNAPSHOT, /root/workspace/apache-shardingsphere-master-18231_repo/pom.xml

09:21:35.493 [main] ERROR f.i.s.r.p.step.paths.ComputeTestDir - The test directory is not at default location or specified in build section from pom.xml, and no parent can be found.
09:21:35.493 [main] ERROR f.i.s.r.p.step.paths.ComputeTestDir - The test directory is not at default location or specified in build section from pom.xml, and no parent can be found.
09:21:35.496 [main] ERROR f.i.s.r.process.maven.MavenHelper - Error while building complete model. The raw model will be used. Error message: 1 problem was encountered while building the effective model for org.apache.shardingsphere:shardingsphere-standalone-mode:5.1.2-SNAPSHOT
[ERROR] Failed to determine Java version for profile jdk11+ @ org.apache.shardingsphere:shardingsphere:5.1.2-SNAPSHOT, /root/workspace/apache-shardingsphere-master-18231_repo/pom.xml

09:21:35.499 [main] ERROR f.i.s.r.process.maven.MavenHelper - Error while building complete model. The raw model will be used. Error message: 1 problem was encountered while building the effective model for org.apache.shardingsphere:shardingsphere-standalone-mode-core:5.1.2-SNAPSHOT
[ERROR] Failed to determine Java version for profile jdk11+ @ org.apache.shardingsphere:shardingsphere:5.1.2-SNAPSHOT, /root/workspace/apache-shardingsphere-master-18231_repo/pom.xml

09:21:35.502 [main] ERROR f.i.s.r.process.maven.MavenHelper - Error while building complete model. The raw model will be used. Error message: 1 problem was encountered while building the effective model for org.apache.shardingsphere:shardingsphere-standalone-mode-repository:5.1.2-SNAPSHOT
[ERROR] Failed to determine Java version for profile jdk11+ @ org.apache.shardingsphere:shardingsphere:5.1.2-SNAPSHOT, /root/workspace/apache-shardingsphere-master-18231_repo/pom.xml

09:21:35.506 [main] ERROR f.i.s.r.process.maven.MavenHelper - Error while building complete model. The raw model will be used. Error message: 1 problem was encountered while building the effective model for org.apache.shardingsphere:shardingsphere-standalone-mode-repository-api:5.1.2-SNAPSHOT
[ERROR] Failed to determine Java version for profile jdk11+ @ org.apache.shardingsphere:shardingsphere:5.1.2-SNAPSHOT, /root/workspace/apache-shardingsphere-master-18231_repo/pom.xml

09:21:35.506 [main] ERROR f.i.s.r.p.step.paths.ComputeTestDir - The test directory is not at default location or specified in build section from pom.xml, and no parent can be found.
09:21:35.508 [main] ERROR f.i.s.r.process.maven.MavenHelper - Error while building complete model. The raw model will be used. Error message: 1 problem was encountered while building the effective model for org.apache.shardingsphere:shardingsphere-standalone-mode-repository-provider:5.1.2-SNAPSHOT
[ERROR] Failed to determine Java version for profile jdk11+ @ org.apache.shardingsphere:shardingsphere:5.1.2-SNAPSHOT, /root/workspace/apache-shardingsphere-master-18231_repo/pom.xml

09:21:35.511 [main] ERROR f.i.s.r.process.maven.MavenHelper - Error while building complete model. The raw model will be used. Error message: 1 problem was encountered while building the effective model for org.apache.shardingsphere:shardingsphere-standalone-mode-repository-file:5.1.2-SNAPSHOT
[ERROR] Failed to determine Java version for profile jdk11+ @ org.apache.shardingsphere:shardingsphere:5.1.2-SNAPSHOT, /root/workspace/apache-shardingsphere-master-18231_repo/pom.xml

09:21:35.514 [main] ERROR f.i.s.r.process.maven.MavenHelper - Error while building complete model. The raw model will be used. Error message: 1 problem was encountered while building the effective model for org.apache.shardingsphere:shardingsphere-standalone-mode-repository-h2:5.1.2-SNAPSHOT
[ERROR] Failed to determine Java version for profile jdk11+ @ org.apache.shardingsphere:shardingsphere:5.1.2-SNAPSHOT, /root/workspace/apache-shardingsphere-master-18231_repo/pom.xml

09:21:35.517 [main] ERROR f.i.s.r.process.maven.MavenHelper - Error while building complete model. The raw model will be used. Error message: 1 problem was encountered while building the effective model for org.apache.shardingsphere:shardingsphere-cluster-mode:5.1.2-SNAPSHOT
[ERROR] Failed to determine Java version for profile jdk11+ @ org.apache.shardingsphere:shardingsphere:5.1.2-SNAPSHOT, /root/workspace/apache-shardingsphere-master-18231_repo/pom.xml

09:21:35.520 [main] ERROR f.i.s.r.process.maven.MavenHelper - Error while building complete model. The raw model will be used. Error message: 1 problem was encountered while building the effective model for org.apache.shardingsphere:shardingsphere-cluster-mode-core:5.1.2-SNAPSHOT
[ERROR] Failed to determine Java version for profile jdk11+ @ org.apache.shardingsphere:shardingsphere:5.1.2-SNAPSHOT, /root/workspace/apache-shardingsphere-master-18231_repo/pom.xml

09:21:35.523 [main] ERROR f.i.s.r.process.maven.MavenHelper - Error while building complete model. The raw model will be used. Error message: 1 problem was encountered while building the effective model for org.apache.shardingsphere:shardingsphere-cluster-mode-repository:5.1.2-SNAPSHOT
[ERROR] Failed to determine Java version for profile jdk11+ @ org.apache.shardingsphere:shardingsphere:5.1.2-SNAPSHOT, /root/workspace/apache-shardingsphere-master-18231_repo/pom.xml

09:21:35.526 [main] ERROR f.i.s.r.process.maven.MavenHelper - Error while building complete model. The raw model will be used. Error message: 1 problem was encountered while building the effective model for org.apache.shardingsphere:shardingsphere-cluster-mode-repository-api:5.1.2-SNAPSHOT
[ERROR] Failed to determine Java version for profile jdk11+ @ org.apache.shardingsphere:shardingsphere:5.1.2-SNAPSHOT, /root/workspace/apache-shardingsphere-master-18231_repo/pom.xml

09:21:35.526 [main] ERROR f.i.s.r.p.step.paths.ComputeTestDir - The test directory is not at default location or specified in build section from pom.xml, and no parent can be found.
09:21:35.528 [main] ERROR f.i.s.r.process.maven.MavenHelper - Error while building complete model. The raw model will be used. Error message: 1 problem was encountered while building the effective model for org.apache.shardingsphere:shardingsphere-cluster-mode-repository-provider:5.1.2-SNAPSHOT
[ERROR] Failed to determine Java version for profile jdk11+ @ org.apache.shardingsphere:shardingsphere:5.1.2-SNAPSHOT, /root/workspace/apache-shardingsphere-master-18231_repo/pom.xml

09:21:35.531 [main] ERROR f.i.s.r.process.maven.MavenHelper - Error while building complete model. The raw model will be used. Error message: 1 problem was encountered while building the effective model for org.apache.shardingsphere:shardingsphere-cluster-mode-repository-zookeeper-curator:5.1.2-SNAPSHOT
[ERROR] Failed to determine Java version for profile jdk11+ @ org.apache.shardingsphere:shardingsphere:5.1.2-SNAPSHOT, /root/workspace/apache-shardingsphere-master-18231_repo/pom.xml

09:21:35.534 [main] ERROR f.i.s.r.process.maven.MavenHelper - Error while building complete model. The raw model will be used. Error message: 1 problem was encountered while building the effective model for org.apache.shardingsphere:shardingsphere-cluster-mode-repository-etcd:5.1.2-SNAPSHOT
[ERROR] Failed to determine Java version for profile jdk11+ @ org.apache.shardingsphere:shardingsphere:5.1.2-SNAPSHOT, /root/workspace/apache-shardingsphere-master-18231_repo/pom.xml

09:21:35.537 [main] ERROR f.i.s.r.process.maven.MavenHelper - Error while building complete model. The raw model will be used. Error message: 1 problem was encountered while building the effective model for org.apache.shardingsphere:shardingsphere-kernel:5.1.2-SNAPSHOT
[ERROR] Failed to determine Java version for profile jdk11+ @ org.apache.shardingsphere:shardingsphere:5.1.2-SNAPSHOT, /root/workspace/apache-shardingsphere-master-18231_repo/pom.xml

09:21:35.539 [main] ERROR f.i.s.r.process.maven.MavenHelper - Error while building complete model. The raw model will be used. Error message: 1 problem was encountered while building the effective model for org.apache.shardingsphere:shardingsphere-parser:5.1.2-SNAPSHOT
[ERROR] Failed to determine Java version for profile jdk11+ @ org.apache.shardingsphere:shardingsphere:5.1.2-SNAPSHOT, /root/workspace/apache-shardingsphere-master-18231_repo/pom.xml

09:21:35.542 [main] ERROR f.i.s.r.process.maven.MavenHelper - Error while building complete model. The raw model will be used. Error message: 1 problem was encountered while building the effective model for org.apache.shardingsphere:shardingsphere-parser-api:5.1.2-SNAPSHOT
[ERROR] Failed to determine Java version for profile jdk11+ @ org.apache.shardingsphere:shardingsphere:5.1.2-SNAPSHOT, /root/workspace/apache-shardingsphere-master-18231_repo/pom.xml

09:21:35.542 [main] ERROR f.i.s.r.p.step.paths.ComputeTestDir - The test directory is not at default location or specified in build section from pom.xml, and no parent can be found.
09:21:35.544 [main] ERROR f.i.s.r.process.maven.MavenHelper - Error while building complete model. The raw model will be used. Error message: 1 problem was encountered while building the effective model for org.apache.shardingsphere:shardingsphere-parser-core:5.1.2-SNAPSHOT
[ERROR] Failed to determine Java version for profile jdk11+ @ org.apache.shardingsphere:shardingsphere:5.1.2-SNAPSHOT, /root/workspace/apache-shardingsphere-master-18231_repo/pom.xml

09:21:35.544 [main] ERROR f.i.s.r.p.step.paths.ComputeTestDir - The test directory is not at default location or specified in build section from pom.xml, and no parent can be found.
09:21:35.547 [main] ERROR f.i.s.r.process.maven.MavenHelper - Error while building complete model. The raw model will be used. Error message: 1 problem was encountered while building the effective model for org.apache.shardingsphere:shardingsphere-parser-spring:5.1.2-SNAPSHOT
[ERROR] Failed to determine Java version for profile jdk11+ @ org.apache.shardingsphere:shardingsphere:5.1.2-SNAPSHOT, /root/workspace/apache-shardingsphere-master-18231_repo/pom.xml

09:21:35.549 [main] ERROR f.i.s.r.process.maven.MavenHelper - Error while building complete model. The raw model will be used. Error message: 1 problem was encountered while building the effective model for org.apache.shardingsphere:shardingsphere-parser-spring-boot-starter:5.1.2-SNAPSHOT
[ERROR] Failed to determine Java version for profile jdk11+ @ org.apache.shardingsphere:shardingsphere:5.1.2-SNAPSHOT, /root/workspace/apache-shardingsphere-master-18231_repo/pom.xml

09:21:35.553 [main] ERROR f.i.s.r.process.maven.MavenHelper - Error while building complete model. The raw model will be used. Error message: 1 problem was encountered while building the effective model for org.apache.shardingsphere:shardingsphere-parser-spring-namespace:5.1.2-SNAPSHOT
[ERROR] Failed to determine Java version for profile jdk11+ @ org.apache.shardingsphere:shardingsphere:5.1.2-SNAPSHOT, /root/workspace/apache-shardingsphere-master-18231_repo/pom.xml

09:21:35.556 [main] ERROR f.i.s.r.process.maven.MavenHelper - Error while building complete model. The raw model will be used. Error message: 1 problem was encountered while building the effective model for org.apache.shardingsphere:shardingsphere-single-table:5.1.2-SNAPSHOT
[ERROR] Failed to determine Java version for profile jdk11+ @ org.apache.shardingsphere:shardingsphere:5.1.2-SNAPSHOT, /root/workspace/apache-shardingsphere-master-18231_repo/pom.xml

09:21:35.560 [main] ERROR f.i.s.r.process.maven.MavenHelper - Error while building complete model. The raw model will be used. Error message: 1 problem was encountered while building the effective model for org.apache.shardingsphere:shardingsphere-single-table-api:5.1.2-SNAPSHOT
[ERROR] Failed to determine Java version for profile jdk11+ @ org.apache.shardingsphere:shardingsphere:5.1.2-SNAPSHOT, /root/workspace/apache-shardingsphere-master-18231_repo/pom.xml

09:21:35.560 [main] ERROR f.i.s.r.p.step.paths.ComputeTestDir - The test directory is not at default location or specified in build section from pom.xml, and no parent can be found.
09:21:35.563 [main] ERROR f.i.s.r.process.maven.MavenHelper - Error while building complete model. The raw model will be used. Error message: 1 problem was encountered while building the effective model for org.apache.shardingsphere:shardingsphere-single-table-core:5.1.2-SNAPSHOT
[ERROR] Failed to determine Java version for profile jdk11+ @ org.apache.shardingsphere:shardingsphere:5.1.2-SNAPSHOT, /root/workspace/apache-shardingsphere-master-18231_repo/pom.xml

09:21:35.566 [main] ERROR f.i.s.r.process.maven.MavenHelper - Error while building complete model. The raw model will be used. Error message: 1 problem was encountered while building the effective model for org.apache.shardingsphere:shardingsphere-authority:5.1.2-SNAPSHOT
[ERROR] Failed to determine Java version for profile jdk11+ @ org.apache.shardingsphere:shardingsphere:5.1.2-SNAPSHOT, /root/workspace/apache-shardingsphere-master-18231_repo/pom.xml

09:21:35.569 [main] ERROR f.i.s.r.process.maven.MavenHelper - Error while building complete model. The raw model will be used. Error message: 1 problem was encountered while building the effective model for org.apache.shardingsphere:shardingsphere-authority-api:5.1.2-SNAPSHOT
[ERROR] Failed to determine Java version for profile jdk11+ @ org.apache.shardingsphere:shardingsphere:5.1.2-SNAPSHOT, /root/workspace/apache-shardingsphere-master-18231_repo/pom.xml

09:21:35.569 [main] ERROR f.i.s.r.p.step.paths.ComputeTestDir - The test directory is not at default location or specified in build section from pom.xml, and no parent can be found.
09:21:35.572 [main] ERROR f.i.s.r.process.maven.MavenHelper - Error while building complete model. The raw model will be used. Error message: 1 problem was encountered while building the effective model for org.apache.shardingsphere:shardingsphere-authority-core:5.1.2-SNAPSHOT
[ERROR] Failed to determine Java version for profile jdk11+ @ org.apache.shardingsphere:shardingsphere:5.1.2-SNAPSHOT, /root/workspace/apache-shardingsphere-master-18231_repo/pom.xml

09:21:35.574 [main] ERROR f.i.s.r.process.maven.MavenHelper - Error while building complete model. The raw model will be used. Error message: 1 problem was encountered while building the effective model for org.apache.shardingsphere:shardingsphere-transaction:5.1.2-SNAPSHOT
[ERROR] Failed to determine Java version for profile jdk11+ @ org.apache.shardingsphere:shardingsphere:5.1.2-SNAPSHOT, /root/workspace/apache-shardingsphere-master-18231_repo/pom.xml

09:21:35.577 [main] ERROR f.i.s.r.process.maven.MavenHelper - Error while building complete model. The raw model will be used. Error message: 1 problem was encountered while building the effective model for org.apache.shardingsphere:shardingsphere-transaction-api:5.1.2-SNAPSHOT
[ERROR] Failed to determine Java version for profile jdk11+ @ org.apache.shardingsphere:shardingsphere:5.1.2-SNAPSHOT, /root/workspace/apache-shardingsphere-master-18231_repo/pom.xml

09:21:35.577 [main] ERROR f.i.s.r.p.step.paths.ComputeTestDir - The test directory is not at default location or specified in build section from pom.xml, and no parent can be found.
09:21:35.580 [main] ERROR f.i.s.r.process.maven.MavenHelper - Error while building complete model. The raw model will be used. Error message: 1 problem was encountered while building the effective model for org.apache.shardingsphere:shardingsphere-transaction-core:5.1.2-SNAPSHOT
[ERROR] Failed to determine Java version for profile jdk11+ @ org.apache.shardingsphere:shardingsphere:5.1.2-SNAPSHOT, /root/workspace/apache-shardingsphere-master-18231_repo/pom.xml

09:21:35.582 [main] ERROR f.i.s.r.process.maven.MavenHelper - Error while building complete model. The raw model will be used. Error message: 1 problem was encountered while building the effective model for org.apache.shardingsphere:shardingsphere-transaction-type:5.1.2-SNAPSHOT
[ERROR] Failed to determine Java version for profile jdk11+ @ org.apache.shardingsphere:shardingsphere:5.1.2-SNAPSHOT, /root/workspace/apache-shardingsphere-master-18231_repo/pom.xml

09:21:35.585 [main] ERROR f.i.s.r.process.maven.MavenHelper - Error while building complete model. The raw model will be used. Error message: 1 problem was encountered while building the effective model for org.apache.shardingsphere:shardingsphere-transaction-xa:5.1.2-SNAPSHOT
[ERROR] Failed to determine Java version for profile jdk11+ @ org.apache.shardingsphere:shardingsphere:5.1.2-SNAPSHOT, /root/workspace/apache-shardingsphere-master-18231_repo/pom.xml

09:21:35.587 [main] ERROR f.i.s.r.process.maven.MavenHelper - Error while building complete model. The raw model will be used. Error message: 1 problem was encountered while building the effective model for org.apache.shardingsphere:shardingsphere-transaction-xa-spi:5.1.2-SNAPSHOT
[ERROR] Failed to determine Java version for profile jdk11+ @ org.apache.shardingsphere:shardingsphere:5.1.2-SNAPSHOT, /root/workspace/apache-shardingsphere-master-18231_repo/pom.xml

09:21:35.590 [main] ERROR f.i.s.r.process.maven.MavenHelper - Error while building complete model. The raw model will be used. Error message: 1 problem was encountered while building the effective model for org.apache.shardingsphere:shardingsphere-transaction-xa-core:5.1.2-SNAPSHOT
[ERROR] Failed to determine Java version for profile jdk11+ @ org.apache.shardingsphere:shardingsphere:5.1.2-SNAPSHOT, /root/workspace/apache-shardingsphere-master-18231_repo/pom.xml

09:21:35.593 [main] ERROR f.i.s.r.process.maven.MavenHelper - Error while building complete model. The raw model will be used. Error message: 1 problem was encountered while building the effective model for org.apache.shardingsphere:shardingsphere-transaction-xa-provider:5.1.2-SNAPSHOT
[ERROR] Failed to determine Java version for profile jdk11+ @ org.apache.shardingsphere:shardingsphere:5.1.2-SNAPSHOT, /root/workspace/apache-shardingsphere-master-18231_repo/pom.xml

09:21:35.596 [main] ERROR f.i.s.r.process.maven.MavenHelper - Error while building complete model. The raw model will be used. Error message: 1 problem was encountered while building the effective model for org.apache.shardingsphere:shardingsphere-transaction-xa-atomikos:5.1.2-SNAPSHOT
[ERROR] Failed to determine Java version for profile jdk11+ @ org.apache.shardingsphere:shardingsphere:5.1.2-SNAPSHOT, /root/workspace/apache-shardingsphere-master-18231_repo/pom.xml

09:21:35.599 [main] ERROR f.i.s.r.process.maven.MavenHelper - Error while building complete model. The raw model will be used. Error message: 1 problem was encountered while building the effective model for org.apache.shardingsphere:shardingsphere-transaction-xa-narayana:5.1.2-SNAPSHOT
[ERROR] Failed to determine Java version for profile jdk11+ @ org.apache.shardingsphere:shardingsphere:5.1.2-SNAPSHOT, /root/workspace/apache-shardingsphere-master-18231_repo/pom.xml

09:21:35.602 [main] ERROR f.i.s.r.process.maven.MavenHelper - Error while building complete model. The raw model will be used. Error message: 1 problem was encountered while building the effective model for org.apache.shardingsphere:shardingsphere-transaction-xa-bitronix:5.1.2-SNAPSHOT
[ERROR] Failed to determine Java version for profile jdk11+ @ org.apache.shardingsphere:shardingsphere:5.1.2-SNAPSHOT, /root/workspace/apache-shardingsphere-master-18231_repo/pom.xml

09:21:35.605 [main] ERROR f.i.s.r.process.maven.MavenHelper - Error while building complete model. The raw model will be used. Error message: 1 problem was encountered while building the effective model for org.apache.shardingsphere:shardingsphere-transaction-base:5.1.2-SNAPSHOT
[ERROR] Failed to determine Java version for profile jdk11+ @ org.apache.shardingsphere:shardingsphere:5.1.2-SNAPSHOT, /root/workspace/apache-shardingsphere-master-18231_repo/pom.xml

09:21:35.607 [main] ERROR f.i.s.r.process.maven.MavenHelper - Error while building complete model. The raw model will be used. Error message: 1 problem was encountered while building the effective model for org.apache.shardingsphere:shardingsphere-transaction-base-seata-at:5.1.2-SNAPSHOT
[ERROR] Failed to determine Java version for profile jdk11+ @ org.apache.shardingsphere:shardingsphere:5.1.2-SNAPSHOT, /root/workspace/apache-shardingsphere-master-18231_repo/pom.xml

09:21:35.610 [main] ERROR f.i.s.r.process.maven.MavenHelper - Error while building complete model. The raw model will be used. Error message: 1 problem was encountered while building the effective model for org.apache.shardingsphere:shardingsphere-schedule:5.1.2-SNAPSHOT
[ERROR] Failed to determine Java version for profile jdk11+ @ org.apache.shardingsphere:shardingsphere:5.1.2-SNAPSHOT, /root/workspace/apache-shardingsphere-master-18231_repo/pom.xml

09:21:35.614 [main] ERROR f.i.s.r.process.maven.MavenHelper - Error while building complete model. The raw model will be used. Error message: 1 problem was encountered while building the effective model for org.apache.shardingsphere:shardingsphere-schedule-core:5.1.2-SNAPSHOT
[ERROR] Failed to determine Java version for profile jdk11+ @ org.apache.shardingsphere:shardingsphere:5.1.2-SNAPSHOT, /root/workspace/apache-shardingsphere-master-18231_repo/pom.xml

09:21:35.614 [main] ERROR f.i.s.r.p.step.paths.ComputeTestDir - The test directory is not at default location or specified in build section from pom.xml, and no parent can be found.
09:21:35.614 [main] ERROR f.i.s.r.p.step.paths.ComputeTestDir - The test directory is not at default location or specified in build section from pom.xml, and no parent can be found.
09:21:35.647 [main] ERROR f.i.s.r.process.maven.MavenHelper - Error while building complete model. The raw model will be used. Error message: 1 problem was encountered while building the effective model for org.apache.shardingsphere:shardingsphere-data-pipeline:5.1.2-SNAPSHOT
[ERROR] Failed to determine Java version for profile jdk11+ @ org.apache.shardingsphere:shardingsphere:5.1.2-SNAPSHOT, /root/workspace/apache-shardingsphere-master-18231_repo/pom.xml

09:21:35.650 [main] ERROR f.i.s.r.process.maven.MavenHelper - Error while building complete model. The raw model will be used. Error message: 1 problem was encountered while building the effective model for org.apache.shardingsphere:shardingsphere-data-pipeline-api:5.1.2-SNAPSHOT
[ERROR] Failed to determine Java version for profile jdk11+ @ org.apache.shardingsphere:shardingsphere:5.1.2-SNAPSHOT, /root/workspace/apache-shardingsphere-master-18231_repo/pom.xml

09:21:35.653 [main] ERROR f.i.s.r.process.maven.MavenHelper - Error while building complete model. The raw model will be used. Error message: 1 problem was encountered while building the effective model for org.apache.shardingsphere:shardingsphere-data-pipeline-core:5.1.2-SNAPSHOT
[ERROR] Failed to determine Java version for profile jdk11+ @ org.apache.shardingsphere:shardingsphere:5.1.2-SNAPSHOT, /root/workspace/apache-shardingsphere-master-18231_repo/pom.xml

09:21:35.656 [main] ERROR f.i.s.r.process.maven.MavenHelper - Error while building complete model. The raw model will be used. Error message: 1 problem was encountered while building the effective model for org.apache.shardingsphere:shardingsphere-data-pipeline-dialect:5.1.2-SNAPSHOT
[ERROR] Failed to determine Java version for profile jdk11+ @ org.apache.shardingsphere:shardingsphere:5.1.2-SNAPSHOT, /root/workspace/apache-shardingsphere-master-18231_repo/pom.xml

09:21:35.659 [main] ERROR f.i.s.r.process.maven.MavenHelper - Error while building complete model. The raw model will be used. Error message: 1 problem was encountered while building the effective model for org.apache.shardingsphere:shardingsphere-data-pipeline-mysql:5.1.2-SNAPSHOT
[ERROR] Failed to determine Java version for profile jdk11+ @ org.apache.shardingsphere:shardingsphere:5.1.2-SNAPSHOT, /root/workspace/apache-shardingsphere-master-18231_repo/pom.xml

09:21:35.662 [main] ERROR f.i.s.r.process.maven.MavenHelper - Error while building complete model. The raw model will be used. Error message: 1 problem was encountered while building the effective model for org.apache.shardingsphere:shardingsphere-data-pipeline-postgresql:5.1.2-SNAPSHOT
[ERROR] Failed to determine Java version for profile jdk11+ @ org.apache.shardingsphere:shardingsphere:5.1.2-SNAPSHOT, /root/workspace/apache-shardingsphere-master-18231_repo/pom.xml

09:21:35.665 [main] ERROR f.i.s.r.process.maven.MavenHelper - Error while building complete model. The raw model will be used. Error message: 1 problem was encountered while building the effective model for org.apache.shardingsphere:shardingsphere-data-pipeline-opengauss:5.1.2-SNAPSHOT
[ERROR] Failed to determine Java version for profile jdk11+ @ org.apache.shardingsphere:shardingsphere:5.1.2-SNAPSHOT, /root/workspace/apache-shardingsphere-master-18231_repo/pom.xml

09:21:35.668 [main] ERROR f.i.s.r.process.maven.MavenHelper - Error while building complete model. The raw model will be used. Error message: 1 problem was encountered while building the effective model for org.apache.shardingsphere:shardingsphere-sql-translator:5.1.2-SNAPSHOT
[ERROR] Failed to determine Java version for profile jdk11+ @ org.apache.shardingsphere:shardingsphere:5.1.2-SNAPSHOT, /root/workspace/apache-shardingsphere-master-18231_repo/pom.xml

09:21:35.671 [main] ERROR f.i.s.r.process.maven.MavenHelper - Error while building complete model. The raw model will be used. Error message: 1 problem was encountered while building the effective model for org.apache.shardingsphere:shardingsphere-sql-translator-api:5.1.2-SNAPSHOT
[ERROR] Failed to determine Java version for profile jdk11+ @ org.apache.shardingsphere:shardingsphere:5.1.2-SNAPSHOT, /root/workspace/apache-shardingsphere-master-18231_repo/pom.xml

09:21:35.671 [main] ERROR f.i.s.r.p.step.paths.ComputeTestDir - The test directory is not at default location or specified in build section from pom.xml, and no parent can be found.
09:21:35.674 [main] ERROR f.i.s.r.process.maven.MavenHelper - Error while building complete model. The raw model will be used. Error message: 1 problem was encountered while building the effective model for org.apache.shardingsphere:shardingsphere-sql-translator-core:5.1.2-SNAPSHOT
[ERROR] Failed to determine Java version for profile jdk11+ @ org.apache.shardingsphere:shardingsphere:5.1.2-SNAPSHOT, /root/workspace/apache-shardingsphere-master-18231_repo/pom.xml

09:21:35.674 [main] ERROR f.i.s.r.p.step.paths.ComputeTestDir - The test directory is not at default location or specified in build section from pom.xml, and no parent can be found.
09:21:35.677 [main] ERROR f.i.s.r.process.maven.MavenHelper - Error while building complete model. The raw model will be used. Error message: 1 problem was encountered while building the effective model for org.apache.shardingsphere:shardingsphere-sql-translator-provider:5.1.2-SNAPSHOT
[ERROR] Failed to determine Java version for profile jdk11+ @ org.apache.shardingsphere:shardingsphere:5.1.2-SNAPSHOT, /root/workspace/apache-shardingsphere-master-18231_repo/pom.xml

09:21:35.682 [main] ERROR f.i.s.r.process.maven.MavenHelper - Error while building complete model. The raw model will be used. Error message: 1 problem was encountered while building the effective model for org.apache.shardingsphere:shardingsphere-sql-translator-native-provider:5.1.2-SNAPSHOT
[ERROR] Failed to determine Java version for profile jdk11+ @ org.apache.shardingsphere:shardingsphere:5.1.2-SNAPSHOT, /root/workspace/apache-shardingsphere-master-18231_repo/pom.xml

09:21:35.682 [main] ERROR f.i.s.r.p.step.paths.ComputeTestDir - The test directory is not at default location or specified in build section from pom.xml, and no parent can be found.
09:21:35.685 [main] ERROR f.i.s.r.process.maven.MavenHelper - Error while building complete model. The raw model will be used. Error message: 1 problem was encountered while building the effective model for org.apache.shardingsphere:shardingsphere-sql-translator-jooq-provider:5.1.2-SNAPSHOT
[ERROR] Failed to determine Java version for profile jdk11+ @ org.apache.shardingsphere:shardingsphere:5.1.2-SNAPSHOT, /root/workspace/apache-shardingsphere-master-18231_repo/pom.xml

09:21:35.685 [main] ERROR f.i.s.r.p.step.paths.ComputeTestDir - The test directory is not at default location or specified in build section from pom.xml, and no parent can be found.
09:21:35.685 [main] ERROR f.i.s.r.p.step.paths.ComputeTestDir - The test directory is not at default location or specified in build section from pom.xml, and no parent can be found.
09:21:35.685 [main] ERROR f.i.s.r.p.step.paths.ComputeTestDir - The test directory is not at default location or specified in build section from pom.xml, and no parent can be found.
09:21:35.687 [main] ERROR f.i.s.r.process.maven.MavenHelper - Error while building complete model. The raw model will be used. Error message: 1 problem was encountered while building the effective model for org.apache.shardingsphere:shardingsphere-traffic:5.1.2-SNAPSHOT
[ERROR] Failed to determine Java version for profile jdk11+ @ org.apache.shardingsphere:shardingsphere:5.1.2-SNAPSHOT, /root/workspace/apache-shardingsphere-master-18231_repo/pom.xml

09:21:35.689 [main] ERROR f.i.s.r.process.maven.MavenHelper - Error while building complete model. The raw model will be used. Error message: 1 problem was encountered while building the effective model for org.apache.shardingsphere:shardingsphere-traffic-api:5.1.2-SNAPSHOT
[ERROR] Failed to determine Java version for profile jdk11+ @ org.apache.shardingsphere:shardingsphere:5.1.2-SNAPSHOT, /root/workspace/apache-shardingsphere-master-18231_repo/pom.xml

09:21:35.691 [main] ERROR f.i.s.r.process.maven.MavenHelper - Error while building complete model. The raw model will be used. Error message: 1 problem was encountered while building the effective model for org.apache.shardingsphere:shardingsphere-traffic-core:5.1.2-SNAPSHOT
[ERROR] Failed to determine Java version for profile jdk11+ @ org.apache.shardingsphere:shardingsphere:5.1.2-SNAPSHOT, /root/workspace/apache-shardingsphere-master-18231_repo/pom.xml

09:21:35.693 [main] ERROR f.i.s.r.process.maven.MavenHelper - Error while building complete model. The raw model will be used. Error message: 1 problem was encountered while building the effective model for org.apache.shardingsphere:shardingsphere-jdbc:5.1.2-SNAPSHOT
[ERROR] Failed to determine Java version for profile jdk11+ @ org.apache.shardingsphere:shardingsphere:5.1.2-SNAPSHOT, /root/workspace/apache-shardingsphere-master-18231_repo/pom.xml

09:21:35.695 [main] ERROR f.i.s.r.process.maven.MavenHelper - Error while building complete model. The raw model will be used. Error message: 1 problem was encountered while building the effective model for org.apache.shardingsphere:shardingsphere-jdbc-core:5.1.2-SNAPSHOT
[ERROR] Failed to determine Java version for profile jdk11+ @ org.apache.shardingsphere:shardingsphere:5.1.2-SNAPSHOT, /root/workspace/apache-shardingsphere-master-18231_repo/pom.xml

09:21:35.697 [main] ERROR f.i.s.r.process.maven.MavenHelper - Error while building complete model. The raw model will be used. Error message: 1 problem was encountered while building the effective model for org.apache.shardingsphere:shardingsphere-jdbc-spring:5.1.2-SNAPSHOT
[ERROR] Failed to determine Java version for profile jdk11+ @ org.apache.shardingsphere:shardingsphere:5.1.2-SNAPSHOT, /root/workspace/apache-shardingsphere-master-18231_repo/pom.xml

09:21:35.699 [main] ERROR f.i.s.r.process.maven.MavenHelper - Error while building complete model. The raw model will be used. Error message: 1 problem was encountered while building the effective model for org.apache.shardingsphere:shardingsphere-jdbc-spring-infra:5.1.2-SNAPSHOT
[ERROR] Failed to determine Java version for profile jdk11+ @ org.apache.shardingsphere:shardingsphere:5.1.2-SNAPSHOT, /root/workspace/apache-shardingsphere-master-18231_repo/pom.xml

09:21:35.702 [main] ERROR f.i.s.r.process.maven.MavenHelper - Error while building complete model. The raw model will be used. Error message: 1 problem was encountered while building the effective model for org.apache.shardingsphere:shardingsphere-jdbc-spring-boot-starter-infra:5.1.2-SNAPSHOT
[ERROR] Failed to determine Java version for profile jdk11+ @ org.apache.shardingsphere:shardingsphere:5.1.2-SNAPSHOT, /root/workspace/apache-shardingsphere-master-18231_repo/pom.xml

09:21:35.704 [main] ERROR f.i.s.r.process.maven.MavenHelper - Error while building complete model. The raw model will be used. Error message: 1 problem was encountered while building the effective model for org.apache.shardingsphere:shardingsphere-jdbc-spring-namespace-infra:5.1.2-SNAPSHOT
[ERROR] Failed to determine Java version for profile jdk11+ @ org.apache.shardingsphere:shardingsphere:5.1.2-SNAPSHOT, /root/workspace/apache-shardingsphere-master-18231_repo/pom.xml

09:21:35.706 [main] ERROR f.i.s.r.process.maven.MavenHelper - Error while building complete model. The raw model will be used. Error message: 1 problem was encountered while building the effective model for org.apache.shardingsphere:shardingsphere-jdbc-core-spring:5.1.2-SNAPSHOT
[ERROR] Failed to determine Java version for profile jdk11+ @ org.apache.shardingsphere:shardingsphere:5.1.2-SNAPSHOT, /root/workspace/apache-shardingsphere-master-18231_repo/pom.xml

09:21:35.709 [main] ERROR f.i.s.r.process.maven.MavenHelper - Error while building complete model. The raw model will be used. Error message: 1 problem was encountered while building the effective model for org.apache.shardingsphere:shardingsphere-jdbc-core-spring-boot-starter:5.1.2-SNAPSHOT
[ERROR] Failed to determine Java version for profile jdk11+ @ org.apache.shardingsphere:shardingsphere:5.1.2-SNAPSHOT, /root/workspace/apache-shardingsphere-master-18231_repo/pom.xml

09:21:35.712 [main] ERROR f.i.s.r.process.maven.MavenHelper - Error while building complete model. The raw model will be used. Error message: 1 problem was encountered while building the effective model for org.apache.shardingsphere:shardingsphere-jdbc-core-spring-namespace:5.1.2-SNAPSHOT
[ERROR] Failed to determine Java version for profile jdk11+ @ org.apache.shardingsphere:shardingsphere:5.1.2-SNAPSHOT, /root/workspace/apache-shardingsphere-master-18231_repo/pom.xml

09:21:35.714 [main] ERROR f.i.s.r.process.maven.MavenHelper - Error while building complete model. The raw model will be used. Error message: 1 problem was encountered while building the effective model for org.apache.shardingsphere:shardingsphere-jdbc-transaction-spring:5.1.2-SNAPSHOT
[ERROR] Failed to determine Java version for profile jdk11+ @ org.apache.shardingsphere:shardingsphere:5.1.2-SNAPSHOT, /root/workspace/apache-shardingsphere-master-18231_repo/pom.xml

09:21:35.716 [main] ERROR f.i.s.r.process.maven.MavenHelper - Error while building complete model. The raw model will be used. Error message: 1 problem was encountered while building the effective model for org.apache.shardingsphere:shardingsphere-proxy:5.1.2-SNAPSHOT
[ERROR] Failed to determine Java version for profile jdk11+ @ org.apache.shardingsphere:shardingsphere:5.1.2-SNAPSHOT, /root/workspace/apache-shardingsphere-master-18231_repo/pom.xml

09:21:35.718 [main] ERROR f.i.s.r.process.maven.MavenHelper - Error while building complete model. The raw model will be used. Error message: 1 problem was encountered while building the effective model for org.apache.shardingsphere:shardingsphere-proxy-frontend:5.1.2-SNAPSHOT
[ERROR] Failed to determine Java version for profile jdk11+ @ org.apache.shardingsphere:shardingsphere:5.1.2-SNAPSHOT, /root/workspace/apache-shardingsphere-master-18231_repo/pom.xml

09:21:35.720 [main] ERROR f.i.s.r.process.maven.MavenHelper - Error while building complete model. The raw model will be used. Error message: 1 problem was encountered while building the effective model for org.apache.shardingsphere:shardingsphere-proxy-frontend-spi:5.1.2-SNAPSHOT
[ERROR] Failed to determine Java version for profile jdk11+ @ org.apache.shardingsphere:shardingsphere:5.1.2-SNAPSHOT, /root/workspace/apache-shardingsphere-master-18231_repo/pom.xml

09:21:35.721 [main] ERROR f.i.s.r.p.step.paths.ComputeTestDir - The test directory is not at default location or specified in build section from pom.xml, and no parent can be found.
09:21:35.723 [main] ERROR f.i.s.r.process.maven.MavenHelper - Error while building complete model. The raw model will be used. Error message: 1 problem was encountered while building the effective model for org.apache.shardingsphere:shardingsphere-proxy-frontend-core:5.1.2-SNAPSHOT
[ERROR] Failed to determine Java version for profile jdk11+ @ org.apache.shardingsphere:shardingsphere:5.1.2-SNAPSHOT, /root/workspace/apache-shardingsphere-master-18231_repo/pom.xml

09:21:35.725 [main] ERROR f.i.s.r.process.maven.MavenHelper - Error while building complete model. The raw model will be used. Error message: 1 problem was encountered while building the effective model for org.apache.shardingsphere:shardingsphere-proxy-frontend-mysql:5.1.2-SNAPSHOT
[ERROR] Failed to determine Java version for profile jdk11+ @ org.apache.shardingsphere:shardingsphere:5.1.2-SNAPSHOT, /root/workspace/apache-shardingsphere-master-18231_repo/pom.xml

09:21:35.727 [main] ERROR f.i.s.r.process.maven.MavenHelper - Error while building complete model. The raw model will be used. Error message: 1 problem was encountered while building the effective model for org.apache.shardingsphere:shardingsphere-proxy-frontend-postgresql:5.1.2-SNAPSHOT
[ERROR] Failed to determine Java version for profile jdk11+ @ org.apache.shardingsphere:shardingsphere:5.1.2-SNAPSHOT, /root/workspace/apache-shardingsphere-master-18231_repo/pom.xml

09:21:35.729 [main] ERROR f.i.s.r.process.maven.MavenHelper - Error while building complete model. The raw model will be used. Error message: 1 problem was encountered while building the effective model for org.apache.shardingsphere:shardingsphere-proxy-frontend-opengauss:5.1.2-SNAPSHOT
[ERROR] Failed to determine Java version for profile jdk11+ @ org.apache.shardingsphere:shardingsphere:5.1.2-SNAPSHOT, /root/workspace/apache-shardingsphere-master-18231_repo/pom.xml

09:21:35.732 [main] ERROR f.i.s.r.process.maven.MavenHelper - Error while building complete model. The raw model will be used. Error message: 1 problem was encountered while building the effective model for org.apache.shardingsphere:shardingsphere-proxy-frontend-reactive-core:5.1.2-SNAPSHOT
[ERROR] Failed to determine Java version for profile jdk11+ @ org.apache.shardingsphere:shardingsphere:5.1.2-SNAPSHOT, /root/workspace/apache-shardingsphere-master-18231_repo/pom.xml

09:21:35.734 [main] ERROR f.i.s.r.process.maven.MavenHelper - Error while building complete model. The raw model will be used. Error message: 1 problem was encountered while building the effective model for org.apache.shardingsphere:shardingsphere-proxy-frontend-reactive-mysql:5.1.2-SNAPSHOT
[ERROR] Failed to determine Java version for profile jdk11+ @ org.apache.shardingsphere:shardingsphere:5.1.2-SNAPSHOT, /root/workspace/apache-shardingsphere-master-18231_repo/pom.xml

09:21:35.734 [main] ERROR f.i.s.r.p.step.paths.ComputeTestDir - The test directory is not at default location or specified in build section from pom.xml, and no parent can be found.
09:21:35.736 [main] ERROR f.i.s.r.process.maven.MavenHelper - Error while building complete model. The raw model will be used. Error message: 1 problem was encountered while building the effective model for org.apache.shardingsphere:shardingsphere-proxy-frontend-reactive-spi:5.1.2-SNAPSHOT
[ERROR] Failed to determine Java version for profile jdk11+ @ org.apache.shardingsphere:shardingsphere:5.1.2-SNAPSHOT, /root/workspace/apache-shardingsphere-master-18231_repo/pom.xml

09:21:35.736 [main] ERROR f.i.s.r.p.step.paths.ComputeTestDir - The test directory is not at default location or specified in build section from pom.xml, and no parent can be found.
09:21:35.739 [main] ERROR f.i.s.r.process.maven.MavenHelper - Error while building complete model. The raw model will be used. Error message: 1 problem was encountered while building the effective model for org.apache.shardingsphere:shardingsphere-proxy-backend:5.1.2-SNAPSHOT
[ERROR] Failed to determine Java version for profile jdk11+ @ org.apache.shardingsphere:shardingsphere:5.1.2-SNAPSHOT, /root/workspace/apache-shardingsphere-master-18231_repo/pom.xml

09:21:35.741 [main] ERROR f.i.s.r.process.maven.MavenHelper - Error while building complete model. The raw model will be used. Error message: 1 problem was encountered while building the effective model for org.apache.shardingsphere:shardingsphere-proxy-bootstrap:5.1.2-SNAPSHOT
[ERROR] Failed to determine Java version for profile jdk11+ @ org.apache.shardingsphere:shardingsphere:5.1.2-SNAPSHOT, /root/workspace/apache-shardingsphere-master-18231_repo/pom.xml

09:21:35.743 [main] ERROR f.i.s.r.process.maven.MavenHelper - Error while building complete model. The raw model will be used. Error message: 1 problem was encountered while building the effective model for org.apache.shardingsphere:shardingsphere-features:5.1.2-SNAPSHOT
[ERROR] Failed to determine Java version for profile jdk11+ @ org.apache.shardingsphere:shardingsphere:5.1.2-SNAPSHOT, /root/workspace/apache-shardingsphere-master-18231_repo/pom.xml

09:21:35.746 [main] ERROR f.i.s.r.process.maven.MavenHelper - Error while building complete model. The raw model will be used. Error message: 1 problem was encountered while building the effective model for org.apache.shardingsphere:shardingsphere-sharding:5.1.2-SNAPSHOT
[ERROR] Failed to determine Java version for profile jdk11+ @ org.apache.shardingsphere:shardingsphere:5.1.2-SNAPSHOT, /root/workspace/apache-shardingsphere-master-18231_repo/pom.xml

09:21:35.749 [main] ERROR f.i.s.r.process.maven.MavenHelper - Error while building complete model. The raw model will be used. Error message: 1 problem was encountered while building the effective model for org.apache.shardingsphere:shardingsphere-sharding-api:5.1.2-SNAPSHOT
[ERROR] Failed to determine Java version for profile jdk11+ @ org.apache.shardingsphere:shardingsphere:5.1.2-SNAPSHOT, /root/workspace/apache-shardingsphere-master-18231_repo/pom.xml

09:21:35.752 [main] ERROR f.i.s.r.process.maven.MavenHelper - Error while building complete model. The raw model will be used. Error message: 1 problem was encountered while building the effective model for org.apache.shardingsphere:shardingsphere-sharding-core:5.1.2-SNAPSHOT
[ERROR] Failed to determine Java version for profile jdk11+ @ org.apache.shardingsphere:shardingsphere:5.1.2-SNAPSHOT, /root/workspace/apache-shardingsphere-master-18231_repo/pom.xml

09:21:35.754 [main] ERROR f.i.s.r.process.maven.MavenHelper - Error while building complete model. The raw model will be used. Error message: 1 problem was encountered while building the effective model for org.apache.shardingsphere:shardingsphere-sharding-distsql:5.1.2-SNAPSHOT
[ERROR] Failed to determine Java version for profile jdk11+ @ org.apache.shardingsphere:shardingsphere:5.1.2-SNAPSHOT, /root/workspace/apache-shardingsphere-master-18231_repo/pom.xml

09:21:35.757 [main] ERROR f.i.s.r.process.maven.MavenHelper - Error while building complete model. The raw model will be used. Error message: 1 problem was encountered while building the effective model for org.apache.shardingsphere:shardingsphere-sharding-distsql-statement:5.1.2-SNAPSHOT
[ERROR] Failed to determine Java version for profile jdk11+ @ org.apache.shardingsphere:shardingsphere:5.1.2-SNAPSHOT, /root/workspace/apache-shardingsphere-master-18231_repo/pom.xml

09:21:35.757 [main] ERROR f.i.s.r.p.step.paths.ComputeTestDir - The test directory is not at default location or specified in build section from pom.xml, and no parent can be found.
09:21:35.759 [main] ERROR f.i.s.r.process.maven.MavenHelper - Error while building complete model. The raw model will be used. Error message: 1 problem was encountered while building the effective model for org.apache.shardingsphere:shardingsphere-sharding-distsql-parser:5.1.2-SNAPSHOT
[ERROR] Failed to determine Java version for profile jdk11+ @ org.apache.shardingsphere:shardingsphere:5.1.2-SNAPSHOT, /root/workspace/apache-shardingsphere-master-18231_repo/pom.xml

09:21:35.759 [main] ERROR f.i.s.r.p.step.paths.ComputeTestDir - The test directory is not at default location or specified in build section from pom.xml, and no parent can be found.
09:21:35.761 [main] ERROR f.i.s.r.process.maven.MavenHelper - Error while building complete model. The raw model will be used. Error message: 1 problem was encountered while building the effective model for org.apache.shardingsphere:shardingsphere-sharding-distsql-handler:5.1.2-SNAPSHOT
[ERROR] Failed to determine Java version for profile jdk11+ @ org.apache.shardingsphere:shardingsphere:5.1.2-SNAPSHOT, /root/workspace/apache-shardingsphere-master-18231_repo/pom.xml

09:21:35.764 [main] ERROR f.i.s.r.process.maven.MavenHelper - Error while building complete model. The raw model will be used. Error message: 1 problem was encountered while building the effective model for org.apache.shardingsphere:shardingsphere-sharding-spring:5.1.2-SNAPSHOT
[ERROR] Failed to determine Java version for profile jdk11+ @ org.apache.shardingsphere:shardingsphere:5.1.2-SNAPSHOT, /root/workspace/apache-shardingsphere-master-18231_repo/pom.xml

09:21:35.766 [main] ERROR f.i.s.r.process.maven.MavenHelper - Error while building complete model. The raw model will be used. Error message: 1 problem was encountered while building the effective model for org.apache.shardingsphere:shardingsphere-sharding-spring-namespace:5.1.2-SNAPSHOT
[ERROR] Failed to determine Java version for profile jdk11+ @ org.apache.shardingsphere:shardingsphere:5.1.2-SNAPSHOT, /root/workspace/apache-shardingsphere-master-18231_repo/pom.xml

09:21:35.768 [main] ERROR f.i.s.r.process.maven.MavenHelper - Error while building complete model. The raw model will be used. Error message: 1 problem was encountered while building the effective model for org.apache.shardingsphere:shardingsphere-sharding-spring-boot-starter:5.1.2-SNAPSHOT
[ERROR] Failed to determine Java version for profile jdk11+ @ org.apache.shardingsphere:shardingsphere:5.1.2-SNAPSHOT, /root/workspace/apache-shardingsphere-master-18231_repo/pom.xml

09:21:35.771 [main] ERROR f.i.s.r.process.maven.MavenHelper - Error while building complete model. The raw model will be used. Error message: 1 problem was encountered while building the effective model for org.apache.shardingsphere:shardingsphere-sharding-plugin:5.1.2-SNAPSHOT
[ERROR] Failed to determine Java version for profile jdk11+ @ org.apache.shardingsphere:shardingsphere:5.1.2-SNAPSHOT, /root/workspace/apache-shardingsphere-master-18231_repo/pom.xml

09:21:35.773 [main] ERROR f.i.s.r.process.maven.MavenHelper - Error while building complete model. The raw model will be used. Error message: 1 problem was encountered while building the effective model for org.apache.shardingsphere:shardingsphere-sharding-cosid:5.1.2-SNAPSHOT
[ERROR] Failed to determine Java version for profile jdk11+ @ org.apache.shardingsphere:shardingsphere:5.1.2-SNAPSHOT, /root/workspace/apache-shardingsphere-master-18231_repo/pom.xml

09:21:35.776 [main] ERROR f.i.s.r.process.maven.MavenHelper - Error while building complete model. The raw model will be used. Error message: 1 problem was encountered while building the effective model for org.apache.shardingsphere:shardingsphere-sharding-nanoid:5.1.2-SNAPSHOT
[ERROR] Failed to determine Java version for profile jdk11+ @ org.apache.shardingsphere:shardingsphere:5.1.2-SNAPSHOT, /root/workspace/apache-shardingsphere-master-18231_repo/pom.xml

09:21:35.779 [main] ERROR f.i.s.r.process.maven.MavenHelper - Error while building complete model. The raw model will be used. Error message: 1 problem was encountered while building the effective model for org.apache.shardingsphere:shardingsphere-readwrite-splitting:5.1.2-SNAPSHOT
[ERROR] Failed to determine Java version for profile jdk11+ @ org.apache.shardingsphere:shardingsphere:5.1.2-SNAPSHOT, /root/workspace/apache-shardingsphere-master-18231_repo/pom.xml

09:21:35.782 [main] ERROR f.i.s.r.process.maven.MavenHelper - Error while building complete model. The raw model will be used. Error message: 1 problem was encountered while building the effective model for org.apache.shardingsphere:shardingsphere-readwrite-splitting-api:5.1.2-SNAPSHOT
[ERROR] Failed to determine Java version for profile jdk11+ @ org.apache.shardingsphere:shardingsphere:5.1.2-SNAPSHOT, /root/workspace/apache-shardingsphere-master-18231_repo/pom.xml

09:21:35.785 [main] ERROR f.i.s.r.process.maven.MavenHelper - Error while building complete model. The raw model will be used. Error message: 1 problem was encountered while building the effective model for org.apache.shardingsphere:shardingsphere-readwrite-splitting-core:5.1.2-SNAPSHOT
[ERROR] Failed to determine Java version for profile jdk11+ @ org.apache.shardingsphere:shardingsphere:5.1.2-SNAPSHOT, /root/workspace/apache-shardingsphere-master-18231_repo/pom.xml

09:21:35.788 [main] ERROR f.i.s.r.process.maven.MavenHelper - Error while building complete model. The raw model will be used. Error message: 1 problem was encountered while building the effective model for org.apache.shardingsphere:shardingsphere-readwrite-splitting-distsql:5.1.2-SNAPSHOT
[ERROR] Failed to determine Java version for profile jdk11+ @ org.apache.shardingsphere:shardingsphere:5.1.2-SNAPSHOT, /root/workspace/apache-shardingsphere-master-18231_repo/pom.xml

09:21:35.790 [main] ERROR f.i.s.r.process.maven.MavenHelper - Error while building complete model. The raw model will be used. Error message: 1 problem was encountered while building the effective model for org.apache.shardingsphere:shardingsphere-readwrite-splitting-distsql-statement:5.1.2-SNAPSHOT
[ERROR] Failed to determine Java version for profile jdk11+ @ org.apache.shardingsphere:shardingsphere:5.1.2-SNAPSHOT, /root/workspace/apache-shardingsphere-master-18231_repo/pom.xml

09:21:35.790 [main] ERROR f.i.s.r.p.step.paths.ComputeTestDir - The test directory is not at default location or specified in build section from pom.xml, and no parent can be found.
09:21:35.792 [main] ERROR f.i.s.r.process.maven.MavenHelper - Error while building complete model. The raw model will be used. Error message: 1 problem was encountered while building the effective model for org.apache.shardingsphere:shardingsphere-readwrite-splitting-distsql-parser:5.1.2-SNAPSHOT
[ERROR] Failed to determine Java version for profile jdk11+ @ org.apache.shardingsphere:shardingsphere:5.1.2-SNAPSHOT, /root/workspace/apache-shardingsphere-master-18231_repo/pom.xml

09:21:35.792 [main] ERROR f.i.s.r.p.step.paths.ComputeTestDir - The test directory is not at default location or specified in build section from pom.xml, and no parent can be found.
09:21:35.794 [main] ERROR f.i.s.r.process.maven.MavenHelper - Error while building complete model. The raw model will be used. Error message: 1 problem was encountered while building the effective model for org.apache.shardingsphere:shardingsphere-readwrite-splitting-distsql-handler:5.1.2-SNAPSHOT
[ERROR] Failed to determine Java version for profile jdk11+ @ org.apache.shardingsphere:shardingsphere:5.1.2-SNAPSHOT, /root/workspace/apache-shardingsphere-master-18231_repo/pom.xml

09:21:35.797 [main] ERROR f.i.s.r.process.maven.MavenHelper - Error while building complete model. The raw model will be used. Error message: 1 problem was encountered while building the effective model for org.apache.shardingsphere:shardingsphere-readwrite-splitting-spring:5.1.2-SNAPSHOT
[ERROR] Failed to determine Java version for profile jdk11+ @ org.apache.shardingsphere:shardingsphere:5.1.2-SNAPSHOT, /root/workspace/apache-shardingsphere-master-18231_repo/pom.xml

09:21:35.799 [main] ERROR f.i.s.r.process.maven.MavenHelper - Error while building complete model. The raw model will be used. Error message: 1 problem was encountered while building the effective model for org.apache.shardingsphere:shardingsphere-readwrite-splitting-spring-namespace:5.1.2-SNAPSHOT
[ERROR] Failed to determine Java version for profile jdk11+ @ org.apache.shardingsphere:shardingsphere:5.1.2-SNAPSHOT, /root/workspace/apache-shardingsphere-master-18231_repo/pom.xml

09:21:35.801 [main] ERROR f.i.s.r.process.maven.MavenHelper - Error while building complete model. The raw model will be used. Error message: 1 problem was encountered while building the effective model for org.apache.shardingsphere:shardingsphere-readwrite-splitting-spring-boot-starter:5.1.2-SNAPSHOT
[ERROR] Failed to determine Java version for profile jdk11+ @ org.apache.shardingsphere:shardingsphere:5.1.2-SNAPSHOT, /root/workspace/apache-shardingsphere-master-18231_repo/pom.xml

09:21:35.803 [main] ERROR f.i.s.r.process.maven.MavenHelper - Error while building complete model. The raw model will be used. Error message: 1 problem was encountered while building the effective model for org.apache.shardingsphere:shardingsphere-db-discovery:5.1.2-SNAPSHOT
[ERROR] Failed to determine Java version for profile jdk11+ @ org.apache.shardingsphere:shardingsphere:5.1.2-SNAPSHOT, /root/workspace/apache-shardingsphere-master-18231_repo/pom.xml

09:21:35.805 [main] ERROR f.i.s.r.process.maven.MavenHelper - Error while building complete model. The raw model will be used. Error message: 1 problem was encountered while building the effective model for org.apache.shardingsphere:shardingsphere-db-discovery-api:5.1.2-SNAPSHOT
[ERROR] Failed to determine Java version for profile jdk11+ @ org.apache.shardingsphere:shardingsphere:5.1.2-SNAPSHOT, /root/workspace/apache-shardingsphere-master-18231_repo/pom.xml

09:21:35.805 [main] ERROR f.i.s.r.p.step.paths.ComputeTestDir - The test directory is not at default location or specified in build section from pom.xml, and no parent can be found.
09:21:35.807 [main] ERROR f.i.s.r.process.maven.MavenHelper - Error while building complete model. The raw model will be used. Error message: 1 problem was encountered while building the effective model for org.apache.shardingsphere:shardingsphere-db-discovery-core:5.1.2-SNAPSHOT
[ERROR] Failed to determine Java version for profile jdk11+ @ org.apache.shardingsphere:shardingsphere:5.1.2-SNAPSHOT, /root/workspace/apache-shardingsphere-master-18231_repo/pom.xml

09:21:35.809 [main] ERROR f.i.s.r.process.maven.MavenHelper - Error while building complete model. The raw model will be used. Error message: 1 problem was encountered while building the effective model for org.apache.shardingsphere:shardingsphere-db-discovery-distsql:5.1.2-SNAPSHOT
[ERROR] Failed to determine Java version for profile jdk11+ @ org.apache.shardingsphere:shardingsphere:5.1.2-SNAPSHOT, /root/workspace/apache-shardingsphere-master-18231_repo/pom.xml

09:21:35.812 [main] ERROR f.i.s.r.process.maven.MavenHelper - Error while building complete model. The raw model will be used. Error message: 1 problem was encountered while building the effective model for org.apache.shardingsphere:shardingsphere-db-discovery-distsql-statement:5.1.2-SNAPSHOT
[ERROR] Failed to determine Java version for profile jdk11+ @ org.apache.shardingsphere:shardingsphere:5.1.2-SNAPSHOT, /root/workspace/apache-shardingsphere-master-18231_repo/pom.xml

09:21:35.812 [main] ERROR f.i.s.r.p.step.paths.ComputeTestDir - The test directory is not at default location or specified in build section from pom.xml, and no parent can be found.
09:21:35.814 [main] ERROR f.i.s.r.process.maven.MavenHelper - Error while building complete model. The raw model will be used. Error message: 1 problem was encountered while building the effective model for org.apache.shardingsphere:shardingsphere-db-discovery-distsql-parser:5.1.2-SNAPSHOT
[ERROR] Failed to determine Java version for profile jdk11+ @ org.apache.shardingsphere:shardingsphere:5.1.2-SNAPSHOT, /root/workspace/apache-shardingsphere-master-18231_repo/pom.xml

09:21:35.814 [main] ERROR f.i.s.r.p.step.paths.ComputeTestDir - The test directory is not at default location or specified in build section from pom.xml, and no parent can be found.
09:21:35.816 [main] ERROR f.i.s.r.process.maven.MavenHelper - Error while building complete model. The raw model will be used. Error message: 1 problem was encountered while building the effective model for org.apache.shardingsphere:shardingsphere-db-discovery-distsql-handler:5.1.2-SNAPSHOT
[ERROR] Failed to determine Java version for profile jdk11+ @ org.apache.shardingsphere:shardingsphere:5.1.2-SNAPSHOT, /root/workspace/apache-shardingsphere-master-18231_repo/pom.xml

09:21:35.818 [main] ERROR f.i.s.r.process.maven.MavenHelper - Error while building complete model. The raw model will be used. Error message: 1 problem was encountered while building the effective model for org.apache.shardingsphere:shardingsphere-db-discovery-provider:5.1.2-SNAPSHOT
[ERROR] Failed to determine Java version for profile jdk11+ @ org.apache.shardingsphere:shardingsphere:5.1.2-SNAPSHOT, /root/workspace/apache-shardingsphere-master-18231_repo/pom.xml

09:21:35.821 [main] ERROR f.i.s.r.process.maven.MavenHelper - Error while building complete model. The raw model will be used. Error message: 1 problem was encountered while building the effective model for org.apache.shardingsphere:shardingsphere-db-discovery-mysql:5.1.2-SNAPSHOT
[ERROR] Failed to determine Java version for profile jdk11+ @ org.apache.shardingsphere:shardingsphere:5.1.2-SNAPSHOT, /root/workspace/apache-shardingsphere-master-18231_repo/pom.xml

09:21:35.823 [main] ERROR f.i.s.r.process.maven.MavenHelper - Error while building complete model. The raw model will be used. Error message: 1 problem was encountered while building the effective model for org.apache.shardingsphere:shardingsphere-db-discovery-opengauss:5.1.2-SNAPSHOT
[ERROR] Failed to determine Java version for profile jdk11+ @ org.apache.shardingsphere:shardingsphere:5.1.2-SNAPSHOT, /root/workspace/apache-shardingsphere-master-18231_repo/pom.xml

09:21:35.825 [main] ERROR f.i.s.r.process.maven.MavenHelper - Error while building complete model. The raw model will be used. Error message: 1 problem was encountered while building the effective model for org.apache.shardingsphere:shardingsphere-db-discovery-spring:5.1.2-SNAPSHOT
[ERROR] Failed to determine Java version for profile jdk11+ @ org.apache.shardingsphere:shardingsphere:5.1.2-SNAPSHOT, /root/workspace/apache-shardingsphere-master-18231_repo/pom.xml

09:21:35.828 [main] ERROR f.i.s.r.process.maven.MavenHelper - Error while building complete model. The raw model will be used. Error message: 1 problem was encountered while building the effective model for org.apache.shardingsphere:shardingsphere-db-discovery-spring-namespace:5.1.2-SNAPSHOT
[ERROR] Failed to determine Java version for profile jdk11+ @ org.apache.shardingsphere:shardingsphere:5.1.2-SNAPSHOT, /root/workspace/apache-shardingsphere-master-18231_repo/pom.xml

09:21:35.834 [main] ERROR f.i.s.r.process.maven.MavenHelper - Error while building complete model. The raw model will be used. Error message: 1 problem was encountered while building the effective model for org.apache.shardingsphere:shardingsphere-db-discovery-spring-boot-starter:5.1.2-SNAPSHOT
[ERROR] Failed to determine Java version for profile jdk11+ @ org.apache.shardingsphere:shardingsphere:5.1.2-SNAPSHOT, /root/workspace/apache-shardingsphere-master-18231_repo/pom.xml

09:21:35.837 [main] ERROR f.i.s.r.process.maven.MavenHelper - Error while building complete model. The raw model will be used. Error message: 1 problem was encountered while building the effective model for org.apache.shardingsphere:shardingsphere-encrypt:5.1.2-SNAPSHOT
[ERROR] Failed to determine Java version for profile jdk11+ @ org.apache.shardingsphere:shardingsphere:5.1.2-SNAPSHOT, /root/workspace/apache-shardingsphere-master-18231_repo/pom.xml

09:21:35.839 [main] ERROR f.i.s.r.process.maven.MavenHelper - Error while building complete model. The raw model will be used. Error message: 1 problem was encountered while building the effective model for org.apache.shardingsphere:shardingsphere-encrypt-api:5.1.2-SNAPSHOT
[ERROR] Failed to determine Java version for profile jdk11+ @ org.apache.shardingsphere:shardingsphere:5.1.2-SNAPSHOT, /root/workspace/apache-shardingsphere-master-18231_repo/pom.xml

09:21:35.840 [main] ERROR f.i.s.r.p.step.paths.ComputeTestDir - The test directory is not at default location or specified in build section from pom.xml, and no parent can be found.
09:21:35.842 [main] ERROR f.i.s.r.process.maven.MavenHelper - Error while building complete model. The raw model will be used. Error message: 1 problem was encountered while building the effective model for org.apache.shardingsphere:shardingsphere-encrypt-core:5.1.2-SNAPSHOT
[ERROR] Failed to determine Java version for profile jdk11+ @ org.apache.shardingsphere:shardingsphere:5.1.2-SNAPSHOT, /root/workspace/apache-shardingsphere-master-18231_repo/pom.xml

09:21:35.845 [main] ERROR f.i.s.r.process.maven.MavenHelper - Error while building complete model. The raw model will be used. Error message: 1 problem was encountered while building the effective model for org.apache.shardingsphere:shardingsphere-encrypt-distsql:5.1.2-SNAPSHOT
[ERROR] Failed to determine Java version for profile jdk11+ @ org.apache.shardingsphere:shardingsphere:5.1.2-SNAPSHOT, /root/workspace/apache-shardingsphere-master-18231_repo/pom.xml

09:21:35.848 [main] ERROR f.i.s.r.process.maven.MavenHelper - Error while building complete model. The raw model will be used. Error message: 1 problem was encountered while building the effective model for org.apache.shardingsphere:shardingsphere-encrypt-distsql-statement:5.1.2-SNAPSHOT
[ERROR] Failed to determine Java version for profile jdk11+ @ org.apache.shardingsphere:shardingsphere:5.1.2-SNAPSHOT, /root/workspace/apache-shardingsphere-master-18231_repo/pom.xml

09:21:35.848 [main] ERROR f.i.s.r.p.step.paths.ComputeTestDir - The test directory is not at default location or specified in build section from pom.xml, and no parent can be found.
09:21:35.854 [main] ERROR f.i.s.r.process.maven.MavenHelper - Error while building complete model. The raw model will be used. Error message: 1 problem was encountered while building the effective model for org.apache.shardingsphere:shardingsphere-encrypt-distsql-parser:5.1.2-SNAPSHOT
[ERROR] Failed to determine Java version for profile jdk11+ @ org.apache.shardingsphere:shardingsphere:5.1.2-SNAPSHOT, /root/workspace/apache-shardingsphere-master-18231_repo/pom.xml

09:21:35.854 [main] ERROR f.i.s.r.p.step.paths.ComputeTestDir - The test directory is not at default location or specified in build section from pom.xml, and no parent can be found.
09:21:35.857 [main] ERROR f.i.s.r.process.maven.MavenHelper - Error while building complete model. The raw model will be used. Error message: 1 problem was encountered while building the effective model for org.apache.shardingsphere:shardingsphere-encrypt-distsql-handler:5.1.2-SNAPSHOT
[ERROR] Failed to determine Java version for profile jdk11+ @ org.apache.shardingsphere:shardingsphere:5.1.2-SNAPSHOT, /root/workspace/apache-shardingsphere-master-18231_repo/pom.xml

09:21:35.860 [main] ERROR f.i.s.r.process.maven.MavenHelper - Error while building complete model. The raw model will be used. Error message: 1 problem was encountered while building the effective model for org.apache.shardingsphere:shardingsphere-encrypt-spring:5.1.2-SNAPSHOT
[ERROR] Failed to determine Java version for profile jdk11+ @ org.apache.shardingsphere:shardingsphere:5.1.2-SNAPSHOT, /root/workspace/apache-shardingsphere-master-18231_repo/pom.xml

09:21:35.863 [main] ERROR f.i.s.r.process.maven.MavenHelper - Error while building complete model. The raw model will be used. Error message: 1 problem was encountered while building the effective model for org.apache.shardingsphere:shardingsphere-encrypt-spring-namespace:5.1.2-SNAPSHOT
[ERROR] Failed to determine Java version for profile jdk11+ @ org.apache.shardingsphere:shardingsphere:5.1.2-SNAPSHOT, /root/workspace/apache-shardingsphere-master-18231_repo/pom.xml

09:21:35.872 [main] ERROR f.i.s.r.process.maven.MavenHelper - Error while building complete model. The raw model will be used. Error message: 1 problem was encountered while building the effective model for org.apache.shardingsphere:shardingsphere-encrypt-spring-boot-starter:5.1.2-SNAPSHOT
[ERROR] Failed to determine Java version for profile jdk11+ @ org.apache.shardingsphere:shardingsphere:5.1.2-SNAPSHOT, /root/workspace/apache-shardingsphere-master-18231_repo/pom.xml

09:21:35.874 [main] ERROR f.i.s.r.process.maven.MavenHelper - Error while building complete model. The raw model will be used. Error message: 1 problem was encountered while building the effective model for org.apache.shardingsphere:shardingsphere-encrypt-plugin:5.1.2-SNAPSHOT
[ERROR] Failed to determine Java version for profile jdk11+ @ org.apache.shardingsphere:shardingsphere:5.1.2-SNAPSHOT, /root/workspace/apache-shardingsphere-master-18231_repo/pom.xml

09:21:35.877 [main] ERROR f.i.s.r.process.maven.MavenHelper - Error while building complete model. The raw model will be used. Error message: 1 problem was encountered while building the effective model for org.apache.shardingsphere:shardingsphere-encrypt-sm:5.1.2-SNAPSHOT
[ERROR] Failed to determine Java version for profile jdk11+ @ org.apache.shardingsphere:shardingsphere:5.1.2-SNAPSHOT, /root/workspace/apache-shardingsphere-master-18231_repo/pom.xml

09:21:35.879 [main] ERROR f.i.s.r.process.maven.MavenHelper - Error while building complete model. The raw model will be used. Error message: 1 problem was encountered while building the effective model for org.apache.shardingsphere:shardingsphere-shadow:5.1.2-SNAPSHOT
[ERROR] Failed to determine Java version for profile jdk11+ @ org.apache.shardingsphere:shardingsphere:5.1.2-SNAPSHOT, /root/workspace/apache-shardingsphere-master-18231_repo/pom.xml

09:21:35.881 [main] ERROR f.i.s.r.process.maven.MavenHelper - Error while building complete model. The raw model will be used. Error message: 1 problem was encountered while building the effective model for org.apache.shardingsphere:shardingsphere-shadow-api:5.1.2-SNAPSHOT
[ERROR] Failed to determine Java version for profile jdk11+ @ org.apache.shardingsphere:shardingsphere:5.1.2-SNAPSHOT, /root/workspace/apache-shardingsphere-master-18231_repo/pom.xml

09:21:35.881 [main] ERROR f.i.s.r.p.step.paths.ComputeTestDir - The test directory is not at default location or specified in build section from pom.xml, and no parent can be found.
09:21:35.883 [main] ERROR f.i.s.r.process.maven.MavenHelper - Error while building complete model. The raw model will be used. Error message: 1 problem was encountered while building the effective model for org.apache.shardingsphere:shardingsphere-shadow-core:5.1.2-SNAPSHOT
[ERROR] Failed to determine Java version for profile jdk11+ @ org.apache.shardingsphere:shardingsphere:5.1.2-SNAPSHOT, /root/workspace/apache-shardingsphere-master-18231_repo/pom.xml

09:21:35.885 [main] ERROR f.i.s.r.process.maven.MavenHelper - Error while building complete model. The raw model will be used. Error message: 1 problem was encountered while building the effective model for org.apache.shardingsphere:shardingsphere-shadow-distsql:5.1.2-SNAPSHOT
[ERROR] Failed to determine Java version for profile jdk11+ @ org.apache.shardingsphere:shardingsphere:5.1.2-SNAPSHOT, /root/workspace/apache-shardingsphere-master-18231_repo/pom.xml

09:21:35.902 [main] ERROR f.i.s.r.process.maven.MavenHelper - Error while building complete model. The raw model will be used. Error message: 1 problem was encountered while building the effective model for org.apache.shardingsphere:shardingsphere-shadow-distsql-statement:5.1.2-SNAPSHOT
[ERROR] Failed to determine Java version for profile jdk11+ @ org.apache.shardingsphere:shardingsphere:5.1.2-SNAPSHOT, /root/workspace/apache-shardingsphere-master-18231_repo/pom.xml

09:21:35.902 [main] ERROR f.i.s.r.p.step.paths.ComputeTestDir - The test directory is not at default location or specified in build section from pom.xml, and no parent can be found.
09:21:35.904 [main] ERROR f.i.s.r.process.maven.MavenHelper - Error while building complete model. The raw model will be used. Error message: 1 problem was encountered while building the effective model for org.apache.shardingsphere:shardingsphere-shadow-distsql-parser:5.1.2-SNAPSHOT
[ERROR] Failed to determine Java version for profile jdk11+ @ org.apache.shardingsphere:shardingsphere:5.1.2-SNAPSHOT, /root/workspace/apache-shardingsphere-master-18231_repo/pom.xml

09:21:35.904 [main] ERROR f.i.s.r.p.step.paths.ComputeTestDir - The test directory is not at default location or specified in build section from pom.xml, and no parent can be found.
09:21:35.906 [main] ERROR f.i.s.r.process.maven.MavenHelper - Error while building complete model. The raw model will be used. Error message: 1 problem was encountered while building the effective model for org.apache.shardingsphere:shardingsphere-shadow-distsql-handler:5.1.2-SNAPSHOT
[ERROR] Failed to determine Java version for profile jdk11+ @ org.apache.shardingsphere:shardingsphere:5.1.2-SNAPSHOT, /root/workspace/apache-shardingsphere-master-18231_repo/pom.xml

09:21:35.978 [main] ERROR f.i.s.r.process.maven.MavenHelper - Error while building complete model. The raw model will be used. Error message: 1 problem was encountered while building the effective model for org.apache.shardingsphere:shardingsphere-shadow-spring:5.1.2-SNAPSHOT
[ERROR] Failed to determine Java version for profile jdk11+ @ org.apache.shardingsphere:shardingsphere:5.1.2-SNAPSHOT, /root/workspace/apache-shardingsphere-master-18231_repo/pom.xml

09:21:35.980 [main] ERROR f.i.s.r.process.maven.MavenHelper - Error while building complete model. The raw model will be used. Error message: 1 problem was encountered while building the effective model for org.apache.shardingsphere:shardingsphere-shadow-spring-namespace:5.1.2-SNAPSHOT
[ERROR] Failed to determine Java version for profile jdk11+ @ org.apache.shardingsphere:shardingsphere:5.1.2-SNAPSHOT, /root/workspace/apache-shardingsphere-master-18231_repo/pom.xml

09:21:35.982 [main] ERROR f.i.s.r.process.maven.MavenHelper - Error while building complete model. The raw model will be used. Error message: 1 problem was encountered while building the effective model for org.apache.shardingsphere:shardingsphere-shadow-spring-boot-starter:5.1.2-SNAPSHOT
[ERROR] Failed to determine Java version for profile jdk11+ @ org.apache.shardingsphere:shardingsphere:5.1.2-SNAPSHOT, /root/workspace/apache-shardingsphere-master-18231_repo/pom.xml

09:21:35.984 [main] ERROR f.i.s.r.process.maven.MavenHelper - Error while building complete model. The raw model will be used. Error message: 1 problem was encountered while building the effective model for org.apache.shardingsphere:shardingsphere-agent:5.1.2-SNAPSHOT
[ERROR] Failed to determine Java version for profile jdk11+ @ org.apache.shardingsphere:shardingsphere:5.1.2-SNAPSHOT, /root/workspace/apache-shardingsphere-master-18231_repo/pom.xml

09:21:35.987 [main] ERROR f.i.s.r.process.maven.MavenHelper - Error while building complete model. The raw model will be used. Error message: 1 problem was encountered while building the effective model for org.apache.shardingsphere:shardingsphere-agent-bootstrap:5.1.2-SNAPSHOT
[ERROR] Failed to determine Java version for profile jdk11+ @ org.apache.shardingsphere:shardingsphere:5.1.2-SNAPSHOT, /root/workspace/apache-shardingsphere-master-18231_repo/pom.xml

09:21:35.987 [main] ERROR f.i.s.r.p.step.paths.ComputeTestDir - The test directory is not at default location or specified in build section from pom.xml, and no parent can be found.
09:21:35.990 [main] ERROR f.i.s.r.process.maven.MavenHelper - Error while building complete model. The raw model will be used. Error message: 1 problem was encountered while building the effective model for org.apache.shardingsphere:shardingsphere-agent-core:5.1.2-SNAPSHOT
[ERROR] Failed to determine Java version for profile jdk11+ @ org.apache.shardingsphere:shardingsphere:5.1.2-SNAPSHOT, /root/workspace/apache-shardingsphere-master-18231_repo/pom.xml

09:21:35.993 [main] ERROR f.i.s.r.process.maven.MavenHelper - Error while building complete model. The raw model will be used. Error message: 1 problem was encountered while building the effective model for org.apache.shardingsphere:shardingsphere-agent-plugins:5.1.2-SNAPSHOT
[ERROR] Failed to determine Java version for profile jdk11+ @ org.apache.shardingsphere:shardingsphere:5.1.2-SNAPSHOT, /root/workspace/apache-shardingsphere-master-18231_repo/pom.xml

09:21:35.996 [main] ERROR f.i.s.r.process.maven.MavenHelper - Error while building complete model. The raw model will be used. Error message: 1 problem was encountered while building the effective model for org.apache.shardingsphere:shardingsphere-agent-plugin-metrics:5.1.2-SNAPSHOT
[ERROR] Failed to determine Java version for profile jdk11+ @ org.apache.shardingsphere:shardingsphere:5.1.2-SNAPSHOT, /root/workspace/apache-shardingsphere-master-18231_repo/pom.xml

09:21:36.000 [main] ERROR f.i.s.r.process.maven.MavenHelper - Error while building complete model. The raw model will be used. Error message: 1 problem was encountered while building the effective model for org.apache.shardingsphere:shardingsphere-agent-metrics-api:5.1.2-SNAPSHOT
[ERROR] Failed to determine Java version for profile jdk11+ @ org.apache.shardingsphere:shardingsphere:5.1.2-SNAPSHOT, /root/workspace/apache-shardingsphere-master-18231_repo/pom.xml

09:21:36.003 [main] ERROR f.i.s.r.process.maven.MavenHelper - Error while building complete model. The raw model will be used. Error message: 1 problem was encountered while building the effective model for org.apache.shardingsphere:shardingsphere-agent-metrics-prometheus:5.1.2-SNAPSHOT
[ERROR] Failed to determine Java version for profile jdk11+ @ org.apache.shardingsphere:shardingsphere:5.1.2-SNAPSHOT, /root/workspace/apache-shardingsphere-master-18231_repo/pom.xml

09:21:36.006 [main] ERROR f.i.s.r.process.maven.MavenHelper - Error while building complete model. The raw model will be used. Error message: 1 problem was encountered while building the effective model for org.apache.shardingsphere:shardingsphere-agent-plugin-tracing:5.1.2-SNAPSHOT
[ERROR] Failed to determine Java version for profile jdk11+ @ org.apache.shardingsphere:shardingsphere:5.1.2-SNAPSHOT, /root/workspace/apache-shardingsphere-master-18231_repo/pom.xml

09:21:36.015 [main] ERROR f.i.s.r.process.maven.MavenHelper - Error while building complete model. The raw model will be used. Error message: 1 problem was encountered while building the effective model for org.apache.shardingsphere:shardingsphere-agent-tracing-test:5.1.2-SNAPSHOT
[ERROR] Failed to determine Java version for profile jdk11+ @ org.apache.shardingsphere:shardingsphere:5.1.2-SNAPSHOT, /root/workspace/apache-shardingsphere-master-18231_repo/pom.xml

09:21:36.015 [main] ERROR f.i.s.r.p.step.paths.ComputeTestDir - The test directory is not at default location or specified in build section from pom.xml, and no parent can be found.
09:21:36.018 [main] ERROR f.i.s.r.process.maven.MavenHelper - Error while building complete model. The raw model will be used. Error message: 1 problem was encountered while building the effective model for org.apache.shardingsphere:shardingsphere-agent-tracing-jaeger:5.1.2-SNAPSHOT
[ERROR] Failed to determine Java version for profile jdk11+ @ org.apache.shardingsphere:shardingsphere:5.1.2-SNAPSHOT, /root/workspace/apache-shardingsphere-master-18231_repo/pom.xml

09:21:36.020 [main] ERROR f.i.s.r.process.maven.MavenHelper - Error while building complete model. The raw model will be used. Error message: 1 problem was encountered while building the effective model for org.apache.shardingsphere:shardingsphere-agent-tracing-zipkin:5.1.2-SNAPSHOT
[ERROR] Failed to determine Java version for profile jdk11+ @ org.apache.shardingsphere:shardingsphere:5.1.2-SNAPSHOT, /root/workspace/apache-shardingsphere-master-18231_repo/pom.xml

09:21:36.023 [main] ERROR f.i.s.r.process.maven.MavenHelper - Error while building complete model. The raw model will be used. Error message: 1 problem was encountered while building the effective model for org.apache.shardingsphere:shardingsphere-agent-tracing-opentracing:5.1.2-SNAPSHOT
[ERROR] Failed to determine Java version for profile jdk11+ @ org.apache.shardingsphere:shardingsphere:5.1.2-SNAPSHOT, /root/workspace/apache-shardingsphere-master-18231_repo/pom.xml

09:21:36.026 [main] ERROR f.i.s.r.process.maven.MavenHelper - Error while building complete model. The raw model will be used. Error message: 1 problem was encountered while building the effective model for org.apache.shardingsphere:shardingsphere-agent-tracing-opentelemetry:5.1.2-SNAPSHOT
[ERROR] Failed to determine Java version for profile jdk11+ @ org.apache.shardingsphere:shardingsphere:5.1.2-SNAPSHOT, /root/workspace/apache-shardingsphere-master-18231_repo/pom.xml

09:21:36.029 [main] ERROR f.i.s.r.process.maven.MavenHelper - Error while building complete model. The raw model will be used. Error message: 1 problem was encountered while building the effective model for org.apache.shardingsphere:shardingsphere-agent-plugin-logging:5.1.2-SNAPSHOT
[ERROR] Failed to determine Java version for profile jdk11+ @ org.apache.shardingsphere:shardingsphere:5.1.2-SNAPSHOT, /root/workspace/apache-shardingsphere-master-18231_repo/pom.xml

09:21:36.032 [main] ERROR f.i.s.r.process.maven.MavenHelper - Error while building complete model. The raw model will be used. Error message: 1 problem was encountered while building the effective model for org.apache.shardingsphere:shardingsphere-agent-logging-base:5.1.2-SNAPSHOT
[ERROR] Failed to determine Java version for profile jdk11+ @ org.apache.shardingsphere:shardingsphere:5.1.2-SNAPSHOT, /root/workspace/apache-shardingsphere-master-18231_repo/pom.xml

09:21:36.033 [main] ERROR f.i.s.r.p.step.paths.ComputeTestDir - The test directory is not at default location or specified in build section from pom.xml, and no parent can be found.
09:21:36.033 [main] ERROR f.i.s.r.p.step.paths.ComputeTestDir - The test directory is not at default location or specified in build section from pom.xml, and no parent can be found.
09:21:36.035 [main] ERROR f.i.s.r.process.maven.MavenHelper - Error while building complete model. The raw model will be used. Error message: 1 problem was encountered while building the effective model for org.apache.shardingsphere:shardingsphere-agent-distribution:5.1.2-SNAPSHOT
[ERROR] Failed to determine Java version for profile jdk11+ @ org.apache.shardingsphere:shardingsphere:5.1.2-SNAPSHOT, /root/workspace/apache-shardingsphere-master-18231_repo/pom.xml

09:21:36.035 [main] ERROR f.i.s.r.p.step.paths.ComputeTestDir - The test directory is not at default location or specified in build section from pom.xml, and no parent can be found.
09:21:36.037 [main] ERROR f.i.s.r.process.maven.MavenHelper - Error while building complete model. The raw model will be used. Error message: 1 problem was encountered while building the effective model for org.apache.shardingsphere:shardingsphere-agent-api:5.1.2-SNAPSHOT
[ERROR] Failed to determine Java version for profile jdk11+ @ org.apache.shardingsphere:shardingsphere:5.1.2-SNAPSHOT, /root/workspace/apache-shardingsphere-master-18231_repo/pom.xml

09:21:36.037 [main] ERROR f.i.s.r.p.step.paths.ComputeTestDir - The test directory is not at default location or specified in build section from pom.xml, and no parent can be found.
09:21:36.040 [main] ERROR f.i.s.r.process.maven.MavenHelper - Error while building complete model. The raw model will be used. Error message: 1 problem was encountered while building the effective model for org.apache.shardingsphere:shardingsphere-test:5.1.2-SNAPSHOT
[ERROR] Failed to determine Java version for profile jdk11+ @ org.apache.shardingsphere:shardingsphere:5.1.2-SNAPSHOT, /root/workspace/apache-shardingsphere-master-18231_repo/pom.xml

09:21:36.042 [main] ERROR f.i.s.r.process.maven.MavenHelper - Error while building complete model. The raw model will be used. Error message: 1 problem was encountered while building the effective model for org.apache.shardingsphere:shardingsphere-test-common:5.1.2-SNAPSHOT
[ERROR] Failed to determine Java version for profile jdk11+ @ org.apache.shardingsphere:shardingsphere:5.1.2-SNAPSHOT, /root/workspace/apache-shardingsphere-master-18231_repo/pom.xml

09:21:36.042 [main] ERROR f.i.s.r.p.step.paths.ComputeTestDir - The test directory is not at default location or specified in build section from pom.xml, and no parent can be found.
09:21:36.044 [main] ERROR f.i.s.r.process.maven.MavenHelper - Error while building complete model. The raw model will be used. Error message: 1 problem was encountered while building the effective model for org.apache.shardingsphere:shardingsphere-integration-test:5.1.2-SNAPSHOT
[ERROR] Failed to determine Java version for profile jdk11+ @ org.apache.shardingsphere:shardingsphere:5.1.2-SNAPSHOT, /root/workspace/apache-shardingsphere-master-18231_repo/pom.xml

09:21:36.046 [main] ERROR f.i.s.r.process.maven.MavenHelper - Error while building complete model. The raw model will be used. Error message: 1 problem was encountered while building the effective model for org.apache.shardingsphere:shardingsphere-integration-test-fixture:5.1.2-SNAPSHOT
[ERROR] Failed to determine Java version for profile jdk11+ @ org.apache.shardingsphere:shardingsphere:5.1.2-SNAPSHOT, /root/workspace/apache-shardingsphere-master-18231_repo/pom.xml

09:21:36.049 [main] ERROR f.i.s.r.process.maven.MavenHelper - Error while building complete model. The raw model will be used. Error message: 1 problem was encountered while building the effective model for org.apache.shardingsphere:shardingsphere-integration-test-env:5.1.2-SNAPSHOT
[ERROR] Failed to determine Java version for profile jdk11+ @ org.apache.shardingsphere:shardingsphere:5.1.2-SNAPSHOT, /root/workspace/apache-shardingsphere-master-18231_repo/pom.xml

09:21:36.051 [main] ERROR f.i.s.r.process.maven.MavenHelper - Error while building complete model. The raw model will be used. Error message: 1 problem was encountered while building the effective model for org.apache.shardingsphere:shardingsphere-integration-test-suite:5.1.2-SNAPSHOT
[ERROR] Failed to determine Java version for profile jdk11+ @ org.apache.shardingsphere:shardingsphere:5.1.2-SNAPSHOT, /root/workspace/apache-shardingsphere-master-18231_repo/pom.xml

09:21:36.053 [main] ERROR f.i.s.r.process.maven.MavenHelper - Error while building complete model. The raw model will be used. Error message: 1 problem was encountered while building the effective model for org.apache.shardingsphere:shardingsphere-integration-test-scaling:5.1.2-SNAPSHOT
[ERROR] Failed to determine Java version for profile jdk11+ @ org.apache.shardingsphere:shardingsphere:5.1.2-SNAPSHOT, /root/workspace/apache-shardingsphere-master-18231_repo/pom.xml

09:21:36.056 [main] ERROR f.i.s.r.process.maven.MavenHelper - Error while building complete model. The raw model will be used. Error message: 1 problem was encountered while building the effective model for org.apache.shardingsphere:shardingsphere-integration-driver-test:5.1.2-SNAPSHOT
[ERROR] Failed to determine Java version for profile jdk11+ @ org.apache.shardingsphere:shardingsphere:5.1.2-SNAPSHOT, /root/workspace/apache-shardingsphere-master-18231_repo/pom.xml

09:21:36.059 [main] ERROR f.i.s.r.process.maven.MavenHelper - Error while building complete model. The raw model will be used. Error message: 1 problem was encountered while building the effective model for org.apache.shardingsphere:shardingsphere-integration-agent-test:5.1.2-SNAPSHOT
[ERROR] Failed to determine Java version for profile jdk11+ @ org.apache.shardingsphere:shardingsphere:5.1.2-SNAPSHOT, /root/workspace/apache-shardingsphere-master-18231_repo/pom.xml

09:21:36.062 [main] ERROR f.i.s.r.process.maven.MavenHelper - Error while building complete model. The raw model will be used. Error message: 1 problem was encountered while building the effective model for org.apache.shardingsphere:shardingsphere-integration-agent-test-plugins:5.1.2-SNAPSHOT
[ERROR] Failed to determine Java version for profile jdk11+ @ org.apache.shardingsphere:shardingsphere:5.1.2-SNAPSHOT, /root/workspace/apache-shardingsphere-master-18231_repo/pom.xml

09:21:36.065 [main] ERROR f.i.s.r.process.maven.MavenHelper - Error while building complete model. The raw model will be used. Error message: 1 problem was encountered while building the effective model for org.apache.shardingsphere:shardingsphere-integration-agent-test-metrics:5.1.2-SNAPSHOT
[ERROR] Failed to determine Java version for profile jdk11+ @ org.apache.shardingsphere:shardingsphere:5.1.2-SNAPSHOT, /root/workspace/apache-shardingsphere-master-18231_repo/pom.xml

09:21:36.068 [main] ERROR f.i.s.r.process.maven.MavenHelper - Error while building complete model. The raw model will be used. Error message: 1 problem was encountered while building the effective model for org.apache.shardingsphere:shardingsphere-integration-agent-test-common:5.1.2-SNAPSHOT
[ERROR] Failed to determine Java version for profile jdk11+ @ org.apache.shardingsphere:shardingsphere:5.1.2-SNAPSHOT, /root/workspace/apache-shardingsphere-master-18231_repo/pom.xml

09:21:36.071 [main] ERROR f.i.s.r.process.maven.MavenHelper - Error while building complete model. The raw model will be used. Error message: 1 problem was encountered while building the effective model for org.apache.shardingsphere:shardingsphere-integration-agent-test-zipkin:5.1.2-SNAPSHOT
[ERROR] Failed to determine Java version for profile jdk11+ @ org.apache.shardingsphere:shardingsphere:5.1.2-SNAPSHOT, /root/workspace/apache-shardingsphere-master-18231_repo/pom.xml

09:21:36.074 [main] ERROR f.i.s.r.process.maven.MavenHelper - Error while building complete model. The raw model will be used. Error message: 1 problem was encountered while building the effective model for org.apache.shardingsphere:shardingsphere-integration-agent-test-jaeger:5.1.2-SNAPSHOT
[ERROR] Failed to determine Java version for profile jdk11+ @ org.apache.shardingsphere:shardingsphere:5.1.2-SNAPSHOT, /root/workspace/apache-shardingsphere-master-18231_repo/pom.xml

09:21:36.078 [main] ERROR f.i.s.r.process.maven.MavenHelper - Error while building complete model. The raw model will be used. Error message: 1 problem was encountered while building the effective model for org.apache.shardingsphere:shardingsphere-integration-agent-test-opentelemetry:5.1.2-SNAPSHOT
[ERROR] Failed to determine Java version for profile jdk11+ @ org.apache.shardingsphere:shardingsphere:5.1.2-SNAPSHOT, /root/workspace/apache-shardingsphere-master-18231_repo/pom.xml

09:21:36.080 [main] ERROR f.i.s.r.process.maven.MavenHelper - Error while building complete model. The raw model will be used. Error message: 1 problem was encountered while building the effective model for org.apache.shardingsphere:shardingsphere-rewrite-test:5.1.2-SNAPSHOT
[ERROR] Failed to determine Java version for profile jdk11+ @ org.apache.shardingsphere:shardingsphere:5.1.2-SNAPSHOT, /root/workspace/apache-shardingsphere-master-18231_repo/pom.xml

09:21:36.083 [main] ERROR f.i.s.r.process.maven.MavenHelper - Error while building complete model. The raw model will be used. Error message: 1 problem was encountered while building the effective model for org.apache.shardingsphere:shardingsphere-parser-test:5.1.2-SNAPSHOT
[ERROR] Failed to determine Java version for profile jdk11+ @ org.apache.shardingsphere:shardingsphere:5.1.2-SNAPSHOT, /root/workspace/apache-shardingsphere-master-18231_repo/pom.xml

09:21:36.085 [main] ERROR f.i.s.r.process.maven.MavenHelper - Error while building complete model. The raw model will be used. Error message: 1 problem was encountered while building the effective model for org.apache.shardingsphere:shardingsphere-optimize-test:5.1.2-SNAPSHOT
[ERROR] Failed to determine Java version for profile jdk11+ @ org.apache.shardingsphere:shardingsphere:5.1.2-SNAPSHOT, /root/workspace/apache-shardingsphere-master-18231_repo/pom.xml

09:21:36.087 [main] ERROR f.i.s.r.process.maven.MavenHelper - Error while building complete model. The raw model will be used. Error message: 1 problem was encountered while building the effective model for org.apache.shardingsphere:shardingsphere-pipeline-test:5.1.2-SNAPSHOT
[ERROR] Failed to determine Java version for profile jdk11+ @ org.apache.shardingsphere:shardingsphere:5.1.2-SNAPSHOT, /root/workspace/apache-shardingsphere-master-18231_repo/pom.xml

09:21:36.089 [main] ERROR f.i.s.r.process.maven.MavenHelper - Error while building complete model. The raw model will be used. Error message: 1 problem was encountered while building the effective model for org.apache.shardingsphere:shardingsphere-distribution:5.1.2-SNAPSHOT
[ERROR] Failed to determine Java version for profile jdk11+ @ org.apache.shardingsphere:shardingsphere:5.1.2-SNAPSHOT, /root/workspace/apache-shardingsphere-master-18231_repo/pom.xml

09:21:36.091 [main] ERROR f.i.s.r.process.maven.MavenHelper - Error while building complete model. The raw model will be used. Error message: 1 problem was encountered while building the effective model for org.apache.shardingsphere:shardingsphere-src-distribution:5.1.2-SNAPSHOT
[ERROR] Failed to determine Java version for profile jdk11+ @ org.apache.shardingsphere:shardingsphere:5.1.2-SNAPSHOT, /root/workspace/apache-shardingsphere-master-18231_repo/pom.xml

09:21:36.091 [main] ERROR f.i.s.r.p.step.paths.ComputeTestDir - The test directory is not at default location or specified in build section from pom.xml, and no parent can be found.
09:21:36.093 [main] ERROR f.i.s.r.process.maven.MavenHelper - Error while building complete model. The raw model will be used. Error message: 1 problem was encountered while building the effective model for org.apache.shardingsphere:shardingsphere-jdbc-distribution:5.1.2-SNAPSHOT
[ERROR] Failed to determine Java version for profile jdk11+ @ org.apache.shardingsphere:shardingsphere:5.1.2-SNAPSHOT, /root/workspace/apache-shardingsphere-master-18231_repo/pom.xml

09:21:36.093 [main] ERROR f.i.s.r.p.step.paths.ComputeTestDir - The test directory is not at default location or specified in build section from pom.xml, and no parent can be found.
09:21:36.095 [main] ERROR f.i.s.r.process.maven.MavenHelper - Error while building complete model. The raw model will be used. Error message: 1 problem was encountered while building the effective model for org.apache.shardingsphere:shardingsphere-proxy-distribution:5.1.2-SNAPSHOT
[ERROR] Failed to determine Java version for profile jdk11+ @ org.apache.shardingsphere:shardingsphere:5.1.2-SNAPSHOT, /root/workspace/apache-shardingsphere-master-18231_repo/pom.xml

09:21:36.095 [main] ERROR f.i.s.r.p.step.paths.ComputeTestDir - The test directory is not at default location or specified in build section from pom.xml, and no parent can be found.
09:21:36.095 [main] ERROR f.i.s.r.p.step.paths.ComputeTestDir - The test directory is not at default location or specified in build section from pom.xml, and no parent can be found.
09:21:36.095 [main] INFO  f.i.s.r.p.step.paths.ComputeTestDir - 112 test dirs were found:
09:21:36.095 [main] INFO  f.i.s.r.p.step.paths.ComputeTestDir - /root/workspace/apache-shardingsphere-master-18231_repo/shardingsphere-agent/shardingsphere-agent-core/src/test/java
09:21:36.095 [main] INFO  f.i.s.r.p.step.paths.ComputeTestDir - /root/workspace/apache-shardingsphere-master-18231_repo/shardingsphere-agent/shardingsphere-agent-plugins/shardingsphere-agent-plugin-metrics/shardingsphere-agent-metrics-api/src/test/java
09:21:36.095 [main] INFO  f.i.s.r.p.step.paths.ComputeTestDir - /root/workspace/apache-shardingsphere-master-18231_repo/shardingsphere-agent/shardingsphere-agent-plugins/shardingsphere-agent-plugin-metrics/shardingsphere-agent-metrics-prometheus/src/test/java
09:21:36.095 [main] INFO  f.i.s.r.p.step.paths.ComputeTestDir - /root/workspace/apache-shardingsphere-master-18231_repo/shardingsphere-agent/shardingsphere-agent-plugins/shardingsphere-agent-plugin-tracing/shardingsphere-agent-tracing-jaeger/src/test/java
09:21:36.095 [main] INFO  f.i.s.r.p.step.paths.ComputeTestDir - /root/workspace/apache-shardingsphere-master-18231_repo/shardingsphere-agent/shardingsphere-agent-plugins/shardingsphere-agent-plugin-tracing/shardingsphere-agent-tracing-opentelemetry/src/test/java
09:21:36.095 [main] INFO  f.i.s.r.p.step.paths.ComputeTestDir - /root/workspace/apache-shardingsphere-master-18231_repo/shardingsphere-agent/shardingsphere-agent-plugins/shardingsphere-agent-plugin-tracing/shardingsphere-agent-tracing-opentracing/src/test/java
09:21:36.095 [main] INFO  f.i.s.r.p.step.paths.ComputeTestDir - /root/workspace/apache-shardingsphere-master-18231_repo/shardingsphere-agent/shardingsphere-agent-plugins/shardingsphere-agent-plugin-tracing/shardingsphere-agent-tracing-zipkin/src/test/java
09:21:36.095 [main] INFO  f.i.s.r.p.step.paths.ComputeTestDir - /root/workspace/apache-shardingsphere-master-18231_repo/shardingsphere-db-protocol/shardingsphere-db-protocol-core/src/test/java
09:21:36.095 [main] INFO  f.i.s.r.p.step.paths.ComputeTestDir - /root/workspace/apache-shardingsphere-master-18231_repo/shardingsphere-db-protocol/shardingsphere-db-protocol-mysql/src/test/java
09:21:36.095 [main] INFO  f.i.s.r.p.step.paths.ComputeTestDir - /root/workspace/apache-shardingsphere-master-18231_repo/shardingsphere-db-protocol/shardingsphere-db-protocol-opengauss/src/test/java
09:21:36.095 [main] INFO  f.i.s.r.p.step.paths.ComputeTestDir - /root/workspace/apache-shardingsphere-master-18231_repo/shardingsphere-db-protocol/shardingsphere-db-protocol-postgresql/src/test/java
09:21:36.095 [main] INFO  f.i.s.r.p.step.paths.ComputeTestDir - /root/workspace/apache-shardingsphere-master-18231_repo/shardingsphere-features/shardingsphere-db-discovery/shardingsphere-db-discovery-core/src/test/java
09:21:36.096 [main] INFO  f.i.s.r.p.step.paths.ComputeTestDir - /root/workspace/apache-shardingsphere-master-18231_repo/shardingsphere-features/shardingsphere-db-discovery/shardingsphere-db-discovery-distsql/shardingsphere-db-discovery-distsql-handler/src/test/java
09:21:36.096 [main] INFO  f.i.s.r.p.step.paths.ComputeTestDir - /root/workspace/apache-shardingsphere-master-18231_repo/shardingsphere-features/shardingsphere-db-discovery/shardingsphere-db-discovery-provider/shardingsphere-db-discovery-mysql/src/test/java
09:21:36.096 [main] INFO  f.i.s.r.p.step.paths.ComputeTestDir - /root/workspace/apache-shardingsphere-master-18231_repo/shardingsphere-features/shardingsphere-db-discovery/shardingsphere-db-discovery-provider/shardingsphere-db-discovery-opengauss/src/test/java
09:21:36.096 [main] INFO  f.i.s.r.p.step.paths.ComputeTestDir - /root/workspace/apache-shardingsphere-master-18231_repo/shardingsphere-features/shardingsphere-db-discovery/shardingsphere-db-discovery-spring/shardingsphere-db-discovery-spring-boot-starter/src/test/java
09:21:36.096 [main] INFO  f.i.s.r.p.step.paths.ComputeTestDir - /root/workspace/apache-shardingsphere-master-18231_repo/shardingsphere-features/shardingsphere-db-discovery/shardingsphere-db-discovery-spring/shardingsphere-db-discovery-spring-namespace/src/test/java
09:21:36.096 [main] INFO  f.i.s.r.p.step.paths.ComputeTestDir - /root/workspace/apache-shardingsphere-master-18231_repo/shardingsphere-features/shardingsphere-encrypt/shardingsphere-encrypt-core/src/test/java
09:21:36.096 [main] INFO  f.i.s.r.p.step.paths.ComputeTestDir - /root/workspace/apache-shardingsphere-master-18231_repo/shardingsphere-features/shardingsphere-encrypt/shardingsphere-encrypt-distsql/shardingsphere-encrypt-distsql-handler/src/test/java
09:21:36.096 [main] INFO  f.i.s.r.p.step.paths.ComputeTestDir - /root/workspace/apache-shardingsphere-master-18231_repo/shardingsphere-features/shardingsphere-encrypt/shardingsphere-encrypt-plugin/shardingsphere-encrypt-sm/src/test/java
09:21:36.096 [main] INFO  f.i.s.r.p.step.paths.ComputeTestDir - /root/workspace/apache-shardingsphere-master-18231_repo/shardingsphere-features/shardingsphere-encrypt/shardingsphere-encrypt-spring/shardingsphere-encrypt-spring-boot-starter/src/test/java
09:21:36.096 [main] INFO  f.i.s.r.p.step.paths.ComputeTestDir - /root/workspace/apache-shardingsphere-master-18231_repo/shardingsphere-features/shardingsphere-encrypt/shardingsphere-encrypt-spring/shardingsphere-encrypt-spring-namespace/src/test/java
09:21:36.096 [main] INFO  f.i.s.r.p.step.paths.ComputeTestDir - /root/workspace/apache-shardingsphere-master-18231_repo/shardingsphere-features/shardingsphere-readwrite-splitting/shardingsphere-readwrite-splitting-api/src/test/java
09:21:36.096 [main] INFO  f.i.s.r.p.step.paths.ComputeTestDir - /root/workspace/apache-shardingsphere-master-18231_repo/shardingsphere-features/shardingsphere-readwrite-splitting/shardingsphere-readwrite-splitting-core/src/test/java
09:21:36.096 [main] INFO  f.i.s.r.p.step.paths.ComputeTestDir - /root/workspace/apache-shardingsphere-master-18231_repo/shardingsphere-features/shardingsphere-readwrite-splitting/shardingsphere-readwrite-splitting-distsql/shardingsphere-readwrite-splitting-distsql-handler/src/test/java
09:21:36.096 [main] INFO  f.i.s.r.p.step.paths.ComputeTestDir - /root/workspace/apache-shardingsphere-master-18231_repo/shardingsphere-features/shardingsphere-readwrite-splitting/shardingsphere-readwrite-splitting-spring/shardingsphere-readwrite-splitting-spring-boot-starter/src/test/java
09:21:36.096 [main] INFO  f.i.s.r.p.step.paths.ComputeTestDir - /root/workspace/apache-shardingsphere-master-18231_repo/shardingsphere-features/shardingsphere-readwrite-splitting/shardingsphere-readwrite-splitting-spring/shardingsphere-readwrite-splitting-spring-namespace/src/test/java
09:21:36.096 [main] INFO  f.i.s.r.p.step.paths.ComputeTestDir - /root/workspace/apache-shardingsphere-master-18231_repo/shardingsphere-features/shardingsphere-shadow/shardingsphere-shadow-core/src/test/java
09:21:36.096 [main] INFO  f.i.s.r.p.step.paths.ComputeTestDir - /root/workspace/apache-shardingsphere-master-18231_repo/shardingsphere-features/shardingsphere-shadow/shardingsphere-shadow-distsql/shardingsphere-shadow-distsql-handler/src/test/java
09:21:36.096 [main] INFO  f.i.s.r.p.step.paths.ComputeTestDir - /root/workspace/apache-shardingsphere-master-18231_repo/shardingsphere-features/shardingsphere-shadow/shardingsphere-shadow-spring/shardingsphere-shadow-spring-boot-starter/src/test/java
09:21:36.096 [main] INFO  f.i.s.r.p.step.paths.ComputeTestDir - /root/workspace/apache-shardingsphere-master-18231_repo/shardingsphere-features/shardingsphere-shadow/shardingsphere-shadow-spring/shardingsphere-shadow-spring-namespace/src/test/java
09:21:36.096 [main] INFO  f.i.s.r.p.step.paths.ComputeTestDir - /root/workspace/apache-shardingsphere-master-18231_repo/shardingsphere-features/shardingsphere-sharding/shardingsphere-sharding-api/src/test/java
09:21:36.096 [main] INFO  f.i.s.r.p.step.paths.ComputeTestDir - /root/workspace/apache-shardingsphere-master-18231_repo/shardingsphere-features/shardingsphere-sharding/shardingsphere-sharding-core/src/test/java
09:21:36.096 [main] INFO  f.i.s.r.p.step.paths.ComputeTestDir - /root/workspace/apache-shardingsphere-master-18231_repo/shardingsphere-features/shardingsphere-sharding/shardingsphere-sharding-distsql/shardingsphere-sharding-distsql-handler/src/test/java
09:21:36.096 [main] INFO  f.i.s.r.p.step.paths.ComputeTestDir - /root/workspace/apache-shardingsphere-master-18231_repo/shardingsphere-features/shardingsphere-sharding/shardingsphere-sharding-plugin/shardingsphere-sharding-cosid/src/test/java
09:21:36.096 [main] INFO  f.i.s.r.p.step.paths.ComputeTestDir - /root/workspace/apache-shardingsphere-master-18231_repo/shardingsphere-features/shardingsphere-sharding/shardingsphere-sharding-plugin/shardingsphere-sharding-nanoid/src/test/java
09:21:36.096 [main] INFO  f.i.s.r.p.step.paths.ComputeTestDir - /root/workspace/apache-shardingsphere-master-18231_repo/shardingsphere-features/shardingsphere-sharding/shardingsphere-sharding-spring/shardingsphere-sharding-spring-boot-starter/src/test/java
09:21:36.096 [main] INFO  f.i.s.r.p.step.paths.ComputeTestDir - /root/workspace/apache-shardingsphere-master-18231_repo/shardingsphere-features/shardingsphere-sharding/shardingsphere-sharding-spring/shardingsphere-sharding-spring-namespace/src/test/java
09:21:36.096 [main] INFO  f.i.s.r.p.step.paths.ComputeTestDir - /root/workspace/apache-shardingsphere-master-18231_repo/shardingsphere-infra/shardingsphere-infra-binder/src/test/java
09:21:36.096 [main] INFO  f.i.s.r.p.step.paths.ComputeTestDir - /root/workspace/apache-shardingsphere-master-18231_repo/shardingsphere-infra/shardingsphere-infra-common/src/test/java
09:21:36.096 [main] INFO  f.i.s.r.p.step.paths.ComputeTestDir - /root/workspace/apache-shardingsphere-master-18231_repo/shardingsphere-infra/shardingsphere-infra-context/src/test/java
09:21:36.096 [main] INFO  f.i.s.r.p.step.paths.ComputeTestDir - /root/workspace/apache-shardingsphere-master-18231_repo/shardingsphere-infra/shardingsphere-infra-datetime/shardingsphere-infra-datetime-spi/src/test/java
09:21:36.096 [main] INFO  f.i.s.r.p.step.paths.ComputeTestDir - /root/workspace/apache-shardingsphere-master-18231_repo/shardingsphere-infra/shardingsphere-infra-datetime/shardingsphere-infra-datetime-type/shardingsphere-database-datetime/src/test/java
09:21:36.096 [main] INFO  f.i.s.r.p.step.paths.ComputeTestDir - /root/workspace/apache-shardingsphere-master-18231_repo/shardingsphere-infra/shardingsphere-infra-datetime/shardingsphere-infra-datetime-type/shardingsphere-system-datetime/src/test/java
09:21:36.096 [main] INFO  f.i.s.r.p.step.paths.ComputeTestDir - /root/workspace/apache-shardingsphere-master-18231_repo/shardingsphere-infra/shardingsphere-infra-executor/src/test/java
09:21:36.096 [main] INFO  f.i.s.r.p.step.paths.ComputeTestDir - /root/workspace/apache-shardingsphere-master-18231_repo/shardingsphere-infra/shardingsphere-infra-federation/shardingsphere-infra-federation-executor/src/test/java
09:21:36.096 [main] INFO  f.i.s.r.p.step.paths.ComputeTestDir - /root/workspace/apache-shardingsphere-master-18231_repo/shardingsphere-infra/shardingsphere-infra-federation/shardingsphere-infra-federation-optimizer/src/test/java
09:21:36.096 [main] INFO  f.i.s.r.p.step.paths.ComputeTestDir - /root/workspace/apache-shardingsphere-master-18231_repo/shardingsphere-infra/shardingsphere-infra-merge/src/test/java
09:21:36.096 [main] INFO  f.i.s.r.p.step.paths.ComputeTestDir - /root/workspace/apache-shardingsphere-master-18231_repo/shardingsphere-infra/shardingsphere-infra-parser/src/test/java
09:21:36.096 [main] INFO  f.i.s.r.p.step.paths.ComputeTestDir - /root/workspace/apache-shardingsphere-master-18231_repo/shardingsphere-infra/shardingsphere-infra-rewrite/src/test/java
09:21:36.096 [main] INFO  f.i.s.r.p.step.paths.ComputeTestDir - /root/workspace/apache-shardingsphere-master-18231_repo/shardingsphere-infra/shardingsphere-infra-route/src/test/java
09:21:36.096 [main] INFO  f.i.s.r.p.step.paths.ComputeTestDir - /root/workspace/apache-shardingsphere-master-18231_repo/shardingsphere-jdbc/shardingsphere-jdbc-core/src/test/java
09:21:36.096 [main] INFO  f.i.s.r.p.step.paths.ComputeTestDir - /root/workspace/apache-shardingsphere-master-18231_repo/shardingsphere-jdbc/shardingsphere-jdbc-spring/shardingsphere-jdbc-core-spring/shardingsphere-jdbc-core-spring-boot-starter/src/test/java
09:21:36.096 [main] INFO  f.i.s.r.p.step.paths.ComputeTestDir - /root/workspace/apache-shardingsphere-master-18231_repo/shardingsphere-jdbc/shardingsphere-jdbc-spring/shardingsphere-jdbc-core-spring/shardingsphere-jdbc-core-spring-namespace/src/test/java
09:21:36.096 [main] INFO  f.i.s.r.p.step.paths.ComputeTestDir - /root/workspace/apache-shardingsphere-master-18231_repo/shardingsphere-jdbc/shardingsphere-jdbc-spring/shardingsphere-jdbc-spring-infra/shardingsphere-jdbc-spring-boot-starter-infra/src/test/java
09:21:36.096 [main] INFO  f.i.s.r.p.step.paths.ComputeTestDir - /root/workspace/apache-shardingsphere-master-18231_repo/shardingsphere-jdbc/shardingsphere-jdbc-spring/shardingsphere-jdbc-spring-infra/shardingsphere-jdbc-spring-namespace-infra/src/test/java
09:21:36.096 [main] INFO  f.i.s.r.p.step.paths.ComputeTestDir - /root/workspace/apache-shardingsphere-master-18231_repo/shardingsphere-jdbc/shardingsphere-jdbc-spring/shardingsphere-jdbc-transaction-spring/src/test/java
09:21:36.096 [main] INFO  f.i.s.r.p.step.paths.ComputeTestDir - /root/workspace/apache-shardingsphere-master-18231_repo/shardingsphere-kernel/shardingsphere-authority/shardingsphere-authority-core/src/test/java
09:21:36.096 [main] INFO  f.i.s.r.p.step.paths.ComputeTestDir - /root/workspace/apache-shardingsphere-master-18231_repo/shardingsphere-kernel/shardingsphere-data-pipeline/shardingsphere-data-pipeline-api/src/test/java
09:21:36.096 [main] INFO  f.i.s.r.p.step.paths.ComputeTestDir - /root/workspace/apache-shardingsphere-master-18231_repo/shardingsphere-kernel/shardingsphere-data-pipeline/shardingsphere-data-pipeline-core/src/test/java
09:21:36.096 [main] INFO  f.i.s.r.p.step.paths.ComputeTestDir - /root/workspace/apache-shardingsphere-master-18231_repo/shardingsphere-kernel/shardingsphere-data-pipeline/shardingsphere-data-pipeline-dialect/shardingsphere-data-pipeline-mysql/src/test/java
09:21:36.096 [main] INFO  f.i.s.r.p.step.paths.ComputeTestDir - /root/workspace/apache-shardingsphere-master-18231_repo/shardingsphere-kernel/shardingsphere-data-pipeline/shardingsphere-data-pipeline-dialect/shardingsphere-data-pipeline-opengauss/src/test/java
09:21:36.096 [main] INFO  f.i.s.r.p.step.paths.ComputeTestDir - /root/workspace/apache-shardingsphere-master-18231_repo/shardingsphere-kernel/shardingsphere-data-pipeline/shardingsphere-data-pipeline-dialect/shardingsphere-data-pipeline-postgresql/src/test/java
09:21:36.096 [main] INFO  f.i.s.r.p.step.paths.ComputeTestDir - /root/workspace/apache-shardingsphere-master-18231_repo/shardingsphere-kernel/shardingsphere-parser/shardingsphere-parser-spring/shardingsphere-parser-spring-boot-starter/src/test/java
09:21:36.096 [main] INFO  f.i.s.r.p.step.paths.ComputeTestDir - /root/workspace/apache-shardingsphere-master-18231_repo/shardingsphere-kernel/shardingsphere-parser/shardingsphere-parser-spring/shardingsphere-parser-spring-namespace/src/test/java
09:21:36.096 [main] INFO  f.i.s.r.p.step.paths.ComputeTestDir - /root/workspace/apache-shardingsphere-master-18231_repo/shardingsphere-kernel/shardingsphere-single-table/shardingsphere-single-table-core/src/test/java
09:21:36.096 [main] INFO  f.i.s.r.p.step.paths.ComputeTestDir - /root/workspace/apache-shardingsphere-master-18231_repo/shardingsphere-kernel/shardingsphere-traffic/shardingsphere-traffic-api/src/test/java
09:21:36.096 [main] INFO  f.i.s.r.p.step.paths.ComputeTestDir - /root/workspace/apache-shardingsphere-master-18231_repo/shardingsphere-kernel/shardingsphere-traffic/shardingsphere-traffic-core/src/test/java
09:21:36.096 [main] INFO  f.i.s.r.p.step.paths.ComputeTestDir - /root/workspace/apache-shardingsphere-master-18231_repo/shardingsphere-kernel/shardingsphere-transaction/shardingsphere-transaction-core/src/test/java
09:21:36.096 [main] INFO  f.i.s.r.p.step.paths.ComputeTestDir - /root/workspace/apache-shardingsphere-master-18231_repo/shardingsphere-kernel/shardingsphere-transaction/shardingsphere-transaction-type/shardingsphere-transaction-base/shardingsphere-transaction-base-seata-at/src/test/java
09:21:36.096 [main] INFO  f.i.s.r.p.step.paths.ComputeTestDir - /root/workspace/apache-shardingsphere-master-18231_repo/shardingsphere-kernel/shardingsphere-transaction/shardingsphere-transaction-type/shardingsphere-transaction-xa/shardingsphere-transaction-xa-core/src/test/java
09:21:36.096 [main] INFO  f.i.s.r.p.step.paths.ComputeTestDir - /root/workspace/apache-shardingsphere-master-18231_repo/shardingsphere-kernel/shardingsphere-transaction/shardingsphere-transaction-type/shardingsphere-transaction-xa/shardingsphere-transaction-xa-provider/shardingsphere-transaction-xa-atomikos/src/test/java
09:21:36.096 [main] INFO  f.i.s.r.p.step.paths.ComputeTestDir - /root/workspace/apache-shardingsphere-master-18231_repo/shardingsphere-kernel/shardingsphere-transaction/shardingsphere-transaction-type/shardingsphere-transaction-xa/shardingsphere-transaction-xa-provider/shardingsphere-transaction-xa-bitronix/src/test/java
09:21:36.096 [main] INFO  f.i.s.r.p.step.paths.ComputeTestDir - /root/workspace/apache-shardingsphere-master-18231_repo/shardingsphere-kernel/shardingsphere-transaction/shardingsphere-transaction-type/shardingsphere-transaction-xa/shardingsphere-transaction-xa-provider/shardingsphere-transaction-xa-narayana/src/test/java
09:21:36.096 [main] INFO  f.i.s.r.p.step.paths.ComputeTestDir - /root/workspace/apache-shardingsphere-master-18231_repo/shardingsphere-kernel/shardingsphere-transaction/shardingsphere-transaction-type/shardingsphere-transaction-xa/shardingsphere-transaction-xa-spi/src/test/java
09:21:36.096 [main] INFO  f.i.s.r.p.step.paths.ComputeTestDir - /root/workspace/apache-shardingsphere-master-18231_repo/shardingsphere-mode/shardingsphere-mode-core/src/test/java
09:21:36.096 [main] INFO  f.i.s.r.p.step.paths.ComputeTestDir - /root/workspace/apache-shardingsphere-master-18231_repo/shardingsphere-mode/shardingsphere-mode-type/shardingsphere-cluster-mode/shardingsphere-cluster-mode-core/src/test/java
09:21:36.096 [main] INFO  f.i.s.r.p.step.paths.ComputeTestDir - /root/workspace/apache-shardingsphere-master-18231_repo/shardingsphere-mode/shardingsphere-mode-type/shardingsphere-cluster-mode/shardingsphere-cluster-mode-repository/shardingsphere-cluster-mode-repository-provider/shardingsphere-cluster-mode-repository-etcd/src/test/java
09:21:36.096 [main] INFO  f.i.s.r.p.step.paths.ComputeTestDir - /root/workspace/apache-shardingsphere-master-18231_repo/shardingsphere-mode/shardingsphere-mode-type/shardingsphere-cluster-mode/shardingsphere-cluster-mode-repository/shardingsphere-cluster-mode-repository-provider/shardingsphere-cluster-mode-repository-zookeeper-curator/src/test/java
09:21:36.096 [main] INFO  f.i.s.r.p.step.paths.ComputeTestDir - /root/workspace/apache-shardingsphere-master-18231_repo/shardingsphere-mode/shardingsphere-mode-type/shardingsphere-standalone-mode/shardingsphere-standalone-mode-core/src/test/java
09:21:36.096 [main] INFO  f.i.s.r.p.step.paths.ComputeTestDir - /root/workspace/apache-shardingsphere-master-18231_repo/shardingsphere-mode/shardingsphere-mode-type/shardingsphere-standalone-mode/shardingsphere-standalone-mode-repository/shardingsphere-standalone-mode-repository-provider/shardingsphere-standalone-mode-repository-file/src/test/java
09:21:36.096 [main] INFO  f.i.s.r.p.step.paths.ComputeTestDir - /root/workspace/apache-shardingsphere-master-18231_repo/shardingsphere-mode/shardingsphere-mode-type/shardingsphere-standalone-mode/shardingsphere-standalone-mode-repository/shardingsphere-standalone-mode-repository-provider/shardingsphere-standalone-mode-repository-h2/src/test/java
09:21:36.096 [main] INFO  f.i.s.r.p.step.paths.ComputeTestDir - /root/workspace/apache-shardingsphere-master-18231_repo/shardingsphere-proxy/shardingsphere-proxy-backend/src/test/java
09:21:36.096 [main] INFO  f.i.s.r.p.step.paths.ComputeTestDir - /root/workspace/apache-shardingsphere-master-18231_repo/shardingsphere-proxy/shardingsphere-proxy-bootstrap/src/test/java
09:21:36.096 [main] INFO  f.i.s.r.p.step.paths.ComputeTestDir - /root/workspace/apache-shardingsphere-master-18231_repo/shardingsphere-proxy/shardingsphere-proxy-frontend/shardingsphere-proxy-frontend-core/src/test/java
09:21:36.096 [main] INFO  f.i.s.r.p.step.paths.ComputeTestDir - /root/workspace/apache-shardingsphere-master-18231_repo/shardingsphere-proxy/shardingsphere-proxy-frontend/shardingsphere-proxy-frontend-mysql/src/test/java
09:21:36.096 [main] INFO  f.i.s.r.p.step.paths.ComputeTestDir - /root/workspace/apache-shardingsphere-master-18231_repo/shardingsphere-proxy/shardingsphere-proxy-frontend/shardingsphere-proxy-frontend-opengauss/src/test/java
09:21:36.096 [main] INFO  f.i.s.r.p.step.paths.ComputeTestDir - /root/workspace/apache-shardingsphere-master-18231_repo/shardingsphere-proxy/shardingsphere-proxy-frontend/shardingsphere-proxy-frontend-postgresql/src/test/java
09:21:36.096 [main] INFO  f.i.s.r.p.step.paths.ComputeTestDir - /root/workspace/apache-shardingsphere-master-18231_repo/shardingsphere-proxy/shardingsphere-proxy-frontend/shardingsphere-proxy-frontend-reactive-core/src/test/java
09:21:36.096 [main] INFO  f.i.s.r.p.step.paths.ComputeTestDir - /root/workspace/apache-shardingsphere-master-18231_repo/shardingsphere-spi/src/test/java
09:21:36.096 [main] INFO  f.i.s.r.p.step.paths.ComputeTestDir - /root/workspace/apache-shardingsphere-master-18231_repo/shardingsphere-sql-parser/shardingsphere-sql-parser-dialect/shardingsphere-sql-parser-mysql/src/test/java
09:21:36.096 [main] INFO  f.i.s.r.p.step.paths.ComputeTestDir - /root/workspace/apache-shardingsphere-master-18231_repo/shardingsphere-sql-parser/shardingsphere-sql-parser-dialect/shardingsphere-sql-parser-opengauss/src/test/java
09:21:36.096 [main] INFO  f.i.s.r.p.step.paths.ComputeTestDir - /root/workspace/apache-shardingsphere-master-18231_repo/shardingsphere-sql-parser/shardingsphere-sql-parser-dialect/shardingsphere-sql-parser-oracle/src/test/java
09:21:36.096 [main] INFO  f.i.s.r.p.step.paths.ComputeTestDir - /root/workspace/apache-shardingsphere-master-18231_repo/shardingsphere-sql-parser/shardingsphere-sql-parser-dialect/shardingsphere-sql-parser-postgresql/src/test/java
09:21:36.096 [main] INFO  f.i.s.r.p.step.paths.ComputeTestDir - /root/workspace/apache-shardingsphere-master-18231_repo/shardingsphere-sql-parser/shardingsphere-sql-parser-dialect/shardingsphere-sql-parser-sql92/src/test/java
09:21:36.096 [main] INFO  f.i.s.r.p.step.paths.ComputeTestDir - /root/workspace/apache-shardingsphere-master-18231_repo/shardingsphere-sql-parser/shardingsphere-sql-parser-dialect/shardingsphere-sql-parser-sqlserver/src/test/java
09:21:36.096 [main] INFO  f.i.s.r.p.step.paths.ComputeTestDir - /root/workspace/apache-shardingsphere-master-18231_repo/shardingsphere-sql-parser/shardingsphere-sql-parser-engine/src/test/java
09:21:36.096 [main] INFO  f.i.s.r.p.step.paths.ComputeTestDir - /root/workspace/apache-shardingsphere-master-18231_repo/shardingsphere-sql-parser/shardingsphere-sql-parser-statement/src/test/java
09:21:36.096 [main] INFO  f.i.s.r.p.step.paths.ComputeTestDir - /root/workspace/apache-shardingsphere-master-18231_repo/shardingsphere-test/shardingsphere-integration-agent-test/shardingsphere-integration-agent-test-plugins/shardingsphere-integration-agent-test-common/src/test/java
09:21:36.096 [main] INFO  f.i.s.r.p.step.paths.ComputeTestDir - /root/workspace/apache-shardingsphere-master-18231_repo/shardingsphere-test/shardingsphere-integration-agent-test/shardingsphere-integration-agent-test-plugins/shardingsphere-integration-agent-test-jaeger/src/test/java
09:21:36.096 [main] INFO  f.i.s.r.p.step.paths.ComputeTestDir - /root/workspace/apache-shardingsphere-master-18231_repo/shardingsphere-test/shardingsphere-integration-agent-test/shardingsphere-integration-agent-test-plugins/shardingsphere-integration-agent-test-metrics/src/test/java
09:21:36.096 [main] INFO  f.i.s.r.p.step.paths.ComputeTestDir - /root/workspace/apache-shardingsphere-master-18231_repo/shardingsphere-test/shardingsphere-integration-agent-test/shardingsphere-integration-agent-test-plugins/shardingsphere-integration-agent-test-opentelemetry/src/test/java
09:21:36.096 [main] INFO  f.i.s.r.p.step.paths.ComputeTestDir - /root/workspace/apache-shardingsphere-master-18231_repo/shardingsphere-test/shardingsphere-integration-agent-test/shardingsphere-integration-agent-test-plugins/shardingsphere-integration-agent-test-zipkin/src/test/java
09:21:36.096 [main] INFO  f.i.s.r.p.step.paths.ComputeTestDir - /root/workspace/apache-shardingsphere-master-18231_repo/shardingsphere-test/shardingsphere-integration-driver-test/src/test/java
09:21:36.096 [main] INFO  f.i.s.r.p.step.paths.ComputeTestDir - /root/workspace/apache-shardingsphere-master-18231_repo/shardingsphere-test/shardingsphere-integration-test/shardingsphere-integration-test-env/src/test/java
09:21:36.096 [main] INFO  f.i.s.r.p.step.paths.ComputeTestDir - /root/workspace/apache-shardingsphere-master-18231_repo/shardingsphere-test/shardingsphere-integration-test/shardingsphere-integration-test-fixture/src/test/java
09:21:36.096 [main] INFO  f.i.s.r.p.step.paths.ComputeTestDir - /root/workspace/apache-shardingsphere-master-18231_repo/shardingsphere-test/shardingsphere-integration-test/shardingsphere-integration-test-scaling/src/test/java
09:21:36.096 [main] INFO  f.i.s.r.p.step.paths.ComputeTestDir - /root/workspace/apache-shardingsphere-master-18231_repo/shardingsphere-test/shardingsphere-integration-test/shardingsphere-integration-test-suite/src/test/java
09:21:36.096 [main] INFO  f.i.s.r.p.step.paths.ComputeTestDir - /root/workspace/apache-shardingsphere-master-18231_repo/shardingsphere-test/shardingsphere-optimize-test/src/test/java
09:21:36.096 [main] INFO  f.i.s.r.p.step.paths.ComputeTestDir - /root/workspace/apache-shardingsphere-master-18231_repo/shardingsphere-test/shardingsphere-parser-test/src/test/java
09:21:36.096 [main] INFO  f.i.s.r.p.step.paths.ComputeTestDir - /root/workspace/apache-shardingsphere-master-18231_repo/shardingsphere-test/shardingsphere-pipeline-test/src/test/java
09:21:36.096 [main] INFO  f.i.s.r.p.step.paths.ComputeTestDir - /root/workspace/apache-shardingsphere-master-18231_repo/shardingsphere-test/shardingsphere-rewrite-test/src/test/java
09:21:37.888 [main] INFO  f.i.s.r.p.s.g.GatherTestInformation - ---Test results---
09:21:37.888 [main] INFO  f.i.s.r.p.s.g.GatherTestInformation -    Total tests: 28112
09:21:37.888 [main] INFO  f.i.s.r.p.s.g.GatherTestInformation -    Tests run: 28107
09:21:37.888 [main] INFO  f.i.s.r.p.s.g.GatherTestInformation -    Tests passing: 28107
09:21:37.888 [main] INFO  f.i.s.r.p.s.g.GatherTestInformation -    Failures: 0
09:21:37.888 [main] INFO  f.i.s.r.p.s.g.GatherTestInformation -    Errors: 0
09:21:37.888 [main] INFO  f.i.s.r.p.s.g.GatherTestInformation -    Skipped: 5
09:21:37.889 [main] INFO  f.i.s.r.p.s.g.GatherTestInformation - 
09:21:41.186 [main] INFO  f.i.s.r.p.i.ProjectInspector - ----------------------------------------------------------------------
09:21:41.186 [main] INFO  f.i.s.r.p.i.ProjectInspector - PIPELINE EXECUTION SUMMARY
09:21:41.186 [main] INFO  f.i.s.r.p.i.ProjectInspector - ----------------------------------------------------------------------
09:21:41.186 [main] INFO  f.i.s.r.p.i.ProjectInspector - CloneCheckoutGitPullRequest..........................SUCCESS [  40 s ]
09:21:41.186 [main] INFO  f.i.s.r.p.i.ProjectInspector - BuildProject.........................................SUCCESS [ 994 s ]
09:21:41.186 [main] INFO  f.i.s.r.p.i.ProjectInspector - TestProject..........................................SUCCESS [ 905 s ]
09:21:41.186 [main] INFO  f.i.s.r.p.i.ProjectInspector - ComputeClasspath.....................................SUCCESS [  15 s ]
09:21:41.186 [main] INFO  f.i.s.r.p.i.ProjectInspector - ComputeSourceDir.....................................SUCCESS [   0 s ]
09:21:41.186 [main] INFO  f.i.s.r.p.i.ProjectInspector - ComputeTestDir.......................................SUCCESS [   0 s ]
09:21:41.186 [main] INFO  f.i.s.r.p.i.ProjectInspector - GatherTestInformation................................FAILURE [   1 s ]
09:21:41.186 [main] INFO  f.i.s.r.p.i.ProjectInspector - FlacocoLocalization..................................NOT RUN          
09:21:41.186 [main] INFO  f.i.s.r.p.i.ProjectInspector - PushFaultLocalizationSuggestionsOnGitHubRepository...NOT RUN          
09:21:41.186 [main] INFO  f.i.s.r.p.i.ProjectInspector - ----------------------------------------------------------------------
09:21:41.186 [main] INFO  f.i.s.r.p.i.ProjectInspector - PIPELINE FINDING: NOTFAILING
09:21:41.186 [main] INFO  f.i.s.r.p.i.ProjectInspector - ----------------------------------------------------------------------
09:21:41.186 [main] INFO  f.i.s.r.p.github.GithubMainProcess - Inspector is finished. The process will exit now.
