Execute pipeline with following supplementary args: --smtpPort 25 --listenerMode NOOP --launcherMode FAULT_LOCALIZATION  --gitrepourl https://github.com/apache/shardingsphere --gitrepopullrequest 18250
java -cp /usr/local/openjdk-11/lib/tools.jar:repairnator-pipeline.jar -Dlogback.configurationFile=/root/logback.xml fr.inria.spirals.repairnator.pipeline.Launcher -d --runId null -o /var/log --ghOauth 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 --faultLocalization --flacocoThreshold 0.0 --flacocoTopK null --flacocoResultsRepository flacocobot/2022-flacocobot-experiment --ghOauth  --smtpPort 25 --listenerMode NOOP --launcherMode FAULT_LOCALIZATION  --gitrepourl https://github.com/apache/shardingsphere --gitrepopullrequest 18250

11:00:30.740 [main] INFO  f.i.s.r.p.g.GithubInitSerializerEngines - Initialize file serializer engines.
11:00:30.742 [main] INFO  f.i.s.r.p.g.GithubInitSerializerEngines - MongoDB won't be used for serialization.
11:00:30.742 [main] INFO  f.i.s.r.p.github.GithubInitNotifiers - The email notifier engine won't be used.
11:00:30.764 [main] INFO  f.i.s.r.p.i.ProjectInspector - ----------------------------------------------------------------------
11:00:30.764 [main] INFO  f.i.s.r.p.i.ProjectInspector - PIPELINE STEPS
11:00:30.764 [main] INFO  f.i.s.r.p.i.ProjectInspector - ----------------------------------------------------------------------
11:00:30.764 [main] INFO  f.i.s.r.p.i.ProjectInspector - CloneCheckoutGitPullRequest
11:00:30.764 [main] INFO  f.i.s.r.p.i.ProjectInspector - BuildProject
11:00:30.764 [main] INFO  f.i.s.r.p.i.ProjectInspector - TestProject
11:00:30.764 [main] INFO  f.i.s.r.p.i.ProjectInspector - ComputeClasspath
11:00:30.764 [main] INFO  f.i.s.r.p.i.ProjectInspector - ComputeSourceDir
11:00:30.764 [main] INFO  f.i.s.r.p.i.ProjectInspector - ComputeTestDir
11:00:30.764 [main] INFO  f.i.s.r.p.i.ProjectInspector - GatherTestInformation
11:00:30.764 [main] INFO  f.i.s.r.p.i.ProjectInspector - FlacocoLocalization
11:00:30.764 [main] INFO  f.i.s.r.p.i.ProjectInspector - PushFaultLocalizationSuggestionsOnGitHubRepository
11:00:30.765 [main] INFO  f.i.s.r.p.s.CloneCheckoutGitPullRequest - Cloning repository https://github.com/apache/shardingsphere.git in the following directory: ./workspace/apache-shardingsphere-master-18250_repo
11:21:44.915 [Thread-7] ERROR f.i.s.r.p.m.o.MavenFilterOutputHandler - [ERROR] src/test/java/org/apache/shardingsphere/infra/database/type/DatabaseTypeEngineTest.java:[28,8] (imports) UnusedImports: Unused import - org.apache.shardingsphere.infra.fixture.FixtureDatabaseType.
11:21:44.975 [Thread-7] ERROR f.i.s.r.p.m.o.MavenFilterOutputHandler - [ERROR] Failed to execute goal org.apache.maven.plugins:maven-checkstyle-plugin:3.1.0:check (validate) on project shardingsphere-infra-common: You have 1 Checkstyle violation. -> [Help 1]
11:21:44.978 [Thread-7] ERROR f.i.s.r.p.m.o.MavenFilterOutputHandler - [ERROR] 
11:21:44.978 [Thread-7] ERROR f.i.s.r.p.m.o.MavenFilterOutputHandler - [ERROR] Re-run Maven using the -X switch to enable full debug logging.
11:21:44.978 [Thread-7] ERROR f.i.s.r.p.m.o.MavenFilterOutputHandler - [ERROR] 
11:21:44.978 [Thread-7] ERROR f.i.s.r.p.m.o.MavenFilterOutputHandler - [ERROR] For more information about the errors and possible solutions, please read the following articles:
11:21:44.978 [Thread-7] ERROR f.i.s.r.p.m.o.MavenFilterOutputHandler - [ERROR] [Help 1] http://cwiki.apache.org/confluence/display/MAVEN/MojoFailureException
11:21:44.979 [Thread-7] ERROR f.i.s.r.p.m.o.MavenFilterOutputHandler - [ERROR] 
11:21:44.979 [Thread-7] ERROR f.i.s.r.p.m.o.MavenFilterOutputHandler - [ERROR] After correcting the problems, you can resume the build with the command
11:21:44.979 [Thread-7] ERROR f.i.s.r.p.m.o.MavenFilterOutputHandler - [ERROR]   mvn <goals> -rf :shardingsphere-infra-common
11:21:59.410 [main] ERROR f.i.s.r.p.s.paths.ComputeClasspath - The file does not exist: /root/./workspace/apache-shardingsphere-master-18250_repo/target/classes.
11:21:59.411 [main] ERROR f.i.s.r.p.s.paths.ComputeClasspath - The file does not exist: /root/./workspace/apache-shardingsphere-master-18250_repo/target/test-classes.
11:21:59.502 [main] ERROR f.i.s.r.process.maven.MavenHelper - Error while building complete model. The raw model will be used. Error message: 1 problem was encountered while building the effective model for org.apache.shardingsphere:shardingsphere:5.1.2-SNAPSHOT
[ERROR] Failed to determine Java version for profile jdk11+ @ 

11:21:59.587 [main] ERROR f.i.s.r.process.maven.MavenHelper - Error while building complete model. The raw model will be used. Error message: 1 problem was encountered while building the effective model for org.apache.shardingsphere:shardingsphere-sql-parser:5.1.2-SNAPSHOT
[ERROR] Failed to determine Java version for profile jdk11+ @ org.apache.shardingsphere:shardingsphere:5.1.2-SNAPSHOT, /root/workspace/apache-shardingsphere-master-18250_repo/pom.xml

11:21:59.603 [main] ERROR f.i.s.r.process.maven.MavenHelper - Error while building complete model. The raw model will be used. Error message: 1 problem was encountered while building the effective model for org.apache.shardingsphere:shardingsphere-sql-parser-dialect:5.1.2-SNAPSHOT
[ERROR] Failed to determine Java version for profile jdk11+ @ org.apache.shardingsphere:shardingsphere:5.1.2-SNAPSHOT, /root/workspace/apache-shardingsphere-master-18250_repo/pom.xml

11:21:59.609 [main] ERROR f.i.s.r.process.maven.MavenHelper - Error while building complete model. The raw model will be used. Error message: 1 problem was encountered while building the effective model for org.apache.shardingsphere:shardingsphere-distsql:5.1.2-SNAPSHOT
[ERROR] Failed to determine Java version for profile jdk11+ @ org.apache.shardingsphere:shardingsphere:5.1.2-SNAPSHOT, /root/workspace/apache-shardingsphere-master-18250_repo/pom.xml

11:21:59.618 [main] ERROR f.i.s.r.process.maven.MavenHelper - Error while building complete model. The raw model will be used. Error message: 1 problem was encountered while building the effective model for org.apache.shardingsphere:shardingsphere-db-protocol:5.1.2-SNAPSHOT
[ERROR] Failed to determine Java version for profile jdk11+ @ org.apache.shardingsphere:shardingsphere:5.1.2-SNAPSHOT, /root/workspace/apache-shardingsphere-master-18250_repo/pom.xml

11:21:59.622 [main] ERROR f.i.s.r.process.maven.MavenHelper - Error while building complete model. The raw model will be used. Error message: 1 problem was encountered while building the effective model for org.apache.shardingsphere:shardingsphere-infra:5.1.2-SNAPSHOT
[ERROR] Failed to determine Java version for profile jdk11+ @ org.apache.shardingsphere:shardingsphere:5.1.2-SNAPSHOT, /root/workspace/apache-shardingsphere-master-18250_repo/pom.xml

11:21:59.627 [main] ERROR f.i.s.r.process.maven.MavenHelper - Error while building complete model. The raw model will be used. Error message: 1 problem was encountered while building the effective model for org.apache.shardingsphere:shardingsphere-infra-datetime:5.1.2-SNAPSHOT
[ERROR] Failed to determine Java version for profile jdk11+ @ org.apache.shardingsphere:shardingsphere:5.1.2-SNAPSHOT, /root/workspace/apache-shardingsphere-master-18250_repo/pom.xml

11:21:59.633 [main] ERROR f.i.s.r.process.maven.MavenHelper - Error while building complete model. The raw model will be used. Error message: 1 problem was encountered while building the effective model for org.apache.shardingsphere:shardingsphere-infra-datetime-type:5.1.2-SNAPSHOT
[ERROR] Failed to determine Java version for profile jdk11+ @ org.apache.shardingsphere:shardingsphere:5.1.2-SNAPSHOT, /root/workspace/apache-shardingsphere-master-18250_repo/pom.xml

11:21:59.642 [main] ERROR f.i.s.r.process.maven.MavenHelper - Error while building complete model. The raw model will be used. Error message: 1 problem was encountered while building the effective model for org.apache.shardingsphere:shardingsphere-infra-federation:5.1.2-SNAPSHOT
[ERROR] Failed to determine Java version for profile jdk11+ @ org.apache.shardingsphere:shardingsphere:5.1.2-SNAPSHOT, /root/workspace/apache-shardingsphere-master-18250_repo/pom.xml

11:21:59.650 [main] ERROR f.i.s.r.process.maven.MavenHelper - Error while building complete model. The raw model will be used. Error message: 1 problem was encountered while building the effective model for org.apache.shardingsphere:shardingsphere-mode:5.1.2-SNAPSHOT
[ERROR] Failed to determine Java version for profile jdk11+ @ org.apache.shardingsphere:shardingsphere:5.1.2-SNAPSHOT, /root/workspace/apache-shardingsphere-master-18250_repo/pom.xml

11:21:59.655 [main] ERROR f.i.s.r.process.maven.MavenHelper - Error while building complete model. The raw model will be used. Error message: 1 problem was encountered while building the effective model for org.apache.shardingsphere:shardingsphere-mode-type:5.1.2-SNAPSHOT
[ERROR] Failed to determine Java version for profile jdk11+ @ org.apache.shardingsphere:shardingsphere:5.1.2-SNAPSHOT, /root/workspace/apache-shardingsphere-master-18250_repo/pom.xml

11:21:59.664 [main] ERROR f.i.s.r.process.maven.MavenHelper - Error while building complete model. The raw model will be used. Error message: 1 problem was encountered while building the effective model for org.apache.shardingsphere:shardingsphere-memory-mode:5.1.2-SNAPSHOT
[ERROR] Failed to determine Java version for profile jdk11+ @ org.apache.shardingsphere:shardingsphere:5.1.2-SNAPSHOT, /root/workspace/apache-shardingsphere-master-18250_repo/pom.xml

11:21:59.669 [main] ERROR f.i.s.r.process.maven.MavenHelper - Error while building complete model. The raw model will be used. Error message: 1 problem was encountered while building the effective model for org.apache.shardingsphere:shardingsphere-standalone-mode:5.1.2-SNAPSHOT
[ERROR] Failed to determine Java version for profile jdk11+ @ org.apache.shardingsphere:shardingsphere:5.1.2-SNAPSHOT, /root/workspace/apache-shardingsphere-master-18250_repo/pom.xml

11:21:59.675 [main] ERROR f.i.s.r.process.maven.MavenHelper - Error while building complete model. The raw model will be used. Error message: 1 problem was encountered while building the effective model for org.apache.shardingsphere:shardingsphere-standalone-mode-repository:5.1.2-SNAPSHOT
[ERROR] Failed to determine Java version for profile jdk11+ @ org.apache.shardingsphere:shardingsphere:5.1.2-SNAPSHOT, /root/workspace/apache-shardingsphere-master-18250_repo/pom.xml

11:21:59.683 [main] ERROR f.i.s.r.process.maven.MavenHelper - Error while building complete model. The raw model will be used. Error message: 1 problem was encountered while building the effective model for org.apache.shardingsphere:shardingsphere-standalone-mode-repository-provider:5.1.2-SNAPSHOT
[ERROR] Failed to determine Java version for profile jdk11+ @ org.apache.shardingsphere:shardingsphere:5.1.2-SNAPSHOT, /root/workspace/apache-shardingsphere-master-18250_repo/pom.xml

11:21:59.693 [main] ERROR f.i.s.r.process.maven.MavenHelper - Error while building complete model. The raw model will be used. Error message: 1 problem was encountered while building the effective model for org.apache.shardingsphere:shardingsphere-cluster-mode:5.1.2-SNAPSHOT
[ERROR] Failed to determine Java version for profile jdk11+ @ org.apache.shardingsphere:shardingsphere:5.1.2-SNAPSHOT, /root/workspace/apache-shardingsphere-master-18250_repo/pom.xml

11:21:59.698 [main] ERROR f.i.s.r.process.maven.MavenHelper - Error while building complete model. The raw model will be used. Error message: 1 problem was encountered while building the effective model for org.apache.shardingsphere:shardingsphere-cluster-mode-repository:5.1.2-SNAPSHOT
[ERROR] Failed to determine Java version for profile jdk11+ @ org.apache.shardingsphere:shardingsphere:5.1.2-SNAPSHOT, /root/workspace/apache-shardingsphere-master-18250_repo/pom.xml

11:21:59.703 [main] ERROR f.i.s.r.process.maven.MavenHelper - Error while building complete model. The raw model will be used. Error message: 1 problem was encountered while building the effective model for org.apache.shardingsphere:shardingsphere-cluster-mode-repository-provider:5.1.2-SNAPSHOT
[ERROR] Failed to determine Java version for profile jdk11+ @ org.apache.shardingsphere:shardingsphere:5.1.2-SNAPSHOT, /root/workspace/apache-shardingsphere-master-18250_repo/pom.xml

11:21:59.730 [main] ERROR f.i.s.r.process.maven.MavenHelper - Error while building complete model. The raw model will be used. Error message: 1 problem was encountered while building the effective model for org.apache.shardingsphere:shardingsphere-kernel:5.1.2-SNAPSHOT
[ERROR] Failed to determine Java version for profile jdk11+ @ org.apache.shardingsphere:shardingsphere:5.1.2-SNAPSHOT, /root/workspace/apache-shardingsphere-master-18250_repo/pom.xml

11:21:59.735 [main] ERROR f.i.s.r.process.maven.MavenHelper - Error while building complete model. The raw model will be used. Error message: 1 problem was encountered while building the effective model for org.apache.shardingsphere:shardingsphere-parser:5.1.2-SNAPSHOT
[ERROR] Failed to determine Java version for profile jdk11+ @ org.apache.shardingsphere:shardingsphere:5.1.2-SNAPSHOT, /root/workspace/apache-shardingsphere-master-18250_repo/pom.xml

11:21:59.743 [main] ERROR f.i.s.r.process.maven.MavenHelper - Error while building complete model. The raw model will be used. Error message: 1 problem was encountered while building the effective model for org.apache.shardingsphere:shardingsphere-parser-spring:5.1.2-SNAPSHOT
[ERROR] Failed to determine Java version for profile jdk11+ @ org.apache.shardingsphere:shardingsphere:5.1.2-SNAPSHOT, /root/workspace/apache-shardingsphere-master-18250_repo/pom.xml

11:21:59.748 [main] ERROR f.i.s.r.process.maven.MavenHelper - Error while building complete model. The raw model will be used. Error message: 1 problem was encountered while building the effective model for org.apache.shardingsphere:shardingsphere-single-table:5.1.2-SNAPSHOT
[ERROR] Failed to determine Java version for profile jdk11+ @ org.apache.shardingsphere:shardingsphere:5.1.2-SNAPSHOT, /root/workspace/apache-shardingsphere-master-18250_repo/pom.xml

11:21:59.759 [main] ERROR f.i.s.r.process.maven.MavenHelper - Error while building complete model. The raw model will be used. Error message: 1 problem was encountered while building the effective model for org.apache.shardingsphere:shardingsphere-authority:5.1.2-SNAPSHOT
[ERROR] Failed to determine Java version for profile jdk11+ @ org.apache.shardingsphere:shardingsphere:5.1.2-SNAPSHOT, /root/workspace/apache-shardingsphere-master-18250_repo/pom.xml

11:21:59.764 [main] ERROR f.i.s.r.process.maven.MavenHelper - Error while building complete model. The raw model will be used. Error message: 1 problem was encountered while building the effective model for org.apache.shardingsphere:shardingsphere-transaction:5.1.2-SNAPSHOT
[ERROR] Failed to determine Java version for profile jdk11+ @ org.apache.shardingsphere:shardingsphere:5.1.2-SNAPSHOT, /root/workspace/apache-shardingsphere-master-18250_repo/pom.xml

11:21:59.769 [main] ERROR f.i.s.r.process.maven.MavenHelper - Error while building complete model. The raw model will be used. Error message: 1 problem was encountered while building the effective model for org.apache.shardingsphere:shardingsphere-transaction-type:5.1.2-SNAPSHOT
[ERROR] Failed to determine Java version for profile jdk11+ @ org.apache.shardingsphere:shardingsphere:5.1.2-SNAPSHOT, /root/workspace/apache-shardingsphere-master-18250_repo/pom.xml

11:21:59.774 [main] ERROR f.i.s.r.process.maven.MavenHelper - Error while building complete model. The raw model will be used. Error message: 1 problem was encountered while building the effective model for org.apache.shardingsphere:shardingsphere-transaction-xa:5.1.2-SNAPSHOT
[ERROR] Failed to determine Java version for profile jdk11+ @ org.apache.shardingsphere:shardingsphere:5.1.2-SNAPSHOT, /root/workspace/apache-shardingsphere-master-18250_repo/pom.xml

11:21:59.779 [main] ERROR f.i.s.r.process.maven.MavenHelper - Error while building complete model. The raw model will be used. Error message: 1 problem was encountered while building the effective model for org.apache.shardingsphere:shardingsphere-transaction-xa-provider:5.1.2-SNAPSHOT
[ERROR] Failed to determine Java version for profile jdk11+ @ org.apache.shardingsphere:shardingsphere:5.1.2-SNAPSHOT, /root/workspace/apache-shardingsphere-master-18250_repo/pom.xml

11:21:59.795 [main] ERROR f.i.s.r.process.maven.MavenHelper - Error while building complete model. The raw model will be used. Error message: 1 problem was encountered while building the effective model for org.apache.shardingsphere:shardingsphere-transaction-base:5.1.2-SNAPSHOT
[ERROR] Failed to determine Java version for profile jdk11+ @ org.apache.shardingsphere:shardingsphere:5.1.2-SNAPSHOT, /root/workspace/apache-shardingsphere-master-18250_repo/pom.xml

11:21:59.799 [main] ERROR f.i.s.r.process.maven.MavenHelper - Error while building complete model. The raw model will be used. Error message: 1 problem was encountered while building the effective model for org.apache.shardingsphere:shardingsphere-schedule:5.1.2-SNAPSHOT
[ERROR] Failed to determine Java version for profile jdk11+ @ org.apache.shardingsphere:shardingsphere:5.1.2-SNAPSHOT, /root/workspace/apache-shardingsphere-master-18250_repo/pom.xml

11:21:59.802 [main] ERROR f.i.s.r.process.maven.MavenHelper - Error while building complete model. The raw model will be used. Error message: 1 problem was encountered while building the effective model for org.apache.shardingsphere:shardingsphere-data-pipeline:5.1.2-SNAPSHOT
[ERROR] Failed to determine Java version for profile jdk11+ @ org.apache.shardingsphere:shardingsphere:5.1.2-SNAPSHOT, /root/workspace/apache-shardingsphere-master-18250_repo/pom.xml

11:21:59.806 [main] ERROR f.i.s.r.process.maven.MavenHelper - Error while building complete model. The raw model will be used. Error message: 1 problem was encountered while building the effective model for org.apache.shardingsphere:shardingsphere-data-pipeline-dialect:5.1.2-SNAPSHOT
[ERROR] Failed to determine Java version for profile jdk11+ @ org.apache.shardingsphere:shardingsphere:5.1.2-SNAPSHOT, /root/workspace/apache-shardingsphere-master-18250_repo/pom.xml

11:21:59.819 [main] ERROR f.i.s.r.process.maven.MavenHelper - Error while building complete model. The raw model will be used. Error message: 1 problem was encountered while building the effective model for org.apache.shardingsphere:shardingsphere-sql-translator:5.1.2-SNAPSHOT
[ERROR] Failed to determine Java version for profile jdk11+ @ org.apache.shardingsphere:shardingsphere:5.1.2-SNAPSHOT, /root/workspace/apache-shardingsphere-master-18250_repo/pom.xml

11:21:59.822 [main] ERROR f.i.s.r.process.maven.MavenHelper - Error while building complete model. The raw model will be used. Error message: 1 problem was encountered while building the effective model for org.apache.shardingsphere:shardingsphere-sql-translator-provider:5.1.2-SNAPSHOT
[ERROR] Failed to determine Java version for profile jdk11+ @ org.apache.shardingsphere:shardingsphere:5.1.2-SNAPSHOT, /root/workspace/apache-shardingsphere-master-18250_repo/pom.xml

11:21:59.825 [main] ERROR f.i.s.r.process.maven.MavenHelper - Error while building complete model. The raw model will be used. Error message: 1 problem was encountered while building the effective model for org.apache.shardingsphere:shardingsphere-traffic:5.1.2-SNAPSHOT
[ERROR] Failed to determine Java version for profile jdk11+ @ org.apache.shardingsphere:shardingsphere:5.1.2-SNAPSHOT, /root/workspace/apache-shardingsphere-master-18250_repo/pom.xml

11:21:59.829 [main] ERROR f.i.s.r.process.maven.MavenHelper - Error while building complete model. The raw model will be used. Error message: 1 problem was encountered while building the effective model for org.apache.shardingsphere:shardingsphere-jdbc:5.1.2-SNAPSHOT
[ERROR] Failed to determine Java version for profile jdk11+ @ org.apache.shardingsphere:shardingsphere:5.1.2-SNAPSHOT, /root/workspace/apache-shardingsphere-master-18250_repo/pom.xml

11:21:59.832 [main] ERROR f.i.s.r.process.maven.MavenHelper - Error while building complete model. The raw model will be used. Error message: 1 problem was encountered while building the effective model for org.apache.shardingsphere:shardingsphere-jdbc-spring:5.1.2-SNAPSHOT
[ERROR] Failed to determine Java version for profile jdk11+ @ org.apache.shardingsphere:shardingsphere:5.1.2-SNAPSHOT, /root/workspace/apache-shardingsphere-master-18250_repo/pom.xml

11:21:59.836 [main] ERROR f.i.s.r.process.maven.MavenHelper - Error while building complete model. The raw model will be used. Error message: 1 problem was encountered while building the effective model for org.apache.shardingsphere:shardingsphere-jdbc-spring-infra:5.1.2-SNAPSHOT
[ERROR] Failed to determine Java version for profile jdk11+ @ org.apache.shardingsphere:shardingsphere:5.1.2-SNAPSHOT, /root/workspace/apache-shardingsphere-master-18250_repo/pom.xml

11:21:59.839 [main] ERROR f.i.s.r.process.maven.MavenHelper - Error while building complete model. The raw model will be used. Error message: 1 problem was encountered while building the effective model for org.apache.shardingsphere:shardingsphere-jdbc-core-spring:5.1.2-SNAPSHOT
[ERROR] Failed to determine Java version for profile jdk11+ @ org.apache.shardingsphere:shardingsphere:5.1.2-SNAPSHOT, /root/workspace/apache-shardingsphere-master-18250_repo/pom.xml

11:21:59.843 [main] ERROR f.i.s.r.process.maven.MavenHelper - Error while building complete model. The raw model will be used. Error message: 1 problem was encountered while building the effective model for org.apache.shardingsphere:shardingsphere-proxy:5.1.2-SNAPSHOT
[ERROR] Failed to determine Java version for profile jdk11+ @ org.apache.shardingsphere:shardingsphere:5.1.2-SNAPSHOT, /root/workspace/apache-shardingsphere-master-18250_repo/pom.xml

11:21:59.851 [main] ERROR f.i.s.r.process.maven.MavenHelper - Error while building complete model. The raw model will be used. Error message: 1 problem was encountered while building the effective model for org.apache.shardingsphere:shardingsphere-proxy-frontend:5.1.2-SNAPSHOT
[ERROR] Failed to determine Java version for profile jdk11+ @ org.apache.shardingsphere:shardingsphere:5.1.2-SNAPSHOT, /root/workspace/apache-shardingsphere-master-18250_repo/pom.xml

11:21:59.855 [main] ERROR f.i.s.r.process.maven.MavenHelper - Error while building complete model. The raw model will be used. Error message: 1 problem was encountered while building the effective model for org.apache.shardingsphere:shardingsphere-features:5.1.2-SNAPSHOT
[ERROR] Failed to determine Java version for profile jdk11+ @ org.apache.shardingsphere:shardingsphere:5.1.2-SNAPSHOT, /root/workspace/apache-shardingsphere-master-18250_repo/pom.xml

11:21:59.858 [main] ERROR f.i.s.r.process.maven.MavenHelper - Error while building complete model. The raw model will be used. Error message: 1 problem was encountered while building the effective model for org.apache.shardingsphere:shardingsphere-sharding:5.1.2-SNAPSHOT
[ERROR] Failed to determine Java version for profile jdk11+ @ org.apache.shardingsphere:shardingsphere:5.1.2-SNAPSHOT, /root/workspace/apache-shardingsphere-master-18250_repo/pom.xml

11:21:59.862 [main] ERROR f.i.s.r.process.maven.MavenHelper - Error while building complete model. The raw model will be used. Error message: 1 problem was encountered while building the effective model for org.apache.shardingsphere:shardingsphere-sharding-distsql:5.1.2-SNAPSHOT
[ERROR] Failed to determine Java version for profile jdk11+ @ org.apache.shardingsphere:shardingsphere:5.1.2-SNAPSHOT, /root/workspace/apache-shardingsphere-master-18250_repo/pom.xml

11:21:59.865 [main] ERROR f.i.s.r.process.maven.MavenHelper - Error while building complete model. The raw model will be used. Error message: 1 problem was encountered while building the effective model for org.apache.shardingsphere:shardingsphere-sharding-spring:5.1.2-SNAPSHOT
[ERROR] Failed to determine Java version for profile jdk11+ @ org.apache.shardingsphere:shardingsphere:5.1.2-SNAPSHOT, /root/workspace/apache-shardingsphere-master-18250_repo/pom.xml

11:21:59.869 [main] ERROR f.i.s.r.process.maven.MavenHelper - Error while building complete model. The raw model will be used. Error message: 1 problem was encountered while building the effective model for org.apache.shardingsphere:shardingsphere-sharding-plugin:5.1.2-SNAPSHOT
[ERROR] Failed to determine Java version for profile jdk11+ @ org.apache.shardingsphere:shardingsphere:5.1.2-SNAPSHOT, /root/workspace/apache-shardingsphere-master-18250_repo/pom.xml

11:21:59.873 [main] ERROR f.i.s.r.process.maven.MavenHelper - Error while building complete model. The raw model will be used. Error message: 1 problem was encountered while building the effective model for org.apache.shardingsphere:shardingsphere-readwrite-splitting:5.1.2-SNAPSHOT
[ERROR] Failed to determine Java version for profile jdk11+ @ org.apache.shardingsphere:shardingsphere:5.1.2-SNAPSHOT, /root/workspace/apache-shardingsphere-master-18250_repo/pom.xml

11:21:59.878 [main] ERROR f.i.s.r.process.maven.MavenHelper - Error while building complete model. The raw model will be used. Error message: 1 problem was encountered while building the effective model for org.apache.shardingsphere:shardingsphere-readwrite-splitting-distsql:5.1.2-SNAPSHOT
[ERROR] Failed to determine Java version for profile jdk11+ @ org.apache.shardingsphere:shardingsphere:5.1.2-SNAPSHOT, /root/workspace/apache-shardingsphere-master-18250_repo/pom.xml

11:21:59.882 [main] ERROR f.i.s.r.process.maven.MavenHelper - Error while building complete model. The raw model will be used. Error message: 1 problem was encountered while building the effective model for org.apache.shardingsphere:shardingsphere-readwrite-splitting-spring:5.1.2-SNAPSHOT
[ERROR] Failed to determine Java version for profile jdk11+ @ org.apache.shardingsphere:shardingsphere:5.1.2-SNAPSHOT, /root/workspace/apache-shardingsphere-master-18250_repo/pom.xml

11:21:59.886 [main] ERROR f.i.s.r.process.maven.MavenHelper - Error while building complete model. The raw model will be used. Error message: 1 problem was encountered while building the effective model for org.apache.shardingsphere:shardingsphere-db-discovery:5.1.2-SNAPSHOT
[ERROR] Failed to determine Java version for profile jdk11+ @ org.apache.shardingsphere:shardingsphere:5.1.2-SNAPSHOT, /root/workspace/apache-shardingsphere-master-18250_repo/pom.xml

11:21:59.899 [main] ERROR f.i.s.r.process.maven.MavenHelper - Error while building complete model. The raw model will be used. Error message: 1 problem was encountered while building the effective model for org.apache.shardingsphere:shardingsphere-db-discovery-distsql:5.1.2-SNAPSHOT
[ERROR] Failed to determine Java version for profile jdk11+ @ org.apache.shardingsphere:shardingsphere:5.1.2-SNAPSHOT, /root/workspace/apache-shardingsphere-master-18250_repo/pom.xml

11:21:59.903 [main] ERROR f.i.s.r.process.maven.MavenHelper - Error while building complete model. The raw model will be used. Error message: 1 problem was encountered while building the effective model for org.apache.shardingsphere:shardingsphere-db-discovery-provider:5.1.2-SNAPSHOT
[ERROR] Failed to determine Java version for profile jdk11+ @ org.apache.shardingsphere:shardingsphere:5.1.2-SNAPSHOT, /root/workspace/apache-shardingsphere-master-18250_repo/pom.xml

11:21:59.907 [main] ERROR f.i.s.r.process.maven.MavenHelper - Error while building complete model. The raw model will be used. Error message: 1 problem was encountered while building the effective model for org.apache.shardingsphere:shardingsphere-db-discovery-spring:5.1.2-SNAPSHOT
[ERROR] Failed to determine Java version for profile jdk11+ @ org.apache.shardingsphere:shardingsphere:5.1.2-SNAPSHOT, /root/workspace/apache-shardingsphere-master-18250_repo/pom.xml

11:21:59.922 [main] ERROR f.i.s.r.process.maven.MavenHelper - Error while building complete model. The raw model will be used. Error message: 1 problem was encountered while building the effective model for org.apache.shardingsphere:shardingsphere-encrypt:5.1.2-SNAPSHOT
[ERROR] Failed to determine Java version for profile jdk11+ @ org.apache.shardingsphere:shardingsphere:5.1.2-SNAPSHOT, /root/workspace/apache-shardingsphere-master-18250_repo/pom.xml

11:21:59.925 [main] ERROR f.i.s.r.process.maven.MavenHelper - Error while building complete model. The raw model will be used. Error message: 1 problem was encountered while building the effective model for org.apache.shardingsphere:shardingsphere-encrypt-distsql:5.1.2-SNAPSHOT
[ERROR] Failed to determine Java version for profile jdk11+ @ org.apache.shardingsphere:shardingsphere:5.1.2-SNAPSHOT, /root/workspace/apache-shardingsphere-master-18250_repo/pom.xml

11:21:59.930 [main] ERROR f.i.s.r.process.maven.MavenHelper - Error while building complete model. The raw model will be used. Error message: 1 problem was encountered while building the effective model for org.apache.shardingsphere:shardingsphere-encrypt-spring:5.1.2-SNAPSHOT
[ERROR] Failed to determine Java version for profile jdk11+ @ org.apache.shardingsphere:shardingsphere:5.1.2-SNAPSHOT, /root/workspace/apache-shardingsphere-master-18250_repo/pom.xml

11:21:59.940 [main] ERROR f.i.s.r.process.maven.MavenHelper - Error while building complete model. The raw model will be used. Error message: 1 problem was encountered while building the effective model for org.apache.shardingsphere:shardingsphere-encrypt-plugin:5.1.2-SNAPSHOT
[ERROR] Failed to determine Java version for profile jdk11+ @ org.apache.shardingsphere:shardingsphere:5.1.2-SNAPSHOT, /root/workspace/apache-shardingsphere-master-18250_repo/pom.xml

11:21:59.944 [main] ERROR f.i.s.r.process.maven.MavenHelper - Error while building complete model. The raw model will be used. Error message: 1 problem was encountered while building the effective model for org.apache.shardingsphere:shardingsphere-shadow:5.1.2-SNAPSHOT
[ERROR] Failed to determine Java version for profile jdk11+ @ org.apache.shardingsphere:shardingsphere:5.1.2-SNAPSHOT, /root/workspace/apache-shardingsphere-master-18250_repo/pom.xml

11:21:59.947 [main] ERROR f.i.s.r.process.maven.MavenHelper - Error while building complete model. The raw model will be used. Error message: 1 problem was encountered while building the effective model for org.apache.shardingsphere:shardingsphere-shadow-distsql:5.1.2-SNAPSHOT
[ERROR] Failed to determine Java version for profile jdk11+ @ org.apache.shardingsphere:shardingsphere:5.1.2-SNAPSHOT, /root/workspace/apache-shardingsphere-master-18250_repo/pom.xml

11:21:59.951 [main] ERROR f.i.s.r.process.maven.MavenHelper - Error while building complete model. The raw model will be used. Error message: 1 problem was encountered while building the effective model for org.apache.shardingsphere:shardingsphere-shadow-spring:5.1.2-SNAPSHOT
[ERROR] Failed to determine Java version for profile jdk11+ @ org.apache.shardingsphere:shardingsphere:5.1.2-SNAPSHOT, /root/workspace/apache-shardingsphere-master-18250_repo/pom.xml

11:21:59.979 [main] ERROR f.i.s.r.process.maven.MavenHelper - Error while building complete model. The raw model will be used. Error message: 1 problem was encountered while building the effective model for org.apache.shardingsphere:shardingsphere-agent:5.1.2-SNAPSHOT
[ERROR] Failed to determine Java version for profile jdk11+ @ org.apache.shardingsphere:shardingsphere:5.1.2-SNAPSHOT, /root/workspace/apache-shardingsphere-master-18250_repo/pom.xml

11:21:59.983 [main] ERROR f.i.s.r.process.maven.MavenHelper - Error while building complete model. The raw model will be used. Error message: 1 problem was encountered while building the effective model for org.apache.shardingsphere:shardingsphere-agent-plugins:5.1.2-SNAPSHOT
[ERROR] Failed to determine Java version for profile jdk11+ @ org.apache.shardingsphere:shardingsphere:5.1.2-SNAPSHOT, /root/workspace/apache-shardingsphere-master-18250_repo/pom.xml

11:21:59.987 [main] ERROR f.i.s.r.process.maven.MavenHelper - Error while building complete model. The raw model will be used. Error message: 1 problem was encountered while building the effective model for org.apache.shardingsphere:shardingsphere-agent-plugin-metrics:5.1.2-SNAPSHOT
[ERROR] Failed to determine Java version for profile jdk11+ @ org.apache.shardingsphere:shardingsphere:5.1.2-SNAPSHOT, /root/workspace/apache-shardingsphere-master-18250_repo/pom.xml

11:21:59.994 [main] ERROR f.i.s.r.process.maven.MavenHelper - Error while building complete model. The raw model will be used. Error message: 1 problem was encountered while building the effective model for org.apache.shardingsphere:shardingsphere-agent-plugin-tracing:5.1.2-SNAPSHOT
[ERROR] Failed to determine Java version for profile jdk11+ @ org.apache.shardingsphere:shardingsphere:5.1.2-SNAPSHOT, /root/workspace/apache-shardingsphere-master-18250_repo/pom.xml

11:22:00.003 [main] ERROR f.i.s.r.process.maven.MavenHelper - Error while building complete model. The raw model will be used. Error message: 1 problem was encountered while building the effective model for org.apache.shardingsphere:shardingsphere-agent-plugin-logging:5.1.2-SNAPSHOT
[ERROR] Failed to determine Java version for profile jdk11+ @ org.apache.shardingsphere:shardingsphere:5.1.2-SNAPSHOT, /root/workspace/apache-shardingsphere-master-18250_repo/pom.xml

11:22:00.006 [main] ERROR f.i.s.r.process.maven.MavenHelper - Error while building complete model. The raw model will be used. Error message: 1 problem was encountered while building the effective model for org.apache.shardingsphere:shardingsphere-agent-distribution:5.1.2-SNAPSHOT
[ERROR] Failed to determine Java version for profile jdk11+ @ org.apache.shardingsphere:shardingsphere:5.1.2-SNAPSHOT, /root/workspace/apache-shardingsphere-master-18250_repo/pom.xml

11:22:00.006 [main] ERROR f.i.s.r.p.s.paths.ComputeSourceDir - The source directory is not at default location or specified in build section from pom.xml, and no parent can be found.
11:22:00.009 [main] ERROR f.i.s.r.process.maven.MavenHelper - Error while building complete model. The raw model will be used. Error message: 1 problem was encountered while building the effective model for org.apache.shardingsphere:shardingsphere-test:5.1.2-SNAPSHOT
[ERROR] Failed to determine Java version for profile jdk11+ @ org.apache.shardingsphere:shardingsphere:5.1.2-SNAPSHOT, /root/workspace/apache-shardingsphere-master-18250_repo/pom.xml

11:22:00.012 [main] ERROR f.i.s.r.process.maven.MavenHelper - Error while building complete model. The raw model will be used. Error message: 1 problem was encountered while building the effective model for org.apache.shardingsphere:shardingsphere-integration-test:5.1.2-SNAPSHOT
[ERROR] Failed to determine Java version for profile jdk11+ @ org.apache.shardingsphere:shardingsphere:5.1.2-SNAPSHOT, /root/workspace/apache-shardingsphere-master-18250_repo/pom.xml

11:22:00.020 [main] ERROR f.i.s.r.process.maven.MavenHelper - Error while building complete model. The raw model will be used. Error message: 1 problem was encountered while building the effective model for org.apache.shardingsphere:shardingsphere-integration-test-fixture:5.1.2-SNAPSHOT
[ERROR] Failed to determine Java version for profile jdk11+ @ org.apache.shardingsphere:shardingsphere:5.1.2-SNAPSHOT, /root/workspace/apache-shardingsphere-master-18250_repo/pom.xml

11:22:00.020 [main] ERROR f.i.s.r.p.s.paths.ComputeSourceDir - The source directory is not at default location or specified in build section from pom.xml, and no parent can be found.
11:22:00.024 [main] ERROR f.i.s.r.process.maven.MavenHelper - Error while building complete model. The raw model will be used. Error message: 1 problem was encountered while building the effective model for org.apache.shardingsphere:shardingsphere-integration-test-env:5.1.2-SNAPSHOT
[ERROR] Failed to determine Java version for profile jdk11+ @ org.apache.shardingsphere:shardingsphere:5.1.2-SNAPSHOT, /root/workspace/apache-shardingsphere-master-18250_repo/pom.xml

11:22:00.024 [main] ERROR f.i.s.r.p.s.paths.ComputeSourceDir - The source directory is not at default location or specified in build section from pom.xml, and no parent can be found.
11:22:00.028 [main] ERROR f.i.s.r.process.maven.MavenHelper - Error while building complete model. The raw model will be used. Error message: 1 problem was encountered while building the effective model for org.apache.shardingsphere:shardingsphere-integration-test-suite:5.1.2-SNAPSHOT
[ERROR] Failed to determine Java version for profile jdk11+ @ org.apache.shardingsphere:shardingsphere:5.1.2-SNAPSHOT, /root/workspace/apache-shardingsphere-master-18250_repo/pom.xml

11:22:00.028 [main] ERROR f.i.s.r.p.s.paths.ComputeSourceDir - The source directory is not at default location or specified in build section from pom.xml, and no parent can be found.
11:22:00.037 [main] ERROR f.i.s.r.process.maven.MavenHelper - Error while building complete model. The raw model will be used. Error message: 1 problem was encountered while building the effective model for org.apache.shardingsphere:shardingsphere-integration-test-scaling:5.1.2-SNAPSHOT
[ERROR] Failed to determine Java version for profile jdk11+ @ org.apache.shardingsphere:shardingsphere:5.1.2-SNAPSHOT, /root/workspace/apache-shardingsphere-master-18250_repo/pom.xml

11:22:00.037 [main] ERROR f.i.s.r.p.s.paths.ComputeSourceDir - The source directory is not at default location or specified in build section from pom.xml, and no parent can be found.
11:22:00.037 [main] ERROR f.i.s.r.p.s.paths.ComputeSourceDir - The source directory is not at default location or specified in build section from pom.xml, and no parent can be found.
11:22:00.041 [main] ERROR f.i.s.r.process.maven.MavenHelper - Error while building complete model. The raw model will be used. Error message: 1 problem was encountered while building the effective model for org.apache.shardingsphere:shardingsphere-integration-driver-test:5.1.2-SNAPSHOT
[ERROR] Failed to determine Java version for profile jdk11+ @ org.apache.shardingsphere:shardingsphere:5.1.2-SNAPSHOT, /root/workspace/apache-shardingsphere-master-18250_repo/pom.xml

11:22:00.041 [main] ERROR f.i.s.r.p.s.paths.ComputeSourceDir - The source directory is not at default location or specified in build section from pom.xml, and no parent can be found.
11:22:00.044 [main] ERROR f.i.s.r.process.maven.MavenHelper - Error while building complete model. The raw model will be used. Error message: 1 problem was encountered while building the effective model for org.apache.shardingsphere:shardingsphere-integration-agent-test:5.1.2-SNAPSHOT
[ERROR] Failed to determine Java version for profile jdk11+ @ org.apache.shardingsphere:shardingsphere:5.1.2-SNAPSHOT, /root/workspace/apache-shardingsphere-master-18250_repo/pom.xml

11:22:00.048 [main] ERROR f.i.s.r.process.maven.MavenHelper - Error while building complete model. The raw model will be used. Error message: 1 problem was encountered while building the effective model for org.apache.shardingsphere:shardingsphere-integration-agent-test-plugins:5.1.2-SNAPSHOT
[ERROR] Failed to determine Java version for profile jdk11+ @ org.apache.shardingsphere:shardingsphere:5.1.2-SNAPSHOT, /root/workspace/apache-shardingsphere-master-18250_repo/pom.xml

11:22:00.057 [main] ERROR f.i.s.r.process.maven.MavenHelper - Error while building complete model. The raw model will be used. Error message: 1 problem was encountered while building the effective model for org.apache.shardingsphere:shardingsphere-integration-agent-test-metrics:5.1.2-SNAPSHOT
[ERROR] Failed to determine Java version for profile jdk11+ @ org.apache.shardingsphere:shardingsphere:5.1.2-SNAPSHOT, /root/workspace/apache-shardingsphere-master-18250_repo/pom.xml

11:22:00.057 [main] ERROR f.i.s.r.p.s.paths.ComputeSourceDir - The source directory is not at default location or specified in build section from pom.xml, and no parent can be found.
11:22:00.061 [main] ERROR f.i.s.r.process.maven.MavenHelper - Error while building complete model. The raw model will be used. Error message: 1 problem was encountered while building the effective model for org.apache.shardingsphere:shardingsphere-integration-agent-test-common:5.1.2-SNAPSHOT
[ERROR] Failed to determine Java version for profile jdk11+ @ org.apache.shardingsphere:shardingsphere:5.1.2-SNAPSHOT, /root/workspace/apache-shardingsphere-master-18250_repo/pom.xml

11:22:00.061 [main] ERROR f.i.s.r.p.s.paths.ComputeSourceDir - The source directory is not at default location or specified in build section from pom.xml, and no parent can be found.
11:22:00.065 [main] ERROR f.i.s.r.process.maven.MavenHelper - Error while building complete model. The raw model will be used. Error message: 1 problem was encountered while building the effective model for org.apache.shardingsphere:shardingsphere-integration-agent-test-zipkin:5.1.2-SNAPSHOT
[ERROR] Failed to determine Java version for profile jdk11+ @ org.apache.shardingsphere:shardingsphere:5.1.2-SNAPSHOT, /root/workspace/apache-shardingsphere-master-18250_repo/pom.xml

11:22:00.065 [main] ERROR f.i.s.r.p.s.paths.ComputeSourceDir - The source directory is not at default location or specified in build section from pom.xml, and no parent can be found.
11:22:00.070 [main] ERROR f.i.s.r.process.maven.MavenHelper - Error while building complete model. The raw model will be used. Error message: 1 problem was encountered while building the effective model for org.apache.shardingsphere:shardingsphere-integration-agent-test-jaeger:5.1.2-SNAPSHOT
[ERROR] Failed to determine Java version for profile jdk11+ @ org.apache.shardingsphere:shardingsphere:5.1.2-SNAPSHOT, /root/workspace/apache-shardingsphere-master-18250_repo/pom.xml

11:22:00.070 [main] ERROR f.i.s.r.p.s.paths.ComputeSourceDir - The source directory is not at default location or specified in build section from pom.xml, and no parent can be found.
11:22:00.101 [main] ERROR f.i.s.r.process.maven.MavenHelper - Error while building complete model. The raw model will be used. Error message: 1 problem was encountered while building the effective model for org.apache.shardingsphere:shardingsphere-integration-agent-test-opentelemetry:5.1.2-SNAPSHOT
[ERROR] Failed to determine Java version for profile jdk11+ @ org.apache.shardingsphere:shardingsphere:5.1.2-SNAPSHOT, /root/workspace/apache-shardingsphere-master-18250_repo/pom.xml

11:22:00.102 [main] ERROR f.i.s.r.p.s.paths.ComputeSourceDir - The source directory is not at default location or specified in build section from pom.xml, and no parent can be found.
11:22:00.102 [main] ERROR f.i.s.r.p.s.paths.ComputeSourceDir - The source directory is not at default location or specified in build section from pom.xml, and no parent can be found.
11:22:00.102 [main] ERROR f.i.s.r.p.s.paths.ComputeSourceDir - The source directory is not at default location or specified in build section from pom.xml, and no parent can be found.
11:22:00.105 [main] ERROR f.i.s.r.process.maven.MavenHelper - Error while building complete model. The raw model will be used. Error message: 1 problem was encountered while building the effective model for org.apache.shardingsphere:shardingsphere-rewrite-test:5.1.2-SNAPSHOT
[ERROR] Failed to determine Java version for profile jdk11+ @ org.apache.shardingsphere:shardingsphere:5.1.2-SNAPSHOT, /root/workspace/apache-shardingsphere-master-18250_repo/pom.xml

11:22:00.105 [main] ERROR f.i.s.r.p.s.paths.ComputeSourceDir - The source directory is not at default location or specified in build section from pom.xml, and no parent can be found.
11:22:00.108 [main] ERROR f.i.s.r.process.maven.MavenHelper - Error while building complete model. The raw model will be used. Error message: 1 problem was encountered while building the effective model for org.apache.shardingsphere:shardingsphere-optimize-test:5.1.2-SNAPSHOT
[ERROR] Failed to determine Java version for profile jdk11+ @ org.apache.shardingsphere:shardingsphere:5.1.2-SNAPSHOT, /root/workspace/apache-shardingsphere-master-18250_repo/pom.xml

11:22:00.108 [main] ERROR f.i.s.r.p.s.paths.ComputeSourceDir - The source directory is not at default location or specified in build section from pom.xml, and no parent can be found.
11:22:00.111 [main] ERROR f.i.s.r.process.maven.MavenHelper - Error while building complete model. The raw model will be used. Error message: 1 problem was encountered while building the effective model for org.apache.shardingsphere:shardingsphere-pipeline-test:5.1.2-SNAPSHOT
[ERROR] Failed to determine Java version for profile jdk11+ @ org.apache.shardingsphere:shardingsphere:5.1.2-SNAPSHOT, /root/workspace/apache-shardingsphere-master-18250_repo/pom.xml

11:22:00.111 [main] ERROR f.i.s.r.p.s.paths.ComputeSourceDir - The source directory is not at default location or specified in build section from pom.xml, and no parent can be found.
11:22:00.114 [main] ERROR f.i.s.r.process.maven.MavenHelper - Error while building complete model. The raw model will be used. Error message: 1 problem was encountered while building the effective model for org.apache.shardingsphere:shardingsphere-distribution:5.1.2-SNAPSHOT
[ERROR] Failed to determine Java version for profile jdk11+ @ org.apache.shardingsphere:shardingsphere:5.1.2-SNAPSHOT, /root/workspace/apache-shardingsphere-master-18250_repo/pom.xml

11:22:00.117 [main] ERROR f.i.s.r.process.maven.MavenHelper - Error while building complete model. The raw model will be used. Error message: 1 problem was encountered while building the effective model for org.apache.shardingsphere:shardingsphere-src-distribution:5.1.2-SNAPSHOT
[ERROR] Failed to determine Java version for profile jdk11+ @ org.apache.shardingsphere:shardingsphere:5.1.2-SNAPSHOT, /root/workspace/apache-shardingsphere-master-18250_repo/pom.xml

11:22:00.120 [main] ERROR f.i.s.r.p.s.paths.ComputeSourceDir - The source directory is not at default location or specified in build section from pom.xml, and no parent can be found.
11:22:00.124 [main] ERROR f.i.s.r.process.maven.MavenHelper - Error while building complete model. The raw model will be used. Error message: 1 problem was encountered while building the effective model for org.apache.shardingsphere:shardingsphere-jdbc-distribution:5.1.2-SNAPSHOT
[ERROR] Failed to determine Java version for profile jdk11+ @ org.apache.shardingsphere:shardingsphere:5.1.2-SNAPSHOT, /root/workspace/apache-shardingsphere-master-18250_repo/pom.xml

11:22:00.124 [main] ERROR f.i.s.r.p.s.paths.ComputeSourceDir - The source directory is not at default location or specified in build section from pom.xml, and no parent can be found.
11:22:00.128 [main] ERROR f.i.s.r.process.maven.MavenHelper - Error while building complete model. The raw model will be used. Error message: 1 problem was encountered while building the effective model for org.apache.shardingsphere:shardingsphere-proxy-distribution:5.1.2-SNAPSHOT
[ERROR] Failed to determine Java version for profile jdk11+ @ org.apache.shardingsphere:shardingsphere:5.1.2-SNAPSHOT, /root/workspace/apache-shardingsphere-master-18250_repo/pom.xml

11:22:00.128 [main] ERROR f.i.s.r.p.s.paths.ComputeSourceDir - The source directory is not at default location or specified in build section from pom.xml, and no parent can be found.
11:22:00.128 [main] ERROR f.i.s.r.p.s.paths.ComputeSourceDir - The source directory is not at default location or specified in build section from pom.xml, and no parent can be found.
11:22:00.129 [main] INFO  f.i.s.r.p.s.paths.ComputeSourceDir - 136 source dirs were found:
11:22:00.129 [main] INFO  f.i.s.r.p.s.paths.ComputeSourceDir - /root/workspace/apache-shardingsphere-master-18250_repo/shardingsphere-agent/shardingsphere-agent-api/src/main/java
11:22:00.129 [main] INFO  f.i.s.r.p.s.paths.ComputeSourceDir - /root/workspace/apache-shardingsphere-master-18250_repo/shardingsphere-agent/shardingsphere-agent-bootstrap/src/main/java
11:22:00.129 [main] INFO  f.i.s.r.p.s.paths.ComputeSourceDir - /root/workspace/apache-shardingsphere-master-18250_repo/shardingsphere-agent/shardingsphere-agent-core/src/main/java
11:22:00.129 [main] INFO  f.i.s.r.p.s.paths.ComputeSourceDir - /root/workspace/apache-shardingsphere-master-18250_repo/shardingsphere-agent/shardingsphere-agent-plugins/shardingsphere-agent-plugin-logging/shardingsphere-agent-logging-base/src/main/java
11:22:00.129 [main] INFO  f.i.s.r.p.s.paths.ComputeSourceDir - /root/workspace/apache-shardingsphere-master-18250_repo/shardingsphere-agent/shardingsphere-agent-plugins/shardingsphere-agent-plugin-metrics/shardingsphere-agent-metrics-api/src/main/java
11:22:00.129 [main] INFO  f.i.s.r.p.s.paths.ComputeSourceDir - /root/workspace/apache-shardingsphere-master-18250_repo/shardingsphere-agent/shardingsphere-agent-plugins/shardingsphere-agent-plugin-metrics/shardingsphere-agent-metrics-prometheus/src/main/java
11:22:00.129 [main] INFO  f.i.s.r.p.s.paths.ComputeSourceDir - /root/workspace/apache-shardingsphere-master-18250_repo/shardingsphere-agent/shardingsphere-agent-plugins/shardingsphere-agent-plugin-tracing/shardingsphere-agent-tracing-jaeger/src/main/java
11:22:00.129 [main] INFO  f.i.s.r.p.s.paths.ComputeSourceDir - /root/workspace/apache-shardingsphere-master-18250_repo/shardingsphere-agent/shardingsphere-agent-plugins/shardingsphere-agent-plugin-tracing/shardingsphere-agent-tracing-opentelemetry/src/main/java
11:22:00.129 [main] INFO  f.i.s.r.p.s.paths.ComputeSourceDir - /root/workspace/apache-shardingsphere-master-18250_repo/shardingsphere-agent/shardingsphere-agent-plugins/shardingsphere-agent-plugin-tracing/shardingsphere-agent-tracing-opentracing/src/main/java
11:22:00.129 [main] INFO  f.i.s.r.p.s.paths.ComputeSourceDir - /root/workspace/apache-shardingsphere-master-18250_repo/shardingsphere-agent/shardingsphere-agent-plugins/shardingsphere-agent-plugin-tracing/shardingsphere-agent-tracing-test/src/main/java
11:22:00.129 [main] INFO  f.i.s.r.p.s.paths.ComputeSourceDir - /root/workspace/apache-shardingsphere-master-18250_repo/shardingsphere-agent/shardingsphere-agent-plugins/shardingsphere-agent-plugin-tracing/shardingsphere-agent-tracing-zipkin/src/main/java
11:22:00.129 [main] INFO  f.i.s.r.p.s.paths.ComputeSourceDir - /root/workspace/apache-shardingsphere-master-18250_repo/shardingsphere-db-protocol/shardingsphere-db-protocol-core/src/main/java
11:22:00.129 [main] INFO  f.i.s.r.p.s.paths.ComputeSourceDir - /root/workspace/apache-shardingsphere-master-18250_repo/shardingsphere-db-protocol/shardingsphere-db-protocol-mysql/src/main/java
11:22:00.129 [main] INFO  f.i.s.r.p.s.paths.ComputeSourceDir - /root/workspace/apache-shardingsphere-master-18250_repo/shardingsphere-db-protocol/shardingsphere-db-protocol-opengauss/src/main/java
11:22:00.129 [main] INFO  f.i.s.r.p.s.paths.ComputeSourceDir - /root/workspace/apache-shardingsphere-master-18250_repo/shardingsphere-db-protocol/shardingsphere-db-protocol-postgresql/src/main/java
11:22:00.134 [main] INFO  f.i.s.r.p.s.paths.ComputeSourceDir - /root/workspace/apache-shardingsphere-master-18250_repo/shardingsphere-distsql/shardingsphere-distsql-parser/src/main/java
11:22:00.134 [main] INFO  f.i.s.r.p.s.paths.ComputeSourceDir - /root/workspace/apache-shardingsphere-master-18250_repo/shardingsphere-distsql/shardingsphere-distsql-statement/src/main/java
11:22:00.134 [main] INFO  f.i.s.r.p.s.paths.ComputeSourceDir - /root/workspace/apache-shardingsphere-master-18250_repo/shardingsphere-features/shardingsphere-db-discovery/shardingsphere-db-discovery-api/src/main/java
11:22:00.134 [main] INFO  f.i.s.r.p.s.paths.ComputeSourceDir - /root/workspace/apache-shardingsphere-master-18250_repo/shardingsphere-features/shardingsphere-db-discovery/shardingsphere-db-discovery-core/src/main/java
11:22:00.134 [main] INFO  f.i.s.r.p.s.paths.ComputeSourceDir - /root/workspace/apache-shardingsphere-master-18250_repo/shardingsphere-features/shardingsphere-db-discovery/shardingsphere-db-discovery-distsql/shardingsphere-db-discovery-distsql-handler/src/main/java
11:22:00.134 [main] INFO  f.i.s.r.p.s.paths.ComputeSourceDir - /root/workspace/apache-shardingsphere-master-18250_repo/shardingsphere-features/shardingsphere-db-discovery/shardingsphere-db-discovery-distsql/shardingsphere-db-discovery-distsql-parser/src/main/java
11:22:00.134 [main] INFO  f.i.s.r.p.s.paths.ComputeSourceDir - /root/workspace/apache-shardingsphere-master-18250_repo/shardingsphere-features/shardingsphere-db-discovery/shardingsphere-db-discovery-distsql/shardingsphere-db-discovery-distsql-statement/src/main/java
11:22:00.134 [main] INFO  f.i.s.r.p.s.paths.ComputeSourceDir - /root/workspace/apache-shardingsphere-master-18250_repo/shardingsphere-features/shardingsphere-db-discovery/shardingsphere-db-discovery-provider/shardingsphere-db-discovery-mysql/src/main/java
11:22:00.134 [main] INFO  f.i.s.r.p.s.paths.ComputeSourceDir - /root/workspace/apache-shardingsphere-master-18250_repo/shardingsphere-features/shardingsphere-db-discovery/shardingsphere-db-discovery-provider/shardingsphere-db-discovery-opengauss/src/main/java
11:22:00.134 [main] INFO  f.i.s.r.p.s.paths.ComputeSourceDir - /root/workspace/apache-shardingsphere-master-18250_repo/shardingsphere-features/shardingsphere-db-discovery/shardingsphere-db-discovery-spring/shardingsphere-db-discovery-spring-boot-starter/src/main/java
11:22:00.134 [main] INFO  f.i.s.r.p.s.paths.ComputeSourceDir - /root/workspace/apache-shardingsphere-master-18250_repo/shardingsphere-features/shardingsphere-db-discovery/shardingsphere-db-discovery-spring/shardingsphere-db-discovery-spring-namespace/src/main/java
11:22:00.134 [main] INFO  f.i.s.r.p.s.paths.ComputeSourceDir - /root/workspace/apache-shardingsphere-master-18250_repo/shardingsphere-features/shardingsphere-encrypt/shardingsphere-encrypt-api/src/main/java
11:22:00.134 [main] INFO  f.i.s.r.p.s.paths.ComputeSourceDir - /root/workspace/apache-shardingsphere-master-18250_repo/shardingsphere-features/shardingsphere-encrypt/shardingsphere-encrypt-core/src/main/java
11:22:00.134 [main] INFO  f.i.s.r.p.s.paths.ComputeSourceDir - /root/workspace/apache-shardingsphere-master-18250_repo/shardingsphere-features/shardingsphere-encrypt/shardingsphere-encrypt-distsql/shardingsphere-encrypt-distsql-handler/src/main/java
11:22:00.134 [main] INFO  f.i.s.r.p.s.paths.ComputeSourceDir - /root/workspace/apache-shardingsphere-master-18250_repo/shardingsphere-features/shardingsphere-encrypt/shardingsphere-encrypt-distsql/shardingsphere-encrypt-distsql-parser/src/main/java
11:22:00.134 [main] INFO  f.i.s.r.p.s.paths.ComputeSourceDir - /root/workspace/apache-shardingsphere-master-18250_repo/shardingsphere-features/shardingsphere-encrypt/shardingsphere-encrypt-distsql/shardingsphere-encrypt-distsql-statement/src/main/java
11:22:00.134 [main] INFO  f.i.s.r.p.s.paths.ComputeSourceDir - /root/workspace/apache-shardingsphere-master-18250_repo/shardingsphere-features/shardingsphere-encrypt/shardingsphere-encrypt-plugin/shardingsphere-encrypt-sm/src/main/java
11:22:00.134 [main] INFO  f.i.s.r.p.s.paths.ComputeSourceDir - /root/workspace/apache-shardingsphere-master-18250_repo/shardingsphere-features/shardingsphere-encrypt/shardingsphere-encrypt-spring/shardingsphere-encrypt-spring-boot-starter/src/main/java
11:22:00.134 [main] INFO  f.i.s.r.p.s.paths.ComputeSourceDir - /root/workspace/apache-shardingsphere-master-18250_repo/shardingsphere-features/shardingsphere-encrypt/shardingsphere-encrypt-spring/shardingsphere-encrypt-spring-namespace/src/main/java
11:22:00.134 [main] INFO  f.i.s.r.p.s.paths.ComputeSourceDir - /root/workspace/apache-shardingsphere-master-18250_repo/shardingsphere-features/shardingsphere-readwrite-splitting/shardingsphere-readwrite-splitting-api/src/main/java
11:22:00.134 [main] INFO  f.i.s.r.p.s.paths.ComputeSourceDir - /root/workspace/apache-shardingsphere-master-18250_repo/shardingsphere-features/shardingsphere-readwrite-splitting/shardingsphere-readwrite-splitting-core/src/main/java
11:22:00.134 [main] INFO  f.i.s.r.p.s.paths.ComputeSourceDir - /root/workspace/apache-shardingsphere-master-18250_repo/shardingsphere-features/shardingsphere-readwrite-splitting/shardingsphere-readwrite-splitting-distsql/shardingsphere-readwrite-splitting-distsql-handler/src/main/java
11:22:00.134 [main] INFO  f.i.s.r.p.s.paths.ComputeSourceDir - /root/workspace/apache-shardingsphere-master-18250_repo/shardingsphere-features/shardingsphere-readwrite-splitting/shardingsphere-readwrite-splitting-distsql/shardingsphere-readwrite-splitting-distsql-parser/src/main/java
11:22:00.134 [main] INFO  f.i.s.r.p.s.paths.ComputeSourceDir - /root/workspace/apache-shardingsphere-master-18250_repo/shardingsphere-features/shardingsphere-readwrite-splitting/shardingsphere-readwrite-splitting-distsql/shardingsphere-readwrite-splitting-distsql-statement/src/main/java
11:22:00.134 [main] INFO  f.i.s.r.p.s.paths.ComputeSourceDir - /root/workspace/apache-shardingsphere-master-18250_repo/shardingsphere-features/shardingsphere-readwrite-splitting/shardingsphere-readwrite-splitting-spring/shardingsphere-readwrite-splitting-spring-boot-starter/src/main/java
11:22:00.134 [main] INFO  f.i.s.r.p.s.paths.ComputeSourceDir - /root/workspace/apache-shardingsphere-master-18250_repo/shardingsphere-features/shardingsphere-readwrite-splitting/shardingsphere-readwrite-splitting-spring/shardingsphere-readwrite-splitting-spring-namespace/src/main/java
11:22:00.134 [main] INFO  f.i.s.r.p.s.paths.ComputeSourceDir - /root/workspace/apache-shardingsphere-master-18250_repo/shardingsphere-features/shardingsphere-shadow/shardingsphere-shadow-api/src/main/java
11:22:00.135 [main] INFO  f.i.s.r.p.s.paths.ComputeSourceDir - /root/workspace/apache-shardingsphere-master-18250_repo/shardingsphere-features/shardingsphere-shadow/shardingsphere-shadow-core/src/main/java
11:22:00.135 [main] INFO  f.i.s.r.p.s.paths.ComputeSourceDir - /root/workspace/apache-shardingsphere-master-18250_repo/shardingsphere-features/shardingsphere-shadow/shardingsphere-shadow-distsql/shardingsphere-shadow-distsql-handler/src/main/java
11:22:00.135 [main] INFO  f.i.s.r.p.s.paths.ComputeSourceDir - /root/workspace/apache-shardingsphere-master-18250_repo/shardingsphere-features/shardingsphere-shadow/shardingsphere-shadow-distsql/shardingsphere-shadow-distsql-parser/src/main/java
11:22:00.135 [main] INFO  f.i.s.r.p.s.paths.ComputeSourceDir - /root/workspace/apache-shardingsphere-master-18250_repo/shardingsphere-features/shardingsphere-shadow/shardingsphere-shadow-distsql/shardingsphere-shadow-distsql-statement/src/main/java
11:22:00.135 [main] INFO  f.i.s.r.p.s.paths.ComputeSourceDir - /root/workspace/apache-shardingsphere-master-18250_repo/shardingsphere-features/shardingsphere-shadow/shardingsphere-shadow-spring/shardingsphere-shadow-spring-boot-starter/src/main/java
11:22:00.135 [main] INFO  f.i.s.r.p.s.paths.ComputeSourceDir - /root/workspace/apache-shardingsphere-master-18250_repo/shardingsphere-features/shardingsphere-shadow/shardingsphere-shadow-spring/shardingsphere-shadow-spring-namespace/src/main/java
11:22:00.135 [main] INFO  f.i.s.r.p.s.paths.ComputeSourceDir - /root/workspace/apache-shardingsphere-master-18250_repo/shardingsphere-features/shardingsphere-sharding/shardingsphere-sharding-api/src/main/java
11:22:00.135 [main] INFO  f.i.s.r.p.s.paths.ComputeSourceDir - /root/workspace/apache-shardingsphere-master-18250_repo/shardingsphere-features/shardingsphere-sharding/shardingsphere-sharding-core/src/main/java
11:22:00.135 [main] INFO  f.i.s.r.p.s.paths.ComputeSourceDir - /root/workspace/apache-shardingsphere-master-18250_repo/shardingsphere-features/shardingsphere-sharding/shardingsphere-sharding-distsql/shardingsphere-sharding-distsql-handler/src/main/java
11:22:00.135 [main] INFO  f.i.s.r.p.s.paths.ComputeSourceDir - /root/workspace/apache-shardingsphere-master-18250_repo/shardingsphere-features/shardingsphere-sharding/shardingsphere-sharding-distsql/shardingsphere-sharding-distsql-parser/src/main/java
11:22:00.135 [main] INFO  f.i.s.r.p.s.paths.ComputeSourceDir - /root/workspace/apache-shardingsphere-master-18250_repo/shardingsphere-features/shardingsphere-sharding/shardingsphere-sharding-distsql/shardingsphere-sharding-distsql-statement/src/main/java
11:22:00.135 [main] INFO  f.i.s.r.p.s.paths.ComputeSourceDir - /root/workspace/apache-shardingsphere-master-18250_repo/shardingsphere-features/shardingsphere-sharding/shardingsphere-sharding-plugin/shardingsphere-sharding-cosid/src/main/java
11:22:00.135 [main] INFO  f.i.s.r.p.s.paths.ComputeSourceDir - /root/workspace/apache-shardingsphere-master-18250_repo/shardingsphere-features/shardingsphere-sharding/shardingsphere-sharding-plugin/shardingsphere-sharding-nanoid/src/main/java
11:22:00.135 [main] INFO  f.i.s.r.p.s.paths.ComputeSourceDir - /root/workspace/apache-shardingsphere-master-18250_repo/shardingsphere-features/shardingsphere-sharding/shardingsphere-sharding-spring/shardingsphere-sharding-spring-boot-starter/src/main/java
11:22:00.135 [main] INFO  f.i.s.r.p.s.paths.ComputeSourceDir - /root/workspace/apache-shardingsphere-master-18250_repo/shardingsphere-features/shardingsphere-sharding/shardingsphere-sharding-spring/shardingsphere-sharding-spring-namespace/src/main/java
11:22:00.135 [main] INFO  f.i.s.r.p.s.paths.ComputeSourceDir - /root/workspace/apache-shardingsphere-master-18250_repo/shardingsphere-infra/shardingsphere-infra-binder/src/main/java
11:22:00.142 [main] INFO  f.i.s.r.p.s.paths.ComputeSourceDir - /root/workspace/apache-shardingsphere-master-18250_repo/shardingsphere-infra/shardingsphere-infra-common/src/main/java
11:22:00.142 [main] INFO  f.i.s.r.p.s.paths.ComputeSourceDir - /root/workspace/apache-shardingsphere-master-18250_repo/shardingsphere-infra/shardingsphere-infra-context/src/main/java
11:22:00.142 [main] INFO  f.i.s.r.p.s.paths.ComputeSourceDir - /root/workspace/apache-shardingsphere-master-18250_repo/shardingsphere-infra/shardingsphere-infra-datetime/shardingsphere-infra-datetime-spi/src/main/java
11:22:00.142 [main] INFO  f.i.s.r.p.s.paths.ComputeSourceDir - /root/workspace/apache-shardingsphere-master-18250_repo/shardingsphere-infra/shardingsphere-infra-datetime/shardingsphere-infra-datetime-type/shardingsphere-database-datetime/src/main/java
11:22:00.142 [main] INFO  f.i.s.r.p.s.paths.ComputeSourceDir - /root/workspace/apache-shardingsphere-master-18250_repo/shardingsphere-infra/shardingsphere-infra-datetime/shardingsphere-infra-datetime-type/shardingsphere-system-datetime/src/main/java
11:22:00.142 [main] INFO  f.i.s.r.p.s.paths.ComputeSourceDir - /root/workspace/apache-shardingsphere-master-18250_repo/shardingsphere-infra/shardingsphere-infra-executor/src/main/java
11:22:00.142 [main] INFO  f.i.s.r.p.s.paths.ComputeSourceDir - /root/workspace/apache-shardingsphere-master-18250_repo/shardingsphere-infra/shardingsphere-infra-federation/shardingsphere-infra-federation-executor/src/main/java
11:22:00.142 [main] INFO  f.i.s.r.p.s.paths.ComputeSourceDir - /root/workspace/apache-shardingsphere-master-18250_repo/shardingsphere-infra/shardingsphere-infra-federation/shardingsphere-infra-federation-optimizer/src/main/java
11:22:00.142 [main] INFO  f.i.s.r.p.s.paths.ComputeSourceDir - /root/workspace/apache-shardingsphere-master-18250_repo/shardingsphere-infra/shardingsphere-infra-merge/src/main/java
11:22:00.142 [main] INFO  f.i.s.r.p.s.paths.ComputeSourceDir - /root/workspace/apache-shardingsphere-master-18250_repo/shardingsphere-infra/shardingsphere-infra-parser/src/main/java
11:22:00.142 [main] INFO  f.i.s.r.p.s.paths.ComputeSourceDir - /root/workspace/apache-shardingsphere-master-18250_repo/shardingsphere-infra/shardingsphere-infra-rewrite/src/main/java
11:22:00.142 [main] INFO  f.i.s.r.p.s.paths.ComputeSourceDir - /root/workspace/apache-shardingsphere-master-18250_repo/shardingsphere-infra/shardingsphere-infra-route/src/main/java
11:22:00.142 [main] INFO  f.i.s.r.p.s.paths.ComputeSourceDir - /root/workspace/apache-shardingsphere-master-18250_repo/shardingsphere-jdbc/shardingsphere-jdbc-core/src/main/java
11:22:00.142 [main] INFO  f.i.s.r.p.s.paths.ComputeSourceDir - /root/workspace/apache-shardingsphere-master-18250_repo/shardingsphere-jdbc/shardingsphere-jdbc-spring/shardingsphere-jdbc-core-spring/shardingsphere-jdbc-core-spring-boot-starter/src/main/java
11:22:00.142 [main] INFO  f.i.s.r.p.s.paths.ComputeSourceDir - /root/workspace/apache-shardingsphere-master-18250_repo/shardingsphere-jdbc/shardingsphere-jdbc-spring/shardingsphere-jdbc-core-spring/shardingsphere-jdbc-core-spring-namespace/src/main/java
11:22:00.142 [main] INFO  f.i.s.r.p.s.paths.ComputeSourceDir - /root/workspace/apache-shardingsphere-master-18250_repo/shardingsphere-jdbc/shardingsphere-jdbc-spring/shardingsphere-jdbc-spring-infra/shardingsphere-jdbc-spring-boot-starter-infra/src/main/java
11:22:00.142 [main] INFO  f.i.s.r.p.s.paths.ComputeSourceDir - /root/workspace/apache-shardingsphere-master-18250_repo/shardingsphere-jdbc/shardingsphere-jdbc-spring/shardingsphere-jdbc-spring-infra/shardingsphere-jdbc-spring-namespace-infra/src/main/java
11:22:00.142 [main] INFO  f.i.s.r.p.s.paths.ComputeSourceDir - /root/workspace/apache-shardingsphere-master-18250_repo/shardingsphere-jdbc/shardingsphere-jdbc-spring/shardingsphere-jdbc-transaction-spring/src/main/java
11:22:00.142 [main] INFO  f.i.s.r.p.s.paths.ComputeSourceDir - /root/workspace/apache-shardingsphere-master-18250_repo/shardingsphere-kernel/shardingsphere-authority/shardingsphere-authority-api/src/main/java
11:22:00.142 [main] INFO  f.i.s.r.p.s.paths.ComputeSourceDir - /root/workspace/apache-shardingsphere-master-18250_repo/shardingsphere-kernel/shardingsphere-authority/shardingsphere-authority-core/src/main/java
11:22:00.142 [main] INFO  f.i.s.r.p.s.paths.ComputeSourceDir - /root/workspace/apache-shardingsphere-master-18250_repo/shardingsphere-kernel/shardingsphere-data-pipeline/shardingsphere-data-pipeline-api/src/main/java
11:22:00.142 [main] INFO  f.i.s.r.p.s.paths.ComputeSourceDir - /root/workspace/apache-shardingsphere-master-18250_repo/shardingsphere-kernel/shardingsphere-data-pipeline/shardingsphere-data-pipeline-core/src/main/java
11:22:00.142 [main] INFO  f.i.s.r.p.s.paths.ComputeSourceDir - /root/workspace/apache-shardingsphere-master-18250_repo/shardingsphere-kernel/shardingsphere-data-pipeline/shardingsphere-data-pipeline-dialect/shardingsphere-data-pipeline-mysql/src/main/java
11:22:00.142 [main] INFO  f.i.s.r.p.s.paths.ComputeSourceDir - /root/workspace/apache-shardingsphere-master-18250_repo/shardingsphere-kernel/shardingsphere-data-pipeline/shardingsphere-data-pipeline-dialect/shardingsphere-data-pipeline-opengauss/src/main/java
11:22:00.142 [main] INFO  f.i.s.r.p.s.paths.ComputeSourceDir - /root/workspace/apache-shardingsphere-master-18250_repo/shardingsphere-kernel/shardingsphere-data-pipeline/shardingsphere-data-pipeline-dialect/shardingsphere-data-pipeline-postgresql/src/main/java
11:22:00.142 [main] INFO  f.i.s.r.p.s.paths.ComputeSourceDir - /root/workspace/apache-shardingsphere-master-18250_repo/shardingsphere-kernel/shardingsphere-parser/shardingsphere-parser-api/src/main/java
11:22:00.142 [main] INFO  f.i.s.r.p.s.paths.ComputeSourceDir - /root/workspace/apache-shardingsphere-master-18250_repo/shardingsphere-kernel/shardingsphere-parser/shardingsphere-parser-core/src/main/java
11:22:00.142 [main] INFO  f.i.s.r.p.s.paths.ComputeSourceDir - /root/workspace/apache-shardingsphere-master-18250_repo/shardingsphere-kernel/shardingsphere-parser/shardingsphere-parser-spring/shardingsphere-parser-spring-boot-starter/src/main/java
11:22:00.142 [main] INFO  f.i.s.r.p.s.paths.ComputeSourceDir - /root/workspace/apache-shardingsphere-master-18250_repo/shardingsphere-kernel/shardingsphere-parser/shardingsphere-parser-spring/shardingsphere-parser-spring-namespace/src/main/java
11:22:00.142 [main] INFO  f.i.s.r.p.s.paths.ComputeSourceDir - /root/workspace/apache-shardingsphere-master-18250_repo/shardingsphere-kernel/shardingsphere-schedule/shardingsphere-schedule-core/src/main/java
11:22:00.142 [main] INFO  f.i.s.r.p.s.paths.ComputeSourceDir - /root/workspace/apache-shardingsphere-master-18250_repo/shardingsphere-kernel/shardingsphere-single-table/shardingsphere-single-table-api/src/main/java
11:22:00.142 [main] INFO  f.i.s.r.p.s.paths.ComputeSourceDir - /root/workspace/apache-shardingsphere-master-18250_repo/shardingsphere-kernel/shardingsphere-single-table/shardingsphere-single-table-core/src/main/java
11:22:00.142 [main] INFO  f.i.s.r.p.s.paths.ComputeSourceDir - /root/workspace/apache-shardingsphere-master-18250_repo/shardingsphere-kernel/shardingsphere-sql-translator/shardingsphere-sql-translator-api/src/main/java
11:22:00.142 [main] INFO  f.i.s.r.p.s.paths.ComputeSourceDir - /root/workspace/apache-shardingsphere-master-18250_repo/shardingsphere-kernel/shardingsphere-sql-translator/shardingsphere-sql-translator-core/src/main/java
11:22:00.142 [main] INFO  f.i.s.r.p.s.paths.ComputeSourceDir - /root/workspace/apache-shardingsphere-master-18250_repo/shardingsphere-kernel/shardingsphere-sql-translator/shardingsphere-sql-translator-provider/shardingsphere-sql-translator-jooq-provider/src/main/java
11:22:00.142 [main] INFO  f.i.s.r.p.s.paths.ComputeSourceDir - /root/workspace/apache-shardingsphere-master-18250_repo/shardingsphere-kernel/shardingsphere-sql-translator/shardingsphere-sql-translator-provider/shardingsphere-sql-translator-native-provider/src/main/java
11:22:00.142 [main] INFO  f.i.s.r.p.s.paths.ComputeSourceDir - /root/workspace/apache-shardingsphere-master-18250_repo/shardingsphere-kernel/shardingsphere-traffic/shardingsphere-traffic-api/src/main/java
11:22:00.142 [main] INFO  f.i.s.r.p.s.paths.ComputeSourceDir - /root/workspace/apache-shardingsphere-master-18250_repo/shardingsphere-kernel/shardingsphere-traffic/shardingsphere-traffic-core/src/main/java
11:22:00.142 [main] INFO  f.i.s.r.p.s.paths.ComputeSourceDir - /root/workspace/apache-shardingsphere-master-18250_repo/shardingsphere-kernel/shardingsphere-transaction/shardingsphere-transaction-api/src/main/java
11:22:00.142 [main] INFO  f.i.s.r.p.s.paths.ComputeSourceDir - /root/workspace/apache-shardingsphere-master-18250_repo/shardingsphere-kernel/shardingsphere-transaction/shardingsphere-transaction-core/src/main/java
11:22:00.142 [main] INFO  f.i.s.r.p.s.paths.ComputeSourceDir - /root/workspace/apache-shardingsphere-master-18250_repo/shardingsphere-kernel/shardingsphere-transaction/shardingsphere-transaction-type/shardingsphere-transaction-base/shardingsphere-transaction-base-seata-at/src/main/java
11:22:00.142 [main] INFO  f.i.s.r.p.s.paths.ComputeSourceDir - /root/workspace/apache-shardingsphere-master-18250_repo/shardingsphere-kernel/shardingsphere-transaction/shardingsphere-transaction-type/shardingsphere-transaction-xa/shardingsphere-transaction-xa-core/src/main/java
11:22:00.142 [main] INFO  f.i.s.r.p.s.paths.ComputeSourceDir - /root/workspace/apache-shardingsphere-master-18250_repo/shardingsphere-kernel/shardingsphere-transaction/shardingsphere-transaction-type/shardingsphere-transaction-xa/shardingsphere-transaction-xa-provider/shardingsphere-transaction-xa-atomikos/src/main/java
11:22:00.142 [main] INFO  f.i.s.r.p.s.paths.ComputeSourceDir - /root/workspace/apache-shardingsphere-master-18250_repo/shardingsphere-kernel/shardingsphere-transaction/shardingsphere-transaction-type/shardingsphere-transaction-xa/shardingsphere-transaction-xa-provider/shardingsphere-transaction-xa-bitronix/src/main/java
11:22:00.142 [main] INFO  f.i.s.r.p.s.paths.ComputeSourceDir - /root/workspace/apache-shardingsphere-master-18250_repo/shardingsphere-kernel/shardingsphere-transaction/shardingsphere-transaction-type/shardingsphere-transaction-xa/shardingsphere-transaction-xa-provider/shardingsphere-transaction-xa-narayana/src/main/java
11:22:00.142 [main] INFO  f.i.s.r.p.s.paths.ComputeSourceDir - /root/workspace/apache-shardingsphere-master-18250_repo/shardingsphere-kernel/shardingsphere-transaction/shardingsphere-transaction-type/shardingsphere-transaction-xa/shardingsphere-transaction-xa-spi/src/main/java
11:22:00.142 [main] INFO  f.i.s.r.p.s.paths.ComputeSourceDir - /root/workspace/apache-shardingsphere-master-18250_repo/shardingsphere-mode/shardingsphere-mode-core/src/main/java
11:22:00.142 [main] INFO  f.i.s.r.p.s.paths.ComputeSourceDir - /root/workspace/apache-shardingsphere-master-18250_repo/shardingsphere-mode/shardingsphere-mode-type/shardingsphere-cluster-mode/shardingsphere-cluster-mode-core/src/main/java
11:22:00.143 [main] INFO  f.i.s.r.p.s.paths.ComputeSourceDir - /root/workspace/apache-shardingsphere-master-18250_repo/shardingsphere-mode/shardingsphere-mode-type/shardingsphere-cluster-mode/shardingsphere-cluster-mode-repository/shardingsphere-cluster-mode-repository-api/src/main/java
11:22:00.143 [main] INFO  f.i.s.r.p.s.paths.ComputeSourceDir - /root/workspace/apache-shardingsphere-master-18250_repo/shardingsphere-mode/shardingsphere-mode-type/shardingsphere-cluster-mode/shardingsphere-cluster-mode-repository/shardingsphere-cluster-mode-repository-provider/shardingsphere-cluster-mode-repository-etcd/src/main/java
11:22:00.143 [main] INFO  f.i.s.r.p.s.paths.ComputeSourceDir - /root/workspace/apache-shardingsphere-master-18250_repo/shardingsphere-mode/shardingsphere-mode-type/shardingsphere-cluster-mode/shardingsphere-cluster-mode-repository/shardingsphere-cluster-mode-repository-provider/shardingsphere-cluster-mode-repository-zookeeper-curator/src/main/java
11:22:00.143 [main] INFO  f.i.s.r.p.s.paths.ComputeSourceDir - /root/workspace/apache-shardingsphere-master-18250_repo/shardingsphere-mode/shardingsphere-mode-type/shardingsphere-memory-mode/shardingsphere-memory-mode-core/src/main/java
11:22:00.143 [main] INFO  f.i.s.r.p.s.paths.ComputeSourceDir - /root/workspace/apache-shardingsphere-master-18250_repo/shardingsphere-mode/shardingsphere-mode-type/shardingsphere-standalone-mode/shardingsphere-standalone-mode-core/src/main/java
11:22:00.143 [main] INFO  f.i.s.r.p.s.paths.ComputeSourceDir - /root/workspace/apache-shardingsphere-master-18250_repo/shardingsphere-mode/shardingsphere-mode-type/shardingsphere-standalone-mode/shardingsphere-standalone-mode-repository/shardingsphere-standalone-mode-repository-api/src/main/java
11:22:00.143 [main] INFO  f.i.s.r.p.s.paths.ComputeSourceDir - /root/workspace/apache-shardingsphere-master-18250_repo/shardingsphere-mode/shardingsphere-mode-type/shardingsphere-standalone-mode/shardingsphere-standalone-mode-repository/shardingsphere-standalone-mode-repository-provider/shardingsphere-standalone-mode-repository-file/src/main/java
11:22:00.143 [main] INFO  f.i.s.r.p.s.paths.ComputeSourceDir - /root/workspace/apache-shardingsphere-master-18250_repo/shardingsphere-mode/shardingsphere-mode-type/shardingsphere-standalone-mode/shardingsphere-standalone-mode-repository/shardingsphere-standalone-mode-repository-provider/shardingsphere-standalone-mode-repository-h2/src/main/java
11:22:00.143 [main] INFO  f.i.s.r.p.s.paths.ComputeSourceDir - /root/workspace/apache-shardingsphere-master-18250_repo/shardingsphere-proxy/shardingsphere-proxy-backend/src/main/java
11:22:00.143 [main] INFO  f.i.s.r.p.s.paths.ComputeSourceDir - /root/workspace/apache-shardingsphere-master-18250_repo/shardingsphere-proxy/shardingsphere-proxy-bootstrap/src/main/java
11:22:00.143 [main] INFO  f.i.s.r.p.s.paths.ComputeSourceDir - /root/workspace/apache-shardingsphere-master-18250_repo/shardingsphere-proxy/shardingsphere-proxy-frontend/shardingsphere-proxy-frontend-core/src/main/java
11:22:00.143 [main] INFO  f.i.s.r.p.s.paths.ComputeSourceDir - /root/workspace/apache-shardingsphere-master-18250_repo/shardingsphere-proxy/shardingsphere-proxy-frontend/shardingsphere-proxy-frontend-mysql/src/main/java
11:22:00.143 [main] INFO  f.i.s.r.p.s.paths.ComputeSourceDir - /root/workspace/apache-shardingsphere-master-18250_repo/shardingsphere-proxy/shardingsphere-proxy-frontend/shardingsphere-proxy-frontend-opengauss/src/main/java
11:22:00.143 [main] INFO  f.i.s.r.p.s.paths.ComputeSourceDir - /root/workspace/apache-shardingsphere-master-18250_repo/shardingsphere-proxy/shardingsphere-proxy-frontend/shardingsphere-proxy-frontend-postgresql/src/main/java
11:22:00.143 [main] INFO  f.i.s.r.p.s.paths.ComputeSourceDir - /root/workspace/apache-shardingsphere-master-18250_repo/shardingsphere-proxy/shardingsphere-proxy-frontend/shardingsphere-proxy-frontend-reactive-core/src/main/java
11:22:00.143 [main] INFO  f.i.s.r.p.s.paths.ComputeSourceDir - /root/workspace/apache-shardingsphere-master-18250_repo/shardingsphere-proxy/shardingsphere-proxy-frontend/shardingsphere-proxy-frontend-reactive-mysql/src/main/java
11:22:00.143 [main] INFO  f.i.s.r.p.s.paths.ComputeSourceDir - /root/workspace/apache-shardingsphere-master-18250_repo/shardingsphere-proxy/shardingsphere-proxy-frontend/shardingsphere-proxy-frontend-reactive-spi/src/main/java
11:22:00.143 [main] INFO  f.i.s.r.p.s.paths.ComputeSourceDir - /root/workspace/apache-shardingsphere-master-18250_repo/shardingsphere-proxy/shardingsphere-proxy-frontend/shardingsphere-proxy-frontend-spi/src/main/java
11:22:00.143 [main] INFO  f.i.s.r.p.s.paths.ComputeSourceDir - /root/workspace/apache-shardingsphere-master-18250_repo/shardingsphere-spi/src/main/java
11:22:00.143 [main] INFO  f.i.s.r.p.s.paths.ComputeSourceDir - /root/workspace/apache-shardingsphere-master-18250_repo/shardingsphere-sql-parser/shardingsphere-sql-parser-dialect/shardingsphere-sql-parser-mysql/src/main/java
11:22:00.143 [main] INFO  f.i.s.r.p.s.paths.ComputeSourceDir - /root/workspace/apache-shardingsphere-master-18250_repo/shardingsphere-sql-parser/shardingsphere-sql-parser-dialect/shardingsphere-sql-parser-opengauss/src/main/java
11:22:00.143 [main] INFO  f.i.s.r.p.s.paths.ComputeSourceDir - /root/workspace/apache-shardingsphere-master-18250_repo/shardingsphere-sql-parser/shardingsphere-sql-parser-dialect/shardingsphere-sql-parser-oracle/src/main/java
11:22:00.143 [main] INFO  f.i.s.r.p.s.paths.ComputeSourceDir - /root/workspace/apache-shardingsphere-master-18250_repo/shardingsphere-sql-parser/shardingsphere-sql-parser-dialect/shardingsphere-sql-parser-postgresql/src/main/java
11:22:00.143 [main] INFO  f.i.s.r.p.s.paths.ComputeSourceDir - /root/workspace/apache-shardingsphere-master-18250_repo/shardingsphere-sql-parser/shardingsphere-sql-parser-dialect/shardingsphere-sql-parser-sql92/src/main/java
11:22:00.143 [main] INFO  f.i.s.r.p.s.paths.ComputeSourceDir - /root/workspace/apache-shardingsphere-master-18250_repo/shardingsphere-sql-parser/shardingsphere-sql-parser-dialect/shardingsphere-sql-parser-sqlserver/src/main/java
11:22:00.143 [main] INFO  f.i.s.r.p.s.paths.ComputeSourceDir - /root/workspace/apache-shardingsphere-master-18250_repo/shardingsphere-sql-parser/shardingsphere-sql-parser-engine/src/main/java
11:22:00.143 [main] INFO  f.i.s.r.p.s.paths.ComputeSourceDir - /root/workspace/apache-shardingsphere-master-18250_repo/shardingsphere-sql-parser/shardingsphere-sql-parser-spi/src/main/java
11:22:00.143 [main] INFO  f.i.s.r.p.s.paths.ComputeSourceDir - /root/workspace/apache-shardingsphere-master-18250_repo/shardingsphere-sql-parser/shardingsphere-sql-parser-statement/src/main/java
11:22:00.143 [main] INFO  f.i.s.r.p.s.paths.ComputeSourceDir - /root/workspace/apache-shardingsphere-master-18250_repo/shardingsphere-test/shardingsphere-parser-test/src/main/java
11:22:00.143 [main] INFO  f.i.s.r.p.s.paths.ComputeSourceDir - /root/workspace/apache-shardingsphere-master-18250_repo/shardingsphere-test/shardingsphere-test-common/src/main/java
11:22:00.146 [main] ERROR f.i.s.r.process.maven.MavenHelper - Error while building complete model. The raw model will be used. Error message: 1 problem was encountered while building the effective model for org.apache.shardingsphere:shardingsphere:5.1.2-SNAPSHOT
[ERROR] Failed to determine Java version for profile jdk11+ @ 

11:22:00.151 [main] ERROR f.i.s.r.process.maven.MavenHelper - Error while building complete model. The raw model will be used. Error message: 1 problem was encountered while building the effective model for org.apache.shardingsphere:shardingsphere-spi:5.1.2-SNAPSHOT
[ERROR] Failed to determine Java version for profile jdk11+ @ org.apache.shardingsphere:shardingsphere:5.1.2-SNAPSHOT, /root/workspace/apache-shardingsphere-master-18250_repo/pom.xml

11:22:00.157 [main] ERROR f.i.s.r.process.maven.MavenHelper - Error while building complete model. The raw model will be used. Error message: 1 problem was encountered while building the effective model for org.apache.shardingsphere:shardingsphere-sql-parser:5.1.2-SNAPSHOT
[ERROR] Failed to determine Java version for profile jdk11+ @ org.apache.shardingsphere:shardingsphere:5.1.2-SNAPSHOT, /root/workspace/apache-shardingsphere-master-18250_repo/pom.xml

11:22:00.160 [main] ERROR f.i.s.r.process.maven.MavenHelper - Error while building complete model. The raw model will be used. Error message: 1 problem was encountered while building the effective model for org.apache.shardingsphere:shardingsphere-sql-parser-spi:5.1.2-SNAPSHOT
[ERROR] Failed to determine Java version for profile jdk11+ @ org.apache.shardingsphere:shardingsphere:5.1.2-SNAPSHOT, /root/workspace/apache-shardingsphere-master-18250_repo/pom.xml

11:22:00.160 [main] ERROR f.i.s.r.p.step.paths.ComputeTestDir - The test directory is not at default location or specified in build section from pom.xml, and no parent can be found.
11:22:00.163 [main] ERROR f.i.s.r.process.maven.MavenHelper - Error while building complete model. The raw model will be used. Error message: 1 problem was encountered while building the effective model for org.apache.shardingsphere:shardingsphere-sql-parser-statement:5.1.2-SNAPSHOT
[ERROR] Failed to determine Java version for profile jdk11+ @ org.apache.shardingsphere:shardingsphere:5.1.2-SNAPSHOT, /root/workspace/apache-shardingsphere-master-18250_repo/pom.xml

11:22:00.165 [main] ERROR f.i.s.r.process.maven.MavenHelper - Error while building complete model. The raw model will be used. Error message: 1 problem was encountered while building the effective model for org.apache.shardingsphere:shardingsphere-sql-parser-engine:5.1.2-SNAPSHOT
[ERROR] Failed to determine Java version for profile jdk11+ @ org.apache.shardingsphere:shardingsphere:5.1.2-SNAPSHOT, /root/workspace/apache-shardingsphere-master-18250_repo/pom.xml

11:22:00.167 [main] ERROR f.i.s.r.process.maven.MavenHelper - Error while building complete model. The raw model will be used. Error message: 1 problem was encountered while building the effective model for org.apache.shardingsphere:shardingsphere-sql-parser-dialect:5.1.2-SNAPSHOT
[ERROR] Failed to determine Java version for profile jdk11+ @ org.apache.shardingsphere:shardingsphere:5.1.2-SNAPSHOT, /root/workspace/apache-shardingsphere-master-18250_repo/pom.xml

11:22:00.174 [main] ERROR f.i.s.r.process.maven.MavenHelper - Error while building complete model. The raw model will be used. Error message: 1 problem was encountered while building the effective model for org.apache.shardingsphere:shardingsphere-sql-parser-sql92:5.1.2-SNAPSHOT
[ERROR] Failed to determine Java version for profile jdk11+ @ org.apache.shardingsphere:shardingsphere:5.1.2-SNAPSHOT, /root/workspace/apache-shardingsphere-master-18250_repo/pom.xml

11:22:00.177 [main] ERROR f.i.s.r.process.maven.MavenHelper - Error while building complete model. The raw model will be used. Error message: 1 problem was encountered while building the effective model for org.apache.shardingsphere:shardingsphere-sql-parser-postgresql:5.1.2-SNAPSHOT
[ERROR] Failed to determine Java version for profile jdk11+ @ org.apache.shardingsphere:shardingsphere:5.1.2-SNAPSHOT, /root/workspace/apache-shardingsphere-master-18250_repo/pom.xml

11:22:00.180 [main] ERROR f.i.s.r.process.maven.MavenHelper - Error while building complete model. The raw model will be used. Error message: 1 problem was encountered while building the effective model for org.apache.shardingsphere:shardingsphere-sql-parser-mysql:5.1.2-SNAPSHOT
[ERROR] Failed to determine Java version for profile jdk11+ @ org.apache.shardingsphere:shardingsphere:5.1.2-SNAPSHOT, /root/workspace/apache-shardingsphere-master-18250_repo/pom.xml

11:22:00.183 [main] ERROR f.i.s.r.process.maven.MavenHelper - Error while building complete model. The raw model will be used. Error message: 1 problem was encountered while building the effective model for org.apache.shardingsphere:shardingsphere-sql-parser-oracle:5.1.2-SNAPSHOT
[ERROR] Failed to determine Java version for profile jdk11+ @ org.apache.shardingsphere:shardingsphere:5.1.2-SNAPSHOT, /root/workspace/apache-shardingsphere-master-18250_repo/pom.xml

11:22:00.187 [main] ERROR f.i.s.r.process.maven.MavenHelper - Error while building complete model. The raw model will be used. Error message: 1 problem was encountered while building the effective model for org.apache.shardingsphere:shardingsphere-sql-parser-sqlserver:5.1.2-SNAPSHOT
[ERROR] Failed to determine Java version for profile jdk11+ @ org.apache.shardingsphere:shardingsphere:5.1.2-SNAPSHOT, /root/workspace/apache-shardingsphere-master-18250_repo/pom.xml

11:22:00.190 [main] ERROR f.i.s.r.process.maven.MavenHelper - Error while building complete model. The raw model will be used. Error message: 1 problem was encountered while building the effective model for org.apache.shardingsphere:shardingsphere-sql-parser-opengauss:5.1.2-SNAPSHOT
[ERROR] Failed to determine Java version for profile jdk11+ @ org.apache.shardingsphere:shardingsphere:5.1.2-SNAPSHOT, /root/workspace/apache-shardingsphere-master-18250_repo/pom.xml

11:22:00.193 [main] ERROR f.i.s.r.process.maven.MavenHelper - Error while building complete model. The raw model will be used. Error message: 1 problem was encountered while building the effective model for org.apache.shardingsphere:shardingsphere-distsql:5.1.2-SNAPSHOT
[ERROR] Failed to determine Java version for profile jdk11+ @ org.apache.shardingsphere:shardingsphere:5.1.2-SNAPSHOT, /root/workspace/apache-shardingsphere-master-18250_repo/pom.xml

11:22:00.196 [main] ERROR f.i.s.r.process.maven.MavenHelper - Error while building complete model. The raw model will be used. Error message: 1 problem was encountered while building the effective model for org.apache.shardingsphere:shardingsphere-distsql-statement:5.1.2-SNAPSHOT
[ERROR] Failed to determine Java version for profile jdk11+ @ org.apache.shardingsphere:shardingsphere:5.1.2-SNAPSHOT, /root/workspace/apache-shardingsphere-master-18250_repo/pom.xml

11:22:00.196 [main] ERROR f.i.s.r.p.step.paths.ComputeTestDir - The test directory is not at default location or specified in build section from pom.xml, and no parent can be found.
11:22:00.199 [main] ERROR f.i.s.r.process.maven.MavenHelper - Error while building complete model. The raw model will be used. Error message: 1 problem was encountered while building the effective model for org.apache.shardingsphere:shardingsphere-distsql-parser:5.1.2-SNAPSHOT
[ERROR] Failed to determine Java version for profile jdk11+ @ org.apache.shardingsphere:shardingsphere:5.1.2-SNAPSHOT, /root/workspace/apache-shardingsphere-master-18250_repo/pom.xml

11:22:00.199 [main] ERROR f.i.s.r.p.step.paths.ComputeTestDir - The test directory is not at default location or specified in build section from pom.xml, and no parent can be found.
11:22:00.199 [main] ERROR f.i.s.r.p.step.paths.ComputeTestDir - The test directory is not at default location or specified in build section from pom.xml, and no parent can be found.
11:22:00.202 [main] ERROR f.i.s.r.process.maven.MavenHelper - Error while building complete model. The raw model will be used. Error message: 1 problem was encountered while building the effective model for org.apache.shardingsphere:shardingsphere-db-protocol:5.1.2-SNAPSHOT
[ERROR] Failed to determine Java version for profile jdk11+ @ org.apache.shardingsphere:shardingsphere:5.1.2-SNAPSHOT, /root/workspace/apache-shardingsphere-master-18250_repo/pom.xml

11:22:00.205 [main] ERROR f.i.s.r.process.maven.MavenHelper - Error while building complete model. The raw model will be used. Error message: 1 problem was encountered while building the effective model for org.apache.shardingsphere:shardingsphere-db-protocol-core:5.1.2-SNAPSHOT
[ERROR] Failed to determine Java version for profile jdk11+ @ org.apache.shardingsphere:shardingsphere:5.1.2-SNAPSHOT, /root/workspace/apache-shardingsphere-master-18250_repo/pom.xml

11:22:00.208 [main] ERROR f.i.s.r.process.maven.MavenHelper - Error while building complete model. The raw model will be used. Error message: 1 problem was encountered while building the effective model for org.apache.shardingsphere:shardingsphere-db-protocol-postgresql:5.1.2-SNAPSHOT
[ERROR] Failed to determine Java version for profile jdk11+ @ org.apache.shardingsphere:shardingsphere:5.1.2-SNAPSHOT, /root/workspace/apache-shardingsphere-master-18250_repo/pom.xml

11:22:00.210 [main] ERROR f.i.s.r.process.maven.MavenHelper - Error while building complete model. The raw model will be used. Error message: 1 problem was encountered while building the effective model for org.apache.shardingsphere:shardingsphere-db-protocol-mysql:5.1.2-SNAPSHOT
[ERROR] Failed to determine Java version for profile jdk11+ @ org.apache.shardingsphere:shardingsphere:5.1.2-SNAPSHOT, /root/workspace/apache-shardingsphere-master-18250_repo/pom.xml

11:22:00.212 [main] ERROR f.i.s.r.process.maven.MavenHelper - Error while building complete model. The raw model will be used. Error message: 1 problem was encountered while building the effective model for org.apache.shardingsphere:shardingsphere-db-protocol-opengauss:5.1.2-SNAPSHOT
[ERROR] Failed to determine Java version for profile jdk11+ @ org.apache.shardingsphere:shardingsphere:5.1.2-SNAPSHOT, /root/workspace/apache-shardingsphere-master-18250_repo/pom.xml

11:22:00.215 [main] ERROR f.i.s.r.process.maven.MavenHelper - Error while building complete model. The raw model will be used. Error message: 1 problem was encountered while building the effective model for org.apache.shardingsphere:shardingsphere-infra:5.1.2-SNAPSHOT
[ERROR] Failed to determine Java version for profile jdk11+ @ org.apache.shardingsphere:shardingsphere:5.1.2-SNAPSHOT, /root/workspace/apache-shardingsphere-master-18250_repo/pom.xml

11:22:00.217 [main] ERROR f.i.s.r.process.maven.MavenHelper - Error while building complete model. The raw model will be used. Error message: 1 problem was encountered while building the effective model for org.apache.shardingsphere:shardingsphere-infra-common:5.1.2-SNAPSHOT
[ERROR] Failed to determine Java version for profile jdk11+ @ org.apache.shardingsphere:shardingsphere:5.1.2-SNAPSHOT, /root/workspace/apache-shardingsphere-master-18250_repo/pom.xml

11:22:00.219 [main] ERROR f.i.s.r.process.maven.MavenHelper - Error while building complete model. The raw model will be used. Error message: 1 problem was encountered while building the effective model for org.apache.shardingsphere:shardingsphere-infra-parser:5.1.2-SNAPSHOT
[ERROR] Failed to determine Java version for profile jdk11+ @ org.apache.shardingsphere:shardingsphere:5.1.2-SNAPSHOT, /root/workspace/apache-shardingsphere-master-18250_repo/pom.xml

11:22:00.222 [main] ERROR f.i.s.r.process.maven.MavenHelper - Error while building complete model. The raw model will be used. Error message: 1 problem was encountered while building the effective model for org.apache.shardingsphere:shardingsphere-infra-binder:5.1.2-SNAPSHOT
[ERROR] Failed to determine Java version for profile jdk11+ @ org.apache.shardingsphere:shardingsphere:5.1.2-SNAPSHOT, /root/workspace/apache-shardingsphere-master-18250_repo/pom.xml

11:22:00.224 [main] ERROR f.i.s.r.process.maven.MavenHelper - Error while building complete model. The raw model will be used. Error message: 1 problem was encountered while building the effective model for org.apache.shardingsphere:shardingsphere-infra-route:5.1.2-SNAPSHOT
[ERROR] Failed to determine Java version for profile jdk11+ @ org.apache.shardingsphere:shardingsphere:5.1.2-SNAPSHOT, /root/workspace/apache-shardingsphere-master-18250_repo/pom.xml

11:22:00.226 [main] ERROR f.i.s.r.process.maven.MavenHelper - Error while building complete model. The raw model will be used. Error message: 1 problem was encountered while building the effective model for org.apache.shardingsphere:shardingsphere-infra-rewrite:5.1.2-SNAPSHOT
[ERROR] Failed to determine Java version for profile jdk11+ @ org.apache.shardingsphere:shardingsphere:5.1.2-SNAPSHOT, /root/workspace/apache-shardingsphere-master-18250_repo/pom.xml

11:22:00.228 [main] ERROR f.i.s.r.process.maven.MavenHelper - Error while building complete model. The raw model will be used. Error message: 1 problem was encountered while building the effective model for org.apache.shardingsphere:shardingsphere-infra-executor:5.1.2-SNAPSHOT
[ERROR] Failed to determine Java version for profile jdk11+ @ org.apache.shardingsphere:shardingsphere:5.1.2-SNAPSHOT, /root/workspace/apache-shardingsphere-master-18250_repo/pom.xml

11:22:00.231 [main] ERROR f.i.s.r.process.maven.MavenHelper - Error while building complete model. The raw model will be used. Error message: 1 problem was encountered while building the effective model for org.apache.shardingsphere:shardingsphere-infra-merge:5.1.2-SNAPSHOT
[ERROR] Failed to determine Java version for profile jdk11+ @ org.apache.shardingsphere:shardingsphere:5.1.2-SNAPSHOT, /root/workspace/apache-shardingsphere-master-18250_repo/pom.xml

11:22:00.233 [main] ERROR f.i.s.r.process.maven.MavenHelper - Error while building complete model. The raw model will be used. Error message: 1 problem was encountered while building the effective model for org.apache.shardingsphere:shardingsphere-infra-context:5.1.2-SNAPSHOT
[ERROR] Failed to determine Java version for profile jdk11+ @ org.apache.shardingsphere:shardingsphere:5.1.2-SNAPSHOT, /root/workspace/apache-shardingsphere-master-18250_repo/pom.xml

11:22:00.236 [main] ERROR f.i.s.r.process.maven.MavenHelper - Error while building complete model. The raw model will be used. Error message: 1 problem was encountered while building the effective model for org.apache.shardingsphere:shardingsphere-infra-datetime:5.1.2-SNAPSHOT
[ERROR] Failed to determine Java version for profile jdk11+ @ org.apache.shardingsphere:shardingsphere:5.1.2-SNAPSHOT, /root/workspace/apache-shardingsphere-master-18250_repo/pom.xml

11:22:00.239 [main] ERROR f.i.s.r.process.maven.MavenHelper - Error while building complete model. The raw model will be used. Error message: 1 problem was encountered while building the effective model for org.apache.shardingsphere:shardingsphere-infra-datetime-spi:5.1.2-SNAPSHOT
[ERROR] Failed to determine Java version for profile jdk11+ @ org.apache.shardingsphere:shardingsphere:5.1.2-SNAPSHOT, /root/workspace/apache-shardingsphere-master-18250_repo/pom.xml

11:22:00.242 [main] ERROR f.i.s.r.process.maven.MavenHelper - Error while building complete model. The raw model will be used. Error message: 1 problem was encountered while building the effective model for org.apache.shardingsphere:shardingsphere-infra-datetime-type:5.1.2-SNAPSHOT
[ERROR] Failed to determine Java version for profile jdk11+ @ org.apache.shardingsphere:shardingsphere:5.1.2-SNAPSHOT, /root/workspace/apache-shardingsphere-master-18250_repo/pom.xml

11:22:00.246 [main] ERROR f.i.s.r.process.maven.MavenHelper - Error while building complete model. The raw model will be used. Error message: 1 problem was encountered while building the effective model for org.apache.shardingsphere:shardingsphere-system-datetime:5.1.2-SNAPSHOT
[ERROR] Failed to determine Java version for profile jdk11+ @ org.apache.shardingsphere:shardingsphere:5.1.2-SNAPSHOT, /root/workspace/apache-shardingsphere-master-18250_repo/pom.xml

11:22:00.249 [main] ERROR f.i.s.r.process.maven.MavenHelper - Error while building complete model. The raw model will be used. Error message: 1 problem was encountered while building the effective model for org.apache.shardingsphere:shardingsphere-database-datetime:5.1.2-SNAPSHOT
[ERROR] Failed to determine Java version for profile jdk11+ @ org.apache.shardingsphere:shardingsphere:5.1.2-SNAPSHOT, /root/workspace/apache-shardingsphere-master-18250_repo/pom.xml

11:22:00.251 [main] ERROR f.i.s.r.process.maven.MavenHelper - Error while building complete model. The raw model will be used. Error message: 1 problem was encountered while building the effective model for org.apache.shardingsphere:shardingsphere-infra-federation:5.1.2-SNAPSHOT
[ERROR] Failed to determine Java version for profile jdk11+ @ org.apache.shardingsphere:shardingsphere:5.1.2-SNAPSHOT, /root/workspace/apache-shardingsphere-master-18250_repo/pom.xml

11:22:00.255 [main] ERROR f.i.s.r.process.maven.MavenHelper - Error while building complete model. The raw model will be used. Error message: 1 problem was encountered while building the effective model for org.apache.shardingsphere:shardingsphere-infra-federation-optimizer:5.1.2-SNAPSHOT
[ERROR] Failed to determine Java version for profile jdk11+ @ org.apache.shardingsphere:shardingsphere:5.1.2-SNAPSHOT, /root/workspace/apache-shardingsphere-master-18250_repo/pom.xml

11:22:00.258 [main] ERROR f.i.s.r.process.maven.MavenHelper - Error while building complete model. The raw model will be used. Error message: 1 problem was encountered while building the effective model for org.apache.shardingsphere:shardingsphere-infra-federation-executor:5.1.2-SNAPSHOT
[ERROR] Failed to determine Java version for profile jdk11+ @ org.apache.shardingsphere:shardingsphere:5.1.2-SNAPSHOT, /root/workspace/apache-shardingsphere-master-18250_repo/pom.xml

11:22:00.261 [main] ERROR f.i.s.r.process.maven.MavenHelper - Error while building complete model. The raw model will be used. Error message: 1 problem was encountered while building the effective model for org.apache.shardingsphere:shardingsphere-mode:5.1.2-SNAPSHOT
[ERROR] Failed to determine Java version for profile jdk11+ @ org.apache.shardingsphere:shardingsphere:5.1.2-SNAPSHOT, /root/workspace/apache-shardingsphere-master-18250_repo/pom.xml

11:22:00.264 [main] ERROR f.i.s.r.process.maven.MavenHelper - Error while building complete model. The raw model will be used. Error message: 1 problem was encountered while building the effective model for org.apache.shardingsphere:shardingsphere-mode-core:5.1.2-SNAPSHOT
[ERROR] Failed to determine Java version for profile jdk11+ @ org.apache.shardingsphere:shardingsphere:5.1.2-SNAPSHOT, /root/workspace/apache-shardingsphere-master-18250_repo/pom.xml

11:22:00.266 [main] ERROR f.i.s.r.process.maven.MavenHelper - Error while building complete model. The raw model will be used. Error message: 1 problem was encountered while building the effective model for org.apache.shardingsphere:shardingsphere-mode-type:5.1.2-SNAPSHOT
[ERROR] Failed to determine Java version for profile jdk11+ @ org.apache.shardingsphere:shardingsphere:5.1.2-SNAPSHOT, /root/workspace/apache-shardingsphere-master-18250_repo/pom.xml

11:22:00.270 [main] ERROR f.i.s.r.process.maven.MavenHelper - Error while building complete model. The raw model will be used. Error message: 1 problem was encountered while building the effective model for org.apache.shardingsphere:shardingsphere-memory-mode:5.1.2-SNAPSHOT
[ERROR] Failed to determine Java version for profile jdk11+ @ org.apache.shardingsphere:shardingsphere:5.1.2-SNAPSHOT, /root/workspace/apache-shardingsphere-master-18250_repo/pom.xml

11:22:00.273 [main] ERROR f.i.s.r.process.maven.MavenHelper - Error while building complete model. The raw model will be used. Error message: 1 problem was encountered while building the effective model for org.apache.shardingsphere:shardingsphere-memory-mode-core:5.1.2-SNAPSHOT
[ERROR] Failed to determine Java version for profile jdk11+ @ org.apache.shardingsphere:shardingsphere:5.1.2-SNAPSHOT, /root/workspace/apache-shardingsphere-master-18250_repo/pom.xml

11:22:00.273 [main] ERROR f.i.s.r.p.step.paths.ComputeTestDir - The test directory is not at default location or specified in build section from pom.xml, and no parent can be found.
11:22:00.273 [main] ERROR f.i.s.r.p.step.paths.ComputeTestDir - The test directory is not at default location or specified in build section from pom.xml, and no parent can be found.
11:22:00.275 [main] ERROR f.i.s.r.process.maven.MavenHelper - Error while building complete model. The raw model will be used. Error message: 1 problem was encountered while building the effective model for org.apache.shardingsphere:shardingsphere-standalone-mode:5.1.2-SNAPSHOT
[ERROR] Failed to determine Java version for profile jdk11+ @ org.apache.shardingsphere:shardingsphere:5.1.2-SNAPSHOT, /root/workspace/apache-shardingsphere-master-18250_repo/pom.xml

11:22:00.278 [main] ERROR f.i.s.r.process.maven.MavenHelper - Error while building complete model. The raw model will be used. Error message: 1 problem was encountered while building the effective model for org.apache.shardingsphere:shardingsphere-standalone-mode-core:5.1.2-SNAPSHOT
[ERROR] Failed to determine Java version for profile jdk11+ @ org.apache.shardingsphere:shardingsphere:5.1.2-SNAPSHOT, /root/workspace/apache-shardingsphere-master-18250_repo/pom.xml

11:22:00.281 [main] ERROR f.i.s.r.process.maven.MavenHelper - Error while building complete model. The raw model will be used. Error message: 1 problem was encountered while building the effective model for org.apache.shardingsphere:shardingsphere-standalone-mode-repository:5.1.2-SNAPSHOT
[ERROR] Failed to determine Java version for profile jdk11+ @ org.apache.shardingsphere:shardingsphere:5.1.2-SNAPSHOT, /root/workspace/apache-shardingsphere-master-18250_repo/pom.xml

11:22:00.283 [main] ERROR f.i.s.r.process.maven.MavenHelper - Error while building complete model. The raw model will be used. Error message: 1 problem was encountered while building the effective model for org.apache.shardingsphere:shardingsphere-standalone-mode-repository-api:5.1.2-SNAPSHOT
[ERROR] Failed to determine Java version for profile jdk11+ @ org.apache.shardingsphere:shardingsphere:5.1.2-SNAPSHOT, /root/workspace/apache-shardingsphere-master-18250_repo/pom.xml

11:22:00.284 [main] ERROR f.i.s.r.p.step.paths.ComputeTestDir - The test directory is not at default location or specified in build section from pom.xml, and no parent can be found.
11:22:00.286 [main] ERROR f.i.s.r.process.maven.MavenHelper - Error while building complete model. The raw model will be used. Error message: 1 problem was encountered while building the effective model for org.apache.shardingsphere:shardingsphere-standalone-mode-repository-provider:5.1.2-SNAPSHOT
[ERROR] Failed to determine Java version for profile jdk11+ @ org.apache.shardingsphere:shardingsphere:5.1.2-SNAPSHOT, /root/workspace/apache-shardingsphere-master-18250_repo/pom.xml

11:22:00.289 [main] ERROR f.i.s.r.process.maven.MavenHelper - Error while building complete model. The raw model will be used. Error message: 1 problem was encountered while building the effective model for org.apache.shardingsphere:shardingsphere-standalone-mode-repository-file:5.1.2-SNAPSHOT
[ERROR] Failed to determine Java version for profile jdk11+ @ org.apache.shardingsphere:shardingsphere:5.1.2-SNAPSHOT, /root/workspace/apache-shardingsphere-master-18250_repo/pom.xml

11:22:00.292 [main] ERROR f.i.s.r.process.maven.MavenHelper - Error while building complete model. The raw model will be used. Error message: 1 problem was encountered while building the effective model for org.apache.shardingsphere:shardingsphere-standalone-mode-repository-h2:5.1.2-SNAPSHOT
[ERROR] Failed to determine Java version for profile jdk11+ @ org.apache.shardingsphere:shardingsphere:5.1.2-SNAPSHOT, /root/workspace/apache-shardingsphere-master-18250_repo/pom.xml

11:22:00.294 [main] ERROR f.i.s.r.process.maven.MavenHelper - Error while building complete model. The raw model will be used. Error message: 1 problem was encountered while building the effective model for org.apache.shardingsphere:shardingsphere-cluster-mode:5.1.2-SNAPSHOT
[ERROR] Failed to determine Java version for profile jdk11+ @ org.apache.shardingsphere:shardingsphere:5.1.2-SNAPSHOT, /root/workspace/apache-shardingsphere-master-18250_repo/pom.xml

11:22:00.297 [main] ERROR f.i.s.r.process.maven.MavenHelper - Error while building complete model. The raw model will be used. Error message: 1 problem was encountered while building the effective model for org.apache.shardingsphere:shardingsphere-cluster-mode-core:5.1.2-SNAPSHOT
[ERROR] Failed to determine Java version for profile jdk11+ @ org.apache.shardingsphere:shardingsphere:5.1.2-SNAPSHOT, /root/workspace/apache-shardingsphere-master-18250_repo/pom.xml

11:22:00.299 [main] ERROR f.i.s.r.process.maven.MavenHelper - Error while building complete model. The raw model will be used. Error message: 1 problem was encountered while building the effective model for org.apache.shardingsphere:shardingsphere-cluster-mode-repository:5.1.2-SNAPSHOT
[ERROR] Failed to determine Java version for profile jdk11+ @ org.apache.shardingsphere:shardingsphere:5.1.2-SNAPSHOT, /root/workspace/apache-shardingsphere-master-18250_repo/pom.xml

11:22:00.302 [main] ERROR f.i.s.r.process.maven.MavenHelper - Error while building complete model. The raw model will be used. Error message: 1 problem was encountered while building the effective model for org.apache.shardingsphere:shardingsphere-cluster-mode-repository-api:5.1.2-SNAPSHOT
[ERROR] Failed to determine Java version for profile jdk11+ @ org.apache.shardingsphere:shardingsphere:5.1.2-SNAPSHOT, /root/workspace/apache-shardingsphere-master-18250_repo/pom.xml

11:22:00.302 [main] ERROR f.i.s.r.p.step.paths.ComputeTestDir - The test directory is not at default location or specified in build section from pom.xml, and no parent can be found.
11:22:00.305 [main] ERROR f.i.s.r.process.maven.MavenHelper - Error while building complete model. The raw model will be used. Error message: 1 problem was encountered while building the effective model for org.apache.shardingsphere:shardingsphere-cluster-mode-repository-provider:5.1.2-SNAPSHOT
[ERROR] Failed to determine Java version for profile jdk11+ @ org.apache.shardingsphere:shardingsphere:5.1.2-SNAPSHOT, /root/workspace/apache-shardingsphere-master-18250_repo/pom.xml

11:22:00.308 [main] ERROR f.i.s.r.process.maven.MavenHelper - Error while building complete model. The raw model will be used. Error message: 1 problem was encountered while building the effective model for org.apache.shardingsphere:shardingsphere-cluster-mode-repository-zookeeper-curator:5.1.2-SNAPSHOT
[ERROR] Failed to determine Java version for profile jdk11+ @ org.apache.shardingsphere:shardingsphere:5.1.2-SNAPSHOT, /root/workspace/apache-shardingsphere-master-18250_repo/pom.xml

11:22:00.310 [main] ERROR f.i.s.r.process.maven.MavenHelper - Error while building complete model. The raw model will be used. Error message: 1 problem was encountered while building the effective model for org.apache.shardingsphere:shardingsphere-cluster-mode-repository-etcd:5.1.2-SNAPSHOT
[ERROR] Failed to determine Java version for profile jdk11+ @ org.apache.shardingsphere:shardingsphere:5.1.2-SNAPSHOT, /root/workspace/apache-shardingsphere-master-18250_repo/pom.xml

11:22:00.312 [main] ERROR f.i.s.r.process.maven.MavenHelper - Error while building complete model. The raw model will be used. Error message: 1 problem was encountered while building the effective model for org.apache.shardingsphere:shardingsphere-kernel:5.1.2-SNAPSHOT
[ERROR] Failed to determine Java version for profile jdk11+ @ org.apache.shardingsphere:shardingsphere:5.1.2-SNAPSHOT, /root/workspace/apache-shardingsphere-master-18250_repo/pom.xml

11:22:00.315 [main] ERROR f.i.s.r.process.maven.MavenHelper - Error while building complete model. The raw model will be used. Error message: 1 problem was encountered while building the effective model for org.apache.shardingsphere:shardingsphere-parser:5.1.2-SNAPSHOT
[ERROR] Failed to determine Java version for profile jdk11+ @ org.apache.shardingsphere:shardingsphere:5.1.2-SNAPSHOT, /root/workspace/apache-shardingsphere-master-18250_repo/pom.xml

11:22:00.317 [main] ERROR f.i.s.r.process.maven.MavenHelper - Error while building complete model. The raw model will be used. Error message: 1 problem was encountered while building the effective model for org.apache.shardingsphere:shardingsphere-parser-api:5.1.2-SNAPSHOT
[ERROR] Failed to determine Java version for profile jdk11+ @ org.apache.shardingsphere:shardingsphere:5.1.2-SNAPSHOT, /root/workspace/apache-shardingsphere-master-18250_repo/pom.xml

11:22:00.317 [main] ERROR f.i.s.r.p.step.paths.ComputeTestDir - The test directory is not at default location or specified in build section from pom.xml, and no parent can be found.
11:22:00.319 [main] ERROR f.i.s.r.process.maven.MavenHelper - Error while building complete model. The raw model will be used. Error message: 1 problem was encountered while building the effective model for org.apache.shardingsphere:shardingsphere-parser-core:5.1.2-SNAPSHOT
[ERROR] Failed to determine Java version for profile jdk11+ @ org.apache.shardingsphere:shardingsphere:5.1.2-SNAPSHOT, /root/workspace/apache-shardingsphere-master-18250_repo/pom.xml

11:22:00.320 [main] ERROR f.i.s.r.p.step.paths.ComputeTestDir - The test directory is not at default location or specified in build section from pom.xml, and no parent can be found.
11:22:00.322 [main] ERROR f.i.s.r.process.maven.MavenHelper - Error while building complete model. The raw model will be used. Error message: 1 problem was encountered while building the effective model for org.apache.shardingsphere:shardingsphere-parser-spring:5.1.2-SNAPSHOT
[ERROR] Failed to determine Java version for profile jdk11+ @ org.apache.shardingsphere:shardingsphere:5.1.2-SNAPSHOT, /root/workspace/apache-shardingsphere-master-18250_repo/pom.xml

11:22:00.324 [main] ERROR f.i.s.r.process.maven.MavenHelper - Error while building complete model. The raw model will be used. Error message: 1 problem was encountered while building the effective model for org.apache.shardingsphere:shardingsphere-parser-spring-boot-starter:5.1.2-SNAPSHOT
[ERROR] Failed to determine Java version for profile jdk11+ @ org.apache.shardingsphere:shardingsphere:5.1.2-SNAPSHOT, /root/workspace/apache-shardingsphere-master-18250_repo/pom.xml

11:22:00.327 [main] ERROR f.i.s.r.process.maven.MavenHelper - Error while building complete model. The raw model will be used. Error message: 1 problem was encountered while building the effective model for org.apache.shardingsphere:shardingsphere-parser-spring-namespace:5.1.2-SNAPSHOT
[ERROR] Failed to determine Java version for profile jdk11+ @ org.apache.shardingsphere:shardingsphere:5.1.2-SNAPSHOT, /root/workspace/apache-shardingsphere-master-18250_repo/pom.xml

11:22:00.329 [main] ERROR f.i.s.r.process.maven.MavenHelper - Error while building complete model. The raw model will be used. Error message: 1 problem was encountered while building the effective model for org.apache.shardingsphere:shardingsphere-single-table:5.1.2-SNAPSHOT
[ERROR] Failed to determine Java version for profile jdk11+ @ org.apache.shardingsphere:shardingsphere:5.1.2-SNAPSHOT, /root/workspace/apache-shardingsphere-master-18250_repo/pom.xml

11:22:00.331 [main] ERROR f.i.s.r.process.maven.MavenHelper - Error while building complete model. The raw model will be used. Error message: 1 problem was encountered while building the effective model for org.apache.shardingsphere:shardingsphere-single-table-api:5.1.2-SNAPSHOT
[ERROR] Failed to determine Java version for profile jdk11+ @ org.apache.shardingsphere:shardingsphere:5.1.2-SNAPSHOT, /root/workspace/apache-shardingsphere-master-18250_repo/pom.xml

11:22:00.332 [main] ERROR f.i.s.r.p.step.paths.ComputeTestDir - The test directory is not at default location or specified in build section from pom.xml, and no parent can be found.
11:22:00.334 [main] ERROR f.i.s.r.process.maven.MavenHelper - Error while building complete model. The raw model will be used. Error message: 1 problem was encountered while building the effective model for org.apache.shardingsphere:shardingsphere-single-table-core:5.1.2-SNAPSHOT
[ERROR] Failed to determine Java version for profile jdk11+ @ org.apache.shardingsphere:shardingsphere:5.1.2-SNAPSHOT, /root/workspace/apache-shardingsphere-master-18250_repo/pom.xml

11:22:00.336 [main] ERROR f.i.s.r.process.maven.MavenHelper - Error while building complete model. The raw model will be used. Error message: 1 problem was encountered while building the effective model for org.apache.shardingsphere:shardingsphere-authority:5.1.2-SNAPSHOT
[ERROR] Failed to determine Java version for profile jdk11+ @ org.apache.shardingsphere:shardingsphere:5.1.2-SNAPSHOT, /root/workspace/apache-shardingsphere-master-18250_repo/pom.xml

11:22:00.338 [main] ERROR f.i.s.r.process.maven.MavenHelper - Error while building complete model. The raw model will be used. Error message: 1 problem was encountered while building the effective model for org.apache.shardingsphere:shardingsphere-authority-api:5.1.2-SNAPSHOT
[ERROR] Failed to determine Java version for profile jdk11+ @ org.apache.shardingsphere:shardingsphere:5.1.2-SNAPSHOT, /root/workspace/apache-shardingsphere-master-18250_repo/pom.xml

11:22:00.338 [main] ERROR f.i.s.r.p.step.paths.ComputeTestDir - The test directory is not at default location or specified in build section from pom.xml, and no parent can be found.
11:22:00.341 [main] ERROR f.i.s.r.process.maven.MavenHelper - Error while building complete model. The raw model will be used. Error message: 1 problem was encountered while building the effective model for org.apache.shardingsphere:shardingsphere-authority-core:5.1.2-SNAPSHOT
[ERROR] Failed to determine Java version for profile jdk11+ @ org.apache.shardingsphere:shardingsphere:5.1.2-SNAPSHOT, /root/workspace/apache-shardingsphere-master-18250_repo/pom.xml

11:22:00.343 [main] ERROR f.i.s.r.process.maven.MavenHelper - Error while building complete model. The raw model will be used. Error message: 1 problem was encountered while building the effective model for org.apache.shardingsphere:shardingsphere-transaction:5.1.2-SNAPSHOT
[ERROR] Failed to determine Java version for profile jdk11+ @ org.apache.shardingsphere:shardingsphere:5.1.2-SNAPSHOT, /root/workspace/apache-shardingsphere-master-18250_repo/pom.xml

11:22:00.345 [main] ERROR f.i.s.r.process.maven.MavenHelper - Error while building complete model. The raw model will be used. Error message: 1 problem was encountered while building the effective model for org.apache.shardingsphere:shardingsphere-transaction-api:5.1.2-SNAPSHOT
[ERROR] Failed to determine Java version for profile jdk11+ @ org.apache.shardingsphere:shardingsphere:5.1.2-SNAPSHOT, /root/workspace/apache-shardingsphere-master-18250_repo/pom.xml

11:22:00.345 [main] ERROR f.i.s.r.p.step.paths.ComputeTestDir - The test directory is not at default location or specified in build section from pom.xml, and no parent can be found.
11:22:00.348 [main] ERROR f.i.s.r.process.maven.MavenHelper - Error while building complete model. The raw model will be used. Error message: 1 problem was encountered while building the effective model for org.apache.shardingsphere:shardingsphere-transaction-core:5.1.2-SNAPSHOT
[ERROR] Failed to determine Java version for profile jdk11+ @ org.apache.shardingsphere:shardingsphere:5.1.2-SNAPSHOT, /root/workspace/apache-shardingsphere-master-18250_repo/pom.xml

11:22:00.350 [main] ERROR f.i.s.r.process.maven.MavenHelper - Error while building complete model. The raw model will be used. Error message: 1 problem was encountered while building the effective model for org.apache.shardingsphere:shardingsphere-transaction-type:5.1.2-SNAPSHOT
[ERROR] Failed to determine Java version for profile jdk11+ @ org.apache.shardingsphere:shardingsphere:5.1.2-SNAPSHOT, /root/workspace/apache-shardingsphere-master-18250_repo/pom.xml

11:22:00.353 [main] ERROR f.i.s.r.process.maven.MavenHelper - Error while building complete model. The raw model will be used. Error message: 1 problem was encountered while building the effective model for org.apache.shardingsphere:shardingsphere-transaction-xa:5.1.2-SNAPSHOT
[ERROR] Failed to determine Java version for profile jdk11+ @ org.apache.shardingsphere:shardingsphere:5.1.2-SNAPSHOT, /root/workspace/apache-shardingsphere-master-18250_repo/pom.xml

11:22:00.355 [main] ERROR f.i.s.r.process.maven.MavenHelper - Error while building complete model. The raw model will be used. Error message: 1 problem was encountered while building the effective model for org.apache.shardingsphere:shardingsphere-transaction-xa-spi:5.1.2-SNAPSHOT
[ERROR] Failed to determine Java version for profile jdk11+ @ org.apache.shardingsphere:shardingsphere:5.1.2-SNAPSHOT, /root/workspace/apache-shardingsphere-master-18250_repo/pom.xml

11:22:00.358 [main] ERROR f.i.s.r.process.maven.MavenHelper - Error while building complete model. The raw model will be used. Error message: 1 problem was encountered while building the effective model for org.apache.shardingsphere:shardingsphere-transaction-xa-core:5.1.2-SNAPSHOT
[ERROR] Failed to determine Java version for profile jdk11+ @ org.apache.shardingsphere:shardingsphere:5.1.2-SNAPSHOT, /root/workspace/apache-shardingsphere-master-18250_repo/pom.xml

11:22:00.360 [main] ERROR f.i.s.r.process.maven.MavenHelper - Error while building complete model. The raw model will be used. Error message: 1 problem was encountered while building the effective model for org.apache.shardingsphere:shardingsphere-transaction-xa-provider:5.1.2-SNAPSHOT
[ERROR] Failed to determine Java version for profile jdk11+ @ org.apache.shardingsphere:shardingsphere:5.1.2-SNAPSHOT, /root/workspace/apache-shardingsphere-master-18250_repo/pom.xml

11:22:00.363 [main] ERROR f.i.s.r.process.maven.MavenHelper - Error while building complete model. The raw model will be used. Error message: 1 problem was encountered while building the effective model for org.apache.shardingsphere:shardingsphere-transaction-xa-atomikos:5.1.2-SNAPSHOT
[ERROR] Failed to determine Java version for profile jdk11+ @ org.apache.shardingsphere:shardingsphere:5.1.2-SNAPSHOT, /root/workspace/apache-shardingsphere-master-18250_repo/pom.xml

11:22:00.366 [main] ERROR f.i.s.r.process.maven.MavenHelper - Error while building complete model. The raw model will be used. Error message: 1 problem was encountered while building the effective model for org.apache.shardingsphere:shardingsphere-transaction-xa-narayana:5.1.2-SNAPSHOT
[ERROR] Failed to determine Java version for profile jdk11+ @ org.apache.shardingsphere:shardingsphere:5.1.2-SNAPSHOT, /root/workspace/apache-shardingsphere-master-18250_repo/pom.xml

11:22:00.369 [main] ERROR f.i.s.r.process.maven.MavenHelper - Error while building complete model. The raw model will be used. Error message: 1 problem was encountered while building the effective model for org.apache.shardingsphere:shardingsphere-transaction-xa-bitronix:5.1.2-SNAPSHOT
[ERROR] Failed to determine Java version for profile jdk11+ @ org.apache.shardingsphere:shardingsphere:5.1.2-SNAPSHOT, /root/workspace/apache-shardingsphere-master-18250_repo/pom.xml

11:22:00.371 [main] ERROR f.i.s.r.process.maven.MavenHelper - Error while building complete model. The raw model will be used. Error message: 1 problem was encountered while building the effective model for org.apache.shardingsphere:shardingsphere-transaction-base:5.1.2-SNAPSHOT
[ERROR] Failed to determine Java version for profile jdk11+ @ org.apache.shardingsphere:shardingsphere:5.1.2-SNAPSHOT, /root/workspace/apache-shardingsphere-master-18250_repo/pom.xml

11:22:00.374 [main] ERROR f.i.s.r.process.maven.MavenHelper - Error while building complete model. The raw model will be used. Error message: 1 problem was encountered while building the effective model for org.apache.shardingsphere:shardingsphere-transaction-base-seata-at:5.1.2-SNAPSHOT
[ERROR] Failed to determine Java version for profile jdk11+ @ org.apache.shardingsphere:shardingsphere:5.1.2-SNAPSHOT, /root/workspace/apache-shardingsphere-master-18250_repo/pom.xml

11:22:00.376 [main] ERROR f.i.s.r.process.maven.MavenHelper - Error while building complete model. The raw model will be used. Error message: 1 problem was encountered while building the effective model for org.apache.shardingsphere:shardingsphere-schedule:5.1.2-SNAPSHOT
[ERROR] Failed to determine Java version for profile jdk11+ @ org.apache.shardingsphere:shardingsphere:5.1.2-SNAPSHOT, /root/workspace/apache-shardingsphere-master-18250_repo/pom.xml

11:22:00.378 [main] ERROR f.i.s.r.process.maven.MavenHelper - Error while building complete model. The raw model will be used. Error message: 1 problem was encountered while building the effective model for org.apache.shardingsphere:shardingsphere-schedule-core:5.1.2-SNAPSHOT
[ERROR] Failed to determine Java version for profile jdk11+ @ org.apache.shardingsphere:shardingsphere:5.1.2-SNAPSHOT, /root/workspace/apache-shardingsphere-master-18250_repo/pom.xml

11:22:00.378 [main] ERROR f.i.s.r.p.step.paths.ComputeTestDir - The test directory is not at default location or specified in build section from pom.xml, and no parent can be found.
11:22:00.378 [main] ERROR f.i.s.r.p.step.paths.ComputeTestDir - The test directory is not at default location or specified in build section from pom.xml, and no parent can be found.
11:22:00.380 [main] ERROR f.i.s.r.process.maven.MavenHelper - Error while building complete model. The raw model will be used. Error message: 1 problem was encountered while building the effective model for org.apache.shardingsphere:shardingsphere-data-pipeline:5.1.2-SNAPSHOT
[ERROR] Failed to determine Java version for profile jdk11+ @ org.apache.shardingsphere:shardingsphere:5.1.2-SNAPSHOT, /root/workspace/apache-shardingsphere-master-18250_repo/pom.xml

11:22:00.382 [main] ERROR f.i.s.r.process.maven.MavenHelper - Error while building complete model. The raw model will be used. Error message: 1 problem was encountered while building the effective model for org.apache.shardingsphere:shardingsphere-data-pipeline-api:5.1.2-SNAPSHOT
[ERROR] Failed to determine Java version for profile jdk11+ @ org.apache.shardingsphere:shardingsphere:5.1.2-SNAPSHOT, /root/workspace/apache-shardingsphere-master-18250_repo/pom.xml

11:22:00.385 [main] ERROR f.i.s.r.process.maven.MavenHelper - Error while building complete model. The raw model will be used. Error message: 1 problem was encountered while building the effective model for org.apache.shardingsphere:shardingsphere-data-pipeline-core:5.1.2-SNAPSHOT
[ERROR] Failed to determine Java version for profile jdk11+ @ org.apache.shardingsphere:shardingsphere:5.1.2-SNAPSHOT, /root/workspace/apache-shardingsphere-master-18250_repo/pom.xml

11:22:00.387 [main] ERROR f.i.s.r.process.maven.MavenHelper - Error while building complete model. The raw model will be used. Error message: 1 problem was encountered while building the effective model for org.apache.shardingsphere:shardingsphere-data-pipeline-dialect:5.1.2-SNAPSHOT
[ERROR] Failed to determine Java version for profile jdk11+ @ org.apache.shardingsphere:shardingsphere:5.1.2-SNAPSHOT, /root/workspace/apache-shardingsphere-master-18250_repo/pom.xml

11:22:00.389 [main] ERROR f.i.s.r.process.maven.MavenHelper - Error while building complete model. The raw model will be used. Error message: 1 problem was encountered while building the effective model for org.apache.shardingsphere:shardingsphere-data-pipeline-mysql:5.1.2-SNAPSHOT
[ERROR] Failed to determine Java version for profile jdk11+ @ org.apache.shardingsphere:shardingsphere:5.1.2-SNAPSHOT, /root/workspace/apache-shardingsphere-master-18250_repo/pom.xml

11:22:00.392 [main] ERROR f.i.s.r.process.maven.MavenHelper - Error while building complete model. The raw model will be used. Error message: 1 problem was encountered while building the effective model for org.apache.shardingsphere:shardingsphere-data-pipeline-postgresql:5.1.2-SNAPSHOT
[ERROR] Failed to determine Java version for profile jdk11+ @ org.apache.shardingsphere:shardingsphere:5.1.2-SNAPSHOT, /root/workspace/apache-shardingsphere-master-18250_repo/pom.xml

11:22:00.394 [main] ERROR f.i.s.r.process.maven.MavenHelper - Error while building complete model. The raw model will be used. Error message: 1 problem was encountered while building the effective model for org.apache.shardingsphere:shardingsphere-data-pipeline-opengauss:5.1.2-SNAPSHOT
[ERROR] Failed to determine Java version for profile jdk11+ @ org.apache.shardingsphere:shardingsphere:5.1.2-SNAPSHOT, /root/workspace/apache-shardingsphere-master-18250_repo/pom.xml

11:22:00.397 [main] ERROR f.i.s.r.process.maven.MavenHelper - Error while building complete model. The raw model will be used. Error message: 1 problem was encountered while building the effective model for org.apache.shardingsphere:shardingsphere-sql-translator:5.1.2-SNAPSHOT
[ERROR] Failed to determine Java version for profile jdk11+ @ org.apache.shardingsphere:shardingsphere:5.1.2-SNAPSHOT, /root/workspace/apache-shardingsphere-master-18250_repo/pom.xml

11:22:00.399 [main] ERROR f.i.s.r.process.maven.MavenHelper - Error while building complete model. The raw model will be used. Error message: 1 problem was encountered while building the effective model for org.apache.shardingsphere:shardingsphere-sql-translator-api:5.1.2-SNAPSHOT
[ERROR] Failed to determine Java version for profile jdk11+ @ org.apache.shardingsphere:shardingsphere:5.1.2-SNAPSHOT, /root/workspace/apache-shardingsphere-master-18250_repo/pom.xml

11:22:00.399 [main] ERROR f.i.s.r.p.step.paths.ComputeTestDir - The test directory is not at default location or specified in build section from pom.xml, and no parent can be found.
11:22:00.402 [main] ERROR f.i.s.r.process.maven.MavenHelper - Error while building complete model. The raw model will be used. Error message: 1 problem was encountered while building the effective model for org.apache.shardingsphere:shardingsphere-sql-translator-core:5.1.2-SNAPSHOT
[ERROR] Failed to determine Java version for profile jdk11+ @ org.apache.shardingsphere:shardingsphere:5.1.2-SNAPSHOT, /root/workspace/apache-shardingsphere-master-18250_repo/pom.xml

11:22:00.402 [main] ERROR f.i.s.r.p.step.paths.ComputeTestDir - The test directory is not at default location or specified in build section from pom.xml, and no parent can be found.
11:22:00.404 [main] ERROR f.i.s.r.process.maven.MavenHelper - Error while building complete model. The raw model will be used. Error message: 1 problem was encountered while building the effective model for org.apache.shardingsphere:shardingsphere-sql-translator-provider:5.1.2-SNAPSHOT
[ERROR] Failed to determine Java version for profile jdk11+ @ org.apache.shardingsphere:shardingsphere:5.1.2-SNAPSHOT, /root/workspace/apache-shardingsphere-master-18250_repo/pom.xml

11:22:00.407 [main] ERROR f.i.s.r.process.maven.MavenHelper - Error while building complete model. The raw model will be used. Error message: 1 problem was encountered while building the effective model for org.apache.shardingsphere:shardingsphere-sql-translator-native-provider:5.1.2-SNAPSHOT
[ERROR] Failed to determine Java version for profile jdk11+ @ org.apache.shardingsphere:shardingsphere:5.1.2-SNAPSHOT, /root/workspace/apache-shardingsphere-master-18250_repo/pom.xml

11:22:00.407 [main] ERROR f.i.s.r.p.step.paths.ComputeTestDir - The test directory is not at default location or specified in build section from pom.xml, and no parent can be found.
11:22:00.409 [main] ERROR f.i.s.r.process.maven.MavenHelper - Error while building complete model. The raw model will be used. Error message: 1 problem was encountered while building the effective model for org.apache.shardingsphere:shardingsphere-sql-translator-jooq-provider:5.1.2-SNAPSHOT
[ERROR] Failed to determine Java version for profile jdk11+ @ org.apache.shardingsphere:shardingsphere:5.1.2-SNAPSHOT, /root/workspace/apache-shardingsphere-master-18250_repo/pom.xml

11:22:00.409 [main] ERROR f.i.s.r.p.step.paths.ComputeTestDir - The test directory is not at default location or specified in build section from pom.xml, and no parent can be found.
11:22:00.409 [main] ERROR f.i.s.r.p.step.paths.ComputeTestDir - The test directory is not at default location or specified in build section from pom.xml, and no parent can be found.
11:22:00.409 [main] ERROR f.i.s.r.p.step.paths.ComputeTestDir - The test directory is not at default location or specified in build section from pom.xml, and no parent can be found.
11:22:00.412 [main] ERROR f.i.s.r.process.maven.MavenHelper - Error while building complete model. The raw model will be used. Error message: 1 problem was encountered while building the effective model for org.apache.shardingsphere:shardingsphere-traffic:5.1.2-SNAPSHOT
[ERROR] Failed to determine Java version for profile jdk11+ @ org.apache.shardingsphere:shardingsphere:5.1.2-SNAPSHOT, /root/workspace/apache-shardingsphere-master-18250_repo/pom.xml

11:22:00.415 [main] ERROR f.i.s.r.process.maven.MavenHelper - Error while building complete model. The raw model will be used. Error message: 1 problem was encountered while building the effective model for org.apache.shardingsphere:shardingsphere-traffic-api:5.1.2-SNAPSHOT
[ERROR] Failed to determine Java version for profile jdk11+ @ org.apache.shardingsphere:shardingsphere:5.1.2-SNAPSHOT, /root/workspace/apache-shardingsphere-master-18250_repo/pom.xml

11:22:00.417 [main] ERROR f.i.s.r.process.maven.MavenHelper - Error while building complete model. The raw model will be used. Error message: 1 problem was encountered while building the effective model for org.apache.shardingsphere:shardingsphere-traffic-core:5.1.2-SNAPSHOT
[ERROR] Failed to determine Java version for profile jdk11+ @ org.apache.shardingsphere:shardingsphere:5.1.2-SNAPSHOT, /root/workspace/apache-shardingsphere-master-18250_repo/pom.xml

11:22:00.420 [main] ERROR f.i.s.r.process.maven.MavenHelper - Error while building complete model. The raw model will be used. Error message: 1 problem was encountered while building the effective model for org.apache.shardingsphere:shardingsphere-jdbc:5.1.2-SNAPSHOT
[ERROR] Failed to determine Java version for profile jdk11+ @ org.apache.shardingsphere:shardingsphere:5.1.2-SNAPSHOT, /root/workspace/apache-shardingsphere-master-18250_repo/pom.xml

11:22:00.423 [main] ERROR f.i.s.r.process.maven.MavenHelper - Error while building complete model. The raw model will be used. Error message: 1 problem was encountered while building the effective model for org.apache.shardingsphere:shardingsphere-jdbc-core:5.1.2-SNAPSHOT
[ERROR] Failed to determine Java version for profile jdk11+ @ org.apache.shardingsphere:shardingsphere:5.1.2-SNAPSHOT, /root/workspace/apache-shardingsphere-master-18250_repo/pom.xml

11:22:00.426 [main] ERROR f.i.s.r.process.maven.MavenHelper - Error while building complete model. The raw model will be used. Error message: 1 problem was encountered while building the effective model for org.apache.shardingsphere:shardingsphere-jdbc-spring:5.1.2-SNAPSHOT
[ERROR] Failed to determine Java version for profile jdk11+ @ org.apache.shardingsphere:shardingsphere:5.1.2-SNAPSHOT, /root/workspace/apache-shardingsphere-master-18250_repo/pom.xml

11:22:00.429 [main] ERROR f.i.s.r.process.maven.MavenHelper - Error while building complete model. The raw model will be used. Error message: 1 problem was encountered while building the effective model for org.apache.shardingsphere:shardingsphere-jdbc-spring-infra:5.1.2-SNAPSHOT
[ERROR] Failed to determine Java version for profile jdk11+ @ org.apache.shardingsphere:shardingsphere:5.1.2-SNAPSHOT, /root/workspace/apache-shardingsphere-master-18250_repo/pom.xml

11:22:00.431 [main] ERROR f.i.s.r.process.maven.MavenHelper - Error while building complete model. The raw model will be used. Error message: 1 problem was encountered while building the effective model for org.apache.shardingsphere:shardingsphere-jdbc-spring-boot-starter-infra:5.1.2-SNAPSHOT
[ERROR] Failed to determine Java version for profile jdk11+ @ org.apache.shardingsphere:shardingsphere:5.1.2-SNAPSHOT, /root/workspace/apache-shardingsphere-master-18250_repo/pom.xml

11:22:00.434 [main] ERROR f.i.s.r.process.maven.MavenHelper - Error while building complete model. The raw model will be used. Error message: 1 problem was encountered while building the effective model for org.apache.shardingsphere:shardingsphere-jdbc-spring-namespace-infra:5.1.2-SNAPSHOT
[ERROR] Failed to determine Java version for profile jdk11+ @ org.apache.shardingsphere:shardingsphere:5.1.2-SNAPSHOT, /root/workspace/apache-shardingsphere-master-18250_repo/pom.xml

11:22:00.436 [main] ERROR f.i.s.r.process.maven.MavenHelper - Error while building complete model. The raw model will be used. Error message: 1 problem was encountered while building the effective model for org.apache.shardingsphere:shardingsphere-jdbc-core-spring:5.1.2-SNAPSHOT
[ERROR] Failed to determine Java version for profile jdk11+ @ org.apache.shardingsphere:shardingsphere:5.1.2-SNAPSHOT, /root/workspace/apache-shardingsphere-master-18250_repo/pom.xml

11:22:00.438 [main] ERROR f.i.s.r.process.maven.MavenHelper - Error while building complete model. The raw model will be used. Error message: 1 problem was encountered while building the effective model for org.apache.shardingsphere:shardingsphere-jdbc-core-spring-boot-starter:5.1.2-SNAPSHOT
[ERROR] Failed to determine Java version for profile jdk11+ @ org.apache.shardingsphere:shardingsphere:5.1.2-SNAPSHOT, /root/workspace/apache-shardingsphere-master-18250_repo/pom.xml

11:22:00.441 [main] ERROR f.i.s.r.process.maven.MavenHelper - Error while building complete model. The raw model will be used. Error message: 1 problem was encountered while building the effective model for org.apache.shardingsphere:shardingsphere-jdbc-core-spring-namespace:5.1.2-SNAPSHOT
[ERROR] Failed to determine Java version for profile jdk11+ @ org.apache.shardingsphere:shardingsphere:5.1.2-SNAPSHOT, /root/workspace/apache-shardingsphere-master-18250_repo/pom.xml

11:22:00.443 [main] ERROR f.i.s.r.process.maven.MavenHelper - Error while building complete model. The raw model will be used. Error message: 1 problem was encountered while building the effective model for org.apache.shardingsphere:shardingsphere-jdbc-transaction-spring:5.1.2-SNAPSHOT
[ERROR] Failed to determine Java version for profile jdk11+ @ org.apache.shardingsphere:shardingsphere:5.1.2-SNAPSHOT, /root/workspace/apache-shardingsphere-master-18250_repo/pom.xml

11:22:00.445 [main] ERROR f.i.s.r.process.maven.MavenHelper - Error while building complete model. The raw model will be used. Error message: 1 problem was encountered while building the effective model for org.apache.shardingsphere:shardingsphere-proxy:5.1.2-SNAPSHOT
[ERROR] Failed to determine Java version for profile jdk11+ @ org.apache.shardingsphere:shardingsphere:5.1.2-SNAPSHOT, /root/workspace/apache-shardingsphere-master-18250_repo/pom.xml

11:22:00.448 [main] ERROR f.i.s.r.process.maven.MavenHelper - Error while building complete model. The raw model will be used. Error message: 1 problem was encountered while building the effective model for org.apache.shardingsphere:shardingsphere-proxy-frontend:5.1.2-SNAPSHOT
[ERROR] Failed to determine Java version for profile jdk11+ @ org.apache.shardingsphere:shardingsphere:5.1.2-SNAPSHOT, /root/workspace/apache-shardingsphere-master-18250_repo/pom.xml

11:22:00.451 [main] ERROR f.i.s.r.process.maven.MavenHelper - Error while building complete model. The raw model will be used. Error message: 1 problem was encountered while building the effective model for org.apache.shardingsphere:shardingsphere-proxy-frontend-spi:5.1.2-SNAPSHOT
[ERROR] Failed to determine Java version for profile jdk11+ @ org.apache.shardingsphere:shardingsphere:5.1.2-SNAPSHOT, /root/workspace/apache-shardingsphere-master-18250_repo/pom.xml

11:22:00.451 [main] ERROR f.i.s.r.p.step.paths.ComputeTestDir - The test directory is not at default location or specified in build section from pom.xml, and no parent can be found.
11:22:00.453 [main] ERROR f.i.s.r.process.maven.MavenHelper - Error while building complete model. The raw model will be used. Error message: 1 problem was encountered while building the effective model for org.apache.shardingsphere:shardingsphere-proxy-frontend-core:5.1.2-SNAPSHOT
[ERROR] Failed to determine Java version for profile jdk11+ @ org.apache.shardingsphere:shardingsphere:5.1.2-SNAPSHOT, /root/workspace/apache-shardingsphere-master-18250_repo/pom.xml

11:22:00.456 [main] ERROR f.i.s.r.process.maven.MavenHelper - Error while building complete model. The raw model will be used. Error message: 1 problem was encountered while building the effective model for org.apache.shardingsphere:shardingsphere-proxy-frontend-mysql:5.1.2-SNAPSHOT
[ERROR] Failed to determine Java version for profile jdk11+ @ org.apache.shardingsphere:shardingsphere:5.1.2-SNAPSHOT, /root/workspace/apache-shardingsphere-master-18250_repo/pom.xml

11:22:00.458 [main] ERROR f.i.s.r.process.maven.MavenHelper - Error while building complete model. The raw model will be used. Error message: 1 problem was encountered while building the effective model for org.apache.shardingsphere:shardingsphere-proxy-frontend-postgresql:5.1.2-SNAPSHOT
[ERROR] Failed to determine Java version for profile jdk11+ @ org.apache.shardingsphere:shardingsphere:5.1.2-SNAPSHOT, /root/workspace/apache-shardingsphere-master-18250_repo/pom.xml

11:22:00.461 [main] ERROR f.i.s.r.process.maven.MavenHelper - Error while building complete model. The raw model will be used. Error message: 1 problem was encountered while building the effective model for org.apache.shardingsphere:shardingsphere-proxy-frontend-opengauss:5.1.2-SNAPSHOT
[ERROR] Failed to determine Java version for profile jdk11+ @ org.apache.shardingsphere:shardingsphere:5.1.2-SNAPSHOT, /root/workspace/apache-shardingsphere-master-18250_repo/pom.xml

11:22:00.464 [main] ERROR f.i.s.r.process.maven.MavenHelper - Error while building complete model. The raw model will be used. Error message: 1 problem was encountered while building the effective model for org.apache.shardingsphere:shardingsphere-proxy-frontend-reactive-core:5.1.2-SNAPSHOT
[ERROR] Failed to determine Java version for profile jdk11+ @ org.apache.shardingsphere:shardingsphere:5.1.2-SNAPSHOT, /root/workspace/apache-shardingsphere-master-18250_repo/pom.xml

11:22:00.467 [main] ERROR f.i.s.r.process.maven.MavenHelper - Error while building complete model. The raw model will be used. Error message: 1 problem was encountered while building the effective model for org.apache.shardingsphere:shardingsphere-proxy-frontend-reactive-mysql:5.1.2-SNAPSHOT
[ERROR] Failed to determine Java version for profile jdk11+ @ org.apache.shardingsphere:shardingsphere:5.1.2-SNAPSHOT, /root/workspace/apache-shardingsphere-master-18250_repo/pom.xml

11:22:00.467 [main] ERROR f.i.s.r.p.step.paths.ComputeTestDir - The test directory is not at default location or specified in build section from pom.xml, and no parent can be found.
11:22:00.470 [main] ERROR f.i.s.r.process.maven.MavenHelper - Error while building complete model. The raw model will be used. Error message: 1 problem was encountered while building the effective model for org.apache.shardingsphere:shardingsphere-proxy-frontend-reactive-spi:5.1.2-SNAPSHOT
[ERROR] Failed to determine Java version for profile jdk11+ @ org.apache.shardingsphere:shardingsphere:5.1.2-SNAPSHOT, /root/workspace/apache-shardingsphere-master-18250_repo/pom.xml

11:22:00.470 [main] ERROR f.i.s.r.p.step.paths.ComputeTestDir - The test directory is not at default location or specified in build section from pom.xml, and no parent can be found.
11:22:00.473 [main] ERROR f.i.s.r.process.maven.MavenHelper - Error while building complete model. The raw model will be used. Error message: 1 problem was encountered while building the effective model for org.apache.shardingsphere:shardingsphere-proxy-backend:5.1.2-SNAPSHOT
[ERROR] Failed to determine Java version for profile jdk11+ @ org.apache.shardingsphere:shardingsphere:5.1.2-SNAPSHOT, /root/workspace/apache-shardingsphere-master-18250_repo/pom.xml

11:22:00.476 [main] ERROR f.i.s.r.process.maven.MavenHelper - Error while building complete model. The raw model will be used. Error message: 1 problem was encountered while building the effective model for org.apache.shardingsphere:shardingsphere-proxy-bootstrap:5.1.2-SNAPSHOT
[ERROR] Failed to determine Java version for profile jdk11+ @ org.apache.shardingsphere:shardingsphere:5.1.2-SNAPSHOT, /root/workspace/apache-shardingsphere-master-18250_repo/pom.xml

11:22:00.479 [main] ERROR f.i.s.r.process.maven.MavenHelper - Error while building complete model. The raw model will be used. Error message: 1 problem was encountered while building the effective model for org.apache.shardingsphere:shardingsphere-features:5.1.2-SNAPSHOT
[ERROR] Failed to determine Java version for profile jdk11+ @ org.apache.shardingsphere:shardingsphere:5.1.2-SNAPSHOT, /root/workspace/apache-shardingsphere-master-18250_repo/pom.xml

11:22:00.481 [main] ERROR f.i.s.r.process.maven.MavenHelper - Error while building complete model. The raw model will be used. Error message: 1 problem was encountered while building the effective model for org.apache.shardingsphere:shardingsphere-sharding:5.1.2-SNAPSHOT
[ERROR] Failed to determine Java version for profile jdk11+ @ org.apache.shardingsphere:shardingsphere:5.1.2-SNAPSHOT, /root/workspace/apache-shardingsphere-master-18250_repo/pom.xml

11:22:00.484 [main] ERROR f.i.s.r.process.maven.MavenHelper - Error while building complete model. The raw model will be used. Error message: 1 problem was encountered while building the effective model for org.apache.shardingsphere:shardingsphere-sharding-api:5.1.2-SNAPSHOT
[ERROR] Failed to determine Java version for profile jdk11+ @ org.apache.shardingsphere:shardingsphere:5.1.2-SNAPSHOT, /root/workspace/apache-shardingsphere-master-18250_repo/pom.xml

11:22:00.487 [main] ERROR f.i.s.r.process.maven.MavenHelper - Error while building complete model. The raw model will be used. Error message: 1 problem was encountered while building the effective model for org.apache.shardingsphere:shardingsphere-sharding-core:5.1.2-SNAPSHOT
[ERROR] Failed to determine Java version for profile jdk11+ @ org.apache.shardingsphere:shardingsphere:5.1.2-SNAPSHOT, /root/workspace/apache-shardingsphere-master-18250_repo/pom.xml

11:22:00.490 [main] ERROR f.i.s.r.process.maven.MavenHelper - Error while building complete model. The raw model will be used. Error message: 1 problem was encountered while building the effective model for org.apache.shardingsphere:shardingsphere-sharding-distsql:5.1.2-SNAPSHOT
[ERROR] Failed to determine Java version for profile jdk11+ @ org.apache.shardingsphere:shardingsphere:5.1.2-SNAPSHOT, /root/workspace/apache-shardingsphere-master-18250_repo/pom.xml

11:22:00.493 [main] ERROR f.i.s.r.process.maven.MavenHelper - Error while building complete model. The raw model will be used. Error message: 1 problem was encountered while building the effective model for org.apache.shardingsphere:shardingsphere-sharding-distsql-statement:5.1.2-SNAPSHOT
[ERROR] Failed to determine Java version for profile jdk11+ @ org.apache.shardingsphere:shardingsphere:5.1.2-SNAPSHOT, /root/workspace/apache-shardingsphere-master-18250_repo/pom.xml

11:22:00.493 [main] ERROR f.i.s.r.p.step.paths.ComputeTestDir - The test directory is not at default location or specified in build section from pom.xml, and no parent can be found.
11:22:00.496 [main] ERROR f.i.s.r.process.maven.MavenHelper - Error while building complete model. The raw model will be used. Error message: 1 problem was encountered while building the effective model for org.apache.shardingsphere:shardingsphere-sharding-distsql-parser:5.1.2-SNAPSHOT
[ERROR] Failed to determine Java version for profile jdk11+ @ org.apache.shardingsphere:shardingsphere:5.1.2-SNAPSHOT, /root/workspace/apache-shardingsphere-master-18250_repo/pom.xml

11:22:00.496 [main] ERROR f.i.s.r.p.step.paths.ComputeTestDir - The test directory is not at default location or specified in build section from pom.xml, and no parent can be found.
11:22:00.499 [main] ERROR f.i.s.r.process.maven.MavenHelper - Error while building complete model. The raw model will be used. Error message: 1 problem was encountered while building the effective model for org.apache.shardingsphere:shardingsphere-sharding-distsql-handler:5.1.2-SNAPSHOT
[ERROR] Failed to determine Java version for profile jdk11+ @ org.apache.shardingsphere:shardingsphere:5.1.2-SNAPSHOT, /root/workspace/apache-shardingsphere-master-18250_repo/pom.xml

11:22:00.502 [main] ERROR f.i.s.r.process.maven.MavenHelper - Error while building complete model. The raw model will be used. Error message: 1 problem was encountered while building the effective model for org.apache.shardingsphere:shardingsphere-sharding-spring:5.1.2-SNAPSHOT
[ERROR] Failed to determine Java version for profile jdk11+ @ org.apache.shardingsphere:shardingsphere:5.1.2-SNAPSHOT, /root/workspace/apache-shardingsphere-master-18250_repo/pom.xml

11:22:00.505 [main] ERROR f.i.s.r.process.maven.MavenHelper - Error while building complete model. The raw model will be used. Error message: 1 problem was encountered while building the effective model for org.apache.shardingsphere:shardingsphere-sharding-spring-namespace:5.1.2-SNAPSHOT
[ERROR] Failed to determine Java version for profile jdk11+ @ org.apache.shardingsphere:shardingsphere:5.1.2-SNAPSHOT, /root/workspace/apache-shardingsphere-master-18250_repo/pom.xml

11:22:00.508 [main] ERROR f.i.s.r.process.maven.MavenHelper - Error while building complete model. The raw model will be used. Error message: 1 problem was encountered while building the effective model for org.apache.shardingsphere:shardingsphere-sharding-spring-boot-starter:5.1.2-SNAPSHOT
[ERROR] Failed to determine Java version for profile jdk11+ @ org.apache.shardingsphere:shardingsphere:5.1.2-SNAPSHOT, /root/workspace/apache-shardingsphere-master-18250_repo/pom.xml

11:22:00.511 [main] ERROR f.i.s.r.process.maven.MavenHelper - Error while building complete model. The raw model will be used. Error message: 1 problem was encountered while building the effective model for org.apache.shardingsphere:shardingsphere-sharding-plugin:5.1.2-SNAPSHOT
[ERROR] Failed to determine Java version for profile jdk11+ @ org.apache.shardingsphere:shardingsphere:5.1.2-SNAPSHOT, /root/workspace/apache-shardingsphere-master-18250_repo/pom.xml

11:22:00.514 [main] ERROR f.i.s.r.process.maven.MavenHelper - Error while building complete model. The raw model will be used. Error message: 1 problem was encountered while building the effective model for org.apache.shardingsphere:shardingsphere-sharding-cosid:5.1.2-SNAPSHOT
[ERROR] Failed to determine Java version for profile jdk11+ @ org.apache.shardingsphere:shardingsphere:5.1.2-SNAPSHOT, /root/workspace/apache-shardingsphere-master-18250_repo/pom.xml

11:22:00.517 [main] ERROR f.i.s.r.process.maven.MavenHelper - Error while building complete model. The raw model will be used. Error message: 1 problem was encountered while building the effective model for org.apache.shardingsphere:shardingsphere-sharding-nanoid:5.1.2-SNAPSHOT
[ERROR] Failed to determine Java version for profile jdk11+ @ org.apache.shardingsphere:shardingsphere:5.1.2-SNAPSHOT, /root/workspace/apache-shardingsphere-master-18250_repo/pom.xml

11:22:00.520 [main] ERROR f.i.s.r.process.maven.MavenHelper - Error while building complete model. The raw model will be used. Error message: 1 problem was encountered while building the effective model for org.apache.shardingsphere:shardingsphere-readwrite-splitting:5.1.2-SNAPSHOT
[ERROR] Failed to determine Java version for profile jdk11+ @ org.apache.shardingsphere:shardingsphere:5.1.2-SNAPSHOT, /root/workspace/apache-shardingsphere-master-18250_repo/pom.xml

11:22:00.523 [main] ERROR f.i.s.r.process.maven.MavenHelper - Error while building complete model. The raw model will be used. Error message: 1 problem was encountered while building the effective model for org.apache.shardingsphere:shardingsphere-readwrite-splitting-api:5.1.2-SNAPSHOT
[ERROR] Failed to determine Java version for profile jdk11+ @ org.apache.shardingsphere:shardingsphere:5.1.2-SNAPSHOT, /root/workspace/apache-shardingsphere-master-18250_repo/pom.xml

11:22:00.525 [main] ERROR f.i.s.r.process.maven.MavenHelper - Error while building complete model. The raw model will be used. Error message: 1 problem was encountered while building the effective model for org.apache.shardingsphere:shardingsphere-readwrite-splitting-core:5.1.2-SNAPSHOT
[ERROR] Failed to determine Java version for profile jdk11+ @ org.apache.shardingsphere:shardingsphere:5.1.2-SNAPSHOT, /root/workspace/apache-shardingsphere-master-18250_repo/pom.xml

11:22:00.528 [main] ERROR f.i.s.r.process.maven.MavenHelper - Error while building complete model. The raw model will be used. Error message: 1 problem was encountered while building the effective model for org.apache.shardingsphere:shardingsphere-readwrite-splitting-distsql:5.1.2-SNAPSHOT
[ERROR] Failed to determine Java version for profile jdk11+ @ org.apache.shardingsphere:shardingsphere:5.1.2-SNAPSHOT, /root/workspace/apache-shardingsphere-master-18250_repo/pom.xml

11:22:00.531 [main] ERROR f.i.s.r.process.maven.MavenHelper - Error while building complete model. The raw model will be used. Error message: 1 problem was encountered while building the effective model for org.apache.shardingsphere:shardingsphere-readwrite-splitting-distsql-statement:5.1.2-SNAPSHOT
[ERROR] Failed to determine Java version for profile jdk11+ @ org.apache.shardingsphere:shardingsphere:5.1.2-SNAPSHOT, /root/workspace/apache-shardingsphere-master-18250_repo/pom.xml

11:22:00.531 [main] ERROR f.i.s.r.p.step.paths.ComputeTestDir - The test directory is not at default location or specified in build section from pom.xml, and no parent can be found.
11:22:00.534 [main] ERROR f.i.s.r.process.maven.MavenHelper - Error while building complete model. The raw model will be used. Error message: 1 problem was encountered while building the effective model for org.apache.shardingsphere:shardingsphere-readwrite-splitting-distsql-parser:5.1.2-SNAPSHOT
[ERROR] Failed to determine Java version for profile jdk11+ @ org.apache.shardingsphere:shardingsphere:5.1.2-SNAPSHOT, /root/workspace/apache-shardingsphere-master-18250_repo/pom.xml

11:22:00.535 [main] ERROR f.i.s.r.p.step.paths.ComputeTestDir - The test directory is not at default location or specified in build section from pom.xml, and no parent can be found.
11:22:00.538 [main] ERROR f.i.s.r.process.maven.MavenHelper - Error while building complete model. The raw model will be used. Error message: 1 problem was encountered while building the effective model for org.apache.shardingsphere:shardingsphere-readwrite-splitting-distsql-handler:5.1.2-SNAPSHOT
[ERROR] Failed to determine Java version for profile jdk11+ @ org.apache.shardingsphere:shardingsphere:5.1.2-SNAPSHOT, /root/workspace/apache-shardingsphere-master-18250_repo/pom.xml

11:22:00.540 [main] ERROR f.i.s.r.process.maven.MavenHelper - Error while building complete model. The raw model will be used. Error message: 1 problem was encountered while building the effective model for org.apache.shardingsphere:shardingsphere-readwrite-splitting-spring:5.1.2-SNAPSHOT
[ERROR] Failed to determine Java version for profile jdk11+ @ org.apache.shardingsphere:shardingsphere:5.1.2-SNAPSHOT, /root/workspace/apache-shardingsphere-master-18250_repo/pom.xml

11:22:00.543 [main] ERROR f.i.s.r.process.maven.MavenHelper - Error while building complete model. The raw model will be used. Error message: 1 problem was encountered while building the effective model for org.apache.shardingsphere:shardingsphere-readwrite-splitting-spring-namespace:5.1.2-SNAPSHOT
[ERROR] Failed to determine Java version for profile jdk11+ @ org.apache.shardingsphere:shardingsphere:5.1.2-SNAPSHOT, /root/workspace/apache-shardingsphere-master-18250_repo/pom.xml

11:22:00.546 [main] ERROR f.i.s.r.process.maven.MavenHelper - Error while building complete model. The raw model will be used. Error message: 1 problem was encountered while building the effective model for org.apache.shardingsphere:shardingsphere-readwrite-splitting-spring-boot-starter:5.1.2-SNAPSHOT
[ERROR] Failed to determine Java version for profile jdk11+ @ org.apache.shardingsphere:shardingsphere:5.1.2-SNAPSHOT, /root/workspace/apache-shardingsphere-master-18250_repo/pom.xml

11:22:00.549 [main] ERROR f.i.s.r.process.maven.MavenHelper - Error while building complete model. The raw model will be used. Error message: 1 problem was encountered while building the effective model for org.apache.shardingsphere:shardingsphere-db-discovery:5.1.2-SNAPSHOT
[ERROR] Failed to determine Java version for profile jdk11+ @ org.apache.shardingsphere:shardingsphere:5.1.2-SNAPSHOT, /root/workspace/apache-shardingsphere-master-18250_repo/pom.xml

11:22:00.551 [main] ERROR f.i.s.r.process.maven.MavenHelper - Error while building complete model. The raw model will be used. Error message: 1 problem was encountered while building the effective model for org.apache.shardingsphere:shardingsphere-db-discovery-api:5.1.2-SNAPSHOT
[ERROR] Failed to determine Java version for profile jdk11+ @ org.apache.shardingsphere:shardingsphere:5.1.2-SNAPSHOT, /root/workspace/apache-shardingsphere-master-18250_repo/pom.xml

11:22:00.551 [main] ERROR f.i.s.r.p.step.paths.ComputeTestDir - The test directory is not at default location or specified in build section from pom.xml, and no parent can be found.
11:22:00.553 [main] ERROR f.i.s.r.process.maven.MavenHelper - Error while building complete model. The raw model will be used. Error message: 1 problem was encountered while building the effective model for org.apache.shardingsphere:shardingsphere-db-discovery-core:5.1.2-SNAPSHOT
[ERROR] Failed to determine Java version for profile jdk11+ @ org.apache.shardingsphere:shardingsphere:5.1.2-SNAPSHOT, /root/workspace/apache-shardingsphere-master-18250_repo/pom.xml

11:22:00.555 [main] ERROR f.i.s.r.process.maven.MavenHelper - Error while building complete model. The raw model will be used. Error message: 1 problem was encountered while building the effective model for org.apache.shardingsphere:shardingsphere-db-discovery-distsql:5.1.2-SNAPSHOT
[ERROR] Failed to determine Java version for profile jdk11+ @ org.apache.shardingsphere:shardingsphere:5.1.2-SNAPSHOT, /root/workspace/apache-shardingsphere-master-18250_repo/pom.xml

11:22:00.557 [main] ERROR f.i.s.r.process.maven.MavenHelper - Error while building complete model. The raw model will be used. Error message: 1 problem was encountered while building the effective model for org.apache.shardingsphere:shardingsphere-db-discovery-distsql-statement:5.1.2-SNAPSHOT
[ERROR] Failed to determine Java version for profile jdk11+ @ org.apache.shardingsphere:shardingsphere:5.1.2-SNAPSHOT, /root/workspace/apache-shardingsphere-master-18250_repo/pom.xml

11:22:00.557 [main] ERROR f.i.s.r.p.step.paths.ComputeTestDir - The test directory is not at default location or specified in build section from pom.xml, and no parent can be found.
11:22:00.559 [main] ERROR f.i.s.r.process.maven.MavenHelper - Error while building complete model. The raw model will be used. Error message: 1 problem was encountered while building the effective model for org.apache.shardingsphere:shardingsphere-db-discovery-distsql-parser:5.1.2-SNAPSHOT
[ERROR] Failed to determine Java version for profile jdk11+ @ org.apache.shardingsphere:shardingsphere:5.1.2-SNAPSHOT, /root/workspace/apache-shardingsphere-master-18250_repo/pom.xml

11:22:00.560 [main] ERROR f.i.s.r.p.step.paths.ComputeTestDir - The test directory is not at default location or specified in build section from pom.xml, and no parent can be found.
11:22:00.562 [main] ERROR f.i.s.r.process.maven.MavenHelper - Error while building complete model. The raw model will be used. Error message: 1 problem was encountered while building the effective model for org.apache.shardingsphere:shardingsphere-db-discovery-distsql-handler:5.1.2-SNAPSHOT
[ERROR] Failed to determine Java version for profile jdk11+ @ org.apache.shardingsphere:shardingsphere:5.1.2-SNAPSHOT, /root/workspace/apache-shardingsphere-master-18250_repo/pom.xml

11:22:00.564 [main] ERROR f.i.s.r.process.maven.MavenHelper - Error while building complete model. The raw model will be used. Error message: 1 problem was encountered while building the effective model for org.apache.shardingsphere:shardingsphere-db-discovery-provider:5.1.2-SNAPSHOT
[ERROR] Failed to determine Java version for profile jdk11+ @ org.apache.shardingsphere:shardingsphere:5.1.2-SNAPSHOT, /root/workspace/apache-shardingsphere-master-18250_repo/pom.xml

11:22:00.566 [main] ERROR f.i.s.r.process.maven.MavenHelper - Error while building complete model. The raw model will be used. Error message: 1 problem was encountered while building the effective model for org.apache.shardingsphere:shardingsphere-db-discovery-mysql:5.1.2-SNAPSHOT
[ERROR] Failed to determine Java version for profile jdk11+ @ org.apache.shardingsphere:shardingsphere:5.1.2-SNAPSHOT, /root/workspace/apache-shardingsphere-master-18250_repo/pom.xml

11:22:00.568 [main] ERROR f.i.s.r.process.maven.MavenHelper - Error while building complete model. The raw model will be used. Error message: 1 problem was encountered while building the effective model for org.apache.shardingsphere:shardingsphere-db-discovery-opengauss:5.1.2-SNAPSHOT
[ERROR] Failed to determine Java version for profile jdk11+ @ org.apache.shardingsphere:shardingsphere:5.1.2-SNAPSHOT, /root/workspace/apache-shardingsphere-master-18250_repo/pom.xml

11:22:00.570 [main] ERROR f.i.s.r.process.maven.MavenHelper - Error while building complete model. The raw model will be used. Error message: 1 problem was encountered while building the effective model for org.apache.shardingsphere:shardingsphere-db-discovery-spring:5.1.2-SNAPSHOT
[ERROR] Failed to determine Java version for profile jdk11+ @ org.apache.shardingsphere:shardingsphere:5.1.2-SNAPSHOT, /root/workspace/apache-shardingsphere-master-18250_repo/pom.xml

11:22:00.573 [main] ERROR f.i.s.r.process.maven.MavenHelper - Error while building complete model. The raw model will be used. Error message: 1 problem was encountered while building the effective model for org.apache.shardingsphere:shardingsphere-db-discovery-spring-namespace:5.1.2-SNAPSHOT
[ERROR] Failed to determine Java version for profile jdk11+ @ org.apache.shardingsphere:shardingsphere:5.1.2-SNAPSHOT, /root/workspace/apache-shardingsphere-master-18250_repo/pom.xml

11:22:00.575 [main] ERROR f.i.s.r.process.maven.MavenHelper - Error while building complete model. The raw model will be used. Error message: 1 problem was encountered while building the effective model for org.apache.shardingsphere:shardingsphere-db-discovery-spring-boot-starter:5.1.2-SNAPSHOT
[ERROR] Failed to determine Java version for profile jdk11+ @ org.apache.shardingsphere:shardingsphere:5.1.2-SNAPSHOT, /root/workspace/apache-shardingsphere-master-18250_repo/pom.xml

11:22:00.577 [main] ERROR f.i.s.r.process.maven.MavenHelper - Error while building complete model. The raw model will be used. Error message: 1 problem was encountered while building the effective model for org.apache.shardingsphere:shardingsphere-encrypt:5.1.2-SNAPSHOT
[ERROR] Failed to determine Java version for profile jdk11+ @ org.apache.shardingsphere:shardingsphere:5.1.2-SNAPSHOT, /root/workspace/apache-shardingsphere-master-18250_repo/pom.xml

11:22:00.579 [main] ERROR f.i.s.r.process.maven.MavenHelper - Error while building complete model. The raw model will be used. Error message: 1 problem was encountered while building the effective model for org.apache.shardingsphere:shardingsphere-encrypt-api:5.1.2-SNAPSHOT
[ERROR] Failed to determine Java version for profile jdk11+ @ org.apache.shardingsphere:shardingsphere:5.1.2-SNAPSHOT, /root/workspace/apache-shardingsphere-master-18250_repo/pom.xml

11:22:00.579 [main] ERROR f.i.s.r.p.step.paths.ComputeTestDir - The test directory is not at default location or specified in build section from pom.xml, and no parent can be found.
11:22:00.581 [main] ERROR f.i.s.r.process.maven.MavenHelper - Error while building complete model. The raw model will be used. Error message: 1 problem was encountered while building the effective model for org.apache.shardingsphere:shardingsphere-encrypt-core:5.1.2-SNAPSHOT
[ERROR] Failed to determine Java version for profile jdk11+ @ org.apache.shardingsphere:shardingsphere:5.1.2-SNAPSHOT, /root/workspace/apache-shardingsphere-master-18250_repo/pom.xml

11:22:00.583 [main] ERROR f.i.s.r.process.maven.MavenHelper - Error while building complete model. The raw model will be used. Error message: 1 problem was encountered while building the effective model for org.apache.shardingsphere:shardingsphere-encrypt-distsql:5.1.2-SNAPSHOT
[ERROR] Failed to determine Java version for profile jdk11+ @ org.apache.shardingsphere:shardingsphere:5.1.2-SNAPSHOT, /root/workspace/apache-shardingsphere-master-18250_repo/pom.xml

11:22:00.586 [main] ERROR f.i.s.r.process.maven.MavenHelper - Error while building complete model. The raw model will be used. Error message: 1 problem was encountered while building the effective model for org.apache.shardingsphere:shardingsphere-encrypt-distsql-statement:5.1.2-SNAPSHOT
[ERROR] Failed to determine Java version for profile jdk11+ @ org.apache.shardingsphere:shardingsphere:5.1.2-SNAPSHOT, /root/workspace/apache-shardingsphere-master-18250_repo/pom.xml

11:22:00.586 [main] ERROR f.i.s.r.p.step.paths.ComputeTestDir - The test directory is not at default location or specified in build section from pom.xml, and no parent can be found.
11:22:00.602 [main] ERROR f.i.s.r.process.maven.MavenHelper - Error while building complete model. The raw model will be used. Error message: 1 problem was encountered while building the effective model for org.apache.shardingsphere:shardingsphere-encrypt-distsql-parser:5.1.2-SNAPSHOT
[ERROR] Failed to determine Java version for profile jdk11+ @ org.apache.shardingsphere:shardingsphere:5.1.2-SNAPSHOT, /root/workspace/apache-shardingsphere-master-18250_repo/pom.xml

11:22:00.602 [main] ERROR f.i.s.r.p.step.paths.ComputeTestDir - The test directory is not at default location or specified in build section from pom.xml, and no parent can be found.
11:22:00.605 [main] ERROR f.i.s.r.process.maven.MavenHelper - Error while building complete model. The raw model will be used. Error message: 1 problem was encountered while building the effective model for org.apache.shardingsphere:shardingsphere-encrypt-distsql-handler:5.1.2-SNAPSHOT
[ERROR] Failed to determine Java version for profile jdk11+ @ org.apache.shardingsphere:shardingsphere:5.1.2-SNAPSHOT, /root/workspace/apache-shardingsphere-master-18250_repo/pom.xml

11:22:00.607 [main] ERROR f.i.s.r.process.maven.MavenHelper - Error while building complete model. The raw model will be used. Error message: 1 problem was encountered while building the effective model for org.apache.shardingsphere:shardingsphere-encrypt-spring:5.1.2-SNAPSHOT
[ERROR] Failed to determine Java version for profile jdk11+ @ org.apache.shardingsphere:shardingsphere:5.1.2-SNAPSHOT, /root/workspace/apache-shardingsphere-master-18250_repo/pom.xml

11:22:00.609 [main] ERROR f.i.s.r.process.maven.MavenHelper - Error while building complete model. The raw model will be used. Error message: 1 problem was encountered while building the effective model for org.apache.shardingsphere:shardingsphere-encrypt-spring-namespace:5.1.2-SNAPSHOT
[ERROR] Failed to determine Java version for profile jdk11+ @ org.apache.shardingsphere:shardingsphere:5.1.2-SNAPSHOT, /root/workspace/apache-shardingsphere-master-18250_repo/pom.xml

11:22:00.611 [main] ERROR f.i.s.r.process.maven.MavenHelper - Error while building complete model. The raw model will be used. Error message: 1 problem was encountered while building the effective model for org.apache.shardingsphere:shardingsphere-encrypt-spring-boot-starter:5.1.2-SNAPSHOT
[ERROR] Failed to determine Java version for profile jdk11+ @ org.apache.shardingsphere:shardingsphere:5.1.2-SNAPSHOT, /root/workspace/apache-shardingsphere-master-18250_repo/pom.xml

11:22:00.613 [main] ERROR f.i.s.r.process.maven.MavenHelper - Error while building complete model. The raw model will be used. Error message: 1 problem was encountered while building the effective model for org.apache.shardingsphere:shardingsphere-encrypt-plugin:5.1.2-SNAPSHOT
[ERROR] Failed to determine Java version for profile jdk11+ @ org.apache.shardingsphere:shardingsphere:5.1.2-SNAPSHOT, /root/workspace/apache-shardingsphere-master-18250_repo/pom.xml

11:22:00.615 [main] ERROR f.i.s.r.process.maven.MavenHelper - Error while building complete model. The raw model will be used. Error message: 1 problem was encountered while building the effective model for org.apache.shardingsphere:shardingsphere-encrypt-sm:5.1.2-SNAPSHOT
[ERROR] Failed to determine Java version for profile jdk11+ @ org.apache.shardingsphere:shardingsphere:5.1.2-SNAPSHOT, /root/workspace/apache-shardingsphere-master-18250_repo/pom.xml

11:22:00.617 [main] ERROR f.i.s.r.process.maven.MavenHelper - Error while building complete model. The raw model will be used. Error message: 1 problem was encountered while building the effective model for org.apache.shardingsphere:shardingsphere-shadow:5.1.2-SNAPSHOT
[ERROR] Failed to determine Java version for profile jdk11+ @ org.apache.shardingsphere:shardingsphere:5.1.2-SNAPSHOT, /root/workspace/apache-shardingsphere-master-18250_repo/pom.xml

11:22:00.619 [main] ERROR f.i.s.r.process.maven.MavenHelper - Error while building complete model. The raw model will be used. Error message: 1 problem was encountered while building the effective model for org.apache.shardingsphere:shardingsphere-shadow-api:5.1.2-SNAPSHOT
[ERROR] Failed to determine Java version for profile jdk11+ @ org.apache.shardingsphere:shardingsphere:5.1.2-SNAPSHOT, /root/workspace/apache-shardingsphere-master-18250_repo/pom.xml

11:22:00.620 [main] ERROR f.i.s.r.p.step.paths.ComputeTestDir - The test directory is not at default location or specified in build section from pom.xml, and no parent can be found.
11:22:00.622 [main] ERROR f.i.s.r.process.maven.MavenHelper - Error while building complete model. The raw model will be used. Error message: 1 problem was encountered while building the effective model for org.apache.shardingsphere:shardingsphere-shadow-core:5.1.2-SNAPSHOT
[ERROR] Failed to determine Java version for profile jdk11+ @ org.apache.shardingsphere:shardingsphere:5.1.2-SNAPSHOT, /root/workspace/apache-shardingsphere-master-18250_repo/pom.xml

11:22:00.624 [main] ERROR f.i.s.r.process.maven.MavenHelper - Error while building complete model. The raw model will be used. Error message: 1 problem was encountered while building the effective model for org.apache.shardingsphere:shardingsphere-shadow-distsql:5.1.2-SNAPSHOT
[ERROR] Failed to determine Java version for profile jdk11+ @ org.apache.shardingsphere:shardingsphere:5.1.2-SNAPSHOT, /root/workspace/apache-shardingsphere-master-18250_repo/pom.xml

11:22:00.626 [main] ERROR f.i.s.r.process.maven.MavenHelper - Error while building complete model. The raw model will be used. Error message: 1 problem was encountered while building the effective model for org.apache.shardingsphere:shardingsphere-shadow-distsql-statement:5.1.2-SNAPSHOT
[ERROR] Failed to determine Java version for profile jdk11+ @ org.apache.shardingsphere:shardingsphere:5.1.2-SNAPSHOT, /root/workspace/apache-shardingsphere-master-18250_repo/pom.xml

11:22:00.626 [main] ERROR f.i.s.r.p.step.paths.ComputeTestDir - The test directory is not at default location or specified in build section from pom.xml, and no parent can be found.
11:22:00.628 [main] ERROR f.i.s.r.process.maven.MavenHelper - Error while building complete model. The raw model will be used. Error message: 1 problem was encountered while building the effective model for org.apache.shardingsphere:shardingsphere-shadow-distsql-parser:5.1.2-SNAPSHOT
[ERROR] Failed to determine Java version for profile jdk11+ @ org.apache.shardingsphere:shardingsphere:5.1.2-SNAPSHOT, /root/workspace/apache-shardingsphere-master-18250_repo/pom.xml

11:22:00.628 [main] ERROR f.i.s.r.p.step.paths.ComputeTestDir - The test directory is not at default location or specified in build section from pom.xml, and no parent can be found.
11:22:00.630 [main] ERROR f.i.s.r.process.maven.MavenHelper - Error while building complete model. The raw model will be used. Error message: 1 problem was encountered while building the effective model for org.apache.shardingsphere:shardingsphere-shadow-distsql-handler:5.1.2-SNAPSHOT
[ERROR] Failed to determine Java version for profile jdk11+ @ org.apache.shardingsphere:shardingsphere:5.1.2-SNAPSHOT, /root/workspace/apache-shardingsphere-master-18250_repo/pom.xml

11:22:00.632 [main] ERROR f.i.s.r.process.maven.MavenHelper - Error while building complete model. The raw model will be used. Error message: 1 problem was encountered while building the effective model for org.apache.shardingsphere:shardingsphere-shadow-spring:5.1.2-SNAPSHOT
[ERROR] Failed to determine Java version for profile jdk11+ @ org.apache.shardingsphere:shardingsphere:5.1.2-SNAPSHOT, /root/workspace/apache-shardingsphere-master-18250_repo/pom.xml

11:22:00.634 [main] ERROR f.i.s.r.process.maven.MavenHelper - Error while building complete model. The raw model will be used. Error message: 1 problem was encountered while building the effective model for org.apache.shardingsphere:shardingsphere-shadow-spring-namespace:5.1.2-SNAPSHOT
[ERROR] Failed to determine Java version for profile jdk11+ @ org.apache.shardingsphere:shardingsphere:5.1.2-SNAPSHOT, /root/workspace/apache-shardingsphere-master-18250_repo/pom.xml

11:22:00.636 [main] ERROR f.i.s.r.process.maven.MavenHelper - Error while building complete model. The raw model will be used. Error message: 1 problem was encountered while building the effective model for org.apache.shardingsphere:shardingsphere-shadow-spring-boot-starter:5.1.2-SNAPSHOT
[ERROR] Failed to determine Java version for profile jdk11+ @ org.apache.shardingsphere:shardingsphere:5.1.2-SNAPSHOT, /root/workspace/apache-shardingsphere-master-18250_repo/pom.xml

11:22:00.638 [main] ERROR f.i.s.r.process.maven.MavenHelper - Error while building complete model. The raw model will be used. Error message: 1 problem was encountered while building the effective model for org.apache.shardingsphere:shardingsphere-agent:5.1.2-SNAPSHOT
[ERROR] Failed to determine Java version for profile jdk11+ @ org.apache.shardingsphere:shardingsphere:5.1.2-SNAPSHOT, /root/workspace/apache-shardingsphere-master-18250_repo/pom.xml

11:22:00.641 [main] ERROR f.i.s.r.process.maven.MavenHelper - Error while building complete model. The raw model will be used. Error message: 1 problem was encountered while building the effective model for org.apache.shardingsphere:shardingsphere-agent-bootstrap:5.1.2-SNAPSHOT
[ERROR] Failed to determine Java version for profile jdk11+ @ org.apache.shardingsphere:shardingsphere:5.1.2-SNAPSHOT, /root/workspace/apache-shardingsphere-master-18250_repo/pom.xml

11:22:00.641 [main] ERROR f.i.s.r.p.step.paths.ComputeTestDir - The test directory is not at default location or specified in build section from pom.xml, and no parent can be found.
11:22:00.643 [main] ERROR f.i.s.r.process.maven.MavenHelper - Error while building complete model. The raw model will be used. Error message: 1 problem was encountered while building the effective model for org.apache.shardingsphere:shardingsphere-agent-core:5.1.2-SNAPSHOT
[ERROR] Failed to determine Java version for profile jdk11+ @ org.apache.shardingsphere:shardingsphere:5.1.2-SNAPSHOT, /root/workspace/apache-shardingsphere-master-18250_repo/pom.xml

11:22:00.646 [main] ERROR f.i.s.r.process.maven.MavenHelper - Error while building complete model. The raw model will be used. Error message: 1 problem was encountered while building the effective model for org.apache.shardingsphere:shardingsphere-agent-plugins:5.1.2-SNAPSHOT
[ERROR] Failed to determine Java version for profile jdk11+ @ org.apache.shardingsphere:shardingsphere:5.1.2-SNAPSHOT, /root/workspace/apache-shardingsphere-master-18250_repo/pom.xml

11:22:00.648 [main] ERROR f.i.s.r.process.maven.MavenHelper - Error while building complete model. The raw model will be used. Error message: 1 problem was encountered while building the effective model for org.apache.shardingsphere:shardingsphere-agent-plugin-metrics:5.1.2-SNAPSHOT
[ERROR] Failed to determine Java version for profile jdk11+ @ org.apache.shardingsphere:shardingsphere:5.1.2-SNAPSHOT, /root/workspace/apache-shardingsphere-master-18250_repo/pom.xml

11:22:00.650 [main] ERROR f.i.s.r.process.maven.MavenHelper - Error while building complete model. The raw model will be used. Error message: 1 problem was encountered while building the effective model for org.apache.shardingsphere:shardingsphere-agent-metrics-api:5.1.2-SNAPSHOT
[ERROR] Failed to determine Java version for profile jdk11+ @ org.apache.shardingsphere:shardingsphere:5.1.2-SNAPSHOT, /root/workspace/apache-shardingsphere-master-18250_repo/pom.xml

11:22:00.653 [main] ERROR f.i.s.r.process.maven.MavenHelper - Error while building complete model. The raw model will be used. Error message: 1 problem was encountered while building the effective model for org.apache.shardingsphere:shardingsphere-agent-metrics-prometheus:5.1.2-SNAPSHOT
[ERROR] Failed to determine Java version for profile jdk11+ @ org.apache.shardingsphere:shardingsphere:5.1.2-SNAPSHOT, /root/workspace/apache-shardingsphere-master-18250_repo/pom.xml

11:22:00.655 [main] ERROR f.i.s.r.process.maven.MavenHelper - Error while building complete model. The raw model will be used. Error message: 1 problem was encountered while building the effective model for org.apache.shardingsphere:shardingsphere-agent-plugin-tracing:5.1.2-SNAPSHOT
[ERROR] Failed to determine Java version for profile jdk11+ @ org.apache.shardingsphere:shardingsphere:5.1.2-SNAPSHOT, /root/workspace/apache-shardingsphere-master-18250_repo/pom.xml

11:22:00.657 [main] ERROR f.i.s.r.process.maven.MavenHelper - Error while building complete model. The raw model will be used. Error message: 1 problem was encountered while building the effective model for org.apache.shardingsphere:shardingsphere-agent-tracing-test:5.1.2-SNAPSHOT
[ERROR] Failed to determine Java version for profile jdk11+ @ org.apache.shardingsphere:shardingsphere:5.1.2-SNAPSHOT, /root/workspace/apache-shardingsphere-master-18250_repo/pom.xml

11:22:00.657 [main] ERROR f.i.s.r.p.step.paths.ComputeTestDir - The test directory is not at default location or specified in build section from pom.xml, and no parent can be found.
11:22:00.660 [main] ERROR f.i.s.r.process.maven.MavenHelper - Error while building complete model. The raw model will be used. Error message: 1 problem was encountered while building the effective model for org.apache.shardingsphere:shardingsphere-agent-tracing-jaeger:5.1.2-SNAPSHOT
[ERROR] Failed to determine Java version for profile jdk11+ @ org.apache.shardingsphere:shardingsphere:5.1.2-SNAPSHOT, /root/workspace/apache-shardingsphere-master-18250_repo/pom.xml

11:22:00.662 [main] ERROR f.i.s.r.process.maven.MavenHelper - Error while building complete model. The raw model will be used. Error message: 1 problem was encountered while building the effective model for org.apache.shardingsphere:shardingsphere-agent-tracing-zipkin:5.1.2-SNAPSHOT
[ERROR] Failed to determine Java version for profile jdk11+ @ org.apache.shardingsphere:shardingsphere:5.1.2-SNAPSHOT, /root/workspace/apache-shardingsphere-master-18250_repo/pom.xml

11:22:00.665 [main] ERROR f.i.s.r.process.maven.MavenHelper - Error while building complete model. The raw model will be used. Error message: 1 problem was encountered while building the effective model for org.apache.shardingsphere:shardingsphere-agent-tracing-opentracing:5.1.2-SNAPSHOT
[ERROR] Failed to determine Java version for profile jdk11+ @ org.apache.shardingsphere:shardingsphere:5.1.2-SNAPSHOT, /root/workspace/apache-shardingsphere-master-18250_repo/pom.xml

11:22:00.668 [main] ERROR f.i.s.r.process.maven.MavenHelper - Error while building complete model. The raw model will be used. Error message: 1 problem was encountered while building the effective model for org.apache.shardingsphere:shardingsphere-agent-tracing-opentelemetry:5.1.2-SNAPSHOT
[ERROR] Failed to determine Java version for profile jdk11+ @ org.apache.shardingsphere:shardingsphere:5.1.2-SNAPSHOT, /root/workspace/apache-shardingsphere-master-18250_repo/pom.xml

11:22:00.670 [main] ERROR f.i.s.r.process.maven.MavenHelper - Error while building complete model. The raw model will be used. Error message: 1 problem was encountered while building the effective model for org.apache.shardingsphere:shardingsphere-agent-plugin-logging:5.1.2-SNAPSHOT
[ERROR] Failed to determine Java version for profile jdk11+ @ org.apache.shardingsphere:shardingsphere:5.1.2-SNAPSHOT, /root/workspace/apache-shardingsphere-master-18250_repo/pom.xml

11:22:00.673 [main] ERROR f.i.s.r.process.maven.MavenHelper - Error while building complete model. The raw model will be used. Error message: 1 problem was encountered while building the effective model for org.apache.shardingsphere:shardingsphere-agent-logging-base:5.1.2-SNAPSHOT
[ERROR] Failed to determine Java version for profile jdk11+ @ org.apache.shardingsphere:shardingsphere:5.1.2-SNAPSHOT, /root/workspace/apache-shardingsphere-master-18250_repo/pom.xml

11:22:00.673 [main] ERROR f.i.s.r.p.step.paths.ComputeTestDir - The test directory is not at default location or specified in build section from pom.xml, and no parent can be found.
11:22:00.673 [main] ERROR f.i.s.r.p.step.paths.ComputeTestDir - The test directory is not at default location or specified in build section from pom.xml, and no parent can be found.
11:22:00.680 [main] ERROR f.i.s.r.process.maven.MavenHelper - Error while building complete model. The raw model will be used. Error message: 1 problem was encountered while building the effective model for org.apache.shardingsphere:shardingsphere-agent-distribution:5.1.2-SNAPSHOT
[ERROR] Failed to determine Java version for profile jdk11+ @ org.apache.shardingsphere:shardingsphere:5.1.2-SNAPSHOT, /root/workspace/apache-shardingsphere-master-18250_repo/pom.xml

11:22:00.680 [main] ERROR f.i.s.r.p.step.paths.ComputeTestDir - The test directory is not at default location or specified in build section from pom.xml, and no parent can be found.
11:22:00.682 [main] ERROR f.i.s.r.process.maven.MavenHelper - Error while building complete model. The raw model will be used. Error message: 1 problem was encountered while building the effective model for org.apache.shardingsphere:shardingsphere-agent-api:5.1.2-SNAPSHOT
[ERROR] Failed to determine Java version for profile jdk11+ @ org.apache.shardingsphere:shardingsphere:5.1.2-SNAPSHOT, /root/workspace/apache-shardingsphere-master-18250_repo/pom.xml

11:22:00.682 [main] ERROR f.i.s.r.p.step.paths.ComputeTestDir - The test directory is not at default location or specified in build section from pom.xml, and no parent can be found.
11:22:00.684 [main] ERROR f.i.s.r.process.maven.MavenHelper - Error while building complete model. The raw model will be used. Error message: 1 problem was encountered while building the effective model for org.apache.shardingsphere:shardingsphere-test:5.1.2-SNAPSHOT
[ERROR] Failed to determine Java version for profile jdk11+ @ org.apache.shardingsphere:shardingsphere:5.1.2-SNAPSHOT, /root/workspace/apache-shardingsphere-master-18250_repo/pom.xml

11:22:00.686 [main] ERROR f.i.s.r.process.maven.MavenHelper - Error while building complete model. The raw model will be used. Error message: 1 problem was encountered while building the effective model for org.apache.shardingsphere:shardingsphere-test-common:5.1.2-SNAPSHOT
[ERROR] Failed to determine Java version for profile jdk11+ @ org.apache.shardingsphere:shardingsphere:5.1.2-SNAPSHOT, /root/workspace/apache-shardingsphere-master-18250_repo/pom.xml

11:22:00.686 [main] ERROR f.i.s.r.p.step.paths.ComputeTestDir - The test directory is not at default location or specified in build section from pom.xml, and no parent can be found.
11:22:00.688 [main] ERROR f.i.s.r.process.maven.MavenHelper - Error while building complete model. The raw model will be used. Error message: 1 problem was encountered while building the effective model for org.apache.shardingsphere:shardingsphere-integration-test:5.1.2-SNAPSHOT
[ERROR] Failed to determine Java version for profile jdk11+ @ org.apache.shardingsphere:shardingsphere:5.1.2-SNAPSHOT, /root/workspace/apache-shardingsphere-master-18250_repo/pom.xml

11:22:00.691 [main] ERROR f.i.s.r.process.maven.MavenHelper - Error while building complete model. The raw model will be used. Error message: 1 problem was encountered while building the effective model for org.apache.shardingsphere:shardingsphere-integration-test-fixture:5.1.2-SNAPSHOT
[ERROR] Failed to determine Java version for profile jdk11+ @ org.apache.shardingsphere:shardingsphere:5.1.2-SNAPSHOT, /root/workspace/apache-shardingsphere-master-18250_repo/pom.xml

11:22:00.693 [main] ERROR f.i.s.r.process.maven.MavenHelper - Error while building complete model. The raw model will be used. Error message: 1 problem was encountered while building the effective model for org.apache.shardingsphere:shardingsphere-integration-test-env:5.1.2-SNAPSHOT
[ERROR] Failed to determine Java version for profile jdk11+ @ org.apache.shardingsphere:shardingsphere:5.1.2-SNAPSHOT, /root/workspace/apache-shardingsphere-master-18250_repo/pom.xml

11:22:00.695 [main] ERROR f.i.s.r.process.maven.MavenHelper - Error while building complete model. The raw model will be used. Error message: 1 problem was encountered while building the effective model for org.apache.shardingsphere:shardingsphere-integration-test-suite:5.1.2-SNAPSHOT
[ERROR] Failed to determine Java version for profile jdk11+ @ org.apache.shardingsphere:shardingsphere:5.1.2-SNAPSHOT, /root/workspace/apache-shardingsphere-master-18250_repo/pom.xml

11:22:00.698 [main] ERROR f.i.s.r.process.maven.MavenHelper - Error while building complete model. The raw model will be used. Error message: 1 problem was encountered while building the effective model for org.apache.shardingsphere:shardingsphere-integration-test-scaling:5.1.2-SNAPSHOT
[ERROR] Failed to determine Java version for profile jdk11+ @ org.apache.shardingsphere:shardingsphere:5.1.2-SNAPSHOT, /root/workspace/apache-shardingsphere-master-18250_repo/pom.xml

11:22:00.700 [main] ERROR f.i.s.r.process.maven.MavenHelper - Error while building complete model. The raw model will be used. Error message: 1 problem was encountered while building the effective model for org.apache.shardingsphere:shardingsphere-integration-driver-test:5.1.2-SNAPSHOT
[ERROR] Failed to determine Java version for profile jdk11+ @ org.apache.shardingsphere:shardingsphere:5.1.2-SNAPSHOT, /root/workspace/apache-shardingsphere-master-18250_repo/pom.xml

11:22:00.702 [main] ERROR f.i.s.r.process.maven.MavenHelper - Error while building complete model. The raw model will be used. Error message: 1 problem was encountered while building the effective model for org.apache.shardingsphere:shardingsphere-integration-agent-test:5.1.2-SNAPSHOT
[ERROR] Failed to determine Java version for profile jdk11+ @ org.apache.shardingsphere:shardingsphere:5.1.2-SNAPSHOT, /root/workspace/apache-shardingsphere-master-18250_repo/pom.xml

11:22:00.704 [main] ERROR f.i.s.r.process.maven.MavenHelper - Error while building complete model. The raw model will be used. Error message: 1 problem was encountered while building the effective model for org.apache.shardingsphere:shardingsphere-integration-agent-test-plugins:5.1.2-SNAPSHOT
[ERROR] Failed to determine Java version for profile jdk11+ @ org.apache.shardingsphere:shardingsphere:5.1.2-SNAPSHOT, /root/workspace/apache-shardingsphere-master-18250_repo/pom.xml

11:22:00.707 [main] ERROR f.i.s.r.process.maven.MavenHelper - Error while building complete model. The raw model will be used. Error message: 1 problem was encountered while building the effective model for org.apache.shardingsphere:shardingsphere-integration-agent-test-metrics:5.1.2-SNAPSHOT
[ERROR] Failed to determine Java version for profile jdk11+ @ org.apache.shardingsphere:shardingsphere:5.1.2-SNAPSHOT, /root/workspace/apache-shardingsphere-master-18250_repo/pom.xml

11:22:00.710 [main] ERROR f.i.s.r.process.maven.MavenHelper - Error while building complete model. The raw model will be used. Error message: 1 problem was encountered while building the effective model for org.apache.shardingsphere:shardingsphere-integration-agent-test-common:5.1.2-SNAPSHOT
[ERROR] Failed to determine Java version for profile jdk11+ @ org.apache.shardingsphere:shardingsphere:5.1.2-SNAPSHOT, /root/workspace/apache-shardingsphere-master-18250_repo/pom.xml

11:22:00.713 [main] ERROR f.i.s.r.process.maven.MavenHelper - Error while building complete model. The raw model will be used. Error message: 1 problem was encountered while building the effective model for org.apache.shardingsphere:shardingsphere-integration-agent-test-zipkin:5.1.2-SNAPSHOT
[ERROR] Failed to determine Java version for profile jdk11+ @ org.apache.shardingsphere:shardingsphere:5.1.2-SNAPSHOT, /root/workspace/apache-shardingsphere-master-18250_repo/pom.xml

11:22:00.716 [main] ERROR f.i.s.r.process.maven.MavenHelper - Error while building complete model. The raw model will be used. Error message: 1 problem was encountered while building the effective model for org.apache.shardingsphere:shardingsphere-integration-agent-test-jaeger:5.1.2-SNAPSHOT
[ERROR] Failed to determine Java version for profile jdk11+ @ org.apache.shardingsphere:shardingsphere:5.1.2-SNAPSHOT, /root/workspace/apache-shardingsphere-master-18250_repo/pom.xml

11:22:00.720 [main] ERROR f.i.s.r.process.maven.MavenHelper - Error while building complete model. The raw model will be used. Error message: 1 problem was encountered while building the effective model for org.apache.shardingsphere:shardingsphere-integration-agent-test-opentelemetry:5.1.2-SNAPSHOT
[ERROR] Failed to determine Java version for profile jdk11+ @ org.apache.shardingsphere:shardingsphere:5.1.2-SNAPSHOT, /root/workspace/apache-shardingsphere-master-18250_repo/pom.xml

11:22:00.722 [main] ERROR f.i.s.r.process.maven.MavenHelper - Error while building complete model. The raw model will be used. Error message: 1 problem was encountered while building the effective model for org.apache.shardingsphere:shardingsphere-rewrite-test:5.1.2-SNAPSHOT
[ERROR] Failed to determine Java version for profile jdk11+ @ org.apache.shardingsphere:shardingsphere:5.1.2-SNAPSHOT, /root/workspace/apache-shardingsphere-master-18250_repo/pom.xml

11:22:00.725 [main] ERROR f.i.s.r.process.maven.MavenHelper - Error while building complete model. The raw model will be used. Error message: 1 problem was encountered while building the effective model for org.apache.shardingsphere:shardingsphere-parser-test:5.1.2-SNAPSHOT
[ERROR] Failed to determine Java version for profile jdk11+ @ org.apache.shardingsphere:shardingsphere:5.1.2-SNAPSHOT, /root/workspace/apache-shardingsphere-master-18250_repo/pom.xml

11:22:00.728 [main] ERROR f.i.s.r.process.maven.MavenHelper - Error while building complete model. The raw model will be used. Error message: 1 problem was encountered while building the effective model for org.apache.shardingsphere:shardingsphere-optimize-test:5.1.2-SNAPSHOT
[ERROR] Failed to determine Java version for profile jdk11+ @ org.apache.shardingsphere:shardingsphere:5.1.2-SNAPSHOT, /root/workspace/apache-shardingsphere-master-18250_repo/pom.xml

11:22:00.730 [main] ERROR f.i.s.r.process.maven.MavenHelper - Error while building complete model. The raw model will be used. Error message: 1 problem was encountered while building the effective model for org.apache.shardingsphere:shardingsphere-pipeline-test:5.1.2-SNAPSHOT
[ERROR] Failed to determine Java version for profile jdk11+ @ org.apache.shardingsphere:shardingsphere:5.1.2-SNAPSHOT, /root/workspace/apache-shardingsphere-master-18250_repo/pom.xml

11:22:00.732 [main] ERROR f.i.s.r.process.maven.MavenHelper - Error while building complete model. The raw model will be used. Error message: 1 problem was encountered while building the effective model for org.apache.shardingsphere:shardingsphere-distribution:5.1.2-SNAPSHOT
[ERROR] Failed to determine Java version for profile jdk11+ @ org.apache.shardingsphere:shardingsphere:5.1.2-SNAPSHOT, /root/workspace/apache-shardingsphere-master-18250_repo/pom.xml

11:22:00.735 [main] ERROR f.i.s.r.process.maven.MavenHelper - Error while building complete model. The raw model will be used. Error message: 1 problem was encountered while building the effective model for org.apache.shardingsphere:shardingsphere-src-distribution:5.1.2-SNAPSHOT
[ERROR] Failed to determine Java version for profile jdk11+ @ org.apache.shardingsphere:shardingsphere:5.1.2-SNAPSHOT, /root/workspace/apache-shardingsphere-master-18250_repo/pom.xml

11:22:00.735 [main] ERROR f.i.s.r.p.step.paths.ComputeTestDir - The test directory is not at default location or specified in build section from pom.xml, and no parent can be found.
11:22:00.737 [main] ERROR f.i.s.r.process.maven.MavenHelper - Error while building complete model. The raw model will be used. Error message: 1 problem was encountered while building the effective model for org.apache.shardingsphere:shardingsphere-jdbc-distribution:5.1.2-SNAPSHOT
[ERROR] Failed to determine Java version for profile jdk11+ @ org.apache.shardingsphere:shardingsphere:5.1.2-SNAPSHOT, /root/workspace/apache-shardingsphere-master-18250_repo/pom.xml

11:22:00.738 [main] ERROR f.i.s.r.p.step.paths.ComputeTestDir - The test directory is not at default location or specified in build section from pom.xml, and no parent can be found.
11:22:00.740 [main] ERROR f.i.s.r.process.maven.MavenHelper - Error while building complete model. The raw model will be used. Error message: 1 problem was encountered while building the effective model for org.apache.shardingsphere:shardingsphere-proxy-distribution:5.1.2-SNAPSHOT
[ERROR] Failed to determine Java version for profile jdk11+ @ org.apache.shardingsphere:shardingsphere:5.1.2-SNAPSHOT, /root/workspace/apache-shardingsphere-master-18250_repo/pom.xml

11:22:00.741 [main] ERROR f.i.s.r.p.step.paths.ComputeTestDir - The test directory is not at default location or specified in build section from pom.xml, and no parent can be found.
11:22:00.741 [main] ERROR f.i.s.r.p.step.paths.ComputeTestDir - The test directory is not at default location or specified in build section from pom.xml, and no parent can be found.
11:22:00.741 [main] INFO  f.i.s.r.p.step.paths.ComputeTestDir - 112 test dirs were found:
11:22:00.741 [main] INFO  f.i.s.r.p.step.paths.ComputeTestDir - /root/workspace/apache-shardingsphere-master-18250_repo/shardingsphere-agent/shardingsphere-agent-core/src/test/java
11:22:00.741 [main] INFO  f.i.s.r.p.step.paths.ComputeTestDir - /root/workspace/apache-shardingsphere-master-18250_repo/shardingsphere-agent/shardingsphere-agent-plugins/shardingsphere-agent-plugin-metrics/shardingsphere-agent-metrics-api/src/test/java
11:22:00.741 [main] INFO  f.i.s.r.p.step.paths.ComputeTestDir - /root/workspace/apache-shardingsphere-master-18250_repo/shardingsphere-agent/shardingsphere-agent-plugins/shardingsphere-agent-plugin-metrics/shardingsphere-agent-metrics-prometheus/src/test/java
11:22:00.741 [main] INFO  f.i.s.r.p.step.paths.ComputeTestDir - /root/workspace/apache-shardingsphere-master-18250_repo/shardingsphere-agent/shardingsphere-agent-plugins/shardingsphere-agent-plugin-tracing/shardingsphere-agent-tracing-jaeger/src/test/java
11:22:00.741 [main] INFO  f.i.s.r.p.step.paths.ComputeTestDir - /root/workspace/apache-shardingsphere-master-18250_repo/shardingsphere-agent/shardingsphere-agent-plugins/shardingsphere-agent-plugin-tracing/shardingsphere-agent-tracing-opentelemetry/src/test/java
11:22:00.741 [main] INFO  f.i.s.r.p.step.paths.ComputeTestDir - /root/workspace/apache-shardingsphere-master-18250_repo/shardingsphere-agent/shardingsphere-agent-plugins/shardingsphere-agent-plugin-tracing/shardingsphere-agent-tracing-opentracing/src/test/java
11:22:00.741 [main] INFO  f.i.s.r.p.step.paths.ComputeTestDir - /root/workspace/apache-shardingsphere-master-18250_repo/shardingsphere-agent/shardingsphere-agent-plugins/shardingsphere-agent-plugin-tracing/shardingsphere-agent-tracing-zipkin/src/test/java
11:22:00.741 [main] INFO  f.i.s.r.p.step.paths.ComputeTestDir - /root/workspace/apache-shardingsphere-master-18250_repo/shardingsphere-db-protocol/shardingsphere-db-protocol-core/src/test/java
11:22:00.741 [main] INFO  f.i.s.r.p.step.paths.ComputeTestDir - /root/workspace/apache-shardingsphere-master-18250_repo/shardingsphere-db-protocol/shardingsphere-db-protocol-mysql/src/test/java
11:22:00.741 [main] INFO  f.i.s.r.p.step.paths.ComputeTestDir - /root/workspace/apache-shardingsphere-master-18250_repo/shardingsphere-db-protocol/shardingsphere-db-protocol-opengauss/src/test/java
11:22:00.741 [main] INFO  f.i.s.r.p.step.paths.ComputeTestDir - /root/workspace/apache-shardingsphere-master-18250_repo/shardingsphere-db-protocol/shardingsphere-db-protocol-postgresql/src/test/java
11:22:00.741 [main] INFO  f.i.s.r.p.step.paths.ComputeTestDir - /root/workspace/apache-shardingsphere-master-18250_repo/shardingsphere-features/shardingsphere-db-discovery/shardingsphere-db-discovery-core/src/test/java
11:22:00.741 [main] INFO  f.i.s.r.p.step.paths.ComputeTestDir - /root/workspace/apache-shardingsphere-master-18250_repo/shardingsphere-features/shardingsphere-db-discovery/shardingsphere-db-discovery-distsql/shardingsphere-db-discovery-distsql-handler/src/test/java
11:22:00.741 [main] INFO  f.i.s.r.p.step.paths.ComputeTestDir - /root/workspace/apache-shardingsphere-master-18250_repo/shardingsphere-features/shardingsphere-db-discovery/shardingsphere-db-discovery-provider/shardingsphere-db-discovery-mysql/src/test/java
11:22:00.741 [main] INFO  f.i.s.r.p.step.paths.ComputeTestDir - /root/workspace/apache-shardingsphere-master-18250_repo/shardingsphere-features/shardingsphere-db-discovery/shardingsphere-db-discovery-provider/shardingsphere-db-discovery-opengauss/src/test/java
11:22:00.741 [main] INFO  f.i.s.r.p.step.paths.ComputeTestDir - /root/workspace/apache-shardingsphere-master-18250_repo/shardingsphere-features/shardingsphere-db-discovery/shardingsphere-db-discovery-spring/shardingsphere-db-discovery-spring-boot-starter/src/test/java
11:22:00.741 [main] INFO  f.i.s.r.p.step.paths.ComputeTestDir - /root/workspace/apache-shardingsphere-master-18250_repo/shardingsphere-features/shardingsphere-db-discovery/shardingsphere-db-discovery-spring/shardingsphere-db-discovery-spring-namespace/src/test/java
11:22:00.741 [main] INFO  f.i.s.r.p.step.paths.ComputeTestDir - /root/workspace/apache-shardingsphere-master-18250_repo/shardingsphere-features/shardingsphere-encrypt/shardingsphere-encrypt-core/src/test/java
11:22:00.741 [main] INFO  f.i.s.r.p.step.paths.ComputeTestDir - /root/workspace/apache-shardingsphere-master-18250_repo/shardingsphere-features/shardingsphere-encrypt/shardingsphere-encrypt-distsql/shardingsphere-encrypt-distsql-handler/src/test/java
11:22:00.741 [main] INFO  f.i.s.r.p.step.paths.ComputeTestDir - /root/workspace/apache-shardingsphere-master-18250_repo/shardingsphere-features/shardingsphere-encrypt/shardingsphere-encrypt-plugin/shardingsphere-encrypt-sm/src/test/java
11:22:00.741 [main] INFO  f.i.s.r.p.step.paths.ComputeTestDir - /root/workspace/apache-shardingsphere-master-18250_repo/shardingsphere-features/shardingsphere-encrypt/shardingsphere-encrypt-spring/shardingsphere-encrypt-spring-boot-starter/src/test/java
11:22:00.741 [main] INFO  f.i.s.r.p.step.paths.ComputeTestDir - /root/workspace/apache-shardingsphere-master-18250_repo/shardingsphere-features/shardingsphere-encrypt/shardingsphere-encrypt-spring/shardingsphere-encrypt-spring-namespace/src/test/java
11:22:00.741 [main] INFO  f.i.s.r.p.step.paths.ComputeTestDir - /root/workspace/apache-shardingsphere-master-18250_repo/shardingsphere-features/shardingsphere-readwrite-splitting/shardingsphere-readwrite-splitting-api/src/test/java
11:22:00.741 [main] INFO  f.i.s.r.p.step.paths.ComputeTestDir - /root/workspace/apache-shardingsphere-master-18250_repo/shardingsphere-features/shardingsphere-readwrite-splitting/shardingsphere-readwrite-splitting-core/src/test/java
11:22:00.741 [main] INFO  f.i.s.r.p.step.paths.ComputeTestDir - /root/workspace/apache-shardingsphere-master-18250_repo/shardingsphere-features/shardingsphere-readwrite-splitting/shardingsphere-readwrite-splitting-distsql/shardingsphere-readwrite-splitting-distsql-handler/src/test/java
11:22:00.741 [main] INFO  f.i.s.r.p.step.paths.ComputeTestDir - /root/workspace/apache-shardingsphere-master-18250_repo/shardingsphere-features/shardingsphere-readwrite-splitting/shardingsphere-readwrite-splitting-spring/shardingsphere-readwrite-splitting-spring-boot-starter/src/test/java
11:22:00.741 [main] INFO  f.i.s.r.p.step.paths.ComputeTestDir - /root/workspace/apache-shardingsphere-master-18250_repo/shardingsphere-features/shardingsphere-readwrite-splitting/shardingsphere-readwrite-splitting-spring/shardingsphere-readwrite-splitting-spring-namespace/src/test/java
11:22:00.741 [main] INFO  f.i.s.r.p.step.paths.ComputeTestDir - /root/workspace/apache-shardingsphere-master-18250_repo/shardingsphere-features/shardingsphere-shadow/shardingsphere-shadow-core/src/test/java
11:22:00.741 [main] INFO  f.i.s.r.p.step.paths.ComputeTestDir - /root/workspace/apache-shardingsphere-master-18250_repo/shardingsphere-features/shardingsphere-shadow/shardingsphere-shadow-distsql/shardingsphere-shadow-distsql-handler/src/test/java
11:22:00.741 [main] INFO  f.i.s.r.p.step.paths.ComputeTestDir - /root/workspace/apache-shardingsphere-master-18250_repo/shardingsphere-features/shardingsphere-shadow/shardingsphere-shadow-spring/shardingsphere-shadow-spring-boot-starter/src/test/java
11:22:00.741 [main] INFO  f.i.s.r.p.step.paths.ComputeTestDir - /root/workspace/apache-shardingsphere-master-18250_repo/shardingsphere-features/shardingsphere-shadow/shardingsphere-shadow-spring/shardingsphere-shadow-spring-namespace/src/test/java
11:22:00.741 [main] INFO  f.i.s.r.p.step.paths.ComputeTestDir - /root/workspace/apache-shardingsphere-master-18250_repo/shardingsphere-features/shardingsphere-sharding/shardingsphere-sharding-api/src/test/java
11:22:00.741 [main] INFO  f.i.s.r.p.step.paths.ComputeTestDir - /root/workspace/apache-shardingsphere-master-18250_repo/shardingsphere-features/shardingsphere-sharding/shardingsphere-sharding-core/src/test/java
11:22:00.741 [main] INFO  f.i.s.r.p.step.paths.ComputeTestDir - /root/workspace/apache-shardingsphere-master-18250_repo/shardingsphere-features/shardingsphere-sharding/shardingsphere-sharding-distsql/shardingsphere-sharding-distsql-handler/src/test/java
11:22:00.741 [main] INFO  f.i.s.r.p.step.paths.ComputeTestDir - /root/workspace/apache-shardingsphere-master-18250_repo/shardingsphere-features/shardingsphere-sharding/shardingsphere-sharding-plugin/shardingsphere-sharding-cosid/src/test/java
11:22:00.741 [main] INFO  f.i.s.r.p.step.paths.ComputeTestDir - /root/workspace/apache-shardingsphere-master-18250_repo/shardingsphere-features/shardingsphere-sharding/shardingsphere-sharding-plugin/shardingsphere-sharding-nanoid/src/test/java
11:22:00.741 [main] INFO  f.i.s.r.p.step.paths.ComputeTestDir - /root/workspace/apache-shardingsphere-master-18250_repo/shardingsphere-features/shardingsphere-sharding/shardingsphere-sharding-spring/shardingsphere-sharding-spring-boot-starter/src/test/java
11:22:00.741 [main] INFO  f.i.s.r.p.step.paths.ComputeTestDir - /root/workspace/apache-shardingsphere-master-18250_repo/shardingsphere-features/shardingsphere-sharding/shardingsphere-sharding-spring/shardingsphere-sharding-spring-namespace/src/test/java
11:22:00.741 [main] INFO  f.i.s.r.p.step.paths.ComputeTestDir - /root/workspace/apache-shardingsphere-master-18250_repo/shardingsphere-infra/shardingsphere-infra-binder/src/test/java
11:22:00.741 [main] INFO  f.i.s.r.p.step.paths.ComputeTestDir - /root/workspace/apache-shardingsphere-master-18250_repo/shardingsphere-infra/shardingsphere-infra-common/src/test/java
11:22:00.741 [main] INFO  f.i.s.r.p.step.paths.ComputeTestDir - /root/workspace/apache-shardingsphere-master-18250_repo/shardingsphere-infra/shardingsphere-infra-context/src/test/java
11:22:00.741 [main] INFO  f.i.s.r.p.step.paths.ComputeTestDir - /root/workspace/apache-shardingsphere-master-18250_repo/shardingsphere-infra/shardingsphere-infra-datetime/shardingsphere-infra-datetime-spi/src/test/java
11:22:00.741 [main] INFO  f.i.s.r.p.step.paths.ComputeTestDir - /root/workspace/apache-shardingsphere-master-18250_repo/shardingsphere-infra/shardingsphere-infra-datetime/shardingsphere-infra-datetime-type/shardingsphere-database-datetime/src/test/java
11:22:00.741 [main] INFO  f.i.s.r.p.step.paths.ComputeTestDir - /root/workspace/apache-shardingsphere-master-18250_repo/shardingsphere-infra/shardingsphere-infra-datetime/shardingsphere-infra-datetime-type/shardingsphere-system-datetime/src/test/java
11:22:00.741 [main] INFO  f.i.s.r.p.step.paths.ComputeTestDir - /root/workspace/apache-shardingsphere-master-18250_repo/shardingsphere-infra/shardingsphere-infra-executor/src/test/java
11:22:00.741 [main] INFO  f.i.s.r.p.step.paths.ComputeTestDir - /root/workspace/apache-shardingsphere-master-18250_repo/shardingsphere-infra/shardingsphere-infra-federation/shardingsphere-infra-federation-executor/src/test/java
11:22:00.741 [main] INFO  f.i.s.r.p.step.paths.ComputeTestDir - /root/workspace/apache-shardingsphere-master-18250_repo/shardingsphere-infra/shardingsphere-infra-federation/shardingsphere-infra-federation-optimizer/src/test/java
11:22:00.741 [main] INFO  f.i.s.r.p.step.paths.ComputeTestDir - /root/workspace/apache-shardingsphere-master-18250_repo/shardingsphere-infra/shardingsphere-infra-merge/src/test/java
11:22:00.741 [main] INFO  f.i.s.r.p.step.paths.ComputeTestDir - /root/workspace/apache-shardingsphere-master-18250_repo/shardingsphere-infra/shardingsphere-infra-parser/src/test/java
11:22:00.741 [main] INFO  f.i.s.r.p.step.paths.ComputeTestDir - /root/workspace/apache-shardingsphere-master-18250_repo/shardingsphere-infra/shardingsphere-infra-rewrite/src/test/java
11:22:00.741 [main] INFO  f.i.s.r.p.step.paths.ComputeTestDir - /root/workspace/apache-shardingsphere-master-18250_repo/shardingsphere-infra/shardingsphere-infra-route/src/test/java
11:22:00.741 [main] INFO  f.i.s.r.p.step.paths.ComputeTestDir - /root/workspace/apache-shardingsphere-master-18250_repo/shardingsphere-jdbc/shardingsphere-jdbc-core/src/test/java
11:22:00.741 [main] INFO  f.i.s.r.p.step.paths.ComputeTestDir - /root/workspace/apache-shardingsphere-master-18250_repo/shardingsphere-jdbc/shardingsphere-jdbc-spring/shardingsphere-jdbc-core-spring/shardingsphere-jdbc-core-spring-boot-starter/src/test/java
11:22:00.742 [main] INFO  f.i.s.r.p.step.paths.ComputeTestDir - /root/workspace/apache-shardingsphere-master-18250_repo/shardingsphere-jdbc/shardingsphere-jdbc-spring/shardingsphere-jdbc-core-spring/shardingsphere-jdbc-core-spring-namespace/src/test/java
11:22:00.742 [main] INFO  f.i.s.r.p.step.paths.ComputeTestDir - /root/workspace/apache-shardingsphere-master-18250_repo/shardingsphere-jdbc/shardingsphere-jdbc-spring/shardingsphere-jdbc-spring-infra/shardingsphere-jdbc-spring-boot-starter-infra/src/test/java
11:22:00.742 [main] INFO  f.i.s.r.p.step.paths.ComputeTestDir - /root/workspace/apache-shardingsphere-master-18250_repo/shardingsphere-jdbc/shardingsphere-jdbc-spring/shardingsphere-jdbc-spring-infra/shardingsphere-jdbc-spring-namespace-infra/src/test/java
11:22:00.742 [main] INFO  f.i.s.r.p.step.paths.ComputeTestDir - /root/workspace/apache-shardingsphere-master-18250_repo/shardingsphere-jdbc/shardingsphere-jdbc-spring/shardingsphere-jdbc-transaction-spring/src/test/java
11:22:00.742 [main] INFO  f.i.s.r.p.step.paths.ComputeTestDir - /root/workspace/apache-shardingsphere-master-18250_repo/shardingsphere-kernel/shardingsphere-authority/shardingsphere-authority-core/src/test/java
11:22:00.742 [main] INFO  f.i.s.r.p.step.paths.ComputeTestDir - /root/workspace/apache-shardingsphere-master-18250_repo/shardingsphere-kernel/shardingsphere-data-pipeline/shardingsphere-data-pipeline-api/src/test/java
11:22:00.742 [main] INFO  f.i.s.r.p.step.paths.ComputeTestDir - /root/workspace/apache-shardingsphere-master-18250_repo/shardingsphere-kernel/shardingsphere-data-pipeline/shardingsphere-data-pipeline-core/src/test/java
11:22:00.742 [main] INFO  f.i.s.r.p.step.paths.ComputeTestDir - /root/workspace/apache-shardingsphere-master-18250_repo/shardingsphere-kernel/shardingsphere-data-pipeline/shardingsphere-data-pipeline-dialect/shardingsphere-data-pipeline-mysql/src/test/java
11:22:00.742 [main] INFO  f.i.s.r.p.step.paths.ComputeTestDir - /root/workspace/apache-shardingsphere-master-18250_repo/shardingsphere-kernel/shardingsphere-data-pipeline/shardingsphere-data-pipeline-dialect/shardingsphere-data-pipeline-opengauss/src/test/java
11:22:00.742 [main] INFO  f.i.s.r.p.step.paths.ComputeTestDir - /root/workspace/apache-shardingsphere-master-18250_repo/shardingsphere-kernel/shardingsphere-data-pipeline/shardingsphere-data-pipeline-dialect/shardingsphere-data-pipeline-postgresql/src/test/java
11:22:00.742 [main] INFO  f.i.s.r.p.step.paths.ComputeTestDir - /root/workspace/apache-shardingsphere-master-18250_repo/shardingsphere-kernel/shardingsphere-parser/shardingsphere-parser-spring/shardingsphere-parser-spring-boot-starter/src/test/java
11:22:00.742 [main] INFO  f.i.s.r.p.step.paths.ComputeTestDir - /root/workspace/apache-shardingsphere-master-18250_repo/shardingsphere-kernel/shardingsphere-parser/shardingsphere-parser-spring/shardingsphere-parser-spring-namespace/src/test/java
11:22:00.742 [main] INFO  f.i.s.r.p.step.paths.ComputeTestDir - /root/workspace/apache-shardingsphere-master-18250_repo/shardingsphere-kernel/shardingsphere-single-table/shardingsphere-single-table-core/src/test/java
11:22:00.742 [main] INFO  f.i.s.r.p.step.paths.ComputeTestDir - /root/workspace/apache-shardingsphere-master-18250_repo/shardingsphere-kernel/shardingsphere-traffic/shardingsphere-traffic-api/src/test/java
11:22:00.742 [main] INFO  f.i.s.r.p.step.paths.ComputeTestDir - /root/workspace/apache-shardingsphere-master-18250_repo/shardingsphere-kernel/shardingsphere-traffic/shardingsphere-traffic-core/src/test/java
11:22:00.742 [main] INFO  f.i.s.r.p.step.paths.ComputeTestDir - /root/workspace/apache-shardingsphere-master-18250_repo/shardingsphere-kernel/shardingsphere-transaction/shardingsphere-transaction-core/src/test/java
11:22:00.742 [main] INFO  f.i.s.r.p.step.paths.ComputeTestDir - /root/workspace/apache-shardingsphere-master-18250_repo/shardingsphere-kernel/shardingsphere-transaction/shardingsphere-transaction-type/shardingsphere-transaction-base/shardingsphere-transaction-base-seata-at/src/test/java
11:22:00.742 [main] INFO  f.i.s.r.p.step.paths.ComputeTestDir - /root/workspace/apache-shardingsphere-master-18250_repo/shardingsphere-kernel/shardingsphere-transaction/shardingsphere-transaction-type/shardingsphere-transaction-xa/shardingsphere-transaction-xa-core/src/test/java
11:22:00.742 [main] INFO  f.i.s.r.p.step.paths.ComputeTestDir - /root/workspace/apache-shardingsphere-master-18250_repo/shardingsphere-kernel/shardingsphere-transaction/shardingsphere-transaction-type/shardingsphere-transaction-xa/shardingsphere-transaction-xa-provider/shardingsphere-transaction-xa-atomikos/src/test/java
11:22:00.742 [main] INFO  f.i.s.r.p.step.paths.ComputeTestDir - /root/workspace/apache-shardingsphere-master-18250_repo/shardingsphere-kernel/shardingsphere-transaction/shardingsphere-transaction-type/shardingsphere-transaction-xa/shardingsphere-transaction-xa-provider/shardingsphere-transaction-xa-bitronix/src/test/java
11:22:00.742 [main] INFO  f.i.s.r.p.step.paths.ComputeTestDir - /root/workspace/apache-shardingsphere-master-18250_repo/shardingsphere-kernel/shardingsphere-transaction/shardingsphere-transaction-type/shardingsphere-transaction-xa/shardingsphere-transaction-xa-provider/shardingsphere-transaction-xa-narayana/src/test/java
11:22:00.742 [main] INFO  f.i.s.r.p.step.paths.ComputeTestDir - /root/workspace/apache-shardingsphere-master-18250_repo/shardingsphere-kernel/shardingsphere-transaction/shardingsphere-transaction-type/shardingsphere-transaction-xa/shardingsphere-transaction-xa-spi/src/test/java
11:22:00.742 [main] INFO  f.i.s.r.p.step.paths.ComputeTestDir - /root/workspace/apache-shardingsphere-master-18250_repo/shardingsphere-mode/shardingsphere-mode-core/src/test/java
11:22:00.742 [main] INFO  f.i.s.r.p.step.paths.ComputeTestDir - /root/workspace/apache-shardingsphere-master-18250_repo/shardingsphere-mode/shardingsphere-mode-type/shardingsphere-cluster-mode/shardingsphere-cluster-mode-core/src/test/java
11:22:00.742 [main] INFO  f.i.s.r.p.step.paths.ComputeTestDir - /root/workspace/apache-shardingsphere-master-18250_repo/shardingsphere-mode/shardingsphere-mode-type/shardingsphere-cluster-mode/shardingsphere-cluster-mode-repository/shardingsphere-cluster-mode-repository-provider/shardingsphere-cluster-mode-repository-etcd/src/test/java
11:22:00.742 [main] INFO  f.i.s.r.p.step.paths.ComputeTestDir - /root/workspace/apache-shardingsphere-master-18250_repo/shardingsphere-mode/shardingsphere-mode-type/shardingsphere-cluster-mode/shardingsphere-cluster-mode-repository/shardingsphere-cluster-mode-repository-provider/shardingsphere-cluster-mode-repository-zookeeper-curator/src/test/java
11:22:00.742 [main] INFO  f.i.s.r.p.step.paths.ComputeTestDir - /root/workspace/apache-shardingsphere-master-18250_repo/shardingsphere-mode/shardingsphere-mode-type/shardingsphere-standalone-mode/shardingsphere-standalone-mode-core/src/test/java
11:22:00.742 [main] INFO  f.i.s.r.p.step.paths.ComputeTestDir - /root/workspace/apache-shardingsphere-master-18250_repo/shardingsphere-mode/shardingsphere-mode-type/shardingsphere-standalone-mode/shardingsphere-standalone-mode-repository/shardingsphere-standalone-mode-repository-provider/shardingsphere-standalone-mode-repository-file/src/test/java
11:22:00.742 [main] INFO  f.i.s.r.p.step.paths.ComputeTestDir - /root/workspace/apache-shardingsphere-master-18250_repo/shardingsphere-mode/shardingsphere-mode-type/shardingsphere-standalone-mode/shardingsphere-standalone-mode-repository/shardingsphere-standalone-mode-repository-provider/shardingsphere-standalone-mode-repository-h2/src/test/java
11:22:00.742 [main] INFO  f.i.s.r.p.step.paths.ComputeTestDir - /root/workspace/apache-shardingsphere-master-18250_repo/shardingsphere-proxy/shardingsphere-proxy-backend/src/test/java
11:22:00.742 [main] INFO  f.i.s.r.p.step.paths.ComputeTestDir - /root/workspace/apache-shardingsphere-master-18250_repo/shardingsphere-proxy/shardingsphere-proxy-bootstrap/src/test/java
11:22:00.742 [main] INFO  f.i.s.r.p.step.paths.ComputeTestDir - /root/workspace/apache-shardingsphere-master-18250_repo/shardingsphere-proxy/shardingsphere-proxy-frontend/shardingsphere-proxy-frontend-core/src/test/java
11:22:00.742 [main] INFO  f.i.s.r.p.step.paths.ComputeTestDir - /root/workspace/apache-shardingsphere-master-18250_repo/shardingsphere-proxy/shardingsphere-proxy-frontend/shardingsphere-proxy-frontend-mysql/src/test/java
11:22:00.742 [main] INFO  f.i.s.r.p.step.paths.ComputeTestDir - /root/workspace/apache-shardingsphere-master-18250_repo/shardingsphere-proxy/shardingsphere-proxy-frontend/shardingsphere-proxy-frontend-opengauss/src/test/java
11:22:00.742 [main] INFO  f.i.s.r.p.step.paths.ComputeTestDir - /root/workspace/apache-shardingsphere-master-18250_repo/shardingsphere-proxy/shardingsphere-proxy-frontend/shardingsphere-proxy-frontend-postgresql/src/test/java
11:22:00.742 [main] INFO  f.i.s.r.p.step.paths.ComputeTestDir - /root/workspace/apache-shardingsphere-master-18250_repo/shardingsphere-proxy/shardingsphere-proxy-frontend/shardingsphere-proxy-frontend-reactive-core/src/test/java
11:22:00.742 [main] INFO  f.i.s.r.p.step.paths.ComputeTestDir - /root/workspace/apache-shardingsphere-master-18250_repo/shardingsphere-spi/src/test/java
11:22:00.742 [main] INFO  f.i.s.r.p.step.paths.ComputeTestDir - /root/workspace/apache-shardingsphere-master-18250_repo/shardingsphere-sql-parser/shardingsphere-sql-parser-dialect/shardingsphere-sql-parser-mysql/src/test/java
11:22:00.742 [main] INFO  f.i.s.r.p.step.paths.ComputeTestDir - /root/workspace/apache-shardingsphere-master-18250_repo/shardingsphere-sql-parser/shardingsphere-sql-parser-dialect/shardingsphere-sql-parser-opengauss/src/test/java
11:22:00.742 [main] INFO  f.i.s.r.p.step.paths.ComputeTestDir - /root/workspace/apache-shardingsphere-master-18250_repo/shardingsphere-sql-parser/shardingsphere-sql-parser-dialect/shardingsphere-sql-parser-oracle/src/test/java
11:22:00.742 [main] INFO  f.i.s.r.p.step.paths.ComputeTestDir - /root/workspace/apache-shardingsphere-master-18250_repo/shardingsphere-sql-parser/shardingsphere-sql-parser-dialect/shardingsphere-sql-parser-postgresql/src/test/java
11:22:00.742 [main] INFO  f.i.s.r.p.step.paths.ComputeTestDir - /root/workspace/apache-shardingsphere-master-18250_repo/shardingsphere-sql-parser/shardingsphere-sql-parser-dialect/shardingsphere-sql-parser-sql92/src/test/java
11:22:00.742 [main] INFO  f.i.s.r.p.step.paths.ComputeTestDir - /root/workspace/apache-shardingsphere-master-18250_repo/shardingsphere-sql-parser/shardingsphere-sql-parser-dialect/shardingsphere-sql-parser-sqlserver/src/test/java
11:22:00.742 [main] INFO  f.i.s.r.p.step.paths.ComputeTestDir - /root/workspace/apache-shardingsphere-master-18250_repo/shardingsphere-sql-parser/shardingsphere-sql-parser-engine/src/test/java
11:22:00.742 [main] INFO  f.i.s.r.p.step.paths.ComputeTestDir - /root/workspace/apache-shardingsphere-master-18250_repo/shardingsphere-sql-parser/shardingsphere-sql-parser-statement/src/test/java
11:22:00.742 [main] INFO  f.i.s.r.p.step.paths.ComputeTestDir - /root/workspace/apache-shardingsphere-master-18250_repo/shardingsphere-test/shardingsphere-integration-agent-test/shardingsphere-integration-agent-test-plugins/shardingsphere-integration-agent-test-common/src/test/java
11:22:00.742 [main] INFO  f.i.s.r.p.step.paths.ComputeTestDir - /root/workspace/apache-shardingsphere-master-18250_repo/shardingsphere-test/shardingsphere-integration-agent-test/shardingsphere-integration-agent-test-plugins/shardingsphere-integration-agent-test-jaeger/src/test/java
11:22:00.742 [main] INFO  f.i.s.r.p.step.paths.ComputeTestDir - /root/workspace/apache-shardingsphere-master-18250_repo/shardingsphere-test/shardingsphere-integration-agent-test/shardingsphere-integration-agent-test-plugins/shardingsphere-integration-agent-test-metrics/src/test/java
11:22:00.742 [main] INFO  f.i.s.r.p.step.paths.ComputeTestDir - /root/workspace/apache-shardingsphere-master-18250_repo/shardingsphere-test/shardingsphere-integration-agent-test/shardingsphere-integration-agent-test-plugins/shardingsphere-integration-agent-test-opentelemetry/src/test/java
11:22:00.742 [main] INFO  f.i.s.r.p.step.paths.ComputeTestDir - /root/workspace/apache-shardingsphere-master-18250_repo/shardingsphere-test/shardingsphere-integration-agent-test/shardingsphere-integration-agent-test-plugins/shardingsphere-integration-agent-test-zipkin/src/test/java
11:22:00.742 [main] INFO  f.i.s.r.p.step.paths.ComputeTestDir - /root/workspace/apache-shardingsphere-master-18250_repo/shardingsphere-test/shardingsphere-integration-driver-test/src/test/java
11:22:00.742 [main] INFO  f.i.s.r.p.step.paths.ComputeTestDir - /root/workspace/apache-shardingsphere-master-18250_repo/shardingsphere-test/shardingsphere-integration-test/shardingsphere-integration-test-env/src/test/java
11:22:00.742 [main] INFO  f.i.s.r.p.step.paths.ComputeTestDir - /root/workspace/apache-shardingsphere-master-18250_repo/shardingsphere-test/shardingsphere-integration-test/shardingsphere-integration-test-fixture/src/test/java
11:22:00.742 [main] INFO  f.i.s.r.p.step.paths.ComputeTestDir - /root/workspace/apache-shardingsphere-master-18250_repo/shardingsphere-test/shardingsphere-integration-test/shardingsphere-integration-test-scaling/src/test/java
11:22:00.742 [main] INFO  f.i.s.r.p.step.paths.ComputeTestDir - /root/workspace/apache-shardingsphere-master-18250_repo/shardingsphere-test/shardingsphere-integration-test/shardingsphere-integration-test-suite/src/test/java
11:22:00.742 [main] INFO  f.i.s.r.p.step.paths.ComputeTestDir - /root/workspace/apache-shardingsphere-master-18250_repo/shardingsphere-test/shardingsphere-optimize-test/src/test/java
11:22:00.742 [main] INFO  f.i.s.r.p.step.paths.ComputeTestDir - /root/workspace/apache-shardingsphere-master-18250_repo/shardingsphere-test/shardingsphere-parser-test/src/test/java
11:22:00.742 [main] INFO  f.i.s.r.p.step.paths.ComputeTestDir - /root/workspace/apache-shardingsphere-master-18250_repo/shardingsphere-test/shardingsphere-pipeline-test/src/test/java
11:22:00.742 [main] INFO  f.i.s.r.p.step.paths.ComputeTestDir - /root/workspace/apache-shardingsphere-master-18250_repo/shardingsphere-test/shardingsphere-rewrite-test/src/test/java
11:22:01.847 [main] INFO  f.i.s.r.p.s.g.GatherTestInformation - ---Test results---
11:22:01.847 [main] INFO  f.i.s.r.p.s.g.GatherTestInformation -    Total tests: 22189
11:22:01.847 [main] INFO  f.i.s.r.p.s.g.GatherTestInformation -    Tests run: 22189
11:22:01.847 [main] INFO  f.i.s.r.p.s.g.GatherTestInformation -    Tests passing: 22189
11:22:01.847 [main] INFO  f.i.s.r.p.s.g.GatherTestInformation -    Failures: 0
11:22:01.847 [main] INFO  f.i.s.r.p.s.g.GatherTestInformation -    Errors: 0
11:22:01.847 [main] INFO  f.i.s.r.p.s.g.GatherTestInformation -    Skipped: 0
11:22:01.847 [main] INFO  f.i.s.r.p.s.g.GatherTestInformation - 
11:22:05.126 [main] INFO  f.i.s.r.p.i.ProjectInspector - ----------------------------------------------------------------------
11:22:05.126 [main] INFO  f.i.s.r.p.i.ProjectInspector - PIPELINE EXECUTION SUMMARY
11:22:05.126 [main] INFO  f.i.s.r.p.i.ProjectInspector - ----------------------------------------------------------------------
11:22:05.126 [main] INFO  f.i.s.r.p.i.ProjectInspector - CloneCheckoutGitPullRequest.........................SUCCESS [   58 s ]
11:22:05.126 [main] INFO  f.i.s.r.p.i.ProjectInspector - BuildProject........................................SUCCESS [ 1035 s ]
11:22:05.126 [main] INFO  f.i.s.r.p.i.ProjectInspector - TestProject.........................................SUCCESS [  180 s ]
11:22:05.126 [main] INFO  f.i.s.r.p.i.ProjectInspector - ComputeClasspath....................................SUCCESS [   14 s ]
11:22:05.126 [main] INFO  f.i.s.r.p.i.ProjectInspector - ComputeSourceDir....................................SUCCESS [    0 s ]
11:22:05.126 [main] INFO  f.i.s.r.p.i.ProjectInspector - ComputeTestDir......................................SUCCESS [    0 s ]
11:22:05.126 [main] INFO  f.i.s.r.p.i.ProjectInspector - GatherTestInformation...............................FAILURE [    1 s ]
11:22:05.126 [main] INFO  f.i.s.r.p.i.ProjectInspector - FlacocoLocalization.................................NOT RUN           
11:22:05.126 [main] INFO  f.i.s.r.p.i.ProjectInspector - PushFaultLocalizationSuggestionsOnGitHubRepository..NOT RUN           
11:22:05.127 [main] INFO  f.i.s.r.p.i.ProjectInspector - ----------------------------------------------------------------------
11:22:05.127 [main] INFO  f.i.s.r.p.i.ProjectInspector - PIPELINE FINDING: NOTFAILING
11:22:05.127 [main] INFO  f.i.s.r.p.i.ProjectInspector - ----------------------------------------------------------------------
11:22:05.127 [main] INFO  f.i.s.r.p.github.GithubMainProcess - Inspector is finished. The process will exit now.
