Execute pipeline with following supplementary args: --smtpPort 25 --listenerMode NOOP --launcherMode FAULT_LOCALIZATION  --gitrepourl https://github.com/apache/shardingsphere --gitrepopullrequest 18892
java -cp /usr/local/openjdk-11/lib/tools.jar:repairnator-pipeline.jar -Dlogback.configurationFile=/root/logback.xml fr.inria.spirals.repairnator.pipeline.Launcher -d --runId null -o /var/log --ghOauth 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 --faultLocalization --flacocoThreshold 0.0 --flacocoTopK null --flacocoResultsRepository flacocobot/2022-flacocobot-experiment --ghOauth  --smtpPort 25 --listenerMode NOOP --launcherMode FAULT_LOCALIZATION  --gitrepourl https://github.com/apache/shardingsphere --gitrepopullrequest 18892

10:24:31.906 [main] INFO  f.i.s.r.p.g.GithubInitSerializerEngines - Initialize file serializer engines.
10:24:31.907 [main] INFO  f.i.s.r.p.g.GithubInitSerializerEngines - MongoDB won't be used for serialization.
10:24:31.907 [main] INFO  f.i.s.r.p.github.GithubInitNotifiers - The email notifier engine won't be used.
10:24:31.923 [main] INFO  f.i.s.r.p.i.ProjectInspector - ----------------------------------------------------------------------
10:24:31.923 [main] INFO  f.i.s.r.p.i.ProjectInspector - PIPELINE STEPS
10:24:31.923 [main] INFO  f.i.s.r.p.i.ProjectInspector - ----------------------------------------------------------------------
10:24:31.923 [main] INFO  f.i.s.r.p.i.ProjectInspector - CloneCheckoutGitPullRequest
10:24:31.923 [main] INFO  f.i.s.r.p.i.ProjectInspector - BuildProject
10:24:31.923 [main] INFO  f.i.s.r.p.i.ProjectInspector - TestProject
10:24:31.923 [main] INFO  f.i.s.r.p.i.ProjectInspector - ComputeClasspath
10:24:31.923 [main] INFO  f.i.s.r.p.i.ProjectInspector - ComputeSourceDir
10:24:31.924 [main] INFO  f.i.s.r.p.i.ProjectInspector - ComputeTestDir
10:24:31.924 [main] INFO  f.i.s.r.p.i.ProjectInspector - GatherTestInformation
10:24:31.924 [main] INFO  f.i.s.r.p.i.ProjectInspector - FlacocoLocalization
10:24:31.924 [main] INFO  f.i.s.r.p.i.ProjectInspector - PushFaultLocalizationSuggestionsOnGitHubRepository
10:24:31.924 [main] INFO  f.i.s.r.p.s.CloneCheckoutGitPullRequest - Cloning repository https://github.com/apache/shardingsphere.git in the following directory: ./workspace/apache-shardingsphere-master-18892_repo
10:36:12.390 [Thread-7] ERROR f.i.s.r.p.m.o.MavenFilterOutputHandler - [ERROR] Tests run: 1, Failures: 0, Errors: 1, Skipped: 0, Time elapsed: 0.003 s <<< FAILURE! - in org.apache.shardingsphere.infra.metadata.database.ShardingSphereDatabasesFactoryTest
10:36:12.391 [Thread-7] ERROR f.i.s.r.p.m.o.MavenFilterOutputHandler - [ERROR] assertCreate(org.apache.shardingsphere.infra.metadata.database.ShardingSphereDatabasesFactoryTest)  Time elapsed: 0.003 s  <<< ERROR!
10:36:13.630 [Thread-7] ERROR f.i.s.r.p.m.o.MavenFilterOutputHandler - [ERROR] Errors: 
10:36:13.630 [Thread-7] ERROR f.i.s.r.p.m.o.MavenFilterOutputHandler - [ERROR]   ShardingSphereDatabasesFactoryTest.assertCreate:48 NullPointer
10:36:13.630 [Thread-7] ERROR f.i.s.r.p.m.o.MavenFilterOutputHandler - [ERROR] Tests run: 391, Failures: 0, Errors: 1, Skipped: 0
10:36:13.642 [Thread-7] ERROR f.i.s.r.p.m.o.MavenFilterOutputHandler - [ERROR] Failed to execute goal org.apache.maven.plugins:maven-surefire-plugin:2.22.0:test (default-test) on project shardingsphere-infra-common: There are test failures.
10:36:13.642 [Thread-7] ERROR f.i.s.r.p.m.o.MavenFilterOutputHandler - [ERROR] 
10:36:13.642 [Thread-7] ERROR f.i.s.r.p.m.o.MavenFilterOutputHandler - [ERROR] Please refer to /root/workspace/apache-shardingsphere-master-18892_repo/shardingsphere-infra/shardingsphere-infra-common/target/surefire-reports for the individual test results.
10:36:13.642 [Thread-7] ERROR f.i.s.r.p.m.o.MavenFilterOutputHandler - [ERROR] Please refer to dump files (if any exist) [date]-jvmRun[N].dump, [date].dumpstream and [date]-jvmRun[N].dumpstream.
10:36:13.642 [Thread-7] ERROR f.i.s.r.p.m.o.MavenFilterOutputHandler - [ERROR] -> [Help 1]
10:36:13.645 [Thread-7] ERROR f.i.s.r.p.m.o.MavenFilterOutputHandler - [ERROR] 
10:36:13.646 [Thread-7] ERROR f.i.s.r.p.m.o.MavenFilterOutputHandler - [ERROR] Re-run Maven using the -X switch to enable full debug logging.
10:36:13.646 [Thread-7] ERROR f.i.s.r.p.m.o.MavenFilterOutputHandler - [ERROR] 
10:36:13.646 [Thread-7] ERROR f.i.s.r.p.m.o.MavenFilterOutputHandler - [ERROR] For more information about the errors and possible solutions, please read the following articles:
10:36:13.646 [Thread-7] ERROR f.i.s.r.p.m.o.MavenFilterOutputHandler - [ERROR] [Help 1] http://cwiki.apache.org/confluence/display/MAVEN/MojoFailureException
10:36:13.646 [Thread-7] ERROR f.i.s.r.p.m.o.MavenFilterOutputHandler - [ERROR] 
10:36:13.646 [Thread-7] ERROR f.i.s.r.p.m.o.MavenFilterOutputHandler - [ERROR] After correcting the problems, you can resume the build with the command
10:36:13.646 [Thread-7] ERROR f.i.s.r.p.m.o.MavenFilterOutputHandler - [ERROR]   mvn <goals> -rf :shardingsphere-infra-common
10:36:20.193 [main] ERROR f.i.s.r.p.s.paths.ComputeClasspath - The file does not exist: /root/./workspace/apache-shardingsphere-master-18892_repo/target/classes.
10:36:20.193 [main] ERROR f.i.s.r.p.s.paths.ComputeClasspath - The file does not exist: /root/./workspace/apache-shardingsphere-master-18892_repo/target/test-classes.
10:36:20.245 [main] ERROR f.i.s.r.process.maven.MavenHelper - Error while building complete model. The raw model will be used. Error message: 1 problem was encountered while building the effective model for org.apache.shardingsphere:shardingsphere:5.1.3-SNAPSHOT
[ERROR] Failed to determine Java version for profile jdk11+ @ 

10:36:20.260 [main] ERROR f.i.s.r.process.maven.MavenHelper - Error while building complete model. The raw model will be used. Error message: 1 problem was encountered while building the effective model for org.apache.shardingsphere:shardingsphere-sql-parser:5.1.3-SNAPSHOT
[ERROR] Failed to determine Java version for profile jdk11+ @ org.apache.shardingsphere:shardingsphere:5.1.3-SNAPSHOT, /root/workspace/apache-shardingsphere-master-18892_repo/pom.xml

10:36:20.266 [main] ERROR f.i.s.r.process.maven.MavenHelper - Error while building complete model. The raw model will be used. Error message: 1 problem was encountered while building the effective model for org.apache.shardingsphere:shardingsphere-sql-parser-dialect:5.1.3-SNAPSHOT
[ERROR] Failed to determine Java version for profile jdk11+ @ org.apache.shardingsphere:shardingsphere:5.1.3-SNAPSHOT, /root/workspace/apache-shardingsphere-master-18892_repo/pom.xml

10:36:20.271 [main] ERROR f.i.s.r.process.maven.MavenHelper - Error while building complete model. The raw model will be used. Error message: 1 problem was encountered while building the effective model for org.apache.shardingsphere:shardingsphere-distsql:5.1.3-SNAPSHOT
[ERROR] Failed to determine Java version for profile jdk11+ @ org.apache.shardingsphere:shardingsphere:5.1.3-SNAPSHOT, /root/workspace/apache-shardingsphere-master-18892_repo/pom.xml

10:36:20.275 [main] ERROR f.i.s.r.process.maven.MavenHelper - Error while building complete model. The raw model will be used. Error message: 1 problem was encountered while building the effective model for org.apache.shardingsphere:shardingsphere-db-protocol:5.1.3-SNAPSHOT
[ERROR] Failed to determine Java version for profile jdk11+ @ org.apache.shardingsphere:shardingsphere:5.1.3-SNAPSHOT, /root/workspace/apache-shardingsphere-master-18892_repo/pom.xml

10:36:20.291 [main] ERROR f.i.s.r.process.maven.MavenHelper - Error while building complete model. The raw model will be used. Error message: 1 problem was encountered while building the effective model for org.apache.shardingsphere:shardingsphere-infra:5.1.3-SNAPSHOT
[ERROR] Failed to determine Java version for profile jdk11+ @ org.apache.shardingsphere:shardingsphere:5.1.3-SNAPSHOT, /root/workspace/apache-shardingsphere-master-18892_repo/pom.xml

10:36:20.298 [main] ERROR f.i.s.r.process.maven.MavenHelper - Error while building complete model. The raw model will be used. Error message: 1 problem was encountered while building the effective model for org.apache.shardingsphere:shardingsphere-infra-datetime:5.1.3-SNAPSHOT
[ERROR] Failed to determine Java version for profile jdk11+ @ org.apache.shardingsphere:shardingsphere:5.1.3-SNAPSHOT, /root/workspace/apache-shardingsphere-master-18892_repo/pom.xml

10:36:20.305 [main] ERROR f.i.s.r.process.maven.MavenHelper - Error while building complete model. The raw model will be used. Error message: 1 problem was encountered while building the effective model for org.apache.shardingsphere:shardingsphere-infra-datetime-type:5.1.3-SNAPSHOT
[ERROR] Failed to determine Java version for profile jdk11+ @ org.apache.shardingsphere:shardingsphere:5.1.3-SNAPSHOT, /root/workspace/apache-shardingsphere-master-18892_repo/pom.xml

10:36:20.311 [main] ERROR f.i.s.r.process.maven.MavenHelper - Error while building complete model. The raw model will be used. Error message: 1 problem was encountered while building the effective model for org.apache.shardingsphere:shardingsphere-infra-federation:5.1.3-SNAPSHOT
[ERROR] Failed to determine Java version for profile jdk11+ @ org.apache.shardingsphere:shardingsphere:5.1.3-SNAPSHOT, /root/workspace/apache-shardingsphere-master-18892_repo/pom.xml

10:36:20.316 [main] ERROR f.i.s.r.process.maven.MavenHelper - Error while building complete model. The raw model will be used. Error message: 1 problem was encountered while building the effective model for org.apache.shardingsphere:shardingsphere-mode:5.1.3-SNAPSHOT
[ERROR] Failed to determine Java version for profile jdk11+ @ org.apache.shardingsphere:shardingsphere:5.1.3-SNAPSHOT, /root/workspace/apache-shardingsphere-master-18892_repo/pom.xml

10:36:20.322 [main] ERROR f.i.s.r.process.maven.MavenHelper - Error while building complete model. The raw model will be used. Error message: 1 problem was encountered while building the effective model for org.apache.shardingsphere:shardingsphere-mode-type:5.1.3-SNAPSHOT
[ERROR] Failed to determine Java version for profile jdk11+ @ org.apache.shardingsphere:shardingsphere:5.1.3-SNAPSHOT, /root/workspace/apache-shardingsphere-master-18892_repo/pom.xml

10:36:20.327 [main] ERROR f.i.s.r.process.maven.MavenHelper - Error while building complete model. The raw model will be used. Error message: 1 problem was encountered while building the effective model for org.apache.shardingsphere:shardingsphere-memory-mode:5.1.3-SNAPSHOT
[ERROR] Failed to determine Java version for profile jdk11+ @ org.apache.shardingsphere:shardingsphere:5.1.3-SNAPSHOT, /root/workspace/apache-shardingsphere-master-18892_repo/pom.xml

10:36:20.333 [main] ERROR f.i.s.r.process.maven.MavenHelper - Error while building complete model. The raw model will be used. Error message: 1 problem was encountered while building the effective model for org.apache.shardingsphere:shardingsphere-standalone-mode:5.1.3-SNAPSHOT
[ERROR] Failed to determine Java version for profile jdk11+ @ org.apache.shardingsphere:shardingsphere:5.1.3-SNAPSHOT, /root/workspace/apache-shardingsphere-master-18892_repo/pom.xml

10:36:20.338 [main] ERROR f.i.s.r.process.maven.MavenHelper - Error while building complete model. The raw model will be used. Error message: 1 problem was encountered while building the effective model for org.apache.shardingsphere:shardingsphere-standalone-mode-repository:5.1.3-SNAPSHOT
[ERROR] Failed to determine Java version for profile jdk11+ @ org.apache.shardingsphere:shardingsphere:5.1.3-SNAPSHOT, /root/workspace/apache-shardingsphere-master-18892_repo/pom.xml

10:36:20.344 [main] ERROR f.i.s.r.process.maven.MavenHelper - Error while building complete model. The raw model will be used. Error message: 1 problem was encountered while building the effective model for org.apache.shardingsphere:shardingsphere-standalone-mode-repository-provider:5.1.3-SNAPSHOT
[ERROR] Failed to determine Java version for profile jdk11+ @ org.apache.shardingsphere:shardingsphere:5.1.3-SNAPSHOT, /root/workspace/apache-shardingsphere-master-18892_repo/pom.xml

10:36:20.349 [main] ERROR f.i.s.r.process.maven.MavenHelper - Error while building complete model. The raw model will be used. Error message: 1 problem was encountered while building the effective model for org.apache.shardingsphere:shardingsphere-cluster-mode:5.1.3-SNAPSHOT
[ERROR] Failed to determine Java version for profile jdk11+ @ org.apache.shardingsphere:shardingsphere:5.1.3-SNAPSHOT, /root/workspace/apache-shardingsphere-master-18892_repo/pom.xml

10:36:20.355 [main] ERROR f.i.s.r.process.maven.MavenHelper - Error while building complete model. The raw model will be used. Error message: 1 problem was encountered while building the effective model for org.apache.shardingsphere:shardingsphere-cluster-mode-repository:5.1.3-SNAPSHOT
[ERROR] Failed to determine Java version for profile jdk11+ @ org.apache.shardingsphere:shardingsphere:5.1.3-SNAPSHOT, /root/workspace/apache-shardingsphere-master-18892_repo/pom.xml

10:36:20.359 [main] ERROR f.i.s.r.process.maven.MavenHelper - Error while building complete model. The raw model will be used. Error message: 1 problem was encountered while building the effective model for org.apache.shardingsphere:shardingsphere-cluster-mode-repository-provider:5.1.3-SNAPSHOT
[ERROR] Failed to determine Java version for profile jdk11+ @ org.apache.shardingsphere:shardingsphere:5.1.3-SNAPSHOT, /root/workspace/apache-shardingsphere-master-18892_repo/pom.xml

10:36:20.362 [main] ERROR f.i.s.r.process.maven.MavenHelper - Error while building complete model. The raw model will be used. Error message: 1 problem was encountered while building the effective model for org.apache.shardingsphere:shardingsphere-kernel:5.1.3-SNAPSHOT
[ERROR] Failed to determine Java version for profile jdk11+ @ org.apache.shardingsphere:shardingsphere:5.1.3-SNAPSHOT, /root/workspace/apache-shardingsphere-master-18892_repo/pom.xml

10:36:20.365 [main] ERROR f.i.s.r.process.maven.MavenHelper - Error while building complete model. The raw model will be used. Error message: 1 problem was encountered while building the effective model for org.apache.shardingsphere:shardingsphere-parser:5.1.3-SNAPSHOT
[ERROR] Failed to determine Java version for profile jdk11+ @ org.apache.shardingsphere:shardingsphere:5.1.3-SNAPSHOT, /root/workspace/apache-shardingsphere-master-18892_repo/pom.xml

10:36:20.368 [main] ERROR f.i.s.r.process.maven.MavenHelper - Error while building complete model. The raw model will be used. Error message: 1 problem was encountered while building the effective model for org.apache.shardingsphere:shardingsphere-parser-spring:5.1.3-SNAPSHOT
[ERROR] Failed to determine Java version for profile jdk11+ @ org.apache.shardingsphere:shardingsphere:5.1.3-SNAPSHOT, /root/workspace/apache-shardingsphere-master-18892_repo/pom.xml

10:36:20.371 [main] ERROR f.i.s.r.process.maven.MavenHelper - Error while building complete model. The raw model will be used. Error message: 1 problem was encountered while building the effective model for org.apache.shardingsphere:shardingsphere-single-table:5.1.3-SNAPSHOT
[ERROR] Failed to determine Java version for profile jdk11+ @ org.apache.shardingsphere:shardingsphere:5.1.3-SNAPSHOT, /root/workspace/apache-shardingsphere-master-18892_repo/pom.xml

10:36:20.375 [main] ERROR f.i.s.r.process.maven.MavenHelper - Error while building complete model. The raw model will be used. Error message: 1 problem was encountered while building the effective model for org.apache.shardingsphere:shardingsphere-authority:5.1.3-SNAPSHOT
[ERROR] Failed to determine Java version for profile jdk11+ @ org.apache.shardingsphere:shardingsphere:5.1.3-SNAPSHOT, /root/workspace/apache-shardingsphere-master-18892_repo/pom.xml

10:36:20.378 [main] ERROR f.i.s.r.process.maven.MavenHelper - Error while building complete model. The raw model will be used. Error message: 1 problem was encountered while building the effective model for org.apache.shardingsphere:shardingsphere-transaction:5.1.3-SNAPSHOT
[ERROR] Failed to determine Java version for profile jdk11+ @ org.apache.shardingsphere:shardingsphere:5.1.3-SNAPSHOT, /root/workspace/apache-shardingsphere-master-18892_repo/pom.xml

10:36:20.381 [main] ERROR f.i.s.r.process.maven.MavenHelper - Error while building complete model. The raw model will be used. Error message: 1 problem was encountered while building the effective model for org.apache.shardingsphere:shardingsphere-transaction-type:5.1.3-SNAPSHOT
[ERROR] Failed to determine Java version for profile jdk11+ @ org.apache.shardingsphere:shardingsphere:5.1.3-SNAPSHOT, /root/workspace/apache-shardingsphere-master-18892_repo/pom.xml

10:36:20.384 [main] ERROR f.i.s.r.process.maven.MavenHelper - Error while building complete model. The raw model will be used. Error message: 1 problem was encountered while building the effective model for org.apache.shardingsphere:shardingsphere-transaction-xa:5.1.3-SNAPSHOT
[ERROR] Failed to determine Java version for profile jdk11+ @ org.apache.shardingsphere:shardingsphere:5.1.3-SNAPSHOT, /root/workspace/apache-shardingsphere-master-18892_repo/pom.xml

10:36:20.388 [main] ERROR f.i.s.r.process.maven.MavenHelper - Error while building complete model. The raw model will be used. Error message: 1 problem was encountered while building the effective model for org.apache.shardingsphere:shardingsphere-transaction-xa-provider:5.1.3-SNAPSHOT
[ERROR] Failed to determine Java version for profile jdk11+ @ org.apache.shardingsphere:shardingsphere:5.1.3-SNAPSHOT, /root/workspace/apache-shardingsphere-master-18892_repo/pom.xml

10:36:20.391 [main] ERROR f.i.s.r.process.maven.MavenHelper - Error while building complete model. The raw model will be used. Error message: 1 problem was encountered while building the effective model for org.apache.shardingsphere:shardingsphere-transaction-base:5.1.3-SNAPSHOT
[ERROR] Failed to determine Java version for profile jdk11+ @ org.apache.shardingsphere:shardingsphere:5.1.3-SNAPSHOT, /root/workspace/apache-shardingsphere-master-18892_repo/pom.xml

10:36:20.394 [main] ERROR f.i.s.r.process.maven.MavenHelper - Error while building complete model. The raw model will be used. Error message: 1 problem was encountered while building the effective model for org.apache.shardingsphere:shardingsphere-schedule:5.1.3-SNAPSHOT
[ERROR] Failed to determine Java version for profile jdk11+ @ org.apache.shardingsphere:shardingsphere:5.1.3-SNAPSHOT, /root/workspace/apache-shardingsphere-master-18892_repo/pom.xml

10:36:20.397 [main] ERROR f.i.s.r.process.maven.MavenHelper - Error while building complete model. The raw model will be used. Error message: 1 problem was encountered while building the effective model for org.apache.shardingsphere:shardingsphere-data-pipeline:5.1.3-SNAPSHOT
[ERROR] Failed to determine Java version for profile jdk11+ @ org.apache.shardingsphere:shardingsphere:5.1.3-SNAPSHOT, /root/workspace/apache-shardingsphere-master-18892_repo/pom.xml

10:36:20.400 [main] ERROR f.i.s.r.process.maven.MavenHelper - Error while building complete model. The raw model will be used. Error message: 1 problem was encountered while building the effective model for org.apache.shardingsphere:shardingsphere-data-pipeline-dialect:5.1.3-SNAPSHOT
[ERROR] Failed to determine Java version for profile jdk11+ @ org.apache.shardingsphere:shardingsphere:5.1.3-SNAPSHOT, /root/workspace/apache-shardingsphere-master-18892_repo/pom.xml

10:36:20.403 [main] ERROR f.i.s.r.process.maven.MavenHelper - Error while building complete model. The raw model will be used. Error message: 1 problem was encountered while building the effective model for org.apache.shardingsphere:shardingsphere-sql-translator:5.1.3-SNAPSHOT
[ERROR] Failed to determine Java version for profile jdk11+ @ org.apache.shardingsphere:shardingsphere:5.1.3-SNAPSHOT, /root/workspace/apache-shardingsphere-master-18892_repo/pom.xml

10:36:20.406 [main] ERROR f.i.s.r.process.maven.MavenHelper - Error while building complete model. The raw model will be used. Error message: 1 problem was encountered while building the effective model for org.apache.shardingsphere:shardingsphere-sql-translator-provider:5.1.3-SNAPSHOT
[ERROR] Failed to determine Java version for profile jdk11+ @ org.apache.shardingsphere:shardingsphere:5.1.3-SNAPSHOT, /root/workspace/apache-shardingsphere-master-18892_repo/pom.xml

10:36:20.408 [main] ERROR f.i.s.r.process.maven.MavenHelper - Error while building complete model. The raw model will be used. Error message: 1 problem was encountered while building the effective model for org.apache.shardingsphere:shardingsphere-traffic:5.1.3-SNAPSHOT
[ERROR] Failed to determine Java version for profile jdk11+ @ org.apache.shardingsphere:shardingsphere:5.1.3-SNAPSHOT, /root/workspace/apache-shardingsphere-master-18892_repo/pom.xml

10:36:20.411 [main] ERROR f.i.s.r.process.maven.MavenHelper - Error while building complete model. The raw model will be used. Error message: 1 problem was encountered while building the effective model for org.apache.shardingsphere:shardingsphere-jdbc:5.1.3-SNAPSHOT
[ERROR] Failed to determine Java version for profile jdk11+ @ org.apache.shardingsphere:shardingsphere:5.1.3-SNAPSHOT, /root/workspace/apache-shardingsphere-master-18892_repo/pom.xml

10:36:20.414 [main] ERROR f.i.s.r.process.maven.MavenHelper - Error while building complete model. The raw model will be used. Error message: 1 problem was encountered while building the effective model for org.apache.shardingsphere:shardingsphere-jdbc-spring:5.1.3-SNAPSHOT
[ERROR] Failed to determine Java version for profile jdk11+ @ org.apache.shardingsphere:shardingsphere:5.1.3-SNAPSHOT, /root/workspace/apache-shardingsphere-master-18892_repo/pom.xml

10:36:20.416 [main] ERROR f.i.s.r.process.maven.MavenHelper - Error while building complete model. The raw model will be used. Error message: 1 problem was encountered while building the effective model for org.apache.shardingsphere:shardingsphere-jdbc-spring-infra:5.1.3-SNAPSHOT
[ERROR] Failed to determine Java version for profile jdk11+ @ org.apache.shardingsphere:shardingsphere:5.1.3-SNAPSHOT, /root/workspace/apache-shardingsphere-master-18892_repo/pom.xml

10:36:20.419 [main] ERROR f.i.s.r.process.maven.MavenHelper - Error while building complete model. The raw model will be used. Error message: 1 problem was encountered while building the effective model for org.apache.shardingsphere:shardingsphere-jdbc-core-spring:5.1.3-SNAPSHOT
[ERROR] Failed to determine Java version for profile jdk11+ @ org.apache.shardingsphere:shardingsphere:5.1.3-SNAPSHOT, /root/workspace/apache-shardingsphere-master-18892_repo/pom.xml

10:36:20.422 [main] ERROR f.i.s.r.process.maven.MavenHelper - Error while building complete model. The raw model will be used. Error message: 1 problem was encountered while building the effective model for org.apache.shardingsphere:shardingsphere-proxy:5.1.3-SNAPSHOT
[ERROR] Failed to determine Java version for profile jdk11+ @ org.apache.shardingsphere:shardingsphere:5.1.3-SNAPSHOT, /root/workspace/apache-shardingsphere-master-18892_repo/pom.xml

10:36:20.425 [main] ERROR f.i.s.r.process.maven.MavenHelper - Error while building complete model. The raw model will be used. Error message: 1 problem was encountered while building the effective model for org.apache.shardingsphere:shardingsphere-proxy-frontend:5.1.3-SNAPSHOT
[ERROR] Failed to determine Java version for profile jdk11+ @ org.apache.shardingsphere:shardingsphere:5.1.3-SNAPSHOT, /root/workspace/apache-shardingsphere-master-18892_repo/pom.xml

10:36:20.428 [main] ERROR f.i.s.r.process.maven.MavenHelper - Error while building complete model. The raw model will be used. Error message: 1 problem was encountered while building the effective model for org.apache.shardingsphere:shardingsphere-features:5.1.3-SNAPSHOT
[ERROR] Failed to determine Java version for profile jdk11+ @ org.apache.shardingsphere:shardingsphere:5.1.3-SNAPSHOT, /root/workspace/apache-shardingsphere-master-18892_repo/pom.xml

10:36:20.430 [main] ERROR f.i.s.r.process.maven.MavenHelper - Error while building complete model. The raw model will be used. Error message: 1 problem was encountered while building the effective model for org.apache.shardingsphere:shardingsphere-sharding:5.1.3-SNAPSHOT
[ERROR] Failed to determine Java version for profile jdk11+ @ org.apache.shardingsphere:shardingsphere:5.1.3-SNAPSHOT, /root/workspace/apache-shardingsphere-master-18892_repo/pom.xml

10:36:20.433 [main] ERROR f.i.s.r.process.maven.MavenHelper - Error while building complete model. The raw model will be used. Error message: 1 problem was encountered while building the effective model for org.apache.shardingsphere:shardingsphere-sharding-distsql:5.1.3-SNAPSHOT
[ERROR] Failed to determine Java version for profile jdk11+ @ org.apache.shardingsphere:shardingsphere:5.1.3-SNAPSHOT, /root/workspace/apache-shardingsphere-master-18892_repo/pom.xml

10:36:20.436 [main] ERROR f.i.s.r.process.maven.MavenHelper - Error while building complete model. The raw model will be used. Error message: 1 problem was encountered while building the effective model for org.apache.shardingsphere:shardingsphere-sharding-spring:5.1.3-SNAPSHOT
[ERROR] Failed to determine Java version for profile jdk11+ @ org.apache.shardingsphere:shardingsphere:5.1.3-SNAPSHOT, /root/workspace/apache-shardingsphere-master-18892_repo/pom.xml

10:36:20.439 [main] ERROR f.i.s.r.process.maven.MavenHelper - Error while building complete model. The raw model will be used. Error message: 1 problem was encountered while building the effective model for org.apache.shardingsphere:shardingsphere-sharding-plugin:5.1.3-SNAPSHOT
[ERROR] Failed to determine Java version for profile jdk11+ @ org.apache.shardingsphere:shardingsphere:5.1.3-SNAPSHOT, /root/workspace/apache-shardingsphere-master-18892_repo/pom.xml

10:36:20.442 [main] ERROR f.i.s.r.process.maven.MavenHelper - Error while building complete model. The raw model will be used. Error message: 1 problem was encountered while building the effective model for org.apache.shardingsphere:shardingsphere-readwrite-splitting:5.1.3-SNAPSHOT
[ERROR] Failed to determine Java version for profile jdk11+ @ org.apache.shardingsphere:shardingsphere:5.1.3-SNAPSHOT, /root/workspace/apache-shardingsphere-master-18892_repo/pom.xml

10:36:20.445 [main] ERROR f.i.s.r.process.maven.MavenHelper - Error while building complete model. The raw model will be used. Error message: 1 problem was encountered while building the effective model for org.apache.shardingsphere:shardingsphere-readwrite-splitting-distsql:5.1.3-SNAPSHOT
[ERROR] Failed to determine Java version for profile jdk11+ @ org.apache.shardingsphere:shardingsphere:5.1.3-SNAPSHOT, /root/workspace/apache-shardingsphere-master-18892_repo/pom.xml

10:36:20.448 [main] ERROR f.i.s.r.process.maven.MavenHelper - Error while building complete model. The raw model will be used. Error message: 1 problem was encountered while building the effective model for org.apache.shardingsphere:shardingsphere-readwrite-splitting-spring:5.1.3-SNAPSHOT
[ERROR] Failed to determine Java version for profile jdk11+ @ org.apache.shardingsphere:shardingsphere:5.1.3-SNAPSHOT, /root/workspace/apache-shardingsphere-master-18892_repo/pom.xml

10:36:20.451 [main] ERROR f.i.s.r.process.maven.MavenHelper - Error while building complete model. The raw model will be used. Error message: 1 problem was encountered while building the effective model for org.apache.shardingsphere:shardingsphere-db-discovery:5.1.3-SNAPSHOT
[ERROR] Failed to determine Java version for profile jdk11+ @ org.apache.shardingsphere:shardingsphere:5.1.3-SNAPSHOT, /root/workspace/apache-shardingsphere-master-18892_repo/pom.xml

10:36:20.454 [main] ERROR f.i.s.r.process.maven.MavenHelper - Error while building complete model. The raw model will be used. Error message: 1 problem was encountered while building the effective model for org.apache.shardingsphere:shardingsphere-db-discovery-distsql:5.1.3-SNAPSHOT
[ERROR] Failed to determine Java version for profile jdk11+ @ org.apache.shardingsphere:shardingsphere:5.1.3-SNAPSHOT, /root/workspace/apache-shardingsphere-master-18892_repo/pom.xml

10:36:20.456 [main] ERROR f.i.s.r.process.maven.MavenHelper - Error while building complete model. The raw model will be used. Error message: 1 problem was encountered while building the effective model for org.apache.shardingsphere:shardingsphere-db-discovery-provider:5.1.3-SNAPSHOT
[ERROR] Failed to determine Java version for profile jdk11+ @ org.apache.shardingsphere:shardingsphere:5.1.3-SNAPSHOT, /root/workspace/apache-shardingsphere-master-18892_repo/pom.xml

10:36:20.459 [main] ERROR f.i.s.r.process.maven.MavenHelper - Error while building complete model. The raw model will be used. Error message: 1 problem was encountered while building the effective model for org.apache.shardingsphere:shardingsphere-db-discovery-spring:5.1.3-SNAPSHOT
[ERROR] Failed to determine Java version for profile jdk11+ @ org.apache.shardingsphere:shardingsphere:5.1.3-SNAPSHOT, /root/workspace/apache-shardingsphere-master-18892_repo/pom.xml

10:36:20.462 [main] ERROR f.i.s.r.process.maven.MavenHelper - Error while building complete model. The raw model will be used. Error message: 1 problem was encountered while building the effective model for org.apache.shardingsphere:shardingsphere-encrypt:5.1.3-SNAPSHOT
[ERROR] Failed to determine Java version for profile jdk11+ @ org.apache.shardingsphere:shardingsphere:5.1.3-SNAPSHOT, /root/workspace/apache-shardingsphere-master-18892_repo/pom.xml

10:36:20.464 [main] ERROR f.i.s.r.process.maven.MavenHelper - Error while building complete model. The raw model will be used. Error message: 1 problem was encountered while building the effective model for org.apache.shardingsphere:shardingsphere-encrypt-distsql:5.1.3-SNAPSHOT
[ERROR] Failed to determine Java version for profile jdk11+ @ org.apache.shardingsphere:shardingsphere:5.1.3-SNAPSHOT, /root/workspace/apache-shardingsphere-master-18892_repo/pom.xml

10:36:20.467 [main] ERROR f.i.s.r.process.maven.MavenHelper - Error while building complete model. The raw model will be used. Error message: 1 problem was encountered while building the effective model for org.apache.shardingsphere:shardingsphere-encrypt-spring:5.1.3-SNAPSHOT
[ERROR] Failed to determine Java version for profile jdk11+ @ org.apache.shardingsphere:shardingsphere:5.1.3-SNAPSHOT, /root/workspace/apache-shardingsphere-master-18892_repo/pom.xml

10:36:20.470 [main] ERROR f.i.s.r.process.maven.MavenHelper - Error while building complete model. The raw model will be used. Error message: 1 problem was encountered while building the effective model for org.apache.shardingsphere:shardingsphere-encrypt-plugin:5.1.3-SNAPSHOT
[ERROR] Failed to determine Java version for profile jdk11+ @ org.apache.shardingsphere:shardingsphere:5.1.3-SNAPSHOT, /root/workspace/apache-shardingsphere-master-18892_repo/pom.xml

10:36:20.473 [main] ERROR f.i.s.r.process.maven.MavenHelper - Error while building complete model. The raw model will be used. Error message: 1 problem was encountered while building the effective model for org.apache.shardingsphere:shardingsphere-shadow:5.1.3-SNAPSHOT
[ERROR] Failed to determine Java version for profile jdk11+ @ org.apache.shardingsphere:shardingsphere:5.1.3-SNAPSHOT, /root/workspace/apache-shardingsphere-master-18892_repo/pom.xml

10:36:20.475 [main] ERROR f.i.s.r.process.maven.MavenHelper - Error while building complete model. The raw model will be used. Error message: 1 problem was encountered while building the effective model for org.apache.shardingsphere:shardingsphere-shadow-distsql:5.1.3-SNAPSHOT
[ERROR] Failed to determine Java version for profile jdk11+ @ org.apache.shardingsphere:shardingsphere:5.1.3-SNAPSHOT, /root/workspace/apache-shardingsphere-master-18892_repo/pom.xml

10:36:20.478 [main] ERROR f.i.s.r.process.maven.MavenHelper - Error while building complete model. The raw model will be used. Error message: 1 problem was encountered while building the effective model for org.apache.shardingsphere:shardingsphere-shadow-spring:5.1.3-SNAPSHOT
[ERROR] Failed to determine Java version for profile jdk11+ @ org.apache.shardingsphere:shardingsphere:5.1.3-SNAPSHOT, /root/workspace/apache-shardingsphere-master-18892_repo/pom.xml

10:36:20.481 [main] ERROR f.i.s.r.process.maven.MavenHelper - Error while building complete model. The raw model will be used. Error message: 1 problem was encountered while building the effective model for org.apache.shardingsphere:shardingsphere-agent:5.1.3-SNAPSHOT
[ERROR] Failed to determine Java version for profile jdk11+ @ org.apache.shardingsphere:shardingsphere:5.1.3-SNAPSHOT, /root/workspace/apache-shardingsphere-master-18892_repo/pom.xml

10:36:20.484 [main] ERROR f.i.s.r.process.maven.MavenHelper - Error while building complete model. The raw model will be used. Error message: 1 problem was encountered while building the effective model for org.apache.shardingsphere:shardingsphere-agent-plugins:5.1.3-SNAPSHOT
[ERROR] Failed to determine Java version for profile jdk11+ @ org.apache.shardingsphere:shardingsphere:5.1.3-SNAPSHOT, /root/workspace/apache-shardingsphere-master-18892_repo/pom.xml

10:36:20.487 [main] ERROR f.i.s.r.process.maven.MavenHelper - Error while building complete model. The raw model will be used. Error message: 1 problem was encountered while building the effective model for org.apache.shardingsphere:shardingsphere-agent-plugin-metrics:5.1.3-SNAPSHOT
[ERROR] Failed to determine Java version for profile jdk11+ @ org.apache.shardingsphere:shardingsphere:5.1.3-SNAPSHOT, /root/workspace/apache-shardingsphere-master-18892_repo/pom.xml

10:36:20.490 [main] ERROR f.i.s.r.process.maven.MavenHelper - Error while building complete model. The raw model will be used. Error message: 1 problem was encountered while building the effective model for org.apache.shardingsphere:shardingsphere-agent-plugin-tracing:5.1.3-SNAPSHOT
[ERROR] Failed to determine Java version for profile jdk11+ @ org.apache.shardingsphere:shardingsphere:5.1.3-SNAPSHOT, /root/workspace/apache-shardingsphere-master-18892_repo/pom.xml

10:36:20.493 [main] ERROR f.i.s.r.process.maven.MavenHelper - Error while building complete model. The raw model will be used. Error message: 1 problem was encountered while building the effective model for org.apache.shardingsphere:shardingsphere-agent-plugin-logging:5.1.3-SNAPSHOT
[ERROR] Failed to determine Java version for profile jdk11+ @ org.apache.shardingsphere:shardingsphere:5.1.3-SNAPSHOT, /root/workspace/apache-shardingsphere-master-18892_repo/pom.xml

10:36:20.496 [main] ERROR f.i.s.r.process.maven.MavenHelper - Error while building complete model. The raw model will be used. Error message: 1 problem was encountered while building the effective model for org.apache.shardingsphere:shardingsphere-agent-distribution:5.1.3-SNAPSHOT
[ERROR] Failed to determine Java version for profile jdk11+ @ org.apache.shardingsphere:shardingsphere:5.1.3-SNAPSHOT, /root/workspace/apache-shardingsphere-master-18892_repo/pom.xml

10:36:20.497 [main] ERROR f.i.s.r.p.s.paths.ComputeSourceDir - The source directory is not at default location or specified in build section from pom.xml, and no parent can be found.
10:36:20.499 [main] ERROR f.i.s.r.process.maven.MavenHelper - Error while building complete model. The raw model will be used. Error message: 1 problem was encountered while building the effective model for org.apache.shardingsphere:shardingsphere-test:5.1.3-SNAPSHOT
[ERROR] Failed to determine Java version for profile jdk11+ @ org.apache.shardingsphere:shardingsphere:5.1.3-SNAPSHOT, /root/workspace/apache-shardingsphere-master-18892_repo/pom.xml

10:36:20.502 [main] ERROR f.i.s.r.process.maven.MavenHelper - Error while building complete model. The raw model will be used. Error message: 1 problem was encountered while building the effective model for org.apache.shardingsphere:shardingsphere-integration-test:5.1.3-SNAPSHOT
[ERROR] Failed to determine Java version for profile jdk11+ @ org.apache.shardingsphere:shardingsphere:5.1.3-SNAPSHOT, /root/workspace/apache-shardingsphere-master-18892_repo/pom.xml

10:36:20.504 [main] ERROR f.i.s.r.process.maven.MavenHelper - Error while building complete model. The raw model will be used. Error message: 1 problem was encountered while building the effective model for org.apache.shardingsphere:shardingsphere-integration-test-fixture:5.1.3-SNAPSHOT
[ERROR] Failed to determine Java version for profile jdk11+ @ org.apache.shardingsphere:shardingsphere:5.1.3-SNAPSHOT, /root/workspace/apache-shardingsphere-master-18892_repo/pom.xml

10:36:20.505 [main] ERROR f.i.s.r.p.s.paths.ComputeSourceDir - The source directory is not at default location or specified in build section from pom.xml, and no parent can be found.
10:36:20.507 [main] ERROR f.i.s.r.process.maven.MavenHelper - Error while building complete model. The raw model will be used. Error message: 1 problem was encountered while building the effective model for org.apache.shardingsphere:shardingsphere-integration-test-env:5.1.3-SNAPSHOT
[ERROR] Failed to determine Java version for profile jdk11+ @ org.apache.shardingsphere:shardingsphere:5.1.3-SNAPSHOT, /root/workspace/apache-shardingsphere-master-18892_repo/pom.xml

10:36:20.508 [main] ERROR f.i.s.r.p.s.paths.ComputeSourceDir - The source directory is not at default location or specified in build section from pom.xml, and no parent can be found.
10:36:20.510 [main] ERROR f.i.s.r.process.maven.MavenHelper - Error while building complete model. The raw model will be used. Error message: 1 problem was encountered while building the effective model for org.apache.shardingsphere:shardingsphere-integration-test-suite:5.1.3-SNAPSHOT
[ERROR] Failed to determine Java version for profile jdk11+ @ org.apache.shardingsphere:shardingsphere:5.1.3-SNAPSHOT, /root/workspace/apache-shardingsphere-master-18892_repo/pom.xml

10:36:20.510 [main] ERROR f.i.s.r.p.s.paths.ComputeSourceDir - The source directory is not at default location or specified in build section from pom.xml, and no parent can be found.
10:36:20.513 [main] ERROR f.i.s.r.process.maven.MavenHelper - Error while building complete model. The raw model will be used. Error message: 1 problem was encountered while building the effective model for org.apache.shardingsphere:shardingsphere-integration-test-scaling:5.1.3-SNAPSHOT
[ERROR] Failed to determine Java version for profile jdk11+ @ org.apache.shardingsphere:shardingsphere:5.1.3-SNAPSHOT, /root/workspace/apache-shardingsphere-master-18892_repo/pom.xml

10:36:20.513 [main] ERROR f.i.s.r.p.s.paths.ComputeSourceDir - The source directory is not at default location or specified in build section from pom.xml, and no parent can be found.
10:36:20.513 [main] ERROR f.i.s.r.p.s.paths.ComputeSourceDir - The source directory is not at default location or specified in build section from pom.xml, and no parent can be found.
10:36:20.516 [main] ERROR f.i.s.r.process.maven.MavenHelper - Error while building complete model. The raw model will be used. Error message: 1 problem was encountered while building the effective model for org.apache.shardingsphere:shardingsphere-integration-driver-test:5.1.3-SNAPSHOT
[ERROR] Failed to determine Java version for profile jdk11+ @ org.apache.shardingsphere:shardingsphere:5.1.3-SNAPSHOT, /root/workspace/apache-shardingsphere-master-18892_repo/pom.xml

10:36:20.516 [main] ERROR f.i.s.r.p.s.paths.ComputeSourceDir - The source directory is not at default location or specified in build section from pom.xml, and no parent can be found.
10:36:20.518 [main] ERROR f.i.s.r.process.maven.MavenHelper - Error while building complete model. The raw model will be used. Error message: 1 problem was encountered while building the effective model for org.apache.shardingsphere:shardingsphere-integration-agent-test:5.1.3-SNAPSHOT
[ERROR] Failed to determine Java version for profile jdk11+ @ org.apache.shardingsphere:shardingsphere:5.1.3-SNAPSHOT, /root/workspace/apache-shardingsphere-master-18892_repo/pom.xml

10:36:20.521 [main] ERROR f.i.s.r.process.maven.MavenHelper - Error while building complete model. The raw model will be used. Error message: 1 problem was encountered while building the effective model for org.apache.shardingsphere:shardingsphere-integration-agent-test-plugins:5.1.3-SNAPSHOT
[ERROR] Failed to determine Java version for profile jdk11+ @ org.apache.shardingsphere:shardingsphere:5.1.3-SNAPSHOT, /root/workspace/apache-shardingsphere-master-18892_repo/pom.xml

10:36:20.524 [main] ERROR f.i.s.r.process.maven.MavenHelper - Error while building complete model. The raw model will be used. Error message: 1 problem was encountered while building the effective model for org.apache.shardingsphere:shardingsphere-integration-agent-test-metrics:5.1.3-SNAPSHOT
[ERROR] Failed to determine Java version for profile jdk11+ @ org.apache.shardingsphere:shardingsphere:5.1.3-SNAPSHOT, /root/workspace/apache-shardingsphere-master-18892_repo/pom.xml

10:36:20.525 [main] ERROR f.i.s.r.p.s.paths.ComputeSourceDir - The source directory is not at default location or specified in build section from pom.xml, and no parent can be found.
10:36:20.528 [main] ERROR f.i.s.r.process.maven.MavenHelper - Error while building complete model. The raw model will be used. Error message: 1 problem was encountered while building the effective model for org.apache.shardingsphere:shardingsphere-integration-agent-test-common:5.1.3-SNAPSHOT
[ERROR] Failed to determine Java version for profile jdk11+ @ org.apache.shardingsphere:shardingsphere:5.1.3-SNAPSHOT, /root/workspace/apache-shardingsphere-master-18892_repo/pom.xml

10:36:20.528 [main] ERROR f.i.s.r.p.s.paths.ComputeSourceDir - The source directory is not at default location or specified in build section from pom.xml, and no parent can be found.
10:36:20.531 [main] ERROR f.i.s.r.process.maven.MavenHelper - Error while building complete model. The raw model will be used. Error message: 1 problem was encountered while building the effective model for org.apache.shardingsphere:shardingsphere-integration-agent-test-zipkin:5.1.3-SNAPSHOT
[ERROR] Failed to determine Java version for profile jdk11+ @ org.apache.shardingsphere:shardingsphere:5.1.3-SNAPSHOT, /root/workspace/apache-shardingsphere-master-18892_repo/pom.xml

10:36:20.531 [main] ERROR f.i.s.r.p.s.paths.ComputeSourceDir - The source directory is not at default location or specified in build section from pom.xml, and no parent can be found.
10:36:20.534 [main] ERROR f.i.s.r.process.maven.MavenHelper - Error while building complete model. The raw model will be used. Error message: 1 problem was encountered while building the effective model for org.apache.shardingsphere:shardingsphere-integration-agent-test-jaeger:5.1.3-SNAPSHOT
[ERROR] Failed to determine Java version for profile jdk11+ @ org.apache.shardingsphere:shardingsphere:5.1.3-SNAPSHOT, /root/workspace/apache-shardingsphere-master-18892_repo/pom.xml

10:36:20.534 [main] ERROR f.i.s.r.p.s.paths.ComputeSourceDir - The source directory is not at default location or specified in build section from pom.xml, and no parent can be found.
10:36:20.537 [main] ERROR f.i.s.r.process.maven.MavenHelper - Error while building complete model. The raw model will be used. Error message: 1 problem was encountered while building the effective model for org.apache.shardingsphere:shardingsphere-integration-agent-test-opentelemetry:5.1.3-SNAPSHOT
[ERROR] Failed to determine Java version for profile jdk11+ @ org.apache.shardingsphere:shardingsphere:5.1.3-SNAPSHOT, /root/workspace/apache-shardingsphere-master-18892_repo/pom.xml

10:36:20.537 [main] ERROR f.i.s.r.p.s.paths.ComputeSourceDir - The source directory is not at default location or specified in build section from pom.xml, and no parent can be found.
10:36:20.538 [main] ERROR f.i.s.r.p.s.paths.ComputeSourceDir - The source directory is not at default location or specified in build section from pom.xml, and no parent can be found.
10:36:20.538 [main] ERROR f.i.s.r.p.s.paths.ComputeSourceDir - The source directory is not at default location or specified in build section from pom.xml, and no parent can be found.
10:36:20.540 [main] ERROR f.i.s.r.process.maven.MavenHelper - Error while building complete model. The raw model will be used. Error message: 1 problem was encountered while building the effective model for org.apache.shardingsphere:shardingsphere-rewrite-test:5.1.3-SNAPSHOT
[ERROR] Failed to determine Java version for profile jdk11+ @ org.apache.shardingsphere:shardingsphere:5.1.3-SNAPSHOT, /root/workspace/apache-shardingsphere-master-18892_repo/pom.xml

10:36:20.540 [main] ERROR f.i.s.r.p.s.paths.ComputeSourceDir - The source directory is not at default location or specified in build section from pom.xml, and no parent can be found.
10:36:20.543 [main] ERROR f.i.s.r.process.maven.MavenHelper - Error while building complete model. The raw model will be used. Error message: 1 problem was encountered while building the effective model for org.apache.shardingsphere:shardingsphere-optimize-test:5.1.3-SNAPSHOT
[ERROR] Failed to determine Java version for profile jdk11+ @ org.apache.shardingsphere:shardingsphere:5.1.3-SNAPSHOT, /root/workspace/apache-shardingsphere-master-18892_repo/pom.xml

10:36:20.543 [main] ERROR f.i.s.r.p.s.paths.ComputeSourceDir - The source directory is not at default location or specified in build section from pom.xml, and no parent can be found.
10:36:20.545 [main] ERROR f.i.s.r.process.maven.MavenHelper - Error while building complete model. The raw model will be used. Error message: 1 problem was encountered while building the effective model for org.apache.shardingsphere:shardingsphere-pipeline-test:5.1.3-SNAPSHOT
[ERROR] Failed to determine Java version for profile jdk11+ @ org.apache.shardingsphere:shardingsphere:5.1.3-SNAPSHOT, /root/workspace/apache-shardingsphere-master-18892_repo/pom.xml

10:36:20.545 [main] ERROR f.i.s.r.p.s.paths.ComputeSourceDir - The source directory is not at default location or specified in build section from pom.xml, and no parent can be found.
10:36:20.548 [main] ERROR f.i.s.r.process.maven.MavenHelper - Error while building complete model. The raw model will be used. Error message: 1 problem was encountered while building the effective model for org.apache.shardingsphere:shardingsphere-distribution:5.1.3-SNAPSHOT
[ERROR] Failed to determine Java version for profile jdk11+ @ org.apache.shardingsphere:shardingsphere:5.1.3-SNAPSHOT, /root/workspace/apache-shardingsphere-master-18892_repo/pom.xml

10:36:20.550 [main] ERROR f.i.s.r.process.maven.MavenHelper - Error while building complete model. The raw model will be used. Error message: 1 problem was encountered while building the effective model for org.apache.shardingsphere:shardingsphere-src-distribution:5.1.3-SNAPSHOT
[ERROR] Failed to determine Java version for profile jdk11+ @ org.apache.shardingsphere:shardingsphere:5.1.3-SNAPSHOT, /root/workspace/apache-shardingsphere-master-18892_repo/pom.xml

10:36:20.550 [main] ERROR f.i.s.r.p.s.paths.ComputeSourceDir - The source directory is not at default location or specified in build section from pom.xml, and no parent can be found.
10:36:20.553 [main] ERROR f.i.s.r.process.maven.MavenHelper - Error while building complete model. The raw model will be used. Error message: 1 problem was encountered while building the effective model for org.apache.shardingsphere:shardingsphere-jdbc-distribution:5.1.3-SNAPSHOT
[ERROR] Failed to determine Java version for profile jdk11+ @ org.apache.shardingsphere:shardingsphere:5.1.3-SNAPSHOT, /root/workspace/apache-shardingsphere-master-18892_repo/pom.xml

10:36:20.553 [main] ERROR f.i.s.r.p.s.paths.ComputeSourceDir - The source directory is not at default location or specified in build section from pom.xml, and no parent can be found.
10:36:20.555 [main] ERROR f.i.s.r.process.maven.MavenHelper - Error while building complete model. The raw model will be used. Error message: 1 problem was encountered while building the effective model for org.apache.shardingsphere:shardingsphere-proxy-distribution:5.1.3-SNAPSHOT
[ERROR] Failed to determine Java version for profile jdk11+ @ org.apache.shardingsphere:shardingsphere:5.1.3-SNAPSHOT, /root/workspace/apache-shardingsphere-master-18892_repo/pom.xml

10:36:20.556 [main] ERROR f.i.s.r.p.s.paths.ComputeSourceDir - The source directory is not at default location or specified in build section from pom.xml, and no parent can be found.
10:36:20.556 [main] ERROR f.i.s.r.p.s.paths.ComputeSourceDir - The source directory is not at default location or specified in build section from pom.xml, and no parent can be found.
10:36:20.556 [main] INFO  f.i.s.r.p.s.paths.ComputeSourceDir - 136 source dirs were found:
10:36:20.556 [main] INFO  f.i.s.r.p.s.paths.ComputeSourceDir - /root/workspace/apache-shardingsphere-master-18892_repo/shardingsphere-agent/shardingsphere-agent-api/src/main/java
10:36:20.556 [main] INFO  f.i.s.r.p.s.paths.ComputeSourceDir - /root/workspace/apache-shardingsphere-master-18892_repo/shardingsphere-agent/shardingsphere-agent-bootstrap/src/main/java
10:36:20.556 [main] INFO  f.i.s.r.p.s.paths.ComputeSourceDir - /root/workspace/apache-shardingsphere-master-18892_repo/shardingsphere-agent/shardingsphere-agent-core/src/main/java
10:36:20.556 [main] INFO  f.i.s.r.p.s.paths.ComputeSourceDir - /root/workspace/apache-shardingsphere-master-18892_repo/shardingsphere-agent/shardingsphere-agent-plugins/shardingsphere-agent-plugin-logging/shardingsphere-agent-logging-base/src/main/java
10:36:20.556 [main] INFO  f.i.s.r.p.s.paths.ComputeSourceDir - /root/workspace/apache-shardingsphere-master-18892_repo/shardingsphere-agent/shardingsphere-agent-plugins/shardingsphere-agent-plugin-metrics/shardingsphere-agent-metrics-api/src/main/java
10:36:20.556 [main] INFO  f.i.s.r.p.s.paths.ComputeSourceDir - /root/workspace/apache-shardingsphere-master-18892_repo/shardingsphere-agent/shardingsphere-agent-plugins/shardingsphere-agent-plugin-metrics/shardingsphere-agent-metrics-prometheus/src/main/java
10:36:20.556 [main] INFO  f.i.s.r.p.s.paths.ComputeSourceDir - /root/workspace/apache-shardingsphere-master-18892_repo/shardingsphere-agent/shardingsphere-agent-plugins/shardingsphere-agent-plugin-tracing/shardingsphere-agent-tracing-jaeger/src/main/java
10:36:20.556 [main] INFO  f.i.s.r.p.s.paths.ComputeSourceDir - /root/workspace/apache-shardingsphere-master-18892_repo/shardingsphere-agent/shardingsphere-agent-plugins/shardingsphere-agent-plugin-tracing/shardingsphere-agent-tracing-opentelemetry/src/main/java
10:36:20.556 [main] INFO  f.i.s.r.p.s.paths.ComputeSourceDir - /root/workspace/apache-shardingsphere-master-18892_repo/shardingsphere-agent/shardingsphere-agent-plugins/shardingsphere-agent-plugin-tracing/shardingsphere-agent-tracing-opentracing/src/main/java
10:36:20.556 [main] INFO  f.i.s.r.p.s.paths.ComputeSourceDir - /root/workspace/apache-shardingsphere-master-18892_repo/shardingsphere-agent/shardingsphere-agent-plugins/shardingsphere-agent-plugin-tracing/shardingsphere-agent-tracing-test/src/main/java
10:36:20.556 [main] INFO  f.i.s.r.p.s.paths.ComputeSourceDir - /root/workspace/apache-shardingsphere-master-18892_repo/shardingsphere-agent/shardingsphere-agent-plugins/shardingsphere-agent-plugin-tracing/shardingsphere-agent-tracing-zipkin/src/main/java
10:36:20.556 [main] INFO  f.i.s.r.p.s.paths.ComputeSourceDir - /root/workspace/apache-shardingsphere-master-18892_repo/shardingsphere-db-protocol/shardingsphere-db-protocol-core/src/main/java
10:36:20.556 [main] INFO  f.i.s.r.p.s.paths.ComputeSourceDir - /root/workspace/apache-shardingsphere-master-18892_repo/shardingsphere-db-protocol/shardingsphere-db-protocol-mysql/src/main/java
10:36:20.556 [main] INFO  f.i.s.r.p.s.paths.ComputeSourceDir - /root/workspace/apache-shardingsphere-master-18892_repo/shardingsphere-db-protocol/shardingsphere-db-protocol-opengauss/src/main/java
10:36:20.556 [main] INFO  f.i.s.r.p.s.paths.ComputeSourceDir - /root/workspace/apache-shardingsphere-master-18892_repo/shardingsphere-db-protocol/shardingsphere-db-protocol-postgresql/src/main/java
10:36:20.556 [main] INFO  f.i.s.r.p.s.paths.ComputeSourceDir - /root/workspace/apache-shardingsphere-master-18892_repo/shardingsphere-distsql/shardingsphere-distsql-parser/src/main/java
10:36:20.556 [main] INFO  f.i.s.r.p.s.paths.ComputeSourceDir - /root/workspace/apache-shardingsphere-master-18892_repo/shardingsphere-distsql/shardingsphere-distsql-statement/src/main/java
10:36:20.556 [main] INFO  f.i.s.r.p.s.paths.ComputeSourceDir - /root/workspace/apache-shardingsphere-master-18892_repo/shardingsphere-features/shardingsphere-db-discovery/shardingsphere-db-discovery-api/src/main/java
10:36:20.556 [main] INFO  f.i.s.r.p.s.paths.ComputeSourceDir - /root/workspace/apache-shardingsphere-master-18892_repo/shardingsphere-features/shardingsphere-db-discovery/shardingsphere-db-discovery-core/src/main/java
10:36:20.556 [main] INFO  f.i.s.r.p.s.paths.ComputeSourceDir - /root/workspace/apache-shardingsphere-master-18892_repo/shardingsphere-features/shardingsphere-db-discovery/shardingsphere-db-discovery-distsql/shardingsphere-db-discovery-distsql-handler/src/main/java
10:36:20.556 [main] INFO  f.i.s.r.p.s.paths.ComputeSourceDir - /root/workspace/apache-shardingsphere-master-18892_repo/shardingsphere-features/shardingsphere-db-discovery/shardingsphere-db-discovery-distsql/shardingsphere-db-discovery-distsql-parser/src/main/java
10:36:20.556 [main] INFO  f.i.s.r.p.s.paths.ComputeSourceDir - /root/workspace/apache-shardingsphere-master-18892_repo/shardingsphere-features/shardingsphere-db-discovery/shardingsphere-db-discovery-distsql/shardingsphere-db-discovery-distsql-statement/src/main/java
10:36:20.556 [main] INFO  f.i.s.r.p.s.paths.ComputeSourceDir - /root/workspace/apache-shardingsphere-master-18892_repo/shardingsphere-features/shardingsphere-db-discovery/shardingsphere-db-discovery-provider/shardingsphere-db-discovery-mysql/src/main/java
10:36:20.556 [main] INFO  f.i.s.r.p.s.paths.ComputeSourceDir - /root/workspace/apache-shardingsphere-master-18892_repo/shardingsphere-features/shardingsphere-db-discovery/shardingsphere-db-discovery-provider/shardingsphere-db-discovery-opengauss/src/main/java
10:36:20.556 [main] INFO  f.i.s.r.p.s.paths.ComputeSourceDir - /root/workspace/apache-shardingsphere-master-18892_repo/shardingsphere-features/shardingsphere-db-discovery/shardingsphere-db-discovery-spring/shardingsphere-db-discovery-spring-boot-starter/src/main/java
10:36:20.556 [main] INFO  f.i.s.r.p.s.paths.ComputeSourceDir - /root/workspace/apache-shardingsphere-master-18892_repo/shardingsphere-features/shardingsphere-db-discovery/shardingsphere-db-discovery-spring/shardingsphere-db-discovery-spring-namespace/src/main/java
10:36:20.556 [main] INFO  f.i.s.r.p.s.paths.ComputeSourceDir - /root/workspace/apache-shardingsphere-master-18892_repo/shardingsphere-features/shardingsphere-encrypt/shardingsphere-encrypt-api/src/main/java
10:36:20.556 [main] INFO  f.i.s.r.p.s.paths.ComputeSourceDir - /root/workspace/apache-shardingsphere-master-18892_repo/shardingsphere-features/shardingsphere-encrypt/shardingsphere-encrypt-core/src/main/java
10:36:20.556 [main] INFO  f.i.s.r.p.s.paths.ComputeSourceDir - /root/workspace/apache-shardingsphere-master-18892_repo/shardingsphere-features/shardingsphere-encrypt/shardingsphere-encrypt-distsql/shardingsphere-encrypt-distsql-handler/src/main/java
10:36:20.556 [main] INFO  f.i.s.r.p.s.paths.ComputeSourceDir - /root/workspace/apache-shardingsphere-master-18892_repo/shardingsphere-features/shardingsphere-encrypt/shardingsphere-encrypt-distsql/shardingsphere-encrypt-distsql-parser/src/main/java
10:36:20.556 [main] INFO  f.i.s.r.p.s.paths.ComputeSourceDir - /root/workspace/apache-shardingsphere-master-18892_repo/shardingsphere-features/shardingsphere-encrypt/shardingsphere-encrypt-distsql/shardingsphere-encrypt-distsql-statement/src/main/java
10:36:20.556 [main] INFO  f.i.s.r.p.s.paths.ComputeSourceDir - /root/workspace/apache-shardingsphere-master-18892_repo/shardingsphere-features/shardingsphere-encrypt/shardingsphere-encrypt-plugin/shardingsphere-encrypt-sm/src/main/java
10:36:20.556 [main] INFO  f.i.s.r.p.s.paths.ComputeSourceDir - /root/workspace/apache-shardingsphere-master-18892_repo/shardingsphere-features/shardingsphere-encrypt/shardingsphere-encrypt-spring/shardingsphere-encrypt-spring-boot-starter/src/main/java
10:36:20.556 [main] INFO  f.i.s.r.p.s.paths.ComputeSourceDir - /root/workspace/apache-shardingsphere-master-18892_repo/shardingsphere-features/shardingsphere-encrypt/shardingsphere-encrypt-spring/shardingsphere-encrypt-spring-namespace/src/main/java
10:36:20.557 [main] INFO  f.i.s.r.p.s.paths.ComputeSourceDir - /root/workspace/apache-shardingsphere-master-18892_repo/shardingsphere-features/shardingsphere-readwrite-splitting/shardingsphere-readwrite-splitting-api/src/main/java
10:36:20.557 [main] INFO  f.i.s.r.p.s.paths.ComputeSourceDir - /root/workspace/apache-shardingsphere-master-18892_repo/shardingsphere-features/shardingsphere-readwrite-splitting/shardingsphere-readwrite-splitting-core/src/main/java
10:36:20.557 [main] INFO  f.i.s.r.p.s.paths.ComputeSourceDir - /root/workspace/apache-shardingsphere-master-18892_repo/shardingsphere-features/shardingsphere-readwrite-splitting/shardingsphere-readwrite-splitting-distsql/shardingsphere-readwrite-splitting-distsql-handler/src/main/java
10:36:20.557 [main] INFO  f.i.s.r.p.s.paths.ComputeSourceDir - /root/workspace/apache-shardingsphere-master-18892_repo/shardingsphere-features/shardingsphere-readwrite-splitting/shardingsphere-readwrite-splitting-distsql/shardingsphere-readwrite-splitting-distsql-parser/src/main/java
10:36:20.557 [main] INFO  f.i.s.r.p.s.paths.ComputeSourceDir - /root/workspace/apache-shardingsphere-master-18892_repo/shardingsphere-features/shardingsphere-readwrite-splitting/shardingsphere-readwrite-splitting-distsql/shardingsphere-readwrite-splitting-distsql-statement/src/main/java
10:36:20.557 [main] INFO  f.i.s.r.p.s.paths.ComputeSourceDir - /root/workspace/apache-shardingsphere-master-18892_repo/shardingsphere-features/shardingsphere-readwrite-splitting/shardingsphere-readwrite-splitting-spring/shardingsphere-readwrite-splitting-spring-boot-starter/src/main/java
10:36:20.557 [main] INFO  f.i.s.r.p.s.paths.ComputeSourceDir - /root/workspace/apache-shardingsphere-master-18892_repo/shardingsphere-features/shardingsphere-readwrite-splitting/shardingsphere-readwrite-splitting-spring/shardingsphere-readwrite-splitting-spring-namespace/src/main/java
10:36:20.557 [main] INFO  f.i.s.r.p.s.paths.ComputeSourceDir - /root/workspace/apache-shardingsphere-master-18892_repo/shardingsphere-features/shardingsphere-shadow/shardingsphere-shadow-api/src/main/java
10:36:20.557 [main] INFO  f.i.s.r.p.s.paths.ComputeSourceDir - /root/workspace/apache-shardingsphere-master-18892_repo/shardingsphere-features/shardingsphere-shadow/shardingsphere-shadow-core/src/main/java
10:36:20.557 [main] INFO  f.i.s.r.p.s.paths.ComputeSourceDir - /root/workspace/apache-shardingsphere-master-18892_repo/shardingsphere-features/shardingsphere-shadow/shardingsphere-shadow-distsql/shardingsphere-shadow-distsql-handler/src/main/java
10:36:20.557 [main] INFO  f.i.s.r.p.s.paths.ComputeSourceDir - /root/workspace/apache-shardingsphere-master-18892_repo/shardingsphere-features/shardingsphere-shadow/shardingsphere-shadow-distsql/shardingsphere-shadow-distsql-parser/src/main/java
10:36:20.557 [main] INFO  f.i.s.r.p.s.paths.ComputeSourceDir - /root/workspace/apache-shardingsphere-master-18892_repo/shardingsphere-features/shardingsphere-shadow/shardingsphere-shadow-distsql/shardingsphere-shadow-distsql-statement/src/main/java
10:36:20.557 [main] INFO  f.i.s.r.p.s.paths.ComputeSourceDir - /root/workspace/apache-shardingsphere-master-18892_repo/shardingsphere-features/shardingsphere-shadow/shardingsphere-shadow-spring/shardingsphere-shadow-spring-boot-starter/src/main/java
10:36:20.557 [main] INFO  f.i.s.r.p.s.paths.ComputeSourceDir - /root/workspace/apache-shardingsphere-master-18892_repo/shardingsphere-features/shardingsphere-shadow/shardingsphere-shadow-spring/shardingsphere-shadow-spring-namespace/src/main/java
10:36:20.557 [main] INFO  f.i.s.r.p.s.paths.ComputeSourceDir - /root/workspace/apache-shardingsphere-master-18892_repo/shardingsphere-features/shardingsphere-sharding/shardingsphere-sharding-api/src/main/java
10:36:20.557 [main] INFO  f.i.s.r.p.s.paths.ComputeSourceDir - /root/workspace/apache-shardingsphere-master-18892_repo/shardingsphere-features/shardingsphere-sharding/shardingsphere-sharding-core/src/main/java
10:36:20.557 [main] INFO  f.i.s.r.p.s.paths.ComputeSourceDir - /root/workspace/apache-shardingsphere-master-18892_repo/shardingsphere-features/shardingsphere-sharding/shardingsphere-sharding-distsql/shardingsphere-sharding-distsql-handler/src/main/java
10:36:20.557 [main] INFO  f.i.s.r.p.s.paths.ComputeSourceDir - /root/workspace/apache-shardingsphere-master-18892_repo/shardingsphere-features/shardingsphere-sharding/shardingsphere-sharding-distsql/shardingsphere-sharding-distsql-parser/src/main/java
10:36:20.557 [main] INFO  f.i.s.r.p.s.paths.ComputeSourceDir - /root/workspace/apache-shardingsphere-master-18892_repo/shardingsphere-features/shardingsphere-sharding/shardingsphere-sharding-distsql/shardingsphere-sharding-distsql-statement/src/main/java
10:36:20.557 [main] INFO  f.i.s.r.p.s.paths.ComputeSourceDir - /root/workspace/apache-shardingsphere-master-18892_repo/shardingsphere-features/shardingsphere-sharding/shardingsphere-sharding-plugin/shardingsphere-sharding-cosid/src/main/java
10:36:20.557 [main] INFO  f.i.s.r.p.s.paths.ComputeSourceDir - /root/workspace/apache-shardingsphere-master-18892_repo/shardingsphere-features/shardingsphere-sharding/shardingsphere-sharding-plugin/shardingsphere-sharding-nanoid/src/main/java
10:36:20.557 [main] INFO  f.i.s.r.p.s.paths.ComputeSourceDir - /root/workspace/apache-shardingsphere-master-18892_repo/shardingsphere-features/shardingsphere-sharding/shardingsphere-sharding-spring/shardingsphere-sharding-spring-boot-starter/src/main/java
10:36:20.557 [main] INFO  f.i.s.r.p.s.paths.ComputeSourceDir - /root/workspace/apache-shardingsphere-master-18892_repo/shardingsphere-features/shardingsphere-sharding/shardingsphere-sharding-spring/shardingsphere-sharding-spring-namespace/src/main/java
10:36:20.557 [main] INFO  f.i.s.r.p.s.paths.ComputeSourceDir - /root/workspace/apache-shardingsphere-master-18892_repo/shardingsphere-infra/shardingsphere-infra-binder/src/main/java
10:36:20.557 [main] INFO  f.i.s.r.p.s.paths.ComputeSourceDir - /root/workspace/apache-shardingsphere-master-18892_repo/shardingsphere-infra/shardingsphere-infra-common/src/main/java
10:36:20.557 [main] INFO  f.i.s.r.p.s.paths.ComputeSourceDir - /root/workspace/apache-shardingsphere-master-18892_repo/shardingsphere-infra/shardingsphere-infra-context/src/main/java
10:36:20.557 [main] INFO  f.i.s.r.p.s.paths.ComputeSourceDir - /root/workspace/apache-shardingsphere-master-18892_repo/shardingsphere-infra/shardingsphere-infra-datetime/shardingsphere-infra-datetime-spi/src/main/java
10:36:20.557 [main] INFO  f.i.s.r.p.s.paths.ComputeSourceDir - /root/workspace/apache-shardingsphere-master-18892_repo/shardingsphere-infra/shardingsphere-infra-datetime/shardingsphere-infra-datetime-type/shardingsphere-database-datetime/src/main/java
10:36:20.557 [main] INFO  f.i.s.r.p.s.paths.ComputeSourceDir - /root/workspace/apache-shardingsphere-master-18892_repo/shardingsphere-infra/shardingsphere-infra-datetime/shardingsphere-infra-datetime-type/shardingsphere-system-datetime/src/main/java
10:36:20.557 [main] INFO  f.i.s.r.p.s.paths.ComputeSourceDir - /root/workspace/apache-shardingsphere-master-18892_repo/shardingsphere-infra/shardingsphere-infra-executor/src/main/java
10:36:20.557 [main] INFO  f.i.s.r.p.s.paths.ComputeSourceDir - /root/workspace/apache-shardingsphere-master-18892_repo/shardingsphere-infra/shardingsphere-infra-federation/shardingsphere-infra-federation-executor/src/main/java
10:36:20.557 [main] INFO  f.i.s.r.p.s.paths.ComputeSourceDir - /root/workspace/apache-shardingsphere-master-18892_repo/shardingsphere-infra/shardingsphere-infra-federation/shardingsphere-infra-federation-optimizer/src/main/java
10:36:20.557 [main] INFO  f.i.s.r.p.s.paths.ComputeSourceDir - /root/workspace/apache-shardingsphere-master-18892_repo/shardingsphere-infra/shardingsphere-infra-merge/src/main/java
10:36:20.557 [main] INFO  f.i.s.r.p.s.paths.ComputeSourceDir - /root/workspace/apache-shardingsphere-master-18892_repo/shardingsphere-infra/shardingsphere-infra-parser/src/main/java
10:36:20.557 [main] INFO  f.i.s.r.p.s.paths.ComputeSourceDir - /root/workspace/apache-shardingsphere-master-18892_repo/shardingsphere-infra/shardingsphere-infra-rewrite/src/main/java
10:36:20.557 [main] INFO  f.i.s.r.p.s.paths.ComputeSourceDir - /root/workspace/apache-shardingsphere-master-18892_repo/shardingsphere-infra/shardingsphere-infra-route/src/main/java
10:36:20.557 [main] INFO  f.i.s.r.p.s.paths.ComputeSourceDir - /root/workspace/apache-shardingsphere-master-18892_repo/shardingsphere-jdbc/shardingsphere-jdbc-core/src/main/java
10:36:20.557 [main] INFO  f.i.s.r.p.s.paths.ComputeSourceDir - /root/workspace/apache-shardingsphere-master-18892_repo/shardingsphere-jdbc/shardingsphere-jdbc-spring/shardingsphere-jdbc-core-spring/shardingsphere-jdbc-core-spring-boot-starter/src/main/java
10:36:20.557 [main] INFO  f.i.s.r.p.s.paths.ComputeSourceDir - /root/workspace/apache-shardingsphere-master-18892_repo/shardingsphere-jdbc/shardingsphere-jdbc-spring/shardingsphere-jdbc-core-spring/shardingsphere-jdbc-core-spring-namespace/src/main/java
10:36:20.557 [main] INFO  f.i.s.r.p.s.paths.ComputeSourceDir - /root/workspace/apache-shardingsphere-master-18892_repo/shardingsphere-jdbc/shardingsphere-jdbc-spring/shardingsphere-jdbc-spring-infra/shardingsphere-jdbc-spring-boot-starter-infra/src/main/java
10:36:20.557 [main] INFO  f.i.s.r.p.s.paths.ComputeSourceDir - /root/workspace/apache-shardingsphere-master-18892_repo/shardingsphere-jdbc/shardingsphere-jdbc-spring/shardingsphere-jdbc-spring-infra/shardingsphere-jdbc-spring-namespace-infra/src/main/java
10:36:20.557 [main] INFO  f.i.s.r.p.s.paths.ComputeSourceDir - /root/workspace/apache-shardingsphere-master-18892_repo/shardingsphere-jdbc/shardingsphere-jdbc-spring/shardingsphere-jdbc-transaction-spring/src/main/java
10:36:20.557 [main] INFO  f.i.s.r.p.s.paths.ComputeSourceDir - /root/workspace/apache-shardingsphere-master-18892_repo/shardingsphere-kernel/shardingsphere-authority/shardingsphere-authority-api/src/main/java
10:36:20.557 [main] INFO  f.i.s.r.p.s.paths.ComputeSourceDir - /root/workspace/apache-shardingsphere-master-18892_repo/shardingsphere-kernel/shardingsphere-authority/shardingsphere-authority-core/src/main/java
10:36:20.557 [main] INFO  f.i.s.r.p.s.paths.ComputeSourceDir - /root/workspace/apache-shardingsphere-master-18892_repo/shardingsphere-kernel/shardingsphere-data-pipeline/shardingsphere-data-pipeline-api/src/main/java
10:36:20.557 [main] INFO  f.i.s.r.p.s.paths.ComputeSourceDir - /root/workspace/apache-shardingsphere-master-18892_repo/shardingsphere-kernel/shardingsphere-data-pipeline/shardingsphere-data-pipeline-core/src/main/java
10:36:20.557 [main] INFO  f.i.s.r.p.s.paths.ComputeSourceDir - /root/workspace/apache-shardingsphere-master-18892_repo/shardingsphere-kernel/shardingsphere-data-pipeline/shardingsphere-data-pipeline-dialect/shardingsphere-data-pipeline-mysql/src/main/java
10:36:20.557 [main] INFO  f.i.s.r.p.s.paths.ComputeSourceDir - /root/workspace/apache-shardingsphere-master-18892_repo/shardingsphere-kernel/shardingsphere-data-pipeline/shardingsphere-data-pipeline-dialect/shardingsphere-data-pipeline-opengauss/src/main/java
10:36:20.557 [main] INFO  f.i.s.r.p.s.paths.ComputeSourceDir - /root/workspace/apache-shardingsphere-master-18892_repo/shardingsphere-kernel/shardingsphere-data-pipeline/shardingsphere-data-pipeline-dialect/shardingsphere-data-pipeline-postgresql/src/main/java
10:36:20.557 [main] INFO  f.i.s.r.p.s.paths.ComputeSourceDir - /root/workspace/apache-shardingsphere-master-18892_repo/shardingsphere-kernel/shardingsphere-parser/shardingsphere-parser-api/src/main/java
10:36:20.557 [main] INFO  f.i.s.r.p.s.paths.ComputeSourceDir - /root/workspace/apache-shardingsphere-master-18892_repo/shardingsphere-kernel/shardingsphere-parser/shardingsphere-parser-core/src/main/java
10:36:20.557 [main] INFO  f.i.s.r.p.s.paths.ComputeSourceDir - /root/workspace/apache-shardingsphere-master-18892_repo/shardingsphere-kernel/shardingsphere-parser/shardingsphere-parser-spring/shardingsphere-parser-spring-boot-starter/src/main/java
10:36:20.557 [main] INFO  f.i.s.r.p.s.paths.ComputeSourceDir - /root/workspace/apache-shardingsphere-master-18892_repo/shardingsphere-kernel/shardingsphere-parser/shardingsphere-parser-spring/shardingsphere-parser-spring-namespace/src/main/java
10:36:20.557 [main] INFO  f.i.s.r.p.s.paths.ComputeSourceDir - /root/workspace/apache-shardingsphere-master-18892_repo/shardingsphere-kernel/shardingsphere-schedule/shardingsphere-schedule-core/src/main/java
10:36:20.557 [main] INFO  f.i.s.r.p.s.paths.ComputeSourceDir - /root/workspace/apache-shardingsphere-master-18892_repo/shardingsphere-kernel/shardingsphere-single-table/shardingsphere-single-table-api/src/main/java
10:36:20.557 [main] INFO  f.i.s.r.p.s.paths.ComputeSourceDir - /root/workspace/apache-shardingsphere-master-18892_repo/shardingsphere-kernel/shardingsphere-single-table/shardingsphere-single-table-core/src/main/java
10:36:20.557 [main] INFO  f.i.s.r.p.s.paths.ComputeSourceDir - /root/workspace/apache-shardingsphere-master-18892_repo/shardingsphere-kernel/shardingsphere-sql-translator/shardingsphere-sql-translator-api/src/main/java
10:36:20.557 [main] INFO  f.i.s.r.p.s.paths.ComputeSourceDir - /root/workspace/apache-shardingsphere-master-18892_repo/shardingsphere-kernel/shardingsphere-sql-translator/shardingsphere-sql-translator-core/src/main/java
10:36:20.557 [main] INFO  f.i.s.r.p.s.paths.ComputeSourceDir - /root/workspace/apache-shardingsphere-master-18892_repo/shardingsphere-kernel/shardingsphere-sql-translator/shardingsphere-sql-translator-provider/shardingsphere-sql-translator-jooq-provider/src/main/java
10:36:20.557 [main] INFO  f.i.s.r.p.s.paths.ComputeSourceDir - /root/workspace/apache-shardingsphere-master-18892_repo/shardingsphere-kernel/shardingsphere-sql-translator/shardingsphere-sql-translator-provider/shardingsphere-sql-translator-native-provider/src/main/java
10:36:20.557 [main] INFO  f.i.s.r.p.s.paths.ComputeSourceDir - /root/workspace/apache-shardingsphere-master-18892_repo/shardingsphere-kernel/shardingsphere-traffic/shardingsphere-traffic-api/src/main/java
10:36:20.557 [main] INFO  f.i.s.r.p.s.paths.ComputeSourceDir - /root/workspace/apache-shardingsphere-master-18892_repo/shardingsphere-kernel/shardingsphere-traffic/shardingsphere-traffic-core/src/main/java
10:36:20.557 [main] INFO  f.i.s.r.p.s.paths.ComputeSourceDir - /root/workspace/apache-shardingsphere-master-18892_repo/shardingsphere-kernel/shardingsphere-transaction/shardingsphere-transaction-api/src/main/java
10:36:20.557 [main] INFO  f.i.s.r.p.s.paths.ComputeSourceDir - /root/workspace/apache-shardingsphere-master-18892_repo/shardingsphere-kernel/shardingsphere-transaction/shardingsphere-transaction-core/src/main/java
10:36:20.557 [main] INFO  f.i.s.r.p.s.paths.ComputeSourceDir - /root/workspace/apache-shardingsphere-master-18892_repo/shardingsphere-kernel/shardingsphere-transaction/shardingsphere-transaction-type/shardingsphere-transaction-base/shardingsphere-transaction-base-seata-at/src/main/java
10:36:20.558 [main] INFO  f.i.s.r.p.s.paths.ComputeSourceDir - /root/workspace/apache-shardingsphere-master-18892_repo/shardingsphere-kernel/shardingsphere-transaction/shardingsphere-transaction-type/shardingsphere-transaction-xa/shardingsphere-transaction-xa-core/src/main/java
10:36:20.558 [main] INFO  f.i.s.r.p.s.paths.ComputeSourceDir - /root/workspace/apache-shardingsphere-master-18892_repo/shardingsphere-kernel/shardingsphere-transaction/shardingsphere-transaction-type/shardingsphere-transaction-xa/shardingsphere-transaction-xa-provider/shardingsphere-transaction-xa-atomikos/src/main/java
10:36:20.558 [main] INFO  f.i.s.r.p.s.paths.ComputeSourceDir - /root/workspace/apache-shardingsphere-master-18892_repo/shardingsphere-kernel/shardingsphere-transaction/shardingsphere-transaction-type/shardingsphere-transaction-xa/shardingsphere-transaction-xa-provider/shardingsphere-transaction-xa-bitronix/src/main/java
10:36:20.558 [main] INFO  f.i.s.r.p.s.paths.ComputeSourceDir - /root/workspace/apache-shardingsphere-master-18892_repo/shardingsphere-kernel/shardingsphere-transaction/shardingsphere-transaction-type/shardingsphere-transaction-xa/shardingsphere-transaction-xa-provider/shardingsphere-transaction-xa-narayana/src/main/java
10:36:20.558 [main] INFO  f.i.s.r.p.s.paths.ComputeSourceDir - /root/workspace/apache-shardingsphere-master-18892_repo/shardingsphere-kernel/shardingsphere-transaction/shardingsphere-transaction-type/shardingsphere-transaction-xa/shardingsphere-transaction-xa-spi/src/main/java
10:36:20.558 [main] INFO  f.i.s.r.p.s.paths.ComputeSourceDir - /root/workspace/apache-shardingsphere-master-18892_repo/shardingsphere-mode/shardingsphere-mode-core/src/main/java
10:36:20.558 [main] INFO  f.i.s.r.p.s.paths.ComputeSourceDir - /root/workspace/apache-shardingsphere-master-18892_repo/shardingsphere-mode/shardingsphere-mode-type/shardingsphere-cluster-mode/shardingsphere-cluster-mode-core/src/main/java
10:36:20.558 [main] INFO  f.i.s.r.p.s.paths.ComputeSourceDir - /root/workspace/apache-shardingsphere-master-18892_repo/shardingsphere-mode/shardingsphere-mode-type/shardingsphere-cluster-mode/shardingsphere-cluster-mode-repository/shardingsphere-cluster-mode-repository-api/src/main/java
10:36:20.558 [main] INFO  f.i.s.r.p.s.paths.ComputeSourceDir - /root/workspace/apache-shardingsphere-master-18892_repo/shardingsphere-mode/shardingsphere-mode-type/shardingsphere-cluster-mode/shardingsphere-cluster-mode-repository/shardingsphere-cluster-mode-repository-provider/shardingsphere-cluster-mode-repository-etcd/src/main/java
10:36:20.558 [main] INFO  f.i.s.r.p.s.paths.ComputeSourceDir - /root/workspace/apache-shardingsphere-master-18892_repo/shardingsphere-mode/shardingsphere-mode-type/shardingsphere-cluster-mode/shardingsphere-cluster-mode-repository/shardingsphere-cluster-mode-repository-provider/shardingsphere-cluster-mode-repository-zookeeper-curator/src/main/java
10:36:20.558 [main] INFO  f.i.s.r.p.s.paths.ComputeSourceDir - /root/workspace/apache-shardingsphere-master-18892_repo/shardingsphere-mode/shardingsphere-mode-type/shardingsphere-memory-mode/shardingsphere-memory-mode-core/src/main/java
10:36:20.558 [main] INFO  f.i.s.r.p.s.paths.ComputeSourceDir - /root/workspace/apache-shardingsphere-master-18892_repo/shardingsphere-mode/shardingsphere-mode-type/shardingsphere-standalone-mode/shardingsphere-standalone-mode-core/src/main/java
10:36:20.558 [main] INFO  f.i.s.r.p.s.paths.ComputeSourceDir - /root/workspace/apache-shardingsphere-master-18892_repo/shardingsphere-mode/shardingsphere-mode-type/shardingsphere-standalone-mode/shardingsphere-standalone-mode-repository/shardingsphere-standalone-mode-repository-api/src/main/java
10:36:20.558 [main] INFO  f.i.s.r.p.s.paths.ComputeSourceDir - /root/workspace/apache-shardingsphere-master-18892_repo/shardingsphere-mode/shardingsphere-mode-type/shardingsphere-standalone-mode/shardingsphere-standalone-mode-repository/shardingsphere-standalone-mode-repository-provider/shardingsphere-standalone-mode-repository-file/src/main/java
10:36:20.558 [main] INFO  f.i.s.r.p.s.paths.ComputeSourceDir - /root/workspace/apache-shardingsphere-master-18892_repo/shardingsphere-mode/shardingsphere-mode-type/shardingsphere-standalone-mode/shardingsphere-standalone-mode-repository/shardingsphere-standalone-mode-repository-provider/shardingsphere-standalone-mode-repository-h2/src/main/java
10:36:20.558 [main] INFO  f.i.s.r.p.s.paths.ComputeSourceDir - /root/workspace/apache-shardingsphere-master-18892_repo/shardingsphere-proxy/shardingsphere-proxy-backend/src/main/java
10:36:20.558 [main] INFO  f.i.s.r.p.s.paths.ComputeSourceDir - /root/workspace/apache-shardingsphere-master-18892_repo/shardingsphere-proxy/shardingsphere-proxy-bootstrap/src/main/java
10:36:20.558 [main] INFO  f.i.s.r.p.s.paths.ComputeSourceDir - /root/workspace/apache-shardingsphere-master-18892_repo/shardingsphere-proxy/shardingsphere-proxy-frontend/shardingsphere-proxy-frontend-core/src/main/java
10:36:20.558 [main] INFO  f.i.s.r.p.s.paths.ComputeSourceDir - /root/workspace/apache-shardingsphere-master-18892_repo/shardingsphere-proxy/shardingsphere-proxy-frontend/shardingsphere-proxy-frontend-mysql/src/main/java
10:36:20.558 [main] INFO  f.i.s.r.p.s.paths.ComputeSourceDir - /root/workspace/apache-shardingsphere-master-18892_repo/shardingsphere-proxy/shardingsphere-proxy-frontend/shardingsphere-proxy-frontend-opengauss/src/main/java
10:36:20.558 [main] INFO  f.i.s.r.p.s.paths.ComputeSourceDir - /root/workspace/apache-shardingsphere-master-18892_repo/shardingsphere-proxy/shardingsphere-proxy-frontend/shardingsphere-proxy-frontend-postgresql/src/main/java
10:36:20.558 [main] INFO  f.i.s.r.p.s.paths.ComputeSourceDir - /root/workspace/apache-shardingsphere-master-18892_repo/shardingsphere-proxy/shardingsphere-proxy-frontend/shardingsphere-proxy-frontend-reactive-core/src/main/java
10:36:20.558 [main] INFO  f.i.s.r.p.s.paths.ComputeSourceDir - /root/workspace/apache-shardingsphere-master-18892_repo/shardingsphere-proxy/shardingsphere-proxy-frontend/shardingsphere-proxy-frontend-reactive-mysql/src/main/java
10:36:20.558 [main] INFO  f.i.s.r.p.s.paths.ComputeSourceDir - /root/workspace/apache-shardingsphere-master-18892_repo/shardingsphere-proxy/shardingsphere-proxy-frontend/shardingsphere-proxy-frontend-reactive-spi/src/main/java
10:36:20.558 [main] INFO  f.i.s.r.p.s.paths.ComputeSourceDir - /root/workspace/apache-shardingsphere-master-18892_repo/shardingsphere-proxy/shardingsphere-proxy-frontend/shardingsphere-proxy-frontend-spi/src/main/java
10:36:20.558 [main] INFO  f.i.s.r.p.s.paths.ComputeSourceDir - /root/workspace/apache-shardingsphere-master-18892_repo/shardingsphere-spi/src/main/java
10:36:20.558 [main] INFO  f.i.s.r.p.s.paths.ComputeSourceDir - /root/workspace/apache-shardingsphere-master-18892_repo/shardingsphere-sql-parser/shardingsphere-sql-parser-dialect/shardingsphere-sql-parser-mysql/src/main/java
10:36:20.558 [main] INFO  f.i.s.r.p.s.paths.ComputeSourceDir - /root/workspace/apache-shardingsphere-master-18892_repo/shardingsphere-sql-parser/shardingsphere-sql-parser-dialect/shardingsphere-sql-parser-opengauss/src/main/java
10:36:20.558 [main] INFO  f.i.s.r.p.s.paths.ComputeSourceDir - /root/workspace/apache-shardingsphere-master-18892_repo/shardingsphere-sql-parser/shardingsphere-sql-parser-dialect/shardingsphere-sql-parser-oracle/src/main/java
10:36:20.558 [main] INFO  f.i.s.r.p.s.paths.ComputeSourceDir - /root/workspace/apache-shardingsphere-master-18892_repo/shardingsphere-sql-parser/shardingsphere-sql-parser-dialect/shardingsphere-sql-parser-postgresql/src/main/java
10:36:20.558 [main] INFO  f.i.s.r.p.s.paths.ComputeSourceDir - /root/workspace/apache-shardingsphere-master-18892_repo/shardingsphere-sql-parser/shardingsphere-sql-parser-dialect/shardingsphere-sql-parser-sql92/src/main/java
10:36:20.558 [main] INFO  f.i.s.r.p.s.paths.ComputeSourceDir - /root/workspace/apache-shardingsphere-master-18892_repo/shardingsphere-sql-parser/shardingsphere-sql-parser-dialect/shardingsphere-sql-parser-sqlserver/src/main/java
10:36:20.558 [main] INFO  f.i.s.r.p.s.paths.ComputeSourceDir - /root/workspace/apache-shardingsphere-master-18892_repo/shardingsphere-sql-parser/shardingsphere-sql-parser-engine/src/main/java
10:36:20.558 [main] INFO  f.i.s.r.p.s.paths.ComputeSourceDir - /root/workspace/apache-shardingsphere-master-18892_repo/shardingsphere-sql-parser/shardingsphere-sql-parser-spi/src/main/java
10:36:20.558 [main] INFO  f.i.s.r.p.s.paths.ComputeSourceDir - /root/workspace/apache-shardingsphere-master-18892_repo/shardingsphere-sql-parser/shardingsphere-sql-parser-statement/src/main/java
10:36:20.558 [main] INFO  f.i.s.r.p.s.paths.ComputeSourceDir - /root/workspace/apache-shardingsphere-master-18892_repo/shardingsphere-test/shardingsphere-parser-test/src/main/java
10:36:20.558 [main] INFO  f.i.s.r.p.s.paths.ComputeSourceDir - /root/workspace/apache-shardingsphere-master-18892_repo/shardingsphere-test/shardingsphere-test-common/src/main/java
10:36:20.560 [main] ERROR f.i.s.r.process.maven.MavenHelper - Error while building complete model. The raw model will be used. Error message: 1 problem was encountered while building the effective model for org.apache.shardingsphere:shardingsphere:5.1.3-SNAPSHOT
[ERROR] Failed to determine Java version for profile jdk11+ @ 

10:36:20.563 [main] ERROR f.i.s.r.process.maven.MavenHelper - Error while building complete model. The raw model will be used. Error message: 1 problem was encountered while building the effective model for org.apache.shardingsphere:shardingsphere-spi:5.1.3-SNAPSHOT
[ERROR] Failed to determine Java version for profile jdk11+ @ org.apache.shardingsphere:shardingsphere:5.1.3-SNAPSHOT, /root/workspace/apache-shardingsphere-master-18892_repo/pom.xml

10:36:20.565 [main] ERROR f.i.s.r.process.maven.MavenHelper - Error while building complete model. The raw model will be used. Error message: 1 problem was encountered while building the effective model for org.apache.shardingsphere:shardingsphere-sql-parser:5.1.3-SNAPSHOT
[ERROR] Failed to determine Java version for profile jdk11+ @ org.apache.shardingsphere:shardingsphere:5.1.3-SNAPSHOT, /root/workspace/apache-shardingsphere-master-18892_repo/pom.xml

10:36:20.567 [main] ERROR f.i.s.r.process.maven.MavenHelper - Error while building complete model. The raw model will be used. Error message: 1 problem was encountered while building the effective model for org.apache.shardingsphere:shardingsphere-sql-parser-spi:5.1.3-SNAPSHOT
[ERROR] Failed to determine Java version for profile jdk11+ @ org.apache.shardingsphere:shardingsphere:5.1.3-SNAPSHOT, /root/workspace/apache-shardingsphere-master-18892_repo/pom.xml

10:36:20.567 [main] ERROR f.i.s.r.p.step.paths.ComputeTestDir - The test directory is not at default location or specified in build section from pom.xml, and no parent can be found.
10:36:20.569 [main] ERROR f.i.s.r.process.maven.MavenHelper - Error while building complete model. The raw model will be used. Error message: 1 problem was encountered while building the effective model for org.apache.shardingsphere:shardingsphere-sql-parser-statement:5.1.3-SNAPSHOT
[ERROR] Failed to determine Java version for profile jdk11+ @ org.apache.shardingsphere:shardingsphere:5.1.3-SNAPSHOT, /root/workspace/apache-shardingsphere-master-18892_repo/pom.xml

10:36:20.571 [main] ERROR f.i.s.r.process.maven.MavenHelper - Error while building complete model. The raw model will be used. Error message: 1 problem was encountered while building the effective model for org.apache.shardingsphere:shardingsphere-sql-parser-engine:5.1.3-SNAPSHOT
[ERROR] Failed to determine Java version for profile jdk11+ @ org.apache.shardingsphere:shardingsphere:5.1.3-SNAPSHOT, /root/workspace/apache-shardingsphere-master-18892_repo/pom.xml

10:36:20.573 [main] ERROR f.i.s.r.process.maven.MavenHelper - Error while building complete model. The raw model will be used. Error message: 1 problem was encountered while building the effective model for org.apache.shardingsphere:shardingsphere-sql-parser-dialect:5.1.3-SNAPSHOT
[ERROR] Failed to determine Java version for profile jdk11+ @ org.apache.shardingsphere:shardingsphere:5.1.3-SNAPSHOT, /root/workspace/apache-shardingsphere-master-18892_repo/pom.xml

10:36:20.575 [main] ERROR f.i.s.r.process.maven.MavenHelper - Error while building complete model. The raw model will be used. Error message: 1 problem was encountered while building the effective model for org.apache.shardingsphere:shardingsphere-sql-parser-sql92:5.1.3-SNAPSHOT
[ERROR] Failed to determine Java version for profile jdk11+ @ org.apache.shardingsphere:shardingsphere:5.1.3-SNAPSHOT, /root/workspace/apache-shardingsphere-master-18892_repo/pom.xml

10:36:20.577 [main] ERROR f.i.s.r.process.maven.MavenHelper - Error while building complete model. The raw model will be used. Error message: 1 problem was encountered while building the effective model for org.apache.shardingsphere:shardingsphere-sql-parser-postgresql:5.1.3-SNAPSHOT
[ERROR] Failed to determine Java version for profile jdk11+ @ org.apache.shardingsphere:shardingsphere:5.1.3-SNAPSHOT, /root/workspace/apache-shardingsphere-master-18892_repo/pom.xml

10:36:20.580 [main] ERROR f.i.s.r.process.maven.MavenHelper - Error while building complete model. The raw model will be used. Error message: 1 problem was encountered while building the effective model for org.apache.shardingsphere:shardingsphere-sql-parser-mysql:5.1.3-SNAPSHOT
[ERROR] Failed to determine Java version for profile jdk11+ @ org.apache.shardingsphere:shardingsphere:5.1.3-SNAPSHOT, /root/workspace/apache-shardingsphere-master-18892_repo/pom.xml

10:36:20.582 [main] ERROR f.i.s.r.process.maven.MavenHelper - Error while building complete model. The raw model will be used. Error message: 1 problem was encountered while building the effective model for org.apache.shardingsphere:shardingsphere-sql-parser-oracle:5.1.3-SNAPSHOT
[ERROR] Failed to determine Java version for profile jdk11+ @ org.apache.shardingsphere:shardingsphere:5.1.3-SNAPSHOT, /root/workspace/apache-shardingsphere-master-18892_repo/pom.xml

10:36:20.584 [main] ERROR f.i.s.r.process.maven.MavenHelper - Error while building complete model. The raw model will be used. Error message: 1 problem was encountered while building the effective model for org.apache.shardingsphere:shardingsphere-sql-parser-sqlserver:5.1.3-SNAPSHOT
[ERROR] Failed to determine Java version for profile jdk11+ @ org.apache.shardingsphere:shardingsphere:5.1.3-SNAPSHOT, /root/workspace/apache-shardingsphere-master-18892_repo/pom.xml

10:36:20.586 [main] ERROR f.i.s.r.process.maven.MavenHelper - Error while building complete model. The raw model will be used. Error message: 1 problem was encountered while building the effective model for org.apache.shardingsphere:shardingsphere-sql-parser-opengauss:5.1.3-SNAPSHOT
[ERROR] Failed to determine Java version for profile jdk11+ @ org.apache.shardingsphere:shardingsphere:5.1.3-SNAPSHOT, /root/workspace/apache-shardingsphere-master-18892_repo/pom.xml

10:36:20.588 [main] ERROR f.i.s.r.process.maven.MavenHelper - Error while building complete model. The raw model will be used. Error message: 1 problem was encountered while building the effective model for org.apache.shardingsphere:shardingsphere-distsql:5.1.3-SNAPSHOT
[ERROR] Failed to determine Java version for profile jdk11+ @ org.apache.shardingsphere:shardingsphere:5.1.3-SNAPSHOT, /root/workspace/apache-shardingsphere-master-18892_repo/pom.xml

10:36:20.590 [main] ERROR f.i.s.r.process.maven.MavenHelper - Error while building complete model. The raw model will be used. Error message: 1 problem was encountered while building the effective model for org.apache.shardingsphere:shardingsphere-distsql-statement:5.1.3-SNAPSHOT
[ERROR] Failed to determine Java version for profile jdk11+ @ org.apache.shardingsphere:shardingsphere:5.1.3-SNAPSHOT, /root/workspace/apache-shardingsphere-master-18892_repo/pom.xml

10:36:20.590 [main] ERROR f.i.s.r.p.step.paths.ComputeTestDir - The test directory is not at default location or specified in build section from pom.xml, and no parent can be found.
10:36:20.592 [main] ERROR f.i.s.r.process.maven.MavenHelper - Error while building complete model. The raw model will be used. Error message: 1 problem was encountered while building the effective model for org.apache.shardingsphere:shardingsphere-distsql-parser:5.1.3-SNAPSHOT
[ERROR] Failed to determine Java version for profile jdk11+ @ org.apache.shardingsphere:shardingsphere:5.1.3-SNAPSHOT, /root/workspace/apache-shardingsphere-master-18892_repo/pom.xml

10:36:20.593 [main] ERROR f.i.s.r.p.step.paths.ComputeTestDir - The test directory is not at default location or specified in build section from pom.xml, and no parent can be found.
10:36:20.593 [main] ERROR f.i.s.r.p.step.paths.ComputeTestDir - The test directory is not at default location or specified in build section from pom.xml, and no parent can be found.
10:36:20.594 [main] ERROR f.i.s.r.process.maven.MavenHelper - Error while building complete model. The raw model will be used. Error message: 1 problem was encountered while building the effective model for org.apache.shardingsphere:shardingsphere-db-protocol:5.1.3-SNAPSHOT
[ERROR] Failed to determine Java version for profile jdk11+ @ org.apache.shardingsphere:shardingsphere:5.1.3-SNAPSHOT, /root/workspace/apache-shardingsphere-master-18892_repo/pom.xml

10:36:20.596 [main] ERROR f.i.s.r.process.maven.MavenHelper - Error while building complete model. The raw model will be used. Error message: 1 problem was encountered while building the effective model for org.apache.shardingsphere:shardingsphere-db-protocol-core:5.1.3-SNAPSHOT
[ERROR] Failed to determine Java version for profile jdk11+ @ org.apache.shardingsphere:shardingsphere:5.1.3-SNAPSHOT, /root/workspace/apache-shardingsphere-master-18892_repo/pom.xml

10:36:20.599 [main] ERROR f.i.s.r.process.maven.MavenHelper - Error while building complete model. The raw model will be used. Error message: 1 problem was encountered while building the effective model for org.apache.shardingsphere:shardingsphere-db-protocol-postgresql:5.1.3-SNAPSHOT
[ERROR] Failed to determine Java version for profile jdk11+ @ org.apache.shardingsphere:shardingsphere:5.1.3-SNAPSHOT, /root/workspace/apache-shardingsphere-master-18892_repo/pom.xml

10:36:20.601 [main] ERROR f.i.s.r.process.maven.MavenHelper - Error while building complete model. The raw model will be used. Error message: 1 problem was encountered while building the effective model for org.apache.shardingsphere:shardingsphere-db-protocol-mysql:5.1.3-SNAPSHOT
[ERROR] Failed to determine Java version for profile jdk11+ @ org.apache.shardingsphere:shardingsphere:5.1.3-SNAPSHOT, /root/workspace/apache-shardingsphere-master-18892_repo/pom.xml

10:36:20.603 [main] ERROR f.i.s.r.process.maven.MavenHelper - Error while building complete model. The raw model will be used. Error message: 1 problem was encountered while building the effective model for org.apache.shardingsphere:shardingsphere-db-protocol-opengauss:5.1.3-SNAPSHOT
[ERROR] Failed to determine Java version for profile jdk11+ @ org.apache.shardingsphere:shardingsphere:5.1.3-SNAPSHOT, /root/workspace/apache-shardingsphere-master-18892_repo/pom.xml

10:36:20.605 [main] ERROR f.i.s.r.process.maven.MavenHelper - Error while building complete model. The raw model will be used. Error message: 1 problem was encountered while building the effective model for org.apache.shardingsphere:shardingsphere-infra:5.1.3-SNAPSHOT
[ERROR] Failed to determine Java version for profile jdk11+ @ org.apache.shardingsphere:shardingsphere:5.1.3-SNAPSHOT, /root/workspace/apache-shardingsphere-master-18892_repo/pom.xml

10:36:20.607 [main] ERROR f.i.s.r.process.maven.MavenHelper - Error while building complete model. The raw model will be used. Error message: 1 problem was encountered while building the effective model for org.apache.shardingsphere:shardingsphere-infra-common:5.1.3-SNAPSHOT
[ERROR] Failed to determine Java version for profile jdk11+ @ org.apache.shardingsphere:shardingsphere:5.1.3-SNAPSHOT, /root/workspace/apache-shardingsphere-master-18892_repo/pom.xml

10:36:20.609 [main] ERROR f.i.s.r.process.maven.MavenHelper - Error while building complete model. The raw model will be used. Error message: 1 problem was encountered while building the effective model for org.apache.shardingsphere:shardingsphere-infra-parser:5.1.3-SNAPSHOT
[ERROR] Failed to determine Java version for profile jdk11+ @ org.apache.shardingsphere:shardingsphere:5.1.3-SNAPSHOT, /root/workspace/apache-shardingsphere-master-18892_repo/pom.xml

10:36:20.611 [main] ERROR f.i.s.r.process.maven.MavenHelper - Error while building complete model. The raw model will be used. Error message: 1 problem was encountered while building the effective model for org.apache.shardingsphere:shardingsphere-infra-binder:5.1.3-SNAPSHOT
[ERROR] Failed to determine Java version for profile jdk11+ @ org.apache.shardingsphere:shardingsphere:5.1.3-SNAPSHOT, /root/workspace/apache-shardingsphere-master-18892_repo/pom.xml

10:36:20.613 [main] ERROR f.i.s.r.process.maven.MavenHelper - Error while building complete model. The raw model will be used. Error message: 1 problem was encountered while building the effective model for org.apache.shardingsphere:shardingsphere-infra-route:5.1.3-SNAPSHOT
[ERROR] Failed to determine Java version for profile jdk11+ @ org.apache.shardingsphere:shardingsphere:5.1.3-SNAPSHOT, /root/workspace/apache-shardingsphere-master-18892_repo/pom.xml

10:36:20.615 [main] ERROR f.i.s.r.process.maven.MavenHelper - Error while building complete model. The raw model will be used. Error message: 1 problem was encountered while building the effective model for org.apache.shardingsphere:shardingsphere-infra-rewrite:5.1.3-SNAPSHOT
[ERROR] Failed to determine Java version for profile jdk11+ @ org.apache.shardingsphere:shardingsphere:5.1.3-SNAPSHOT, /root/workspace/apache-shardingsphere-master-18892_repo/pom.xml

10:36:20.617 [main] ERROR f.i.s.r.process.maven.MavenHelper - Error while building complete model. The raw model will be used. Error message: 1 problem was encountered while building the effective model for org.apache.shardingsphere:shardingsphere-infra-executor:5.1.3-SNAPSHOT
[ERROR] Failed to determine Java version for profile jdk11+ @ org.apache.shardingsphere:shardingsphere:5.1.3-SNAPSHOT, /root/workspace/apache-shardingsphere-master-18892_repo/pom.xml

10:36:20.619 [main] ERROR f.i.s.r.process.maven.MavenHelper - Error while building complete model. The raw model will be used. Error message: 1 problem was encountered while building the effective model for org.apache.shardingsphere:shardingsphere-infra-merge:5.1.3-SNAPSHOT
[ERROR] Failed to determine Java version for profile jdk11+ @ org.apache.shardingsphere:shardingsphere:5.1.3-SNAPSHOT, /root/workspace/apache-shardingsphere-master-18892_repo/pom.xml

10:36:20.621 [main] ERROR f.i.s.r.process.maven.MavenHelper - Error while building complete model. The raw model will be used. Error message: 1 problem was encountered while building the effective model for org.apache.shardingsphere:shardingsphere-infra-context:5.1.3-SNAPSHOT
[ERROR] Failed to determine Java version for profile jdk11+ @ org.apache.shardingsphere:shardingsphere:5.1.3-SNAPSHOT, /root/workspace/apache-shardingsphere-master-18892_repo/pom.xml

10:36:20.623 [main] ERROR f.i.s.r.process.maven.MavenHelper - Error while building complete model. The raw model will be used. Error message: 1 problem was encountered while building the effective model for org.apache.shardingsphere:shardingsphere-infra-datetime:5.1.3-SNAPSHOT
[ERROR] Failed to determine Java version for profile jdk11+ @ org.apache.shardingsphere:shardingsphere:5.1.3-SNAPSHOT, /root/workspace/apache-shardingsphere-master-18892_repo/pom.xml

10:36:20.626 [main] ERROR f.i.s.r.process.maven.MavenHelper - Error while building complete model. The raw model will be used. Error message: 1 problem was encountered while building the effective model for org.apache.shardingsphere:shardingsphere-infra-datetime-spi:5.1.3-SNAPSHOT
[ERROR] Failed to determine Java version for profile jdk11+ @ org.apache.shardingsphere:shardingsphere:5.1.3-SNAPSHOT, /root/workspace/apache-shardingsphere-master-18892_repo/pom.xml

10:36:20.628 [main] ERROR f.i.s.r.process.maven.MavenHelper - Error while building complete model. The raw model will be used. Error message: 1 problem was encountered while building the effective model for org.apache.shardingsphere:shardingsphere-infra-datetime-type:5.1.3-SNAPSHOT
[ERROR] Failed to determine Java version for profile jdk11+ @ org.apache.shardingsphere:shardingsphere:5.1.3-SNAPSHOT, /root/workspace/apache-shardingsphere-master-18892_repo/pom.xml

10:36:20.630 [main] ERROR f.i.s.r.process.maven.MavenHelper - Error while building complete model. The raw model will be used. Error message: 1 problem was encountered while building the effective model for org.apache.shardingsphere:shardingsphere-system-datetime:5.1.3-SNAPSHOT
[ERROR] Failed to determine Java version for profile jdk11+ @ org.apache.shardingsphere:shardingsphere:5.1.3-SNAPSHOT, /root/workspace/apache-shardingsphere-master-18892_repo/pom.xml

10:36:20.633 [main] ERROR f.i.s.r.process.maven.MavenHelper - Error while building complete model. The raw model will be used. Error message: 1 problem was encountered while building the effective model for org.apache.shardingsphere:shardingsphere-database-datetime:5.1.3-SNAPSHOT
[ERROR] Failed to determine Java version for profile jdk11+ @ org.apache.shardingsphere:shardingsphere:5.1.3-SNAPSHOT, /root/workspace/apache-shardingsphere-master-18892_repo/pom.xml

10:36:20.635 [main] ERROR f.i.s.r.process.maven.MavenHelper - Error while building complete model. The raw model will be used. Error message: 1 problem was encountered while building the effective model for org.apache.shardingsphere:shardingsphere-infra-federation:5.1.3-SNAPSHOT
[ERROR] Failed to determine Java version for profile jdk11+ @ org.apache.shardingsphere:shardingsphere:5.1.3-SNAPSHOT, /root/workspace/apache-shardingsphere-master-18892_repo/pom.xml

10:36:20.637 [main] ERROR f.i.s.r.process.maven.MavenHelper - Error while building complete model. The raw model will be used. Error message: 1 problem was encountered while building the effective model for org.apache.shardingsphere:shardingsphere-infra-federation-optimizer:5.1.3-SNAPSHOT
[ERROR] Failed to determine Java version for profile jdk11+ @ org.apache.shardingsphere:shardingsphere:5.1.3-SNAPSHOT, /root/workspace/apache-shardingsphere-master-18892_repo/pom.xml

10:36:20.640 [main] ERROR f.i.s.r.process.maven.MavenHelper - Error while building complete model. The raw model will be used. Error message: 1 problem was encountered while building the effective model for org.apache.shardingsphere:shardingsphere-infra-federation-executor:5.1.3-SNAPSHOT
[ERROR] Failed to determine Java version for profile jdk11+ @ org.apache.shardingsphere:shardingsphere:5.1.3-SNAPSHOT, /root/workspace/apache-shardingsphere-master-18892_repo/pom.xml

10:36:20.642 [main] ERROR f.i.s.r.process.maven.MavenHelper - Error while building complete model. The raw model will be used. Error message: 1 problem was encountered while building the effective model for org.apache.shardingsphere:shardingsphere-mode:5.1.3-SNAPSHOT
[ERROR] Failed to determine Java version for profile jdk11+ @ org.apache.shardingsphere:shardingsphere:5.1.3-SNAPSHOT, /root/workspace/apache-shardingsphere-master-18892_repo/pom.xml

10:36:20.644 [main] ERROR f.i.s.r.process.maven.MavenHelper - Error while building complete model. The raw model will be used. Error message: 1 problem was encountered while building the effective model for org.apache.shardingsphere:shardingsphere-mode-core:5.1.3-SNAPSHOT
[ERROR] Failed to determine Java version for profile jdk11+ @ org.apache.shardingsphere:shardingsphere:5.1.3-SNAPSHOT, /root/workspace/apache-shardingsphere-master-18892_repo/pom.xml

10:36:20.647 [main] ERROR f.i.s.r.process.maven.MavenHelper - Error while building complete model. The raw model will be used. Error message: 1 problem was encountered while building the effective model for org.apache.shardingsphere:shardingsphere-mode-type:5.1.3-SNAPSHOT
[ERROR] Failed to determine Java version for profile jdk11+ @ org.apache.shardingsphere:shardingsphere:5.1.3-SNAPSHOT, /root/workspace/apache-shardingsphere-master-18892_repo/pom.xml

10:36:20.649 [main] ERROR f.i.s.r.process.maven.MavenHelper - Error while building complete model. The raw model will be used. Error message: 1 problem was encountered while building the effective model for org.apache.shardingsphere:shardingsphere-memory-mode:5.1.3-SNAPSHOT
[ERROR] Failed to determine Java version for profile jdk11+ @ org.apache.shardingsphere:shardingsphere:5.1.3-SNAPSHOT, /root/workspace/apache-shardingsphere-master-18892_repo/pom.xml

10:36:20.651 [main] ERROR f.i.s.r.process.maven.MavenHelper - Error while building complete model. The raw model will be used. Error message: 1 problem was encountered while building the effective model for org.apache.shardingsphere:shardingsphere-memory-mode-core:5.1.3-SNAPSHOT
[ERROR] Failed to determine Java version for profile jdk11+ @ org.apache.shardingsphere:shardingsphere:5.1.3-SNAPSHOT, /root/workspace/apache-shardingsphere-master-18892_repo/pom.xml

10:36:20.652 [main] ERROR f.i.s.r.p.step.paths.ComputeTestDir - The test directory is not at default location or specified in build section from pom.xml, and no parent can be found.
10:36:20.652 [main] ERROR f.i.s.r.p.step.paths.ComputeTestDir - The test directory is not at default location or specified in build section from pom.xml, and no parent can be found.
10:36:20.654 [main] ERROR f.i.s.r.process.maven.MavenHelper - Error while building complete model. The raw model will be used. Error message: 1 problem was encountered while building the effective model for org.apache.shardingsphere:shardingsphere-standalone-mode:5.1.3-SNAPSHOT
[ERROR] Failed to determine Java version for profile jdk11+ @ org.apache.shardingsphere:shardingsphere:5.1.3-SNAPSHOT, /root/workspace/apache-shardingsphere-master-18892_repo/pom.xml

10:36:20.656 [main] ERROR f.i.s.r.process.maven.MavenHelper - Error while building complete model. The raw model will be used. Error message: 1 problem was encountered while building the effective model for org.apache.shardingsphere:shardingsphere-standalone-mode-core:5.1.3-SNAPSHOT
[ERROR] Failed to determine Java version for profile jdk11+ @ org.apache.shardingsphere:shardingsphere:5.1.3-SNAPSHOT, /root/workspace/apache-shardingsphere-master-18892_repo/pom.xml

10:36:20.658 [main] ERROR f.i.s.r.process.maven.MavenHelper - Error while building complete model. The raw model will be used. Error message: 1 problem was encountered while building the effective model for org.apache.shardingsphere:shardingsphere-standalone-mode-repository:5.1.3-SNAPSHOT
[ERROR] Failed to determine Java version for profile jdk11+ @ org.apache.shardingsphere:shardingsphere:5.1.3-SNAPSHOT, /root/workspace/apache-shardingsphere-master-18892_repo/pom.xml

10:36:20.660 [main] ERROR f.i.s.r.process.maven.MavenHelper - Error while building complete model. The raw model will be used. Error message: 1 problem was encountered while building the effective model for org.apache.shardingsphere:shardingsphere-standalone-mode-repository-api:5.1.3-SNAPSHOT
[ERROR] Failed to determine Java version for profile jdk11+ @ org.apache.shardingsphere:shardingsphere:5.1.3-SNAPSHOT, /root/workspace/apache-shardingsphere-master-18892_repo/pom.xml

10:36:20.661 [main] ERROR f.i.s.r.p.step.paths.ComputeTestDir - The test directory is not at default location or specified in build section from pom.xml, and no parent can be found.
10:36:20.663 [main] ERROR f.i.s.r.process.maven.MavenHelper - Error while building complete model. The raw model will be used. Error message: 1 problem was encountered while building the effective model for org.apache.shardingsphere:shardingsphere-standalone-mode-repository-provider:5.1.3-SNAPSHOT
[ERROR] Failed to determine Java version for profile jdk11+ @ org.apache.shardingsphere:shardingsphere:5.1.3-SNAPSHOT, /root/workspace/apache-shardingsphere-master-18892_repo/pom.xml

10:36:20.665 [main] ERROR f.i.s.r.process.maven.MavenHelper - Error while building complete model. The raw model will be used. Error message: 1 problem was encountered while building the effective model for org.apache.shardingsphere:shardingsphere-standalone-mode-repository-file:5.1.3-SNAPSHOT
[ERROR] Failed to determine Java version for profile jdk11+ @ org.apache.shardingsphere:shardingsphere:5.1.3-SNAPSHOT, /root/workspace/apache-shardingsphere-master-18892_repo/pom.xml

10:36:20.668 [main] ERROR f.i.s.r.process.maven.MavenHelper - Error while building complete model. The raw model will be used. Error message: 1 problem was encountered while building the effective model for org.apache.shardingsphere:shardingsphere-standalone-mode-repository-h2:5.1.3-SNAPSHOT
[ERROR] Failed to determine Java version for profile jdk11+ @ org.apache.shardingsphere:shardingsphere:5.1.3-SNAPSHOT, /root/workspace/apache-shardingsphere-master-18892_repo/pom.xml

10:36:20.670 [main] ERROR f.i.s.r.process.maven.MavenHelper - Error while building complete model. The raw model will be used. Error message: 1 problem was encountered while building the effective model for org.apache.shardingsphere:shardingsphere-cluster-mode:5.1.3-SNAPSHOT
[ERROR] Failed to determine Java version for profile jdk11+ @ org.apache.shardingsphere:shardingsphere:5.1.3-SNAPSHOT, /root/workspace/apache-shardingsphere-master-18892_repo/pom.xml

10:36:20.672 [main] ERROR f.i.s.r.process.maven.MavenHelper - Error while building complete model. The raw model will be used. Error message: 1 problem was encountered while building the effective model for org.apache.shardingsphere:shardingsphere-cluster-mode-core:5.1.3-SNAPSHOT
[ERROR] Failed to determine Java version for profile jdk11+ @ org.apache.shardingsphere:shardingsphere:5.1.3-SNAPSHOT, /root/workspace/apache-shardingsphere-master-18892_repo/pom.xml

10:36:20.674 [main] ERROR f.i.s.r.process.maven.MavenHelper - Error while building complete model. The raw model will be used. Error message: 1 problem was encountered while building the effective model for org.apache.shardingsphere:shardingsphere-cluster-mode-repository:5.1.3-SNAPSHOT
[ERROR] Failed to determine Java version for profile jdk11+ @ org.apache.shardingsphere:shardingsphere:5.1.3-SNAPSHOT, /root/workspace/apache-shardingsphere-master-18892_repo/pom.xml

10:36:20.677 [main] ERROR f.i.s.r.process.maven.MavenHelper - Error while building complete model. The raw model will be used. Error message: 1 problem was encountered while building the effective model for org.apache.shardingsphere:shardingsphere-cluster-mode-repository-api:5.1.3-SNAPSHOT
[ERROR] Failed to determine Java version for profile jdk11+ @ org.apache.shardingsphere:shardingsphere:5.1.3-SNAPSHOT, /root/workspace/apache-shardingsphere-master-18892_repo/pom.xml

10:36:20.677 [main] ERROR f.i.s.r.p.step.paths.ComputeTestDir - The test directory is not at default location or specified in build section from pom.xml, and no parent can be found.
10:36:20.679 [main] ERROR f.i.s.r.process.maven.MavenHelper - Error while building complete model. The raw model will be used. Error message: 1 problem was encountered while building the effective model for org.apache.shardingsphere:shardingsphere-cluster-mode-repository-provider:5.1.3-SNAPSHOT
[ERROR] Failed to determine Java version for profile jdk11+ @ org.apache.shardingsphere:shardingsphere:5.1.3-SNAPSHOT, /root/workspace/apache-shardingsphere-master-18892_repo/pom.xml

10:36:20.681 [main] ERROR f.i.s.r.process.maven.MavenHelper - Error while building complete model. The raw model will be used. Error message: 1 problem was encountered while building the effective model for org.apache.shardingsphere:shardingsphere-cluster-mode-repository-zookeeper-curator:5.1.3-SNAPSHOT
[ERROR] Failed to determine Java version for profile jdk11+ @ org.apache.shardingsphere:shardingsphere:5.1.3-SNAPSHOT, /root/workspace/apache-shardingsphere-master-18892_repo/pom.xml

10:36:20.684 [main] ERROR f.i.s.r.process.maven.MavenHelper - Error while building complete model. The raw model will be used. Error message: 1 problem was encountered while building the effective model for org.apache.shardingsphere:shardingsphere-cluster-mode-repository-etcd:5.1.3-SNAPSHOT
[ERROR] Failed to determine Java version for profile jdk11+ @ org.apache.shardingsphere:shardingsphere:5.1.3-SNAPSHOT, /root/workspace/apache-shardingsphere-master-18892_repo/pom.xml

10:36:20.686 [main] ERROR f.i.s.r.process.maven.MavenHelper - Error while building complete model. The raw model will be used. Error message: 1 problem was encountered while building the effective model for org.apache.shardingsphere:shardingsphere-kernel:5.1.3-SNAPSHOT
[ERROR] Failed to determine Java version for profile jdk11+ @ org.apache.shardingsphere:shardingsphere:5.1.3-SNAPSHOT, /root/workspace/apache-shardingsphere-master-18892_repo/pom.xml

10:36:20.688 [main] ERROR f.i.s.r.process.maven.MavenHelper - Error while building complete model. The raw model will be used. Error message: 1 problem was encountered while building the effective model for org.apache.shardingsphere:shardingsphere-parser:5.1.3-SNAPSHOT
[ERROR] Failed to determine Java version for profile jdk11+ @ org.apache.shardingsphere:shardingsphere:5.1.3-SNAPSHOT, /root/workspace/apache-shardingsphere-master-18892_repo/pom.xml

10:36:20.690 [main] ERROR f.i.s.r.process.maven.MavenHelper - Error while building complete model. The raw model will be used. Error message: 1 problem was encountered while building the effective model for org.apache.shardingsphere:shardingsphere-parser-api:5.1.3-SNAPSHOT
[ERROR] Failed to determine Java version for profile jdk11+ @ org.apache.shardingsphere:shardingsphere:5.1.3-SNAPSHOT, /root/workspace/apache-shardingsphere-master-18892_repo/pom.xml

10:36:20.690 [main] ERROR f.i.s.r.p.step.paths.ComputeTestDir - The test directory is not at default location or specified in build section from pom.xml, and no parent can be found.
10:36:20.692 [main] ERROR f.i.s.r.process.maven.MavenHelper - Error while building complete model. The raw model will be used. Error message: 1 problem was encountered while building the effective model for org.apache.shardingsphere:shardingsphere-parser-core:5.1.3-SNAPSHOT
[ERROR] Failed to determine Java version for profile jdk11+ @ org.apache.shardingsphere:shardingsphere:5.1.3-SNAPSHOT, /root/workspace/apache-shardingsphere-master-18892_repo/pom.xml

10:36:20.693 [main] ERROR f.i.s.r.p.step.paths.ComputeTestDir - The test directory is not at default location or specified in build section from pom.xml, and no parent can be found.
10:36:20.695 [main] ERROR f.i.s.r.process.maven.MavenHelper - Error while building complete model. The raw model will be used. Error message: 1 problem was encountered while building the effective model for org.apache.shardingsphere:shardingsphere-parser-spring:5.1.3-SNAPSHOT
[ERROR] Failed to determine Java version for profile jdk11+ @ org.apache.shardingsphere:shardingsphere:5.1.3-SNAPSHOT, /root/workspace/apache-shardingsphere-master-18892_repo/pom.xml

10:36:20.697 [main] ERROR f.i.s.r.process.maven.MavenHelper - Error while building complete model. The raw model will be used. Error message: 1 problem was encountered while building the effective model for org.apache.shardingsphere:shardingsphere-parser-spring-boot-starter:5.1.3-SNAPSHOT
[ERROR] Failed to determine Java version for profile jdk11+ @ org.apache.shardingsphere:shardingsphere:5.1.3-SNAPSHOT, /root/workspace/apache-shardingsphere-master-18892_repo/pom.xml

10:36:20.699 [main] ERROR f.i.s.r.process.maven.MavenHelper - Error while building complete model. The raw model will be used. Error message: 1 problem was encountered while building the effective model for org.apache.shardingsphere:shardingsphere-parser-spring-namespace:5.1.3-SNAPSHOT
[ERROR] Failed to determine Java version for profile jdk11+ @ org.apache.shardingsphere:shardingsphere:5.1.3-SNAPSHOT, /root/workspace/apache-shardingsphere-master-18892_repo/pom.xml

10:36:20.701 [main] ERROR f.i.s.r.process.maven.MavenHelper - Error while building complete model. The raw model will be used. Error message: 1 problem was encountered while building the effective model for org.apache.shardingsphere:shardingsphere-single-table:5.1.3-SNAPSHOT
[ERROR] Failed to determine Java version for profile jdk11+ @ org.apache.shardingsphere:shardingsphere:5.1.3-SNAPSHOT, /root/workspace/apache-shardingsphere-master-18892_repo/pom.xml

10:36:20.703 [main] ERROR f.i.s.r.process.maven.MavenHelper - Error while building complete model. The raw model will be used. Error message: 1 problem was encountered while building the effective model for org.apache.shardingsphere:shardingsphere-single-table-api:5.1.3-SNAPSHOT
[ERROR] Failed to determine Java version for profile jdk11+ @ org.apache.shardingsphere:shardingsphere:5.1.3-SNAPSHOT, /root/workspace/apache-shardingsphere-master-18892_repo/pom.xml

10:36:20.703 [main] ERROR f.i.s.r.p.step.paths.ComputeTestDir - The test directory is not at default location or specified in build section from pom.xml, and no parent can be found.
10:36:20.705 [main] ERROR f.i.s.r.process.maven.MavenHelper - Error while building complete model. The raw model will be used. Error message: 1 problem was encountered while building the effective model for org.apache.shardingsphere:shardingsphere-single-table-core:5.1.3-SNAPSHOT
[ERROR] Failed to determine Java version for profile jdk11+ @ org.apache.shardingsphere:shardingsphere:5.1.3-SNAPSHOT, /root/workspace/apache-shardingsphere-master-18892_repo/pom.xml

10:36:20.707 [main] ERROR f.i.s.r.process.maven.MavenHelper - Error while building complete model. The raw model will be used. Error message: 1 problem was encountered while building the effective model for org.apache.shardingsphere:shardingsphere-authority:5.1.3-SNAPSHOT
[ERROR] Failed to determine Java version for profile jdk11+ @ org.apache.shardingsphere:shardingsphere:5.1.3-SNAPSHOT, /root/workspace/apache-shardingsphere-master-18892_repo/pom.xml

10:36:20.709 [main] ERROR f.i.s.r.process.maven.MavenHelper - Error while building complete model. The raw model will be used. Error message: 1 problem was encountered while building the effective model for org.apache.shardingsphere:shardingsphere-authority-api:5.1.3-SNAPSHOT
[ERROR] Failed to determine Java version for profile jdk11+ @ org.apache.shardingsphere:shardingsphere:5.1.3-SNAPSHOT, /root/workspace/apache-shardingsphere-master-18892_repo/pom.xml

10:36:20.709 [main] ERROR f.i.s.r.p.step.paths.ComputeTestDir - The test directory is not at default location or specified in build section from pom.xml, and no parent can be found.
10:36:20.711 [main] ERROR f.i.s.r.process.maven.MavenHelper - Error while building complete model. The raw model will be used. Error message: 1 problem was encountered while building the effective model for org.apache.shardingsphere:shardingsphere-authority-core:5.1.3-SNAPSHOT
[ERROR] Failed to determine Java version for profile jdk11+ @ org.apache.shardingsphere:shardingsphere:5.1.3-SNAPSHOT, /root/workspace/apache-shardingsphere-master-18892_repo/pom.xml

10:36:20.713 [main] ERROR f.i.s.r.process.maven.MavenHelper - Error while building complete model. The raw model will be used. Error message: 1 problem was encountered while building the effective model for org.apache.shardingsphere:shardingsphere-transaction:5.1.3-SNAPSHOT
[ERROR] Failed to determine Java version for profile jdk11+ @ org.apache.shardingsphere:shardingsphere:5.1.3-SNAPSHOT, /root/workspace/apache-shardingsphere-master-18892_repo/pom.xml

10:36:20.715 [main] ERROR f.i.s.r.process.maven.MavenHelper - Error while building complete model. The raw model will be used. Error message: 1 problem was encountered while building the effective model for org.apache.shardingsphere:shardingsphere-transaction-api:5.1.3-SNAPSHOT
[ERROR] Failed to determine Java version for profile jdk11+ @ org.apache.shardingsphere:shardingsphere:5.1.3-SNAPSHOT, /root/workspace/apache-shardingsphere-master-18892_repo/pom.xml

10:36:20.715 [main] ERROR f.i.s.r.p.step.paths.ComputeTestDir - The test directory is not at default location or specified in build section from pom.xml, and no parent can be found.
10:36:20.717 [main] ERROR f.i.s.r.process.maven.MavenHelper - Error while building complete model. The raw model will be used. Error message: 1 problem was encountered while building the effective model for org.apache.shardingsphere:shardingsphere-transaction-core:5.1.3-SNAPSHOT
[ERROR] Failed to determine Java version for profile jdk11+ @ org.apache.shardingsphere:shardingsphere:5.1.3-SNAPSHOT, /root/workspace/apache-shardingsphere-master-18892_repo/pom.xml

10:36:20.719 [main] ERROR f.i.s.r.process.maven.MavenHelper - Error while building complete model. The raw model will be used. Error message: 1 problem was encountered while building the effective model for org.apache.shardingsphere:shardingsphere-transaction-type:5.1.3-SNAPSHOT
[ERROR] Failed to determine Java version for profile jdk11+ @ org.apache.shardingsphere:shardingsphere:5.1.3-SNAPSHOT, /root/workspace/apache-shardingsphere-master-18892_repo/pom.xml

10:36:20.721 [main] ERROR f.i.s.r.process.maven.MavenHelper - Error while building complete model. The raw model will be used. Error message: 1 problem was encountered while building the effective model for org.apache.shardingsphere:shardingsphere-transaction-xa:5.1.3-SNAPSHOT
[ERROR] Failed to determine Java version for profile jdk11+ @ org.apache.shardingsphere:shardingsphere:5.1.3-SNAPSHOT, /root/workspace/apache-shardingsphere-master-18892_repo/pom.xml

10:36:20.723 [main] ERROR f.i.s.r.process.maven.MavenHelper - Error while building complete model. The raw model will be used. Error message: 1 problem was encountered while building the effective model for org.apache.shardingsphere:shardingsphere-transaction-xa-spi:5.1.3-SNAPSHOT
[ERROR] Failed to determine Java version for profile jdk11+ @ org.apache.shardingsphere:shardingsphere:5.1.3-SNAPSHOT, /root/workspace/apache-shardingsphere-master-18892_repo/pom.xml

10:36:20.725 [main] ERROR f.i.s.r.process.maven.MavenHelper - Error while building complete model. The raw model will be used. Error message: 1 problem was encountered while building the effective model for org.apache.shardingsphere:shardingsphere-transaction-xa-core:5.1.3-SNAPSHOT
[ERROR] Failed to determine Java version for profile jdk11+ @ org.apache.shardingsphere:shardingsphere:5.1.3-SNAPSHOT, /root/workspace/apache-shardingsphere-master-18892_repo/pom.xml

10:36:20.727 [main] ERROR f.i.s.r.process.maven.MavenHelper - Error while building complete model. The raw model will be used. Error message: 1 problem was encountered while building the effective model for org.apache.shardingsphere:shardingsphere-transaction-xa-provider:5.1.3-SNAPSHOT
[ERROR] Failed to determine Java version for profile jdk11+ @ org.apache.shardingsphere:shardingsphere:5.1.3-SNAPSHOT, /root/workspace/apache-shardingsphere-master-18892_repo/pom.xml

10:36:20.730 [main] ERROR f.i.s.r.process.maven.MavenHelper - Error while building complete model. The raw model will be used. Error message: 1 problem was encountered while building the effective model for org.apache.shardingsphere:shardingsphere-transaction-xa-atomikos:5.1.3-SNAPSHOT
[ERROR] Failed to determine Java version for profile jdk11+ @ org.apache.shardingsphere:shardingsphere:5.1.3-SNAPSHOT, /root/workspace/apache-shardingsphere-master-18892_repo/pom.xml

10:36:20.732 [main] ERROR f.i.s.r.process.maven.MavenHelper - Error while building complete model. The raw model will be used. Error message: 1 problem was encountered while building the effective model for org.apache.shardingsphere:shardingsphere-transaction-xa-narayana:5.1.3-SNAPSHOT
[ERROR] Failed to determine Java version for profile jdk11+ @ org.apache.shardingsphere:shardingsphere:5.1.3-SNAPSHOT, /root/workspace/apache-shardingsphere-master-18892_repo/pom.xml

10:36:20.734 [main] ERROR f.i.s.r.process.maven.MavenHelper - Error while building complete model. The raw model will be used. Error message: 1 problem was encountered while building the effective model for org.apache.shardingsphere:shardingsphere-transaction-xa-bitronix:5.1.3-SNAPSHOT
[ERROR] Failed to determine Java version for profile jdk11+ @ org.apache.shardingsphere:shardingsphere:5.1.3-SNAPSHOT, /root/workspace/apache-shardingsphere-master-18892_repo/pom.xml

10:36:20.736 [main] ERROR f.i.s.r.process.maven.MavenHelper - Error while building complete model. The raw model will be used. Error message: 1 problem was encountered while building the effective model for org.apache.shardingsphere:shardingsphere-transaction-base:5.1.3-SNAPSHOT
[ERROR] Failed to determine Java version for profile jdk11+ @ org.apache.shardingsphere:shardingsphere:5.1.3-SNAPSHOT, /root/workspace/apache-shardingsphere-master-18892_repo/pom.xml

10:36:20.738 [main] ERROR f.i.s.r.process.maven.MavenHelper - Error while building complete model. The raw model will be used. Error message: 1 problem was encountered while building the effective model for org.apache.shardingsphere:shardingsphere-transaction-base-seata-at:5.1.3-SNAPSHOT
[ERROR] Failed to determine Java version for profile jdk11+ @ org.apache.shardingsphere:shardingsphere:5.1.3-SNAPSHOT, /root/workspace/apache-shardingsphere-master-18892_repo/pom.xml

10:36:20.740 [main] ERROR f.i.s.r.process.maven.MavenHelper - Error while building complete model. The raw model will be used. Error message: 1 problem was encountered while building the effective model for org.apache.shardingsphere:shardingsphere-schedule:5.1.3-SNAPSHOT
[ERROR] Failed to determine Java version for profile jdk11+ @ org.apache.shardingsphere:shardingsphere:5.1.3-SNAPSHOT, /root/workspace/apache-shardingsphere-master-18892_repo/pom.xml

10:36:20.742 [main] ERROR f.i.s.r.process.maven.MavenHelper - Error while building complete model. The raw model will be used. Error message: 1 problem was encountered while building the effective model for org.apache.shardingsphere:shardingsphere-schedule-core:5.1.3-SNAPSHOT
[ERROR] Failed to determine Java version for profile jdk11+ @ org.apache.shardingsphere:shardingsphere:5.1.3-SNAPSHOT, /root/workspace/apache-shardingsphere-master-18892_repo/pom.xml

10:36:20.742 [main] ERROR f.i.s.r.p.step.paths.ComputeTestDir - The test directory is not at default location or specified in build section from pom.xml, and no parent can be found.
10:36:20.742 [main] ERROR f.i.s.r.p.step.paths.ComputeTestDir - The test directory is not at default location or specified in build section from pom.xml, and no parent can be found.
10:36:20.744 [main] ERROR f.i.s.r.process.maven.MavenHelper - Error while building complete model. The raw model will be used. Error message: 1 problem was encountered while building the effective model for org.apache.shardingsphere:shardingsphere-data-pipeline:5.1.3-SNAPSHOT
[ERROR] Failed to determine Java version for profile jdk11+ @ org.apache.shardingsphere:shardingsphere:5.1.3-SNAPSHOT, /root/workspace/apache-shardingsphere-master-18892_repo/pom.xml

10:36:20.746 [main] ERROR f.i.s.r.process.maven.MavenHelper - Error while building complete model. The raw model will be used. Error message: 1 problem was encountered while building the effective model for org.apache.shardingsphere:shardingsphere-data-pipeline-api:5.1.3-SNAPSHOT
[ERROR] Failed to determine Java version for profile jdk11+ @ org.apache.shardingsphere:shardingsphere:5.1.3-SNAPSHOT, /root/workspace/apache-shardingsphere-master-18892_repo/pom.xml

10:36:20.748 [main] ERROR f.i.s.r.process.maven.MavenHelper - Error while building complete model. The raw model will be used. Error message: 1 problem was encountered while building the effective model for org.apache.shardingsphere:shardingsphere-data-pipeline-core:5.1.3-SNAPSHOT
[ERROR] Failed to determine Java version for profile jdk11+ @ org.apache.shardingsphere:shardingsphere:5.1.3-SNAPSHOT, /root/workspace/apache-shardingsphere-master-18892_repo/pom.xml

10:36:20.750 [main] ERROR f.i.s.r.process.maven.MavenHelper - Error while building complete model. The raw model will be used. Error message: 1 problem was encountered while building the effective model for org.apache.shardingsphere:shardingsphere-data-pipeline-dialect:5.1.3-SNAPSHOT
[ERROR] Failed to determine Java version for profile jdk11+ @ org.apache.shardingsphere:shardingsphere:5.1.3-SNAPSHOT, /root/workspace/apache-shardingsphere-master-18892_repo/pom.xml

10:36:20.752 [main] ERROR f.i.s.r.process.maven.MavenHelper - Error while building complete model. The raw model will be used. Error message: 1 problem was encountered while building the effective model for org.apache.shardingsphere:shardingsphere-data-pipeline-mysql:5.1.3-SNAPSHOT
[ERROR] Failed to determine Java version for profile jdk11+ @ org.apache.shardingsphere:shardingsphere:5.1.3-SNAPSHOT, /root/workspace/apache-shardingsphere-master-18892_repo/pom.xml

10:36:20.755 [main] ERROR f.i.s.r.process.maven.MavenHelper - Error while building complete model. The raw model will be used. Error message: 1 problem was encountered while building the effective model for org.apache.shardingsphere:shardingsphere-data-pipeline-postgresql:5.1.3-SNAPSHOT
[ERROR] Failed to determine Java version for profile jdk11+ @ org.apache.shardingsphere:shardingsphere:5.1.3-SNAPSHOT, /root/workspace/apache-shardingsphere-master-18892_repo/pom.xml

10:36:20.757 [main] ERROR f.i.s.r.process.maven.MavenHelper - Error while building complete model. The raw model will be used. Error message: 1 problem was encountered while building the effective model for org.apache.shardingsphere:shardingsphere-data-pipeline-opengauss:5.1.3-SNAPSHOT
[ERROR] Failed to determine Java version for profile jdk11+ @ org.apache.shardingsphere:shardingsphere:5.1.3-SNAPSHOT, /root/workspace/apache-shardingsphere-master-18892_repo/pom.xml

10:36:20.759 [main] ERROR f.i.s.r.process.maven.MavenHelper - Error while building complete model. The raw model will be used. Error message: 1 problem was encountered while building the effective model for org.apache.shardingsphere:shardingsphere-sql-translator:5.1.3-SNAPSHOT
[ERROR] Failed to determine Java version for profile jdk11+ @ org.apache.shardingsphere:shardingsphere:5.1.3-SNAPSHOT, /root/workspace/apache-shardingsphere-master-18892_repo/pom.xml

10:36:20.761 [main] ERROR f.i.s.r.process.maven.MavenHelper - Error while building complete model. The raw model will be used. Error message: 1 problem was encountered while building the effective model for org.apache.shardingsphere:shardingsphere-sql-translator-api:5.1.3-SNAPSHOT
[ERROR] Failed to determine Java version for profile jdk11+ @ org.apache.shardingsphere:shardingsphere:5.1.3-SNAPSHOT, /root/workspace/apache-shardingsphere-master-18892_repo/pom.xml

10:36:20.761 [main] ERROR f.i.s.r.p.step.paths.ComputeTestDir - The test directory is not at default location or specified in build section from pom.xml, and no parent can be found.
10:36:20.763 [main] ERROR f.i.s.r.process.maven.MavenHelper - Error while building complete model. The raw model will be used. Error message: 1 problem was encountered while building the effective model for org.apache.shardingsphere:shardingsphere-sql-translator-core:5.1.3-SNAPSHOT
[ERROR] Failed to determine Java version for profile jdk11+ @ org.apache.shardingsphere:shardingsphere:5.1.3-SNAPSHOT, /root/workspace/apache-shardingsphere-master-18892_repo/pom.xml

10:36:20.764 [main] ERROR f.i.s.r.process.maven.MavenHelper - Error while building complete model. The raw model will be used. Error message: 1 problem was encountered while building the effective model for org.apache.shardingsphere:shardingsphere-sql-translator-provider:5.1.3-SNAPSHOT
[ERROR] Failed to determine Java version for profile jdk11+ @ org.apache.shardingsphere:shardingsphere:5.1.3-SNAPSHOT, /root/workspace/apache-shardingsphere-master-18892_repo/pom.xml

10:36:20.767 [main] ERROR f.i.s.r.process.maven.MavenHelper - Error while building complete model. The raw model will be used. Error message: 1 problem was encountered while building the effective model for org.apache.shardingsphere:shardingsphere-sql-translator-native-provider:5.1.3-SNAPSHOT
[ERROR] Failed to determine Java version for profile jdk11+ @ org.apache.shardingsphere:shardingsphere:5.1.3-SNAPSHOT, /root/workspace/apache-shardingsphere-master-18892_repo/pom.xml

10:36:20.767 [main] ERROR f.i.s.r.p.step.paths.ComputeTestDir - The test directory is not at default location or specified in build section from pom.xml, and no parent can be found.
10:36:20.768 [main] ERROR f.i.s.r.process.maven.MavenHelper - Error while building complete model. The raw model will be used. Error message: 1 problem was encountered while building the effective model for org.apache.shardingsphere:shardingsphere-sql-translator-jooq-provider:5.1.3-SNAPSHOT
[ERROR] Failed to determine Java version for profile jdk11+ @ org.apache.shardingsphere:shardingsphere:5.1.3-SNAPSHOT, /root/workspace/apache-shardingsphere-master-18892_repo/pom.xml

10:36:20.769 [main] ERROR f.i.s.r.p.step.paths.ComputeTestDir - The test directory is not at default location or specified in build section from pom.xml, and no parent can be found.
10:36:20.769 [main] ERROR f.i.s.r.p.step.paths.ComputeTestDir - The test directory is not at default location or specified in build section from pom.xml, and no parent can be found.
10:36:20.770 [main] ERROR f.i.s.r.process.maven.MavenHelper - Error while building complete model. The raw model will be used. Error message: 1 problem was encountered while building the effective model for org.apache.shardingsphere:shardingsphere-traffic:5.1.3-SNAPSHOT
[ERROR] Failed to determine Java version for profile jdk11+ @ org.apache.shardingsphere:shardingsphere:5.1.3-SNAPSHOT, /root/workspace/apache-shardingsphere-master-18892_repo/pom.xml

10:36:20.772 [main] ERROR f.i.s.r.process.maven.MavenHelper - Error while building complete model. The raw model will be used. Error message: 1 problem was encountered while building the effective model for org.apache.shardingsphere:shardingsphere-traffic-api:5.1.3-SNAPSHOT
[ERROR] Failed to determine Java version for profile jdk11+ @ org.apache.shardingsphere:shardingsphere:5.1.3-SNAPSHOT, /root/workspace/apache-shardingsphere-master-18892_repo/pom.xml

10:36:20.774 [main] ERROR f.i.s.r.process.maven.MavenHelper - Error while building complete model. The raw model will be used. Error message: 1 problem was encountered while building the effective model for org.apache.shardingsphere:shardingsphere-traffic-core:5.1.3-SNAPSHOT
[ERROR] Failed to determine Java version for profile jdk11+ @ org.apache.shardingsphere:shardingsphere:5.1.3-SNAPSHOT, /root/workspace/apache-shardingsphere-master-18892_repo/pom.xml

10:36:20.776 [main] ERROR f.i.s.r.process.maven.MavenHelper - Error while building complete model. The raw model will be used. Error message: 1 problem was encountered while building the effective model for org.apache.shardingsphere:shardingsphere-jdbc:5.1.3-SNAPSHOT
[ERROR] Failed to determine Java version for profile jdk11+ @ org.apache.shardingsphere:shardingsphere:5.1.3-SNAPSHOT, /root/workspace/apache-shardingsphere-master-18892_repo/pom.xml

10:36:20.777 [main] ERROR f.i.s.r.process.maven.MavenHelper - Error while building complete model. The raw model will be used. Error message: 1 problem was encountered while building the effective model for org.apache.shardingsphere:shardingsphere-jdbc-core:5.1.3-SNAPSHOT
[ERROR] Failed to determine Java version for profile jdk11+ @ org.apache.shardingsphere:shardingsphere:5.1.3-SNAPSHOT, /root/workspace/apache-shardingsphere-master-18892_repo/pom.xml

10:36:20.779 [main] ERROR f.i.s.r.process.maven.MavenHelper - Error while building complete model. The raw model will be used. Error message: 1 problem was encountered while building the effective model for org.apache.shardingsphere:shardingsphere-jdbc-spring:5.1.3-SNAPSHOT
[ERROR] Failed to determine Java version for profile jdk11+ @ org.apache.shardingsphere:shardingsphere:5.1.3-SNAPSHOT, /root/workspace/apache-shardingsphere-master-18892_repo/pom.xml

10:36:20.781 [main] ERROR f.i.s.r.process.maven.MavenHelper - Error while building complete model. The raw model will be used. Error message: 1 problem was encountered while building the effective model for org.apache.shardingsphere:shardingsphere-jdbc-spring-infra:5.1.3-SNAPSHOT
[ERROR] Failed to determine Java version for profile jdk11+ @ org.apache.shardingsphere:shardingsphere:5.1.3-SNAPSHOT, /root/workspace/apache-shardingsphere-master-18892_repo/pom.xml

10:36:20.783 [main] ERROR f.i.s.r.process.maven.MavenHelper - Error while building complete model. The raw model will be used. Error message: 1 problem was encountered while building the effective model for org.apache.shardingsphere:shardingsphere-jdbc-spring-boot-starter-infra:5.1.3-SNAPSHOT
[ERROR] Failed to determine Java version for profile jdk11+ @ org.apache.shardingsphere:shardingsphere:5.1.3-SNAPSHOT, /root/workspace/apache-shardingsphere-master-18892_repo/pom.xml

10:36:20.785 [main] ERROR f.i.s.r.process.maven.MavenHelper - Error while building complete model. The raw model will be used. Error message: 1 problem was encountered while building the effective model for org.apache.shardingsphere:shardingsphere-jdbc-spring-namespace-infra:5.1.3-SNAPSHOT
[ERROR] Failed to determine Java version for profile jdk11+ @ org.apache.shardingsphere:shardingsphere:5.1.3-SNAPSHOT, /root/workspace/apache-shardingsphere-master-18892_repo/pom.xml

10:36:20.787 [main] ERROR f.i.s.r.process.maven.MavenHelper - Error while building complete model. The raw model will be used. Error message: 1 problem was encountered while building the effective model for org.apache.shardingsphere:shardingsphere-jdbc-core-spring:5.1.3-SNAPSHOT
[ERROR] Failed to determine Java version for profile jdk11+ @ org.apache.shardingsphere:shardingsphere:5.1.3-SNAPSHOT, /root/workspace/apache-shardingsphere-master-18892_repo/pom.xml

10:36:20.789 [main] ERROR f.i.s.r.process.maven.MavenHelper - Error while building complete model. The raw model will be used. Error message: 1 problem was encountered while building the effective model for org.apache.shardingsphere:shardingsphere-jdbc-core-spring-boot-starter:5.1.3-SNAPSHOT
[ERROR] Failed to determine Java version for profile jdk11+ @ org.apache.shardingsphere:shardingsphere:5.1.3-SNAPSHOT, /root/workspace/apache-shardingsphere-master-18892_repo/pom.xml

10:36:20.791 [main] ERROR f.i.s.r.process.maven.MavenHelper - Error while building complete model. The raw model will be used. Error message: 1 problem was encountered while building the effective model for org.apache.shardingsphere:shardingsphere-jdbc-core-spring-namespace:5.1.3-SNAPSHOT
[ERROR] Failed to determine Java version for profile jdk11+ @ org.apache.shardingsphere:shardingsphere:5.1.3-SNAPSHOT, /root/workspace/apache-shardingsphere-master-18892_repo/pom.xml

10:36:20.793 [main] ERROR f.i.s.r.process.maven.MavenHelper - Error while building complete model. The raw model will be used. Error message: 1 problem was encountered while building the effective model for org.apache.shardingsphere:shardingsphere-jdbc-transaction-spring:5.1.3-SNAPSHOT
[ERROR] Failed to determine Java version for profile jdk11+ @ org.apache.shardingsphere:shardingsphere:5.1.3-SNAPSHOT, /root/workspace/apache-shardingsphere-master-18892_repo/pom.xml

10:36:20.795 [main] ERROR f.i.s.r.process.maven.MavenHelper - Error while building complete model. The raw model will be used. Error message: 1 problem was encountered while building the effective model for org.apache.shardingsphere:shardingsphere-proxy:5.1.3-SNAPSHOT
[ERROR] Failed to determine Java version for profile jdk11+ @ org.apache.shardingsphere:shardingsphere:5.1.3-SNAPSHOT, /root/workspace/apache-shardingsphere-master-18892_repo/pom.xml

10:36:20.797 [main] ERROR f.i.s.r.process.maven.MavenHelper - Error while building complete model. The raw model will be used. Error message: 1 problem was encountered while building the effective model for org.apache.shardingsphere:shardingsphere-proxy-frontend:5.1.3-SNAPSHOT
[ERROR] Failed to determine Java version for profile jdk11+ @ org.apache.shardingsphere:shardingsphere:5.1.3-SNAPSHOT, /root/workspace/apache-shardingsphere-master-18892_repo/pom.xml

10:36:20.798 [main] ERROR f.i.s.r.process.maven.MavenHelper - Error while building complete model. The raw model will be used. Error message: 1 problem was encountered while building the effective model for org.apache.shardingsphere:shardingsphere-proxy-frontend-spi:5.1.3-SNAPSHOT
[ERROR] Failed to determine Java version for profile jdk11+ @ org.apache.shardingsphere:shardingsphere:5.1.3-SNAPSHOT, /root/workspace/apache-shardingsphere-master-18892_repo/pom.xml

10:36:20.799 [main] ERROR f.i.s.r.p.step.paths.ComputeTestDir - The test directory is not at default location or specified in build section from pom.xml, and no parent can be found.
10:36:20.800 [main] ERROR f.i.s.r.process.maven.MavenHelper - Error while building complete model. The raw model will be used. Error message: 1 problem was encountered while building the effective model for org.apache.shardingsphere:shardingsphere-proxy-frontend-core:5.1.3-SNAPSHOT
[ERROR] Failed to determine Java version for profile jdk11+ @ org.apache.shardingsphere:shardingsphere:5.1.3-SNAPSHOT, /root/workspace/apache-shardingsphere-master-18892_repo/pom.xml

10:36:20.803 [main] ERROR f.i.s.r.process.maven.MavenHelper - Error while building complete model. The raw model will be used. Error message: 1 problem was encountered while building the effective model for org.apache.shardingsphere:shardingsphere-proxy-frontend-mysql:5.1.3-SNAPSHOT
[ERROR] Failed to determine Java version for profile jdk11+ @ org.apache.shardingsphere:shardingsphere:5.1.3-SNAPSHOT, /root/workspace/apache-shardingsphere-master-18892_repo/pom.xml

10:36:20.804 [main] ERROR f.i.s.r.process.maven.MavenHelper - Error while building complete model. The raw model will be used. Error message: 1 problem was encountered while building the effective model for org.apache.shardingsphere:shardingsphere-proxy-frontend-postgresql:5.1.3-SNAPSHOT
[ERROR] Failed to determine Java version for profile jdk11+ @ org.apache.shardingsphere:shardingsphere:5.1.3-SNAPSHOT, /root/workspace/apache-shardingsphere-master-18892_repo/pom.xml

10:36:20.806 [main] ERROR f.i.s.r.process.maven.MavenHelper - Error while building complete model. The raw model will be used. Error message: 1 problem was encountered while building the effective model for org.apache.shardingsphere:shardingsphere-proxy-frontend-opengauss:5.1.3-SNAPSHOT
[ERROR] Failed to determine Java version for profile jdk11+ @ org.apache.shardingsphere:shardingsphere:5.1.3-SNAPSHOT, /root/workspace/apache-shardingsphere-master-18892_repo/pom.xml

10:36:20.808 [main] ERROR f.i.s.r.process.maven.MavenHelper - Error while building complete model. The raw model will be used. Error message: 1 problem was encountered while building the effective model for org.apache.shardingsphere:shardingsphere-proxy-frontend-reactive-core:5.1.3-SNAPSHOT
[ERROR] Failed to determine Java version for profile jdk11+ @ org.apache.shardingsphere:shardingsphere:5.1.3-SNAPSHOT, /root/workspace/apache-shardingsphere-master-18892_repo/pom.xml

10:36:20.810 [main] ERROR f.i.s.r.process.maven.MavenHelper - Error while building complete model. The raw model will be used. Error message: 1 problem was encountered while building the effective model for org.apache.shardingsphere:shardingsphere-proxy-frontend-reactive-mysql:5.1.3-SNAPSHOT
[ERROR] Failed to determine Java version for profile jdk11+ @ org.apache.shardingsphere:shardingsphere:5.1.3-SNAPSHOT, /root/workspace/apache-shardingsphere-master-18892_repo/pom.xml

10:36:20.810 [main] ERROR f.i.s.r.p.step.paths.ComputeTestDir - The test directory is not at default location or specified in build section from pom.xml, and no parent can be found.
10:36:20.812 [main] ERROR f.i.s.r.process.maven.MavenHelper - Error while building complete model. The raw model will be used. Error message: 1 problem was encountered while building the effective model for org.apache.shardingsphere:shardingsphere-proxy-frontend-reactive-spi:5.1.3-SNAPSHOT
[ERROR] Failed to determine Java version for profile jdk11+ @ org.apache.shardingsphere:shardingsphere:5.1.3-SNAPSHOT, /root/workspace/apache-shardingsphere-master-18892_repo/pom.xml

10:36:20.812 [main] ERROR f.i.s.r.p.step.paths.ComputeTestDir - The test directory is not at default location or specified in build section from pom.xml, and no parent can be found.
10:36:20.814 [main] ERROR f.i.s.r.process.maven.MavenHelper - Error while building complete model. The raw model will be used. Error message: 1 problem was encountered while building the effective model for org.apache.shardingsphere:shardingsphere-proxy-backend:5.1.3-SNAPSHOT
[ERROR] Failed to determine Java version for profile jdk11+ @ org.apache.shardingsphere:shardingsphere:5.1.3-SNAPSHOT, /root/workspace/apache-shardingsphere-master-18892_repo/pom.xml

10:36:20.816 [main] ERROR f.i.s.r.process.maven.MavenHelper - Error while building complete model. The raw model will be used. Error message: 1 problem was encountered while building the effective model for org.apache.shardingsphere:shardingsphere-proxy-bootstrap:5.1.3-SNAPSHOT
[ERROR] Failed to determine Java version for profile jdk11+ @ org.apache.shardingsphere:shardingsphere:5.1.3-SNAPSHOT, /root/workspace/apache-shardingsphere-master-18892_repo/pom.xml

10:36:20.818 [main] ERROR f.i.s.r.process.maven.MavenHelper - Error while building complete model. The raw model will be used. Error message: 1 problem was encountered while building the effective model for org.apache.shardingsphere:shardingsphere-features:5.1.3-SNAPSHOT
[ERROR] Failed to determine Java version for profile jdk11+ @ org.apache.shardingsphere:shardingsphere:5.1.3-SNAPSHOT, /root/workspace/apache-shardingsphere-master-18892_repo/pom.xml

10:36:20.819 [main] ERROR f.i.s.r.process.maven.MavenHelper - Error while building complete model. The raw model will be used. Error message: 1 problem was encountered while building the effective model for org.apache.shardingsphere:shardingsphere-sharding:5.1.3-SNAPSHOT
[ERROR] Failed to determine Java version for profile jdk11+ @ org.apache.shardingsphere:shardingsphere:5.1.3-SNAPSHOT, /root/workspace/apache-shardingsphere-master-18892_repo/pom.xml

10:36:20.821 [main] ERROR f.i.s.r.process.maven.MavenHelper - Error while building complete model. The raw model will be used. Error message: 1 problem was encountered while building the effective model for org.apache.shardingsphere:shardingsphere-sharding-api:5.1.3-SNAPSHOT
[ERROR] Failed to determine Java version for profile jdk11+ @ org.apache.shardingsphere:shardingsphere:5.1.3-SNAPSHOT, /root/workspace/apache-shardingsphere-master-18892_repo/pom.xml

10:36:20.823 [main] ERROR f.i.s.r.process.maven.MavenHelper - Error while building complete model. The raw model will be used. Error message: 1 problem was encountered while building the effective model for org.apache.shardingsphere:shardingsphere-sharding-core:5.1.3-SNAPSHOT
[ERROR] Failed to determine Java version for profile jdk11+ @ org.apache.shardingsphere:shardingsphere:5.1.3-SNAPSHOT, /root/workspace/apache-shardingsphere-master-18892_repo/pom.xml

10:36:20.825 [main] ERROR f.i.s.r.process.maven.MavenHelper - Error while building complete model. The raw model will be used. Error message: 1 problem was encountered while building the effective model for org.apache.shardingsphere:shardingsphere-sharding-distsql:5.1.3-SNAPSHOT
[ERROR] Failed to determine Java version for profile jdk11+ @ org.apache.shardingsphere:shardingsphere:5.1.3-SNAPSHOT, /root/workspace/apache-shardingsphere-master-18892_repo/pom.xml

10:36:20.827 [main] ERROR f.i.s.r.process.maven.MavenHelper - Error while building complete model. The raw model will be used. Error message: 1 problem was encountered while building the effective model for org.apache.shardingsphere:shardingsphere-sharding-distsql-statement:5.1.3-SNAPSHOT
[ERROR] Failed to determine Java version for profile jdk11+ @ org.apache.shardingsphere:shardingsphere:5.1.3-SNAPSHOT, /root/workspace/apache-shardingsphere-master-18892_repo/pom.xml

10:36:20.827 [main] ERROR f.i.s.r.p.step.paths.ComputeTestDir - The test directory is not at default location or specified in build section from pom.xml, and no parent can be found.
10:36:20.829 [main] ERROR f.i.s.r.process.maven.MavenHelper - Error while building complete model. The raw model will be used. Error message: 1 problem was encountered while building the effective model for org.apache.shardingsphere:shardingsphere-sharding-distsql-parser:5.1.3-SNAPSHOT
[ERROR] Failed to determine Java version for profile jdk11+ @ org.apache.shardingsphere:shardingsphere:5.1.3-SNAPSHOT, /root/workspace/apache-shardingsphere-master-18892_repo/pom.xml

10:36:20.829 [main] ERROR f.i.s.r.p.step.paths.ComputeTestDir - The test directory is not at default location or specified in build section from pom.xml, and no parent can be found.
10:36:20.831 [main] ERROR f.i.s.r.process.maven.MavenHelper - Error while building complete model. The raw model will be used. Error message: 1 problem was encountered while building the effective model for org.apache.shardingsphere:shardingsphere-sharding-distsql-handler:5.1.3-SNAPSHOT
[ERROR] Failed to determine Java version for profile jdk11+ @ org.apache.shardingsphere:shardingsphere:5.1.3-SNAPSHOT, /root/workspace/apache-shardingsphere-master-18892_repo/pom.xml

10:36:20.833 [main] ERROR f.i.s.r.process.maven.MavenHelper - Error while building complete model. The raw model will be used. Error message: 1 problem was encountered while building the effective model for org.apache.shardingsphere:shardingsphere-sharding-spring:5.1.3-SNAPSHOT
[ERROR] Failed to determine Java version for profile jdk11+ @ org.apache.shardingsphere:shardingsphere:5.1.3-SNAPSHOT, /root/workspace/apache-shardingsphere-master-18892_repo/pom.xml

10:36:20.835 [main] ERROR f.i.s.r.process.maven.MavenHelper - Error while building complete model. The raw model will be used. Error message: 1 problem was encountered while building the effective model for org.apache.shardingsphere:shardingsphere-sharding-spring-namespace:5.1.3-SNAPSHOT
[ERROR] Failed to determine Java version for profile jdk11+ @ org.apache.shardingsphere:shardingsphere:5.1.3-SNAPSHOT, /root/workspace/apache-shardingsphere-master-18892_repo/pom.xml

10:36:20.836 [main] ERROR f.i.s.r.process.maven.MavenHelper - Error while building complete model. The raw model will be used. Error message: 1 problem was encountered while building the effective model for org.apache.shardingsphere:shardingsphere-sharding-spring-boot-starter:5.1.3-SNAPSHOT
[ERROR] Failed to determine Java version for profile jdk11+ @ org.apache.shardingsphere:shardingsphere:5.1.3-SNAPSHOT, /root/workspace/apache-shardingsphere-master-18892_repo/pom.xml

10:36:20.838 [main] ERROR f.i.s.r.process.maven.MavenHelper - Error while building complete model. The raw model will be used. Error message: 1 problem was encountered while building the effective model for org.apache.shardingsphere:shardingsphere-sharding-plugin:5.1.3-SNAPSHOT
[ERROR] Failed to determine Java version for profile jdk11+ @ org.apache.shardingsphere:shardingsphere:5.1.3-SNAPSHOT, /root/workspace/apache-shardingsphere-master-18892_repo/pom.xml

10:36:20.840 [main] ERROR f.i.s.r.process.maven.MavenHelper - Error while building complete model. The raw model will be used. Error message: 1 problem was encountered while building the effective model for org.apache.shardingsphere:shardingsphere-sharding-cosid:5.1.3-SNAPSHOT
[ERROR] Failed to determine Java version for profile jdk11+ @ org.apache.shardingsphere:shardingsphere:5.1.3-SNAPSHOT, /root/workspace/apache-shardingsphere-master-18892_repo/pom.xml

10:36:20.842 [main] ERROR f.i.s.r.process.maven.MavenHelper - Error while building complete model. The raw model will be used. Error message: 1 problem was encountered while building the effective model for org.apache.shardingsphere:shardingsphere-sharding-nanoid:5.1.3-SNAPSHOT
[ERROR] Failed to determine Java version for profile jdk11+ @ org.apache.shardingsphere:shardingsphere:5.1.3-SNAPSHOT, /root/workspace/apache-shardingsphere-master-18892_repo/pom.xml

10:36:20.844 [main] ERROR f.i.s.r.process.maven.MavenHelper - Error while building complete model. The raw model will be used. Error message: 1 problem was encountered while building the effective model for org.apache.shardingsphere:shardingsphere-readwrite-splitting:5.1.3-SNAPSHOT
[ERROR] Failed to determine Java version for profile jdk11+ @ org.apache.shardingsphere:shardingsphere:5.1.3-SNAPSHOT, /root/workspace/apache-shardingsphere-master-18892_repo/pom.xml

10:36:20.846 [main] ERROR f.i.s.r.process.maven.MavenHelper - Error while building complete model. The raw model will be used. Error message: 1 problem was encountered while building the effective model for org.apache.shardingsphere:shardingsphere-readwrite-splitting-api:5.1.3-SNAPSHOT
[ERROR] Failed to determine Java version for profile jdk11+ @ org.apache.shardingsphere:shardingsphere:5.1.3-SNAPSHOT, /root/workspace/apache-shardingsphere-master-18892_repo/pom.xml

10:36:20.847 [main] ERROR f.i.s.r.process.maven.MavenHelper - Error while building complete model. The raw model will be used. Error message: 1 problem was encountered while building the effective model for org.apache.shardingsphere:shardingsphere-readwrite-splitting-core:5.1.3-SNAPSHOT
[ERROR] Failed to determine Java version for profile jdk11+ @ org.apache.shardingsphere:shardingsphere:5.1.3-SNAPSHOT, /root/workspace/apache-shardingsphere-master-18892_repo/pom.xml

10:36:20.849 [main] ERROR f.i.s.r.process.maven.MavenHelper - Error while building complete model. The raw model will be used. Error message: 1 problem was encountered while building the effective model for org.apache.shardingsphere:shardingsphere-readwrite-splitting-distsql:5.1.3-SNAPSHOT
[ERROR] Failed to determine Java version for profile jdk11+ @ org.apache.shardingsphere:shardingsphere:5.1.3-SNAPSHOT, /root/workspace/apache-shardingsphere-master-18892_repo/pom.xml

10:36:20.851 [main] ERROR f.i.s.r.process.maven.MavenHelper - Error while building complete model. The raw model will be used. Error message: 1 problem was encountered while building the effective model for org.apache.shardingsphere:shardingsphere-readwrite-splitting-distsql-statement:5.1.3-SNAPSHOT
[ERROR] Failed to determine Java version for profile jdk11+ @ org.apache.shardingsphere:shardingsphere:5.1.3-SNAPSHOT, /root/workspace/apache-shardingsphere-master-18892_repo/pom.xml

10:36:20.851 [main] ERROR f.i.s.r.p.step.paths.ComputeTestDir - The test directory is not at default location or specified in build section from pom.xml, and no parent can be found.
10:36:20.853 [main] ERROR f.i.s.r.process.maven.MavenHelper - Error while building complete model. The raw model will be used. Error message: 1 problem was encountered while building the effective model for org.apache.shardingsphere:shardingsphere-readwrite-splitting-distsql-parser:5.1.3-SNAPSHOT
[ERROR] Failed to determine Java version for profile jdk11+ @ org.apache.shardingsphere:shardingsphere:5.1.3-SNAPSHOT, /root/workspace/apache-shardingsphere-master-18892_repo/pom.xml

10:36:20.853 [main] ERROR f.i.s.r.p.step.paths.ComputeTestDir - The test directory is not at default location or specified in build section from pom.xml, and no parent can be found.
10:36:20.855 [main] ERROR f.i.s.r.process.maven.MavenHelper - Error while building complete model. The raw model will be used. Error message: 1 problem was encountered while building the effective model for org.apache.shardingsphere:shardingsphere-readwrite-splitting-distsql-handler:5.1.3-SNAPSHOT
[ERROR] Failed to determine Java version for profile jdk11+ @ org.apache.shardingsphere:shardingsphere:5.1.3-SNAPSHOT, /root/workspace/apache-shardingsphere-master-18892_repo/pom.xml

10:36:20.857 [main] ERROR f.i.s.r.process.maven.MavenHelper - Error while building complete model. The raw model will be used. Error message: 1 problem was encountered while building the effective model for org.apache.shardingsphere:shardingsphere-readwrite-splitting-spring:5.1.3-SNAPSHOT
[ERROR] Failed to determine Java version for profile jdk11+ @ org.apache.shardingsphere:shardingsphere:5.1.3-SNAPSHOT, /root/workspace/apache-shardingsphere-master-18892_repo/pom.xml

10:36:20.858 [main] ERROR f.i.s.r.process.maven.MavenHelper - Error while building complete model. The raw model will be used. Error message: 1 problem was encountered while building the effective model for org.apache.shardingsphere:shardingsphere-readwrite-splitting-spring-namespace:5.1.3-SNAPSHOT
[ERROR] Failed to determine Java version for profile jdk11+ @ org.apache.shardingsphere:shardingsphere:5.1.3-SNAPSHOT, /root/workspace/apache-shardingsphere-master-18892_repo/pom.xml

10:36:20.860 [main] ERROR f.i.s.r.process.maven.MavenHelper - Error while building complete model. The raw model will be used. Error message: 1 problem was encountered while building the effective model for org.apache.shardingsphere:shardingsphere-readwrite-splitting-spring-boot-starter:5.1.3-SNAPSHOT
[ERROR] Failed to determine Java version for profile jdk11+ @ org.apache.shardingsphere:shardingsphere:5.1.3-SNAPSHOT, /root/workspace/apache-shardingsphere-master-18892_repo/pom.xml

10:36:20.862 [main] ERROR f.i.s.r.process.maven.MavenHelper - Error while building complete model. The raw model will be used. Error message: 1 problem was encountered while building the effective model for org.apache.shardingsphere:shardingsphere-db-discovery:5.1.3-SNAPSHOT
[ERROR] Failed to determine Java version for profile jdk11+ @ org.apache.shardingsphere:shardingsphere:5.1.3-SNAPSHOT, /root/workspace/apache-shardingsphere-master-18892_repo/pom.xml

10:36:20.864 [main] ERROR f.i.s.r.process.maven.MavenHelper - Error while building complete model. The raw model will be used. Error message: 1 problem was encountered while building the effective model for org.apache.shardingsphere:shardingsphere-db-discovery-api:5.1.3-SNAPSHOT
[ERROR] Failed to determine Java version for profile jdk11+ @ org.apache.shardingsphere:shardingsphere:5.1.3-SNAPSHOT, /root/workspace/apache-shardingsphere-master-18892_repo/pom.xml

10:36:20.864 [main] ERROR f.i.s.r.p.step.paths.ComputeTestDir - The test directory is not at default location or specified in build section from pom.xml, and no parent can be found.
10:36:20.866 [main] ERROR f.i.s.r.process.maven.MavenHelper - Error while building complete model. The raw model will be used. Error message: 1 problem was encountered while building the effective model for org.apache.shardingsphere:shardingsphere-db-discovery-core:5.1.3-SNAPSHOT
[ERROR] Failed to determine Java version for profile jdk11+ @ org.apache.shardingsphere:shardingsphere:5.1.3-SNAPSHOT, /root/workspace/apache-shardingsphere-master-18892_repo/pom.xml

10:36:20.868 [main] ERROR f.i.s.r.process.maven.MavenHelper - Error while building complete model. The raw model will be used. Error message: 1 problem was encountered while building the effective model for org.apache.shardingsphere:shardingsphere-db-discovery-distsql:5.1.3-SNAPSHOT
[ERROR] Failed to determine Java version for profile jdk11+ @ org.apache.shardingsphere:shardingsphere:5.1.3-SNAPSHOT, /root/workspace/apache-shardingsphere-master-18892_repo/pom.xml

10:36:20.870 [main] ERROR f.i.s.r.process.maven.MavenHelper - Error while building complete model. The raw model will be used. Error message: 1 problem was encountered while building the effective model for org.apache.shardingsphere:shardingsphere-db-discovery-distsql-statement:5.1.3-SNAPSHOT
[ERROR] Failed to determine Java version for profile jdk11+ @ org.apache.shardingsphere:shardingsphere:5.1.3-SNAPSHOT, /root/workspace/apache-shardingsphere-master-18892_repo/pom.xml

10:36:20.870 [main] ERROR f.i.s.r.p.step.paths.ComputeTestDir - The test directory is not at default location or specified in build section from pom.xml, and no parent can be found.
10:36:20.872 [main] ERROR f.i.s.r.process.maven.MavenHelper - Error while building complete model. The raw model will be used. Error message: 1 problem was encountered while building the effective model for org.apache.shardingsphere:shardingsphere-db-discovery-distsql-parser:5.1.3-SNAPSHOT
[ERROR] Failed to determine Java version for profile jdk11+ @ org.apache.shardingsphere:shardingsphere:5.1.3-SNAPSHOT, /root/workspace/apache-shardingsphere-master-18892_repo/pom.xml

10:36:20.872 [main] ERROR f.i.s.r.p.step.paths.ComputeTestDir - The test directory is not at default location or specified in build section from pom.xml, and no parent can be found.
10:36:20.874 [main] ERROR f.i.s.r.process.maven.MavenHelper - Error while building complete model. The raw model will be used. Error message: 1 problem was encountered while building the effective model for org.apache.shardingsphere:shardingsphere-db-discovery-distsql-handler:5.1.3-SNAPSHOT
[ERROR] Failed to determine Java version for profile jdk11+ @ org.apache.shardingsphere:shardingsphere:5.1.3-SNAPSHOT, /root/workspace/apache-shardingsphere-master-18892_repo/pom.xml

10:36:20.876 [main] ERROR f.i.s.r.process.maven.MavenHelper - Error while building complete model. The raw model will be used. Error message: 1 problem was encountered while building the effective model for org.apache.shardingsphere:shardingsphere-db-discovery-provider:5.1.3-SNAPSHOT
[ERROR] Failed to determine Java version for profile jdk11+ @ org.apache.shardingsphere:shardingsphere:5.1.3-SNAPSHOT, /root/workspace/apache-shardingsphere-master-18892_repo/pom.xml

10:36:20.877 [main] ERROR f.i.s.r.process.maven.MavenHelper - Error while building complete model. The raw model will be used. Error message: 1 problem was encountered while building the effective model for org.apache.shardingsphere:shardingsphere-db-discovery-mysql:5.1.3-SNAPSHOT
[ERROR] Failed to determine Java version for profile jdk11+ @ org.apache.shardingsphere:shardingsphere:5.1.3-SNAPSHOT, /root/workspace/apache-shardingsphere-master-18892_repo/pom.xml

10:36:20.879 [main] ERROR f.i.s.r.process.maven.MavenHelper - Error while building complete model. The raw model will be used. Error message: 1 problem was encountered while building the effective model for org.apache.shardingsphere:shardingsphere-db-discovery-opengauss:5.1.3-SNAPSHOT
[ERROR] Failed to determine Java version for profile jdk11+ @ org.apache.shardingsphere:shardingsphere:5.1.3-SNAPSHOT, /root/workspace/apache-shardingsphere-master-18892_repo/pom.xml

10:36:20.881 [main] ERROR f.i.s.r.process.maven.MavenHelper - Error while building complete model. The raw model will be used. Error message: 1 problem was encountered while building the effective model for org.apache.shardingsphere:shardingsphere-db-discovery-spring:5.1.3-SNAPSHOT
[ERROR] Failed to determine Java version for profile jdk11+ @ org.apache.shardingsphere:shardingsphere:5.1.3-SNAPSHOT, /root/workspace/apache-shardingsphere-master-18892_repo/pom.xml

10:36:20.883 [main] ERROR f.i.s.r.process.maven.MavenHelper - Error while building complete model. The raw model will be used. Error message: 1 problem was encountered while building the effective model for org.apache.shardingsphere:shardingsphere-db-discovery-spring-namespace:5.1.3-SNAPSHOT
[ERROR] Failed to determine Java version for profile jdk11+ @ org.apache.shardingsphere:shardingsphere:5.1.3-SNAPSHOT, /root/workspace/apache-shardingsphere-master-18892_repo/pom.xml

10:36:20.885 [main] ERROR f.i.s.r.process.maven.MavenHelper - Error while building complete model. The raw model will be used. Error message: 1 problem was encountered while building the effective model for org.apache.shardingsphere:shardingsphere-db-discovery-spring-boot-starter:5.1.3-SNAPSHOT
[ERROR] Failed to determine Java version for profile jdk11+ @ org.apache.shardingsphere:shardingsphere:5.1.3-SNAPSHOT, /root/workspace/apache-shardingsphere-master-18892_repo/pom.xml

10:36:20.887 [main] ERROR f.i.s.r.process.maven.MavenHelper - Error while building complete model. The raw model will be used. Error message: 1 problem was encountered while building the effective model for org.apache.shardingsphere:shardingsphere-encrypt:5.1.3-SNAPSHOT
[ERROR] Failed to determine Java version for profile jdk11+ @ org.apache.shardingsphere:shardingsphere:5.1.3-SNAPSHOT, /root/workspace/apache-shardingsphere-master-18892_repo/pom.xml

10:36:20.889 [main] ERROR f.i.s.r.process.maven.MavenHelper - Error while building complete model. The raw model will be used. Error message: 1 problem was encountered while building the effective model for org.apache.shardingsphere:shardingsphere-encrypt-api:5.1.3-SNAPSHOT
[ERROR] Failed to determine Java version for profile jdk11+ @ org.apache.shardingsphere:shardingsphere:5.1.3-SNAPSHOT, /root/workspace/apache-shardingsphere-master-18892_repo/pom.xml

10:36:20.889 [main] ERROR f.i.s.r.p.step.paths.ComputeTestDir - The test directory is not at default location or specified in build section from pom.xml, and no parent can be found.
10:36:20.891 [main] ERROR f.i.s.r.process.maven.MavenHelper - Error while building complete model. The raw model will be used. Error message: 1 problem was encountered while building the effective model for org.apache.shardingsphere:shardingsphere-encrypt-core:5.1.3-SNAPSHOT
[ERROR] Failed to determine Java version for profile jdk11+ @ org.apache.shardingsphere:shardingsphere:5.1.3-SNAPSHOT, /root/workspace/apache-shardingsphere-master-18892_repo/pom.xml

10:36:20.893 [main] ERROR f.i.s.r.process.maven.MavenHelper - Error while building complete model. The raw model will be used. Error message: 1 problem was encountered while building the effective model for org.apache.shardingsphere:shardingsphere-encrypt-distsql:5.1.3-SNAPSHOT
[ERROR] Failed to determine Java version for profile jdk11+ @ org.apache.shardingsphere:shardingsphere:5.1.3-SNAPSHOT, /root/workspace/apache-shardingsphere-master-18892_repo/pom.xml

10:36:20.895 [main] ERROR f.i.s.r.process.maven.MavenHelper - Error while building complete model. The raw model will be used. Error message: 1 problem was encountered while building the effective model for org.apache.shardingsphere:shardingsphere-encrypt-distsql-statement:5.1.3-SNAPSHOT
[ERROR] Failed to determine Java version for profile jdk11+ @ org.apache.shardingsphere:shardingsphere:5.1.3-SNAPSHOT, /root/workspace/apache-shardingsphere-master-18892_repo/pom.xml

10:36:20.895 [main] ERROR f.i.s.r.p.step.paths.ComputeTestDir - The test directory is not at default location or specified in build section from pom.xml, and no parent can be found.
10:36:20.897 [main] ERROR f.i.s.r.process.maven.MavenHelper - Error while building complete model. The raw model will be used. Error message: 1 problem was encountered while building the effective model for org.apache.shardingsphere:shardingsphere-encrypt-distsql-parser:5.1.3-SNAPSHOT
[ERROR] Failed to determine Java version for profile jdk11+ @ org.apache.shardingsphere:shardingsphere:5.1.3-SNAPSHOT, /root/workspace/apache-shardingsphere-master-18892_repo/pom.xml

10:36:20.897 [main] ERROR f.i.s.r.p.step.paths.ComputeTestDir - The test directory is not at default location or specified in build section from pom.xml, and no parent can be found.
10:36:20.899 [main] ERROR f.i.s.r.process.maven.MavenHelper - Error while building complete model. The raw model will be used. Error message: 1 problem was encountered while building the effective model for org.apache.shardingsphere:shardingsphere-encrypt-distsql-handler:5.1.3-SNAPSHOT
[ERROR] Failed to determine Java version for profile jdk11+ @ org.apache.shardingsphere:shardingsphere:5.1.3-SNAPSHOT, /root/workspace/apache-shardingsphere-master-18892_repo/pom.xml

10:36:20.900 [main] ERROR f.i.s.r.process.maven.MavenHelper - Error while building complete model. The raw model will be used. Error message: 1 problem was encountered while building the effective model for org.apache.shardingsphere:shardingsphere-encrypt-spring:5.1.3-SNAPSHOT
[ERROR] Failed to determine Java version for profile jdk11+ @ org.apache.shardingsphere:shardingsphere:5.1.3-SNAPSHOT, /root/workspace/apache-shardingsphere-master-18892_repo/pom.xml

10:36:20.902 [main] ERROR f.i.s.r.process.maven.MavenHelper - Error while building complete model. The raw model will be used. Error message: 1 problem was encountered while building the effective model for org.apache.shardingsphere:shardingsphere-encrypt-spring-namespace:5.1.3-SNAPSHOT
[ERROR] Failed to determine Java version for profile jdk11+ @ org.apache.shardingsphere:shardingsphere:5.1.3-SNAPSHOT, /root/workspace/apache-shardingsphere-master-18892_repo/pom.xml

10:36:20.905 [main] ERROR f.i.s.r.process.maven.MavenHelper - Error while building complete model. The raw model will be used. Error message: 1 problem was encountered while building the effective model for org.apache.shardingsphere:shardingsphere-encrypt-spring-boot-starter:5.1.3-SNAPSHOT
[ERROR] Failed to determine Java version for profile jdk11+ @ org.apache.shardingsphere:shardingsphere:5.1.3-SNAPSHOT, /root/workspace/apache-shardingsphere-master-18892_repo/pom.xml

10:36:20.907 [main] ERROR f.i.s.r.process.maven.MavenHelper - Error while building complete model. The raw model will be used. Error message: 1 problem was encountered while building the effective model for org.apache.shardingsphere:shardingsphere-encrypt-plugin:5.1.3-SNAPSHOT
[ERROR] Failed to determine Java version for profile jdk11+ @ org.apache.shardingsphere:shardingsphere:5.1.3-SNAPSHOT, /root/workspace/apache-shardingsphere-master-18892_repo/pom.xml

10:36:20.909 [main] ERROR f.i.s.r.process.maven.MavenHelper - Error while building complete model. The raw model will be used. Error message: 1 problem was encountered while building the effective model for org.apache.shardingsphere:shardingsphere-encrypt-sm:5.1.3-SNAPSHOT
[ERROR] Failed to determine Java version for profile jdk11+ @ org.apache.shardingsphere:shardingsphere:5.1.3-SNAPSHOT, /root/workspace/apache-shardingsphere-master-18892_repo/pom.xml

10:36:20.911 [main] ERROR f.i.s.r.process.maven.MavenHelper - Error while building complete model. The raw model will be used. Error message: 1 problem was encountered while building the effective model for org.apache.shardingsphere:shardingsphere-shadow:5.1.3-SNAPSHOT
[ERROR] Failed to determine Java version for profile jdk11+ @ org.apache.shardingsphere:shardingsphere:5.1.3-SNAPSHOT, /root/workspace/apache-shardingsphere-master-18892_repo/pom.xml

10:36:20.912 [main] ERROR f.i.s.r.process.maven.MavenHelper - Error while building complete model. The raw model will be used. Error message: 1 problem was encountered while building the effective model for org.apache.shardingsphere:shardingsphere-shadow-api:5.1.3-SNAPSHOT
[ERROR] Failed to determine Java version for profile jdk11+ @ org.apache.shardingsphere:shardingsphere:5.1.3-SNAPSHOT, /root/workspace/apache-shardingsphere-master-18892_repo/pom.xml

10:36:20.912 [main] ERROR f.i.s.r.p.step.paths.ComputeTestDir - The test directory is not at default location or specified in build section from pom.xml, and no parent can be found.
10:36:20.914 [main] ERROR f.i.s.r.process.maven.MavenHelper - Error while building complete model. The raw model will be used. Error message: 1 problem was encountered while building the effective model for org.apache.shardingsphere:shardingsphere-shadow-core:5.1.3-SNAPSHOT
[ERROR] Failed to determine Java version for profile jdk11+ @ org.apache.shardingsphere:shardingsphere:5.1.3-SNAPSHOT, /root/workspace/apache-shardingsphere-master-18892_repo/pom.xml

10:36:20.916 [main] ERROR f.i.s.r.process.maven.MavenHelper - Error while building complete model. The raw model will be used. Error message: 1 problem was encountered while building the effective model for org.apache.shardingsphere:shardingsphere-shadow-distsql:5.1.3-SNAPSHOT
[ERROR] Failed to determine Java version for profile jdk11+ @ org.apache.shardingsphere:shardingsphere:5.1.3-SNAPSHOT, /root/workspace/apache-shardingsphere-master-18892_repo/pom.xml

10:36:20.918 [main] ERROR f.i.s.r.process.maven.MavenHelper - Error while building complete model. The raw model will be used. Error message: 1 problem was encountered while building the effective model for org.apache.shardingsphere:shardingsphere-shadow-distsql-statement:5.1.3-SNAPSHOT
[ERROR] Failed to determine Java version for profile jdk11+ @ org.apache.shardingsphere:shardingsphere:5.1.3-SNAPSHOT, /root/workspace/apache-shardingsphere-master-18892_repo/pom.xml

10:36:20.918 [main] ERROR f.i.s.r.p.step.paths.ComputeTestDir - The test directory is not at default location or specified in build section from pom.xml, and no parent can be found.
10:36:20.919 [main] ERROR f.i.s.r.process.maven.MavenHelper - Error while building complete model. The raw model will be used. Error message: 1 problem was encountered while building the effective model for org.apache.shardingsphere:shardingsphere-shadow-distsql-parser:5.1.3-SNAPSHOT
[ERROR] Failed to determine Java version for profile jdk11+ @ org.apache.shardingsphere:shardingsphere:5.1.3-SNAPSHOT, /root/workspace/apache-shardingsphere-master-18892_repo/pom.xml

10:36:20.920 [main] ERROR f.i.s.r.p.step.paths.ComputeTestDir - The test directory is not at default location or specified in build section from pom.xml, and no parent can be found.
10:36:20.921 [main] ERROR f.i.s.r.process.maven.MavenHelper - Error while building complete model. The raw model will be used. Error message: 1 problem was encountered while building the effective model for org.apache.shardingsphere:shardingsphere-shadow-distsql-handler:5.1.3-SNAPSHOT
[ERROR] Failed to determine Java version for profile jdk11+ @ org.apache.shardingsphere:shardingsphere:5.1.3-SNAPSHOT, /root/workspace/apache-shardingsphere-master-18892_repo/pom.xml

10:36:20.923 [main] ERROR f.i.s.r.process.maven.MavenHelper - Error while building complete model. The raw model will be used. Error message: 1 problem was encountered while building the effective model for org.apache.shardingsphere:shardingsphere-shadow-spring:5.1.3-SNAPSHOT
[ERROR] Failed to determine Java version for profile jdk11+ @ org.apache.shardingsphere:shardingsphere:5.1.3-SNAPSHOT, /root/workspace/apache-shardingsphere-master-18892_repo/pom.xml

10:36:20.925 [main] ERROR f.i.s.r.process.maven.MavenHelper - Error while building complete model. The raw model will be used. Error message: 1 problem was encountered while building the effective model for org.apache.shardingsphere:shardingsphere-shadow-spring-namespace:5.1.3-SNAPSHOT
[ERROR] Failed to determine Java version for profile jdk11+ @ org.apache.shardingsphere:shardingsphere:5.1.3-SNAPSHOT, /root/workspace/apache-shardingsphere-master-18892_repo/pom.xml

10:36:20.927 [main] ERROR f.i.s.r.process.maven.MavenHelper - Error while building complete model. The raw model will be used. Error message: 1 problem was encountered while building the effective model for org.apache.shardingsphere:shardingsphere-shadow-spring-boot-starter:5.1.3-SNAPSHOT
[ERROR] Failed to determine Java version for profile jdk11+ @ org.apache.shardingsphere:shardingsphere:5.1.3-SNAPSHOT, /root/workspace/apache-shardingsphere-master-18892_repo/pom.xml

10:36:20.928 [main] ERROR f.i.s.r.process.maven.MavenHelper - Error while building complete model. The raw model will be used. Error message: 1 problem was encountered while building the effective model for org.apache.shardingsphere:shardingsphere-agent:5.1.3-SNAPSHOT
[ERROR] Failed to determine Java version for profile jdk11+ @ org.apache.shardingsphere:shardingsphere:5.1.3-SNAPSHOT, /root/workspace/apache-shardingsphere-master-18892_repo/pom.xml

10:36:20.930 [main] ERROR f.i.s.r.process.maven.MavenHelper - Error while building complete model. The raw model will be used. Error message: 1 problem was encountered while building the effective model for org.apache.shardingsphere:shardingsphere-agent-bootstrap:5.1.3-SNAPSHOT
[ERROR] Failed to determine Java version for profile jdk11+ @ org.apache.shardingsphere:shardingsphere:5.1.3-SNAPSHOT, /root/workspace/apache-shardingsphere-master-18892_repo/pom.xml

10:36:20.931 [main] ERROR f.i.s.r.p.step.paths.ComputeTestDir - The test directory is not at default location or specified in build section from pom.xml, and no parent can be found.
10:36:20.933 [main] ERROR f.i.s.r.process.maven.MavenHelper - Error while building complete model. The raw model will be used. Error message: 1 problem was encountered while building the effective model for org.apache.shardingsphere:shardingsphere-agent-core:5.1.3-SNAPSHOT
[ERROR] Failed to determine Java version for profile jdk11+ @ org.apache.shardingsphere:shardingsphere:5.1.3-SNAPSHOT, /root/workspace/apache-shardingsphere-master-18892_repo/pom.xml

10:36:20.934 [main] ERROR f.i.s.r.process.maven.MavenHelper - Error while building complete model. The raw model will be used. Error message: 1 problem was encountered while building the effective model for org.apache.shardingsphere:shardingsphere-agent-plugins:5.1.3-SNAPSHOT
[ERROR] Failed to determine Java version for profile jdk11+ @ org.apache.shardingsphere:shardingsphere:5.1.3-SNAPSHOT, /root/workspace/apache-shardingsphere-master-18892_repo/pom.xml

10:36:20.936 [main] ERROR f.i.s.r.process.maven.MavenHelper - Error while building complete model. The raw model will be used. Error message: 1 problem was encountered while building the effective model for org.apache.shardingsphere:shardingsphere-agent-plugin-metrics:5.1.3-SNAPSHOT
[ERROR] Failed to determine Java version for profile jdk11+ @ org.apache.shardingsphere:shardingsphere:5.1.3-SNAPSHOT, /root/workspace/apache-shardingsphere-master-18892_repo/pom.xml

10:36:20.938 [main] ERROR f.i.s.r.process.maven.MavenHelper - Error while building complete model. The raw model will be used. Error message: 1 problem was encountered while building the effective model for org.apache.shardingsphere:shardingsphere-agent-metrics-api:5.1.3-SNAPSHOT
[ERROR] Failed to determine Java version for profile jdk11+ @ org.apache.shardingsphere:shardingsphere:5.1.3-SNAPSHOT, /root/workspace/apache-shardingsphere-master-18892_repo/pom.xml

10:36:20.940 [main] ERROR f.i.s.r.process.maven.MavenHelper - Error while building complete model. The raw model will be used. Error message: 1 problem was encountered while building the effective model for org.apache.shardingsphere:shardingsphere-agent-metrics-prometheus:5.1.3-SNAPSHOT
[ERROR] Failed to determine Java version for profile jdk11+ @ org.apache.shardingsphere:shardingsphere:5.1.3-SNAPSHOT, /root/workspace/apache-shardingsphere-master-18892_repo/pom.xml

10:36:20.942 [main] ERROR f.i.s.r.process.maven.MavenHelper - Error while building complete model. The raw model will be used. Error message: 1 problem was encountered while building the effective model for org.apache.shardingsphere:shardingsphere-agent-plugin-tracing:5.1.3-SNAPSHOT
[ERROR] Failed to determine Java version for profile jdk11+ @ org.apache.shardingsphere:shardingsphere:5.1.3-SNAPSHOT, /root/workspace/apache-shardingsphere-master-18892_repo/pom.xml

10:36:20.944 [main] ERROR f.i.s.r.process.maven.MavenHelper - Error while building complete model. The raw model will be used. Error message: 1 problem was encountered while building the effective model for org.apache.shardingsphere:shardingsphere-agent-tracing-test:5.1.3-SNAPSHOT
[ERROR] Failed to determine Java version for profile jdk11+ @ org.apache.shardingsphere:shardingsphere:5.1.3-SNAPSHOT, /root/workspace/apache-shardingsphere-master-18892_repo/pom.xml

10:36:20.944 [main] ERROR f.i.s.r.p.step.paths.ComputeTestDir - The test directory is not at default location or specified in build section from pom.xml, and no parent can be found.
10:36:20.947 [main] ERROR f.i.s.r.process.maven.MavenHelper - Error while building complete model. The raw model will be used. Error message: 1 problem was encountered while building the effective model for org.apache.shardingsphere:shardingsphere-agent-tracing-jaeger:5.1.3-SNAPSHOT
[ERROR] Failed to determine Java version for profile jdk11+ @ org.apache.shardingsphere:shardingsphere:5.1.3-SNAPSHOT, /root/workspace/apache-shardingsphere-master-18892_repo/pom.xml

10:36:20.949 [main] ERROR f.i.s.r.process.maven.MavenHelper - Error while building complete model. The raw model will be used. Error message: 1 problem was encountered while building the effective model for org.apache.shardingsphere:shardingsphere-agent-tracing-zipkin:5.1.3-SNAPSHOT
[ERROR] Failed to determine Java version for profile jdk11+ @ org.apache.shardingsphere:shardingsphere:5.1.3-SNAPSHOT, /root/workspace/apache-shardingsphere-master-18892_repo/pom.xml

10:36:20.951 [main] ERROR f.i.s.r.process.maven.MavenHelper - Error while building complete model. The raw model will be used. Error message: 1 problem was encountered while building the effective model for org.apache.shardingsphere:shardingsphere-agent-tracing-opentracing:5.1.3-SNAPSHOT
[ERROR] Failed to determine Java version for profile jdk11+ @ org.apache.shardingsphere:shardingsphere:5.1.3-SNAPSHOT, /root/workspace/apache-shardingsphere-master-18892_repo/pom.xml

10:36:20.953 [main] ERROR f.i.s.r.process.maven.MavenHelper - Error while building complete model. The raw model will be used. Error message: 1 problem was encountered while building the effective model for org.apache.shardingsphere:shardingsphere-agent-tracing-opentelemetry:5.1.3-SNAPSHOT
[ERROR] Failed to determine Java version for profile jdk11+ @ org.apache.shardingsphere:shardingsphere:5.1.3-SNAPSHOT, /root/workspace/apache-shardingsphere-master-18892_repo/pom.xml

10:36:20.955 [main] ERROR f.i.s.r.process.maven.MavenHelper - Error while building complete model. The raw model will be used. Error message: 1 problem was encountered while building the effective model for org.apache.shardingsphere:shardingsphere-agent-plugin-logging:5.1.3-SNAPSHOT
[ERROR] Failed to determine Java version for profile jdk11+ @ org.apache.shardingsphere:shardingsphere:5.1.3-SNAPSHOT, /root/workspace/apache-shardingsphere-master-18892_repo/pom.xml

10:36:20.956 [main] ERROR f.i.s.r.process.maven.MavenHelper - Error while building complete model. The raw model will be used. Error message: 1 problem was encountered while building the effective model for org.apache.shardingsphere:shardingsphere-agent-logging-base:5.1.3-SNAPSHOT
[ERROR] Failed to determine Java version for profile jdk11+ @ org.apache.shardingsphere:shardingsphere:5.1.3-SNAPSHOT, /root/workspace/apache-shardingsphere-master-18892_repo/pom.xml

10:36:20.957 [main] ERROR f.i.s.r.p.step.paths.ComputeTestDir - The test directory is not at default location or specified in build section from pom.xml, and no parent can be found.
10:36:20.957 [main] ERROR f.i.s.r.p.step.paths.ComputeTestDir - The test directory is not at default location or specified in build section from pom.xml, and no parent can be found.
10:36:20.958 [main] ERROR f.i.s.r.process.maven.MavenHelper - Error while building complete model. The raw model will be used. Error message: 1 problem was encountered while building the effective model for org.apache.shardingsphere:shardingsphere-agent-distribution:5.1.3-SNAPSHOT
[ERROR] Failed to determine Java version for profile jdk11+ @ org.apache.shardingsphere:shardingsphere:5.1.3-SNAPSHOT, /root/workspace/apache-shardingsphere-master-18892_repo/pom.xml

10:36:20.958 [main] ERROR f.i.s.r.p.step.paths.ComputeTestDir - The test directory is not at default location or specified in build section from pom.xml, and no parent can be found.
10:36:20.960 [main] ERROR f.i.s.r.process.maven.MavenHelper - Error while building complete model. The raw model will be used. Error message: 1 problem was encountered while building the effective model for org.apache.shardingsphere:shardingsphere-agent-api:5.1.3-SNAPSHOT
[ERROR] Failed to determine Java version for profile jdk11+ @ org.apache.shardingsphere:shardingsphere:5.1.3-SNAPSHOT, /root/workspace/apache-shardingsphere-master-18892_repo/pom.xml

10:36:20.960 [main] ERROR f.i.s.r.p.step.paths.ComputeTestDir - The test directory is not at default location or specified in build section from pom.xml, and no parent can be found.
10:36:20.962 [main] ERROR f.i.s.r.process.maven.MavenHelper - Error while building complete model. The raw model will be used. Error message: 1 problem was encountered while building the effective model for org.apache.shardingsphere:shardingsphere-test:5.1.3-SNAPSHOT
[ERROR] Failed to determine Java version for profile jdk11+ @ org.apache.shardingsphere:shardingsphere:5.1.3-SNAPSHOT, /root/workspace/apache-shardingsphere-master-18892_repo/pom.xml

10:36:20.964 [main] ERROR f.i.s.r.process.maven.MavenHelper - Error while building complete model. The raw model will be used. Error message: 1 problem was encountered while building the effective model for org.apache.shardingsphere:shardingsphere-test-common:5.1.3-SNAPSHOT
[ERROR] Failed to determine Java version for profile jdk11+ @ org.apache.shardingsphere:shardingsphere:5.1.3-SNAPSHOT, /root/workspace/apache-shardingsphere-master-18892_repo/pom.xml

10:36:20.964 [main] ERROR f.i.s.r.p.step.paths.ComputeTestDir - The test directory is not at default location or specified in build section from pom.xml, and no parent can be found.
10:36:20.966 [main] ERROR f.i.s.r.process.maven.MavenHelper - Error while building complete model. The raw model will be used. Error message: 1 problem was encountered while building the effective model for org.apache.shardingsphere:shardingsphere-integration-test:5.1.3-SNAPSHOT
[ERROR] Failed to determine Java version for profile jdk11+ @ org.apache.shardingsphere:shardingsphere:5.1.3-SNAPSHOT, /root/workspace/apache-shardingsphere-master-18892_repo/pom.xml

10:36:20.967 [main] ERROR f.i.s.r.process.maven.MavenHelper - Error while building complete model. The raw model will be used. Error message: 1 problem was encountered while building the effective model for org.apache.shardingsphere:shardingsphere-integration-test-fixture:5.1.3-SNAPSHOT
[ERROR] Failed to determine Java version for profile jdk11+ @ org.apache.shardingsphere:shardingsphere:5.1.3-SNAPSHOT, /root/workspace/apache-shardingsphere-master-18892_repo/pom.xml

10:36:20.969 [main] ERROR f.i.s.r.process.maven.MavenHelper - Error while building complete model. The raw model will be used. Error message: 1 problem was encountered while building the effective model for org.apache.shardingsphere:shardingsphere-integration-test-env:5.1.3-SNAPSHOT
[ERROR] Failed to determine Java version for profile jdk11+ @ org.apache.shardingsphere:shardingsphere:5.1.3-SNAPSHOT, /root/workspace/apache-shardingsphere-master-18892_repo/pom.xml

10:36:20.971 [main] ERROR f.i.s.r.process.maven.MavenHelper - Error while building complete model. The raw model will be used. Error message: 1 problem was encountered while building the effective model for org.apache.shardingsphere:shardingsphere-integration-test-suite:5.1.3-SNAPSHOT
[ERROR] Failed to determine Java version for profile jdk11+ @ org.apache.shardingsphere:shardingsphere:5.1.3-SNAPSHOT, /root/workspace/apache-shardingsphere-master-18892_repo/pom.xml

10:36:20.973 [main] ERROR f.i.s.r.process.maven.MavenHelper - Error while building complete model. The raw model will be used. Error message: 1 problem was encountered while building the effective model for org.apache.shardingsphere:shardingsphere-integration-test-scaling:5.1.3-SNAPSHOT
[ERROR] Failed to determine Java version for profile jdk11+ @ org.apache.shardingsphere:shardingsphere:5.1.3-SNAPSHOT, /root/workspace/apache-shardingsphere-master-18892_repo/pom.xml

10:36:20.975 [main] ERROR f.i.s.r.process.maven.MavenHelper - Error while building complete model. The raw model will be used. Error message: 1 problem was encountered while building the effective model for org.apache.shardingsphere:shardingsphere-integration-driver-test:5.1.3-SNAPSHOT
[ERROR] Failed to determine Java version for profile jdk11+ @ org.apache.shardingsphere:shardingsphere:5.1.3-SNAPSHOT, /root/workspace/apache-shardingsphere-master-18892_repo/pom.xml

10:36:20.976 [main] ERROR f.i.s.r.process.maven.MavenHelper - Error while building complete model. The raw model will be used. Error message: 1 problem was encountered while building the effective model for org.apache.shardingsphere:shardingsphere-integration-agent-test:5.1.3-SNAPSHOT
[ERROR] Failed to determine Java version for profile jdk11+ @ org.apache.shardingsphere:shardingsphere:5.1.3-SNAPSHOT, /root/workspace/apache-shardingsphere-master-18892_repo/pom.xml

10:36:20.978 [main] ERROR f.i.s.r.process.maven.MavenHelper - Error while building complete model. The raw model will be used. Error message: 1 problem was encountered while building the effective model for org.apache.shardingsphere:shardingsphere-integration-agent-test-plugins:5.1.3-SNAPSHOT
[ERROR] Failed to determine Java version for profile jdk11+ @ org.apache.shardingsphere:shardingsphere:5.1.3-SNAPSHOT, /root/workspace/apache-shardingsphere-master-18892_repo/pom.xml

10:36:20.981 [main] ERROR f.i.s.r.process.maven.MavenHelper - Error while building complete model. The raw model will be used. Error message: 1 problem was encountered while building the effective model for org.apache.shardingsphere:shardingsphere-integration-agent-test-metrics:5.1.3-SNAPSHOT
[ERROR] Failed to determine Java version for profile jdk11+ @ org.apache.shardingsphere:shardingsphere:5.1.3-SNAPSHOT, /root/workspace/apache-shardingsphere-master-18892_repo/pom.xml

10:36:20.983 [main] ERROR f.i.s.r.process.maven.MavenHelper - Error while building complete model. The raw model will be used. Error message: 1 problem was encountered while building the effective model for org.apache.shardingsphere:shardingsphere-integration-agent-test-common:5.1.3-SNAPSHOT
[ERROR] Failed to determine Java version for profile jdk11+ @ org.apache.shardingsphere:shardingsphere:5.1.3-SNAPSHOT, /root/workspace/apache-shardingsphere-master-18892_repo/pom.xml

10:36:20.984 [main] ERROR f.i.s.r.process.maven.MavenHelper - Error while building complete model. The raw model will be used. Error message: 1 problem was encountered while building the effective model for org.apache.shardingsphere:shardingsphere-integration-agent-test-zipkin:5.1.3-SNAPSHOT
[ERROR] Failed to determine Java version for profile jdk11+ @ org.apache.shardingsphere:shardingsphere:5.1.3-SNAPSHOT, /root/workspace/apache-shardingsphere-master-18892_repo/pom.xml

10:36:20.986 [main] ERROR f.i.s.r.process.maven.MavenHelper - Error while building complete model. The raw model will be used. Error message: 1 problem was encountered while building the effective model for org.apache.shardingsphere:shardingsphere-integration-agent-test-jaeger:5.1.3-SNAPSHOT
[ERROR] Failed to determine Java version for profile jdk11+ @ org.apache.shardingsphere:shardingsphere:5.1.3-SNAPSHOT, /root/workspace/apache-shardingsphere-master-18892_repo/pom.xml

10:36:20.988 [main] ERROR f.i.s.r.process.maven.MavenHelper - Error while building complete model. The raw model will be used. Error message: 1 problem was encountered while building the effective model for org.apache.shardingsphere:shardingsphere-integration-agent-test-opentelemetry:5.1.3-SNAPSHOT
[ERROR] Failed to determine Java version for profile jdk11+ @ org.apache.shardingsphere:shardingsphere:5.1.3-SNAPSHOT, /root/workspace/apache-shardingsphere-master-18892_repo/pom.xml

10:36:20.990 [main] ERROR f.i.s.r.process.maven.MavenHelper - Error while building complete model. The raw model will be used. Error message: 1 problem was encountered while building the effective model for org.apache.shardingsphere:shardingsphere-rewrite-test:5.1.3-SNAPSHOT
[ERROR] Failed to determine Java version for profile jdk11+ @ org.apache.shardingsphere:shardingsphere:5.1.3-SNAPSHOT, /root/workspace/apache-shardingsphere-master-18892_repo/pom.xml

10:36:20.992 [main] ERROR f.i.s.r.process.maven.MavenHelper - Error while building complete model. The raw model will be used. Error message: 1 problem was encountered while building the effective model for org.apache.shardingsphere:shardingsphere-parser-test:5.1.3-SNAPSHOT
[ERROR] Failed to determine Java version for profile jdk11+ @ org.apache.shardingsphere:shardingsphere:5.1.3-SNAPSHOT, /root/workspace/apache-shardingsphere-master-18892_repo/pom.xml

10:36:20.993 [main] ERROR f.i.s.r.process.maven.MavenHelper - Error while building complete model. The raw model will be used. Error message: 1 problem was encountered while building the effective model for org.apache.shardingsphere:shardingsphere-optimize-test:5.1.3-SNAPSHOT
[ERROR] Failed to determine Java version for profile jdk11+ @ org.apache.shardingsphere:shardingsphere:5.1.3-SNAPSHOT, /root/workspace/apache-shardingsphere-master-18892_repo/pom.xml

10:36:20.995 [main] ERROR f.i.s.r.process.maven.MavenHelper - Error while building complete model. The raw model will be used. Error message: 1 problem was encountered while building the effective model for org.apache.shardingsphere:shardingsphere-pipeline-test:5.1.3-SNAPSHOT
[ERROR] Failed to determine Java version for profile jdk11+ @ org.apache.shardingsphere:shardingsphere:5.1.3-SNAPSHOT, /root/workspace/apache-shardingsphere-master-18892_repo/pom.xml

10:36:20.997 [main] ERROR f.i.s.r.process.maven.MavenHelper - Error while building complete model. The raw model will be used. Error message: 1 problem was encountered while building the effective model for org.apache.shardingsphere:shardingsphere-distribution:5.1.3-SNAPSHOT
[ERROR] Failed to determine Java version for profile jdk11+ @ org.apache.shardingsphere:shardingsphere:5.1.3-SNAPSHOT, /root/workspace/apache-shardingsphere-master-18892_repo/pom.xml

10:36:20.998 [main] ERROR f.i.s.r.process.maven.MavenHelper - Error while building complete model. The raw model will be used. Error message: 1 problem was encountered while building the effective model for org.apache.shardingsphere:shardingsphere-src-distribution:5.1.3-SNAPSHOT
[ERROR] Failed to determine Java version for profile jdk11+ @ org.apache.shardingsphere:shardingsphere:5.1.3-SNAPSHOT, /root/workspace/apache-shardingsphere-master-18892_repo/pom.xml

10:36:20.998 [main] ERROR f.i.s.r.p.step.paths.ComputeTestDir - The test directory is not at default location or specified in build section from pom.xml, and no parent can be found.
10:36:21.000 [main] ERROR f.i.s.r.process.maven.MavenHelper - Error while building complete model. The raw model will be used. Error message: 1 problem was encountered while building the effective model for org.apache.shardingsphere:shardingsphere-jdbc-distribution:5.1.3-SNAPSHOT
[ERROR] Failed to determine Java version for profile jdk11+ @ org.apache.shardingsphere:shardingsphere:5.1.3-SNAPSHOT, /root/workspace/apache-shardingsphere-master-18892_repo/pom.xml

10:36:21.000 [main] ERROR f.i.s.r.p.step.paths.ComputeTestDir - The test directory is not at default location or specified in build section from pom.xml, and no parent can be found.
10:36:21.002 [main] ERROR f.i.s.r.process.maven.MavenHelper - Error while building complete model. The raw model will be used. Error message: 1 problem was encountered while building the effective model for org.apache.shardingsphere:shardingsphere-proxy-distribution:5.1.3-SNAPSHOT
[ERROR] Failed to determine Java version for profile jdk11+ @ org.apache.shardingsphere:shardingsphere:5.1.3-SNAPSHOT, /root/workspace/apache-shardingsphere-master-18892_repo/pom.xml

10:36:21.002 [main] ERROR f.i.s.r.p.step.paths.ComputeTestDir - The test directory is not at default location or specified in build section from pom.xml, and no parent can be found.
10:36:21.002 [main] ERROR f.i.s.r.p.step.paths.ComputeTestDir - The test directory is not at default location or specified in build section from pom.xml, and no parent can be found.
10:36:21.002 [main] INFO  f.i.s.r.p.step.paths.ComputeTestDir - 113 test dirs were found:
10:36:21.002 [main] INFO  f.i.s.r.p.step.paths.ComputeTestDir - /root/workspace/apache-shardingsphere-master-18892_repo/shardingsphere-agent/shardingsphere-agent-core/src/test/java
10:36:21.002 [main] INFO  f.i.s.r.p.step.paths.ComputeTestDir - /root/workspace/apache-shardingsphere-master-18892_repo/shardingsphere-agent/shardingsphere-agent-plugins/shardingsphere-agent-plugin-metrics/shardingsphere-agent-metrics-api/src/test/java
10:36:21.002 [main] INFO  f.i.s.r.p.step.paths.ComputeTestDir - /root/workspace/apache-shardingsphere-master-18892_repo/shardingsphere-agent/shardingsphere-agent-plugins/shardingsphere-agent-plugin-metrics/shardingsphere-agent-metrics-prometheus/src/test/java
10:36:21.002 [main] INFO  f.i.s.r.p.step.paths.ComputeTestDir - /root/workspace/apache-shardingsphere-master-18892_repo/shardingsphere-agent/shardingsphere-agent-plugins/shardingsphere-agent-plugin-tracing/shardingsphere-agent-tracing-jaeger/src/test/java
10:36:21.002 [main] INFO  f.i.s.r.p.step.paths.ComputeTestDir - /root/workspace/apache-shardingsphere-master-18892_repo/shardingsphere-agent/shardingsphere-agent-plugins/shardingsphere-agent-plugin-tracing/shardingsphere-agent-tracing-opentelemetry/src/test/java
10:36:21.002 [main] INFO  f.i.s.r.p.step.paths.ComputeTestDir - /root/workspace/apache-shardingsphere-master-18892_repo/shardingsphere-agent/shardingsphere-agent-plugins/shardingsphere-agent-plugin-tracing/shardingsphere-agent-tracing-opentracing/src/test/java
10:36:21.002 [main] INFO  f.i.s.r.p.step.paths.ComputeTestDir - /root/workspace/apache-shardingsphere-master-18892_repo/shardingsphere-agent/shardingsphere-agent-plugins/shardingsphere-agent-plugin-tracing/shardingsphere-agent-tracing-zipkin/src/test/java
10:36:21.002 [main] INFO  f.i.s.r.p.step.paths.ComputeTestDir - /root/workspace/apache-shardingsphere-master-18892_repo/shardingsphere-db-protocol/shardingsphere-db-protocol-core/src/test/java
10:36:21.002 [main] INFO  f.i.s.r.p.step.paths.ComputeTestDir - /root/workspace/apache-shardingsphere-master-18892_repo/shardingsphere-db-protocol/shardingsphere-db-protocol-mysql/src/test/java
10:36:21.002 [main] INFO  f.i.s.r.p.step.paths.ComputeTestDir - /root/workspace/apache-shardingsphere-master-18892_repo/shardingsphere-db-protocol/shardingsphere-db-protocol-opengauss/src/test/java
10:36:21.002 [main] INFO  f.i.s.r.p.step.paths.ComputeTestDir - /root/workspace/apache-shardingsphere-master-18892_repo/shardingsphere-db-protocol/shardingsphere-db-protocol-postgresql/src/test/java
10:36:21.002 [main] INFO  f.i.s.r.p.step.paths.ComputeTestDir - /root/workspace/apache-shardingsphere-master-18892_repo/shardingsphere-features/shardingsphere-db-discovery/shardingsphere-db-discovery-core/src/test/java
10:36:21.002 [main] INFO  f.i.s.r.p.step.paths.ComputeTestDir - /root/workspace/apache-shardingsphere-master-18892_repo/shardingsphere-features/shardingsphere-db-discovery/shardingsphere-db-discovery-distsql/shardingsphere-db-discovery-distsql-handler/src/test/java
10:36:21.002 [main] INFO  f.i.s.r.p.step.paths.ComputeTestDir - /root/workspace/apache-shardingsphere-master-18892_repo/shardingsphere-features/shardingsphere-db-discovery/shardingsphere-db-discovery-provider/shardingsphere-db-discovery-mysql/src/test/java
10:36:21.002 [main] INFO  f.i.s.r.p.step.paths.ComputeTestDir - /root/workspace/apache-shardingsphere-master-18892_repo/shardingsphere-features/shardingsphere-db-discovery/shardingsphere-db-discovery-provider/shardingsphere-db-discovery-opengauss/src/test/java
10:36:21.002 [main] INFO  f.i.s.r.p.step.paths.ComputeTestDir - /root/workspace/apache-shardingsphere-master-18892_repo/shardingsphere-features/shardingsphere-db-discovery/shardingsphere-db-discovery-spring/shardingsphere-db-discovery-spring-boot-starter/src/test/java
10:36:21.002 [main] INFO  f.i.s.r.p.step.paths.ComputeTestDir - /root/workspace/apache-shardingsphere-master-18892_repo/shardingsphere-features/shardingsphere-db-discovery/shardingsphere-db-discovery-spring/shardingsphere-db-discovery-spring-namespace/src/test/java
10:36:21.002 [main] INFO  f.i.s.r.p.step.paths.ComputeTestDir - /root/workspace/apache-shardingsphere-master-18892_repo/shardingsphere-features/shardingsphere-encrypt/shardingsphere-encrypt-core/src/test/java
10:36:21.002 [main] INFO  f.i.s.r.p.step.paths.ComputeTestDir - /root/workspace/apache-shardingsphere-master-18892_repo/shardingsphere-features/shardingsphere-encrypt/shardingsphere-encrypt-distsql/shardingsphere-encrypt-distsql-handler/src/test/java
10:36:21.002 [main] INFO  f.i.s.r.p.step.paths.ComputeTestDir - /root/workspace/apache-shardingsphere-master-18892_repo/shardingsphere-features/shardingsphere-encrypt/shardingsphere-encrypt-plugin/shardingsphere-encrypt-sm/src/test/java
10:36:21.002 [main] INFO  f.i.s.r.p.step.paths.ComputeTestDir - /root/workspace/apache-shardingsphere-master-18892_repo/shardingsphere-features/shardingsphere-encrypt/shardingsphere-encrypt-spring/shardingsphere-encrypt-spring-boot-starter/src/test/java
10:36:21.002 [main] INFO  f.i.s.r.p.step.paths.ComputeTestDir - /root/workspace/apache-shardingsphere-master-18892_repo/shardingsphere-features/shardingsphere-encrypt/shardingsphere-encrypt-spring/shardingsphere-encrypt-spring-namespace/src/test/java
10:36:21.002 [main] INFO  f.i.s.r.p.step.paths.ComputeTestDir - /root/workspace/apache-shardingsphere-master-18892_repo/shardingsphere-features/shardingsphere-readwrite-splitting/shardingsphere-readwrite-splitting-api/src/test/java
10:36:21.002 [main] INFO  f.i.s.r.p.step.paths.ComputeTestDir - /root/workspace/apache-shardingsphere-master-18892_repo/shardingsphere-features/shardingsphere-readwrite-splitting/shardingsphere-readwrite-splitting-core/src/test/java
10:36:21.002 [main] INFO  f.i.s.r.p.step.paths.ComputeTestDir - /root/workspace/apache-shardingsphere-master-18892_repo/shardingsphere-features/shardingsphere-readwrite-splitting/shardingsphere-readwrite-splitting-distsql/shardingsphere-readwrite-splitting-distsql-handler/src/test/java
10:36:21.002 [main] INFO  f.i.s.r.p.step.paths.ComputeTestDir - /root/workspace/apache-shardingsphere-master-18892_repo/shardingsphere-features/shardingsphere-readwrite-splitting/shardingsphere-readwrite-splitting-spring/shardingsphere-readwrite-splitting-spring-boot-starter/src/test/java
10:36:21.002 [main] INFO  f.i.s.r.p.step.paths.ComputeTestDir - /root/workspace/apache-shardingsphere-master-18892_repo/shardingsphere-features/shardingsphere-readwrite-splitting/shardingsphere-readwrite-splitting-spring/shardingsphere-readwrite-splitting-spring-namespace/src/test/java
10:36:21.002 [main] INFO  f.i.s.r.p.step.paths.ComputeTestDir - /root/workspace/apache-shardingsphere-master-18892_repo/shardingsphere-features/shardingsphere-shadow/shardingsphere-shadow-core/src/test/java
10:36:21.002 [main] INFO  f.i.s.r.p.step.paths.ComputeTestDir - /root/workspace/apache-shardingsphere-master-18892_repo/shardingsphere-features/shardingsphere-shadow/shardingsphere-shadow-distsql/shardingsphere-shadow-distsql-handler/src/test/java
10:36:21.002 [main] INFO  f.i.s.r.p.step.paths.ComputeTestDir - /root/workspace/apache-shardingsphere-master-18892_repo/shardingsphere-features/shardingsphere-shadow/shardingsphere-shadow-spring/shardingsphere-shadow-spring-boot-starter/src/test/java
10:36:21.002 [main] INFO  f.i.s.r.p.step.paths.ComputeTestDir - /root/workspace/apache-shardingsphere-master-18892_repo/shardingsphere-features/shardingsphere-shadow/shardingsphere-shadow-spring/shardingsphere-shadow-spring-namespace/src/test/java
10:36:21.002 [main] INFO  f.i.s.r.p.step.paths.ComputeTestDir - /root/workspace/apache-shardingsphere-master-18892_repo/shardingsphere-features/shardingsphere-sharding/shardingsphere-sharding-api/src/test/java
10:36:21.002 [main] INFO  f.i.s.r.p.step.paths.ComputeTestDir - /root/workspace/apache-shardingsphere-master-18892_repo/shardingsphere-features/shardingsphere-sharding/shardingsphere-sharding-core/src/test/java
10:36:21.002 [main] INFO  f.i.s.r.p.step.paths.ComputeTestDir - /root/workspace/apache-shardingsphere-master-18892_repo/shardingsphere-features/shardingsphere-sharding/shardingsphere-sharding-distsql/shardingsphere-sharding-distsql-handler/src/test/java
10:36:21.002 [main] INFO  f.i.s.r.p.step.paths.ComputeTestDir - /root/workspace/apache-shardingsphere-master-18892_repo/shardingsphere-features/shardingsphere-sharding/shardingsphere-sharding-plugin/shardingsphere-sharding-cosid/src/test/java
10:36:21.002 [main] INFO  f.i.s.r.p.step.paths.ComputeTestDir - /root/workspace/apache-shardingsphere-master-18892_repo/shardingsphere-features/shardingsphere-sharding/shardingsphere-sharding-plugin/shardingsphere-sharding-nanoid/src/test/java
10:36:21.002 [main] INFO  f.i.s.r.p.step.paths.ComputeTestDir - /root/workspace/apache-shardingsphere-master-18892_repo/shardingsphere-features/shardingsphere-sharding/shardingsphere-sharding-spring/shardingsphere-sharding-spring-boot-starter/src/test/java
10:36:21.002 [main] INFO  f.i.s.r.p.step.paths.ComputeTestDir - /root/workspace/apache-shardingsphere-master-18892_repo/shardingsphere-features/shardingsphere-sharding/shardingsphere-sharding-spring/shardingsphere-sharding-spring-namespace/src/test/java
10:36:21.002 [main] INFO  f.i.s.r.p.step.paths.ComputeTestDir - /root/workspace/apache-shardingsphere-master-18892_repo/shardingsphere-infra/shardingsphere-infra-binder/src/test/java
10:36:21.002 [main] INFO  f.i.s.r.p.step.paths.ComputeTestDir - /root/workspace/apache-shardingsphere-master-18892_repo/shardingsphere-infra/shardingsphere-infra-common/src/test/java
10:36:21.002 [main] INFO  f.i.s.r.p.step.paths.ComputeTestDir - /root/workspace/apache-shardingsphere-master-18892_repo/shardingsphere-infra/shardingsphere-infra-context/src/test/java
10:36:21.002 [main] INFO  f.i.s.r.p.step.paths.ComputeTestDir - /root/workspace/apache-shardingsphere-master-18892_repo/shardingsphere-infra/shardingsphere-infra-datetime/shardingsphere-infra-datetime-spi/src/test/java
10:36:21.002 [main] INFO  f.i.s.r.p.step.paths.ComputeTestDir - /root/workspace/apache-shardingsphere-master-18892_repo/shardingsphere-infra/shardingsphere-infra-datetime/shardingsphere-infra-datetime-type/shardingsphere-database-datetime/src/test/java
10:36:21.002 [main] INFO  f.i.s.r.p.step.paths.ComputeTestDir - /root/workspace/apache-shardingsphere-master-18892_repo/shardingsphere-infra/shardingsphere-infra-datetime/shardingsphere-infra-datetime-type/shardingsphere-system-datetime/src/test/java
10:36:21.002 [main] INFO  f.i.s.r.p.step.paths.ComputeTestDir - /root/workspace/apache-shardingsphere-master-18892_repo/shardingsphere-infra/shardingsphere-infra-executor/src/test/java
10:36:21.002 [main] INFO  f.i.s.r.p.step.paths.ComputeTestDir - /root/workspace/apache-shardingsphere-master-18892_repo/shardingsphere-infra/shardingsphere-infra-federation/shardingsphere-infra-federation-executor/src/test/java
10:36:21.002 [main] INFO  f.i.s.r.p.step.paths.ComputeTestDir - /root/workspace/apache-shardingsphere-master-18892_repo/shardingsphere-infra/shardingsphere-infra-federation/shardingsphere-infra-federation-optimizer/src/test/java
10:36:21.002 [main] INFO  f.i.s.r.p.step.paths.ComputeTestDir - /root/workspace/apache-shardingsphere-master-18892_repo/shardingsphere-infra/shardingsphere-infra-merge/src/test/java
10:36:21.002 [main] INFO  f.i.s.r.p.step.paths.ComputeTestDir - /root/workspace/apache-shardingsphere-master-18892_repo/shardingsphere-infra/shardingsphere-infra-parser/src/test/java
10:36:21.002 [main] INFO  f.i.s.r.p.step.paths.ComputeTestDir - /root/workspace/apache-shardingsphere-master-18892_repo/shardingsphere-infra/shardingsphere-infra-rewrite/src/test/java
10:36:21.002 [main] INFO  f.i.s.r.p.step.paths.ComputeTestDir - /root/workspace/apache-shardingsphere-master-18892_repo/shardingsphere-infra/shardingsphere-infra-route/src/test/java
10:36:21.002 [main] INFO  f.i.s.r.p.step.paths.ComputeTestDir - /root/workspace/apache-shardingsphere-master-18892_repo/shardingsphere-jdbc/shardingsphere-jdbc-core/src/test/java
10:36:21.002 [main] INFO  f.i.s.r.p.step.paths.ComputeTestDir - /root/workspace/apache-shardingsphere-master-18892_repo/shardingsphere-jdbc/shardingsphere-jdbc-spring/shardingsphere-jdbc-core-spring/shardingsphere-jdbc-core-spring-boot-starter/src/test/java
10:36:21.002 [main] INFO  f.i.s.r.p.step.paths.ComputeTestDir - /root/workspace/apache-shardingsphere-master-18892_repo/shardingsphere-jdbc/shardingsphere-jdbc-spring/shardingsphere-jdbc-core-spring/shardingsphere-jdbc-core-spring-namespace/src/test/java
10:36:21.002 [main] INFO  f.i.s.r.p.step.paths.ComputeTestDir - /root/workspace/apache-shardingsphere-master-18892_repo/shardingsphere-jdbc/shardingsphere-jdbc-spring/shardingsphere-jdbc-spring-infra/shardingsphere-jdbc-spring-boot-starter-infra/src/test/java
10:36:21.002 [main] INFO  f.i.s.r.p.step.paths.ComputeTestDir - /root/workspace/apache-shardingsphere-master-18892_repo/shardingsphere-jdbc/shardingsphere-jdbc-spring/shardingsphere-jdbc-spring-infra/shardingsphere-jdbc-spring-namespace-infra/src/test/java
10:36:21.002 [main] INFO  f.i.s.r.p.step.paths.ComputeTestDir - /root/workspace/apache-shardingsphere-master-18892_repo/shardingsphere-jdbc/shardingsphere-jdbc-spring/shardingsphere-jdbc-transaction-spring/src/test/java
10:36:21.003 [main] INFO  f.i.s.r.p.step.paths.ComputeTestDir - /root/workspace/apache-shardingsphere-master-18892_repo/shardingsphere-kernel/shardingsphere-authority/shardingsphere-authority-core/src/test/java
10:36:21.003 [main] INFO  f.i.s.r.p.step.paths.ComputeTestDir - /root/workspace/apache-shardingsphere-master-18892_repo/shardingsphere-kernel/shardingsphere-data-pipeline/shardingsphere-data-pipeline-api/src/test/java
10:36:21.003 [main] INFO  f.i.s.r.p.step.paths.ComputeTestDir - /root/workspace/apache-shardingsphere-master-18892_repo/shardingsphere-kernel/shardingsphere-data-pipeline/shardingsphere-data-pipeline-core/src/test/java
10:36:21.003 [main] INFO  f.i.s.r.p.step.paths.ComputeTestDir - /root/workspace/apache-shardingsphere-master-18892_repo/shardingsphere-kernel/shardingsphere-data-pipeline/shardingsphere-data-pipeline-dialect/shardingsphere-data-pipeline-mysql/src/test/java
10:36:21.003 [main] INFO  f.i.s.r.p.step.paths.ComputeTestDir - /root/workspace/apache-shardingsphere-master-18892_repo/shardingsphere-kernel/shardingsphere-data-pipeline/shardingsphere-data-pipeline-dialect/shardingsphere-data-pipeline-opengauss/src/test/java
10:36:21.003 [main] INFO  f.i.s.r.p.step.paths.ComputeTestDir - /root/workspace/apache-shardingsphere-master-18892_repo/shardingsphere-kernel/shardingsphere-data-pipeline/shardingsphere-data-pipeline-dialect/shardingsphere-data-pipeline-postgresql/src/test/java
10:36:21.003 [main] INFO  f.i.s.r.p.step.paths.ComputeTestDir - /root/workspace/apache-shardingsphere-master-18892_repo/shardingsphere-kernel/shardingsphere-parser/shardingsphere-parser-spring/shardingsphere-parser-spring-boot-starter/src/test/java
10:36:21.003 [main] INFO  f.i.s.r.p.step.paths.ComputeTestDir - /root/workspace/apache-shardingsphere-master-18892_repo/shardingsphere-kernel/shardingsphere-parser/shardingsphere-parser-spring/shardingsphere-parser-spring-namespace/src/test/java
10:36:21.003 [main] INFO  f.i.s.r.p.step.paths.ComputeTestDir - /root/workspace/apache-shardingsphere-master-18892_repo/shardingsphere-kernel/shardingsphere-single-table/shardingsphere-single-table-core/src/test/java
10:36:21.003 [main] INFO  f.i.s.r.p.step.paths.ComputeTestDir - /root/workspace/apache-shardingsphere-master-18892_repo/shardingsphere-kernel/shardingsphere-sql-translator/shardingsphere-sql-translator-core/src/test/java
10:36:21.003 [main] INFO  f.i.s.r.p.step.paths.ComputeTestDir - /root/workspace/apache-shardingsphere-master-18892_repo/shardingsphere-kernel/shardingsphere-traffic/shardingsphere-traffic-api/src/test/java
10:36:21.003 [main] INFO  f.i.s.r.p.step.paths.ComputeTestDir - /root/workspace/apache-shardingsphere-master-18892_repo/shardingsphere-kernel/shardingsphere-traffic/shardingsphere-traffic-core/src/test/java
10:36:21.003 [main] INFO  f.i.s.r.p.step.paths.ComputeTestDir - /root/workspace/apache-shardingsphere-master-18892_repo/shardingsphere-kernel/shardingsphere-transaction/shardingsphere-transaction-core/src/test/java
10:36:21.003 [main] INFO  f.i.s.r.p.step.paths.ComputeTestDir - /root/workspace/apache-shardingsphere-master-18892_repo/shardingsphere-kernel/shardingsphere-transaction/shardingsphere-transaction-type/shardingsphere-transaction-base/shardingsphere-transaction-base-seata-at/src/test/java
10:36:21.003 [main] INFO  f.i.s.r.p.step.paths.ComputeTestDir - /root/workspace/apache-shardingsphere-master-18892_repo/shardingsphere-kernel/shardingsphere-transaction/shardingsphere-transaction-type/shardingsphere-transaction-xa/shardingsphere-transaction-xa-core/src/test/java
10:36:21.003 [main] INFO  f.i.s.r.p.step.paths.ComputeTestDir - /root/workspace/apache-shardingsphere-master-18892_repo/shardingsphere-kernel/shardingsphere-transaction/shardingsphere-transaction-type/shardingsphere-transaction-xa/shardingsphere-transaction-xa-provider/shardingsphere-transaction-xa-atomikos/src/test/java
10:36:21.003 [main] INFO  f.i.s.r.p.step.paths.ComputeTestDir - /root/workspace/apache-shardingsphere-master-18892_repo/shardingsphere-kernel/shardingsphere-transaction/shardingsphere-transaction-type/shardingsphere-transaction-xa/shardingsphere-transaction-xa-provider/shardingsphere-transaction-xa-bitronix/src/test/java
10:36:21.003 [main] INFO  f.i.s.r.p.step.paths.ComputeTestDir - /root/workspace/apache-shardingsphere-master-18892_repo/shardingsphere-kernel/shardingsphere-transaction/shardingsphere-transaction-type/shardingsphere-transaction-xa/shardingsphere-transaction-xa-provider/shardingsphere-transaction-xa-narayana/src/test/java
10:36:21.003 [main] INFO  f.i.s.r.p.step.paths.ComputeTestDir - /root/workspace/apache-shardingsphere-master-18892_repo/shardingsphere-kernel/shardingsphere-transaction/shardingsphere-transaction-type/shardingsphere-transaction-xa/shardingsphere-transaction-xa-spi/src/test/java
10:36:21.003 [main] INFO  f.i.s.r.p.step.paths.ComputeTestDir - /root/workspace/apache-shardingsphere-master-18892_repo/shardingsphere-mode/shardingsphere-mode-core/src/test/java
10:36:21.003 [main] INFO  f.i.s.r.p.step.paths.ComputeTestDir - /root/workspace/apache-shardingsphere-master-18892_repo/shardingsphere-mode/shardingsphere-mode-type/shardingsphere-cluster-mode/shardingsphere-cluster-mode-core/src/test/java
10:36:21.003 [main] INFO  f.i.s.r.p.step.paths.ComputeTestDir - /root/workspace/apache-shardingsphere-master-18892_repo/shardingsphere-mode/shardingsphere-mode-type/shardingsphere-cluster-mode/shardingsphere-cluster-mode-repository/shardingsphere-cluster-mode-repository-provider/shardingsphere-cluster-mode-repository-etcd/src/test/java
10:36:21.003 [main] INFO  f.i.s.r.p.step.paths.ComputeTestDir - /root/workspace/apache-shardingsphere-master-18892_repo/shardingsphere-mode/shardingsphere-mode-type/shardingsphere-cluster-mode/shardingsphere-cluster-mode-repository/shardingsphere-cluster-mode-repository-provider/shardingsphere-cluster-mode-repository-zookeeper-curator/src/test/java
10:36:21.003 [main] INFO  f.i.s.r.p.step.paths.ComputeTestDir - /root/workspace/apache-shardingsphere-master-18892_repo/shardingsphere-mode/shardingsphere-mode-type/shardingsphere-standalone-mode/shardingsphere-standalone-mode-core/src/test/java
10:36:21.003 [main] INFO  f.i.s.r.p.step.paths.ComputeTestDir - /root/workspace/apache-shardingsphere-master-18892_repo/shardingsphere-mode/shardingsphere-mode-type/shardingsphere-standalone-mode/shardingsphere-standalone-mode-repository/shardingsphere-standalone-mode-repository-provider/shardingsphere-standalone-mode-repository-file/src/test/java
10:36:21.003 [main] INFO  f.i.s.r.p.step.paths.ComputeTestDir - /root/workspace/apache-shardingsphere-master-18892_repo/shardingsphere-mode/shardingsphere-mode-type/shardingsphere-standalone-mode/shardingsphere-standalone-mode-repository/shardingsphere-standalone-mode-repository-provider/shardingsphere-standalone-mode-repository-h2/src/test/java
10:36:21.003 [main] INFO  f.i.s.r.p.step.paths.ComputeTestDir - /root/workspace/apache-shardingsphere-master-18892_repo/shardingsphere-proxy/shardingsphere-proxy-backend/src/test/java
10:36:21.003 [main] INFO  f.i.s.r.p.step.paths.ComputeTestDir - /root/workspace/apache-shardingsphere-master-18892_repo/shardingsphere-proxy/shardingsphere-proxy-bootstrap/src/test/java
10:36:21.003 [main] INFO  f.i.s.r.p.step.paths.ComputeTestDir - /root/workspace/apache-shardingsphere-master-18892_repo/shardingsphere-proxy/shardingsphere-proxy-frontend/shardingsphere-proxy-frontend-core/src/test/java
10:36:21.003 [main] INFO  f.i.s.r.p.step.paths.ComputeTestDir - /root/workspace/apache-shardingsphere-master-18892_repo/shardingsphere-proxy/shardingsphere-proxy-frontend/shardingsphere-proxy-frontend-mysql/src/test/java
10:36:21.003 [main] INFO  f.i.s.r.p.step.paths.ComputeTestDir - /root/workspace/apache-shardingsphere-master-18892_repo/shardingsphere-proxy/shardingsphere-proxy-frontend/shardingsphere-proxy-frontend-opengauss/src/test/java
10:36:21.003 [main] INFO  f.i.s.r.p.step.paths.ComputeTestDir - /root/workspace/apache-shardingsphere-master-18892_repo/shardingsphere-proxy/shardingsphere-proxy-frontend/shardingsphere-proxy-frontend-postgresql/src/test/java
10:36:21.003 [main] INFO  f.i.s.r.p.step.paths.ComputeTestDir - /root/workspace/apache-shardingsphere-master-18892_repo/shardingsphere-proxy/shardingsphere-proxy-frontend/shardingsphere-proxy-frontend-reactive-core/src/test/java
10:36:21.003 [main] INFO  f.i.s.r.p.step.paths.ComputeTestDir - /root/workspace/apache-shardingsphere-master-18892_repo/shardingsphere-spi/src/test/java
10:36:21.003 [main] INFO  f.i.s.r.p.step.paths.ComputeTestDir - /root/workspace/apache-shardingsphere-master-18892_repo/shardingsphere-sql-parser/shardingsphere-sql-parser-dialect/shardingsphere-sql-parser-mysql/src/test/java
10:36:21.003 [main] INFO  f.i.s.r.p.step.paths.ComputeTestDir - /root/workspace/apache-shardingsphere-master-18892_repo/shardingsphere-sql-parser/shardingsphere-sql-parser-dialect/shardingsphere-sql-parser-opengauss/src/test/java
10:36:21.003 [main] INFO  f.i.s.r.p.step.paths.ComputeTestDir - /root/workspace/apache-shardingsphere-master-18892_repo/shardingsphere-sql-parser/shardingsphere-sql-parser-dialect/shardingsphere-sql-parser-oracle/src/test/java
10:36:21.003 [main] INFO  f.i.s.r.p.step.paths.ComputeTestDir - /root/workspace/apache-shardingsphere-master-18892_repo/shardingsphere-sql-parser/shardingsphere-sql-parser-dialect/shardingsphere-sql-parser-postgresql/src/test/java
10:36:21.003 [main] INFO  f.i.s.r.p.step.paths.ComputeTestDir - /root/workspace/apache-shardingsphere-master-18892_repo/shardingsphere-sql-parser/shardingsphere-sql-parser-dialect/shardingsphere-sql-parser-sql92/src/test/java
10:36:21.003 [main] INFO  f.i.s.r.p.step.paths.ComputeTestDir - /root/workspace/apache-shardingsphere-master-18892_repo/shardingsphere-sql-parser/shardingsphere-sql-parser-dialect/shardingsphere-sql-parser-sqlserver/src/test/java
10:36:21.003 [main] INFO  f.i.s.r.p.step.paths.ComputeTestDir - /root/workspace/apache-shardingsphere-master-18892_repo/shardingsphere-sql-parser/shardingsphere-sql-parser-engine/src/test/java
10:36:21.003 [main] INFO  f.i.s.r.p.step.paths.ComputeTestDir - /root/workspace/apache-shardingsphere-master-18892_repo/shardingsphere-sql-parser/shardingsphere-sql-parser-statement/src/test/java
10:36:21.003 [main] INFO  f.i.s.r.p.step.paths.ComputeTestDir - /root/workspace/apache-shardingsphere-master-18892_repo/shardingsphere-test/shardingsphere-integration-agent-test/shardingsphere-integration-agent-test-plugins/shardingsphere-integration-agent-test-common/src/test/java
10:36:21.003 [main] INFO  f.i.s.r.p.step.paths.ComputeTestDir - /root/workspace/apache-shardingsphere-master-18892_repo/shardingsphere-test/shardingsphere-integration-agent-test/shardingsphere-integration-agent-test-plugins/shardingsphere-integration-agent-test-jaeger/src/test/java
10:36:21.003 [main] INFO  f.i.s.r.p.step.paths.ComputeTestDir - /root/workspace/apache-shardingsphere-master-18892_repo/shardingsphere-test/shardingsphere-integration-agent-test/shardingsphere-integration-agent-test-plugins/shardingsphere-integration-agent-test-metrics/src/test/java
10:36:21.003 [main] INFO  f.i.s.r.p.step.paths.ComputeTestDir - /root/workspace/apache-shardingsphere-master-18892_repo/shardingsphere-test/shardingsphere-integration-agent-test/shardingsphere-integration-agent-test-plugins/shardingsphere-integration-agent-test-opentelemetry/src/test/java
10:36:21.003 [main] INFO  f.i.s.r.p.step.paths.ComputeTestDir - /root/workspace/apache-shardingsphere-master-18892_repo/shardingsphere-test/shardingsphere-integration-agent-test/shardingsphere-integration-agent-test-plugins/shardingsphere-integration-agent-test-zipkin/src/test/java
10:36:21.003 [main] INFO  f.i.s.r.p.step.paths.ComputeTestDir - /root/workspace/apache-shardingsphere-master-18892_repo/shardingsphere-test/shardingsphere-integration-driver-test/src/test/java
10:36:21.003 [main] INFO  f.i.s.r.p.step.paths.ComputeTestDir - /root/workspace/apache-shardingsphere-master-18892_repo/shardingsphere-test/shardingsphere-integration-test/shardingsphere-integration-test-env/src/test/java
10:36:21.003 [main] INFO  f.i.s.r.p.step.paths.ComputeTestDir - /root/workspace/apache-shardingsphere-master-18892_repo/shardingsphere-test/shardingsphere-integration-test/shardingsphere-integration-test-fixture/src/test/java
10:36:21.003 [main] INFO  f.i.s.r.p.step.paths.ComputeTestDir - /root/workspace/apache-shardingsphere-master-18892_repo/shardingsphere-test/shardingsphere-integration-test/shardingsphere-integration-test-scaling/src/test/java
10:36:21.003 [main] INFO  f.i.s.r.p.step.paths.ComputeTestDir - /root/workspace/apache-shardingsphere-master-18892_repo/shardingsphere-test/shardingsphere-integration-test/shardingsphere-integration-test-suite/src/test/java
10:36:21.003 [main] INFO  f.i.s.r.p.step.paths.ComputeTestDir - /root/workspace/apache-shardingsphere-master-18892_repo/shardingsphere-test/shardingsphere-optimize-test/src/test/java
10:36:21.003 [main] INFO  f.i.s.r.p.step.paths.ComputeTestDir - /root/workspace/apache-shardingsphere-master-18892_repo/shardingsphere-test/shardingsphere-parser-test/src/test/java
10:36:21.003 [main] INFO  f.i.s.r.p.step.paths.ComputeTestDir - /root/workspace/apache-shardingsphere-master-18892_repo/shardingsphere-test/shardingsphere-pipeline-test/src/test/java
10:36:21.003 [main] INFO  f.i.s.r.p.step.paths.ComputeTestDir - /root/workspace/apache-shardingsphere-master-18892_repo/shardingsphere-test/shardingsphere-rewrite-test/src/test/java
10:36:21.524 [main] INFO  f.i.s.r.p.s.g.GatherTestInformation - Get the following failing module path: /root/workspace/apache-shardingsphere-master-18892_repo/shardingsphere-infra/shardingsphere-infra-common
10:36:21.678 [main] INFO  f.i.s.r.p.s.g.GatherTestInformation - ---Test results---
10:36:21.679 [main] INFO  f.i.s.r.p.s.g.GatherTestInformation -    Total tests: 20157
10:36:21.679 [main] INFO  f.i.s.r.p.s.g.GatherTestInformation -    Tests run: 20157
10:36:21.679 [main] INFO  f.i.s.r.p.s.g.GatherTestInformation -    Tests passing: 20156
10:36:21.679 [main] INFO  f.i.s.r.p.s.g.GatherTestInformation -    Failures: 0
10:36:21.679 [main] INFO  f.i.s.r.p.s.g.GatherTestInformation -    Errors: 1
10:36:21.679 [main] INFO  f.i.s.r.p.s.g.GatherTestInformation -    Skipped: 0
[0] INFO Flacoco - Running Flacoco...
[23] WARN TestMethodFilter - NoClassDefFoundError: class org.apache.shardingsphere.infra.datasource.pool.destroyer.detector.DataSourcePoolActiveDetectorFactory
[29] WARN TestMethodFilter - NoClassDefFoundError: class org.apache.shardingsphere.infra.config.algorithm.ShardingSphereAlgorithmFactory
[41] WARN TestMethodFilter - NoClassDefFoundError: class org.apache.shardingsphere.infra.distsql.preprocess.RuleDefinitionAlterPreprocessorFactory
[44] WARN TestMethodFilter - NoClassDefFoundError: class org.apache.shardingsphere.infra.distsql.update.RuleDefinitionUpdaterFactory
[44] WARN TestMethodFilter - NoClassDefFoundError: class org.apache.shardingsphere.infra.distsql.update.RALUpdaterFactory
[47] WARN TestMethodFilter - NoClassDefFoundError: class org.apache.shardingsphere.infra.yaml.config.swapper.mode.PersistRepositoryConfigurationYamlSwapperFactory
[49] WARN TestMethodFilter - NoClassDefFoundError: class org.apache.shardingsphere.infra.yaml.engine.YamlEngine
[49] WARN TestMethodFilter - NoClassDefFoundError: class org.apache.shardingsphere.infra.yaml.engine.representer.processor.DefaultYamlTupleProcessor
[51] WARN TestMethodFilter - NoClassDefFoundError: class org.apache.shardingsphere.infra.expr.InlineExpressionParser
[53] WARN TestMethodFilter - NoClassDefFoundError: class org.apache.shardingsphere.infra.database.type.DatabaseTypeEngine
[55] WARN TestMethodFilter - NoClassDefFoundError: class org.apache.shardingsphere.infra.database.type.DatabaseTypeFactory
[58] WARN TestMethodFilter - NoClassDefFoundError: class org.apache.shardingsphere.infra.metadata.ShardingSphereMetaData
[59] WARN TestMethodFilter - NoClassDefFoundError: class org.apache.shardingsphere.infra.metadata.database.ShardingSphereDatabase
[62] WARN TestMethodFilter - NoClassDefFoundError: class org.apache.shardingsphere.infra.metadata.database.schema.builder.GenericSchemaBuilderMaterials
[62] WARN TestMethodFilter - NoClassDefFoundError: class org.apache.shardingsphere.infra.metadata.database.schema.builder.SystemSchemaBuilder
[63] WARN TestMethodFilter - NoClassDefFoundError: class org.apache.shardingsphere.infra.metadata.database.schema.loader.common.TableMetaDataLoader
[63] WARN TestMethodFilter - NoClassDefFoundError: class org.apache.shardingsphere.infra.metadata.database.schema.loader.common.ColumnMetaDataLoader
[64] WARN TestMethodFilter - NoClassDefFoundError: class org.apache.shardingsphere.infra.metadata.database.schema.loader.common.SchemaTableNamesLoader
[64] WARN TestMethodFilter - NoClassDefFoundError: class org.apache.shardingsphere.infra.metadata.database.schema.loader.spi.DialectSchemaMetaDataLoaderFactory
[65] WARN TestMethodFilter - NoClassDefFoundError: class org.apache.shardingsphere.infra.metadata.database.schema.loader.SchemaMetaDataLoaderEngine
[69] WARN TestMethodFilter - NoClassDefFoundError: class org.apache.shardingsphere.infra.metadata.database.schema.util.SystemSchemaUtil
[70] WARN TestMethodFilter - NoClassDefFoundError: class org.apache.shardingsphere.infra.metadata.database.schema.util.IndexMetaDataUtil
[70] WARN TestMethodFilter - NoClassDefFoundError: class org.apache.shardingsphere.infra.metadata.database.resource.ShardingSphereResource
[80] WARN TestMethodFilter - NoClassDefFoundError: class org.apache.shardingsphere.infra.hint.SQLHintExtractorTest
[83] WARN TestMethodFilter - NoClassDefFoundError: class org.apache.shardingsphere.infra.distsql.preprocess.RuleDefinitionAlterPreprocessorFactoryTest
[85] WARN TestMethodFilter - NoClassDefFoundError: class org.apache.shardingsphere.infra.yaml.engine.constructor.ShardingSphereYamlConstructorTest
[86] WARN TestMethodFilter - NoClassDefFoundError: class org.apache.shardingsphere.infra.yaml.engine.representer.ShardingSphereYamlRepresenterTest
[87] WARN TestMethodFilter - NoClassDefFoundError: class org.apache.shardingsphere.infra.yaml.engine.fixture.YamlTupleProcessorFixture
[89] WARN TestMethodFilter - NoClassDefFoundError: class org.apache.shardingsphere.infra.database.type.DatabaseTypeEngineTest
[96] WARN TestMethodFilter - NoClassDefFoundError: class org.apache.shardingsphere.infra.metadata.database.schema.builder.SystemSchemaBuilderTest
[98] WARN TestMethodFilter - NoClassDefFoundError: class org.apache.shardingsphere.infra.metadata.database.schema.loader.common.SchemaTableNamesLoaderTest
[99] WARN TestMethodFilter - NoClassDefFoundError: class org.apache.shardingsphere.infra.metadata.database.schema.loader.spi.DialectSchemaMetaDataLoaderFactoryTest
[102] WARN TestMethodFilter - NoClassDefFoundError: class org.apache.shardingsphere.infra.metadata.database.schema.util.SystemSchemaUtilTest
[102] WARN TestMethodFilter - NoClassDefFoundError: class org.apache.shardingsphere.infra.metadata.database.schema.util.IndexMetaDataUtilTest
[109] WARN TestMethodFilter - NoClassDefFoundError: class org.apache.shardingsphere.infra.datasource.pool.creator.DataSourcePoolCreator
[109] WARN TestMethodFilter - NoClassDefFoundError: class org.apache.shardingsphere.infra.datasource.pool.destroyer.detector.DataSourcePoolActiveDetectorFactory
[110] WARN TestMethodFilter - NoClassDefFoundError: class org.apache.shardingsphere.infra.datasource.props.DataSourcePropertiesCreator
[110] WARN TestMethodFilter - NoClassDefFoundError: class org.apache.shardingsphere.infra.config.algorithm.ShardingSphereAlgorithmFactory
[111] WARN TestMethodFilter - NoClassDefFoundError: class org.apache.shardingsphere.infra.hint.SQLHintExtractor
[112] WARN TestMethodFilter - NoClassDefFoundError: class org.apache.shardingsphere.infra.rule.builder.global.GlobalRulesBuilder
[113] WARN TestMethodFilter - NoClassDefFoundError: class org.apache.shardingsphere.infra.rule.builder.global.GlobalRuleBuilderFactory
[113] WARN TestMethodFilter - NoClassDefFoundError: class org.apache.shardingsphere.infra.rule.builder.database.DatabaseRulesBuilder
[114] WARN TestMethodFilter - NoClassDefFoundError: class org.apache.shardingsphere.infra.distsql.preprocess.RuleDefinitionAlterPreprocessorFactory
[115] WARN TestMethodFilter - NoClassDefFoundError: class org.apache.shardingsphere.infra.distsql.update.RuleDefinitionUpdaterFactory
[115] WARN TestMethodFilter - NoClassDefFoundError: class org.apache.shardingsphere.infra.distsql.update.RALUpdaterFactory
[116] WARN TestMethodFilter - NoClassDefFoundError: class org.apache.shardingsphere.infra.yaml.config.swapper.mode.PersistRepositoryConfigurationYamlSwapperEngine
[116] WARN TestMethodFilter - NoClassDefFoundError: class org.apache.shardingsphere.infra.yaml.config.swapper.mode.PersistRepositoryConfigurationYamlSwapperFactory
[116] WARN TestMethodFilter - NoClassDefFoundError: class org.apache.shardingsphere.infra.yaml.config.swapper.YamlRuleConfigurationSwapperEngine
[117] WARN TestMethodFilter - NoClassDefFoundError: class org.apache.shardingsphere.infra.yaml.engine.YamlEngine
[117] WARN TestMethodFilter - NoClassDefFoundError: class org.apache.shardingsphere.infra.yaml.engine.representer.processor.DefaultYamlTupleProcessor
[117] WARN TestMethodFilter - NoClassDefFoundError: class org.apache.shardingsphere.infra.expr.InlineExpressionParser
[118] WARN TestMethodFilter - NoClassDefFoundError: class org.apache.shardingsphere.infra.database.type.DatabaseTypeEngine
[119] WARN TestMethodFilter - NoClassDefFoundError: class org.apache.shardingsphere.infra.database.type.DatabaseTypeFactory
[120] WARN TestMethodFilter - NoClassDefFoundError: class org.apache.shardingsphere.infra.metadata.ShardingSphereMetaData
[120] WARN TestMethodFilter - NoClassDefFoundError: class org.apache.shardingsphere.infra.metadata.database.ShardingSphereDatabase
[121] WARN TestMethodFilter - NoClassDefFoundError: class org.apache.shardingsphere.infra.metadata.database.schema.builder.GenericSchemaBuilderMaterials
[121] WARN TestMethodFilter - NoClassDefFoundError: class org.apache.shardingsphere.infra.metadata.database.schema.builder.SystemSchemaBuilder
[121] WARN TestMethodFilter - NoClassDefFoundError: class org.apache.shardingsphere.infra.metadata.database.schema.loader.common.TableMetaDataLoader
[121] WARN TestMethodFilter - NoClassDefFoundError: class org.apache.shardingsphere.infra.metadata.database.schema.loader.common.ColumnMetaDataLoader
[121] WARN TestMethodFilter - NoClassDefFoundError: class org.apache.shardingsphere.infra.metadata.database.schema.loader.common.SchemaTableNamesLoader
[121] WARN TestMethodFilter - NoClassDefFoundError: class org.apache.shardingsphere.infra.metadata.database.schema.loader.spi.DialectSchemaMetaDataLoaderFactory
[121] WARN TestMethodFilter - NoClassDefFoundError: class org.apache.shardingsphere.infra.metadata.database.schema.loader.SchemaMetaDataLoaderEngine
[123] WARN TestMethodFilter - NoClassDefFoundError: class org.apache.shardingsphere.infra.metadata.database.schema.util.SystemSchemaUtil
[123] WARN TestMethodFilter - NoClassDefFoundError: class org.apache.shardingsphere.infra.metadata.database.schema.util.SchemaMetaDataUtil
[123] WARN TestMethodFilter - NoClassDefFoundError: class org.apache.shardingsphere.infra.metadata.database.schema.util.IndexMetaDataUtil
[124] WARN TestMethodFilter - NoClassDefFoundError: class org.apache.shardingsphere.infra.metadata.database.ShardingSphereDatabasesFactory
[124] WARN TestMethodFilter - NoClassDefFoundError: class org.apache.shardingsphere.infra.metadata.database.resource.ShardingSphereResource
[124] WARN TestMethodFilter - NoClassDefFoundError: class org.apache.shardingsphere.infra.datasource.pool.creator.DataSourcePoolCreatorTest
[124] WARN TestMethodFilter - NoClassDefFoundError: class org.apache.shardingsphere.infra.datasource.pool.creator.type.DBCPDataSourcePoolCreatorTest
[124] WARN TestMethodFilter - NoClassDefFoundError: class org.apache.shardingsphere.infra.datasource.pool.destroyer.detector.type.HikariDataSourcePoolActiveDetectorTest
[124] WARN TestMethodFilter - NoClassDefFoundError: class org.apache.shardingsphere.infra.datasource.pool.destroyer.DataSourcePoolDestroyerTest
[126] WARN TestMethodFilter - NoClassDefFoundError: class org.apache.shardingsphere.infra.hint.SQLHintExtractorTest
[126] WARN TestMethodFilter - NoClassDefFoundError: class org.apache.shardingsphere.infra.rule.builder.global.GlobalRuleBuilderFactoryTest
[127] WARN TestMethodFilter - NoClassDefFoundError: class org.apache.shardingsphere.infra.distsql.preprocess.RuleDefinitionAlterPreprocessorFactoryTest
[127] WARN TestMethodFilter - NoClassDefFoundError: class org.apache.shardingsphere.infra.yaml.engine.constructor.ShardingSphereYamlConstructorTest
[128] WARN TestMethodFilter - NoClassDefFoundError: class org.apache.shardingsphere.infra.yaml.engine.representer.ShardingSphereYamlRepresenterTest
[128] WARN TestMethodFilter - NoClassDefFoundError: class org.apache.shardingsphere.infra.yaml.engine.fixture.YamlTupleProcessorFixture
[128] WARN TestMethodFilter - NoClassDefFoundError: class org.apache.shardingsphere.infra.database.type.DatabaseTypeEngineTest
[131] WARN TestMethodFilter - NoClassDefFoundError: class org.apache.shardingsphere.infra.metadata.ShardingSphereMetaDataTest
[131] WARN TestMethodFilter - NoClassDefFoundError: class org.apache.shardingsphere.infra.metadata.database.schema.builder.SystemSchemaBuilderTest
[132] WARN TestMethodFilter - NoClassDefFoundError: class org.apache.shardingsphere.infra.metadata.database.schema.loader.common.SchemaTableNamesLoaderTest
[132] WARN TestMethodFilter - NoClassDefFoundError: class org.apache.shardingsphere.infra.metadata.database.schema.loader.spi.DialectSchemaMetaDataLoaderFactoryTest
[132] WARN TestMethodFilter - NoClassDefFoundError: class org.apache.shardingsphere.infra.metadata.database.schema.loader.dialect.MySQLSchemaMetaDataLoaderTest
[132] WARN TestMethodFilter - NoClassDefFoundError: class org.apache.shardingsphere.infra.metadata.database.schema.loader.dialect.PostgreSQLSchemaMetaDataLoaderTest
[132] WARN TestMethodFilter - NoClassDefFoundError: class org.apache.shardingsphere.infra.metadata.database.schema.loader.dialect.SQLServerSchemaMetaDataLoaderTest
[133] WARN TestMethodFilter - NoClassDefFoundError: class org.apache.shardingsphere.infra.metadata.database.schema.loader.dialect.H2SchemaMetaDataLoaderTest
[133] WARN TestMethodFilter - NoClassDefFoundError: class org.apache.shardingsphere.infra.metadata.database.schema.loader.dialect.OracleSchemaMetaDataLoaderTest
[133] WARN TestMethodFilter - NoClassDefFoundError: class org.apache.shardingsphere.infra.metadata.database.schema.util.SystemSchemaUtilTest
[133] WARN TestMethodFilter - NoClassDefFoundError: class org.apache.shardingsphere.infra.metadata.database.schema.util.IndexMetaDataUtilTest
[2183] WARN CoverageRunner - Test [Manual]TestMethod=org.apache.shardingsphere.infra.datasource.pool.creator.DataSourcePoolCreatorTest#assertCreateMap result was not reported by test-runner.
[2183] WARN CoverageRunner - Test [Manual]TestMethod=org.apache.shardingsphere.infra.datasource.pool.creator.DataSourcePoolCreatorTest#assertCreate result was not reported by test-runner.
[2307] WARN CoverageRunner - Test [Manual]TestMethod=org.apache.shardingsphere.infra.datasource.pool.creator.type.DBCPDataSourcePoolCreatorTest#assertCreateDataSource result was not reported by test-runner.
[2693] WARN CoverageRunner - Test [Manual]TestMethod=org.apache.shardingsphere.infra.datasource.pool.destroyer.detector.type.HikariDataSourcePoolActiveDetectorTest#assertNotContainsActiveConnection result was not reported by test-runner.
[2693] WARN CoverageRunner - Test [Manual]TestMethod=org.apache.shardingsphere.infra.datasource.pool.destroyer.detector.type.HikariDataSourcePoolActiveDetectorTest#assertNotContainsActiveConnectionWhenEmptyPool result was not reported by test-runner.
[2693] WARN CoverageRunner - Test [Manual]TestMethod=org.apache.shardingsphere.infra.datasource.pool.destroyer.detector.type.HikariDataSourcePoolActiveDetectorTest#assertContainsActiveConnection result was not reported by test-runner.
[2693] WARN CoverageRunner - Test [Manual]TestMethod=org.apache.shardingsphere.infra.datasource.pool.destroyer.DataSourcePoolDestroyerTest#assertAsyncDestroyWithoutAutoCloseable result was not reported by test-runner.
[2693] WARN CoverageRunner - Test [Manual]TestMethod=org.apache.shardingsphere.infra.datasource.pool.destroyer.DataSourcePoolDestroyerTest#assertAsyncDestroyHikariDataSource result was not reported by test-runner.
[4194] WARN CoverageRunner - Test [Manual]TestMethod=org.apache.shardingsphere.infra.config.algorithm.ShardingSphereAlgorithmFactoryTest#assertCreateAlgorithm result was not reported by test-runner.
[6070] WARN CoverageRunner - Test [Manual]TestMethod=org.apache.shardingsphere.infra.rule.builder.global.GlobalRuleBuilderFactoryTest#assertGetInstanceMap result was not reported by test-runner.
[6070] WARN CoverageRunner - Test [Manual]TestMethod=org.apache.shardingsphere.infra.rule.builder.global.GlobalRuleBuilderFactoryTest#assertGetInstancesWithoutAssignedGlobalRuleBuilderClasses result was not reported by test-runner.
[6070] WARN CoverageRunner - Test [Manual]TestMethod=org.apache.shardingsphere.infra.rule.builder.global.GlobalRuleBuilderFactoryTest#assertGetInstancesWithAssignedGlobalRuleBuilderClasses result was not reported by test-runner.
[9525] WARN CoverageRunner - Test [Manual]TestMethod=org.apache.shardingsphere.infra.yaml.engine.YamlEngineTest#assertUnmarshalWithYamlBytes result was not reported by test-runner.
[9525] WARN CoverageRunner - Test [Manual]TestMethod=org.apache.shardingsphere.infra.yaml.engine.YamlEngineTest#assertUnmarshalWithYamlContentClassType result was not reported by test-runner.
[9632] WARN CoverageRunner - Test [Manual]TestMethod=org.apache.shardingsphere.infra.yaml.engine.YamlEngineTest#assertUnmarshalProperties result was not reported by test-runner.
[9746] WARN CoverageRunner - Test [Manual]TestMethod=org.apache.shardingsphere.infra.yaml.engine.YamlEngineTest#assertUnmarshalInvalidYaml result was not reported by test-runner.
[9746] WARN CoverageRunner - Test [Manual]TestMethod=org.apache.shardingsphere.infra.yaml.engine.YamlEngineTest#assertMarshalCollection result was not reported by test-runner.
[17176] WARN CoverageRunner - Test [Manual]TestMethod=org.apache.shardingsphere.infra.metadata.ShardingSphereMetaDataTest#assertDropDatabase result was not reported by test-runner.
[17176] WARN CoverageRunner - Test [Manual]TestMethod=org.apache.shardingsphere.infra.metadata.ShardingSphereMetaDataTest#assertAddDatabase result was not reported by test-runner.
[17875] WARN CoverageRunner - Test [Manual]TestMethod=org.apache.shardingsphere.infra.metadata.database.schema.builder.GenericSchemaBuilderTest#assertLoadWithExistedTableName result was not reported by test-runner.
[17875] WARN CoverageRunner - Test [Manual]TestMethod=org.apache.shardingsphere.infra.metadata.database.schema.builder.GenericSchemaBuilderTest#assertLoadWithNotExistedTableName result was not reported by test-runner.
[17875] WARN CoverageRunner - Test [Manual]TestMethod=org.apache.shardingsphere.infra.metadata.database.schema.builder.GenericSchemaBuilderTest#assertLoadAllTables result was not reported by test-runner.
[18561] WARN CoverageRunner - Test [Manual]TestMethod=org.apache.shardingsphere.infra.metadata.database.schema.loader.dialect.MySQLSchemaMetaDataLoaderTest#assertLoadWithoutTables result was not reported by test-runner.
[18561] WARN CoverageRunner - Test [Manual]TestMethod=org.apache.shardingsphere.infra.metadata.database.schema.loader.dialect.MySQLSchemaMetaDataLoaderTest#assertLoadWithTables result was not reported by test-runner.
[18561] WARN CoverageRunner - Test [Manual]TestMethod=org.apache.shardingsphere.infra.metadata.database.schema.loader.dialect.PostgreSQLSchemaMetaDataLoaderTest#assertLoadWithoutTables result was not reported by test-runner.
[18561] WARN CoverageRunner - Test [Manual]TestMethod=org.apache.shardingsphere.infra.metadata.database.schema.loader.dialect.PostgreSQLSchemaMetaDataLoaderTest#assertLoadWithTables result was not reported by test-runner.
[18561] WARN CoverageRunner - Test [Manual]TestMethod=org.apache.shardingsphere.infra.metadata.database.schema.loader.dialect.SQLServerSchemaMetaDataLoaderTest#assertLoadWithoutTables result was not reported by test-runner.
[18561] WARN CoverageRunner - Test [Manual]TestMethod=org.apache.shardingsphere.infra.metadata.database.schema.loader.dialect.SQLServerSchemaMetaDataLoaderTest#assertLoadWithTables result was not reported by test-runner.
[18561] WARN CoverageRunner - Test [Manual]TestMethod=org.apache.shardingsphere.infra.metadata.database.schema.loader.dialect.H2SchemaMetaDataLoaderTest#assertLoadWithoutTables result was not reported by test-runner.
[18561] WARN CoverageRunner - Test [Manual]TestMethod=org.apache.shardingsphere.infra.metadata.database.schema.loader.dialect.H2SchemaMetaDataLoaderTest#assertLoadWithTables result was not reported by test-runner.
[18561] WARN CoverageRunner - Test [Manual]TestMethod=org.apache.shardingsphere.infra.metadata.database.schema.loader.dialect.OracleSchemaMetaDataLoaderTest#assertLoadCondition1 result was not reported by test-runner.
[18561] WARN CoverageRunner - Test [Manual]TestMethod=org.apache.shardingsphere.infra.metadata.database.schema.loader.dialect.OracleSchemaMetaDataLoaderTest#assertLoadCondition2 result was not reported by test-runner.
[18561] WARN CoverageRunner - Test [Manual]TestMethod=org.apache.shardingsphere.infra.metadata.database.schema.loader.dialect.OracleSchemaMetaDataLoaderTest#assertLoadCondition3 result was not reported by test-runner.
[18561] WARN CoverageRunner - Test [Manual]TestMethod=org.apache.shardingsphere.infra.metadata.database.schema.loader.dialect.OracleSchemaMetaDataLoaderTest#assertLoadCondition4 result was not reported by test-runner.
[18561] WARN CoverageRunner - Test [Manual]TestMethod=org.apache.shardingsphere.infra.metadata.database.schema.loader.dialect.OracleSchemaMetaDataLoaderTest#assertLoadCondition5 result was not reported by test-runner.
[18561] WARN CoverageRunner - Test [Manual]TestMethod=org.apache.shardingsphere.infra.metadata.database.schema.loader.dialect.OracleSchemaMetaDataLoaderTest#assertLoadCondition6 result was not reported by test-runner.
[18561] WARN CoverageRunner - Test [Manual]TestMethod=org.apache.shardingsphere.infra.metadata.database.schema.loader.adapter.MetaDataLoaderConnectionAdapterTest#assertGetSchema result was not reported by test-runner.
[18561] WARN CoverageRunner - Test [Manual]TestMethod=org.apache.shardingsphere.infra.metadata.database.schema.loader.adapter.MetaDataLoaderConnectionAdapterTest#assertGetCatalog result was not reported by test-runner.
[18561] WARN CoverageRunner - Test [Manual]TestMethod=org.apache.shardingsphere.infra.metadata.database.schema.loader.adapter.MetaDataLoaderConnectionAdapterTest#assertGetCatalogReturnNullWhenThrowsSQLException result was not reported by test-runner.
[18561] WARN CoverageRunner - Test [Manual]TestMethod=org.apache.shardingsphere.infra.metadata.database.schema.loader.adapter.MetaDataLoaderConnectionAdapterTest#assertGetSchemaByOracleSPI result was not reported by test-runner.
[18561] WARN CoverageRunner - Test [Manual]TestMethod=org.apache.shardingsphere.infra.metadata.database.schema.loader.adapter.MetaDataLoaderConnectionAdapterTest#assertGetSchemaByMySQLSPI result was not reported by test-runner.
[18561] WARN CoverageRunner - Test [Manual]TestMethod=org.apache.shardingsphere.infra.metadata.database.schema.loader.adapter.MetaDataLoaderConnectionAdapterTest#assertGetSchemaReturnNullWhenThrowsSQLException result was not reported by test-runner.
[19313] INFO CoverageRunner - Tests found: 350
[19313] INFO CoverageRunner - Tests executed: 308
10:36:41.459 [main] INFO  fr.inria.jtravis.JTravis - GitHub ratelimit: Limit: 5000 Remaining: 3351 Reset hour: 05:18:19
10:36:42.755 [main] WARN  f.i.s.r.p.s.p.PushFaultLocalizationSuggestionsOnGitHubRepository - Flacoco has found 141 suspicious lines, but none were matched to the diff
10:36:43.576 [main] INFO  f.i.s.r.p.s.f.FlacocoLocalization - 
10:36:46.302 [main] INFO  f.i.s.r.p.i.ProjectInspector - ----------------------------------------------------------------------
10:36:46.302 [main] INFO  f.i.s.r.p.i.ProjectInspector - PIPELINE EXECUTION SUMMARY
10:36:46.302 [main] INFO  f.i.s.r.p.i.ProjectInspector - ----------------------------------------------------------------------
10:36:46.302 [main] INFO  f.i.s.r.p.i.ProjectInspector - CloneCheckoutGitPullRequest..........................SUCCESS [  35 s ]
10:36:46.302 [main] INFO  f.i.s.r.p.i.ProjectInspector - BuildProject.........................................SUCCESS [ 573 s ]
10:36:46.302 [main] INFO  f.i.s.r.p.i.ProjectInspector - TestProject..........................................SUCCESS [  94 s ]
10:36:46.302 [main] INFO  f.i.s.r.p.i.ProjectInspector - ComputeClasspath.....................................SUCCESS [   6 s ]
10:36:46.302 [main] INFO  f.i.s.r.p.i.ProjectInspector - ComputeSourceDir.....................................SUCCESS [   0 s ]
10:36:46.302 [main] INFO  f.i.s.r.p.i.ProjectInspector - ComputeTestDir.......................................SUCCESS [   0 s ]
10:36:46.302 [main] INFO  f.i.s.r.p.i.ProjectInspector - GatherTestInformation................................SUCCESS [   0 s ]
10:36:46.302 [main] INFO  f.i.s.r.p.i.ProjectInspector - FlacocoLocalization..................................SUCCESS [  19 s ]
10:36:46.302 [main] INFO  f.i.s.r.p.i.ProjectInspector - PushFaultLocalizationSuggestionsOnGitHubRepository...SKIPPED          
10:36:46.302 [main] INFO  f.i.s.r.p.i.ProjectInspector - ----------------------------------------------------------------------
10:36:46.302 [main] INFO  f.i.s.r.p.i.ProjectInspector - PIPELINE FINDING: TEST FAILURE
10:36:46.302 [main] INFO  f.i.s.r.p.i.ProjectInspector - ----------------------------------------------------------------------
10:36:46.302 [main] INFO  f.i.s.r.p.github.GithubMainProcess - Inspector is finished. The process will exit now.
