Execute pipeline with following supplementary args: --smtpPort 25 --listenerMode NOOP --launcherMode FAULT_LOCALIZATION  --gitrepourl https://github.com/apache/shardingsphere --gitrepopullrequest 18470
java -cp /usr/local/openjdk-11/lib/tools.jar:repairnator-pipeline.jar -Dlogback.configurationFile=/root/logback.xml fr.inria.spirals.repairnator.pipeline.Launcher -d --runId null -o /var/log --ghOauth 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 --faultLocalization --flacocoThreshold 0.0 --flacocoTopK null --flacocoResultsRepository flacocobot/2022-flacocobot-experiment --ghOauth  --smtpPort 25 --listenerMode NOOP --launcherMode FAULT_LOCALIZATION  --gitrepourl https://github.com/apache/shardingsphere --gitrepopullrequest 18470

03:38:55.215 [main] INFO  f.i.s.r.p.g.GithubInitSerializerEngines - Initialize file serializer engines.
03:38:55.216 [main] INFO  f.i.s.r.p.g.GithubInitSerializerEngines - MongoDB won't be used for serialization.
03:38:55.216 [main] INFO  f.i.s.r.p.github.GithubInitNotifiers - The email notifier engine won't be used.
03:38:55.231 [main] INFO  f.i.s.r.p.i.ProjectInspector - ----------------------------------------------------------------------
03:38:55.231 [main] INFO  f.i.s.r.p.i.ProjectInspector - PIPELINE STEPS
03:38:55.231 [main] INFO  f.i.s.r.p.i.ProjectInspector - ----------------------------------------------------------------------
03:38:55.231 [main] INFO  f.i.s.r.p.i.ProjectInspector - CloneCheckoutGitPullRequest
03:38:55.231 [main] INFO  f.i.s.r.p.i.ProjectInspector - BuildProject
03:38:55.231 [main] INFO  f.i.s.r.p.i.ProjectInspector - TestProject
03:38:55.231 [main] INFO  f.i.s.r.p.i.ProjectInspector - ComputeClasspath
03:38:55.231 [main] INFO  f.i.s.r.p.i.ProjectInspector - ComputeSourceDir
03:38:55.231 [main] INFO  f.i.s.r.p.i.ProjectInspector - ComputeTestDir
03:38:55.231 [main] INFO  f.i.s.r.p.i.ProjectInspector - GatherTestInformation
03:38:55.231 [main] INFO  f.i.s.r.p.i.ProjectInspector - FlacocoLocalization
03:38:55.231 [main] INFO  f.i.s.r.p.i.ProjectInspector - PushFaultLocalizationSuggestionsOnGitHubRepository
03:38:55.231 [main] INFO  f.i.s.r.p.s.CloneCheckoutGitPullRequest - Cloning repository https://github.com/apache/shardingsphere.git in the following directory: ./workspace/apache-shardingsphere-master-18470_repo
03:44:25.753 [Thread-4] ERROR f.i.s.r.p.m.o.MavenFilterOutputHandler - [ERROR] COMPILATION ERROR : 
03:44:25.754 [Thread-4] ERROR f.i.s.r.p.m.o.MavenFilterOutputHandler - [ERROR] /root/workspace/apache-shardingsphere-master-18470_repo/shardingsphere-kernel/shardingsphere-transaction/shardingsphere-transaction-type/shardingsphere-transaction-xa/shardingsphere-transaction-xa-core/src/test/java/org/apache/shardingsphere/transaction/xa/jta/connection/dialect/MySQLXAConnectionWrapperTest.java:[20,37] package com.mysql.jdbc.jdbc2.optional does not exist
03:44:25.766 [Thread-4] ERROR f.i.s.r.p.m.o.MavenFilterOutputHandler - [ERROR] Failed to execute goal org.apache.maven.plugins:maven-compiler-plugin:3.8.0:testCompile (default-testCompile) on project shardingsphere-transaction-xa-core: Compilation failure
03:44:25.766 [Thread-4] ERROR f.i.s.r.p.m.o.MavenFilterOutputHandler - [ERROR] /root/workspace/apache-shardingsphere-master-18470_repo/shardingsphere-kernel/shardingsphere-transaction/shardingsphere-transaction-type/shardingsphere-transaction-xa/shardingsphere-transaction-xa-core/src/test/java/org/apache/shardingsphere/transaction/xa/jta/connection/dialect/MySQLXAConnectionWrapperTest.java:[20,37] package com.mysql.jdbc.jdbc2.optional does not exist
03:44:25.767 [Thread-4] ERROR f.i.s.r.p.m.o.MavenFilterOutputHandler - [ERROR] -> [Help 1]
03:44:25.770 [Thread-4] ERROR f.i.s.r.p.m.o.MavenFilterOutputHandler - [ERROR] 
03:44:25.770 [Thread-4] ERROR f.i.s.r.p.m.o.MavenFilterOutputHandler - [ERROR] Re-run Maven using the -X switch to enable full debug logging.
03:44:25.770 [Thread-4] ERROR f.i.s.r.p.m.o.MavenFilterOutputHandler - [ERROR] 
03:44:25.770 [Thread-4] ERROR f.i.s.r.p.m.o.MavenFilterOutputHandler - [ERROR] For more information about the errors and possible solutions, please read the following articles:
03:44:25.770 [Thread-4] ERROR f.i.s.r.p.m.o.MavenFilterOutputHandler - [ERROR] [Help 1] http://cwiki.apache.org/confluence/display/MAVEN/MojoFailureException
03:44:25.770 [Thread-4] ERROR f.i.s.r.p.m.o.MavenFilterOutputHandler - [ERROR] 
03:44:25.770 [Thread-4] ERROR f.i.s.r.p.m.o.MavenFilterOutputHandler - [ERROR] After correcting the problems, you can resume the build with the command
03:44:25.770 [Thread-4] ERROR f.i.s.r.p.m.o.MavenFilterOutputHandler - [ERROR]   mvn <goals> -rf :shardingsphere-transaction-xa-core
03:44:25.962 [main] ERROR f.i.s.r.process.step.BuildProject - Repository apache/shardingsphere cannot be built.
03:44:25.965 [main] INFO  f.i.s.r.process.step.BuildProject - 
03:44:28.240 [main] INFO  f.i.s.r.p.i.ProjectInspector - ----------------------------------------------------------------------
03:44:28.240 [main] INFO  f.i.s.r.p.i.ProjectInspector - PIPELINE EXECUTION SUMMARY
03:44:28.241 [main] INFO  f.i.s.r.p.i.ProjectInspector - ----------------------------------------------------------------------
03:44:28.241 [main] INFO  f.i.s.r.p.i.ProjectInspector - CloneCheckoutGitPullRequest..........................SUCCESS [  34 s ]
03:44:28.241 [main] INFO  f.i.s.r.p.i.ProjectInspector - BuildProject.........................................FAILURE [ 296 s ]
03:44:28.241 [main] INFO  f.i.s.r.p.i.ProjectInspector - TestProject..........................................NOT RUN          
03:44:28.241 [main] INFO  f.i.s.r.p.i.ProjectInspector - ComputeClasspath.....................................NOT RUN          
03:44:28.241 [main] INFO  f.i.s.r.p.i.ProjectInspector - ComputeSourceDir.....................................NOT RUN          
03:44:28.241 [main] INFO  f.i.s.r.p.i.ProjectInspector - ComputeTestDir.......................................NOT RUN          
03:44:28.241 [main] INFO  f.i.s.r.p.i.ProjectInspector - GatherTestInformation................................NOT RUN          
03:44:28.241 [main] INFO  f.i.s.r.p.i.ProjectInspector - FlacocoLocalization..................................NOT RUN          
03:44:28.241 [main] INFO  f.i.s.r.p.i.ProjectInspector - PushFaultLocalizationSuggestionsOnGitHubRepository...NOT RUN          
03:44:28.241 [main] INFO  f.i.s.r.p.i.ProjectInspector - ----------------------------------------------------------------------
03:44:28.241 [main] INFO  f.i.s.r.p.i.ProjectInspector - PIPELINE FINDING: NOTBUILDABLE
03:44:28.242 [main] INFO  f.i.s.r.p.i.ProjectInspector - ----------------------------------------------------------------------
03:44:28.242 [main] INFO  f.i.s.r.p.github.GithubMainProcess - Inspector is finished. The process will exit now.
